
===========================================================================
report_checks -unconstrained
===========================================================================
======================= nom_tt_025C_1v80 Corner ===================================

Startpoint: rst_n (input port clocked by clk)
Endpoint: _290_ (recovery check against rising-edge clock clk)
Path Group: asynchronous
Path Type: max

Fanout         Cap        Slew       Delay        Time   Description
---------------------------------------------------------------------------------------------
                                  0.000000    0.000000   clock clk (rise edge)
                                  0.000000    0.000000   clock network delay (propagated)
                                 20.000000   20.000000 ^ input external delay
     1    0.003272    0.021774    0.011951   20.011951 ^ rst_n (in)
                                                         rst_n (net)
                      0.021774    0.000000   20.011951 ^ input18/A (sky130_fd_sc_hd__clkbuf_1)
     1    0.006463    0.084791    0.101744   20.113697 ^ input18/X (sky130_fd_sc_hd__clkbuf_1)
                                                         net18 (net)
                      0.084791    0.000094   20.113791 ^ fanout45/A (sky130_fd_sc_hd__buf_2)
     7    0.029406    0.147591    0.196991   20.310781 ^ fanout45/X (sky130_fd_sc_hd__buf_2)
                                                         net45 (net)
                      0.147591    0.000215   20.310997 ^ fanout44/A (sky130_fd_sc_hd__clkbuf_4)
    10    0.043333    0.137878    0.241338   20.552334 ^ fanout44/X (sky130_fd_sc_hd__clkbuf_4)
                                                         net44 (net)
                      0.137878    0.000121   20.552454 ^ _290_/RESET_B (sky130_fd_sc_hd__dfrtp_4)
                                             20.552454   data arrival time

                                100.000000  100.000000   clock clk (rise edge)
                                  0.000000  100.000000   clock source latency
     1    0.012376    0.061887    0.041766  100.041763 ^ clk (in)
                                                         clk (net)
                      0.061889    0.000000  100.041763 ^ clkbuf_0_clk/A (sky130_fd_sc_hd__clkbuf_16)
     2    0.017671    0.039873    0.129425  100.171188 ^ clkbuf_0_clk/X (sky130_fd_sc_hd__clkbuf_16)
                                                         clknet_0_clk (net)
                      0.039873    0.000043  100.171234 ^ clkbuf_1_1__f_clk/A (sky130_fd_sc_hd__clkbuf_16)
     8    0.022251    0.043791    0.125787  100.297020 ^ clkbuf_1_1__f_clk/X (sky130_fd_sc_hd__clkbuf_16)
                                                         clknet_1_1__leaf_clk (net)
                      0.043791    0.000085  100.297104 ^ _290_/CLK (sky130_fd_sc_hd__dfrtp_4)
                                 -0.250000  100.047104   clock uncertainty
                                  0.000000  100.047104   clock reconvergence pessimism
                                  0.186748  100.233849   library recovery time
                                            100.233849   data required time
---------------------------------------------------------------------------------------------
                                            100.233849   data required time
                                            -20.552454   data arrival time
---------------------------------------------------------------------------------------------
                                             79.681396   slack (MET)


Startpoint: bm_10_01[1] (input port clocked by clk)
Endpoint: servivor_select_01 (output port clocked by clk)
Path Group: clk
Path Type: max

Fanout         Cap        Slew       Delay        Time   Description
---------------------------------------------------------------------------------------------
                                  0.000000    0.000000   clock clk (rise edge)
                                  0.000000    0.000000   clock network delay (propagated)
                                 20.000000   20.000000 v input external delay
     1    0.002666    0.008323    0.004187   20.004187 v bm_10_01[1] (in)
                                                         bm_10_01[1] (net)
                      0.008323    0.000000   20.004187 v input10/A (sky130_fd_sc_hd__clkbuf_1)
     2    0.006130    0.044936    0.087752   20.091940 v input10/X (sky130_fd_sc_hd__clkbuf_1)
                                                         net10 (net)
                      0.044936    0.000014   20.091953 v _203_/B (sky130_fd_sc_hd__xor2_1)
     2    0.007331    0.073931    0.156335   20.248289 v _203_/X (sky130_fd_sc_hd__xor2_1)
                                                         _030_ (net)
                      0.073931    0.000012   20.248301 v _204_/A3 (sky130_fd_sc_hd__a31o_1)
     3    0.011218    0.072468    0.262228   20.510529 v _204_/X (sky130_fd_sc_hd__a31o_1)
                                                         _031_ (net)
                      0.072468    0.000066   20.510595 v _205_/C (sky130_fd_sc_hd__and3_1)
     3    0.007551    0.058892    0.209887   20.720482 v _205_/X (sky130_fd_sc_hd__and3_1)
                                                         _032_ (net)
                      0.058892    0.000004   20.720486 v _214_/A (sky130_fd_sc_hd__or4_2)
     4    0.016872    0.149691    0.742041   21.462526 v _214_/X (sky130_fd_sc_hd__or4_2)
                                                         _041_ (net)
                      0.149691    0.000089   21.462616 v _229_/A1 (sky130_fd_sc_hd__a31oi_4)
     4    0.016575    0.194391    0.223094   21.685709 ^ _229_/Y (sky130_fd_sc_hd__a31oi_4)
                                                         net36 (net)
                      0.194391    0.000133   21.685843 ^ output36/A (sky130_fd_sc_hd__buf_2)
     1    0.034100    0.169794    0.245917   21.931761 ^ output36/X (sky130_fd_sc_hd__buf_2)
                                                         servivor_select_01 (net)
                      0.169794    0.000103   21.931864 ^ servivor_select_01 (out)
                                             21.931864   data arrival time

                                100.000000  100.000000   clock clk (rise edge)
                                  0.000000  100.000000   clock network delay (propagated)
                                 -0.250000   99.750000   clock uncertainty
                                  0.000000   99.750000   clock reconvergence pessimism
                                -20.000000   79.750000   output external delay
                                             79.750000   data required time
---------------------------------------------------------------------------------------------
                                             79.750000   data required time
                                            -21.931864   data arrival time
---------------------------------------------------------------------------------------------
                                             57.818134   slack (MET)




===========================================================================
report_checks --slack_max -0.01
============================================================================
======================= nom_tt_025C_1v80 Corner ===================================

No paths found.


===========================================================================
 report_check_types -max_slew -max_cap -max_fanout -violators
============================================================================
======================= nom_tt_025C_1v80 Corner ===================================



===========================================================================
report_parasitic_annotation -report_unannotated
============================================================================
Found 1 unannotated drivers.
 clkload0/X
Found 0 partially unannotated drivers.

===========================================================================
max slew violation count 0
Writing metric design__max_slew_violation__count__corner:nom_tt_025C_1v80: 0
max fanout violation count 0
Writing metric design__max_fanout_violation__count__corner:nom_tt_025C_1v80: 0
max cap violation count 0
Writing metric design__max_cap_violation__count__corner:nom_tt_025C_1v80: 0
============================================================================

===========================================================================
check_setup -verbose -unconstrained_endpoints -multiple_clock -no_clock -no_input_delay -loops -generated_clocks
===========================================================================
