%Warning-WIDTHEXPAND: /home/edabk/Desktop/Tu67/MARCO_ultra/Path_Metric_Unit/hdl/Add_Compare_Select.v:40:37: Operator ADD expects 4 bits on the RHS, but RHS's VARREF 'bm_00_00' generates 2 bits.
                                                                                                          : ... note: In instance 'Path_Metric_Unit.ACS_Unit'
   40 |     assign sum_00_from_00 = prev_00 + bm_00_00; 
      |                                     ^
                      ... For warning description see https://verilator.org/warn/WIDTHEXPAND?v=5.018
                      ... Use "/* verilator lint_off WIDTHEXPAND */" and lint_on around source to disable this message.
%Warning-WIDTHEXPAND: /home/edabk/Desktop/Tu67/MARCO_ultra/Path_Metric_Unit/hdl/Add_Compare_Select.v:41:37: Operator ADD expects 4 bits on the RHS, but RHS's VARREF 'bm_01_00' generates 2 bits.
                                                                                                          : ... note: In instance 'Path_Metric_Unit.ACS_Unit'
   41 |     assign sum_00_from_01 = prev_01 + bm_01_00;
      |                                     ^
%Warning-WIDTHEXPAND: /home/edabk/Desktop/Tu67/MARCO_ultra/Path_Metric_Unit/hdl/Add_Compare_Select.v:43:37: Operator ADD expects 4 bits on the RHS, but RHS's VARREF 'bm_10_01' generates 2 bits.
                                                                                                          : ... note: In instance 'Path_Metric_Unit.ACS_Unit'
   43 |     assign sum_01_from_10 = prev_10 + bm_10_01;
      |                                     ^
%Warning-WIDTHEXPAND: /home/edabk/Desktop/Tu67/MARCO_ultra/Path_Metric_Unit/hdl/Add_Compare_Select.v:44:37: Operator ADD expects 4 bits on the RHS, but RHS's VARREF 'bm_11_01' generates 2 bits.
                                                                                                          : ... note: In instance 'Path_Metric_Unit.ACS_Unit'
   44 |     assign sum_01_from_11 = prev_11 + bm_11_01;
      |                                     ^
%Warning-WIDTHEXPAND: /home/edabk/Desktop/Tu67/MARCO_ultra/Path_Metric_Unit/hdl/Add_Compare_Select.v:46:37: Operator ADD expects 4 bits on the RHS, but RHS's VARREF 'bm_00_10' generates 2 bits.
                                                                                                          : ... note: In instance 'Path_Metric_Unit.ACS_Unit'
   46 |     assign sum_10_from_00 = prev_00 + bm_00_10;
      |                                     ^
%Warning-WIDTHEXPAND: /home/edabk/Desktop/Tu67/MARCO_ultra/Path_Metric_Unit/hdl/Add_Compare_Select.v:47:37: Operator ADD expects 4 bits on the RHS, but RHS's VARREF 'bm_01_10' generates 2 bits.
                                                                                                          : ... note: In instance 'Path_Metric_Unit.ACS_Unit'
   47 |     assign sum_10_from_01 = prev_01 + bm_01_10;
      |                                     ^
%Warning-WIDTHEXPAND: /home/edabk/Desktop/Tu67/MARCO_ultra/Path_Metric_Unit/hdl/Add_Compare_Select.v:49:37: Operator ADD expects 4 bits on the RHS, but RHS's VARREF 'bm_10_11' generates 2 bits.
                                                                                                          : ... note: In instance 'Path_Metric_Unit.ACS_Unit'
   49 |     assign sum_11_from_10 = prev_10 + bm_10_11;
      |                                     ^
%Warning-WIDTHEXPAND: /home/edabk/Desktop/Tu67/MARCO_ultra/Path_Metric_Unit/hdl/Add_Compare_Select.v:50:37: Operator ADD expects 4 bits on the RHS, but RHS's VARREF 'bm_11_11' generates 2 bits.
                                                                                                          : ... note: In instance 'Path_Metric_Unit.ACS_Unit'
   50 |     assign sum_11_from_11 = prev_11 + bm_11_11;
      |                                     ^
