
===========================================================================
report_checks -unconstrained
===========================================================================
======================= nom_tt_025C_1v80 Corner ===================================

Startpoint: rst_n (input port clocked by clk)
Endpoint: _288_ (recovery check against rising-edge clock clk)
Path Group: asynchronous
Path Type: max

Fanout         Cap        Slew       Delay        Time   Description
---------------------------------------------------------------------------------------------
                      0.150000    0.000000    0.000000   clock clk (rise edge)
                                  0.000000    0.000000   clock network delay (ideal)
                                 20.000000   20.000000 ^ input external delay
    16    0.057792    0.267096    0.182343   20.182343 ^ rst_n (in)
                                                         rst_n (net)
                      0.267096    0.000000   20.182343 ^ _288_/RESET_B (sky130_fd_sc_hd__dfrtp_2)
                                             20.182343   data arrival time

                      0.150000  100.000000  100.000000   clock clk (rise edge)
                                  0.000000  100.000000   clock network delay (ideal)
                                 -0.250000   99.750000   clock uncertainty
                                  0.000000   99.750000   clock reconvergence pessimism
                                             99.750000 ^ _288_/CLK (sky130_fd_sc_hd__dfrtp_2)
                                  0.186325   99.936325   library recovery time
                                             99.936325   data required time
---------------------------------------------------------------------------------------------
                                             99.936325   data required time
                                            -20.182343   data arrival time
---------------------------------------------------------------------------------------------
                                             79.753983   slack (MET)


Startpoint: bm_10_01[1] (input port clocked by clk)
Endpoint: servivor_select_01 (output port clocked by clk)
Path Group: clk
Path Type: max

Fanout         Cap        Slew       Delay        Time   Description
---------------------------------------------------------------------------------------------
                      0.150000    0.000000    0.000000   clock clk (rise edge)
                                  0.000000    0.000000   clock network delay (ideal)
                                 20.000000   20.000000 v input external delay
     2    0.009240    0.023239    0.014932   20.014933 v bm_10_01[1] (in)
                                                         bm_10_01[1] (net)
                      0.023239    0.000000   20.014933 v _203_/B (sky130_fd_sc_hd__xor2_2)
     2    0.010317    0.088398    0.149132   20.164064 v _203_/X (sky130_fd_sc_hd__xor2_2)
                                                         _030_ (net)
                      0.088398    0.000000   20.164064 v _204_/A3 (sky130_fd_sc_hd__a31o_2)
     3    0.014141    0.065393    0.293138   20.457203 v _204_/X (sky130_fd_sc_hd__a31o_2)
                                                         _031_ (net)
                      0.065393    0.000000   20.457203 v _205_/C (sky130_fd_sc_hd__and3_2)
     3    0.007776    0.051248    0.229285   20.686487 v _205_/X (sky130_fd_sc_hd__and3_2)
                                                         _032_ (net)
                      0.051248    0.000000   20.686487 v _214_/A (sky130_fd_sc_hd__or4_2)
     4    0.010931    0.135943    0.711040   21.397528 v _214_/X (sky130_fd_sc_hd__or4_2)
                                                         _041_ (net)
                      0.135943    0.000000   21.397528 v _229_/A1 (sky130_fd_sc_hd__a31oi_2)
     4    0.040903    0.564211    0.462070   21.859598 ^ _229_/Y (sky130_fd_sc_hd__a31oi_2)
                                                         servivor_select_01 (net)
                      0.564211    0.000000   21.859598 ^ servivor_select_01 (out)
                                             21.859598   data arrival time

                      0.150000  100.000000  100.000000   clock clk (rise edge)
                                  0.000000  100.000000   clock network delay (ideal)
                                 -0.250000   99.750000   clock uncertainty
                                  0.000000   99.750000   clock reconvergence pessimism
                                -20.000000   79.750000   output external delay
                                             79.750000   data required time
---------------------------------------------------------------------------------------------
                                             79.750000   data required time
                                            -21.859598   data arrival time
---------------------------------------------------------------------------------------------
                                             57.890400   slack (MET)




===========================================================================
report_checks --slack_max -0.01
============================================================================
======================= nom_tt_025C_1v80 Corner ===================================

No paths found.


===========================================================================
 report_check_types -max_slew -max_cap -max_fanout -violators
============================================================================
======================= nom_tt_025C_1v80 Corner ===================================

max fanout

Pin                                   Limit Fanout  Slack
---------------------------------------------------------
rst_n                                    10     16     -6 (VIOLATED)
_142_/Y                                  10     16     -6 (VIOLATED)



===========================================================================
report_parasitic_annotation -report_unannotated
============================================================================
Found 181 unannotated drivers.
 bm_00_00[0]
 bm_00_00[1]
 bm_00_10[0]
 bm_00_10[1]
 bm_01_00[0]
 bm_01_00[1]
 bm_01_10[0]
 bm_01_10[1]
 bm_10_01[0]
 bm_10_01[1]
 bm_10_11[0]
 bm_10_11[1]
 bm_11_01[0]
 bm_11_01[1]
 bm_11_11[0]
 bm_11_11[1]
 clk
 clr_me
 rst_n
 _142_/Y
 _143_/X
 _144_/X
 _145_/X
 _146_/Y
 _147_/X
 _148_/X
 _149_/Y
 _150_/Y
 _151_/X
 _152_/Y
 _153_/X
 _154_/X
 _155_/X
 _156_/Y
 _157_/Y
 _158_/Y
 _159_/X
 _160_/Y
 _161_/Y
 _162_/Y
 _163_/Y
 _164_/X
 _165_/X
 _166_/X
 _167_/X
 _168_/Y
 _169_/X
 _170_/Y
 _171_/Y
 _172_/Y
 _173_/X
 _174_/Y
 _175_/X
 _176_/X
 _177_/X
 _178_/Y
 _179_/Y
 _180_/Y
 _181_/Y
 _182_/Y
 _183_/X
 _184_/Y
 _185_/Y
 _186_/Y
 _187_/Y
 _188_/X
 _189_/Y
 _190_/Y
 _191_/Y
 _192_/Y
 _193_/Y
 _194_/X
 _195_/X
 _196_/X
 _197_/Y
 _198_/X
 _199_/Y
 _200_/Y
 _201_/X
 _202_/Y
 _203_/X
 _204_/X
 _205_/X
 _206_/Y
 _207_/Y
 _208_/Y
 _209_/Y
 _210_/Y
 _211_/Y
 _212_/X
 _213_/Y
 _214_/X
 _215_/X
 _216_/Y
 _217_/Y
 _218_/X
 _219_/X
 _220_/Y
 _221_/X
 _222_/X
 _223_/X
 _224_/Y
 _225_/Y
 _226_/Y
 _227_/X
 _228_/X
 _229_/Y
 _230_/X
 _231_/X
 _232_/X
 _233_/Y
 _234_/X
 _235_/X
 _236_/Y
 _237_/Y
 _238_/X
 _239_/Y
 _240_/X
 _241_/X
 _242_/X
 _243_/Y
 _244_/Y
 _245_/Y
 _246_/X
 _247_/Y
 _248_/Y
 _249_/Y
 _250_/Y
 _251_/X
 _252_/X
 _253_/X
 _254_/X
 _255_/Y
 _256_/X
 _257_/Y
 _258_/Y
 _259_/Y
 _260_/X
 _261_/X
 _262_/X
 _263_/X
 _264_/X
 _265_/X
 _266_/X
 _267_/X
 _268_/X
 _269_/X
 _270_/X
 _271_/X
 _272_/X
 _273_/X
 _274_/X
 _275_/X
 _276_/X
 _277_/X
 _278_/X
 _279_/X
 _280_/X
 _281_/X
 _282_/X
 _283_/X
 _284_/X
 _285_/X
 _286_/X
 _287_/X
 _288_/Q
 _289_/Q
 _290_/Q
 _291_/Q
 _292_/Q
 _293_/Q
 _294_/Q
 _295_/Q
 _296_/Q
 _297_/Q
 _298_/Q
 _299_/Q
 _300_/Q
 _301_/Q
 _302_/Q
 _303_/Q
Found 0 partially unannotated drivers.

===========================================================================
max slew violation count 0
max fanout violation count 2
max cap violation count 0
============================================================================

===========================================================================
check_setup -verbose -unconstrained_endpoints -multiple_clock -no_clock -no_input_delay -loops -generated_clocks
===========================================================================
