
===========================================================================
report_checks -path_delay max (Setup)
============================================================================
======================= nom_ff_n40C_1v95 Corner ===================================

Startpoint: received[0] (input port clocked by __VIRTUAL_CLK__)
Endpoint: bm_01_10[0] (output port clocked by __VIRTUAL_CLK__)
Path Group: __VIRTUAL_CLK__
Path Type: max

Fanout         Cap        Slew       Delay        Time   Description
---------------------------------------------------------------------------------------------
                      0.000000    0.000000    0.000000   clock __VIRTUAL_CLK__ (rise edge)
                                  0.000000    0.000000   clock network delay (ideal)
                                  2.000000    2.000000 ^ input external delay
     1    0.002958    0.014480    0.007656    2.007656 ^ received[0] (in)
                                                         received[0] (net)
                      0.014485    0.000000    2.007656 ^ input1/A (sky130_fd_sc_hd__clkbuf_2)
     6    0.026293    0.112976    0.118775    2.126431 ^ input1/X (sky130_fd_sc_hd__clkbuf_2)
                                                         net1 (net)
                      0.112998    0.001288    2.127719 ^ _02_/A (sky130_fd_sc_hd__xor2_1)
     4    0.013601    0.220313    0.199474    2.327193 ^ _02_/X (sky130_fd_sc_hd__xor2_1)
                                                         net3 (net)
                      0.220313    0.000250    2.327443 ^ _09_/A (sky130_fd_sc_hd__clkbuf_1)
     1    0.002517    0.032519    0.058179    2.385623 ^ _09_/X (sky130_fd_sc_hd__clkbuf_1)
                                                         net9 (net)
                      0.032519    0.000075    2.385697 ^ output9/A (sky130_fd_sc_hd__buf_2)
     1    0.034741    0.129944    0.138802    2.524500 ^ output9/X (sky130_fd_sc_hd__buf_2)
                                                         bm_01_10[0] (net)
                      0.129950    0.000726    2.525226 ^ bm_01_10[0] (out)
                                              2.525226   data arrival time

                      0.000000   10.000000   10.000000   clock __VIRTUAL_CLK__ (rise edge)
                                  0.000000   10.000000   clock network delay (ideal)
                                 -0.250000    9.750000   clock uncertainty
                                  0.000000    9.750000   clock reconvergence pessimism
                                 -2.000000    7.750000   output external delay
                                              7.750000   data required time
---------------------------------------------------------------------------------------------
                                              7.750000   data required time
                                             -2.525226   data arrival time
---------------------------------------------------------------------------------------------
                                              5.224774   slack (MET)


Startpoint: received[0] (input port clocked by __VIRTUAL_CLK__)
Endpoint: bm_00_10[0] (output port clocked by __VIRTUAL_CLK__)
Path Group: __VIRTUAL_CLK__
Path Type: max

Fanout         Cap        Slew       Delay        Time   Description
---------------------------------------------------------------------------------------------
                      0.000000    0.000000    0.000000   clock __VIRTUAL_CLK__ (rise edge)
                                  0.000000    0.000000   clock network delay (ideal)
                                  2.000000    2.000000 ^ input external delay
     1    0.002958    0.014480    0.007656    2.007656 ^ received[0] (in)
                                                         received[0] (net)
                      0.014485    0.000000    2.007656 ^ input1/A (sky130_fd_sc_hd__clkbuf_2)
     6    0.026293    0.112976    0.118775    2.126431 ^ input1/X (sky130_fd_sc_hd__clkbuf_2)
                                                         net1 (net)
                      0.112998    0.001288    2.127719 ^ _02_/A (sky130_fd_sc_hd__xor2_1)
     4    0.013601    0.220313    0.199474    2.327193 ^ _02_/X (sky130_fd_sc_hd__xor2_1)
                                                         net3 (net)
                      0.220314    0.000398    2.327591 ^ _06_/A (sky130_fd_sc_hd__clkbuf_1)
     1    0.002198    0.030308    0.056235    2.383827 ^ _06_/X (sky130_fd_sc_hd__clkbuf_1)
                                                         net5 (net)
                      0.030308    0.000063    2.383890 ^ output5/A (sky130_fd_sc_hd__buf_2)
     1    0.034076    0.127570    0.136553    2.520442 ^ output5/X (sky130_fd_sc_hd__buf_2)
                                                         bm_00_10[0] (net)
                      0.127575    0.000637    2.521080 ^ bm_00_10[0] (out)
                                              2.521080   data arrival time

                      0.000000   10.000000   10.000000   clock __VIRTUAL_CLK__ (rise edge)
                                  0.000000   10.000000   clock network delay (ideal)
                                 -0.250000    9.750000   clock uncertainty
                                  0.000000    9.750000   clock reconvergence pessimism
                                 -2.000000    7.750000   output external delay
                                              7.750000   data required time
---------------------------------------------------------------------------------------------
                                              7.750000   data required time
                                             -2.521080   data arrival time
---------------------------------------------------------------------------------------------
                                              5.228920   slack (MET)


Startpoint: received[0] (input port clocked by __VIRTUAL_CLK__)
Endpoint: bm_01_00[0] (output port clocked by __VIRTUAL_CLK__)
Path Group: __VIRTUAL_CLK__
Path Type: max

Fanout         Cap        Slew       Delay        Time   Description
---------------------------------------------------------------------------------------------
                      0.000000    0.000000    0.000000   clock __VIRTUAL_CLK__ (rise edge)
                                  0.000000    0.000000   clock network delay (ideal)
                                  2.000000    2.000000 ^ input external delay
     1    0.002958    0.014480    0.007656    2.007656 ^ received[0] (in)
                                                         received[0] (net)
                      0.014485    0.000000    2.007656 ^ input1/A (sky130_fd_sc_hd__clkbuf_2)
     6    0.026293    0.112976    0.118775    2.126431 ^ input1/X (sky130_fd_sc_hd__clkbuf_2)
                                                         net1 (net)
                      0.112998    0.001288    2.127719 ^ _02_/A (sky130_fd_sc_hd__xor2_1)
     4    0.013601    0.220313    0.199474    2.327193 ^ _02_/X (sky130_fd_sc_hd__xor2_1)
                                                         net3 (net)
                      0.220313    0.000302    2.327495 ^ _07_/A (sky130_fd_sc_hd__clkbuf_1)
     1    0.002024    0.029108    0.055185    2.382680 ^ _07_/X (sky130_fd_sc_hd__clkbuf_1)
                                                         net7 (net)
                      0.029108    0.000039    2.382719 ^ output7/A (sky130_fd_sc_hd__buf_2)
     1    0.034019    0.127369    0.136057    2.518776 ^ output7/X (sky130_fd_sc_hd__buf_2)
                                                         bm_01_00[0] (net)
                      0.127374    0.000626    2.519402 ^ bm_01_00[0] (out)
                                              2.519402   data arrival time

                      0.000000   10.000000   10.000000   clock __VIRTUAL_CLK__ (rise edge)
                                  0.000000   10.000000   clock network delay (ideal)
                                 -0.250000    9.750000   clock uncertainty
                                  0.000000    9.750000   clock reconvergence pessimism
                                 -2.000000    7.750000   output external delay
                                              7.750000   data required time
---------------------------------------------------------------------------------------------
                                              7.750000   data required time
                                             -2.519402   data arrival time
---------------------------------------------------------------------------------------------
                                              5.230597   slack (MET)


Startpoint: received[0] (input port clocked by __VIRTUAL_CLK__)
Endpoint: bm_11_11[0] (output port clocked by __VIRTUAL_CLK__)
Path Group: __VIRTUAL_CLK__
Path Type: max

Fanout         Cap        Slew       Delay        Time   Description
---------------------------------------------------------------------------------------------
                      0.000000    0.000000    0.000000   clock __VIRTUAL_CLK__ (rise edge)
                                  0.000000    0.000000   clock network delay (ideal)
                                  2.000000    2.000000 v input external delay
     1    0.002729    0.004616    0.002217    2.002217 v received[0] (in)
                                                         received[0] (net)
                      0.004617    0.000000    2.002217 v input1/A (sky130_fd_sc_hd__clkbuf_2)
     6    0.025098    0.068967    0.099042    2.101259 v input1/X (sky130_fd_sc_hd__clkbuf_2)
                                                         net1 (net)
                      0.069054    0.001748    2.103006 v _03_/A (sky130_fd_sc_hd__xnor2_1)
     4    0.012578    0.218500    0.214072    2.317079 ^ _03_/Y (sky130_fd_sc_hd__xnor2_1)
                                                         net11 (net)
                      0.218501    0.000382    2.317460 ^ _14_/A (sky130_fd_sc_hd__clkbuf_1)
     1    0.002789    0.034430    0.059858    2.377318 ^ _14_/X (sky130_fd_sc_hd__clkbuf_1)
                                                         net17 (net)
                      0.034430    0.000087    2.377404 ^ output17/A (sky130_fd_sc_hd__buf_2)
     1    0.034419    0.128739    0.138601    2.516005 ^ output17/X (sky130_fd_sc_hd__buf_2)
                                                         bm_11_11[0] (net)
                      0.128744    0.000712    2.516717 ^ bm_11_11[0] (out)
                                              2.516717   data arrival time

                      0.000000   10.000000   10.000000   clock __VIRTUAL_CLK__ (rise edge)
                                  0.000000   10.000000   clock network delay (ideal)
                                 -0.250000    9.750000   clock uncertainty
                                  0.000000    9.750000   clock reconvergence pessimism
                                 -2.000000    7.750000   output external delay
                                              7.750000   data required time
---------------------------------------------------------------------------------------------
                                              7.750000   data required time
                                             -2.516717   data arrival time
---------------------------------------------------------------------------------------------
                                              5.233284   slack (MET)


Startpoint: received[0] (input port clocked by __VIRTUAL_CLK__)
Endpoint: bm_10_11[0] (output port clocked by __VIRTUAL_CLK__)
Path Group: __VIRTUAL_CLK__
Path Type: max

Fanout         Cap        Slew       Delay        Time   Description
---------------------------------------------------------------------------------------------
                      0.000000    0.000000    0.000000   clock __VIRTUAL_CLK__ (rise edge)
                                  0.000000    0.000000   clock network delay (ideal)
                                  2.000000    2.000000 v input external delay
     1    0.002729    0.004616    0.002217    2.002217 v received[0] (in)
                                                         received[0] (net)
                      0.004617    0.000000    2.002217 v input1/A (sky130_fd_sc_hd__clkbuf_2)
     6    0.025098    0.068967    0.099042    2.101259 v input1/X (sky130_fd_sc_hd__clkbuf_2)
                                                         net1 (net)
                      0.069054    0.001748    2.103006 v _03_/A (sky130_fd_sc_hd__xnor2_1)
     4    0.012578    0.218500    0.214072    2.317079 ^ _03_/Y (sky130_fd_sc_hd__xnor2_1)
                                                         net11 (net)
                      0.218501    0.000259    2.317338 ^ _11_/A (sky130_fd_sc_hd__clkbuf_1)
     1    0.002216    0.030402    0.056363    2.373700 ^ _11_/X (sky130_fd_sc_hd__clkbuf_1)
                                                         net13 (net)
                      0.030402    0.000063    2.373763 ^ output13/A (sky130_fd_sc_hd__buf_2)
     1    0.034578    0.129360    0.137804    2.511567 ^ output13/X (sky130_fd_sc_hd__buf_2)
                                                         bm_10_11[0] (net)
                      0.129364    0.000661    2.512229 ^ bm_10_11[0] (out)
                                              2.512229   data arrival time

                      0.000000   10.000000   10.000000   clock __VIRTUAL_CLK__ (rise edge)
                                  0.000000   10.000000   clock network delay (ideal)
                                 -0.250000    9.750000   clock uncertainty
                                  0.000000    9.750000   clock reconvergence pessimism
                                 -2.000000    7.750000   output external delay
                                              7.750000   data required time
---------------------------------------------------------------------------------------------
                                              7.750000   data required time
                                             -2.512229   data arrival time
---------------------------------------------------------------------------------------------
                                              5.237771   slack (MET)


Startpoint: received[0] (input port clocked by __VIRTUAL_CLK__)
Endpoint: bm_11_01[0] (output port clocked by __VIRTUAL_CLK__)
Path Group: __VIRTUAL_CLK__
Path Type: max

Fanout         Cap        Slew       Delay        Time   Description
---------------------------------------------------------------------------------------------
                      0.000000    0.000000    0.000000   clock __VIRTUAL_CLK__ (rise edge)
                                  0.000000    0.000000   clock network delay (ideal)
                                  2.000000    2.000000 v input external delay
     1    0.002729    0.004616    0.002217    2.002217 v received[0] (in)
                                                         received[0] (net)
                      0.004617    0.000000    2.002217 v input1/A (sky130_fd_sc_hd__clkbuf_2)
     6    0.025098    0.068967    0.099042    2.101259 v input1/X (sky130_fd_sc_hd__clkbuf_2)
                                                         net1 (net)
                      0.069054    0.001748    2.103006 v _03_/A (sky130_fd_sc_hd__xnor2_1)
     4    0.012578    0.218500    0.214072    2.317079 ^ _03_/Y (sky130_fd_sc_hd__xnor2_1)
                                                         net11 (net)
                      0.218501    0.000346    2.317425 ^ _12_/A (sky130_fd_sc_hd__clkbuf_1)
     1    0.002320    0.031126    0.056997    2.374422 ^ _12_/X (sky130_fd_sc_hd__clkbuf_1)
                                                         net15 (net)
                      0.031126    0.000066    2.374489 ^ output15/A (sky130_fd_sc_hd__buf_2)
     1    0.034022    0.127376    0.136676    2.511165 ^ output15/X (sky130_fd_sc_hd__buf_2)
                                                         bm_11_01[0] (net)
                      0.127380    0.000627    2.511791 ^ bm_11_01[0] (out)
                                              2.511791   data arrival time

                      0.000000   10.000000   10.000000   clock __VIRTUAL_CLK__ (rise edge)
                                  0.000000   10.000000   clock network delay (ideal)
                                 -0.250000    9.750000   clock uncertainty
                                  0.000000    9.750000   clock reconvergence pessimism
                                 -2.000000    7.750000   output external delay
                                              7.750000   data required time
---------------------------------------------------------------------------------------------
                                              7.750000   data required time
                                             -2.511791   data arrival time
---------------------------------------------------------------------------------------------
                                              5.238209   slack (MET)


Startpoint: received[0] (input port clocked by __VIRTUAL_CLK__)
Endpoint: bm_00_00[0] (output port clocked by __VIRTUAL_CLK__)
Path Group: __VIRTUAL_CLK__
Path Type: max

Fanout         Cap        Slew       Delay        Time   Description
---------------------------------------------------------------------------------------------
                      0.000000    0.000000    0.000000   clock __VIRTUAL_CLK__ (rise edge)
                                  0.000000    0.000000   clock network delay (ideal)
                                  2.000000    2.000000 ^ input external delay
     1    0.002958    0.014480    0.007656    2.007656 ^ received[0] (in)
                                                         received[0] (net)
                      0.014485    0.000000    2.007656 ^ input1/A (sky130_fd_sc_hd__clkbuf_2)
     6    0.026293    0.112976    0.118775    2.126431 ^ input1/X (sky130_fd_sc_hd__clkbuf_2)
                                                         net1 (net)
                      0.112998    0.001288    2.127719 ^ _02_/A (sky130_fd_sc_hd__xor2_1)
     4    0.013601    0.220313    0.199474    2.327193 ^ _02_/X (sky130_fd_sc_hd__xor2_1)
                                                         net3 (net)
                      0.220314    0.000426    2.327620 ^ output3/A (sky130_fd_sc_hd__buf_2)
     1    0.034673    0.130058    0.170815    2.498434 ^ output3/X (sky130_fd_sc_hd__buf_2)
                                                         bm_00_00[0] (net)
                      0.130061    0.000849    2.499283 ^ bm_00_00[0] (out)
                                              2.499283   data arrival time

                      0.000000   10.000000   10.000000   clock __VIRTUAL_CLK__ (rise edge)
                                  0.000000   10.000000   clock network delay (ideal)
                                 -0.250000    9.750000   clock uncertainty
                                  0.000000    9.750000   clock reconvergence pessimism
                                 -2.000000    7.750000   output external delay
                                              7.750000   data required time
---------------------------------------------------------------------------------------------
                                              7.750000   data required time
                                             -2.499283   data arrival time
---------------------------------------------------------------------------------------------
                                              5.250717   slack (MET)


Startpoint: received[0] (input port clocked by __VIRTUAL_CLK__)
Endpoint: bm_10_01[0] (output port clocked by __VIRTUAL_CLK__)
Path Group: __VIRTUAL_CLK__
Path Type: max

Fanout         Cap        Slew       Delay        Time   Description
---------------------------------------------------------------------------------------------
                      0.000000    0.000000    0.000000   clock __VIRTUAL_CLK__ (rise edge)
                                  0.000000    0.000000   clock network delay (ideal)
                                  2.000000    2.000000 v input external delay
     1    0.002729    0.004616    0.002217    2.002217 v received[0] (in)
                                                         received[0] (net)
                      0.004617    0.000000    2.002217 v input1/A (sky130_fd_sc_hd__clkbuf_2)
     6    0.025098    0.068967    0.099042    2.101259 v input1/X (sky130_fd_sc_hd__clkbuf_2)
                                                         net1 (net)
                      0.069054    0.001748    2.103006 v _03_/A (sky130_fd_sc_hd__xnor2_1)
     4    0.012578    0.218500    0.214072    2.317079 ^ _03_/Y (sky130_fd_sc_hd__xnor2_1)
                                                         net11 (net)
                      0.218500    0.000217    2.317296 ^ output11/A (sky130_fd_sc_hd__buf_2)
     1    0.033999    0.127667    0.169126    2.486422 ^ output11/X (sky130_fd_sc_hd__buf_2)
                                                         bm_10_01[0] (net)
                      0.127668    0.000616    2.487038 ^ bm_10_01[0] (out)
                                              2.487038   data arrival time

                      0.000000   10.000000   10.000000   clock __VIRTUAL_CLK__ (rise edge)
                                  0.000000   10.000000   clock network delay (ideal)
                                 -0.250000    9.750000   clock uncertainty
                                  0.000000    9.750000   clock reconvergence pessimism
                                 -2.000000    7.750000   output external delay
                                              7.750000   data required time
---------------------------------------------------------------------------------------------
                                              7.750000   data required time
                                             -2.487038   data arrival time
---------------------------------------------------------------------------------------------
                                              5.262962   slack (MET)


Startpoint: received[1] (input port clocked by __VIRTUAL_CLK__)
Endpoint: bm_11_11[1] (output port clocked by __VIRTUAL_CLK__)
Path Group: __VIRTUAL_CLK__
Path Type: max

Fanout         Cap        Slew       Delay        Time   Description
---------------------------------------------------------------------------------------------
                      0.000000    0.000000    0.000000   clock __VIRTUAL_CLK__ (rise edge)
                                  0.000000    0.000000   clock network delay (ideal)
                                  2.000000    2.000000 v input external delay
     1    0.002654    0.004506    0.002150    2.002150 v received[1] (in)
                                                         received[1] (net)
                      0.004507    0.000000    2.002150 v input2/A (sky130_fd_sc_hd__clkbuf_2)
     6    0.025435    0.069792    0.099559    2.101709 v input2/X (sky130_fd_sc_hd__clkbuf_2)
                                                         net2 (net)
                      0.069856    0.001406    2.103116 v _05_/A_N (sky130_fd_sc_hd__and2b_1)
     2    0.004958    0.043301    0.141321    2.244437 ^ _05_/X (sky130_fd_sc_hd__and2b_1)
                                                         net12 (net)
                      0.043301    0.000108    2.244545 ^ _15_/A (sky130_fd_sc_hd__clkbuf_1)
     1    0.005340    0.053298    0.069140    2.313685 ^ _15_/X (sky130_fd_sc_hd__clkbuf_1)
                                                         net18 (net)
                      0.053298    0.000221    2.313907 ^ output18/A (sky130_fd_sc_hd__buf_2)
     1    0.035348    0.132028    0.146367    2.460274 ^ output18/X (sky130_fd_sc_hd__buf_2)
                                                         bm_11_11[1] (net)
                      0.132040    0.001053    2.461327 ^ bm_11_11[1] (out)
                                              2.461327   data arrival time

                      0.000000   10.000000   10.000000   clock __VIRTUAL_CLK__ (rise edge)
                                  0.000000   10.000000   clock network delay (ideal)
                                 -0.250000    9.750000   clock uncertainty
                                  0.000000    9.750000   clock reconvergence pessimism
                                 -2.000000    7.750000   output external delay
                                              7.750000   data required time
---------------------------------------------------------------------------------------------
                                              7.750000   data required time
                                             -2.461327   data arrival time
---------------------------------------------------------------------------------------------
                                              5.288674   slack (MET)


Startpoint: received[0] (input port clocked by __VIRTUAL_CLK__)
Endpoint: bm_11_01[1] (output port clocked by __VIRTUAL_CLK__)
Path Group: __VIRTUAL_CLK__
Path Type: max

Fanout         Cap        Slew       Delay        Time   Description
---------------------------------------------------------------------------------------------
                      0.000000    0.000000    0.000000   clock __VIRTUAL_CLK__ (rise edge)
                                  0.000000    0.000000   clock network delay (ideal)
                                  2.000000    2.000000 v input external delay
     1    0.002729    0.004616    0.002217    2.002217 v received[0] (in)
                                                         received[0] (net)
                      0.004617    0.000000    2.002217 v input1/A (sky130_fd_sc_hd__clkbuf_2)
     6    0.025098    0.068967    0.099042    2.101259 v input1/X (sky130_fd_sc_hd__clkbuf_2)
                                                         net1 (net)
                      0.069057    0.001780    2.103038 v _04_/A_N (sky130_fd_sc_hd__and2b_1)
     2    0.004958    0.043327    0.141001    2.244040 ^ _04_/X (sky130_fd_sc_hd__and2b_1)
                                                         net14 (net)
                      0.043327    0.000128    2.244168 ^ _13_/A (sky130_fd_sc_hd__clkbuf_1)
     1    0.003710    0.039664    0.059593    2.303761 ^ _13_/X (sky130_fd_sc_hd__clkbuf_1)
                                                         net16 (net)
                      0.039664    0.000134    2.303895 ^ output16/A (sky130_fd_sc_hd__buf_2)
     1    0.034167    0.127828    0.139600    2.443495 ^ output16/X (sky130_fd_sc_hd__buf_2)
                                                         bm_11_01[1] (net)
                      0.127832    0.000660    2.444155 ^ bm_11_01[1] (out)
                                              2.444155   data arrival time

                      0.000000   10.000000   10.000000   clock __VIRTUAL_CLK__ (rise edge)
                                  0.000000   10.000000   clock network delay (ideal)
                                 -0.250000    9.750000   clock uncertainty
                                  0.000000    9.750000   clock reconvergence pessimism
                                 -2.000000    7.750000   output external delay
                                              7.750000   data required time
---------------------------------------------------------------------------------------------
                                              7.750000   data required time
                                             -2.444155   data arrival time
---------------------------------------------------------------------------------------------
                                              5.305845   slack (MET)


Startpoint: received[1] (input port clocked by __VIRTUAL_CLK__)
Endpoint: bm_01_10[1] (output port clocked by __VIRTUAL_CLK__)
Path Group: __VIRTUAL_CLK__
Path Type: max

Fanout         Cap        Slew       Delay        Time   Description
---------------------------------------------------------------------------------------------
                      0.000000    0.000000    0.000000   clock __VIRTUAL_CLK__ (rise edge)
                                  0.000000    0.000000   clock network delay (ideal)
                                  2.000000    2.000000 ^ input external delay
     1    0.002883    0.014211    0.007458    2.007457 ^ received[1] (in)
                                                         received[1] (net)
                      0.014211    0.000000    2.007457 ^ input2/A (sky130_fd_sc_hd__clkbuf_2)
     6    0.026685    0.114565    0.119693    2.127151 ^ input2/X (sky130_fd_sc_hd__clkbuf_2)
                                                         net2 (net)
                      0.114610    0.001855    2.129006 ^ _00_/B (sky130_fd_sc_hd__and2_1)
     2    0.009015    0.074510    0.119045    2.248051 ^ _00_/X (sky130_fd_sc_hd__and2_1)
                                                         net4 (net)
                      0.074510    0.000172    2.248223 ^ _10_/A (sky130_fd_sc_hd__clkbuf_1)
     1    0.002286    0.028594    0.054470    2.302693 ^ _10_/X (sky130_fd_sc_hd__clkbuf_1)
                                                         net10 (net)
                      0.028594    0.000066    2.302759 ^ output10/A (sky130_fd_sc_hd__buf_2)
     1    0.033980    0.127231    0.135813    2.438572 ^ output10/X (sky130_fd_sc_hd__buf_2)
                                                         bm_01_10[1] (net)
                      0.127235    0.000616    2.439187 ^ bm_01_10[1] (out)
                                              2.439187   data arrival time

                      0.000000   10.000000   10.000000   clock __VIRTUAL_CLK__ (rise edge)
                                  0.000000   10.000000   clock network delay (ideal)
                                 -0.250000    9.750000   clock uncertainty
                                  0.000000    9.750000   clock reconvergence pessimism
                                 -2.000000    7.750000   output external delay
                                              7.750000   data required time
---------------------------------------------------------------------------------------------
                                              7.750000   data required time
                                             -2.439187   data arrival time
---------------------------------------------------------------------------------------------
                                              5.310812   slack (MET)


Startpoint: received[0] (input port clocked by __VIRTUAL_CLK__)
Endpoint: bm_01_00[1] (output port clocked by __VIRTUAL_CLK__)
Path Group: __VIRTUAL_CLK__
Path Type: max

Fanout         Cap        Slew       Delay        Time   Description
---------------------------------------------------------------------------------------------
                      0.000000    0.000000    0.000000   clock __VIRTUAL_CLK__ (rise edge)
                                  0.000000    0.000000   clock network delay (ideal)
                                  2.000000    2.000000 v input external delay
     1    0.002729    0.004616    0.002217    2.002217 v received[0] (in)
                                                         received[0] (net)
                      0.004617    0.000000    2.002217 v input1/A (sky130_fd_sc_hd__clkbuf_2)
     6    0.025098    0.068967    0.099042    2.101259 v input1/X (sky130_fd_sc_hd__clkbuf_2)
                                                         net1 (net)
                      0.069022    0.001233    2.102491 v _01_/A (sky130_fd_sc_hd__nor2_1)
     2    0.006510    0.097099    0.110050    2.212541 ^ _01_/Y (sky130_fd_sc_hd__nor2_1)
                                                         net6 (net)
                      0.097099    0.000145    2.212686 ^ _08_/A (sky130_fd_sc_hd__clkbuf_1)
     1    0.002023    0.026931    0.054410    2.267096 ^ _08_/X (sky130_fd_sc_hd__clkbuf_1)
                                                         net8 (net)
                      0.026931    0.000039    2.267135 ^ output8/A (sky130_fd_sc_hd__buf_2)
     1    0.034132    0.127780    0.135661    2.402796 ^ output8/X (sky130_fd_sc_hd__buf_2)
                                                         bm_01_00[1] (net)
                      0.127785    0.000649    2.403444 ^ bm_01_00[1] (out)
                                              2.403444   data arrival time

                      0.000000   10.000000   10.000000   clock __VIRTUAL_CLK__ (rise edge)
                                  0.000000   10.000000   clock network delay (ideal)
                                 -0.250000    9.750000   clock uncertainty
                                  0.000000    9.750000   clock reconvergence pessimism
                                 -2.000000    7.750000   output external delay
                                              7.750000   data required time
---------------------------------------------------------------------------------------------
                                              7.750000   data required time
                                             -2.403444   data arrival time
---------------------------------------------------------------------------------------------
                                              5.346556   slack (MET)


Startpoint: received[1] (input port clocked by __VIRTUAL_CLK__)
Endpoint: bm_00_00[1] (output port clocked by __VIRTUAL_CLK__)
Path Group: __VIRTUAL_CLK__
Path Type: max

Fanout         Cap        Slew       Delay        Time   Description
---------------------------------------------------------------------------------------------
                      0.000000    0.000000    0.000000   clock __VIRTUAL_CLK__ (rise edge)
                                  0.000000    0.000000   clock network delay (ideal)
                                  2.000000    2.000000 ^ input external delay
     1    0.002883    0.014211    0.007458    2.007457 ^ received[1] (in)
                                                         received[1] (net)
                      0.014211    0.000000    2.007457 ^ input2/A (sky130_fd_sc_hd__clkbuf_2)
     6    0.026685    0.114565    0.119693    2.127151 ^ input2/X (sky130_fd_sc_hd__clkbuf_2)
                                                         net2 (net)
                      0.114610    0.001855    2.129006 ^ _00_/B (sky130_fd_sc_hd__and2_1)
     2    0.009015    0.074510    0.119045    2.248051 ^ _00_/X (sky130_fd_sc_hd__and2_1)
                                                         net4 (net)
                      0.074511    0.000335    2.248385 ^ output4/A (sky130_fd_sc_hd__buf_2)
     1    0.034354    0.128413    0.149040    2.397425 ^ output4/X (sky130_fd_sc_hd__buf_2)
                                                         bm_00_00[1] (net)
                      0.128456    0.000672    2.398098 ^ bm_00_00[1] (out)
                                              2.398098   data arrival time

                      0.000000   10.000000   10.000000   clock __VIRTUAL_CLK__ (rise edge)
                                  0.000000   10.000000   clock network delay (ideal)
                                 -0.250000    9.750000   clock uncertainty
                                  0.000000    9.750000   clock reconvergence pessimism
                                 -2.000000    7.750000   output external delay
                                              7.750000   data required time
---------------------------------------------------------------------------------------------
                                              7.750000   data required time
                                             -2.398098   data arrival time
---------------------------------------------------------------------------------------------
                                              5.351902   slack (MET)


Startpoint: received[1] (input port clocked by __VIRTUAL_CLK__)
Endpoint: bm_10_01[1] (output port clocked by __VIRTUAL_CLK__)
Path Group: __VIRTUAL_CLK__
Path Type: max

Fanout         Cap        Slew       Delay        Time   Description
---------------------------------------------------------------------------------------------
                      0.000000    0.000000    0.000000   clock __VIRTUAL_CLK__ (rise edge)
                                  0.000000    0.000000   clock network delay (ideal)
                                  2.000000    2.000000 v input external delay
     1    0.002654    0.004506    0.002150    2.002150 v received[1] (in)
                                                         received[1] (net)
                      0.004507    0.000000    2.002150 v input2/A (sky130_fd_sc_hd__clkbuf_2)
     6    0.025435    0.069792    0.099559    2.101709 v input2/X (sky130_fd_sc_hd__clkbuf_2)
                                                         net2 (net)
                      0.069856    0.001406    2.103116 v _05_/A_N (sky130_fd_sc_hd__and2b_1)
     2    0.004958    0.043301    0.141321    2.244437 ^ _05_/X (sky130_fd_sc_hd__and2b_1)
                                                         net12 (net)
                      0.043301    0.000107    2.244544 ^ output12/A (sky130_fd_sc_hd__buf_2)
     1    0.034676    0.129637    0.141894    2.386437 ^ output12/X (sky130_fd_sc_hd__buf_2)
                                                         bm_10_01[1] (net)
                      0.129644    0.000751    2.387189 ^ bm_10_01[1] (out)
                                              2.387189   data arrival time

                      0.000000   10.000000   10.000000   clock __VIRTUAL_CLK__ (rise edge)
                                  0.000000   10.000000   clock network delay (ideal)
                                 -0.250000    9.750000   clock uncertainty
                                  0.000000    9.750000   clock reconvergence pessimism
                                 -2.000000    7.750000   output external delay
                                              7.750000   data required time
---------------------------------------------------------------------------------------------
                                              7.750000   data required time
                                             -2.387189   data arrival time
---------------------------------------------------------------------------------------------
                                              5.362811   slack (MET)


Startpoint: received[0] (input port clocked by __VIRTUAL_CLK__)
Endpoint: bm_10_11[1] (output port clocked by __VIRTUAL_CLK__)
Path Group: __VIRTUAL_CLK__
Path Type: max

Fanout         Cap        Slew       Delay        Time   Description
---------------------------------------------------------------------------------------------
                      0.000000    0.000000    0.000000   clock __VIRTUAL_CLK__ (rise edge)
                                  0.000000    0.000000   clock network delay (ideal)
                                  2.000000    2.000000 v input external delay
     1    0.002729    0.004616    0.002217    2.002217 v received[0] (in)
                                                         received[0] (net)
                      0.004617    0.000000    2.002217 v input1/A (sky130_fd_sc_hd__clkbuf_2)
     6    0.025098    0.068967    0.099042    2.101259 v input1/X (sky130_fd_sc_hd__clkbuf_2)
                                                         net1 (net)
                      0.069057    0.001780    2.103038 v _04_/A_N (sky130_fd_sc_hd__and2b_1)
     2    0.004958    0.043327    0.141001    2.244040 ^ _04_/X (sky130_fd_sc_hd__and2b_1)
                                                         net14 (net)
                      0.043327    0.000129    2.244168 ^ output14/A (sky130_fd_sc_hd__buf_2)
     1    0.033982    0.127154    0.140282    2.384450 ^ output14/X (sky130_fd_sc_hd__buf_2)
                                                         bm_10_11[1] (net)
                      0.127158    0.000616    2.385066 ^ bm_10_11[1] (out)
                                              2.385066   data arrival time

                      0.000000   10.000000   10.000000   clock __VIRTUAL_CLK__ (rise edge)
                                  0.000000   10.000000   clock network delay (ideal)
                                 -0.250000    9.750000   clock uncertainty
                                  0.000000    9.750000   clock reconvergence pessimism
                                 -2.000000    7.750000   output external delay
                                              7.750000   data required time
---------------------------------------------------------------------------------------------
                                              7.750000   data required time
                                             -2.385066   data arrival time
---------------------------------------------------------------------------------------------
                                              5.364934   slack (MET)


Startpoint: received[0] (input port clocked by __VIRTUAL_CLK__)
Endpoint: bm_00_10[1] (output port clocked by __VIRTUAL_CLK__)
Path Group: __VIRTUAL_CLK__
Path Type: max

Fanout         Cap        Slew       Delay        Time   Description
---------------------------------------------------------------------------------------------
                      0.000000    0.000000    0.000000   clock __VIRTUAL_CLK__ (rise edge)
                                  0.000000    0.000000   clock network delay (ideal)
                                  2.000000    2.000000 v input external delay
     1    0.002729    0.004616    0.002217    2.002217 v received[0] (in)
                                                         received[0] (net)
                      0.004617    0.000000    2.002217 v input1/A (sky130_fd_sc_hd__clkbuf_2)
     6    0.025098    0.068967    0.099042    2.101259 v input1/X (sky130_fd_sc_hd__clkbuf_2)
                                                         net1 (net)
                      0.069022    0.001233    2.102491 v _01_/A (sky130_fd_sc_hd__nor2_1)
     2    0.006510    0.097099    0.110050    2.212541 ^ _01_/Y (sky130_fd_sc_hd__nor2_1)
                                                         net6 (net)
                      0.097099    0.000191    2.212733 ^ output6/A (sky130_fd_sc_hd__buf_2)
     1    0.033969    0.127084    0.153308    2.366041 ^ output6/X (sky130_fd_sc_hd__buf_2)
                                                         bm_00_10[1] (net)
                      0.127085    0.000616    2.366657 ^ bm_00_10[1] (out)
                                              2.366657   data arrival time

                      0.000000   10.000000   10.000000   clock __VIRTUAL_CLK__ (rise edge)
                                  0.000000   10.000000   clock network delay (ideal)
                                 -0.250000    9.750000   clock uncertainty
                                  0.000000    9.750000   clock reconvergence pessimism
                                 -2.000000    7.750000   output external delay
                                              7.750000   data required time
---------------------------------------------------------------------------------------------
                                              7.750000   data required time
                                             -2.366657   data arrival time
---------------------------------------------------------------------------------------------
                                              5.383344   slack (MET)



