
===========================================================================
report_checks -path_delay max (Setup)
============================================================================
======================= nom_tt_025C_1v80 Corner ===================================

Startpoint: received[1] (input port clocked by __VIRTUAL_CLK__)
Endpoint: bm_01_10[0] (output port clocked by __VIRTUAL_CLK__)
Path Group: __VIRTUAL_CLK__
Path Type: max

Fanout         Cap        Slew       Delay        Time   Description
---------------------------------------------------------------------------------------------
                      0.000000    0.000000    0.000000   clock __VIRTUAL_CLK__ (rise edge)
                                  0.000000    0.000000   clock network delay (ideal)
                                  2.000000    2.000000 ^ input external delay
     1    0.002863    0.020003    0.010512    2.010513 ^ received[1] (in)
                                                         received[1] (net)
                      0.020003    0.000000    2.010513 ^ input2/A (sky130_fd_sc_hd__clkbuf_2)
     6    0.022201    0.125974    0.154303    2.164815 ^ input2/X (sky130_fd_sc_hd__clkbuf_2)
                                                         net2 (net)
                      0.125974    0.000468    2.165284 ^ _02_/B (sky130_fd_sc_hd__xor2_1)
     4    0.010647    0.259250    0.258662    2.423946 ^ _02_/X (sky130_fd_sc_hd__xor2_1)
                                                         net3 (net)
                      0.259250    0.000004    2.423949 ^ _09_/A (sky130_fd_sc_hd__clkbuf_1)
     1    0.002160    0.041323    0.115818    2.539767 ^ _09_/X (sky130_fd_sc_hd__clkbuf_1)
                                                         net9 (net)
                      0.041323    0.000004    2.539771 ^ output9/A (sky130_fd_sc_hd__buf_2)
     1    0.034459    0.170992    0.197550    2.737321 ^ output9/X (sky130_fd_sc_hd__buf_2)
                                                         bm_01_10[0] (net)
                      0.170992    0.000156    2.737477 ^ bm_01_10[0] (out)
                                              2.737477   data arrival time

                      0.000000   10.000000   10.000000   clock __VIRTUAL_CLK__ (rise edge)
                                  0.000000   10.000000   clock network delay (ideal)
                                 -0.250000    9.750000   clock uncertainty
                                  0.000000    9.750000   clock reconvergence pessimism
                                 -2.000000    7.750000   output external delay
                                              7.750000   data required time
---------------------------------------------------------------------------------------------
                                              7.750000   data required time
                                             -2.737477   data arrival time
---------------------------------------------------------------------------------------------
                                              5.012524   slack (MET)


Startpoint: received[1] (input port clocked by __VIRTUAL_CLK__)
Endpoint: bm_00_10[0] (output port clocked by __VIRTUAL_CLK__)
Path Group: __VIRTUAL_CLK__
Path Type: max

Fanout         Cap        Slew       Delay        Time   Description
---------------------------------------------------------------------------------------------
                      0.000000    0.000000    0.000000   clock __VIRTUAL_CLK__ (rise edge)
                                  0.000000    0.000000   clock network delay (ideal)
                                  2.000000    2.000000 ^ input external delay
     1    0.002863    0.020003    0.010512    2.010513 ^ received[1] (in)
                                                         received[1] (net)
                      0.020003    0.000000    2.010513 ^ input2/A (sky130_fd_sc_hd__clkbuf_2)
     6    0.022201    0.125974    0.154303    2.164815 ^ input2/X (sky130_fd_sc_hd__clkbuf_2)
                                                         net2 (net)
                      0.125974    0.000468    2.165284 ^ _02_/B (sky130_fd_sc_hd__xor2_1)
     4    0.010647    0.259250    0.258662    2.423946 ^ _02_/X (sky130_fd_sc_hd__xor2_1)
                                                         net3 (net)
                      0.259250    0.000069    2.424015 ^ _06_/A (sky130_fd_sc_hd__clkbuf_1)
     1    0.002031    0.039968    0.114712    2.538726 ^ _06_/X (sky130_fd_sc_hd__clkbuf_1)
                                                         net5 (net)
                      0.039968    0.000003    2.538729 ^ output5/A (sky130_fd_sc_hd__buf_2)
     1    0.034117    0.169403    0.195927    2.734656 ^ output5/X (sky130_fd_sc_hd__buf_2)
                                                         bm_00_10[0] (net)
                      0.169403    0.000105    2.734762 ^ bm_00_10[0] (out)
                                              2.734762   data arrival time

                      0.000000   10.000000   10.000000   clock __VIRTUAL_CLK__ (rise edge)
                                  0.000000   10.000000   clock network delay (ideal)
                                 -0.250000    9.750000   clock uncertainty
                                  0.000000    9.750000   clock reconvergence pessimism
                                 -2.000000    7.750000   output external delay
                                              7.750000   data required time
---------------------------------------------------------------------------------------------
                                              7.750000   data required time
                                             -2.734762   data arrival time
---------------------------------------------------------------------------------------------
                                              5.015238   slack (MET)


Startpoint: received[0] (input port clocked by __VIRTUAL_CLK__)
Endpoint: bm_11_11[0] (output port clocked by __VIRTUAL_CLK__)
Path Group: __VIRTUAL_CLK__
Path Type: max

Fanout         Cap        Slew       Delay        Time   Description
---------------------------------------------------------------------------------------------
                      0.000000    0.000000    0.000000   clock __VIRTUAL_CLK__ (rise edge)
                                  0.000000    0.000000   clock network delay (ideal)
                                  2.000000    2.000000 v input external delay
     1    0.002685    0.008367    0.004219    2.004219 v received[0] (in)
                                                         received[0] (net)
                      0.008367    0.000000    2.004219 v input1/A (sky130_fd_sc_hd__clkbuf_2)
     6    0.021189    0.086046    0.136916    2.141135 v input1/X (sky130_fd_sc_hd__clkbuf_2)
                                                         net1 (net)
                      0.086047    0.000407    2.141541 v _03_/A (sky130_fd_sc_hd__xnor2_1)
     4    0.010271    0.269942    0.273581    2.415122 ^ _03_/Y (sky130_fd_sc_hd__xnor2_1)
                                                         net11 (net)
                      0.269942    0.000056    2.415178 ^ _14_/A (sky130_fd_sc_hd__clkbuf_1)
     1    0.002494    0.044940    0.120193    2.535371 ^ _14_/X (sky130_fd_sc_hd__clkbuf_1)
                                                         net17 (net)
                      0.044940    0.000010    2.535381 ^ output17/A (sky130_fd_sc_hd__buf_2)
     1    0.034432    0.170875    0.198837    2.734219 ^ output17/X (sky130_fd_sc_hd__buf_2)
                                                         bm_11_11[0] (net)
                      0.170875    0.000165    2.734383 ^ bm_11_11[0] (out)
                                              2.734383   data arrival time

                      0.000000   10.000000   10.000000   clock __VIRTUAL_CLK__ (rise edge)
                                  0.000000   10.000000   clock network delay (ideal)
                                 -0.250000    9.750000   clock uncertainty
                                  0.000000    9.750000   clock reconvergence pessimism
                                 -2.000000    7.750000   output external delay
                                              7.750000   data required time
---------------------------------------------------------------------------------------------
                                              7.750000   data required time
                                             -2.734383   data arrival time
---------------------------------------------------------------------------------------------
                                              5.015616   slack (MET)


Startpoint: received[1] (input port clocked by __VIRTUAL_CLK__)
Endpoint: bm_01_00[0] (output port clocked by __VIRTUAL_CLK__)
Path Group: __VIRTUAL_CLK__
Path Type: max

Fanout         Cap        Slew       Delay        Time   Description
---------------------------------------------------------------------------------------------
                      0.000000    0.000000    0.000000   clock __VIRTUAL_CLK__ (rise edge)
                                  0.000000    0.000000   clock network delay (ideal)
                                  2.000000    2.000000 ^ input external delay
     1    0.002863    0.020003    0.010512    2.010513 ^ received[1] (in)
                                                         received[1] (net)
                      0.020003    0.000000    2.010513 ^ input2/A (sky130_fd_sc_hd__clkbuf_2)
     6    0.022201    0.125974    0.154303    2.164815 ^ input2/X (sky130_fd_sc_hd__clkbuf_2)
                                                         net2 (net)
                      0.125974    0.000468    2.165284 ^ _02_/B (sky130_fd_sc_hd__xor2_1)
     4    0.010647    0.259250    0.258662    2.423946 ^ _02_/X (sky130_fd_sc_hd__xor2_1)
                                                         net3 (net)
                      0.259250    0.000036    2.423982 ^ _07_/A (sky130_fd_sc_hd__clkbuf_1)
     1    0.001851    0.038094    0.113182    2.537164 ^ _07_/X (sky130_fd_sc_hd__clkbuf_1)
                                                         net7 (net)
                      0.038094    0.000000    2.537165 ^ output7/A (sky130_fd_sc_hd__buf_2)
     1    0.034012    0.168906    0.194880    2.732045 ^ output7/X (sky130_fd_sc_hd__buf_2)
                                                         bm_01_00[0] (net)
                      0.168906    0.000081    2.732126 ^ bm_01_00[0] (out)
                                              2.732126   data arrival time

                      0.000000   10.000000   10.000000   clock __VIRTUAL_CLK__ (rise edge)
                                  0.000000   10.000000   clock network delay (ideal)
                                 -0.250000    9.750000   clock uncertainty
                                  0.000000    9.750000   clock reconvergence pessimism
                                 -2.000000    7.750000   output external delay
                                              7.750000   data required time
---------------------------------------------------------------------------------------------
                                              7.750000   data required time
                                             -2.732126   data arrival time
---------------------------------------------------------------------------------------------
                                              5.017873   slack (MET)


Startpoint: received[0] (input port clocked by __VIRTUAL_CLK__)
Endpoint: bm_10_11[0] (output port clocked by __VIRTUAL_CLK__)
Path Group: __VIRTUAL_CLK__
Path Type: max

Fanout         Cap        Slew       Delay        Time   Description
---------------------------------------------------------------------------------------------
                      0.000000    0.000000    0.000000   clock __VIRTUAL_CLK__ (rise edge)
                                  0.000000    0.000000   clock network delay (ideal)
                                  2.000000    2.000000 v input external delay
     1    0.002685    0.008367    0.004219    2.004219 v received[0] (in)
                                                         received[0] (net)
                      0.008367    0.000000    2.004219 v input1/A (sky130_fd_sc_hd__clkbuf_2)
     6    0.021189    0.086046    0.136916    2.141135 v input1/X (sky130_fd_sc_hd__clkbuf_2)
                                                         net1 (net)
                      0.086047    0.000407    2.141541 v _03_/A (sky130_fd_sc_hd__xnor2_1)
     4    0.010271    0.269942    0.273581    2.415122 ^ _03_/Y (sky130_fd_sc_hd__xnor2_1)
                                                         net11 (net)
                      0.269942    0.000025    2.415147 ^ _11_/A (sky130_fd_sc_hd__clkbuf_1)
     1    0.002031    0.040123    0.116244    2.531390 ^ _11_/X (sky130_fd_sc_hd__clkbuf_1)
                                                         net13 (net)
                      0.040123    0.000003    2.531393 ^ output13/A (sky130_fd_sc_hd__buf_2)
     1    0.034442    0.170915    0.197036    2.728429 ^ output13/X (sky130_fd_sc_hd__buf_2)
                                                         bm_10_11[0] (net)
                      0.170915    0.000152    2.728580 ^ bm_10_11[0] (out)
                                              2.728580   data arrival time

                      0.000000   10.000000   10.000000   clock __VIRTUAL_CLK__ (rise edge)
                                  0.000000   10.000000   clock network delay (ideal)
                                 -0.250000    9.750000   clock uncertainty
                                  0.000000    9.750000   clock reconvergence pessimism
                                 -2.000000    7.750000   output external delay
                                              7.750000   data required time
---------------------------------------------------------------------------------------------
                                              7.750000   data required time
                                             -2.728580   data arrival time
---------------------------------------------------------------------------------------------
                                              5.021420   slack (MET)


Startpoint: received[0] (input port clocked by __VIRTUAL_CLK__)
Endpoint: bm_11_01[0] (output port clocked by __VIRTUAL_CLK__)
Path Group: __VIRTUAL_CLK__
Path Type: max

Fanout         Cap        Slew       Delay        Time   Description
---------------------------------------------------------------------------------------------
                      0.000000    0.000000    0.000000   clock __VIRTUAL_CLK__ (rise edge)
                                  0.000000    0.000000   clock network delay (ideal)
                                  2.000000    2.000000 v input external delay
     1    0.002685    0.008367    0.004219    2.004219 v received[0] (in)
                                                         received[0] (net)
                      0.008367    0.000000    2.004219 v input1/A (sky130_fd_sc_hd__clkbuf_2)
     6    0.021189    0.086046    0.136916    2.141135 v input1/X (sky130_fd_sc_hd__clkbuf_2)
                                                         net1 (net)
                      0.086047    0.000407    2.141541 v _03_/A (sky130_fd_sc_hd__xnor2_1)
     4    0.010271    0.269942    0.273581    2.415122 ^ _03_/Y (sky130_fd_sc_hd__xnor2_1)
                                                         net11 (net)
                      0.269942    0.000053    2.415175 ^ _12_/A (sky130_fd_sc_hd__clkbuf_1)
     1    0.002031    0.040116    0.116238    2.531413 ^ _12_/X (sky130_fd_sc_hd__clkbuf_1)
                                                         net15 (net)
                      0.040116    0.000003    2.531416 ^ output15/A (sky130_fd_sc_hd__buf_2)
     1    0.034012    0.168910    0.195654    2.727070 ^ output15/X (sky130_fd_sc_hd__buf_2)
                                                         bm_11_01[0] (net)
                      0.168910    0.000081    2.727151 ^ bm_11_01[0] (out)
                                              2.727151   data arrival time

                      0.000000   10.000000   10.000000   clock __VIRTUAL_CLK__ (rise edge)
                                  0.000000   10.000000   clock network delay (ideal)
                                 -0.250000    9.750000   clock uncertainty
                                  0.000000    9.750000   clock reconvergence pessimism
                                 -2.000000    7.750000   output external delay
                                              7.750000   data required time
---------------------------------------------------------------------------------------------
                                              7.750000   data required time
                                             -2.727151   data arrival time
---------------------------------------------------------------------------------------------
                                              5.022849   slack (MET)


Startpoint: received[1] (input port clocked by __VIRTUAL_CLK__)
Endpoint: bm_00_00[0] (output port clocked by __VIRTUAL_CLK__)
Path Group: __VIRTUAL_CLK__
Path Type: max

Fanout         Cap        Slew       Delay        Time   Description
---------------------------------------------------------------------------------------------
                      0.000000    0.000000    0.000000   clock __VIRTUAL_CLK__ (rise edge)
                                  0.000000    0.000000   clock network delay (ideal)
                                  2.000000    2.000000 ^ input external delay
     1    0.002863    0.020003    0.010512    2.010513 ^ received[1] (in)
                                                         received[1] (net)
                      0.020003    0.000000    2.010513 ^ input2/A (sky130_fd_sc_hd__clkbuf_2)
     6    0.022201    0.125974    0.154303    2.164815 ^ input2/X (sky130_fd_sc_hd__clkbuf_2)
                                                         net2 (net)
                      0.125974    0.000468    2.165284 ^ _02_/B (sky130_fd_sc_hd__xor2_1)
     4    0.010647    0.259250    0.258662    2.423946 ^ _02_/X (sky130_fd_sc_hd__xor2_1)
                                                         net3 (net)
                      0.259250    0.000072    2.424018 ^ output3/A (sky130_fd_sc_hd__buf_2)
     1    0.034640    0.172392    0.265159    2.689177 ^ output3/X (sky130_fd_sc_hd__buf_2)
                                                         bm_00_00[0] (net)
                      0.172392    0.000228    2.689405 ^ bm_00_00[0] (out)
                                              2.689405   data arrival time

                      0.000000   10.000000   10.000000   clock __VIRTUAL_CLK__ (rise edge)
                                  0.000000   10.000000   clock network delay (ideal)
                                 -0.250000    9.750000   clock uncertainty
                                  0.000000    9.750000   clock reconvergence pessimism
                                 -2.000000    7.750000   output external delay
                                              7.750000   data required time
---------------------------------------------------------------------------------------------
                                              7.750000   data required time
                                             -2.689405   data arrival time
---------------------------------------------------------------------------------------------
                                              5.060595   slack (MET)


Startpoint: received[0] (input port clocked by __VIRTUAL_CLK__)
Endpoint: bm_10_01[0] (output port clocked by __VIRTUAL_CLK__)
Path Group: __VIRTUAL_CLK__
Path Type: max

Fanout         Cap        Slew       Delay        Time   Description
---------------------------------------------------------------------------------------------
                      0.000000    0.000000    0.000000   clock __VIRTUAL_CLK__ (rise edge)
                                  0.000000    0.000000   clock network delay (ideal)
                                  2.000000    2.000000 v input external delay
     1    0.002685    0.008367    0.004219    2.004219 v received[0] (in)
                                                         received[0] (net)
                      0.008367    0.000000    2.004219 v input1/A (sky130_fd_sc_hd__clkbuf_2)
     6    0.021189    0.086046    0.136916    2.141135 v input1/X (sky130_fd_sc_hd__clkbuf_2)
                                                         net1 (net)
                      0.086047    0.000407    2.141541 v _03_/A (sky130_fd_sc_hd__xnor2_1)
     4    0.010271    0.269942    0.273581    2.415122 ^ _03_/Y (sky130_fd_sc_hd__xnor2_1)
                                                         net11 (net)
                      0.269942    0.000006    2.415128 ^ output11/A (sky130_fd_sc_hd__buf_2)
     1    0.034029    0.169569    0.266129    2.681256 ^ output11/X (sky130_fd_sc_hd__buf_2)
                                                         bm_10_01[0] (net)
                      0.169569    0.000085    2.681341 ^ bm_10_01[0] (out)
                                              2.681341   data arrival time

                      0.000000   10.000000   10.000000   clock __VIRTUAL_CLK__ (rise edge)
                                  0.000000   10.000000   clock network delay (ideal)
                                 -0.250000    9.750000   clock uncertainty
                                  0.000000    9.750000   clock reconvergence pessimism
                                 -2.000000    7.750000   output external delay
                                              7.750000   data required time
---------------------------------------------------------------------------------------------
                                              7.750000   data required time
                                             -2.681341   data arrival time
---------------------------------------------------------------------------------------------
                                              5.068658   slack (MET)


Startpoint: received[1] (input port clocked by __VIRTUAL_CLK__)
Endpoint: bm_11_11[1] (output port clocked by __VIRTUAL_CLK__)
Path Group: __VIRTUAL_CLK__
Path Type: max

Fanout         Cap        Slew       Delay        Time   Description
---------------------------------------------------------------------------------------------
                      0.000000    0.000000    0.000000   clock __VIRTUAL_CLK__ (rise edge)
                                  0.000000    0.000000   clock network delay (ideal)
                                  2.000000    2.000000 v input external delay
     1    0.002633    0.008246    0.004130    2.004130 v received[1] (in)
                                                         received[1] (net)
                      0.008246    0.000000    2.004130 v input2/A (sky130_fd_sc_hd__clkbuf_2)
     6    0.020994    0.085360    0.136315    2.140445 v input2/X (sky130_fd_sc_hd__clkbuf_2)
                                                         net2 (net)
                      0.085360    0.000322    2.140767 v _05_/A_N (sky130_fd_sc_hd__and2b_1)
     2    0.004508    0.057217    0.211291    2.352058 ^ _05_/X (sky130_fd_sc_hd__and2b_1)
                                                         net12 (net)
                      0.057217    0.000001    2.352059 ^ _15_/A (sky130_fd_sc_hd__clkbuf_1)
     1    0.003674    0.053622    0.091485    2.443544 ^ _15_/X (sky130_fd_sc_hd__clkbuf_1)
                                                         net18 (net)
                      0.053622    0.000034    2.443577 ^ output18/A (sky130_fd_sc_hd__buf_2)
     1    0.034970    0.173399    0.203848    2.647425 ^ output18/X (sky130_fd_sc_hd__buf_2)
                                                         bm_11_11[1] (net)
                      0.173399    0.000306    2.647732 ^ bm_11_11[1] (out)
                                              2.647732   data arrival time

                      0.000000   10.000000   10.000000   clock __VIRTUAL_CLK__ (rise edge)
                                  0.000000   10.000000   clock network delay (ideal)
                                 -0.250000    9.750000   clock uncertainty
                                  0.000000    9.750000   clock reconvergence pessimism
                                 -2.000000    7.750000   output external delay
                                              7.750000   data required time
---------------------------------------------------------------------------------------------
                                              7.750000   data required time
                                             -2.647732   data arrival time
---------------------------------------------------------------------------------------------
                                              5.102269   slack (MET)


Startpoint: received[0] (input port clocked by __VIRTUAL_CLK__)
Endpoint: bm_11_01[1] (output port clocked by __VIRTUAL_CLK__)
Path Group: __VIRTUAL_CLK__
Path Type: max

Fanout         Cap        Slew       Delay        Time   Description
---------------------------------------------------------------------------------------------
                      0.000000    0.000000    0.000000   clock __VIRTUAL_CLK__ (rise edge)
                                  0.000000    0.000000   clock network delay (ideal)
                                  2.000000    2.000000 v input external delay
     1    0.002685    0.008367    0.004219    2.004219 v received[0] (in)
                                                         received[0] (net)
                      0.008367    0.000000    2.004219 v input1/A (sky130_fd_sc_hd__clkbuf_2)
     6    0.021189    0.086046    0.136916    2.141135 v input1/X (sky130_fd_sc_hd__clkbuf_2)
                                                         net1 (net)
                      0.086047    0.000418    2.141552 v _04_/A_N (sky130_fd_sc_hd__and2b_1)
     2    0.004529    0.057380    0.211744    2.353296 ^ _04_/X (sky130_fd_sc_hd__and2b_1)
                                                         net14 (net)
                      0.057380    0.000012    2.353308 ^ _13_/A (sky130_fd_sc_hd__clkbuf_1)
     1    0.002917    0.045360    0.085438    2.438746 ^ _13_/X (sky130_fd_sc_hd__clkbuf_1)
                                                         net16 (net)
                      0.045360    0.000018    2.438764 ^ output16/A (sky130_fd_sc_hd__buf_2)
     1    0.034186    0.169718    0.198212    2.636976 ^ output16/X (sky130_fd_sc_hd__buf_2)
                                                         bm_11_01[1] (net)
                      0.169718    0.000121    2.637098 ^ bm_11_01[1] (out)
                                              2.637098   data arrival time

                      0.000000   10.000000   10.000000   clock __VIRTUAL_CLK__ (rise edge)
                                  0.000000   10.000000   clock network delay (ideal)
                                 -0.250000    9.750000   clock uncertainty
                                  0.000000    9.750000   clock reconvergence pessimism
                                 -2.000000    7.750000   output external delay
                                              7.750000   data required time
---------------------------------------------------------------------------------------------
                                              7.750000   data required time
                                             -2.637098   data arrival time
---------------------------------------------------------------------------------------------
                                              5.112902   slack (MET)


Startpoint: received[0] (input port clocked by __VIRTUAL_CLK__)
Endpoint: bm_01_10[1] (output port clocked by __VIRTUAL_CLK__)
Path Group: __VIRTUAL_CLK__
Path Type: max

Fanout         Cap        Slew       Delay        Time   Description
---------------------------------------------------------------------------------------------
                      0.000000    0.000000    0.000000   clock __VIRTUAL_CLK__ (rise edge)
                                  0.000000    0.000000   clock network delay (ideal)
                                  2.000000    2.000000 ^ input external delay
     1    0.002915    0.020228    0.010696    2.010696 ^ received[0] (in)
                                                         received[0] (net)
                      0.020228    0.000000    2.010696 ^ input1/A (sky130_fd_sc_hd__clkbuf_2)
     6    0.022372    0.126859    0.155014    2.165710 ^ input1/X (sky130_fd_sc_hd__clkbuf_2)
                                                         net1 (net)
                      0.126859    0.000349    2.166059 ^ _00_/A (sky130_fd_sc_hd__and2_1)
     2    0.006579    0.078857    0.163743    2.329802 ^ _00_/X (sky130_fd_sc_hd__and2_1)
                                                         net4 (net)
                      0.078857    0.000005    2.329807 ^ _10_/A (sky130_fd_sc_hd__clkbuf_1)
     1    0.002080    0.038001    0.084209    2.414016 ^ _10_/X (sky130_fd_sc_hd__clkbuf_1)
                                                         net10 (net)
                      0.038001    0.000003    2.414020 ^ output10/A (sky130_fd_sc_hd__buf_2)
     1    0.034081    0.169230    0.195063    2.609082 ^ output10/X (sky130_fd_sc_hd__buf_2)
                                                         bm_01_10[1] (net)
                      0.169230    0.000097    2.609179 ^ bm_01_10[1] (out)
                                              2.609179   data arrival time

                      0.000000   10.000000   10.000000   clock __VIRTUAL_CLK__ (rise edge)
                                  0.000000   10.000000   clock network delay (ideal)
                                 -0.250000    9.750000   clock uncertainty
                                  0.000000    9.750000   clock reconvergence pessimism
                                 -2.000000    7.750000   output external delay
                                              7.750000   data required time
---------------------------------------------------------------------------------------------
                                              7.750000   data required time
                                             -2.609179   data arrival time
---------------------------------------------------------------------------------------------
                                              5.140821   slack (MET)


Startpoint: received[0] (input port clocked by __VIRTUAL_CLK__)
Endpoint: bm_01_00[1] (output port clocked by __VIRTUAL_CLK__)
Path Group: __VIRTUAL_CLK__
Path Type: max

Fanout         Cap        Slew       Delay        Time   Description
---------------------------------------------------------------------------------------------
                      0.000000    0.000000    0.000000   clock __VIRTUAL_CLK__ (rise edge)
                                  0.000000    0.000000   clock network delay (ideal)
                                  2.000000    2.000000 v input external delay
     1    0.002685    0.008367    0.004219    2.004219 v received[0] (in)
                                                         received[0] (net)
                      0.008367    0.000000    2.004219 v input1/A (sky130_fd_sc_hd__clkbuf_2)
     6    0.021189    0.086046    0.136916    2.141135 v input1/X (sky130_fd_sc_hd__clkbuf_2)
                                                         net1 (net)
                      0.086046    0.000301    2.141435 v _01_/A (sky130_fd_sc_hd__nor2_1)
     2    0.005233    0.120151    0.141611    2.283046 ^ _01_/Y (sky130_fd_sc_hd__nor2_1)
                                                         net6 (net)
                      0.120151    0.000010    2.283056 ^ _08_/A (sky130_fd_sc_hd__clkbuf_1)
     1    0.001851    0.036091    0.093081    2.376137 ^ _08_/X (sky130_fd_sc_hd__clkbuf_1)
                                                         net8 (net)
                      0.036091    0.000000    2.376137 ^ output8/A (sky130_fd_sc_hd__buf_2)
     1    0.034029    0.168989    0.194166    2.570303 ^ output8/X (sky130_fd_sc_hd__buf_2)
                                                         bm_01_00[1] (net)
                      0.168989    0.000085    2.570388 ^ bm_01_00[1] (out)
                                              2.570388   data arrival time

                      0.000000   10.000000   10.000000   clock __VIRTUAL_CLK__ (rise edge)
                                  0.000000   10.000000   clock network delay (ideal)
                                 -0.250000    9.750000   clock uncertainty
                                  0.000000    9.750000   clock reconvergence pessimism
                                 -2.000000    7.750000   output external delay
                                              7.750000   data required time
---------------------------------------------------------------------------------------------
                                              7.750000   data required time
                                             -2.570388   data arrival time
---------------------------------------------------------------------------------------------
                                              5.179612   slack (MET)


Startpoint: received[0] (input port clocked by __VIRTUAL_CLK__)
Endpoint: bm_10_11[1] (output port clocked by __VIRTUAL_CLK__)
Path Group: __VIRTUAL_CLK__
Path Type: max

Fanout         Cap        Slew       Delay        Time   Description
---------------------------------------------------------------------------------------------
                      0.000000    0.000000    0.000000   clock __VIRTUAL_CLK__ (rise edge)
                                  0.000000    0.000000   clock network delay (ideal)
                                  2.000000    2.000000 v input external delay
     1    0.002685    0.008367    0.004219    2.004219 v received[0] (in)
                                                         received[0] (net)
                      0.008367    0.000000    2.004219 v input1/A (sky130_fd_sc_hd__clkbuf_2)
     6    0.021189    0.086046    0.136916    2.141135 v input1/X (sky130_fd_sc_hd__clkbuf_2)
                                                         net1 (net)
                      0.086047    0.000418    2.141552 v _04_/A_N (sky130_fd_sc_hd__and2b_1)
     2    0.004529    0.057380    0.211744    2.353296 ^ _04_/X (sky130_fd_sc_hd__and2b_1)
                                                         net14 (net)
                      0.057380    0.000013    2.353309 ^ output14/A (sky130_fd_sc_hd__buf_2)
     1    0.034065    0.169154    0.202373    2.555682 ^ output14/X (sky130_fd_sc_hd__buf_2)
                                                         bm_10_11[1] (net)
                      0.169154    0.000093    2.555775 ^ bm_10_11[1] (out)
                                              2.555775   data arrival time

                      0.000000   10.000000   10.000000   clock __VIRTUAL_CLK__ (rise edge)
                                  0.000000   10.000000   clock network delay (ideal)
                                 -0.250000    9.750000   clock uncertainty
                                  0.000000    9.750000   clock reconvergence pessimism
                                 -2.000000    7.750000   output external delay
                                              7.750000   data required time
---------------------------------------------------------------------------------------------
                                              7.750000   data required time
                                             -2.555775   data arrival time
---------------------------------------------------------------------------------------------
                                              5.194225   slack (MET)


Startpoint: received[1] (input port clocked by __VIRTUAL_CLK__)
Endpoint: bm_10_01[1] (output port clocked by __VIRTUAL_CLK__)
Path Group: __VIRTUAL_CLK__
Path Type: max

Fanout         Cap        Slew       Delay        Time   Description
---------------------------------------------------------------------------------------------
                      0.000000    0.000000    0.000000   clock __VIRTUAL_CLK__ (rise edge)
                                  0.000000    0.000000   clock network delay (ideal)
                                  2.000000    2.000000 v input external delay
     1    0.002633    0.008246    0.004130    2.004130 v received[1] (in)
                                                         received[1] (net)
                      0.008246    0.000000    2.004130 v input2/A (sky130_fd_sc_hd__clkbuf_2)
     6    0.020994    0.085360    0.136315    2.140445 v input2/X (sky130_fd_sc_hd__clkbuf_2)
                                                         net2 (net)
                      0.085360    0.000322    2.140767 v _05_/A_N (sky130_fd_sc_hd__and2b_1)
     2    0.004508    0.057217    0.211291    2.352058 ^ _05_/X (sky130_fd_sc_hd__and2b_1)
                                                         net12 (net)
                      0.057217    0.000005    2.352062 ^ output12/A (sky130_fd_sc_hd__buf_2)
     1    0.034395    0.170711    0.203357    2.555419 ^ output12/X (sky130_fd_sc_hd__buf_2)
                                                         bm_10_01[1] (net)
                      0.170711    0.000170    2.555589 ^ bm_10_01[1] (out)
                                              2.555589   data arrival time

                      0.000000   10.000000   10.000000   clock __VIRTUAL_CLK__ (rise edge)
                                  0.000000   10.000000   clock network delay (ideal)
                                 -0.250000    9.750000   clock uncertainty
                                  0.000000    9.750000   clock reconvergence pessimism
                                 -2.000000    7.750000   output external delay
                                              7.750000   data required time
---------------------------------------------------------------------------------------------
                                              7.750000   data required time
                                             -2.555589   data arrival time
---------------------------------------------------------------------------------------------
                                              5.194410   slack (MET)


Startpoint: received[0] (input port clocked by __VIRTUAL_CLK__)
Endpoint: bm_00_00[1] (output port clocked by __VIRTUAL_CLK__)
Path Group: __VIRTUAL_CLK__
Path Type: max

Fanout         Cap        Slew       Delay        Time   Description
---------------------------------------------------------------------------------------------
                      0.000000    0.000000    0.000000   clock __VIRTUAL_CLK__ (rise edge)
                                  0.000000    0.000000   clock network delay (ideal)
                                  2.000000    2.000000 ^ input external delay
     1    0.002915    0.020228    0.010696    2.010696 ^ received[0] (in)
                                                         received[0] (net)
                      0.020228    0.000000    2.010696 ^ input1/A (sky130_fd_sc_hd__clkbuf_2)
     6    0.022372    0.126859    0.155014    2.165710 ^ input1/X (sky130_fd_sc_hd__clkbuf_2)
                                                         net1 (net)
                      0.126859    0.000349    2.166059 ^ _00_/A (sky130_fd_sc_hd__and2_1)
     2    0.006579    0.078857    0.163743    2.329802 ^ _00_/X (sky130_fd_sc_hd__and2_1)
                                                         net4 (net)
                      0.078857    0.000049    2.329851 ^ output4/A (sky130_fd_sc_hd__buf_2)
     1    0.034376    0.170742    0.211283    2.541135 ^ output4/X (sky130_fd_sc_hd__buf_2)
                                                         bm_00_00[1] (net)
                      0.170742    0.000147    2.541281 ^ bm_00_00[1] (out)
                                              2.541281   data arrival time

                      0.000000   10.000000   10.000000   clock __VIRTUAL_CLK__ (rise edge)
                                  0.000000   10.000000   clock network delay (ideal)
                                 -0.250000    9.750000   clock uncertainty
                                  0.000000    9.750000   clock reconvergence pessimism
                                 -2.000000    7.750000   output external delay
                                              7.750000   data required time
---------------------------------------------------------------------------------------------
                                              7.750000   data required time
                                             -2.541281   data arrival time
---------------------------------------------------------------------------------------------
                                              5.208718   slack (MET)


Startpoint: received[0] (input port clocked by __VIRTUAL_CLK__)
Endpoint: bm_00_10[1] (output port clocked by __VIRTUAL_CLK__)
Path Group: __VIRTUAL_CLK__
Path Type: max

Fanout         Cap        Slew       Delay        Time   Description
---------------------------------------------------------------------------------------------
                      0.000000    0.000000    0.000000   clock __VIRTUAL_CLK__ (rise edge)
                                  0.000000    0.000000   clock network delay (ideal)
                                  2.000000    2.000000 v input external delay
     1    0.002685    0.008367    0.004219    2.004219 v received[0] (in)
                                                         received[0] (net)
                      0.008367    0.000000    2.004219 v input1/A (sky130_fd_sc_hd__clkbuf_2)
     6    0.021189    0.086046    0.136916    2.141135 v input1/X (sky130_fd_sc_hd__clkbuf_2)
                                                         net1 (net)
                      0.086046    0.000301    2.141435 v _01_/A (sky130_fd_sc_hd__nor2_1)
     2    0.005233    0.120151    0.141611    2.283046 ^ _01_/Y (sky130_fd_sc_hd__nor2_1)
                                                         net6 (net)
                      0.120151    0.000022    2.283067 ^ output6/A (sky130_fd_sc_hd__buf_2)
     1    0.034065    0.169517    0.225502    2.508570 ^ output6/X (sky130_fd_sc_hd__buf_2)
                                                         bm_00_10[1] (net)
                      0.169517    0.000093    2.508663 ^ bm_00_10[1] (out)
                                              2.508663   data arrival time

                      0.000000   10.000000   10.000000   clock __VIRTUAL_CLK__ (rise edge)
                                  0.000000   10.000000   clock network delay (ideal)
                                 -0.250000    9.750000   clock uncertainty
                                  0.000000    9.750000   clock reconvergence pessimism
                                 -2.000000    7.750000   output external delay
                                              7.750000   data required time
---------------------------------------------------------------------------------------------
                                              7.750000   data required time
                                             -2.508663   data arrival time
---------------------------------------------------------------------------------------------
                                              5.241337   slack (MET)



