
===========================================================================
report_checks -path_delay max (Setup)
============================================================================
======================= nom_ss_100C_1v60 Corner ===================================

Startpoint: received[0] (input port clocked by __VIRTUAL_CLK__)
Endpoint: bm_00_10[0] (output port clocked by __VIRTUAL_CLK__)
Path Group: __VIRTUAL_CLK__
Path Type: max

Fanout         Cap        Slew       Delay        Time   Description
---------------------------------------------------------------------------------------------
                      0.000000    0.000000    0.000000   clock __VIRTUAL_CLK__ (rise edge)
                                  0.000000    0.000000   clock network delay (ideal)
                                  2.000000    2.000000 ^ input external delay
     6    0.027576    0.205484    0.139332    2.139332 ^ received[0] (in)
                                                         received[0] (net)
                      0.205484    0.000000    2.139332 ^ _02_/A (sky130_fd_sc_hd__xor2_2)
     4    0.038701    0.758332    0.702985    2.842317 ^ _02_/X (sky130_fd_sc_hd__xor2_2)
                                                         bm_00_00[0] (net)
                      0.758332    0.000000    2.842317 ^ _06_/A (sky130_fd_sc_hd__buf_2)
     1    0.033442    0.274165    0.601828    3.444145 ^ _06_/X (sky130_fd_sc_hd__buf_2)
                                                         bm_00_10[0] (net)
                      0.274165    0.000000    3.444145 ^ bm_00_10[0] (out)
                                              3.444145   data arrival time

                      0.000000   10.000000   10.000000   clock __VIRTUAL_CLK__ (rise edge)
                                  0.000000   10.000000   clock network delay (ideal)
                                 -0.250000    9.750000   clock uncertainty
                                  0.000000    9.750000   clock reconvergence pessimism
                                 -2.000000    7.750000   output external delay
                                              7.750000   data required time
---------------------------------------------------------------------------------------------
                                              7.750000   data required time
                                             -3.444145   data arrival time
---------------------------------------------------------------------------------------------
                                              4.305854   slack (MET)


Startpoint: received[0] (input port clocked by __VIRTUAL_CLK__)
Endpoint: bm_01_00[0] (output port clocked by __VIRTUAL_CLK__)
Path Group: __VIRTUAL_CLK__
Path Type: max

Fanout         Cap        Slew       Delay        Time   Description
---------------------------------------------------------------------------------------------
                      0.000000    0.000000    0.000000   clock __VIRTUAL_CLK__ (rise edge)
                                  0.000000    0.000000   clock network delay (ideal)
                                  2.000000    2.000000 ^ input external delay
     6    0.027576    0.205484    0.139332    2.139332 ^ received[0] (in)
                                                         received[0] (net)
                      0.205484    0.000000    2.139332 ^ _02_/A (sky130_fd_sc_hd__xor2_2)
     4    0.038701    0.758332    0.702985    2.842317 ^ _02_/X (sky130_fd_sc_hd__xor2_2)
                                                         bm_00_00[0] (net)
                      0.758332    0.000000    2.842317 ^ _07_/A (sky130_fd_sc_hd__buf_2)
     1    0.033442    0.274165    0.601828    3.444145 ^ _07_/X (sky130_fd_sc_hd__buf_2)
                                                         bm_01_00[0] (net)
                      0.274165    0.000000    3.444145 ^ bm_01_00[0] (out)
                                              3.444145   data arrival time

                      0.000000   10.000000   10.000000   clock __VIRTUAL_CLK__ (rise edge)
                                  0.000000   10.000000   clock network delay (ideal)
                                 -0.250000    9.750000   clock uncertainty
                                  0.000000    9.750000   clock reconvergence pessimism
                                 -2.000000    7.750000   output external delay
                                              7.750000   data required time
---------------------------------------------------------------------------------------------
                                              7.750000   data required time
                                             -3.444145   data arrival time
---------------------------------------------------------------------------------------------
                                              4.305854   slack (MET)


Startpoint: received[0] (input port clocked by __VIRTUAL_CLK__)
Endpoint: bm_01_10[0] (output port clocked by __VIRTUAL_CLK__)
Path Group: __VIRTUAL_CLK__
Path Type: max

Fanout         Cap        Slew       Delay        Time   Description
---------------------------------------------------------------------------------------------
                      0.000000    0.000000    0.000000   clock __VIRTUAL_CLK__ (rise edge)
                                  0.000000    0.000000   clock network delay (ideal)
                                  2.000000    2.000000 ^ input external delay
     6    0.027576    0.205484    0.139332    2.139332 ^ received[0] (in)
                                                         received[0] (net)
                      0.205484    0.000000    2.139332 ^ _02_/A (sky130_fd_sc_hd__xor2_2)
     4    0.038701    0.758332    0.702985    2.842317 ^ _02_/X (sky130_fd_sc_hd__xor2_2)
                                                         bm_00_00[0] (net)
                      0.758332    0.000000    2.842317 ^ _09_/A (sky130_fd_sc_hd__buf_2)
     1    0.033442    0.274165    0.601828    3.444145 ^ _09_/X (sky130_fd_sc_hd__buf_2)
                                                         bm_01_10[0] (net)
                      0.274165    0.000000    3.444145 ^ bm_01_10[0] (out)
                                              3.444145   data arrival time

                      0.000000   10.000000   10.000000   clock __VIRTUAL_CLK__ (rise edge)
                                  0.000000   10.000000   clock network delay (ideal)
                                 -0.250000    9.750000   clock uncertainty
                                  0.000000    9.750000   clock reconvergence pessimism
                                 -2.000000    7.750000   output external delay
                                              7.750000   data required time
---------------------------------------------------------------------------------------------
                                              7.750000   data required time
                                             -3.444145   data arrival time
---------------------------------------------------------------------------------------------
                                              4.305854   slack (MET)


Startpoint: received[0] (input port clocked by __VIRTUAL_CLK__)
Endpoint: bm_10_11[0] (output port clocked by __VIRTUAL_CLK__)
Path Group: __VIRTUAL_CLK__
Path Type: max

Fanout         Cap        Slew       Delay        Time   Description
---------------------------------------------------------------------------------------------
                      0.000000    0.000000    0.000000   clock __VIRTUAL_CLK__ (rise edge)
                                  0.000000    0.000000   clock network delay (ideal)
                                  2.000000    2.000000 v input external delay
     6    0.025687    0.113439    0.078896    2.078896 v received[0] (in)
                                                         received[0] (net)
                      0.113439    0.000000    2.078896 v _03_/A (sky130_fd_sc_hd__xnor2_2)
     4    0.038701    0.804586    0.719343    2.798238 ^ _03_/Y (sky130_fd_sc_hd__xnor2_2)
                                                         bm_10_01[0] (net)
                      0.804586    0.000000    2.798238 ^ _11_/A (sky130_fd_sc_hd__buf_2)
     1    0.033442    0.274717    0.613559    3.411798 ^ _11_/X (sky130_fd_sc_hd__buf_2)
                                                         bm_10_11[0] (net)
                      0.274717    0.000000    3.411798 ^ bm_10_11[0] (out)
                                              3.411798   data arrival time

                      0.000000   10.000000   10.000000   clock __VIRTUAL_CLK__ (rise edge)
                                  0.000000   10.000000   clock network delay (ideal)
                                 -0.250000    9.750000   clock uncertainty
                                  0.000000    9.750000   clock reconvergence pessimism
                                 -2.000000    7.750000   output external delay
                                              7.750000   data required time
---------------------------------------------------------------------------------------------
                                              7.750000   data required time
                                             -3.411798   data arrival time
---------------------------------------------------------------------------------------------
                                              4.338202   slack (MET)


Startpoint: received[0] (input port clocked by __VIRTUAL_CLK__)
Endpoint: bm_11_01[0] (output port clocked by __VIRTUAL_CLK__)
Path Group: __VIRTUAL_CLK__
Path Type: max

Fanout         Cap        Slew       Delay        Time   Description
---------------------------------------------------------------------------------------------
                      0.000000    0.000000    0.000000   clock __VIRTUAL_CLK__ (rise edge)
                                  0.000000    0.000000   clock network delay (ideal)
                                  2.000000    2.000000 v input external delay
     6    0.025687    0.113439    0.078896    2.078896 v received[0] (in)
                                                         received[0] (net)
                      0.113439    0.000000    2.078896 v _03_/A (sky130_fd_sc_hd__xnor2_2)
     4    0.038701    0.804586    0.719343    2.798238 ^ _03_/Y (sky130_fd_sc_hd__xnor2_2)
                                                         bm_10_01[0] (net)
                      0.804586    0.000000    2.798238 ^ _12_/A (sky130_fd_sc_hd__buf_2)
     1    0.033442    0.274717    0.613559    3.411798 ^ _12_/X (sky130_fd_sc_hd__buf_2)
                                                         bm_11_01[0] (net)
                      0.274717    0.000000    3.411798 ^ bm_11_01[0] (out)
                                              3.411798   data arrival time

                      0.000000   10.000000   10.000000   clock __VIRTUAL_CLK__ (rise edge)
                                  0.000000   10.000000   clock network delay (ideal)
                                 -0.250000    9.750000   clock uncertainty
                                  0.000000    9.750000   clock reconvergence pessimism
                                 -2.000000    7.750000   output external delay
                                              7.750000   data required time
---------------------------------------------------------------------------------------------
                                              7.750000   data required time
                                             -3.411798   data arrival time
---------------------------------------------------------------------------------------------
                                              4.338202   slack (MET)


Startpoint: received[0] (input port clocked by __VIRTUAL_CLK__)
Endpoint: bm_11_11[0] (output port clocked by __VIRTUAL_CLK__)
Path Group: __VIRTUAL_CLK__
Path Type: max

Fanout         Cap        Slew       Delay        Time   Description
---------------------------------------------------------------------------------------------
                      0.000000    0.000000    0.000000   clock __VIRTUAL_CLK__ (rise edge)
                                  0.000000    0.000000   clock network delay (ideal)
                                  2.000000    2.000000 v input external delay
     6    0.025687    0.113439    0.078896    2.078896 v received[0] (in)
                                                         received[0] (net)
                      0.113439    0.000000    2.078896 v _03_/A (sky130_fd_sc_hd__xnor2_2)
     4    0.038701    0.804586    0.719343    2.798238 ^ _03_/Y (sky130_fd_sc_hd__xnor2_2)
                                                         bm_10_01[0] (net)
                      0.804586    0.000000    2.798238 ^ _14_/A (sky130_fd_sc_hd__buf_2)
     1    0.033442    0.274717    0.613559    3.411798 ^ _14_/X (sky130_fd_sc_hd__buf_2)
                                                         bm_11_11[0] (net)
                      0.274717    0.000000    3.411798 ^ bm_11_11[0] (out)
                                              3.411798   data arrival time

                      0.000000   10.000000   10.000000   clock __VIRTUAL_CLK__ (rise edge)
                                  0.000000   10.000000   clock network delay (ideal)
                                 -0.250000    9.750000   clock uncertainty
                                  0.000000    9.750000   clock reconvergence pessimism
                                 -2.000000    7.750000   output external delay
                                              7.750000   data required time
---------------------------------------------------------------------------------------------
                                              7.750000   data required time
                                             -3.411798   data arrival time
---------------------------------------------------------------------------------------------
                                              4.338202   slack (MET)


Startpoint: received[0] (input port clocked by __VIRTUAL_CLK__)
Endpoint: bm_01_00[1] (output port clocked by __VIRTUAL_CLK__)
Path Group: __VIRTUAL_CLK__
Path Type: max

Fanout         Cap        Slew       Delay        Time   Description
---------------------------------------------------------------------------------------------
                      0.000000    0.000000    0.000000   clock __VIRTUAL_CLK__ (rise edge)
                                  0.000000    0.000000   clock network delay (ideal)
                                  2.000000    2.000000 v input external delay
     6    0.025687    0.113439    0.078896    2.078896 v received[0] (in)
                                                         received[0] (net)
                      0.113439    0.000000    2.078896 v _01_/A (sky130_fd_sc_hd__nor2_2)
     2    0.035195    0.636834    0.574292    2.653188 ^ _01_/Y (sky130_fd_sc_hd__nor2_2)
                                                         bm_00_10[1] (net)
                      0.636834    0.000000    2.653188 ^ _08_/A (sky130_fd_sc_hd__buf_2)
     1    0.033442    0.272715    0.571014    3.224202 ^ _08_/X (sky130_fd_sc_hd__buf_2)
                                                         bm_01_00[1] (net)
                      0.272715    0.000000    3.224202 ^ bm_01_00[1] (out)
                                              3.224202   data arrival time

                      0.000000   10.000000   10.000000   clock __VIRTUAL_CLK__ (rise edge)
                                  0.000000   10.000000   clock network delay (ideal)
                                 -0.250000    9.750000   clock uncertainty
                                  0.000000    9.750000   clock reconvergence pessimism
                                 -2.000000    7.750000   output external delay
                                              7.750000   data required time
---------------------------------------------------------------------------------------------
                                              7.750000   data required time
                                             -3.224202   data arrival time
---------------------------------------------------------------------------------------------
                                              4.525798   slack (MET)


Startpoint: received[0] (input port clocked by __VIRTUAL_CLK__)
Endpoint: bm_11_01[1] (output port clocked by __VIRTUAL_CLK__)
Path Group: __VIRTUAL_CLK__
Path Type: max

Fanout         Cap        Slew       Delay        Time   Description
---------------------------------------------------------------------------------------------
                      0.000000    0.000000    0.000000   clock __VIRTUAL_CLK__ (rise edge)
                                  0.000000    0.000000   clock network delay (ideal)
                                  2.000000    2.000000 ^ input external delay
     6    0.027576    0.205484    0.139332    2.139332 ^ received[0] (in)
                                                         received[0] (net)
                      0.205484    0.000000    2.139332 ^ _04_/A_N (sky130_fd_sc_hd__and2b_2)
     2    0.035067    0.202080    0.646735    2.786066 v _04_/X (sky130_fd_sc_hd__and2b_2)
                                                         bm_10_11[1] (net)
                      0.202080    0.000000    2.786066 v _13_/A (sky130_fd_sc_hd__buf_2)
     1    0.033442    0.165456    0.405853    3.191920 v _13_/X (sky130_fd_sc_hd__buf_2)
                                                         bm_11_01[1] (net)
                      0.165456    0.000000    3.191920 v bm_11_01[1] (out)
                                              3.191920   data arrival time

                      0.000000   10.000000   10.000000   clock __VIRTUAL_CLK__ (rise edge)
                                  0.000000   10.000000   clock network delay (ideal)
                                 -0.250000    9.750000   clock uncertainty
                                  0.000000    9.750000   clock reconvergence pessimism
                                 -2.000000    7.750000   output external delay
                                              7.750000   data required time
---------------------------------------------------------------------------------------------
                                              7.750000   data required time
                                             -3.191920   data arrival time
---------------------------------------------------------------------------------------------
                                              4.558080   slack (MET)


Startpoint: received[1] (input port clocked by __VIRTUAL_CLK__)
Endpoint: bm_11_11[1] (output port clocked by __VIRTUAL_CLK__)
Path Group: __VIRTUAL_CLK__
Path Type: max

Fanout         Cap        Slew       Delay        Time   Description
---------------------------------------------------------------------------------------------
                      0.000000    0.000000    0.000000   clock __VIRTUAL_CLK__ (rise edge)
                                  0.000000    0.000000   clock network delay (ideal)
                                  2.000000    2.000000 ^ input external delay
     6    0.026298    0.196531    0.133018    2.133018 ^ received[1] (in)
                                                         received[1] (net)
                      0.196531    0.000000    2.133018 ^ _05_/A_N (sky130_fd_sc_hd__and2b_2)
     2    0.035067    0.202058    0.642899    2.775917 v _05_/X (sky130_fd_sc_hd__and2b_2)
                                                         bm_10_01[1] (net)
                      0.202058    0.000000    2.775917 v _15_/A (sky130_fd_sc_hd__buf_2)
     1    0.033442    0.165456    0.405842    3.181759 v _15_/X (sky130_fd_sc_hd__buf_2)
                                                         bm_11_11[1] (net)
                      0.165456    0.000000    3.181759 v bm_11_11[1] (out)
                                              3.181759   data arrival time

                      0.000000   10.000000   10.000000   clock __VIRTUAL_CLK__ (rise edge)
                                  0.000000   10.000000   clock network delay (ideal)
                                 -0.250000    9.750000   clock uncertainty
                                  0.000000    9.750000   clock reconvergence pessimism
                                 -2.000000    7.750000   output external delay
                                              7.750000   data required time
---------------------------------------------------------------------------------------------
                                              7.750000   data required time
                                             -3.181759   data arrival time
---------------------------------------------------------------------------------------------
                                              4.568241   slack (MET)


Startpoint: received[0] (input port clocked by __VIRTUAL_CLK__)
Endpoint: bm_01_10[1] (output port clocked by __VIRTUAL_CLK__)
Path Group: __VIRTUAL_CLK__
Path Type: max

Fanout         Cap        Slew       Delay        Time   Description
---------------------------------------------------------------------------------------------
                      0.000000    0.000000    0.000000   clock __VIRTUAL_CLK__ (rise edge)
                                  0.000000    0.000000   clock network delay (ideal)
                                  2.000000    2.000000 ^ input external delay
     6    0.027576    0.205484    0.139332    2.139332 ^ received[0] (in)
                                                         received[0] (net)
                      0.205484    0.000000    2.139332 ^ _00_/A (sky130_fd_sc_hd__and2_2)
     2    0.035195    0.308365    0.508938    2.648270 ^ _00_/X (sky130_fd_sc_hd__and2_2)
                                                         bm_00_00[1] (net)
                      0.308365    0.000000    2.648270 ^ _10_/A (sky130_fd_sc_hd__buf_2)
     1    0.033442    0.270670    0.444435    3.092705 ^ _10_/X (sky130_fd_sc_hd__buf_2)
                                                         bm_01_10[1] (net)
                      0.270670    0.000000    3.092705 ^ bm_01_10[1] (out)
                                              3.092705   data arrival time

                      0.000000   10.000000   10.000000   clock __VIRTUAL_CLK__ (rise edge)
                                  0.000000   10.000000   clock network delay (ideal)
                                 -0.250000    9.750000   clock uncertainty
                                  0.000000    9.750000   clock reconvergence pessimism
                                 -2.000000    7.750000   output external delay
                                              7.750000   data required time
---------------------------------------------------------------------------------------------
                                              7.750000   data required time
                                             -3.092705   data arrival time
---------------------------------------------------------------------------------------------
                                              4.657295   slack (MET)


Startpoint: received[0] (input port clocked by __VIRTUAL_CLK__)
Endpoint: bm_00_00[0] (output port clocked by __VIRTUAL_CLK__)
Path Group: __VIRTUAL_CLK__
Path Type: max

Fanout         Cap        Slew       Delay        Time   Description
---------------------------------------------------------------------------------------------
                      0.000000    0.000000    0.000000   clock __VIRTUAL_CLK__ (rise edge)
                                  0.000000    0.000000   clock network delay (ideal)
                                  2.000000    2.000000 ^ input external delay
     6    0.027576    0.205484    0.139332    2.139332 ^ received[0] (in)
                                                         received[0] (net)
                      0.205484    0.000000    2.139332 ^ _02_/A (sky130_fd_sc_hd__xor2_2)
     4    0.038701    0.758332    0.702985    2.842317 ^ _02_/X (sky130_fd_sc_hd__xor2_2)
                                                         bm_00_00[0] (net)
                      0.758332    0.000000    2.842317 ^ bm_00_00[0] (out)
                                              2.842317   data arrival time

                      0.000000   10.000000   10.000000   clock __VIRTUAL_CLK__ (rise edge)
                                  0.000000   10.000000   clock network delay (ideal)
                                 -0.250000    9.750000   clock uncertainty
                                  0.000000    9.750000   clock reconvergence pessimism
                                 -2.000000    7.750000   output external delay
                                              7.750000   data required time
---------------------------------------------------------------------------------------------
                                              7.750000   data required time
                                             -2.842317   data arrival time
---------------------------------------------------------------------------------------------
                                              4.907683   slack (MET)


Startpoint: received[0] (input port clocked by __VIRTUAL_CLK__)
Endpoint: bm_10_01[0] (output port clocked by __VIRTUAL_CLK__)
Path Group: __VIRTUAL_CLK__
Path Type: max

Fanout         Cap        Slew       Delay        Time   Description
---------------------------------------------------------------------------------------------
                      0.000000    0.000000    0.000000   clock __VIRTUAL_CLK__ (rise edge)
                                  0.000000    0.000000   clock network delay (ideal)
                                  2.000000    2.000000 v input external delay
     6    0.025687    0.113439    0.078896    2.078896 v received[0] (in)
                                                         received[0] (net)
                      0.113439    0.000000    2.078896 v _03_/A (sky130_fd_sc_hd__xnor2_2)
     4    0.038701    0.804586    0.719343    2.798238 ^ _03_/Y (sky130_fd_sc_hd__xnor2_2)
                                                         bm_10_01[0] (net)
                      0.804586    0.000000    2.798238 ^ bm_10_01[0] (out)
                                              2.798238   data arrival time

                      0.000000   10.000000   10.000000   clock __VIRTUAL_CLK__ (rise edge)
                                  0.000000   10.000000   clock network delay (ideal)
                                 -0.250000    9.750000   clock uncertainty
                                  0.000000    9.750000   clock reconvergence pessimism
                                 -2.000000    7.750000   output external delay
                                              7.750000   data required time
---------------------------------------------------------------------------------------------
                                              7.750000   data required time
                                             -2.798238   data arrival time
---------------------------------------------------------------------------------------------
                                              4.951762   slack (MET)


Startpoint: received[0] (input port clocked by __VIRTUAL_CLK__)
Endpoint: bm_10_11[1] (output port clocked by __VIRTUAL_CLK__)
Path Group: __VIRTUAL_CLK__
Path Type: max

Fanout         Cap        Slew       Delay        Time   Description
---------------------------------------------------------------------------------------------
                      0.000000    0.000000    0.000000   clock __VIRTUAL_CLK__ (rise edge)
                                  0.000000    0.000000   clock network delay (ideal)
                                  2.000000    2.000000 ^ input external delay
     6    0.027576    0.205484    0.139332    2.139332 ^ received[0] (in)
                                                         received[0] (net)
                      0.205484    0.000000    2.139332 ^ _04_/A_N (sky130_fd_sc_hd__and2b_2)
     2    0.035067    0.202080    0.646735    2.786066 v _04_/X (sky130_fd_sc_hd__and2b_2)
                                                         bm_10_11[1] (net)
                      0.202080    0.000000    2.786066 v bm_10_11[1] (out)
                                              2.786066   data arrival time

                      0.000000   10.000000   10.000000   clock __VIRTUAL_CLK__ (rise edge)
                                  0.000000   10.000000   clock network delay (ideal)
                                 -0.250000    9.750000   clock uncertainty
                                  0.000000    9.750000   clock reconvergence pessimism
                                 -2.000000    7.750000   output external delay
                                              7.750000   data required time
---------------------------------------------------------------------------------------------
                                              7.750000   data required time
                                             -2.786066   data arrival time
---------------------------------------------------------------------------------------------
                                              4.963933   slack (MET)


Startpoint: received[1] (input port clocked by __VIRTUAL_CLK__)
Endpoint: bm_10_01[1] (output port clocked by __VIRTUAL_CLK__)
Path Group: __VIRTUAL_CLK__
Path Type: max

Fanout         Cap        Slew       Delay        Time   Description
---------------------------------------------------------------------------------------------
                      0.000000    0.000000    0.000000   clock __VIRTUAL_CLK__ (rise edge)
                                  0.000000    0.000000   clock network delay (ideal)
                                  2.000000    2.000000 ^ input external delay
     6    0.026298    0.196531    0.133018    2.133018 ^ received[1] (in)
                                                         received[1] (net)
                      0.196531    0.000000    2.133018 ^ _05_/A_N (sky130_fd_sc_hd__and2b_2)
     2    0.035067    0.202058    0.642899    2.775917 v _05_/X (sky130_fd_sc_hd__and2b_2)
                                                         bm_10_01[1] (net)
                      0.202058    0.000000    2.775917 v bm_10_01[1] (out)
                                              2.775917   data arrival time

                      0.000000   10.000000   10.000000   clock __VIRTUAL_CLK__ (rise edge)
                                  0.000000   10.000000   clock network delay (ideal)
                                 -0.250000    9.750000   clock uncertainty
                                  0.000000    9.750000   clock reconvergence pessimism
                                 -2.000000    7.750000   output external delay
                                              7.750000   data required time
---------------------------------------------------------------------------------------------
                                              7.750000   data required time
                                             -2.775917   data arrival time
---------------------------------------------------------------------------------------------
                                              4.974083   slack (MET)


Startpoint: received[0] (input port clocked by __VIRTUAL_CLK__)
Endpoint: bm_00_10[1] (output port clocked by __VIRTUAL_CLK__)
Path Group: __VIRTUAL_CLK__
Path Type: max

Fanout         Cap        Slew       Delay        Time   Description
---------------------------------------------------------------------------------------------
                      0.000000    0.000000    0.000000   clock __VIRTUAL_CLK__ (rise edge)
                                  0.000000    0.000000   clock network delay (ideal)
                                  2.000000    2.000000 v input external delay
     6    0.025687    0.113439    0.078896    2.078896 v received[0] (in)
                                                         received[0] (net)
                      0.113439    0.000000    2.078896 v _01_/A (sky130_fd_sc_hd__nor2_2)
     2    0.035195    0.636834    0.574292    2.653188 ^ _01_/Y (sky130_fd_sc_hd__nor2_2)
                                                         bm_00_10[1] (net)
                      0.636834    0.000000    2.653188 ^ bm_00_10[1] (out)
                                              2.653188   data arrival time

                      0.000000   10.000000   10.000000   clock __VIRTUAL_CLK__ (rise edge)
                                  0.000000   10.000000   clock network delay (ideal)
                                 -0.250000    9.750000   clock uncertainty
                                  0.000000    9.750000   clock reconvergence pessimism
                                 -2.000000    7.750000   output external delay
                                              7.750000   data required time
---------------------------------------------------------------------------------------------
                                              7.750000   data required time
                                             -2.653188   data arrival time
---------------------------------------------------------------------------------------------
                                              5.096812   slack (MET)


Startpoint: received[0] (input port clocked by __VIRTUAL_CLK__)
Endpoint: bm_00_00[1] (output port clocked by __VIRTUAL_CLK__)
Path Group: __VIRTUAL_CLK__
Path Type: max

Fanout         Cap        Slew       Delay        Time   Description
---------------------------------------------------------------------------------------------
                      0.000000    0.000000    0.000000   clock __VIRTUAL_CLK__ (rise edge)
                                  0.000000    0.000000   clock network delay (ideal)
                                  2.000000    2.000000 ^ input external delay
     6    0.027576    0.205484    0.139332    2.139332 ^ received[0] (in)
                                                         received[0] (net)
                      0.205484    0.000000    2.139332 ^ _00_/A (sky130_fd_sc_hd__and2_2)
     2    0.035195    0.308365    0.508938    2.648270 ^ _00_/X (sky130_fd_sc_hd__and2_2)
                                                         bm_00_00[1] (net)
                      0.308365    0.000000    2.648270 ^ bm_00_00[1] (out)
                                              2.648270   data arrival time

                      0.000000   10.000000   10.000000   clock __VIRTUAL_CLK__ (rise edge)
                                  0.000000   10.000000   clock network delay (ideal)
                                 -0.250000    9.750000   clock uncertainty
                                  0.000000    9.750000   clock reconvergence pessimism
                                 -2.000000    7.750000   output external delay
                                              7.750000   data required time
---------------------------------------------------------------------------------------------
                                              7.750000   data required time
                                             -2.648270   data arrival time
---------------------------------------------------------------------------------------------
                                              5.101730   slack (MET)



