
===========================================================================
report_checks -path_delay max (Setup)
============================================================================
======================= min_tt_025C_1v80 Corner ===================================

Startpoint: received[1] (input port clocked by __VIRTUAL_CLK__)
Endpoint: bm_01_10[0] (output port clocked by __VIRTUAL_CLK__)
Path Group: __VIRTUAL_CLK__
Path Type: max

Fanout         Cap        Slew       Delay        Time   Description
---------------------------------------------------------------------------------------------
                      0.000000    0.000000    0.000000   clock __VIRTUAL_CLK__ (rise edge)
                                  0.000000    0.000000   clock network delay (ideal)
                                  2.000000    2.000000 ^ input external delay
     1    0.002806    0.019757    0.010319    2.010319 ^ received[1] (in)
                                                         received[1] (net)
                      0.019757    0.000000    2.010319 ^ input2/A (sky130_fd_sc_hd__clkbuf_2)
     6    0.025582    0.143613    0.166032    2.176351 ^ input2/X (sky130_fd_sc_hd__clkbuf_2)
                                                         net2 (net)
                      0.143629    0.001229    2.177579 ^ _02_/B (sky130_fd_sc_hd__xor2_1)
     4    0.012856    0.291250    0.290507    2.468086 ^ _02_/X (sky130_fd_sc_hd__xor2_1)
                                                         net3 (net)
                      0.291250    0.000076    2.468162 ^ _09_/A (sky130_fd_sc_hd__clkbuf_1)
     1    0.002380    0.042586    0.121565    2.589727 ^ _09_/X (sky130_fd_sc_hd__clkbuf_1)
                                                         net9 (net)
                      0.042586    0.000024    2.589750 ^ output9/A (sky130_fd_sc_hd__buf_2)
     1    0.034638    0.171834    0.198557    2.788307 ^ output9/X (sky130_fd_sc_hd__buf_2)
                                                         bm_01_10[0] (net)
                      0.171834    0.000254    2.788561 ^ bm_01_10[0] (out)
                                              2.788561   data arrival time

                      0.000000   10.000000   10.000000   clock __VIRTUAL_CLK__ (rise edge)
                                  0.000000   10.000000   clock network delay (ideal)
                                 -0.250000    9.750000   clock uncertainty
                                  0.000000    9.750000   clock reconvergence pessimism
                                 -2.000000    7.750000   output external delay
                                              7.750000   data required time
---------------------------------------------------------------------------------------------
                                              7.750000   data required time
                                             -2.788561   data arrival time
---------------------------------------------------------------------------------------------
                                              4.961439   slack (MET)


Startpoint: received[1] (input port clocked by __VIRTUAL_CLK__)
Endpoint: bm_00_10[0] (output port clocked by __VIRTUAL_CLK__)
Path Group: __VIRTUAL_CLK__
Path Type: max

Fanout         Cap        Slew       Delay        Time   Description
---------------------------------------------------------------------------------------------
                      0.000000    0.000000    0.000000   clock __VIRTUAL_CLK__ (rise edge)
                                  0.000000    0.000000   clock network delay (ideal)
                                  2.000000    2.000000 ^ input external delay
     1    0.002806    0.019757    0.010319    2.010319 ^ received[1] (in)
                                                         received[1] (net)
                      0.019757    0.000000    2.010319 ^ input2/A (sky130_fd_sc_hd__clkbuf_2)
     6    0.025582    0.143613    0.166032    2.176351 ^ input2/X (sky130_fd_sc_hd__clkbuf_2)
                                                         net2 (net)
                      0.143629    0.001229    2.177579 ^ _02_/B (sky130_fd_sc_hd__xor2_1)
     4    0.012856    0.291250    0.290507    2.468086 ^ _02_/X (sky130_fd_sc_hd__xor2_1)
                                                         net3 (net)
                      0.291250    0.000190    2.468276 ^ _06_/A (sky130_fd_sc_hd__clkbuf_1)
     1    0.002098    0.039865    0.119152    2.587429 ^ _06_/X (sky130_fd_sc_hd__clkbuf_1)
                                                         net5 (net)
                      0.039865    0.000018    2.587447 ^ output5/A (sky130_fd_sc_hd__buf_2)
     1    0.034031    0.169000    0.195547    2.782994 ^ output5/X (sky130_fd_sc_hd__buf_2)
                                                         bm_00_10[0] (net)
                      0.169000    0.000185    2.783179 ^ bm_00_10[0] (out)
                                              2.783179   data arrival time

                      0.000000   10.000000   10.000000   clock __VIRTUAL_CLK__ (rise edge)
                                  0.000000   10.000000   clock network delay (ideal)
                                 -0.250000    9.750000   clock uncertainty
                                  0.000000    9.750000   clock reconvergence pessimism
                                 -2.000000    7.750000   output external delay
                                              7.750000   data required time
---------------------------------------------------------------------------------------------
                                              7.750000   data required time
                                             -2.783179   data arrival time
---------------------------------------------------------------------------------------------
                                              4.966821   slack (MET)


Startpoint: received[1] (input port clocked by __VIRTUAL_CLK__)
Endpoint: bm_01_00[0] (output port clocked by __VIRTUAL_CLK__)
Path Group: __VIRTUAL_CLK__
Path Type: max

Fanout         Cap        Slew       Delay        Time   Description
---------------------------------------------------------------------------------------------
                      0.000000    0.000000    0.000000   clock __VIRTUAL_CLK__ (rise edge)
                                  0.000000    0.000000   clock network delay (ideal)
                                  2.000000    2.000000 ^ input external delay
     1    0.002806    0.019757    0.010319    2.010319 ^ received[1] (in)
                                                         received[1] (net)
                      0.019757    0.000000    2.010319 ^ input2/A (sky130_fd_sc_hd__clkbuf_2)
     6    0.025582    0.143613    0.166032    2.176351 ^ input2/X (sky130_fd_sc_hd__clkbuf_2)
                                                         net2 (net)
                      0.143629    0.001229    2.177579 ^ _02_/B (sky130_fd_sc_hd__xor2_1)
     4    0.012856    0.291250    0.290507    2.468086 ^ _02_/X (sky130_fd_sc_hd__xor2_1)
                                                         net3 (net)
                      0.291250    0.000120    2.468206 ^ _07_/A (sky130_fd_sc_hd__clkbuf_1)
     1    0.001943    0.039531    0.117826    2.586033 ^ _07_/X (sky130_fd_sc_hd__clkbuf_1)
                                                         net7 (net)
                      0.039531    0.000008    2.586040 ^ output7/A (sky130_fd_sc_hd__buf_2)
     1    0.033985    0.168788    0.195275    2.781316 ^ output7/X (sky130_fd_sc_hd__buf_2)
                                                         bm_01_00[0] (net)
                      0.168788    0.000176    2.781492 ^ bm_01_00[0] (out)
                                              2.781492   data arrival time

                      0.000000   10.000000   10.000000   clock __VIRTUAL_CLK__ (rise edge)
                                  0.000000   10.000000   clock network delay (ideal)
                                 -0.250000    9.750000   clock uncertainty
                                  0.000000    9.750000   clock reconvergence pessimism
                                 -2.000000    7.750000   output external delay
                                              7.750000   data required time
---------------------------------------------------------------------------------------------
                                              7.750000   data required time
                                             -2.781492   data arrival time
---------------------------------------------------------------------------------------------
                                              4.968508   slack (MET)


Startpoint: received[0] (input port clocked by __VIRTUAL_CLK__)
Endpoint: bm_11_11[0] (output port clocked by __VIRTUAL_CLK__)
Path Group: __VIRTUAL_CLK__
Path Type: max

Fanout         Cap        Slew       Delay        Time   Description
---------------------------------------------------------------------------------------------
                      0.000000    0.000000    0.000000   clock __VIRTUAL_CLK__ (rise edge)
                                  0.000000    0.000000   clock network delay (ideal)
                                  2.000000    2.000000 v input external delay
     1    0.002649    0.008282    0.004164    2.004164 v received[0] (in)
                                                         received[0] (net)
                      0.008282    0.000000    2.004164 v input1/A (sky130_fd_sc_hd__clkbuf_2)
     6    0.024062    0.096369    0.144397    2.148561 v input1/X (sky130_fd_sc_hd__clkbuf_2)
                                                         net1 (net)
                      0.096380    0.001080    2.149640 v _03_/A (sky130_fd_sc_hd__xnor2_1)
     4    0.011960    0.295560    0.303022    2.452662 ^ _03_/Y (sky130_fd_sc_hd__xnor2_1)
                                                         net11 (net)
                      0.295560    0.000175    2.452837 ^ _14_/A (sky130_fd_sc_hd__clkbuf_1)
     1    0.002646    0.045258    0.124121    2.576958 ^ _14_/X (sky130_fd_sc_hd__clkbuf_1)
                                                         net17 (net)
                      0.045258    0.000032    2.576990 ^ output17/A (sky130_fd_sc_hd__buf_2)
     1    0.034352    0.170521    0.198638    2.775628 ^ output17/X (sky130_fd_sc_hd__buf_2)
                                                         bm_11_11[0] (net)
                      0.170521    0.000245    2.775873 ^ bm_11_11[0] (out)
                                              2.775873   data arrival time

                      0.000000   10.000000   10.000000   clock __VIRTUAL_CLK__ (rise edge)
                                  0.000000   10.000000   clock network delay (ideal)
                                 -0.250000    9.750000   clock uncertainty
                                  0.000000    9.750000   clock reconvergence pessimism
                                 -2.000000    7.750000   output external delay
                                              7.750000   data required time
---------------------------------------------------------------------------------------------
                                              7.750000   data required time
                                             -2.775873   data arrival time
---------------------------------------------------------------------------------------------
                                              4.974127   slack (MET)


Startpoint: received[0] (input port clocked by __VIRTUAL_CLK__)
Endpoint: bm_10_11[0] (output port clocked by __VIRTUAL_CLK__)
Path Group: __VIRTUAL_CLK__
Path Type: max

Fanout         Cap        Slew       Delay        Time   Description
---------------------------------------------------------------------------------------------
                      0.000000    0.000000    0.000000   clock __VIRTUAL_CLK__ (rise edge)
                                  0.000000    0.000000   clock network delay (ideal)
                                  2.000000    2.000000 v input external delay
     1    0.002649    0.008282    0.004164    2.004164 v received[0] (in)
                                                         received[0] (net)
                      0.008282    0.000000    2.004164 v input1/A (sky130_fd_sc_hd__clkbuf_2)
     6    0.024062    0.096369    0.144397    2.148561 v input1/X (sky130_fd_sc_hd__clkbuf_2)
                                                         net1 (net)
                      0.096380    0.001080    2.149640 v _03_/A (sky130_fd_sc_hd__xnor2_1)
     4    0.011960    0.295560    0.303022    2.452662 ^ _03_/Y (sky130_fd_sc_hd__xnor2_1)
                                                         net11 (net)
                      0.295560    0.000094    2.452756 ^ _11_/A (sky130_fd_sc_hd__clkbuf_1)
     1    0.002112    0.040073    0.119552    2.572308 ^ _11_/X (sky130_fd_sc_hd__clkbuf_1)
                                                         net13 (net)
                      0.040073    0.000018    2.572326 ^ output13/A (sky130_fd_sc_hd__buf_2)
     1    0.034493    0.171158    0.197150    2.769476 ^ output13/X (sky130_fd_sc_hd__buf_2)
                                                         bm_10_11[0] (net)
                      0.171158    0.000202    2.769678 ^ bm_10_11[0] (out)
                                              2.769678   data arrival time

                      0.000000   10.000000   10.000000   clock __VIRTUAL_CLK__ (rise edge)
                                  0.000000   10.000000   clock network delay (ideal)
                                 -0.250000    9.750000   clock uncertainty
                                  0.000000    9.750000   clock reconvergence pessimism
                                 -2.000000    7.750000   output external delay
                                              7.750000   data required time
---------------------------------------------------------------------------------------------
                                              7.750000   data required time
                                             -2.769678   data arrival time
---------------------------------------------------------------------------------------------
                                              4.980322   slack (MET)


Startpoint: received[0] (input port clocked by __VIRTUAL_CLK__)
Endpoint: bm_11_01[0] (output port clocked by __VIRTUAL_CLK__)
Path Group: __VIRTUAL_CLK__
Path Type: max

Fanout         Cap        Slew       Delay        Time   Description
---------------------------------------------------------------------------------------------
                      0.000000    0.000000    0.000000   clock __VIRTUAL_CLK__ (rise edge)
                                  0.000000    0.000000   clock network delay (ideal)
                                  2.000000    2.000000 v input external delay
     1    0.002649    0.008282    0.004164    2.004164 v received[0] (in)
                                                         received[0] (net)
                      0.008282    0.000000    2.004164 v input1/A (sky130_fd_sc_hd__clkbuf_2)
     6    0.024062    0.096369    0.144397    2.148561 v input1/X (sky130_fd_sc_hd__clkbuf_2)
                                                         net1 (net)
                      0.096380    0.001080    2.149640 v _03_/A (sky130_fd_sc_hd__xnor2_1)
     4    0.011960    0.295560    0.303022    2.452662 ^ _03_/Y (sky130_fd_sc_hd__xnor2_1)
                                                         net11 (net)
                      0.295560    0.000157    2.452819 ^ _12_/A (sky130_fd_sc_hd__clkbuf_1)
     1    0.002203    0.040933    0.120323    2.573143 ^ _12_/X (sky130_fd_sc_hd__clkbuf_1)
                                                         net15 (net)
                      0.040933    0.000019    2.573162 ^ output15/A (sky130_fd_sc_hd__buf_2)
     1    0.033987    0.168810    0.195815    2.768976 ^ output15/X (sky130_fd_sc_hd__buf_2)
                                                         bm_11_01[0] (net)
                      0.168810    0.000176    2.769153 ^ bm_11_01[0] (out)
                                              2.769153   data arrival time

                      0.000000   10.000000   10.000000   clock __VIRTUAL_CLK__ (rise edge)
                                  0.000000   10.000000   clock network delay (ideal)
                                 -0.250000    9.750000   clock uncertainty
                                  0.000000    9.750000   clock reconvergence pessimism
                                 -2.000000    7.750000   output external delay
                                              7.750000   data required time
---------------------------------------------------------------------------------------------
                                              7.750000   data required time
                                             -2.769153   data arrival time
---------------------------------------------------------------------------------------------
                                              4.980847   slack (MET)


Startpoint: received[1] (input port clocked by __VIRTUAL_CLK__)
Endpoint: bm_00_00[0] (output port clocked by __VIRTUAL_CLK__)
Path Group: __VIRTUAL_CLK__
Path Type: max

Fanout         Cap        Slew       Delay        Time   Description
---------------------------------------------------------------------------------------------
                      0.000000    0.000000    0.000000   clock __VIRTUAL_CLK__ (rise edge)
                                  0.000000    0.000000   clock network delay (ideal)
                                  2.000000    2.000000 ^ input external delay
     1    0.002806    0.019757    0.010319    2.010319 ^ received[1] (in)
                                                         received[1] (net)
                      0.019757    0.000000    2.010319 ^ input2/A (sky130_fd_sc_hd__clkbuf_2)
     6    0.025582    0.143613    0.166032    2.176351 ^ input2/X (sky130_fd_sc_hd__clkbuf_2)
                                                         net2 (net)
                      0.143629    0.001229    2.177579 ^ _02_/B (sky130_fd_sc_hd__xor2_1)
     4    0.012856    0.291250    0.290507    2.468086 ^ _02_/X (sky130_fd_sc_hd__xor2_1)
                                                         net3 (net)
                      0.291250    0.000205    2.468291 ^ output3/A (sky130_fd_sc_hd__buf_2)
     1    0.034600    0.172317    0.272588    2.740879 ^ output3/X (sky130_fd_sc_hd__buf_2)
                                                         bm_00_00[0] (net)
                      0.172317    0.000360    2.741238 ^ bm_00_00[0] (out)
                                              2.741238   data arrival time

                      0.000000   10.000000   10.000000   clock __VIRTUAL_CLK__ (rise edge)
                                  0.000000   10.000000   clock network delay (ideal)
                                 -0.250000    9.750000   clock uncertainty
                                  0.000000    9.750000   clock reconvergence pessimism
                                 -2.000000    7.750000   output external delay
                                              7.750000   data required time
---------------------------------------------------------------------------------------------
                                              7.750000   data required time
                                             -2.741238   data arrival time
---------------------------------------------------------------------------------------------
                                              5.008761   slack (MET)


Startpoint: received[0] (input port clocked by __VIRTUAL_CLK__)
Endpoint: bm_10_01[0] (output port clocked by __VIRTUAL_CLK__)
Path Group: __VIRTUAL_CLK__
Path Type: max

Fanout         Cap        Slew       Delay        Time   Description
---------------------------------------------------------------------------------------------
                      0.000000    0.000000    0.000000   clock __VIRTUAL_CLK__ (rise edge)
                                  0.000000    0.000000   clock network delay (ideal)
                                  2.000000    2.000000 v input external delay
     1    0.002649    0.008282    0.004164    2.004164 v received[0] (in)
                                                         received[0] (net)
                      0.008282    0.000000    2.004164 v input1/A (sky130_fd_sc_hd__clkbuf_2)
     6    0.024062    0.096369    0.144397    2.148561 v input1/X (sky130_fd_sc_hd__clkbuf_2)
                                                         net1 (net)
                      0.096380    0.001080    2.149640 v _03_/A (sky130_fd_sc_hd__xnor2_1)
     4    0.011960    0.295560    0.303022    2.452662 ^ _03_/Y (sky130_fd_sc_hd__xnor2_1)
                                                         net11 (net)
                      0.295560    0.000060    2.452722 ^ output11/A (sky130_fd_sc_hd__buf_2)
     1    0.033963    0.169385    0.271296    2.724018 ^ output11/X (sky130_fd_sc_hd__buf_2)
                                                         bm_10_01[0] (net)
                      0.169385    0.000167    2.724185 ^ bm_10_01[0] (out)
                                              2.724185   data arrival time

                      0.000000   10.000000   10.000000   clock __VIRTUAL_CLK__ (rise edge)
                                  0.000000   10.000000   clock network delay (ideal)
                                 -0.250000    9.750000   clock uncertainty
                                  0.000000    9.750000   clock reconvergence pessimism
                                 -2.000000    7.750000   output external delay
                                              7.750000   data required time
---------------------------------------------------------------------------------------------
                                              7.750000   data required time
                                             -2.724185   data arrival time
---------------------------------------------------------------------------------------------
                                              5.025815   slack (MET)


Startpoint: received[1] (input port clocked by __VIRTUAL_CLK__)
Endpoint: bm_11_11[1] (output port clocked by __VIRTUAL_CLK__)
Path Group: __VIRTUAL_CLK__
Path Type: max

Fanout         Cap        Slew       Delay        Time   Description
---------------------------------------------------------------------------------------------
                      0.000000    0.000000    0.000000   clock __VIRTUAL_CLK__ (rise edge)
                                  0.000000    0.000000   clock network delay (ideal)
                                  2.000000    2.000000 v input external delay
     1    0.002576    0.008113    0.004040    2.004040 v received[1] (in)
                                                         received[1] (net)
                      0.008113    0.000000    2.004040 v input2/A (sky130_fd_sc_hd__clkbuf_2)
     6    0.024375    0.097499    0.145129    2.149168 v input2/X (sky130_fd_sc_hd__clkbuf_2)
                                                         net2 (net)
                      0.097506    0.000870    2.150038 v _05_/A_N (sky130_fd_sc_hd__and2b_1)
     2    0.004748    0.057357    0.218388    2.368426 ^ _05_/X (sky130_fd_sc_hd__and2b_1)
                                                         net12 (net)
                      0.057357    0.000030    2.368456 ^ _15_/A (sky130_fd_sc_hd__clkbuf_1)
     1    0.004959    0.067916    0.101749    2.470205 ^ _15_/X (sky130_fd_sc_hd__clkbuf_1)
                                                         net18 (net)
                      0.067916    0.000108    2.470313 ^ output18/A (sky130_fd_sc_hd__buf_2)
     1    0.035216    0.174678    0.209778    2.680091 ^ output18/X (sky130_fd_sc_hd__buf_2)
                                                         bm_11_11[1] (net)
                      0.174678    0.000526    2.680617 ^ bm_11_11[1] (out)
                                              2.680617   data arrival time

                      0.000000   10.000000   10.000000   clock __VIRTUAL_CLK__ (rise edge)
                                  0.000000   10.000000   clock network delay (ideal)
                                 -0.250000    9.750000   clock uncertainty
                                  0.000000    9.750000   clock reconvergence pessimism
                                 -2.000000    7.750000   output external delay
                                              7.750000   data required time
---------------------------------------------------------------------------------------------
                                              7.750000   data required time
                                             -2.680617   data arrival time
---------------------------------------------------------------------------------------------
                                              5.069383   slack (MET)


Startpoint: received[0] (input port clocked by __VIRTUAL_CLK__)
Endpoint: bm_11_01[1] (output port clocked by __VIRTUAL_CLK__)
Path Group: __VIRTUAL_CLK__
Path Type: max

Fanout         Cap        Slew       Delay        Time   Description
---------------------------------------------------------------------------------------------
                      0.000000    0.000000    0.000000   clock __VIRTUAL_CLK__ (rise edge)
                                  0.000000    0.000000   clock network delay (ideal)
                                  2.000000    2.000000 v input external delay
     1    0.002649    0.008282    0.004164    2.004164 v received[0] (in)
                                                         received[0] (net)
                      0.008282    0.000000    2.004164 v input1/A (sky130_fd_sc_hd__clkbuf_2)
     6    0.024062    0.096369    0.144397    2.148561 v input1/X (sky130_fd_sc_hd__clkbuf_2)
                                                         net1 (net)
                      0.096381    0.001105    2.149666 v _04_/A_N (sky130_fd_sc_hd__and2b_1)
     2    0.004747    0.057377    0.217859    2.367525 ^ _04_/X (sky130_fd_sc_hd__and2b_1)
                                                         net14 (net)
                      0.057377    0.000045    2.367570 ^ _13_/A (sky130_fd_sc_hd__clkbuf_1)
     1    0.003489    0.051581    0.090036    2.457606 ^ _13_/X (sky130_fd_sc_hd__clkbuf_1)
                                                         net16 (net)
                      0.051581    0.000056    2.457662 ^ output16/A (sky130_fd_sc_hd__buf_2)
     1    0.034117    0.169403    0.200311    2.657973 ^ output16/X (sky130_fd_sc_hd__buf_2)
                                                         bm_11_01[1] (net)
                      0.169403    0.000203    2.658175 ^ bm_11_01[1] (out)
                                              2.658175   data arrival time

                      0.000000   10.000000   10.000000   clock __VIRTUAL_CLK__ (rise edge)
                                  0.000000   10.000000   clock network delay (ideal)
                                 -0.250000    9.750000   clock uncertainty
                                  0.000000    9.750000   clock reconvergence pessimism
                                 -2.000000    7.750000   output external delay
                                              7.750000   data required time
---------------------------------------------------------------------------------------------
                                              7.750000   data required time
                                             -2.658175   data arrival time
---------------------------------------------------------------------------------------------
                                              5.091825   slack (MET)


Startpoint: received[1] (input port clocked by __VIRTUAL_CLK__)
Endpoint: bm_01_10[1] (output port clocked by __VIRTUAL_CLK__)
Path Group: __VIRTUAL_CLK__
Path Type: max

Fanout         Cap        Slew       Delay        Time   Description
---------------------------------------------------------------------------------------------
                      0.000000    0.000000    0.000000   clock __VIRTUAL_CLK__ (rise edge)
                                  0.000000    0.000000   clock network delay (ideal)
                                  2.000000    2.000000 ^ input external delay
     1    0.002806    0.019757    0.010319    2.010319 ^ received[1] (in)
                                                         received[1] (net)
                      0.019757    0.000000    2.010319 ^ input2/A (sky130_fd_sc_hd__clkbuf_2)
     6    0.025582    0.143613    0.166032    2.176351 ^ input2/X (sky130_fd_sc_hd__clkbuf_2)
                                                         net2 (net)
                      0.143627    0.001171    2.177521 ^ _00_/B (sky130_fd_sc_hd__and2_1)
     2    0.008437    0.095270    0.180422    2.357943 ^ _00_/X (sky130_fd_sc_hd__and2_1)
                                                         net4 (net)
                      0.095270    0.000048    2.357991 ^ _10_/A (sky130_fd_sc_hd__clkbuf_1)
     1    0.002178    0.037984    0.089297    2.447288 ^ _10_/X (sky130_fd_sc_hd__clkbuf_1)
                                                         net10 (net)
                      0.037984    0.000020    2.447308 ^ output10/A (sky130_fd_sc_hd__buf_2)
     1    0.033947    0.168613    0.194562    2.641870 ^ output10/X (sky130_fd_sc_hd__buf_2)
                                                         bm_01_10[1] (net)
                      0.168613    0.000167    2.642037 ^ bm_01_10[1] (out)
                                              2.642037   data arrival time

                      0.000000   10.000000   10.000000   clock __VIRTUAL_CLK__ (rise edge)
                                  0.000000   10.000000   clock network delay (ideal)
                                 -0.250000    9.750000   clock uncertainty
                                  0.000000    9.750000   clock reconvergence pessimism
                                 -2.000000    7.750000   output external delay
                                              7.750000   data required time
---------------------------------------------------------------------------------------------
                                              7.750000   data required time
                                             -2.642037   data arrival time
---------------------------------------------------------------------------------------------
                                              5.107963   slack (MET)


Startpoint: received[0] (input port clocked by __VIRTUAL_CLK__)
Endpoint: bm_01_00[1] (output port clocked by __VIRTUAL_CLK__)
Path Group: __VIRTUAL_CLK__
Path Type: max

Fanout         Cap        Slew       Delay        Time   Description
---------------------------------------------------------------------------------------------
                      0.000000    0.000000    0.000000   clock __VIRTUAL_CLK__ (rise edge)
                                  0.000000    0.000000   clock network delay (ideal)
                                  2.000000    2.000000 v input external delay
     1    0.002649    0.008282    0.004164    2.004164 v received[0] (in)
                                                         received[0] (net)
                      0.008282    0.000000    2.004164 v input1/A (sky130_fd_sc_hd__clkbuf_2)
     6    0.024062    0.096369    0.144397    2.148561 v input1/X (sky130_fd_sc_hd__clkbuf_2)
                                                         net1 (net)
                      0.096373    0.000759    2.149319 v _01_/A (sky130_fd_sc_hd__nor2_1)
     2    0.006153    0.130761    0.156729    2.306048 ^ _01_/Y (sky130_fd_sc_hd__nor2_1)
                                                         net6 (net)
                      0.130761    0.000050    2.306099 ^ _08_/A (sky130_fd_sc_hd__clkbuf_1)
     1    0.001942    0.037230    0.095626    2.401725 ^ _08_/X (sky130_fd_sc_hd__clkbuf_1)
                                                         net8 (net)
                      0.037230    0.000008    2.401733 ^ output8/A (sky130_fd_sc_hd__buf_2)
     1    0.034088    0.169274    0.194721    2.596454 ^ output8/X (sky130_fd_sc_hd__buf_2)
                                                         bm_01_00[1] (net)
                      0.169274    0.000194    2.596648 ^ bm_01_00[1] (out)
                                              2.596648   data arrival time

                      0.000000   10.000000   10.000000   clock __VIRTUAL_CLK__ (rise edge)
                                  0.000000   10.000000   clock network delay (ideal)
                                 -0.250000    9.750000   clock uncertainty
                                  0.000000    9.750000   clock reconvergence pessimism
                                 -2.000000    7.750000   output external delay
                                              7.750000   data required time
---------------------------------------------------------------------------------------------
                                              7.750000   data required time
                                             -2.596648   data arrival time
---------------------------------------------------------------------------------------------
                                              5.153353   slack (MET)


Startpoint: received[1] (input port clocked by __VIRTUAL_CLK__)
Endpoint: bm_00_00[1] (output port clocked by __VIRTUAL_CLK__)
Path Group: __VIRTUAL_CLK__
Path Type: max

Fanout         Cap        Slew       Delay        Time   Description
---------------------------------------------------------------------------------------------
                      0.000000    0.000000    0.000000   clock __VIRTUAL_CLK__ (rise edge)
                                  0.000000    0.000000   clock network delay (ideal)
                                  2.000000    2.000000 ^ input external delay
     1    0.002806    0.019757    0.010319    2.010319 ^ received[1] (in)
                                                         received[1] (net)
                      0.019757    0.000000    2.010319 ^ input2/A (sky130_fd_sc_hd__clkbuf_2)
     6    0.025582    0.143613    0.166032    2.176351 ^ input2/X (sky130_fd_sc_hd__clkbuf_2)
                                                         net2 (net)
                      0.143627    0.001171    2.177521 ^ _00_/B (sky130_fd_sc_hd__and2_1)
     2    0.008437    0.095270    0.180422    2.357943 ^ _00_/X (sky130_fd_sc_hd__and2_1)
                                                         net4 (net)
                      0.095270    0.000157    2.358100 ^ output4/A (sky130_fd_sc_hd__buf_2)
     1    0.034293    0.170463    0.217008    2.575108 ^ output4/X (sky130_fd_sc_hd__buf_2)
                                                         bm_00_00[1] (net)
                      0.170463    0.000212    2.575320 ^ bm_00_00[1] (out)
                                              2.575320   data arrival time

                      0.000000   10.000000   10.000000   clock __VIRTUAL_CLK__ (rise edge)
                                  0.000000   10.000000   clock network delay (ideal)
                                 -0.250000    9.750000   clock uncertainty
                                  0.000000    9.750000   clock reconvergence pessimism
                                 -2.000000    7.750000   output external delay
                                              7.750000   data required time
---------------------------------------------------------------------------------------------
                                              7.750000   data required time
                                             -2.575320   data arrival time
---------------------------------------------------------------------------------------------
                                              5.174679   slack (MET)


Startpoint: received[1] (input port clocked by __VIRTUAL_CLK__)
Endpoint: bm_10_01[1] (output port clocked by __VIRTUAL_CLK__)
Path Group: __VIRTUAL_CLK__
Path Type: max

Fanout         Cap        Slew       Delay        Time   Description
---------------------------------------------------------------------------------------------
                      0.000000    0.000000    0.000000   clock __VIRTUAL_CLK__ (rise edge)
                                  0.000000    0.000000   clock network delay (ideal)
                                  2.000000    2.000000 v input external delay
     1    0.002576    0.008113    0.004040    2.004040 v received[1] (in)
                                                         received[1] (net)
                      0.008113    0.000000    2.004040 v input2/A (sky130_fd_sc_hd__clkbuf_2)
     6    0.024375    0.097499    0.145129    2.149168 v input2/X (sky130_fd_sc_hd__clkbuf_2)
                                                         net2 (net)
                      0.097506    0.000870    2.150038 v _05_/A_N (sky130_fd_sc_hd__and2b_1)
     2    0.004748    0.057357    0.218388    2.368426 ^ _05_/X (sky130_fd_sc_hd__and2b_1)
                                                         net12 (net)
                      0.057357    0.000031    2.368457 ^ output12/A (sky130_fd_sc_hd__buf_2)
     1    0.034580    0.171598    0.203949    2.572406 ^ output12/X (sky130_fd_sc_hd__buf_2)
                                                         bm_10_01[1] (net)
                      0.171598    0.000275    2.572680 ^ bm_10_01[1] (out)
                                              2.572680   data arrival time

                      0.000000   10.000000   10.000000   clock __VIRTUAL_CLK__ (rise edge)
                                  0.000000   10.000000   clock network delay (ideal)
                                 -0.250000    9.750000   clock uncertainty
                                  0.000000    9.750000   clock reconvergence pessimism
                                 -2.000000    7.750000   output external delay
                                              7.750000   data required time
---------------------------------------------------------------------------------------------
                                              7.750000   data required time
                                             -2.572680   data arrival time
---------------------------------------------------------------------------------------------
                                              5.177320   slack (MET)


Startpoint: received[0] (input port clocked by __VIRTUAL_CLK__)
Endpoint: bm_10_11[1] (output port clocked by __VIRTUAL_CLK__)
Path Group: __VIRTUAL_CLK__
Path Type: max

Fanout         Cap        Slew       Delay        Time   Description
---------------------------------------------------------------------------------------------
                      0.000000    0.000000    0.000000   clock __VIRTUAL_CLK__ (rise edge)
                                  0.000000    0.000000   clock network delay (ideal)
                                  2.000000    2.000000 v input external delay
     1    0.002649    0.008282    0.004164    2.004164 v received[0] (in)
                                                         received[0] (net)
                      0.008282    0.000000    2.004164 v input1/A (sky130_fd_sc_hd__clkbuf_2)
     6    0.024062    0.096369    0.144397    2.148561 v input1/X (sky130_fd_sc_hd__clkbuf_2)
                                                         net1 (net)
                      0.096381    0.001105    2.149666 v _04_/A_N (sky130_fd_sc_hd__and2b_1)
     2    0.004747    0.057377    0.217859    2.367525 ^ _04_/X (sky130_fd_sc_hd__and2b_1)
                                                         net14 (net)
                      0.057377    0.000047    2.367572 ^ output14/A (sky130_fd_sc_hd__buf_2)
     1    0.033948    0.168627    0.201932    2.569503 ^ output14/X (sky130_fd_sc_hd__buf_2)
                                                         bm_10_11[1] (net)
                      0.168627    0.000167    2.569670 ^ bm_10_11[1] (out)
                                              2.569670   data arrival time

                      0.000000   10.000000   10.000000   clock __VIRTUAL_CLK__ (rise edge)
                                  0.000000   10.000000   clock network delay (ideal)
                                 -0.250000    9.750000   clock uncertainty
                                  0.000000    9.750000   clock reconvergence pessimism
                                 -2.000000    7.750000   output external delay
                                              7.750000   data required time
---------------------------------------------------------------------------------------------
                                              7.750000   data required time
                                             -2.569670   data arrival time
---------------------------------------------------------------------------------------------
                                              5.180329   slack (MET)


Startpoint: received[0] (input port clocked by __VIRTUAL_CLK__)
Endpoint: bm_00_10[1] (output port clocked by __VIRTUAL_CLK__)
Path Group: __VIRTUAL_CLK__
Path Type: max

Fanout         Cap        Slew       Delay        Time   Description
---------------------------------------------------------------------------------------------
                      0.000000    0.000000    0.000000   clock __VIRTUAL_CLK__ (rise edge)
                                  0.000000    0.000000   clock network delay (ideal)
                                  2.000000    2.000000 v input external delay
     1    0.002649    0.008282    0.004164    2.004164 v received[0] (in)
                                                         received[0] (net)
                      0.008282    0.000000    2.004164 v input1/A (sky130_fd_sc_hd__clkbuf_2)
     6    0.024062    0.096369    0.144397    2.148561 v input1/X (sky130_fd_sc_hd__clkbuf_2)
                                                         net1 (net)
                      0.096373    0.000759    2.149319 v _01_/A (sky130_fd_sc_hd__nor2_1)
     2    0.006153    0.130761    0.156729    2.306048 ^ _01_/Y (sky130_fd_sc_hd__nor2_1)
                                                         net6 (net)
                      0.130761    0.000081    2.306129 ^ output6/A (sky130_fd_sc_hd__buf_2)
     1    0.033937    0.168963    0.228124    2.534252 ^ output6/X (sky130_fd_sc_hd__buf_2)
                                                         bm_00_10[1] (net)
                      0.168963    0.000167    2.534420 ^ bm_00_10[1] (out)
                                              2.534420   data arrival time

                      0.000000   10.000000   10.000000   clock __VIRTUAL_CLK__ (rise edge)
                                  0.000000   10.000000   clock network delay (ideal)
                                 -0.250000    9.750000   clock uncertainty
                                  0.000000    9.750000   clock reconvergence pessimism
                                 -2.000000    7.750000   output external delay
                                              7.750000   data required time
---------------------------------------------------------------------------------------------
                                              7.750000   data required time
                                             -2.534420   data arrival time
---------------------------------------------------------------------------------------------
                                              5.215580   slack (MET)



