Clock: clk
Sources: clk 
Generated: no
Virtual: yes
Propagated: no
Period: 100.000000

===========================================================================
report_clock_properties
============================================================================
Clock                   Period          Waveform
----------------------------------------------------
clk                 100.000000    0.000000 50.000000

===========================================================================
report_clock_latency
============================================================================
Clock clk
rise -> rise
    min     max
0.000000 0.000000 source latency
0.309437         network latency _303_/CLK
        0.312240 network latency _299_/CLK
---------------
0.309437 0.312240 latency
        0.002804 skew

fall -> fall
    min     max
0.000000 0.000000 source latency
0.305221         network latency _303_/CLK
        0.308045 network latency _299_/CLK
---------------
0.305221 0.308045 latency
        0.002824 skew



===========================================================================
report_clock_min_period
============================================================================
clk period_min = 2.73 fmax = 366.14
