Reading OpenROAD database at '/home/edabk/Desktop/Tu67/MARCO_ultra/Path_Metric_Unit/runs/RUN_2026-01-21_19-00-38/36-openroad-resizertimingpostcts/Path_Metric_Unit.odb'…
Reading library file at '/home/edabk/.volare/volare/sky130/versions/0fe599b2afb6708d281543108caf8310912f54af/sky130A/libs.ref/sky130_fd_sc_hd/lib/sky130_fd_sc_hd__tt_025C_1v80.lib'…
Reading design constraints file at '/nix/store/h0ldzjka94yryiq8yxbxmwargpnmwhx6-python3-3.11.9-env/lib/python3.11/site-packages/openlane/scripts/base.sdc'…
[INFO] Using clock clk…
[INFO] Setting output delay to: 20.0
[INFO] Setting input delay to: 20.0
[INFO] Setting load to: 0.033442
[INFO] Setting clock uncertainty to: 0.25
[INFO] Setting clock transition to: 0.1499999999999999944488848768742172978818416595458984375
[INFO] Setting timing derate to: 5%
[INFO] Setting signal min routing layer to: met1 and clock min routing layer to met1. 
[INFO] Setting signal max routing layer to: met5 and clock max routing layer to met5. 
-congestion_iterations 50 -verbose
[INFO GRT-0020] Min routing layer: met1
[INFO GRT-0021] Max routing layer: met5
[INFO GRT-0022] Global adjustment: 30%
[INFO GRT-0023] Grid origin: (0, 0)
[INFO GRT-0043] No OR_DEFAULT vias defined.
[INFO GRT-0088] Layer li1     Track-Pitch = 0.4600  line-2-Via Pitch: 0.3400
[INFO GRT-0088] Layer met1    Track-Pitch = 0.3400  line-2-Via Pitch: 0.3400
[INFO GRT-0088] Layer met2    Track-Pitch = 0.4600  line-2-Via Pitch: 0.3500
[INFO GRT-0088] Layer met3    Track-Pitch = 0.6800  line-2-Via Pitch: 0.6150
[INFO GRT-0088] Layer met4    Track-Pitch = 0.9200  line-2-Via Pitch: 1.0400
[INFO GRT-0088] Layer met5    Track-Pitch = 3.4000  line-2-Via Pitch: 3.1100
[INFO GRT-0019] Found 4 clock nets.
[WARNING GRT-0036] Pin bm_00_00[0] is outside die area.
[WARNING GRT-0036] Pin bm_00_00[1] is outside die area.
[WARNING GRT-0036] Pin bm_00_10[0] is outside die area.
[WARNING GRT-0036] Pin bm_00_10[1] is outside die area.
[WARNING GRT-0036] Pin bm_01_00[0] is outside die area.
[WARNING GRT-0036] Pin bm_01_00[1] is outside die area.
[WARNING GRT-0036] Pin bm_01_10[0] is outside die area.
[WARNING GRT-0036] Pin bm_01_10[1] is outside die area.
[WARNING GRT-0036] Pin bm_10_01[0] is outside die area.
[WARNING GRT-0036] Pin bm_10_01[1] is outside die area.
[WARNING GRT-0036] Pin bm_10_11[0] is outside die area.
[WARNING GRT-0036] Pin bm_10_11[1] is outside die area.
[WARNING GRT-0036] Pin bm_11_01[0] is outside die area.
[WARNING GRT-0036] Pin bm_11_01[1] is outside die area.
[WARNING GRT-0036] Pin bm_11_11[0] is outside die area.
[WARNING GRT-0036] Pin bm_11_11[1] is outside die area.
[WARNING GRT-0036] Pin clk is outside die area.
[WARNING GRT-0036] Pin clr_me is outside die area.
[WARNING GRT-0036] Pin current_metric_00[0] is outside die area.
[WARNING GRT-0036] Pin current_metric_00[1] is outside die area.
[WARNING GRT-0036] Pin current_metric_00[2] is outside die area.
[WARNING GRT-0036] Pin current_metric_00[3] is outside die area.
[WARNING GRT-0036] Pin current_metric_01[0] is outside die area.
[WARNING GRT-0036] Pin current_metric_01[1] is outside die area.
[WARNING GRT-0036] Pin current_metric_01[2] is outside die area.
[WARNING GRT-0036] Pin current_metric_01[3] is outside die area.
[WARNING GRT-0036] Pin current_metric_10[0] is outside die area.
[WARNING GRT-0036] Pin current_metric_10[1] is outside die area.
[WARNING GRT-0036] Pin current_metric_10[2] is outside die area.
[WARNING GRT-0036] Pin current_metric_10[3] is outside die area.
[WARNING GRT-0036] Pin current_metric_11[0] is outside die area.
[WARNING GRT-0036] Pin current_metric_11[1] is outside die area.
[WARNING GRT-0036] Pin current_metric_11[2] is outside die area.
[WARNING GRT-0036] Pin current_metric_11[3] is outside die area.
[WARNING GRT-0036] Pin rst_n is outside die area.
[WARNING GRT-0036] Pin servivor_select_00 is outside die area.
[WARNING GRT-0036] Pin servivor_select_01 is outside die area.
[WARNING GRT-0036] Pin servivor_select_10 is outside die area.
[WARNING GRT-0036] Pin servivor_select_11 is outside die area.
[INFO GRT-0001] Minimum degree: 2
[INFO GRT-0002] Maximum degree: 11
[INFO GRT-0003] Macros: 0
[WARNING GRT-0041] Net VPWR has wires/vias outside die area.
[WARNING GRT-0041] Net VPWR has wires/vias outside die area.
[WARNING GRT-0041] Net VPWR has wires/vias outside die area.
[WARNING GRT-0041] Net VPWR has wires/vias outside die area.
[WARNING GRT-0041] Net VPWR has wires/vias outside die area.
[WARNING GRT-0041] Net VPWR has wires/vias outside die area.
[WARNING GRT-0041] Net VPWR has wires/vias outside die area.
[WARNING GRT-0041] Net VPWR has wires/vias outside die area.
[WARNING GRT-0041] Net VPWR has wires/vias outside die area.
[WARNING GRT-0041] Net VPWR has wires/vias outside die area.
[WARNING GRT-0041] Net VPWR has wires/vias outside die area.
[WARNING GRT-0041] Net VPWR has wires/vias outside die area.
[WARNING GRT-0041] Net VPWR has wires/vias outside die area.
[WARNING GRT-0041] Net VPWR has wires/vias outside die area.
[WARNING GRT-0041] Net VPWR has wires/vias outside die area.
[WARNING GRT-0041] Net VPWR has wires/vias outside die area.
[WARNING GRT-0041] Net VPWR has wires/vias outside die area.
[WARNING GRT-0041] Net VPWR has wires/vias outside die area.
[WARNING GRT-0041] Net VGND has wires/vias outside die area.
[WARNING GRT-0041] Net VGND has wires/vias outside die area.
[WARNING GRT-0041] Net VGND has wires/vias outside die area.
[WARNING GRT-0041] Net VGND has wires/vias outside die area.
[WARNING GRT-0041] Net VGND has wires/vias outside die area.
[WARNING GRT-0041] Net VGND has wires/vias outside die area.
[WARNING GRT-0041] Net VGND has wires/vias outside die area.
[WARNING GRT-0041] Net VGND has wires/vias outside die area.
[WARNING GRT-0041] Net VGND has wires/vias outside die area.
[WARNING GRT-0041] Net VGND has wires/vias outside die area.
[WARNING GRT-0041] Net VGND has wires/vias outside die area.
[WARNING GRT-0041] Net VGND has wires/vias outside die area.
[WARNING GRT-0041] Net VGND has wires/vias outside die area.
[WARNING GRT-0041] Net VGND has wires/vias outside die area.
[WARNING GRT-0041] Net VGND has wires/vias outside die area.
[WARNING GRT-0041] Net VGND has wires/vias outside die area.
[WARNING GRT-0041] Net VGND has wires/vias outside die area.
[WARNING GRT-0041] Net VGND has wires/vias outside die area.
[WARNING GRT-0041] Net VGND has wires/vias outside die area.
[INFO GRT-0043] No OR_DEFAULT vias defined.
[INFO GRT-0004] Blockages: 289

[INFO GRT-0053] Routing resources analysis:
          Routing      Original      Derated      Resource
Layer     Direction    Resources     Resources    Reduction (%)
---------------------------------------------------------------
li1        Vertical            0             0          0.00%
met1       Horizontal       4060          2002          50.69%
met2       Vertical         3038          1885          37.95%
met3       Horizontal       2030          1313          35.32%
met4       Vertical         1246           728          41.57%
met5       Horizontal        406           156          61.58%
---------------------------------------------------------------

[INFO GRT-0197] Via related to pin nodes: 1178
[INFO GRT-0198] Via related Steiner nodes: 13
[INFO GRT-0199] Via filling finished.
[INFO GRT-0111] Final number of vias: 1464
[INFO GRT-0112] Final usage 3D: 5070

[INFO GRT-0096] Final congestion report:
Layer         Resource        Demand        Usage (%)    Max H / Max V / Total Overflow
---------------------------------------------------------------------------------------
li1                  0             0            0.00%             0 /  0 /  0
met1              2002           343           17.13%             0 /  0 /  0
met2              1885           322           17.08%             0 /  0 /  0
met3              1313            13            0.99%             0 /  0 /  0
met4               728             0            0.00%             0 /  0 /  0
met5               156             0            0.00%             0 /  0 /  0
---------------------------------------------------------------------------------------
Total             6084           678           11.14%             0 /  0 /  0

[INFO GRT-0018] Total wirelength: 7941 um
[INFO GRT-0014] Routed nets: 229
%OL_CREATE_REPORT antenna.rpt
[INFO GRT-0043] No OR_DEFAULT vias defined.
[INFO ANT-0002] Found 0 net violations.
[INFO ANT-0001] Found 0 pin violations.
%OL_END_REPORT
[INFO] Setting RC values…
Setting global connections for newly added cells…
[INFO] Setting global connections...
Updating metrics…
Cell type report:                       Count       Area
  Fill cell                                56     210.20
  Tap cell                                 90     112.61
  Clock buffer                              4      88.84
  Timing Repair Buffer                     45     201.44
  Inverter                                  8      30.03
  Sequential cell                          16     440.42
  Multi-Input combinational cell          138    1337.53
  Total                                   357    2421.07
Writing OpenROAD database to '/home/edabk/Desktop/Tu67/MARCO_ultra/Path_Metric_Unit/runs/RUN_2026-01-21_19-00-38/38-openroad-globalrouting/Path_Metric_Unit.odb'…
Writing layout to '/home/edabk/Desktop/Tu67/MARCO_ultra/Path_Metric_Unit/runs/RUN_2026-01-21_19-00-38/38-openroad-globalrouting/Path_Metric_Unit.def'…
