
===========================================================================
report_checks -unconstrained
===========================================================================
======================= max_ff_n40C_1v95 Corner ===================================

Startpoint: received[0] (input port clocked by clk)
Endpoint: SMU_Top (rising edge-triggered flip-flop clocked by clk)
Path Group: clk
Path Type: max

Fanout         Cap        Slew       Delay        Time   Description
---------------------------------------------------------------------------------------------
                                  0.000000    0.000000   clock clk (rise edge)
                                  0.000000    0.000000   clock network delay (propagated)
                                 20.000000   20.000000 ^ input external delay
     2    0.003859    0.017721    0.010060   20.010059 ^ received[0] (in)
                                                         received[0] (net)
                      0.017723    0.000000   20.010059 ^ input1/A (sky130_fd_sc_hd__buf_1)
     3    0.021351    0.189394    0.155957   20.166018 ^ input1/X (sky130_fd_sc_hd__buf_1)
                                                         net1 (net)
                      0.189444    0.002546   20.168562 ^ BMU/received[0] (Branch_Metrics)
     1    0.012687    0.112619    1.516671   21.685234 ^ BMU/bm_10_11[0] (Branch_Metrics)
                                                         bm_10_11[0] (net)
                      0.112619    0.000101   21.685335 ^ PMU_Top/bm_10_11[0] (Path_Metric_Unit)
     1    0.008244    0.081803    3.841738   25.527073 ^ PMU_Top/servivor_select_11 (Path_Metric_Unit)
                                                         servivor_select_11 (net)
                      0.081803    0.000041   25.527113 ^ SMU_Top/survivor_select_11 (Survivor_Memory_Unit)
                                             25.527113   data arrival time

                                100.000000  100.000000   clock clk (rise edge)
                                  0.000000  100.000000   clock source latency
     2    0.029996    0.105052    0.074614  100.074608 ^ clk (in)
                                                         clk (net)
                      0.105451    0.000000  100.074608 ^ clkbuf_0_clk/A (sky130_fd_sc_hd__clkbuf_16)
     2    0.020966    0.032770    0.105175  100.179787 ^ clkbuf_0_clk/X (sky130_fd_sc_hd__clkbuf_16)
                                                         clknet_0_clk (net)
                      0.032790    0.001187  100.180969 ^ clkbuf_1_1__f_clk/A (sky130_fd_sc_hd__clkbuf_16)
     2    0.029414    0.037818    0.090928  100.271904 ^ clkbuf_1_1__f_clk/X (sky130_fd_sc_hd__clkbuf_16)
                                                         clknet_1_1__leaf_clk (net)
                      0.037937    0.001464  100.273361 ^ SMU_Top/clk (Survivor_Memory_Unit)
                                 -0.250000  100.023369   clock uncertainty
                                  0.000000  100.023369   clock reconvergence pessimism
                                 -1.929030   98.094337   library setup time
                                             98.094337   data required time
---------------------------------------------------------------------------------------------
                                             98.094337   data required time
                                            -25.527113   data arrival time
---------------------------------------------------------------------------------------------
                                             72.567223   slack (MET)




===========================================================================
report_checks --slack_max -0.01
============================================================================
======================= max_ff_n40C_1v95 Corner ===================================

No paths found.


===========================================================================
 report_check_types -max_slew -max_cap -max_fanout -violators
============================================================================
======================= max_ff_n40C_1v95 Corner ===================================



===========================================================================
report_parasitic_annotation -report_unannotated
============================================================================
Found 1 unannotated drivers.
 clkload0/Y
Found 0 partially unannotated drivers.

===========================================================================
max slew violation count 0
max fanout violation count 0
max cap violation count 0
============================================================================

===========================================================================
check_setup -verbose -unconstrained_endpoints -multiple_clock -no_clock -no_input_delay -loops -generated_clocks
===========================================================================
