Clock: clk
Sources: clk 
Generated: no
Virtual: yes
Propagated: no
Period: 100.000000

===========================================================================
report_clock_properties
============================================================================
Clock                   Period          Waveform
----------------------------------------------------
clk                 100.000000    0.000000 50.000000

===========================================================================
report_clock_latency
============================================================================
Clock clk
rise -> rise
    min     max
0.000000 0.000000 source latency
0.278307         network latency CTRL/clk
        0.273364 network latency SMU_Top/clk
---------------
0.278307 0.273364 latency
        -0.004943 skew

fall -> fall
    min     max
0.000000 0.000000 source latency
0.246299         network latency CTRL/clk
        0.241325 network latency SMU_Top/clk
---------------
0.246299 0.241325 latency
        -0.004974 skew



===========================================================================
report_clock_min_period
============================================================================
clk period_min = 8.84 fmax = 113.18
