
===========================================================================
report_checks -unconstrained
===========================================================================
======================= max_ff_n40C_1v95 Corner ===================================

Startpoint: prev_11[3] (input port clocked by __VIRTUAL_CLK__)
Endpoint: winner_state[0] (output port clocked by __VIRTUAL_CLK__)
Path Group: __VIRTUAL_CLK__
Path Type: max

Fanout         Cap        Slew       Delay        Time   Description
---------------------------------------------------------------------------------------------
                      0.000000    0.000000    0.000000   clock __VIRTUAL_CLK__ (rise edge)
                                  0.000000    0.000000   clock network delay (ideal)
                                  2.000000    2.000000 v input external delay
     1    0.003074    0.005115    0.002562    2.002562 v prev_11[3] (in)
                                                         prev_11[3] (net)
                      0.005123    0.000000    2.002562 v input16/A (sky130_fd_sc_hd__buf_1)
     4    0.015703    0.065210    0.085020    2.087582 v input16/X (sky130_fd_sc_hd__buf_1)
                                                         net16 (net)
                      0.065266    0.001318    2.088900 v _60_/B (sky130_fd_sc_hd__or2_1)
     2    0.006533    0.044493    0.145592    2.234492 v _60_/X (sky130_fd_sc_hd__or2_1)
                                                         _21_ (net)
                      0.044493    0.000223    2.234715 v _63_/A2 (sky130_fd_sc_hd__a211o_1)
     1    0.003106    0.034493    0.182286    2.417001 v _63_/X (sky130_fd_sc_hd__a211o_1)
                                                         _24_ (net)
                      0.034493    0.000133    2.417134 v _64_/C1 (sky130_fd_sc_hd__o221a_1)
     4    0.019115    0.078523    0.109702    2.526836 v _64_/X (sky130_fd_sc_hd__o221a_1)
                                                         _25_ (net)
                      0.078564    0.001644    2.528481 v _72_/S (sky130_fd_sc_hd__mux2_1)
     2    0.005899    0.049717    0.208206    2.736686 v _72_/X (sky130_fd_sc_hd__mux2_1)
                                                         _33_ (net)
                      0.049719    0.000355    2.737042 v _76_/A3 (sky130_fd_sc_hd__a311o_1)
     1    0.003526    0.042516    0.222455    2.959496 v _76_/X (sky130_fd_sc_hd__a311o_1)
                                                         _37_ (net)
                      0.042516    0.000223    2.959720 v _78_/A2 (sky130_fd_sc_hd__o21ai_1)
     2    0.010721    0.165656    0.151311    3.111031 ^ _78_/Y (sky130_fd_sc_hd__o21ai_1)
                                                         net18 (net)
                      0.165659    0.000569    3.111600 ^ _79_/S (sky130_fd_sc_hd__mux2_1)
     1    0.004655    0.044986    0.201756    3.313356 v _79_/X (sky130_fd_sc_hd__mux2_1)
                                                         net17 (net)
                      0.044989    0.000351    3.313707 v output17/A (sky130_fd_sc_hd__buf_2)
     1    0.033899    0.062233    0.122093    3.435800 v output17/X (sky130_fd_sc_hd__buf_2)
                                                         winner_state[0] (net)
                      0.062283    0.001580    3.437380 v winner_state[0] (out)
                                              3.437380   data arrival time

                      0.000000   10.000000   10.000000   clock __VIRTUAL_CLK__ (rise edge)
                                  0.000000   10.000000   clock network delay (ideal)
                                 -0.250000    9.750000   clock uncertainty
                                  0.000000    9.750000   clock reconvergence pessimism
                                 -2.000000    7.750000   output external delay
                                              7.750000   data required time
---------------------------------------------------------------------------------------------
                                              7.750000   data required time
                                             -3.437380   data arrival time
---------------------------------------------------------------------------------------------
                                              4.312620   slack (MET)




===========================================================================
report_checks --slack_max -0.01
============================================================================
======================= max_ff_n40C_1v95 Corner ===================================

No paths found.


===========================================================================
 report_check_types -max_slew -max_cap -max_fanout -violators
============================================================================
======================= max_ff_n40C_1v95 Corner ===================================



===========================================================================
report_parasitic_annotation -report_unannotated
============================================================================
Found 0 unannotated drivers.
Found 0 partially unannotated drivers.

===========================================================================
max slew violation count 0
max fanout violation count 0
max cap violation count 0
============================================================================

===========================================================================
check_setup -verbose -unconstrained_endpoints -multiple_clock -no_clock -no_input_delay -loops -generated_clocks
===========================================================================
