
===========================================================================
report_checks -unconstrained
===========================================================================
======================= nom_ff_n40C_1v95 Corner ===================================

Startpoint: rst_n (input port clocked by clk)
Endpoint: _30_ (recovery check against rising-edge clock clk)
Path Group: asynchronous
Path Type: max

Fanout         Cap        Slew       Delay        Time   Description
---------------------------------------------------------------------------------------------
                                  0.000000    0.000000   clock clk (rise edge)
                                  0.000000    0.000000   clock network delay (propagated)
                                 20.000000   20.000000 ^ input external delay
     1    0.003250    0.015530    0.008422   20.008423 ^ rst_n (in)
                                                         rst_n (net)
                      0.015530    0.000000   20.008423 ^ input1/A (sky130_fd_sc_hd__clkbuf_2)
     6    0.031641    0.134254    0.133547   20.141968 ^ input1/X (sky130_fd_sc_hd__clkbuf_2)
                                                         net1 (net)
                      0.134296    0.001950   20.143919 ^ _30_/RESET_B (sky130_fd_sc_hd__dfrtp_1)
                                             20.143919   data arrival time

                                100.000000  100.000000   clock clk (rise edge)
                                  0.000000  100.000000   clock source latency
     1    0.010682    0.040845    0.026816  100.026810 ^ clk (in)
                                                         clk (net)
                      0.040849    0.000000  100.026810 ^ clkbuf_0_clk/A (sky130_fd_sc_hd__clkbuf_16)
     2    0.019241    0.030681    0.086779  100.113594 ^ clkbuf_0_clk/X (sky130_fd_sc_hd__clkbuf_16)
                                                         clknet_0_clk (net)
                      0.030682    0.000313  100.113907 ^ clkbuf_1_0__f_clk/A (sky130_fd_sc_hd__clkbuf_16)
     3    0.009038    0.023878    0.076888  100.190788 ^ clkbuf_1_0__f_clk/X (sky130_fd_sc_hd__clkbuf_16)
                                                         clknet_1_0__leaf_clk (net)
                      0.023878    0.000199  100.190994 ^ _30_/CLK (sky130_fd_sc_hd__dfrtp_1)
                                 -0.250000   99.940994   clock uncertainty
                                  0.000000   99.940994   clock reconvergence pessimism
                                  0.123244  100.064240   library recovery time
                                            100.064240   data required time
---------------------------------------------------------------------------------------------
                                            100.064240   data required time
                                            -20.143919   data arrival time
---------------------------------------------------------------------------------------------
                                             79.920311   slack (MET)


Startpoint: start (input port clocked by clk)
Endpoint: clr_me (output port clocked by clk)
Path Group: clk
Path Type: max

Fanout         Cap        Slew       Delay        Time   Description
---------------------------------------------------------------------------------------------
                                  0.000000    0.000000   clock clk (rise edge)
                                  0.000000    0.000000   clock network delay (propagated)
                                 20.000000   20.000000 v input external delay
     1    0.002597    0.004423    0.002100   20.002100 v start (in)
                                                         start (net)
                      0.004424    0.000000   20.002100 v input2/A (sky130_fd_sc_hd__clkbuf_1)
     2    0.006457    0.031297    0.058192   20.060291 v input2/X (sky130_fd_sc_hd__clkbuf_1)
                                                         net2 (net)
                      0.031298    0.000179   20.060471 v _29_/A2 (sky130_fd_sc_hd__a211oi_1)
     1    0.002492    0.122037    0.144212   20.204683 ^ _29_/Y (sky130_fd_sc_hd__a211oi_1)
                                                         net3 (net)
                      0.122037    0.000075   20.204758 ^ output3/A (sky130_fd_sc_hd__buf_2)
     1    0.034405    0.128632    0.160014   20.364771 ^ output3/X (sky130_fd_sc_hd__buf_2)
                                                         clr_me (net)
                      0.128634    0.000748   20.365520 ^ clr_me (out)
                                             20.365520   data arrival time

                                100.000000  100.000000   clock clk (rise edge)
                                  0.000000  100.000000   clock network delay (propagated)
                                 -0.250000   99.750000   clock uncertainty
                                  0.000000   99.750000   clock reconvergence pessimism
                                -20.000000   79.750000   output external delay
                                             79.750000   data required time
---------------------------------------------------------------------------------------------
                                             79.750000   data required time
                                            -20.365520   data arrival time
---------------------------------------------------------------------------------------------
                                             59.384480   slack (MET)




===========================================================================
report_checks --slack_max -0.01
============================================================================
======================= nom_ff_n40C_1v95 Corner ===================================

No paths found.


===========================================================================
 report_check_types -max_slew -max_cap -max_fanout -violators
============================================================================
======================= nom_ff_n40C_1v95 Corner ===================================



===========================================================================
report_parasitic_annotation -report_unannotated
============================================================================
Found 0 unannotated drivers.
Found 0 partially unannotated drivers.

===========================================================================
max slew violation count 0
max fanout violation count 0
max cap violation count 0
============================================================================

===========================================================================
check_setup -verbose -unconstrained_endpoints -multiple_clock -no_clock -no_input_delay -loops -generated_clocks
===========================================================================
