Clock: clk
Sources: clk 
Generated: no
Virtual: yes
Propagated: no
Period: 100.000000

===========================================================================
report_clock_properties
============================================================================
Clock                   Period          Waveform
----------------------------------------------------
clk                 100.000000    0.000000 50.000000

===========================================================================
report_clock_latency
============================================================================
Clock clk
rise -> rise
    min     max
0.000000 0.000000 source latency
0.190995         network latency _30_/CLK
        0.193399 network latency _34_/CLK
---------------
0.190995 0.193399 latency
        0.002404 skew

fall -> fall
    min     max
0.000000 0.000000 source latency
0.190948         network latency _30_/CLK
        0.193030 network latency _34_/CLK
---------------
0.190948 0.193030 latency
        0.002082 skew



===========================================================================
report_clock_min_period
============================================================================
clk period_min = 1.16 fmax = 858.52
