
===========================================================================
report_checks -path_delay max (Setup)
============================================================================
======================= nom_ff_n40C_1v95 Corner ===================================

Startpoint: start (input port clocked by clk)
Endpoint: clr_me (output port clocked by clk)
Path Group: clk
Path Type: max

Fanout         Cap        Slew       Delay        Time   Description
---------------------------------------------------------------------------------------------
                                  0.000000    0.000000   clock clk (rise edge)
                                  0.000000    0.000000   clock network delay (propagated)
                                 20.000000   20.000000 v input external delay
     1    0.002597    0.004423    0.002100   20.002100 v start (in)
                                                         start (net)
                      0.004424    0.000000   20.002100 v input2/A (sky130_fd_sc_hd__clkbuf_1)
     2    0.006457    0.031297    0.058192   20.060291 v input2/X (sky130_fd_sc_hd__clkbuf_1)
                                                         net2 (net)
                      0.031298    0.000179   20.060471 v _29_/A2 (sky130_fd_sc_hd__a211oi_1)
     1    0.002492    0.122037    0.144212   20.204683 ^ _29_/Y (sky130_fd_sc_hd__a211oi_1)
                                                         net3 (net)
                      0.122037    0.000075   20.204758 ^ output3/A (sky130_fd_sc_hd__buf_2)
     1    0.034405    0.128632    0.160014   20.364771 ^ output3/X (sky130_fd_sc_hd__buf_2)
                                                         clr_me (net)
                      0.128634    0.000748   20.365520 ^ clr_me (out)
                                             20.365520   data arrival time

                                100.000000  100.000000   clock clk (rise edge)
                                  0.000000  100.000000   clock network delay (propagated)
                                 -0.250000   99.750000   clock uncertainty
                                  0.000000   99.750000   clock reconvergence pessimism
                                -20.000000   79.750000   output external delay
                                             79.750000   data required time
---------------------------------------------------------------------------------------------
                                             79.750000   data required time
                                            -20.365520   data arrival time
---------------------------------------------------------------------------------------------
                                             59.384480   slack (MET)


Startpoint: _30_ (rising edge-triggered flip-flop clocked by clk)
Endpoint: frame_done (output port clocked by clk)
Path Group: clk
Path Type: max

Fanout         Cap        Slew       Delay        Time   Description
---------------------------------------------------------------------------------------------
                                  0.000000    0.000000   clock clk (rise edge)
                                  0.000000    0.000000   clock source latency
     1    0.010682    0.040845    0.026819    0.026819 ^ clk (in)
                                                         clk (net)
                      0.040849    0.000000    0.026819 ^ clkbuf_0_clk/A (sky130_fd_sc_hd__clkbuf_16)
     2    0.019241    0.030681    0.086776    0.113595 ^ clkbuf_0_clk/X (sky130_fd_sc_hd__clkbuf_16)
                                                         clknet_0_clk (net)
                      0.030682    0.000315    0.113910 ^ clkbuf_1_0__f_clk/A (sky130_fd_sc_hd__clkbuf_16)
     3    0.009038    0.023878    0.076885    0.190795 ^ clkbuf_1_0__f_clk/X (sky130_fd_sc_hd__clkbuf_16)
                                                         clknet_1_0__leaf_clk (net)
                      0.023878    0.000199    0.190995 ^ _30_/CLK (sky130_fd_sc_hd__dfrtp_1)
     5    0.016261    0.068569    0.263373    0.454367 v _30_/Q (sky130_fd_sc_hd__dfrtp_1)
                                                         state[0] (net)
                      0.068569    0.000293    0.454660 v _28_/A_N (sky130_fd_sc_hd__and2b_1)
     2    0.016397    0.116394    0.194040    0.648700 ^ _28_/X (sky130_fd_sc_hd__and2b_1)
                                                         net4 (net)
                      0.116436    0.000664    0.649364 ^ output4/A (sky130_fd_sc_hd__buf_2)
     1    0.033894    0.126817    0.157567    0.806931 ^ output4/X (sky130_fd_sc_hd__buf_2)
                                                         frame_done (net)
                      0.126818    0.000610    0.807541 ^ frame_done (out)
                                              0.807541   data arrival time

                                100.000000  100.000000   clock clk (rise edge)
                                  0.000000  100.000000   clock network delay (propagated)
                                 -0.250000   99.750000   clock uncertainty
                                  0.000000   99.750000   clock reconvergence pessimism
                                -20.000000   79.750000   output external delay
                                             79.750000   data required time
---------------------------------------------------------------------------------------------
                                             79.750000   data required time
                                             -0.807541   data arrival time
---------------------------------------------------------------------------------------------
                                             78.942459   slack (MET)


Startpoint: start (input port clocked by clk)
Endpoint: _30_ (rising edge-triggered flip-flop clocked by clk)
Path Group: clk
Path Type: max

Fanout         Cap        Slew       Delay        Time   Description
---------------------------------------------------------------------------------------------
                                  0.000000    0.000000   clock clk (rise edge)
                                  0.000000    0.000000   clock network delay (propagated)
                                 20.000000   20.000000 ^ input external delay
     1    0.002783    0.013854    0.007194   20.007195 ^ start (in)
                                                         start (net)
                      0.013854    0.000000   20.007195 ^ input2/A (sky130_fd_sc_hd__clkbuf_1)
     2    0.006741    0.065060    0.070823   20.078018 ^ input2/X (sky130_fd_sc_hd__clkbuf_1)
                                                         net2 (net)
                      0.065061    0.000176   20.078194 ^ _25_/C_N (sky130_fd_sc_hd__or3b_1)
     1    0.003880    0.048126    0.200714   20.278908 v _25_/X (sky130_fd_sc_hd__or3b_1)
                                                         _12_ (net)
                      0.048126    0.000128   20.279036 v _26_/B1 (sky130_fd_sc_hd__o21ai_1)
     1    0.003122    0.073750    0.054301   20.333338 ^ _26_/Y (sky130_fd_sc_hd__o21ai_1)
                                                         next_state[0] (net)
                      0.073750    0.000092   20.333429 ^ _30_/D (sky130_fd_sc_hd__dfrtp_1)
                                             20.333429   data arrival time

                                100.000000  100.000000   clock clk (rise edge)
                                  0.000000  100.000000   clock source latency
     1    0.010682    0.040845    0.026816  100.026810 ^ clk (in)
                                                         clk (net)
                      0.040849    0.000000  100.026810 ^ clkbuf_0_clk/A (sky130_fd_sc_hd__clkbuf_16)
     2    0.019241    0.030681    0.086779  100.113594 ^ clkbuf_0_clk/X (sky130_fd_sc_hd__clkbuf_16)
                                                         clknet_0_clk (net)
                      0.030682    0.000313  100.113907 ^ clkbuf_1_0__f_clk/A (sky130_fd_sc_hd__clkbuf_16)
     3    0.009038    0.023878    0.076888  100.190788 ^ clkbuf_1_0__f_clk/X (sky130_fd_sc_hd__clkbuf_16)
                                                         clknet_1_0__leaf_clk (net)
                      0.023878    0.000199  100.190994 ^ _30_/CLK (sky130_fd_sc_hd__dfrtp_1)
                                 -0.250000   99.940994   clock uncertainty
                                  0.000000   99.940994   clock reconvergence pessimism
                                 -0.038124   99.902870   library setup time
                                             99.902870   data required time
---------------------------------------------------------------------------------------------
                                             99.902870   data required time
                                            -20.333429   data arrival time
---------------------------------------------------------------------------------------------
                                             79.569443   slack (MET)


Startpoint: rst_n (input port clocked by clk)
Endpoint: _30_ (recovery check against rising-edge clock clk)
Path Group: asynchronous
Path Type: max

Fanout         Cap        Slew       Delay        Time   Description
---------------------------------------------------------------------------------------------
                                  0.000000    0.000000   clock clk (rise edge)
                                  0.000000    0.000000   clock network delay (propagated)
                                 20.000000   20.000000 ^ input external delay
     1    0.003250    0.015530    0.008422   20.008423 ^ rst_n (in)
                                                         rst_n (net)
                      0.015530    0.000000   20.008423 ^ input1/A (sky130_fd_sc_hd__clkbuf_2)
     6    0.031641    0.134254    0.133547   20.141968 ^ input1/X (sky130_fd_sc_hd__clkbuf_2)
                                                         net1 (net)
                      0.134296    0.001950   20.143919 ^ _30_/RESET_B (sky130_fd_sc_hd__dfrtp_1)
                                             20.143919   data arrival time

                                100.000000  100.000000   clock clk (rise edge)
                                  0.000000  100.000000   clock source latency
     1    0.010682    0.040845    0.026816  100.026810 ^ clk (in)
                                                         clk (net)
                      0.040849    0.000000  100.026810 ^ clkbuf_0_clk/A (sky130_fd_sc_hd__clkbuf_16)
     2    0.019241    0.030681    0.086779  100.113594 ^ clkbuf_0_clk/X (sky130_fd_sc_hd__clkbuf_16)
                                                         clknet_0_clk (net)
                      0.030682    0.000313  100.113907 ^ clkbuf_1_0__f_clk/A (sky130_fd_sc_hd__clkbuf_16)
     3    0.009038    0.023878    0.076888  100.190788 ^ clkbuf_1_0__f_clk/X (sky130_fd_sc_hd__clkbuf_16)
                                                         clknet_1_0__leaf_clk (net)
                      0.023878    0.000199  100.190994 ^ _30_/CLK (sky130_fd_sc_hd__dfrtp_1)
                                 -0.250000   99.940994   clock uncertainty
                                  0.000000   99.940994   clock reconvergence pessimism
                                  0.123244  100.064240   library recovery time
                                            100.064240   data required time
---------------------------------------------------------------------------------------------
                                            100.064240   data required time
                                            -20.143919   data arrival time
---------------------------------------------------------------------------------------------
                                             79.920311   slack (MET)


Startpoint: rst_n (input port clocked by clk)
Endpoint: _31_ (recovery check against rising-edge clock clk)
Path Group: asynchronous
Path Type: max

Fanout         Cap        Slew       Delay        Time   Description
---------------------------------------------------------------------------------------------
                                  0.000000    0.000000   clock clk (rise edge)
                                  0.000000    0.000000   clock network delay (propagated)
                                 20.000000   20.000000 ^ input external delay
     1    0.003250    0.015530    0.008422   20.008423 ^ rst_n (in)
                                                         rst_n (net)
                      0.015530    0.000000   20.008423 ^ input1/A (sky130_fd_sc_hd__clkbuf_2)
     6    0.031641    0.134254    0.133547   20.141968 ^ input1/X (sky130_fd_sc_hd__clkbuf_2)
                                                         net1 (net)
                      0.134298    0.001993   20.143961 ^ _31_/RESET_B (sky130_fd_sc_hd__dfrtp_1)
                                             20.143961   data arrival time

                                100.000000  100.000000   clock clk (rise edge)
                                  0.000000  100.000000   clock source latency
     1    0.010682    0.040845    0.026816  100.026810 ^ clk (in)
                                                         clk (net)
                      0.040849    0.000000  100.026810 ^ clkbuf_0_clk/A (sky130_fd_sc_hd__clkbuf_16)
     2    0.019241    0.030681    0.086779  100.113594 ^ clkbuf_0_clk/X (sky130_fd_sc_hd__clkbuf_16)
                                                         clknet_0_clk (net)
                      0.030682    0.000313  100.113907 ^ clkbuf_1_0__f_clk/A (sky130_fd_sc_hd__clkbuf_16)
     3    0.009038    0.023878    0.076888  100.190788 ^ clkbuf_1_0__f_clk/X (sky130_fd_sc_hd__clkbuf_16)
                                                         clknet_1_0__leaf_clk (net)
                      0.023878    0.000234  100.191025 ^ _31_/CLK (sky130_fd_sc_hd__dfrtp_1)
                                 -0.250000   99.941032   clock uncertainty
                                  0.000000   99.941032   clock reconvergence pessimism
                                  0.123243  100.064270   library recovery time
                                            100.064270   data required time
---------------------------------------------------------------------------------------------
                                            100.064270   data required time
                                            -20.143961   data arrival time
---------------------------------------------------------------------------------------------
                                             79.920311   slack (MET)


Startpoint: rst_n (input port clocked by clk)
Endpoint: _35_ (recovery check against rising-edge clock clk)
Path Group: asynchronous
Path Type: max

Fanout         Cap        Slew       Delay        Time   Description
---------------------------------------------------------------------------------------------
                                  0.000000    0.000000   clock clk (rise edge)
                                  0.000000    0.000000   clock network delay (propagated)
                                 20.000000   20.000000 ^ input external delay
     1    0.003250    0.015530    0.008422   20.008423 ^ rst_n (in)
                                                         rst_n (net)
                      0.015530    0.000000   20.008423 ^ input1/A (sky130_fd_sc_hd__clkbuf_2)
     6    0.031641    0.134254    0.133547   20.141968 ^ input1/X (sky130_fd_sc_hd__clkbuf_2)
                                                         net1 (net)
                      0.134293    0.001881   20.143850 ^ _35_/RESET_B (sky130_fd_sc_hd__dfrtp_1)
                                             20.143850   data arrival time

                                100.000000  100.000000   clock clk (rise edge)
                                  0.000000  100.000000   clock source latency
     1    0.010682    0.040845    0.026816  100.026810 ^ clk (in)
                                                         clk (net)
                      0.040849    0.000000  100.026810 ^ clkbuf_0_clk/A (sky130_fd_sc_hd__clkbuf_16)
     2    0.019241    0.030681    0.086779  100.113594 ^ clkbuf_0_clk/X (sky130_fd_sc_hd__clkbuf_16)
                                                         clknet_0_clk (net)
                      0.030682    0.000313  100.113907 ^ clkbuf_1_0__f_clk/A (sky130_fd_sc_hd__clkbuf_16)
     3    0.009038    0.023878    0.076888  100.190788 ^ clkbuf_1_0__f_clk/X (sky130_fd_sc_hd__clkbuf_16)
                                                         clknet_1_0__leaf_clk (net)
                      0.023878    0.000206  100.190994 ^ _35_/CLK (sky130_fd_sc_hd__dfrtp_1)
                                 -0.250000   99.941002   clock uncertainty
                                  0.000000   99.941002   clock reconvergence pessimism
                                  0.123244  100.064247   library recovery time
                                            100.064247   data required time
---------------------------------------------------------------------------------------------
                                            100.064247   data required time
                                            -20.143850   data arrival time
---------------------------------------------------------------------------------------------
                                             79.920395   slack (MET)


Startpoint: rst_n (input port clocked by clk)
Endpoint: _32_ (recovery check against rising-edge clock clk)
Path Group: asynchronous
Path Type: max

Fanout         Cap        Slew       Delay        Time   Description
---------------------------------------------------------------------------------------------
                                  0.000000    0.000000   clock clk (rise edge)
                                  0.000000    0.000000   clock network delay (propagated)
                                 20.000000   20.000000 ^ input external delay
     1    0.003250    0.015530    0.008422   20.008423 ^ rst_n (in)
                                                         rst_n (net)
                      0.015530    0.000000   20.008423 ^ input1/A (sky130_fd_sc_hd__clkbuf_2)
     6    0.031641    0.134254    0.133547   20.141968 ^ input1/X (sky130_fd_sc_hd__clkbuf_2)
                                                         net1 (net)
                      0.134292    0.001862   20.143829 ^ _32_/RESET_B (sky130_fd_sc_hd__dfrtp_1)
                                             20.143829   data arrival time

                                100.000000  100.000000   clock clk (rise edge)
                                  0.000000  100.000000   clock source latency
     1    0.010682    0.040845    0.026816  100.026810 ^ clk (in)
                                                         clk (net)
                      0.040849    0.000000  100.026810 ^ clkbuf_0_clk/A (sky130_fd_sc_hd__clkbuf_16)
     2    0.019241    0.030681    0.086779  100.113594 ^ clkbuf_0_clk/X (sky130_fd_sc_hd__clkbuf_16)
                                                         clknet_0_clk (net)
                      0.030682    0.000377  100.113968 ^ clkbuf_1_1__f_clk/A (sky130_fd_sc_hd__clkbuf_16)
     3    0.012232    0.026008    0.079062  100.193031 ^ clkbuf_1_1__f_clk/X (sky130_fd_sc_hd__clkbuf_16)
                                                         clknet_1_1__leaf_clk (net)
                      0.026008    0.000341  100.193375 ^ _32_/CLK (sky130_fd_sc_hd__dfrtp_1)
                                 -0.250000   99.943375   clock uncertainty
                                  0.000000   99.943375   clock reconvergence pessimism
                                  0.123572  100.066948   library recovery time
                                            100.066948   data required time
---------------------------------------------------------------------------------------------
                                            100.066948   data required time
                                            -20.143829   data arrival time
---------------------------------------------------------------------------------------------
                                             79.923111   slack (MET)


Startpoint: rst_n (input port clocked by clk)
Endpoint: _33_ (recovery check against rising-edge clock clk)
Path Group: asynchronous
Path Type: max

Fanout         Cap        Slew       Delay        Time   Description
---------------------------------------------------------------------------------------------
                                  0.000000    0.000000   clock clk (rise edge)
                                  0.000000    0.000000   clock network delay (propagated)
                                 20.000000   20.000000 ^ input external delay
     1    0.003250    0.015530    0.008422   20.008423 ^ rst_n (in)
                                                         rst_n (net)
                      0.015530    0.000000   20.008423 ^ input1/A (sky130_fd_sc_hd__clkbuf_2)
     6    0.031641    0.134254    0.133547   20.141968 ^ input1/X (sky130_fd_sc_hd__clkbuf_2)
                                                         net1 (net)
                      0.134276    0.001421   20.143391 ^ _33_/RESET_B (sky130_fd_sc_hd__dfrtp_1)
                                             20.143391   data arrival time

                                100.000000  100.000000   clock clk (rise edge)
                                  0.000000  100.000000   clock source latency
     1    0.010682    0.040845    0.026816  100.026810 ^ clk (in)
                                                         clk (net)
                      0.040849    0.000000  100.026810 ^ clkbuf_0_clk/A (sky130_fd_sc_hd__clkbuf_16)
     2    0.019241    0.030681    0.086779  100.113594 ^ clkbuf_0_clk/X (sky130_fd_sc_hd__clkbuf_16)
                                                         clknet_0_clk (net)
                      0.030682    0.000377  100.113968 ^ clkbuf_1_1__f_clk/A (sky130_fd_sc_hd__clkbuf_16)
     3    0.012232    0.026008    0.079062  100.193031 ^ clkbuf_1_1__f_clk/X (sky130_fd_sc_hd__clkbuf_16)
                                                         clknet_1_1__leaf_clk (net)
                      0.026008    0.000171  100.193199 ^ _33_/CLK (sky130_fd_sc_hd__dfrtp_1)
                                 -0.250000   99.943207   clock uncertainty
                                  0.000000   99.943207   clock reconvergence pessimism
                                  0.123575  100.066780   library recovery time
                                            100.066780   data required time
---------------------------------------------------------------------------------------------
                                            100.066780   data required time
                                            -20.143391   data arrival time
---------------------------------------------------------------------------------------------
                                             79.923393   slack (MET)


Startpoint: rst_n (input port clocked by clk)
Endpoint: _34_ (recovery check against rising-edge clock clk)
Path Group: asynchronous
Path Type: max

Fanout         Cap        Slew       Delay        Time   Description
---------------------------------------------------------------------------------------------
                                  0.000000    0.000000   clock clk (rise edge)
                                  0.000000    0.000000   clock network delay (propagated)
                                 20.000000   20.000000 ^ input external delay
     1    0.003250    0.015530    0.008422   20.008423 ^ rst_n (in)
                                                         rst_n (net)
                      0.015530    0.000000   20.008423 ^ input1/A (sky130_fd_sc_hd__clkbuf_2)
     6    0.031641    0.134254    0.133547   20.141968 ^ input1/X (sky130_fd_sc_hd__clkbuf_2)
                                                         net1 (net)
                      0.134285    0.001668   20.143637 ^ _34_/RESET_B (sky130_fd_sc_hd__dfrtp_1)
                                             20.143637   data arrival time

                                100.000000  100.000000   clock clk (rise edge)
                                  0.000000  100.000000   clock source latency
     1    0.010682    0.040845    0.026816  100.026810 ^ clk (in)
                                                         clk (net)
                      0.040849    0.000000  100.026810 ^ clkbuf_0_clk/A (sky130_fd_sc_hd__clkbuf_16)
     2    0.019241    0.030681    0.086779  100.113594 ^ clkbuf_0_clk/X (sky130_fd_sc_hd__clkbuf_16)
                                                         clknet_0_clk (net)
                      0.030682    0.000377  100.113968 ^ clkbuf_1_1__f_clk/A (sky130_fd_sc_hd__clkbuf_16)
     3    0.012232    0.026008    0.079062  100.193031 ^ clkbuf_1_1__f_clk/X (sky130_fd_sc_hd__clkbuf_16)
                                                         clknet_1_1__leaf_clk (net)
                      0.026008    0.000362  100.193390 ^ _34_/CLK (sky130_fd_sc_hd__dfrtp_1)
                                 -0.250000   99.943398   clock uncertainty
                                  0.000000   99.943398   clock reconvergence pessimism
                                  0.123574  100.066963   library recovery time
                                            100.066963   data required time
---------------------------------------------------------------------------------------------
                                            100.066963   data required time
                                            -20.143637   data arrival time
---------------------------------------------------------------------------------------------
                                             79.923325   slack (MET)


Startpoint: _32_ (rising edge-triggered flip-flop clocked by clk)
Endpoint: _32_ (rising edge-triggered flip-flop clocked by clk)
Path Group: clk
Path Type: max

Fanout         Cap        Slew       Delay        Time   Description
---------------------------------------------------------------------------------------------
                                  0.000000    0.000000   clock clk (rise edge)
                                  0.000000    0.000000   clock source latency
     1    0.010682    0.040845    0.026819    0.026819 ^ clk (in)
                                                         clk (net)
                      0.040849    0.000000    0.026819 ^ clkbuf_0_clk/A (sky130_fd_sc_hd__clkbuf_16)
     2    0.019241    0.030681    0.086776    0.113595 ^ clkbuf_0_clk/X (sky130_fd_sc_hd__clkbuf_16)
                                                         clknet_0_clk (net)
                      0.030682    0.000379    0.113973 ^ clkbuf_1_1__f_clk/A (sky130_fd_sc_hd__clkbuf_16)
     3    0.012232    0.026008    0.079061    0.193035 ^ clkbuf_1_1__f_clk/X (sky130_fd_sc_hd__clkbuf_16)
                                                         clknet_1_1__leaf_clk (net)
                      0.026008    0.000339    0.193374 ^ _32_/CLK (sky130_fd_sc_hd__dfrtp_1)
     6    0.017385    0.120512    0.264158    0.457531 ^ _32_/Q (sky130_fd_sc_hd__dfrtp_1)
                                                         sym_cnt[0] (net)
                      0.120512    0.000357    0.457888 ^ hold2/A (sky130_fd_sc_hd__dlygate4sd3_1)
     1    0.004842    0.051038    0.398126    0.856013 ^ hold2/X (sky130_fd_sc_hd__dlygate4sd3_1)
                                                         net6 (net)
                      0.051038    0.000174    0.856188 ^ _16_/A (sky130_fd_sc_hd__nor2_1)
     1    0.003218    0.024716    0.029858    0.886045 v _16_/Y (sky130_fd_sc_hd__nor2_1)
                                                         _00_ (net)
                      0.024716    0.000102    0.886147 v _32_/D (sky130_fd_sc_hd__dfrtp_1)
                                              0.886147   data arrival time

                                100.000000  100.000000   clock clk (rise edge)
                                  0.000000  100.000000   clock source latency
     1    0.010682    0.040845    0.026816  100.026810 ^ clk (in)
                                                         clk (net)
                      0.040849    0.000000  100.026810 ^ clkbuf_0_clk/A (sky130_fd_sc_hd__clkbuf_16)
     2    0.019241    0.030681    0.086779  100.113594 ^ clkbuf_0_clk/X (sky130_fd_sc_hd__clkbuf_16)
                                                         clknet_0_clk (net)
                      0.030682    0.000377  100.113968 ^ clkbuf_1_1__f_clk/A (sky130_fd_sc_hd__clkbuf_16)
     3    0.012232    0.026008    0.079062  100.193031 ^ clkbuf_1_1__f_clk/X (sky130_fd_sc_hd__clkbuf_16)
                                                         clknet_1_1__leaf_clk (net)
                      0.026008    0.000341  100.193375 ^ _32_/CLK (sky130_fd_sc_hd__dfrtp_1)
                                 -0.250000   99.943375   clock uncertainty
                                  0.000000   99.943375   clock reconvergence pessimism
                                 -0.070419   99.872955   library setup time
                                             99.872955   data required time
---------------------------------------------------------------------------------------------
                                             99.872955   data required time
                                             -0.886147   data arrival time
---------------------------------------------------------------------------------------------
                                             98.986809   slack (MET)


Startpoint: _35_ (rising edge-triggered flip-flop clocked by clk)
Endpoint: _35_ (rising edge-triggered flip-flop clocked by clk)
Path Group: clk
Path Type: max

Fanout         Cap        Slew       Delay        Time   Description
---------------------------------------------------------------------------------------------
                                  0.000000    0.000000   clock clk (rise edge)
                                  0.000000    0.000000   clock source latency
     1    0.010682    0.040845    0.026819    0.026819 ^ clk (in)
                                                         clk (net)
                      0.040849    0.000000    0.026819 ^ clkbuf_0_clk/A (sky130_fd_sc_hd__clkbuf_16)
     2    0.019241    0.030681    0.086776    0.113595 ^ clkbuf_0_clk/X (sky130_fd_sc_hd__clkbuf_16)
                                                         clknet_0_clk (net)
                      0.030682    0.000315    0.113910 ^ clkbuf_1_0__f_clk/A (sky130_fd_sc_hd__clkbuf_16)
     3    0.009038    0.023878    0.076885    0.190795 ^ clkbuf_1_0__f_clk/X (sky130_fd_sc_hd__clkbuf_16)
                                                         clknet_1_0__leaf_clk (net)
                      0.023878    0.000204    0.191000 ^ _35_/CLK (sky130_fd_sc_hd__dfrtp_1)
     2    0.004601    0.033797    0.226152    0.417152 v _35_/Q (sky130_fd_sc_hd__dfrtp_1)
                                                         sym_cnt[3] (net)
                      0.033797    0.000070    0.417222 v hold1/A (sky130_fd_sc_hd__dlygate4sd3_1)
     1    0.003052    0.039185    0.362473    0.779696 v hold1/X (sky130_fd_sc_hd__dlygate4sd3_1)
                                                         net5 (net)
                      0.039185    0.000096    0.779792 v _23_/A (sky130_fd_sc_hd__and3_1)
     1    0.003448    0.029526    0.092554    0.872345 v _23_/X (sky130_fd_sc_hd__and3_1)
                                                         _03_ (net)
                      0.029526    0.000109    0.872454 v _35_/D (sky130_fd_sc_hd__dfrtp_1)
                                              0.872454   data arrival time

                                100.000000  100.000000   clock clk (rise edge)
                                  0.000000  100.000000   clock source latency
     1    0.010682    0.040845    0.026816  100.026810 ^ clk (in)
                                                         clk (net)
                      0.040849    0.000000  100.026810 ^ clkbuf_0_clk/A (sky130_fd_sc_hd__clkbuf_16)
     2    0.019241    0.030681    0.086779  100.113594 ^ clkbuf_0_clk/X (sky130_fd_sc_hd__clkbuf_16)
                                                         clknet_0_clk (net)
                      0.030682    0.000313  100.113907 ^ clkbuf_1_0__f_clk/A (sky130_fd_sc_hd__clkbuf_16)
     3    0.009038    0.023878    0.076888  100.190788 ^ clkbuf_1_0__f_clk/X (sky130_fd_sc_hd__clkbuf_16)
                                                         clknet_1_0__leaf_clk (net)
                      0.023878    0.000206  100.190994 ^ _35_/CLK (sky130_fd_sc_hd__dfrtp_1)
                                 -0.250000   99.941002   clock uncertainty
                                  0.000000   99.941002   clock reconvergence pessimism
                                 -0.072342   99.868660   library setup time
                                             99.868660   data required time
---------------------------------------------------------------------------------------------
                                             99.868660   data required time
                                             -0.872454   data arrival time
---------------------------------------------------------------------------------------------
                                             98.996208   slack (MET)


Startpoint: _32_ (rising edge-triggered flip-flop clocked by clk)
Endpoint: _31_ (rising edge-triggered flip-flop clocked by clk)
Path Group: clk
Path Type: max

Fanout         Cap        Slew       Delay        Time   Description
---------------------------------------------------------------------------------------------
                                  0.000000    0.000000   clock clk (rise edge)
                                  0.000000    0.000000   clock source latency
     1    0.010682    0.040845    0.026819    0.026819 ^ clk (in)
                                                         clk (net)
                      0.040849    0.000000    0.026819 ^ clkbuf_0_clk/A (sky130_fd_sc_hd__clkbuf_16)
     2    0.019241    0.030681    0.086776    0.113595 ^ clkbuf_0_clk/X (sky130_fd_sc_hd__clkbuf_16)
                                                         clknet_0_clk (net)
                      0.030682    0.000379    0.113973 ^ clkbuf_1_1__f_clk/A (sky130_fd_sc_hd__clkbuf_16)
     3    0.012232    0.026008    0.079061    0.193035 ^ clkbuf_1_1__f_clk/X (sky130_fd_sc_hd__clkbuf_16)
                                                         clknet_1_1__leaf_clk (net)
                      0.026008    0.000339    0.193374 ^ _32_/CLK (sky130_fd_sc_hd__dfrtp_1)
     6    0.016322    0.068697    0.264261    0.457634 v _32_/Q (sky130_fd_sc_hd__dfrtp_1)
                                                         sym_cnt[0] (net)
                      0.068697    0.000187    0.457822 v _24_/D (sky130_fd_sc_hd__and4b_1)
     2    0.008879    0.048344    0.161900    0.619721 v _24_/X (sky130_fd_sc_hd__and4b_1)
                                                         _11_ (net)
                      0.048344    0.000246    0.619967 v _27_/B (sky130_fd_sc_hd__and2_1)
     1    0.003328    0.027014    0.103751    0.723718 v _27_/X (sky130_fd_sc_hd__and2_1)
                                                         next_state[1] (net)
                      0.027014    0.000104    0.723822 v _31_/D (sky130_fd_sc_hd__dfrtp_1)
                                              0.723822   data arrival time

                                100.000000  100.000000   clock clk (rise edge)
                                  0.000000  100.000000   clock source latency
     1    0.010682    0.040845    0.026816  100.026810 ^ clk (in)
                                                         clk (net)
                      0.040849    0.000000  100.026810 ^ clkbuf_0_clk/A (sky130_fd_sc_hd__clkbuf_16)
     2    0.019241    0.030681    0.086779  100.113594 ^ clkbuf_0_clk/X (sky130_fd_sc_hd__clkbuf_16)
                                                         clknet_0_clk (net)
                      0.030682    0.000313  100.113907 ^ clkbuf_1_0__f_clk/A (sky130_fd_sc_hd__clkbuf_16)
     3    0.009038    0.023878    0.076888  100.190788 ^ clkbuf_1_0__f_clk/X (sky130_fd_sc_hd__clkbuf_16)
                                                         clknet_1_0__leaf_clk (net)
                      0.023878    0.000234  100.191025 ^ _31_/CLK (sky130_fd_sc_hd__dfrtp_1)
                                 -0.250000   99.941032   clock uncertainty
                                  0.000000   99.941032   clock reconvergence pessimism
                                 -0.071445   99.869583   library setup time
                                             99.869583   data required time
---------------------------------------------------------------------------------------------
                                             99.869583   data required time
                                             -0.723822   data arrival time
---------------------------------------------------------------------------------------------
                                             99.145760   slack (MET)


Startpoint: _30_ (rising edge-triggered flip-flop clocked by clk)
Endpoint: _33_ (rising edge-triggered flip-flop clocked by clk)
Path Group: clk
Path Type: max

Fanout         Cap        Slew       Delay        Time   Description
---------------------------------------------------------------------------------------------
                                  0.000000    0.000000   clock clk (rise edge)
                                  0.000000    0.000000   clock source latency
     1    0.010682    0.040845    0.026819    0.026819 ^ clk (in)
                                                         clk (net)
                      0.040849    0.000000    0.026819 ^ clkbuf_0_clk/A (sky130_fd_sc_hd__clkbuf_16)
     2    0.019241    0.030681    0.086776    0.113595 ^ clkbuf_0_clk/X (sky130_fd_sc_hd__clkbuf_16)
                                                         clknet_0_clk (net)
                      0.030682    0.000315    0.113910 ^ clkbuf_1_0__f_clk/A (sky130_fd_sc_hd__clkbuf_16)
     3    0.009038    0.023878    0.076885    0.190795 ^ clkbuf_1_0__f_clk/X (sky130_fd_sc_hd__clkbuf_16)
                                                         clknet_1_0__leaf_clk (net)
                      0.023878    0.000199    0.190995 ^ _30_/CLK (sky130_fd_sc_hd__dfrtp_1)
     5    0.016261    0.068569    0.263373    0.454367 v _30_/Q (sky130_fd_sc_hd__dfrtp_1)
                                                         state[0] (net)
                      0.068572    0.000484    0.454852 v _14_/B (sky130_fd_sc_hd__and2b_1)
     5    0.017264    0.065888    0.151706    0.606557 v _14_/X (sky130_fd_sc_hd__and2b_1)
                                                         _05_ (net)
                      0.065891    0.000530    0.607087 v _19_/A (sky130_fd_sc_hd__and3_1)
     1    0.003330    0.029148    0.102381    0.709469 v _19_/X (sky130_fd_sc_hd__and3_1)
                                                         _01_ (net)
                      0.029148    0.000104    0.709572 v _33_/D (sky130_fd_sc_hd__dfrtp_1)
                                              0.709572   data arrival time

                                100.000000  100.000000   clock clk (rise edge)
                                  0.000000  100.000000   clock source latency
     1    0.010682    0.040845    0.026816  100.026810 ^ clk (in)
                                                         clk (net)
                      0.040849    0.000000  100.026810 ^ clkbuf_0_clk/A (sky130_fd_sc_hd__clkbuf_16)
     2    0.019241    0.030681    0.086779  100.113594 ^ clkbuf_0_clk/X (sky130_fd_sc_hd__clkbuf_16)
                                                         clknet_0_clk (net)
                      0.030682    0.000377  100.113968 ^ clkbuf_1_1__f_clk/A (sky130_fd_sc_hd__clkbuf_16)
     3    0.012232    0.026008    0.079062  100.193031 ^ clkbuf_1_1__f_clk/X (sky130_fd_sc_hd__clkbuf_16)
                                                         clknet_1_1__leaf_clk (net)
                      0.026008    0.000171  100.193199 ^ _33_/CLK (sky130_fd_sc_hd__dfrtp_1)
                                 -0.250000   99.943207   clock uncertainty
                                  0.000000   99.943207   clock reconvergence pessimism
                                 -0.072002   99.871201   library setup time
                                             99.871201   data required time
---------------------------------------------------------------------------------------------
                                             99.871201   data required time
                                             -0.709572   data arrival time
---------------------------------------------------------------------------------------------
                                             99.161636   slack (MET)


Startpoint: _30_ (rising edge-triggered flip-flop clocked by clk)
Endpoint: _34_ (rising edge-triggered flip-flop clocked by clk)
Path Group: clk
Path Type: max

Fanout         Cap        Slew       Delay        Time   Description
---------------------------------------------------------------------------------------------
                                  0.000000    0.000000   clock clk (rise edge)
                                  0.000000    0.000000   clock source latency
     1    0.010682    0.040845    0.026819    0.026819 ^ clk (in)
                                                         clk (net)
                      0.040849    0.000000    0.026819 ^ clkbuf_0_clk/A (sky130_fd_sc_hd__clkbuf_16)
     2    0.019241    0.030681    0.086776    0.113595 ^ clkbuf_0_clk/X (sky130_fd_sc_hd__clkbuf_16)
                                                         clknet_0_clk (net)
                      0.030682    0.000315    0.113910 ^ clkbuf_1_0__f_clk/A (sky130_fd_sc_hd__clkbuf_16)
     3    0.009038    0.023878    0.076885    0.190795 ^ clkbuf_1_0__f_clk/X (sky130_fd_sc_hd__clkbuf_16)
                                                         clknet_1_0__leaf_clk (net)
                      0.023878    0.000199    0.190995 ^ _30_/CLK (sky130_fd_sc_hd__dfrtp_1)
     5    0.016261    0.068569    0.263373    0.454367 v _30_/Q (sky130_fd_sc_hd__dfrtp_1)
                                                         state[0] (net)
                      0.068572    0.000484    0.454852 v _14_/B (sky130_fd_sc_hd__and2b_1)
     5    0.017264    0.065888    0.151706    0.606557 v _14_/X (sky130_fd_sc_hd__and2b_1)
                                                         _05_ (net)
                      0.065890    0.000499    0.607056 v _22_/A (sky130_fd_sc_hd__and3_1)
     1    0.002683    0.026942    0.099563    0.706619 v _22_/X (sky130_fd_sc_hd__and3_1)
                                                         _02_ (net)
                      0.026942    0.000081    0.706701 v _34_/D (sky130_fd_sc_hd__dfrtp_1)
                                              0.706701   data arrival time

                                100.000000  100.000000   clock clk (rise edge)
                                  0.000000  100.000000   clock source latency
     1    0.010682    0.040845    0.026816  100.026810 ^ clk (in)
                                                         clk (net)
                      0.040849    0.000000  100.026810 ^ clkbuf_0_clk/A (sky130_fd_sc_hd__clkbuf_16)
     2    0.019241    0.030681    0.086779  100.113594 ^ clkbuf_0_clk/X (sky130_fd_sc_hd__clkbuf_16)
                                                         clknet_0_clk (net)
                      0.030682    0.000377  100.113968 ^ clkbuf_1_1__f_clk/A (sky130_fd_sc_hd__clkbuf_16)
     3    0.012232    0.026008    0.079062  100.193031 ^ clkbuf_1_1__f_clk/X (sky130_fd_sc_hd__clkbuf_16)
                                                         clknet_1_1__leaf_clk (net)
                      0.026008    0.000362  100.193390 ^ _34_/CLK (sky130_fd_sc_hd__dfrtp_1)
                                 -0.250000   99.943398   clock uncertainty
                                  0.000000   99.943398   clock reconvergence pessimism
                                 -0.071214   99.872177   library setup time
                                             99.872177   data required time
---------------------------------------------------------------------------------------------
                                             99.872177   data required time
                                             -0.706701   data arrival time
---------------------------------------------------------------------------------------------
                                             99.165482   slack (MET)



