Reading OpenROAD database at '/home/edabk/Desktop/Tu67/MARCO_ultra/Maximum_Path_Memory/runs/Maximum_Path_Memory_run/38-openroad-globalrouting/Maximum_Path_Memory.odb'…
Reading library file at '/home/edabk/.volare/volare/sky130/versions/0fe599b2afb6708d281543108caf8310912f54af/sky130A/libs.ref/sky130_fd_sc_hd/lib/sky130_fd_sc_hd__tt_025C_1v80.lib'…
Reading design constraints file at '/nix/store/h0ldzjka94yryiq8yxbxmwargpnmwhx6-python3-3.11.9-env/lib/python3.11/site-packages/openlane/scripts/base.sdc'…
[WARNING STA-0366] port '__VIRTUAL_CLK__' not found.
[INFO] Using clock __VIRTUAL_CLK__…
[INFO] Setting output delay to: 2
[INFO] Setting input delay to: 2
[WARNING STA-0366] port '__VIRTUAL_CLK__' not found.
[INFO] Setting load to: 0.033442
[INFO] Setting clock uncertainty to: 0.25
[INFO] Setting clock transition to: 0.1499999999999999944488848768742172978818416595458984375
[WARNING STA-0419] transition time can not be specified for virtual clocks.
[INFO] Setting timing derate to: 5%
[WARNING STA-0450] virtual clock __VIRTUAL_CLK__ can not be propagated.
[WARNING STA-0450] virtual clock __VIRTUAL_CLK__ can not be propagated.
[INFO] Setting signal min routing layer to: met1 and clock min routing layer to met1. 
[INFO] Setting signal max routing layer to: met5 and clock max routing layer to met5. 
-congestion_iterations 50 -verbose
[INFO GRT-0020] Min routing layer: met1
[INFO GRT-0021] Max routing layer: met5
[INFO GRT-0022] Global adjustment: 30%
[INFO GRT-0023] Grid origin: (0, 0)
[INFO GRT-0043] No OR_DEFAULT vias defined.
[INFO GRT-0088] Layer li1     Track-Pitch = 0.4600  line-2-Via Pitch: 0.3400
[INFO GRT-0088] Layer met1    Track-Pitch = 0.3400  line-2-Via Pitch: 0.3400
[INFO GRT-0088] Layer met2    Track-Pitch = 0.4600  line-2-Via Pitch: 0.3500
[INFO GRT-0088] Layer met3    Track-Pitch = 0.6800  line-2-Via Pitch: 0.6150
[INFO GRT-0088] Layer met4    Track-Pitch = 0.9200  line-2-Via Pitch: 1.0400
[INFO GRT-0088] Layer met5    Track-Pitch = 3.4000  line-2-Via Pitch: 3.1100
[INFO GRT-0019] Found 0 clock nets.
[WARNING GRT-0036] Pin prev_00[0] is outside die area.
[WARNING GRT-0036] Pin prev_00[1] is outside die area.
[WARNING GRT-0036] Pin prev_00[2] is outside die area.
[WARNING GRT-0036] Pin prev_00[3] is outside die area.
[WARNING GRT-0036] Pin prev_01[0] is outside die area.
[WARNING GRT-0036] Pin prev_01[1] is outside die area.
[WARNING GRT-0036] Pin prev_01[2] is outside die area.
[WARNING GRT-0036] Pin prev_01[3] is outside die area.
[WARNING GRT-0036] Pin prev_10[0] is outside die area.
[WARNING GRT-0036] Pin prev_10[1] is outside die area.
[WARNING GRT-0036] Pin prev_10[2] is outside die area.
[WARNING GRT-0036] Pin prev_10[3] is outside die area.
[WARNING GRT-0036] Pin prev_11[0] is outside die area.
[WARNING GRT-0036] Pin prev_11[1] is outside die area.
[WARNING GRT-0036] Pin prev_11[2] is outside die area.
[WARNING GRT-0036] Pin prev_11[3] is outside die area.
[WARNING GRT-0036] Pin winner_state[0] is outside die area.
[WARNING GRT-0036] Pin winner_state[1] is outside die area.
[INFO GRT-0001] Minimum degree: 2
[INFO GRT-0002] Maximum degree: 6
[INFO GRT-0003] Macros: 0
[WARNING GRT-0041] Net VPWR has wires/vias outside die area.
[WARNING GRT-0041] Net VPWR has wires/vias outside die area.
[WARNING GRT-0041] Net VPWR has wires/vias outside die area.
[WARNING GRT-0041] Net VPWR has wires/vias outside die area.
[WARNING GRT-0041] Net VPWR has wires/vias outside die area.
[WARNING GRT-0041] Net VPWR has wires/vias outside die area.
[WARNING GRT-0041] Net VPWR has wires/vias outside die area.
[WARNING GRT-0041] Net VPWR has wires/vias outside die area.
[WARNING GRT-0041] Net VPWR has wires/vias outside die area.
[WARNING GRT-0041] Net VPWR has wires/vias outside die area.
[WARNING GRT-0041] Net VPWR has wires/vias outside die area.
[WARNING GRT-0041] Net VPWR has wires/vias outside die area.
[WARNING GRT-0041] Net VPWR has wires/vias outside die area.
[WARNING GRT-0041] Net VPWR has wires/vias outside die area.
[WARNING GRT-0041] Net VPWR has wires/vias outside die area.
[WARNING GRT-0041] Net VPWR has wires/vias outside die area.
[WARNING GRT-0041] Net VPWR has wires/vias outside die area.
[WARNING GRT-0041] Net VPWR has wires/vias outside die area.
[WARNING GRT-0041] Net VGND has wires/vias outside die area.
[WARNING GRT-0041] Net VGND has wires/vias outside die area.
[WARNING GRT-0041] Net VGND has wires/vias outside die area.
[WARNING GRT-0041] Net VGND has wires/vias outside die area.
[WARNING GRT-0041] Net VGND has wires/vias outside die area.
[WARNING GRT-0041] Net VGND has wires/vias outside die area.
[WARNING GRT-0041] Net VGND has wires/vias outside die area.
[WARNING GRT-0041] Net VGND has wires/vias outside die area.
[WARNING GRT-0041] Net VGND has wires/vias outside die area.
[WARNING GRT-0041] Net VGND has wires/vias outside die area.
[WARNING GRT-0041] Net VGND has wires/vias outside die area.
[WARNING GRT-0041] Net VGND has wires/vias outside die area.
[WARNING GRT-0041] Net VGND has wires/vias outside die area.
[WARNING GRT-0041] Net VGND has wires/vias outside die area.
[WARNING GRT-0041] Net VGND has wires/vias outside die area.
[WARNING GRT-0041] Net VGND has wires/vias outside die area.
[WARNING GRT-0041] Net VGND has wires/vias outside die area.
[WARNING GRT-0041] Net VGND has wires/vias outside die area.
[WARNING GRT-0041] Net VGND has wires/vias outside die area.
[INFO GRT-0043] No OR_DEFAULT vias defined.
[INFO GRT-0004] Blockages: 0

[INFO GRT-0053] Routing resources analysis:
          Routing      Original      Derated      Resource
Layer     Direction    Resources     Resources    Reduction (%)
---------------------------------------------------------------
li1        Vertical            0             0          0.00%
met1       Horizontal       2556          1261          50.67%
met2       Vertical         1646          1015          38.34%
met3       Horizontal       1278           780          38.97%
met4       Vertical          676           392          42.01%
met5       Horizontal        250            78          68.80%
---------------------------------------------------------------

[INFO GRT-0197] Via related to pin nodes: 220
[INFO GRT-0198] Via related Steiner nodes: 1
[INFO GRT-0199] Via filling finished.
[INFO GRT-0111] Final number of vias: 257
[INFO GRT-0112] Final usage 3D: 886

[INFO GRT-0096] Final congestion report:
Layer         Resource        Demand        Usage (%)    Max H / Max V / Total Overflow
---------------------------------------------------------------------------------------
li1                  0             0            0.00%             0 /  0 /  0
met1              1261            71            5.63%             0 /  0 /  0
met2              1015            31            3.05%             0 /  0 /  0
met3               780            13            1.67%             0 /  0 /  0
met4               392             0            0.00%             0 /  0 /  0
met5                78             0            0.00%             0 /  0 /  0
---------------------------------------------------------------------------------------
Total             3526           115            3.26%             0 /  0 /  0

[INFO GRT-0018] Total wirelength: 1352 um
[INFO GRT-0014] Routed nets: 75
[INFO GRT-0006] Repairing antennas, iteration 1.
[INFO GRT-0043] No OR_DEFAULT vias defined.
[INFO GRT-0012] Found 0 antenna violations.
Placement Analysis
---------------------------------
total displacement          0.0 u
average displacement        0.0 u
max displacement            0.0 u
original HPWL            1004.1 u
legalized HPWL           1052.5 u
delta HPWL                    5 %

[INFO DPL-0020] Mirrored 31 instances
[INFO DPL-0021] HPWL before            1052.5 u
[INFO DPL-0022] HPWL after             1004.1 u
[INFO DPL-0023] HPWL delta               -4.6 %
-congestion_iterations 50 -verbose
[INFO GRT-0020] Min routing layer: met1
[INFO GRT-0021] Max routing layer: met5
[INFO GRT-0022] Global adjustment: 30%
[INFO GRT-0023] Grid origin: (0, 0)
[INFO GRT-0043] No OR_DEFAULT vias defined.
[INFO GRT-0088] Layer li1     Track-Pitch = 0.4600  line-2-Via Pitch: 0.3400
[INFO GRT-0088] Layer met1    Track-Pitch = 0.3400  line-2-Via Pitch: 0.3400
[INFO GRT-0088] Layer met2    Track-Pitch = 0.4600  line-2-Via Pitch: 0.3500
[INFO GRT-0088] Layer met3    Track-Pitch = 0.6800  line-2-Via Pitch: 0.6150
[INFO GRT-0088] Layer met4    Track-Pitch = 0.9200  line-2-Via Pitch: 1.0400
[INFO GRT-0088] Layer met5    Track-Pitch = 3.4000  line-2-Via Pitch: 3.1100
[INFO GRT-0019] Found 0 clock nets.
[WARNING GRT-0036] Pin prev_00[0] is outside die area.
[WARNING GRT-0036] Pin prev_00[1] is outside die area.
[WARNING GRT-0036] Pin prev_00[2] is outside die area.
[WARNING GRT-0036] Pin prev_00[3] is outside die area.
[WARNING GRT-0036] Pin prev_01[0] is outside die area.
[WARNING GRT-0036] Pin prev_01[1] is outside die area.
[WARNING GRT-0036] Pin prev_01[2] is outside die area.
[WARNING GRT-0036] Pin prev_01[3] is outside die area.
[WARNING GRT-0036] Pin prev_10[0] is outside die area.
[WARNING GRT-0036] Pin prev_10[1] is outside die area.
[WARNING GRT-0036] Pin prev_10[2] is outside die area.
[WARNING GRT-0036] Pin prev_10[3] is outside die area.
[WARNING GRT-0036] Pin prev_11[0] is outside die area.
[WARNING GRT-0036] Pin prev_11[1] is outside die area.
[WARNING GRT-0036] Pin prev_11[2] is outside die area.
[WARNING GRT-0036] Pin prev_11[3] is outside die area.
[WARNING GRT-0036] Pin winner_state[0] is outside die area.
[WARNING GRT-0036] Pin winner_state[1] is outside die area.
[INFO GRT-0001] Minimum degree: 2
[INFO GRT-0002] Maximum degree: 6
[INFO GRT-0003] Macros: 0
[WARNING GRT-0041] Net VPWR has wires/vias outside die area.
[WARNING GRT-0041] Net VPWR has wires/vias outside die area.
[WARNING GRT-0041] Net VPWR has wires/vias outside die area.
[WARNING GRT-0041] Net VPWR has wires/vias outside die area.
[WARNING GRT-0041] Net VPWR has wires/vias outside die area.
[WARNING GRT-0041] Net VPWR has wires/vias outside die area.
[WARNING GRT-0041] Net VPWR has wires/vias outside die area.
[WARNING GRT-0041] Net VPWR has wires/vias outside die area.
[WARNING GRT-0041] Net VPWR has wires/vias outside die area.
[WARNING GRT-0041] Net VPWR has wires/vias outside die area.
[WARNING GRT-0041] Net VPWR has wires/vias outside die area.
[WARNING GRT-0041] Net VPWR has wires/vias outside die area.
[WARNING GRT-0041] Net VPWR has wires/vias outside die area.
[WARNING GRT-0041] Net VPWR has wires/vias outside die area.
[WARNING GRT-0041] Net VPWR has wires/vias outside die area.
[WARNING GRT-0041] Net VPWR has wires/vias outside die area.
[WARNING GRT-0041] Net VPWR has wires/vias outside die area.
[WARNING GRT-0041] Net VPWR has wires/vias outside die area.
[WARNING GRT-0041] Net VGND has wires/vias outside die area.
[WARNING GRT-0041] Net VGND has wires/vias outside die area.
[WARNING GRT-0041] Net VGND has wires/vias outside die area.
[WARNING GRT-0041] Net VGND has wires/vias outside die area.
[WARNING GRT-0041] Net VGND has wires/vias outside die area.
[WARNING GRT-0041] Net VGND has wires/vias outside die area.
[WARNING GRT-0041] Net VGND has wires/vias outside die area.
[WARNING GRT-0041] Net VGND has wires/vias outside die area.
[WARNING GRT-0041] Net VGND has wires/vias outside die area.
[WARNING GRT-0041] Net VGND has wires/vias outside die area.
[WARNING GRT-0041] Net VGND has wires/vias outside die area.
[WARNING GRT-0041] Net VGND has wires/vias outside die area.
[WARNING GRT-0041] Net VGND has wires/vias outside die area.
[WARNING GRT-0041] Net VGND has wires/vias outside die area.
[WARNING GRT-0041] Net VGND has wires/vias outside die area.
[WARNING GRT-0041] Net VGND has wires/vias outside die area.
[WARNING GRT-0041] Net VGND has wires/vias outside die area.
[WARNING GRT-0041] Net VGND has wires/vias outside die area.
[WARNING GRT-0041] Net VGND has wires/vias outside die area.
[INFO GRT-0043] No OR_DEFAULT vias defined.
[INFO GRT-0004] Blockages: 0

[INFO GRT-0053] Routing resources analysis:
          Routing      Original      Derated      Resource
Layer     Direction    Resources     Resources    Reduction (%)
---------------------------------------------------------------
li1        Vertical            0             0          0.00%
met1       Horizontal       2556          1261          50.67%
met2       Vertical         1646          1015          38.34%
met3       Horizontal       1278           780          38.97%
met4       Vertical          676           392          42.01%
met5       Horizontal        250            78          68.80%
---------------------------------------------------------------

[INFO GRT-0197] Via related to pin nodes: 220
[INFO GRT-0198] Via related Steiner nodes: 1
[INFO GRT-0199] Via filling finished.
[INFO GRT-0111] Final number of vias: 257
[INFO GRT-0112] Final usage 3D: 886

[INFO GRT-0096] Final congestion report:
Layer         Resource        Demand        Usage (%)    Max H / Max V / Total Overflow
---------------------------------------------------------------------------------------
li1                  0             0            0.00%             0 /  0 /  0
met1              1261            71            5.63%             0 /  0 /  0
met2              1015            31            3.05%             0 /  0 /  0
met3               780            13            1.67%             0 /  0 /  0
met4               392             0            0.00%             0 /  0 /  0
met5                78             0            0.00%             0 /  0 /  0
---------------------------------------------------------------------------------------
Total             3526           115            3.26%             0 /  0 /  0

[INFO GRT-0018] Total wirelength: 1352 um
[INFO GRT-0014] Routed nets: 75
[INFO] Setting RC values…
Setting global connections for newly added cells…
[INFO] Setting global connections...
Updating metrics…
Cell type report:                       Count       Area
  Fill cell                                28     105.10
  Tap cell                                 48      60.06
  Timing Repair Buffer                     18      70.07
  Inverter                                  5      18.77
  Multi-Input combinational cell           36     272.76
  Total                                   135     526.76
Writing OpenROAD database to '/home/edabk/Desktop/Tu67/MARCO_ultra/Maximum_Path_Memory/runs/Maximum_Path_Memory_run/41-openroad-repairantennas/1-diodeinsertion/Maximum_Path_Memory.odb'…
Writing layout to '/home/edabk/Desktop/Tu67/MARCO_ultra/Maximum_Path_Memory/runs/Maximum_Path_Memory_run/41-openroad-repairantennas/1-diodeinsertion/Maximum_Path_Memory.def'…
