Clock: clk
Sources: clk 
Generated: no
Virtual: yes
Propagated: no
Period: 100.000000

===========================================================================
report_clock_properties
============================================================================
Clock                   Period          Waveform
----------------------------------------------------
clk                 100.000000    0.000000 50.000000

===========================================================================
report_clock_latency
============================================================================
Clock clk
rise -> rise
    min     max
0.000000 0.000000 source latency
0.530246         network latency _303_/CLK
        0.533757 network latency _299_/CLK
---------------
0.530246 0.533757 latency
        0.003510 skew

fall -> fall
    min     max
0.000000 0.000000 source latency
0.540130         network latency _303_/CLK
        0.543302 network latency _299_/CLK
---------------
0.540130 0.543302 latency
        0.003173 skew



===========================================================================
report_clock_min_period
============================================================================
clk period_min = 5.49 fmax = 182.13
