Clock: clk
Sources: clk 
Generated: no
Virtual: no
Propagated: no
Period: 100.000000

===========================================================================
report_clock_properties
============================================================================
Clock                   Period          Waveform
----------------------------------------------------
clk                 100.000000    0.000000 50.000000

===========================================================================
report_clock_latency
============================================================================
Clock clk
rise -> rise
    min     max
0.000000 0.000000 source latency
0.155927         network latency _083_/CLK
        0.155927 network latency _083_/CLK
---------------
0.155927 0.155927 latency
        0.000000 skew

fall -> fall
    min     max
0.000000 0.000000 source latency
0.067136         network latency _083_/CLK
        0.067136 network latency _083_/CLK
---------------
0.067136 0.067136 latency
        0.000000 skew



===========================================================================
report_clock_min_period
============================================================================
clk period_min = 0.98 fmax = 1024.78
