Clock: clk
Sources: clk 
Generated: no
Virtual: yes
Propagated: no
Period: 100.000000

===========================================================================
report_clock_properties
============================================================================
Clock                   Period          Waveform
----------------------------------------------------
clk                 100.000000    0.000000 50.000000

===========================================================================
report_clock_latency
============================================================================
Clock clk
rise -> rise
    min     max
0.000000 0.000000 source latency
0.596177         network latency _096_/CLK
        0.609019 network latency _101_/CLK
---------------
0.596177 0.609019 latency
        0.012842 skew

fall -> fall
    min     max
0.000000 0.000000 source latency
0.586187         network latency _096_/CLK
        0.597641 network latency _101_/CLK
---------------
0.586187 0.597641 latency
        0.011454 skew



===========================================================================
report_clock_min_period
============================================================================
clk period_min = 4.33 fmax = 230.76
