Reading timing models for corner nom_tt_025C_1v80…
Reading timing library for the 'nom_tt_025C_1v80' corner at '/home/edabk/.volare/volare/sky130/versions/0fe599b2afb6708d281543108caf8310912f54af/sky130A/libs.ref/sky130_fd_sc_hd/lib/sky130_fd_sc_hd__tt_025C_1v80.lib'…
Reading timing library for the 'nom_tt_025C_1v80' corner at '/home/edabk/Desktop/Tu67/MARCO_ultra_9.7_final/Branch_Metrics/runs/Branch_Metrics_run/final/lib/max_ss_100C_1v60/Branch_Metrics__max_ss_100C_1v60.lib'…
Reading timing library for the 'nom_tt_025C_1v80' corner at '/home/edabk/Desktop/Tu67/MARCO_ultra_9.7_final/Controller/runs/Controller_run/final/lib/max_ss_100C_1v60/Controller__max_ss_100C_1v60.lib'…
Reading timing library for the 'nom_tt_025C_1v80' corner at '/home/edabk/Desktop/Tu67/MARCO_ultra_9.7_final/Path_Metric_Unit/runs/Path_Metric_Unit_run/final/lib/max_ss_100C_1v60/Path_Metric_Unit__max_ss_100C_1v60.lib'…
Reading timing library for the 'nom_tt_025C_1v80' corner at '/home/edabk/Desktop/Tu67/MARCO_ultra_9.7_final/Maximum_Path_Memory/runs/Maximum_Path_Memory_run/final/lib/max_ss_100C_1v60/Maximum_Path_Memory__max_ss_100C_1v60.lib'…
Reading timing library for the 'nom_tt_025C_1v80' corner at '/home/edabk/Desktop/Tu67/MARCO_ultra_9.7_final/Survivor_Memory_Unit/runs/Survivor_Memory_Unit_run/final/lib/max_ss_100C_1v60/Survivor_Memory_Unit__max_ss_100C_1v60.lib'…
Reading timing models for corner nom_ff_n40C_1v95…
Reading timing library for the 'nom_ff_n40C_1v95' corner at '/home/edabk/.volare/volare/sky130/versions/0fe599b2afb6708d281543108caf8310912f54af/sky130A/libs.ref/sky130_fd_sc_hd/lib/sky130_fd_sc_hd__ff_n40C_1v95.lib'…
Reading timing library for the 'nom_ff_n40C_1v95' corner at '/home/edabk/Desktop/Tu67/MARCO_ultra_9.7_final/Branch_Metrics/runs/Branch_Metrics_run/final/lib/max_ss_100C_1v60/Branch_Metrics__max_ss_100C_1v60.lib'…
[WARNING STA-1140] /home/edabk/Desktop/Tu67/MARCO_ultra_9.7_final/Branch_Metrics/runs/Branch_Metrics_run/final/lib/max_ss_100C_1v60/Branch_Metrics__max_ss_100C_1v60.lib line 1, library Branch_Metrics already exists.
Reading timing library for the 'nom_ff_n40C_1v95' corner at '/home/edabk/Desktop/Tu67/MARCO_ultra_9.7_final/Controller/runs/Controller_run/final/lib/max_ss_100C_1v60/Controller__max_ss_100C_1v60.lib'…
[WARNING STA-1140] /home/edabk/Desktop/Tu67/MARCO_ultra_9.7_final/Controller/runs/Controller_run/final/lib/max_ss_100C_1v60/Controller__max_ss_100C_1v60.lib line 1, library Controller already exists.
Reading timing library for the 'nom_ff_n40C_1v95' corner at '/home/edabk/Desktop/Tu67/MARCO_ultra_9.7_final/Path_Metric_Unit/runs/Path_Metric_Unit_run/final/lib/max_ss_100C_1v60/Path_Metric_Unit__max_ss_100C_1v60.lib'…
[WARNING STA-1140] /home/edabk/Desktop/Tu67/MARCO_ultra_9.7_final/Path_Metric_Unit/runs/Path_Metric_Unit_run/final/lib/max_ss_100C_1v60/Path_Metric_Unit__max_ss_100C_1v60.lib line 1, library Path_Metric_Unit already exists.
Reading timing library for the 'nom_ff_n40C_1v95' corner at '/home/edabk/Desktop/Tu67/MARCO_ultra_9.7_final/Maximum_Path_Memory/runs/Maximum_Path_Memory_run/final/lib/max_ss_100C_1v60/Maximum_Path_Memory__max_ss_100C_1v60.lib'…
[WARNING STA-1140] /home/edabk/Desktop/Tu67/MARCO_ultra_9.7_final/Maximum_Path_Memory/runs/Maximum_Path_Memory_run/final/lib/max_ss_100C_1v60/Maximum_Path_Memory__max_ss_100C_1v60.lib line 1, library Maximum_Path_Memory already exists.
Reading timing library for the 'nom_ff_n40C_1v95' corner at '/home/edabk/Desktop/Tu67/MARCO_ultra_9.7_final/Survivor_Memory_Unit/runs/Survivor_Memory_Unit_run/final/lib/max_ss_100C_1v60/Survivor_Memory_Unit__max_ss_100C_1v60.lib'…
[WARNING STA-1140] /home/edabk/Desktop/Tu67/MARCO_ultra_9.7_final/Survivor_Memory_Unit/runs/Survivor_Memory_Unit_run/final/lib/max_ss_100C_1v60/Survivor_Memory_Unit__max_ss_100C_1v60.lib line 1, library Survivor_Memory_Unit already exists.
Reading timing models for corner nom_ss_100C_1v60…
Reading timing library for the 'nom_ss_100C_1v60' corner at '/home/edabk/.volare/volare/sky130/versions/0fe599b2afb6708d281543108caf8310912f54af/sky130A/libs.ref/sky130_fd_sc_hd/lib/sky130_fd_sc_hd__ss_100C_1v60.lib'…
Reading timing library for the 'nom_ss_100C_1v60' corner at '/home/edabk/Desktop/Tu67/MARCO_ultra_9.7_final/Branch_Metrics/runs/Branch_Metrics_run/final/lib/max_ss_100C_1v60/Branch_Metrics__max_ss_100C_1v60.lib'…
[WARNING STA-1140] /home/edabk/Desktop/Tu67/MARCO_ultra_9.7_final/Branch_Metrics/runs/Branch_Metrics_run/final/lib/max_ss_100C_1v60/Branch_Metrics__max_ss_100C_1v60.lib line 1, library Branch_Metrics already exists.
Reading timing library for the 'nom_ss_100C_1v60' corner at '/home/edabk/Desktop/Tu67/MARCO_ultra_9.7_final/Controller/runs/Controller_run/final/lib/max_ss_100C_1v60/Controller__max_ss_100C_1v60.lib'…
[WARNING STA-1140] /home/edabk/Desktop/Tu67/MARCO_ultra_9.7_final/Controller/runs/Controller_run/final/lib/max_ss_100C_1v60/Controller__max_ss_100C_1v60.lib line 1, library Controller already exists.
Reading timing library for the 'nom_ss_100C_1v60' corner at '/home/edabk/Desktop/Tu67/MARCO_ultra_9.7_final/Path_Metric_Unit/runs/Path_Metric_Unit_run/final/lib/max_ss_100C_1v60/Path_Metric_Unit__max_ss_100C_1v60.lib'…
[WARNING STA-1140] /home/edabk/Desktop/Tu67/MARCO_ultra_9.7_final/Path_Metric_Unit/runs/Path_Metric_Unit_run/final/lib/max_ss_100C_1v60/Path_Metric_Unit__max_ss_100C_1v60.lib line 1, library Path_Metric_Unit already exists.
Reading timing library for the 'nom_ss_100C_1v60' corner at '/home/edabk/Desktop/Tu67/MARCO_ultra_9.7_final/Maximum_Path_Memory/runs/Maximum_Path_Memory_run/final/lib/max_ss_100C_1v60/Maximum_Path_Memory__max_ss_100C_1v60.lib'…
[WARNING STA-1140] /home/edabk/Desktop/Tu67/MARCO_ultra_9.7_final/Maximum_Path_Memory/runs/Maximum_Path_Memory_run/final/lib/max_ss_100C_1v60/Maximum_Path_Memory__max_ss_100C_1v60.lib line 1, library Maximum_Path_Memory already exists.
Reading timing library for the 'nom_ss_100C_1v60' corner at '/home/edabk/Desktop/Tu67/MARCO_ultra_9.7_final/Survivor_Memory_Unit/runs/Survivor_Memory_Unit_run/final/lib/max_ss_100C_1v60/Survivor_Memory_Unit__max_ss_100C_1v60.lib'…
[WARNING STA-1140] /home/edabk/Desktop/Tu67/MARCO_ultra_9.7_final/Survivor_Memory_Unit/runs/Survivor_Memory_Unit_run/final/lib/max_ss_100C_1v60/Survivor_Memory_Unit__max_ss_100C_1v60.lib line 1, library Survivor_Memory_Unit already exists.
Reading OpenROAD database at '/home/edabk/Desktop/Tu67/MARCO_ultra_9.7_final/runs/RUN_2026-01-22_15-55-06/30-openroad-cts/Viterbi_Top.odb'…
Reading design constraints file at '/nix/store/h0ldzjka94yryiq8yxbxmwargpnmwhx6-python3-3.11.9-env/lib/python3.11/site-packages/openlane/scripts/base.sdc'…
[INFO] Using clock clk…
[INFO] Setting output delay to: 20.0
[INFO] Setting input delay to: 20.0
[INFO] Setting load to: 0.033442
[INFO] Setting clock uncertainty to: 0.25
[INFO] Setting clock transition to: 0.1499999999999999944488848768742172978818416595458984375
[INFO] Setting timing derate to: 5%
[INFO] Setting RC values…
[INFO RSZ-0098] No setup violations found
[INFO RSZ-0033] No hold violations found.
Placement Analysis
---------------------------------
total displacement          0.0 u
average displacement        0.0 u
max displacement            0.0 u
original HPWL            5761.5 u
legalized HPWL           5784.9 u
delta HPWL                    0 %

[INFO DPL-0020] Mirrored 4 instances
[INFO DPL-0021] HPWL before            5784.9 u
[INFO DPL-0022] HPWL after             5761.5 u
[INFO DPL-0023] HPWL delta               -0.4 %
[INFO] Setting RC values…
Setting global connections for newly added cells…
[INFO] Setting global connections...
BMU matched with BMU
CTRL matched with CTRL
PMU_Top matched with PMU_Top
MPM matched with MPM
SMU_Top matched with SMU_Top
Updating metrics…
Cell type report:                       Count       Area
  Macro                                     5   31000.00
  Fill cell                               680    2552.45
  Tap cell                               1703    2130.79
  Clock buffer                              3      75.07
  Timing Repair Buffer                     13      70.07
  Clock inverter                            1       7.51
  Total                                  2405   35835.89
Writing OpenROAD database to '/home/edabk/Desktop/Tu67/MARCO_ultra_9.7_final/runs/RUN_2026-01-22_15-55-06/32-openroad-resizertimingpostcts/Viterbi_Top.odb'…
Writing netlist to '/home/edabk/Desktop/Tu67/MARCO_ultra_9.7_final/runs/RUN_2026-01-22_15-55-06/32-openroad-resizertimingpostcts/Viterbi_Top.nl.v'…
Writing powered netlist to '/home/edabk/Desktop/Tu67/MARCO_ultra_9.7_final/runs/RUN_2026-01-22_15-55-06/32-openroad-resizertimingpostcts/Viterbi_Top.pnl.v'…
Writing layout to '/home/edabk/Desktop/Tu67/MARCO_ultra_9.7_final/runs/RUN_2026-01-22_15-55-06/32-openroad-resizertimingpostcts/Viterbi_Top.def'…
Writing timing constraints to '/home/edabk/Desktop/Tu67/MARCO_ultra_9.7_final/runs/RUN_2026-01-22_15-55-06/32-openroad-resizertimingpostcts/Viterbi_Top.sdc'…
