Reading OpenROAD database at '/home/edabk/Desktop/Tu67/MARCO_ultra/Maximum_Path_Memory/runs/Maximum_Path_Memory_run/25-odb-customioplacement/Maximum_Path_Memory.odb'…
Reading library file at '/home/edabk/.volare/volare/sky130/versions/0fe599b2afb6708d281543108caf8310912f54af/sky130A/libs.ref/sky130_fd_sc_hd/lib/sky130_fd_sc_hd__tt_025C_1v80.lib'…
Reading design constraints file at '/nix/store/h0ldzjka94yryiq8yxbxmwargpnmwhx6-python3-3.11.9-env/lib/python3.11/site-packages/openlane/scripts/base.sdc'…
[WARNING STA-0366] port '__VIRTUAL_CLK__' not found.
[INFO] Using clock __VIRTUAL_CLK__…
[INFO] Setting output delay to: 2
[INFO] Setting input delay to: 2
[WARNING STA-0366] port '__VIRTUAL_CLK__' not found.
[INFO] Setting load to: 0.033442
[INFO] Setting clock uncertainty to: 0.25
[INFO] Setting clock transition to: 0.1499999999999999944488848768742172978818416595458984375
[WARNING STA-0419] transition time can not be specified for virtual clocks.
[INFO] Setting timing derate to: 5%
[WARNING STA-0450] virtual clock __VIRTUAL_CLK__ can not be propagated.
[INFO] Setting RC values…
[INFO] Setting signal min routing layer to: met1 and clock min routing layer to met1. 
[INFO] Setting signal max routing layer to: met5 and clock max routing layer to met5. 
+ global_placement -density 0.85 -timing_driven -routability_driven -pad_right 0 -pad_left 0 -init_wirelength_coef 0.25
[INFO GPL-0002] DBU: 1000
[INFO GPL-0003] SiteSize: (  0.460  2.720 ) um
[INFO GPL-0004] CoreBBox: (  5.520 10.880 ) ( 94.300 48.960 ) um
[INFO GPL-0006] NumInstances:               117
[INFO GPL-0007] NumPlaceInstances:           41
[INFO GPL-0008] NumFixedInstances:           76
[INFO GPL-0009] NumDummyInstances:            0
[INFO GPL-0010] NumNets:                     57
[INFO GPL-0011] NumPins:                    164
[INFO GPL-0012] DieBBox:  (  0.000  0.000 ) ( 100.000 60.000 ) um
[INFO GPL-0013] CoreBBox: (  5.520 10.880 ) ( 94.300 48.960 ) um
[INFO GPL-0016] CoreArea:              3380.742 um^2
[INFO GPL-0017] NonPlaceInstsArea:      165.158 um^2
[INFO GPL-0018] PlaceInstsArea:         359.094 um^2
[INFO GPL-0019] Util:                    11.167 %
[INFO GPL-0020] StdInstsArea:           359.094 um^2
[INFO GPL-0021] MacroInstsArea:           0.000 um^2
[InitialPlace]  Iter: 1 CG residual: 0.00000010 HPWL: 1515504
[InitialPlace]  Iter: 2 CG residual: 0.00000006 HPWL: 980187
[InitialPlace]  Iter: 3 CG residual: 0.00000005 HPWL: 915161
[InitialPlace]  Iter: 4 CG residual: 0.00000008 HPWL: 912345
[InitialPlace]  Iter: 5 CG residual: 0.00000011 HPWL: 908647
[INFO GPL-0031] FillerInit:NumGCells:       318
[INFO GPL-0032] FillerInit:NumGNets:         57
[INFO GPL-0033] FillerInit:NumGPins:        164
[INFO GPL-0023] TargetDensity:            0.850
[INFO GPL-0024] AvrgPlaceInstArea:        8.758 um^2
[INFO GPL-0025] IdealBinArea:            10.304 um^2
[INFO GPL-0026] IdealBinCnt:                328
[INFO GPL-0027] TotalBinArea:          3380.742 um^2
[INFO GPL-0028] BinCnt:        16      8
[INFO GPL-0029] BinSize: (  5.549  4.760 )
[INFO GPL-0030] NumBins: 128
[NesterovSolve] Iter:    1 overflow: 0.381 HPWL: 802896
[INFO GPL-0100] Timing-driven: executing resizer for reweighting nets.
[INFO GPL-0101] Timing-driven: worst slack 3.64e-09
[INFO GPL-0103] Timing-driven: weighted 5 nets.
[NesterovSolve] Snapshot saved at iter = 0
[NesterovSolve] Iter:   10 overflow: 0.327 HPWL: 766219
[NesterovSolve] Iter:   20 overflow: 0.332 HPWL: 769595
[NesterovSolve] Iter:   30 overflow: 0.335 HPWL: 771073
[NesterovSolve] Iter:   40 overflow: 0.335 HPWL: 770868
[NesterovSolve] Iter:   50 overflow: 0.334 HPWL: 770148
[NesterovSolve] Iter:   60 overflow: 0.333 HPWL: 769691
[NesterovSolve] Iter:   70 overflow: 0.334 HPWL: 769991
[NesterovSolve] Iter:   80 overflow: 0.334 HPWL: 770252
[NesterovSolve] Iter:   90 overflow: 0.334 HPWL: 770360
[NesterovSolve] Iter:  100 overflow: 0.334 HPWL: 770370
[NesterovSolve] Iter:  110 overflow: 0.334 HPWL: 770424
[NesterovSolve] Iter:  120 overflow: 0.333 HPWL: 770691
[NesterovSolve] Iter:  130 overflow: 0.333 HPWL: 771103
[NesterovSolve] Iter:  140 overflow: 0.333 HPWL: 771496
[NesterovSolve] Iter:  150 overflow: 0.333 HPWL: 771954
[NesterovSolve] Iter:  160 overflow: 0.333 HPWL: 772206
[NesterovSolve] Iter:  170 overflow: 0.333 HPWL: 771851
[NesterovSolve] Iter:  180 overflow: 0.333 HPWL: 771510
[NesterovSolve] Iter:  190 overflow: 0.333 HPWL: 772137
[NesterovSolve] Iter:  200 overflow: 0.333 HPWL: 772424
[NesterovSolve] Iter:  210 overflow: 0.331 HPWL: 772178
[NesterovSolve] Iter:  220 overflow: 0.329 HPWL: 771606
[NesterovSolve] Iter:  230 overflow: 0.328 HPWL: 772153
[NesterovSolve] Iter:  240 overflow: 0.325 HPWL: 772749
[NesterovSolve] Iter:  250 overflow: 0.320 HPWL: 773124
[NesterovSolve] Iter:  260 overflow: 0.315 HPWL: 774141
[NesterovSolve] Iter:  270 overflow: 0.306 HPWL: 774781
[INFO GPL-0075] Routability numCall: 1 inflationIterCnt: 1 bloatIterCnt: 0
[INFO GPL-0036] TileBBox: (    0    0 ) ( 6900 6900 ) DBU
[INFO GPL-0038] TileCnt:      14    8
[INFO GPL-0040] NumTiles: 112
[INFO GPL-0081] TotalRouteOverflow: 0
[INFO GPL-0082] OverflowTileCnt: 0
[INFO GPL-0083] 0.5%RC: 0.6644700765609741
[INFO GPL-0084] 1.0%RC: 0.6592612266540527
[INFO GPL-0085] 2.0%RC: 0.6269872585932413
[INFO GPL-0086] 5.0%RC: 0.5675172110398611
[INFO GPL-0087] FinalRC: 0.66186565
[INFO GPL-0077] FinalRC lower than targetRC(1.01), routability not needed.
[NesterovSolve] Iter:  280 overflow: 0.293 HPWL: 775557
[INFO GPL-0100] Timing-driven: executing resizer for reweighting nets.
[INFO GPL-0101] Timing-driven: worst slack 3.64e-09
[INFO GPL-0103] Timing-driven: weighted 4 nets.
[NesterovSolve] Iter:  290 overflow: 0.274 HPWL: 782400
[NesterovSolve] Iter:  300 overflow: 0.246 HPWL: 785598
[NesterovSolve] Iter:  310 overflow: 0.216 HPWL: 790105
[INFO GPL-0100] Timing-driven: executing resizer for reweighting nets.
[INFO GPL-0101] Timing-driven: worst slack 3.64e-09
[INFO GPL-0103] Timing-driven: weighted 1 nets.
[NesterovSolve] Iter:  320 overflow: 0.200 HPWL: 795439
[NesterovSolve] Iter:  330 overflow: 0.147 HPWL: 804910
[INFO GPL-0100] Timing-driven: executing resizer for reweighting nets.
[INFO GPL-0101] Timing-driven: worst slack 3.64e-09
[INFO GPL-0103] Timing-driven: weighted 4 nets.
[NesterovSolve] Iter:  340 overflow: 0.124 HPWL: 811998
[NesterovSolve] Iter:  350 overflow: 0.115 HPWL: 823002
[NesterovSolve] Iter:  360 overflow: 0.128 HPWL: 831692
[NesterovSolve] Iter:  370 overflow: 0.121 HPWL: 831858
[NesterovSolve] Finished with Overflow: 0.097688
[INFO] Setting RC values…
Setting global connections for newly added cells…
[INFO] Setting global connections...
Updating metrics…
Cell type report:                       Count       Area
  Fill cell                                28     105.10
  Tap cell                                 48      60.06
  Inverter                                  5      18.77
  Multi-Input combinational cell           36     340.33
  Total                                   117     524.25
Writing OpenROAD database to '/home/edabk/Desktop/Tu67/MARCO_ultra/Maximum_Path_Memory/runs/Maximum_Path_Memory_run/27-openroad-globalplacement/Maximum_Path_Memory.odb'…
Writing netlist to '/home/edabk/Desktop/Tu67/MARCO_ultra/Maximum_Path_Memory/runs/Maximum_Path_Memory_run/27-openroad-globalplacement/Maximum_Path_Memory.nl.v'…
Writing powered netlist to '/home/edabk/Desktop/Tu67/MARCO_ultra/Maximum_Path_Memory/runs/Maximum_Path_Memory_run/27-openroad-globalplacement/Maximum_Path_Memory.pnl.v'…
Writing layout to '/home/edabk/Desktop/Tu67/MARCO_ultra/Maximum_Path_Memory/runs/Maximum_Path_Memory_run/27-openroad-globalplacement/Maximum_Path_Memory.def'…
Writing timing constraints to '/home/edabk/Desktop/Tu67/MARCO_ultra/Maximum_Path_Memory/runs/Maximum_Path_Memory_run/27-openroad-globalplacement/Maximum_Path_Memory.sdc'…
