Clock: clk
Sources: clk 
Generated: no
Virtual: yes
Propagated: no
Period: 100.000000

===========================================================================
report_clock_properties
============================================================================
Clock                   Period          Waveform
----------------------------------------------------
clk                 100.000000    0.000000 50.000000

===========================================================================
report_clock_latency
============================================================================
Clock clk
rise -> rise
    min     max
0.000000 0.000000 source latency
0.274611         network latency _33_/CLK
        0.275214 network latency _31_/CLK
---------------
0.274611 0.275214 latency
        0.000603 skew

fall -> fall
    min     max
0.000000 0.000000 source latency
0.281346         network latency _33_/CLK
        0.281865 network latency _31_/CLK
---------------
0.281346 0.281865 latency
        0.000519 skew



===========================================================================
report_clock_min_period
============================================================================
clk period_min = 1.73 fmax = 578.94
