
===========================================================================
report_checks -path_delay max (Setup)
============================================================================
======================= nom_tt_025C_1v80 Corner ===================================

Startpoint: start (input port clocked by clk)
Endpoint: clr_me (output port clocked by clk)
Path Group: clk
Path Type: max

Fanout         Cap        Slew       Delay        Time   Description
---------------------------------------------------------------------------------------------
                                  0.000000    0.000000   clock clk (rise edge)
                                  0.000000    0.000000   clock network delay (propagated)
                                 20.000000   20.000000 v input external delay
     1    0.003567    0.010413    0.005741   20.005741 v start (in)
                                                         start (net)
                      0.010418    0.000000   20.005741 v input2/A (sky130_fd_sc_hd__clkbuf_1)
     2    0.006273    0.044778    0.089090   20.094831 v input2/X (sky130_fd_sc_hd__clkbuf_1)
                                                         net2 (net)
                      0.044779    0.000215   20.095047 v _29_/A2 (sky130_fd_sc_hd__a211oi_1)
     1    0.002721    0.179540    0.220897   20.315943 ^ _29_/Y (sky130_fd_sc_hd__a211oi_1)
                                                         net3 (net)
                      0.179540    0.000085   20.316029 ^ output3/A (sky130_fd_sc_hd__buf_2)
     1    0.034604    0.172280    0.242999   20.559027 ^ output3/X (sky130_fd_sc_hd__buf_2)
                                                         clr_me (net)
                      0.172282    0.000920   20.559948 ^ clr_me (out)
                                             20.559948   data arrival time

                                100.000000  100.000000   clock clk (rise edge)
                                  0.000000  100.000000   clock network delay (propagated)
                                 -0.250000   99.750000   clock uncertainty
                                  0.000000   99.750000   clock reconvergence pessimism
                                -20.000000   79.750000   output external delay
                                             79.750000   data required time
---------------------------------------------------------------------------------------------
                                             79.750000   data required time
                                            -20.559948   data arrival time
---------------------------------------------------------------------------------------------
                                             59.190052   slack (MET)


Startpoint: _30_ (rising edge-triggered flip-flop clocked by clk)
Endpoint: frame_done (output port clocked by clk)
Path Group: clk
Path Type: max

Fanout         Cap        Slew       Delay        Time   Description
---------------------------------------------------------------------------------------------
                                  0.000000    0.000000   clock clk (rise edge)
                                  0.000000    0.000000   clock source latency
     1    0.010350    0.053007    0.035255    0.035255 ^ clk (in)
                                                         clk (net)
                      0.053010    0.000000    0.035255 ^ clkbuf_0_clk/A (sky130_fd_sc_hd__clkbuf_16)
     2    0.017709    0.039895    0.126072    0.161326 ^ clkbuf_0_clk/X (sky130_fd_sc_hd__clkbuf_16)
                                                         clknet_0_clk (net)
                      0.039896    0.000386    0.161713 ^ clkbuf_1_0__f_clk/A (sky130_fd_sc_hd__clkbuf_16)
     3    0.009265    0.032706    0.113287    0.275000 ^ clkbuf_1_0__f_clk/X (sky130_fd_sc_hd__clkbuf_16)
                                                         clknet_1_0__leaf_clk (net)
                      0.032706    0.000180    0.275180 ^ _30_/CLK (sky130_fd_sc_hd__dfrtp_1)
     5    0.014961    0.092369    0.407162    0.682342 v _30_/Q (sky130_fd_sc_hd__dfrtp_1)
                                                         state[0] (net)
                      0.092369    0.000203    0.682545 v _28_/A_N (sky130_fd_sc_hd__and2b_1)
     2    0.011825    0.115798    0.261080    0.943625 ^ _28_/X (sky130_fd_sc_hd__and2b_1)
                                                         net4 (net)
                      0.115798    0.000477    0.944102 ^ output4/A (sky130_fd_sc_hd__buf_2)
     1    0.034092    0.169788    0.223395    1.167497 ^ output4/X (sky130_fd_sc_hd__buf_2)
                                                         frame_done (net)
                      0.169790    0.000935    1.168432 ^ frame_done (out)
                                              1.168432   data arrival time

                                100.000000  100.000000   clock clk (rise edge)
                                  0.000000  100.000000   clock network delay (propagated)
                                 -0.250000   99.750000   clock uncertainty
                                  0.000000   99.750000   clock reconvergence pessimism
                                -20.000000   79.750000   output external delay
                                             79.750000   data required time
---------------------------------------------------------------------------------------------
                                             79.750000   data required time
                                             -1.168432   data arrival time
---------------------------------------------------------------------------------------------
                                             78.581566   slack (MET)


Startpoint: start (input port clocked by clk)
Endpoint: _30_ (rising edge-triggered flip-flop clocked by clk)
Path Group: clk
Path Type: max

Fanout         Cap        Slew       Delay        Time   Description
---------------------------------------------------------------------------------------------
                                  0.000000    0.000000   clock clk (rise edge)
                                  0.000000    0.000000   clock network delay (propagated)
                                 20.000000   20.000000 ^ input external delay
     1    0.003743    0.023823    0.013634   20.013634 ^ start (in)
                                                         start (net)
                      0.023831    0.000000   20.013634 ^ input2/A (sky130_fd_sc_hd__clkbuf_1)
     2    0.006553    0.085817    0.103087   20.116722 ^ input2/X (sky130_fd_sc_hd__clkbuf_1)
                                                         net2 (net)
                      0.085817    0.000240   20.116961 ^ _25_/C_N (sky130_fd_sc_hd__or3b_1)
     1    0.003650    0.070987    0.354223   20.471184 v _25_/X (sky130_fd_sc_hd__or3b_1)
                                                         _12_ (net)
                      0.070987    0.000130   20.471313 v _26_/B1 (sky130_fd_sc_hd__o21ai_1)
     1    0.003706    0.113238    0.088098   20.559412 ^ _26_/Y (sky130_fd_sc_hd__o21ai_1)
                                                         next_state[0] (net)
                      0.113238    0.000131   20.559544 ^ _30_/D (sky130_fd_sc_hd__dfrtp_1)
                                             20.559544   data arrival time

                                100.000000  100.000000   clock clk (rise edge)
                                  0.000000  100.000000   clock source latency
     1    0.010350    0.053007    0.035257  100.035255 ^ clk (in)
                                                         clk (net)
                      0.053010    0.000000  100.035255 ^ clkbuf_0_clk/A (sky130_fd_sc_hd__clkbuf_16)
     2    0.017709    0.039895    0.126072  100.161324 ^ clkbuf_0_clk/X (sky130_fd_sc_hd__clkbuf_16)
                                                         clknet_0_clk (net)
                      0.039896    0.000384  100.161713 ^ clkbuf_1_0__f_clk/A (sky130_fd_sc_hd__clkbuf_16)
     3    0.009265    0.032706    0.113289  100.275002 ^ clkbuf_1_0__f_clk/X (sky130_fd_sc_hd__clkbuf_16)
                                                         clknet_1_0__leaf_clk (net)
                      0.032706    0.000178  100.275177 ^ _30_/CLK (sky130_fd_sc_hd__dfrtp_1)
                                 -0.250000  100.025177   clock uncertainty
                                  0.000000  100.025177   clock reconvergence pessimism
                                 -0.077481   99.947701   library setup time
                                             99.947701   data required time
---------------------------------------------------------------------------------------------
                                             99.947701   data required time
                                            -20.559544   data arrival time
---------------------------------------------------------------------------------------------
                                             79.388161   slack (MET)


Startpoint: rst_n (input port clocked by clk)
Endpoint: _32_ (recovery check against rising-edge clock clk)
Path Group: asynchronous
Path Type: max

Fanout         Cap        Slew       Delay        Time   Description
---------------------------------------------------------------------------------------------
                                  0.000000    0.000000   clock clk (rise edge)
                                  0.000000    0.000000   clock network delay (propagated)
                                 20.000000   20.000000 ^ input external delay
     1    0.003707    0.023667    0.013511   20.013512 ^ rst_n (in)
                                                         rst_n (net)
                      0.023675    0.000000   20.013512 ^ input1/A (sky130_fd_sc_hd__clkbuf_2)
     6    0.030802    0.170800    0.185604   20.199116 ^ input1/X (sky130_fd_sc_hd__clkbuf_2)
                                                         net1 (net)
                      0.170838    0.002105   20.201221 ^ _32_/RESET_B (sky130_fd_sc_hd__dfrtp_1)
                                             20.201221   data arrival time

                                100.000000  100.000000   clock clk (rise edge)
                                  0.000000  100.000000   clock source latency
     1    0.010350    0.053007    0.035257  100.035255 ^ clk (in)
                                                         clk (net)
                      0.053010    0.000000  100.035255 ^ clkbuf_0_clk/A (sky130_fd_sc_hd__clkbuf_16)
     2    0.017709    0.039895    0.126072  100.161324 ^ clkbuf_0_clk/X (sky130_fd_sc_hd__clkbuf_16)
                                                         clknet_0_clk (net)
                      0.039896    0.000377  100.161705 ^ clkbuf_1_1__f_clk/A (sky130_fd_sc_hd__clkbuf_16)
     3    0.008726    0.032241    0.112777  100.274483 ^ clkbuf_1_1__f_clk/X (sky130_fd_sc_hd__clkbuf_16)
                                                         clknet_1_1__leaf_clk (net)
                      0.032242    0.000213  100.274696 ^ _32_/CLK (sky130_fd_sc_hd__dfrtp_1)
                                 -0.250000  100.024696   clock uncertainty
                                  0.000000  100.024696   clock reconvergence pessimism
                                  0.193777  100.218475   library recovery time
                                            100.218475   data required time
---------------------------------------------------------------------------------------------
                                            100.218475   data required time
                                            -20.201221   data arrival time
---------------------------------------------------------------------------------------------
                                             80.017250   slack (MET)


Startpoint: rst_n (input port clocked by clk)
Endpoint: _33_ (recovery check against rising-edge clock clk)
Path Group: asynchronous
Path Type: max

Fanout         Cap        Slew       Delay        Time   Description
---------------------------------------------------------------------------------------------
                                  0.000000    0.000000   clock clk (rise edge)
                                  0.000000    0.000000   clock network delay (propagated)
                                 20.000000   20.000000 ^ input external delay
     1    0.003707    0.023667    0.013511   20.013512 ^ rst_n (in)
                                                         rst_n (net)
                      0.023675    0.000000   20.013512 ^ input1/A (sky130_fd_sc_hd__clkbuf_2)
     6    0.030802    0.170800    0.185604   20.199116 ^ input1/X (sky130_fd_sc_hd__clkbuf_2)
                                                         net1 (net)
                      0.170831    0.001883   20.200998 ^ _33_/RESET_B (sky130_fd_sc_hd__dfrtp_1)
                                             20.200998   data arrival time

                                100.000000  100.000000   clock clk (rise edge)
                                  0.000000  100.000000   clock source latency
     1    0.010350    0.053007    0.035257  100.035255 ^ clk (in)
                                                         clk (net)
                      0.053010    0.000000  100.035255 ^ clkbuf_0_clk/A (sky130_fd_sc_hd__clkbuf_16)
     2    0.017709    0.039895    0.126072  100.161324 ^ clkbuf_0_clk/X (sky130_fd_sc_hd__clkbuf_16)
                                                         clknet_0_clk (net)
                      0.039896    0.000377  100.161705 ^ clkbuf_1_1__f_clk/A (sky130_fd_sc_hd__clkbuf_16)
     3    0.008726    0.032241    0.112777  100.274483 ^ clkbuf_1_1__f_clk/X (sky130_fd_sc_hd__clkbuf_16)
                                                         clknet_1_1__leaf_clk (net)
                      0.032242    0.000128  100.274605 ^ _33_/CLK (sky130_fd_sc_hd__dfrtp_1)
                                 -0.250000  100.024612   clock uncertainty
                                  0.000000  100.024612   clock reconvergence pessimism
                                  0.193779  100.218391   library recovery time
                                            100.218391   data required time
---------------------------------------------------------------------------------------------
                                            100.218391   data required time
                                            -20.200998   data arrival time
---------------------------------------------------------------------------------------------
                                             80.017387   slack (MET)


Startpoint: rst_n (input port clocked by clk)
Endpoint: _34_ (recovery check against rising-edge clock clk)
Path Group: asynchronous
Path Type: max

Fanout         Cap        Slew       Delay        Time   Description
---------------------------------------------------------------------------------------------
                                  0.000000    0.000000   clock clk (rise edge)
                                  0.000000    0.000000   clock network delay (propagated)
                                 20.000000   20.000000 ^ input external delay
     1    0.003707    0.023667    0.013511   20.013512 ^ rst_n (in)
                                                         rst_n (net)
                      0.023675    0.000000   20.013512 ^ input1/A (sky130_fd_sc_hd__clkbuf_2)
     6    0.030802    0.170800    0.185604   20.199116 ^ input1/X (sky130_fd_sc_hd__clkbuf_2)
                                                         net1 (net)
                      0.170831    0.001886   20.201002 ^ _34_/RESET_B (sky130_fd_sc_hd__dfrtp_1)
                                             20.201002   data arrival time

                                100.000000  100.000000   clock clk (rise edge)
                                  0.000000  100.000000   clock source latency
     1    0.010350    0.053007    0.035257  100.035255 ^ clk (in)
                                                         clk (net)
                      0.053010    0.000000  100.035255 ^ clkbuf_0_clk/A (sky130_fd_sc_hd__clkbuf_16)
     2    0.017709    0.039895    0.126072  100.161324 ^ clkbuf_0_clk/X (sky130_fd_sc_hd__clkbuf_16)
                                                         clknet_0_clk (net)
                      0.039896    0.000377  100.161705 ^ clkbuf_1_1__f_clk/A (sky130_fd_sc_hd__clkbuf_16)
     3    0.008726    0.032241    0.112777  100.274483 ^ clkbuf_1_1__f_clk/X (sky130_fd_sc_hd__clkbuf_16)
                                                         clknet_1_1__leaf_clk (net)
                      0.032242    0.000199  100.274681 ^ _34_/CLK (sky130_fd_sc_hd__dfrtp_1)
                                 -0.250000  100.024681   clock uncertainty
                                  0.000000  100.024681   clock reconvergence pessimism
                                  0.193779  100.218460   library recovery time
                                            100.218460   data required time
---------------------------------------------------------------------------------------------
                                            100.218460   data required time
                                            -20.201002   data arrival time
---------------------------------------------------------------------------------------------
                                             80.017456   slack (MET)


Startpoint: rst_n (input port clocked by clk)
Endpoint: _30_ (recovery check against rising-edge clock clk)
Path Group: asynchronous
Path Type: max

Fanout         Cap        Slew       Delay        Time   Description
---------------------------------------------------------------------------------------------
                                  0.000000    0.000000   clock clk (rise edge)
                                  0.000000    0.000000   clock network delay (propagated)
                                 20.000000   20.000000 ^ input external delay
     1    0.003707    0.023667    0.013511   20.013512 ^ rst_n (in)
                                                         rst_n (net)
                      0.023675    0.000000   20.013512 ^ input1/A (sky130_fd_sc_hd__clkbuf_2)
     6    0.030802    0.170800    0.185604   20.199116 ^ input1/X (sky130_fd_sc_hd__clkbuf_2)
                                                         net1 (net)
                      0.170841    0.002171   20.201286 ^ _30_/RESET_B (sky130_fd_sc_hd__dfrtp_1)
                                             20.201286   data arrival time

                                100.000000  100.000000   clock clk (rise edge)
                                  0.000000  100.000000   clock source latency
     1    0.010350    0.053007    0.035257  100.035255 ^ clk (in)
                                                         clk (net)
                      0.053010    0.000000  100.035255 ^ clkbuf_0_clk/A (sky130_fd_sc_hd__clkbuf_16)
     2    0.017709    0.039895    0.126072  100.161324 ^ clkbuf_0_clk/X (sky130_fd_sc_hd__clkbuf_16)
                                                         clknet_0_clk (net)
                      0.039896    0.000384  100.161713 ^ clkbuf_1_0__f_clk/A (sky130_fd_sc_hd__clkbuf_16)
     3    0.009265    0.032706    0.113289  100.275002 ^ clkbuf_1_0__f_clk/X (sky130_fd_sc_hd__clkbuf_16)
                                                         clknet_1_0__leaf_clk (net)
                      0.032706    0.000178  100.275177 ^ _30_/CLK (sky130_fd_sc_hd__dfrtp_1)
                                 -0.250000  100.025177   clock uncertainty
                                  0.000000  100.025177   clock reconvergence pessimism
                                  0.193921  100.219101   library recovery time
                                            100.219101   data required time
---------------------------------------------------------------------------------------------
                                            100.219101   data required time
                                            -20.201286   data arrival time
---------------------------------------------------------------------------------------------
                                             80.017815   slack (MET)


Startpoint: rst_n (input port clocked by clk)
Endpoint: _31_ (recovery check against rising-edge clock clk)
Path Group: asynchronous
Path Type: max

Fanout         Cap        Slew       Delay        Time   Description
---------------------------------------------------------------------------------------------
                                  0.000000    0.000000   clock clk (rise edge)
                                  0.000000    0.000000   clock network delay (propagated)
                                 20.000000   20.000000 ^ input external delay
     1    0.003707    0.023667    0.013511   20.013512 ^ rst_n (in)
                                                         rst_n (net)
                      0.023675    0.000000   20.013512 ^ input1/A (sky130_fd_sc_hd__clkbuf_2)
     6    0.030802    0.170800    0.185604   20.199116 ^ input1/X (sky130_fd_sc_hd__clkbuf_2)
                                                         net1 (net)
                      0.170842    0.002194   20.201309 ^ _31_/RESET_B (sky130_fd_sc_hd__dfrtp_1)
                                             20.201309   data arrival time

                                100.000000  100.000000   clock clk (rise edge)
                                  0.000000  100.000000   clock source latency
     1    0.010350    0.053007    0.035257  100.035255 ^ clk (in)
                                                         clk (net)
                      0.053010    0.000000  100.035255 ^ clkbuf_0_clk/A (sky130_fd_sc_hd__clkbuf_16)
     2    0.017709    0.039895    0.126072  100.161324 ^ clkbuf_0_clk/X (sky130_fd_sc_hd__clkbuf_16)
                                                         clknet_0_clk (net)
                      0.039896    0.000384  100.161713 ^ clkbuf_1_0__f_clk/A (sky130_fd_sc_hd__clkbuf_16)
     3    0.009265    0.032706    0.113289  100.275002 ^ clkbuf_1_0__f_clk/X (sky130_fd_sc_hd__clkbuf_16)
                                                         clknet_1_0__leaf_clk (net)
                      0.032706    0.000213  100.275215 ^ _31_/CLK (sky130_fd_sc_hd__dfrtp_1)
                                 -0.250000  100.025215   clock uncertainty
                                  0.000000  100.025215   clock reconvergence pessimism
                                  0.193921  100.219139   library recovery time
                                            100.219139   data required time
---------------------------------------------------------------------------------------------
                                            100.219139   data required time
                                            -20.201309   data arrival time
---------------------------------------------------------------------------------------------
                                             80.017830   slack (MET)


Startpoint: rst_n (input port clocked by clk)
Endpoint: _35_ (recovery check against rising-edge clock clk)
Path Group: asynchronous
Path Type: max

Fanout         Cap        Slew       Delay        Time   Description
---------------------------------------------------------------------------------------------
                                  0.000000    0.000000   clock clk (rise edge)
                                  0.000000    0.000000   clock network delay (propagated)
                                 20.000000   20.000000 ^ input external delay
     1    0.003707    0.023667    0.013511   20.013512 ^ rst_n (in)
                                                         rst_n (net)
                      0.023675    0.000000   20.013512 ^ input1/A (sky130_fd_sc_hd__clkbuf_2)
     6    0.030802    0.170800    0.185604   20.199116 ^ input1/X (sky130_fd_sc_hd__clkbuf_2)
                                                         net1 (net)
                      0.170838    0.002100   20.201216 ^ _35_/RESET_B (sky130_fd_sc_hd__dfrtp_1)
                                             20.201216   data arrival time

                                100.000000  100.000000   clock clk (rise edge)
                                  0.000000  100.000000   clock source latency
     1    0.010350    0.053007    0.035257  100.035255 ^ clk (in)
                                                         clk (net)
                      0.053010    0.000000  100.035255 ^ clkbuf_0_clk/A (sky130_fd_sc_hd__clkbuf_16)
     2    0.017709    0.039895    0.126072  100.161324 ^ clkbuf_0_clk/X (sky130_fd_sc_hd__clkbuf_16)
                                                         clknet_0_clk (net)
                      0.039896    0.000384  100.161713 ^ clkbuf_1_0__f_clk/A (sky130_fd_sc_hd__clkbuf_16)
     3    0.009265    0.032706    0.113289  100.275002 ^ clkbuf_1_0__f_clk/X (sky130_fd_sc_hd__clkbuf_16)
                                                         clknet_1_0__leaf_clk (net)
                      0.032706    0.000199  100.275200 ^ _35_/CLK (sky130_fd_sc_hd__dfrtp_1)
                                 -0.250000  100.025200   clock uncertainty
                                  0.000000  100.025200   clock reconvergence pessimism
                                  0.193921  100.219124   library recovery time
                                            100.219124   data required time
---------------------------------------------------------------------------------------------
                                            100.219124   data required time
                                            -20.201216   data arrival time
---------------------------------------------------------------------------------------------
                                             80.017906   slack (MET)


Startpoint: _35_ (rising edge-triggered flip-flop clocked by clk)
Endpoint: _35_ (rising edge-triggered flip-flop clocked by clk)
Path Group: clk
Path Type: max

Fanout         Cap        Slew       Delay        Time   Description
---------------------------------------------------------------------------------------------
                                  0.000000    0.000000   clock clk (rise edge)
                                  0.000000    0.000000   clock source latency
     1    0.010350    0.053007    0.035255    0.035255 ^ clk (in)
                                                         clk (net)
                      0.053010    0.000000    0.035255 ^ clkbuf_0_clk/A (sky130_fd_sc_hd__clkbuf_16)
     2    0.017709    0.039895    0.126072    0.161326 ^ clkbuf_0_clk/X (sky130_fd_sc_hd__clkbuf_16)
                                                         clknet_0_clk (net)
                      0.039896    0.000386    0.161713 ^ clkbuf_1_0__f_clk/A (sky130_fd_sc_hd__clkbuf_16)
     3    0.009265    0.032706    0.113287    0.275000 ^ clkbuf_1_0__f_clk/X (sky130_fd_sc_hd__clkbuf_16)
                                                         clknet_1_0__leaf_clk (net)
                      0.032706    0.000200    0.275200 ^ _35_/CLK (sky130_fd_sc_hd__dfrtp_1)
     2    0.005101    0.049672    0.361629    0.636829 v _35_/Q (sky130_fd_sc_hd__dfrtp_1)
                                                         sym_cnt[3] (net)
                      0.049672    0.000109    0.636939 v hold1/A (sky130_fd_sc_hd__dlygate4sd3_1)
     1    0.002671    0.052186    0.548811    1.185750 v hold1/X (sky130_fd_sc_hd__dlygate4sd3_1)
                                                         net5 (net)
                      0.052186    0.000086    1.185836 v _23_/A (sky130_fd_sc_hd__and3_1)
     1    0.002977    0.037601    0.142615    1.328451 v _23_/X (sky130_fd_sc_hd__and3_1)
                                                         _03_ (net)
                      0.037601    0.000094    1.328545 v _35_/D (sky130_fd_sc_hd__dfrtp_1)
                                              1.328545   data arrival time

                                100.000000  100.000000   clock clk (rise edge)
                                  0.000000  100.000000   clock source latency
     1    0.010350    0.053007    0.035257  100.035255 ^ clk (in)
                                                         clk (net)
                      0.053010    0.000000  100.035255 ^ clkbuf_0_clk/A (sky130_fd_sc_hd__clkbuf_16)
     2    0.017709    0.039895    0.126072  100.161324 ^ clkbuf_0_clk/X (sky130_fd_sc_hd__clkbuf_16)
                                                         clknet_0_clk (net)
                      0.039896    0.000384  100.161713 ^ clkbuf_1_0__f_clk/A (sky130_fd_sc_hd__clkbuf_16)
     3    0.009265    0.032706    0.113289  100.275002 ^ clkbuf_1_0__f_clk/X (sky130_fd_sc_hd__clkbuf_16)
                                                         clknet_1_0__leaf_clk (net)
                      0.032706    0.000199  100.275200 ^ _35_/CLK (sky130_fd_sc_hd__dfrtp_1)
                                 -0.250000  100.025200   clock uncertainty
                                  0.000000  100.025200   clock reconvergence pessimism
                                 -0.113856   99.911339   library setup time
                                             99.911339   data required time
---------------------------------------------------------------------------------------------
                                             99.911339   data required time
                                             -1.328545   data arrival time
---------------------------------------------------------------------------------------------
                                             98.582802   slack (MET)


Startpoint: _32_ (rising edge-triggered flip-flop clocked by clk)
Endpoint: _32_ (rising edge-triggered flip-flop clocked by clk)
Path Group: clk
Path Type: max

Fanout         Cap        Slew       Delay        Time   Description
---------------------------------------------------------------------------------------------
                                  0.000000    0.000000   clock clk (rise edge)
                                  0.000000    0.000000   clock source latency
     1    0.010350    0.053007    0.035255    0.035255 ^ clk (in)
                                                         clk (net)
                      0.053010    0.000000    0.035255 ^ clkbuf_0_clk/A (sky130_fd_sc_hd__clkbuf_16)
     2    0.017709    0.039895    0.126072    0.161326 ^ clkbuf_0_clk/X (sky130_fd_sc_hd__clkbuf_16)
                                                         clknet_0_clk (net)
                      0.039896    0.000380    0.161707 ^ clkbuf_1_1__f_clk/A (sky130_fd_sc_hd__clkbuf_16)
     3    0.008726    0.032241    0.112773    0.274480 ^ clkbuf_1_1__f_clk/X (sky130_fd_sc_hd__clkbuf_16)
                                                         clknet_1_1__leaf_clk (net)
                      0.032242    0.000215    0.274694 ^ _32_/CLK (sky130_fd_sc_hd__dfrtp_1)
     6    0.015594    0.095205    0.409529    0.684223 v _32_/Q (sky130_fd_sc_hd__dfrtp_1)
                                                         sym_cnt[0] (net)
                      0.095205    0.000334    0.684557 v hold2/A (sky130_fd_sc_hd__dlygate4sd3_1)
     1    0.004044    0.059192    0.580026    1.264584 v hold2/X (sky130_fd_sc_hd__dlygate4sd3_1)
                                                         net6 (net)
                      0.059192    0.000149    1.264733 v _16_/A (sky130_fd_sc_hd__nor2_1)
     1    0.002673    0.075344    0.100130    1.364863 ^ _16_/Y (sky130_fd_sc_hd__nor2_1)
                                                         _00_ (net)
                      0.075344    0.000061    1.364924 ^ _32_/D (sky130_fd_sc_hd__dfrtp_1)
                                              1.364924   data arrival time

                                100.000000  100.000000   clock clk (rise edge)
                                  0.000000  100.000000   clock source latency
     1    0.010350    0.053007    0.035257  100.035255 ^ clk (in)
                                                         clk (net)
                      0.053010    0.000000  100.035255 ^ clkbuf_0_clk/A (sky130_fd_sc_hd__clkbuf_16)
     2    0.017709    0.039895    0.126072  100.161324 ^ clkbuf_0_clk/X (sky130_fd_sc_hd__clkbuf_16)
                                                         clknet_0_clk (net)
                      0.039896    0.000377  100.161705 ^ clkbuf_1_1__f_clk/A (sky130_fd_sc_hd__clkbuf_16)
     3    0.008726    0.032241    0.112777  100.274483 ^ clkbuf_1_1__f_clk/X (sky130_fd_sc_hd__clkbuf_16)
                                                         clknet_1_1__leaf_clk (net)
                      0.032242    0.000213  100.274696 ^ _32_/CLK (sky130_fd_sc_hd__dfrtp_1)
                                 -0.250000  100.024696   clock uncertainty
                                  0.000000  100.024696   clock reconvergence pessimism
                                 -0.068773   99.955925   library setup time
                                             99.955925   data required time
---------------------------------------------------------------------------------------------
                                             99.955925   data required time
                                             -1.364924   data arrival time
---------------------------------------------------------------------------------------------
                                             98.590996   slack (MET)


Startpoint: _32_ (rising edge-triggered flip-flop clocked by clk)
Endpoint: _31_ (rising edge-triggered flip-flop clocked by clk)
Path Group: clk
Path Type: max

Fanout         Cap        Slew       Delay        Time   Description
---------------------------------------------------------------------------------------------
                                  0.000000    0.000000   clock clk (rise edge)
                                  0.000000    0.000000   clock source latency
     1    0.010350    0.053007    0.035255    0.035255 ^ clk (in)
                                                         clk (net)
                      0.053010    0.000000    0.035255 ^ clkbuf_0_clk/A (sky130_fd_sc_hd__clkbuf_16)
     2    0.017709    0.039895    0.126072    0.161326 ^ clkbuf_0_clk/X (sky130_fd_sc_hd__clkbuf_16)
                                                         clknet_0_clk (net)
                      0.039896    0.000380    0.161707 ^ clkbuf_1_1__f_clk/A (sky130_fd_sc_hd__clkbuf_16)
     3    0.008726    0.032241    0.112773    0.274480 ^ clkbuf_1_1__f_clk/X (sky130_fd_sc_hd__clkbuf_16)
                                                         clknet_1_1__leaf_clk (net)
                      0.032242    0.000215    0.274694 ^ _32_/CLK (sky130_fd_sc_hd__dfrtp_1)
     6    0.015594    0.095205    0.409529    0.684223 v _32_/Q (sky130_fd_sc_hd__dfrtp_1)
                                                         sym_cnt[0] (net)
                      0.095205    0.000300    0.684524 v _24_/D (sky130_fd_sc_hd__and4b_1)
     2    0.007266    0.059333    0.241227    0.925751 v _24_/X (sky130_fd_sc_hd__and4b_1)
                                                         _11_ (net)
                      0.059333    0.000241    0.925991 v _27_/B (sky130_fd_sc_hd__and2_1)
     1    0.003478    0.038114    0.160277    1.086269 v _27_/X (sky130_fd_sc_hd__and2_1)
                                                         next_state[1] (net)
                      0.038114    0.000117    1.086386 v _31_/D (sky130_fd_sc_hd__dfrtp_1)
                                              1.086386   data arrival time

                                100.000000  100.000000   clock clk (rise edge)
                                  0.000000  100.000000   clock source latency
     1    0.010350    0.053007    0.035257  100.035255 ^ clk (in)
                                                         clk (net)
                      0.053010    0.000000  100.035255 ^ clkbuf_0_clk/A (sky130_fd_sc_hd__clkbuf_16)
     2    0.017709    0.039895    0.126072  100.161324 ^ clkbuf_0_clk/X (sky130_fd_sc_hd__clkbuf_16)
                                                         clknet_0_clk (net)
                      0.039896    0.000384  100.161713 ^ clkbuf_1_0__f_clk/A (sky130_fd_sc_hd__clkbuf_16)
     3    0.009265    0.032706    0.113289  100.275002 ^ clkbuf_1_0__f_clk/X (sky130_fd_sc_hd__clkbuf_16)
                                                         clknet_1_0__leaf_clk (net)
                      0.032706    0.000213  100.275215 ^ _31_/CLK (sky130_fd_sc_hd__dfrtp_1)
                                 -0.250000  100.025215   clock uncertainty
                                  0.000000  100.025215   clock reconvergence pessimism
                                 -0.114080   99.911133   library setup time
                                             99.911133   data required time
---------------------------------------------------------------------------------------------
                                             99.911133   data required time
                                             -1.086386   data arrival time
---------------------------------------------------------------------------------------------
                                             98.824753   slack (MET)


Startpoint: _33_ (rising edge-triggered flip-flop clocked by clk)
Endpoint: _33_ (rising edge-triggered flip-flop clocked by clk)
Path Group: clk
Path Type: max

Fanout         Cap        Slew       Delay        Time   Description
---------------------------------------------------------------------------------------------
                                  0.000000    0.000000   clock clk (rise edge)
                                  0.000000    0.000000   clock source latency
     1    0.010350    0.053007    0.035255    0.035255 ^ clk (in)
                                                         clk (net)
                      0.053010    0.000000    0.035255 ^ clkbuf_0_clk/A (sky130_fd_sc_hd__clkbuf_16)
     2    0.017709    0.039895    0.126072    0.161326 ^ clkbuf_0_clk/X (sky130_fd_sc_hd__clkbuf_16)
                                                         clknet_0_clk (net)
                      0.039896    0.000380    0.161707 ^ clkbuf_1_1__f_clk/A (sky130_fd_sc_hd__clkbuf_16)
     3    0.008726    0.032241    0.112773    0.274480 ^ clkbuf_1_1__f_clk/X (sky130_fd_sc_hd__clkbuf_16)
                                                         clknet_1_1__leaf_clk (net)
                      0.032242    0.000131    0.274611 ^ _33_/CLK (sky130_fd_sc_hd__dfrtp_1)
     5    0.013035    0.083881    0.399245    0.673856 v _33_/Q (sky130_fd_sc_hd__dfrtp_1)
                                                         sym_cnt[1] (net)
                      0.083881    0.000228    0.674084 v _17_/A (sky130_fd_sc_hd__or2_1)
     1    0.003798    0.053181    0.241454    0.915538 v _17_/X (sky130_fd_sc_hd__or2_1)
                                                         _07_ (net)
                      0.053181    0.000136    0.915674 v _19_/B (sky130_fd_sc_hd__and3_1)
     1    0.003312    0.039258    0.164943    1.080617 v _19_/X (sky130_fd_sc_hd__and3_1)
                                                         _01_ (net)
                      0.039258    0.000085    1.080702 v _33_/D (sky130_fd_sc_hd__dfrtp_1)
                                              1.080702   data arrival time

                                100.000000  100.000000   clock clk (rise edge)
                                  0.000000  100.000000   clock source latency
     1    0.010350    0.053007    0.035257  100.035255 ^ clk (in)
                                                         clk (net)
                      0.053010    0.000000  100.035255 ^ clkbuf_0_clk/A (sky130_fd_sc_hd__clkbuf_16)
     2    0.017709    0.039895    0.126072  100.161324 ^ clkbuf_0_clk/X (sky130_fd_sc_hd__clkbuf_16)
                                                         clknet_0_clk (net)
                      0.039896    0.000377  100.161705 ^ clkbuf_1_1__f_clk/A (sky130_fd_sc_hd__clkbuf_16)
     3    0.008726    0.032241    0.112777  100.274483 ^ clkbuf_1_1__f_clk/X (sky130_fd_sc_hd__clkbuf_16)
                                                         clknet_1_1__leaf_clk (net)
                      0.032242    0.000128  100.274605 ^ _33_/CLK (sky130_fd_sc_hd__dfrtp_1)
                                 -0.250000  100.024612   clock uncertainty
                                  0.000000  100.024612   clock reconvergence pessimism
                                 -0.114686   99.909920   library setup time
                                             99.909920   data required time
---------------------------------------------------------------------------------------------
                                             99.909920   data required time
                                             -1.080702   data arrival time
---------------------------------------------------------------------------------------------
                                             98.829224   slack (MET)


Startpoint: _30_ (rising edge-triggered flip-flop clocked by clk)
Endpoint: _34_ (rising edge-triggered flip-flop clocked by clk)
Path Group: clk
Path Type: max

Fanout         Cap        Slew       Delay        Time   Description
---------------------------------------------------------------------------------------------
                                  0.000000    0.000000   clock clk (rise edge)
                                  0.000000    0.000000   clock source latency
     1    0.010350    0.053007    0.035255    0.035255 ^ clk (in)
                                                         clk (net)
                      0.053010    0.000000    0.035255 ^ clkbuf_0_clk/A (sky130_fd_sc_hd__clkbuf_16)
     2    0.017709    0.039895    0.126072    0.161326 ^ clkbuf_0_clk/X (sky130_fd_sc_hd__clkbuf_16)
                                                         clknet_0_clk (net)
                      0.039896    0.000386    0.161713 ^ clkbuf_1_0__f_clk/A (sky130_fd_sc_hd__clkbuf_16)
     3    0.009265    0.032706    0.113287    0.275000 ^ clkbuf_1_0__f_clk/X (sky130_fd_sc_hd__clkbuf_16)
                                                         clknet_1_0__leaf_clk (net)
                      0.032706    0.000180    0.275180 ^ _30_/CLK (sky130_fd_sc_hd__dfrtp_1)
     5    0.014961    0.092369    0.407162    0.682342 v _30_/Q (sky130_fd_sc_hd__dfrtp_1)
                                                         state[0] (net)
                      0.092369    0.000295    0.682637 v _14_/B (sky130_fd_sc_hd__and2b_1)
     5    0.015974    0.088688    0.227246    0.909883 v _14_/X (sky130_fd_sc_hd__and2b_1)
                                                         _05_ (net)
                      0.088688    0.000432    0.910315 v _22_/A (sky130_fd_sc_hd__and3_1)
     1    0.003011    0.037772    0.158988    1.069303 v _22_/X (sky130_fd_sc_hd__and3_1)
                                                         _02_ (net)
                      0.037772    0.000098    1.069401 v _34_/D (sky130_fd_sc_hd__dfrtp_1)
                                              1.069401   data arrival time

                                100.000000  100.000000   clock clk (rise edge)
                                  0.000000  100.000000   clock source latency
     1    0.010350    0.053007    0.035257  100.035255 ^ clk (in)
                                                         clk (net)
                      0.053010    0.000000  100.035255 ^ clkbuf_0_clk/A (sky130_fd_sc_hd__clkbuf_16)
     2    0.017709    0.039895    0.126072  100.161324 ^ clkbuf_0_clk/X (sky130_fd_sc_hd__clkbuf_16)
                                                         clknet_0_clk (net)
                      0.039896    0.000377  100.161705 ^ clkbuf_1_1__f_clk/A (sky130_fd_sc_hd__clkbuf_16)
     3    0.008726    0.032241    0.112777  100.274483 ^ clkbuf_1_1__f_clk/X (sky130_fd_sc_hd__clkbuf_16)
                                                         clknet_1_1__leaf_clk (net)
                      0.032242    0.000199  100.274681 ^ _34_/CLK (sky130_fd_sc_hd__dfrtp_1)
                                 -0.250000  100.024681   clock uncertainty
                                  0.000000  100.024681   clock reconvergence pessimism
                                 -0.114037   99.910645   library setup time
                                             99.910645   data required time
---------------------------------------------------------------------------------------------
                                             99.910645   data required time
                                             -1.069401   data arrival time
---------------------------------------------------------------------------------------------
                                             98.841248   slack (MET)



