Reading OpenROAD database at '/home/edabk/Desktop/Tu67/MARCO_ultra/Branch_Metrics/runs/Branch_Metrics_run/20-openroad-generatepdn/Branch_Metrics.odb'…
Reading library file at '/home/edabk/.volare/volare/sky130/versions/0fe599b2afb6708d281543108caf8310912f54af/sky130A/libs.ref/sky130_fd_sc_hd/lib/sky130_fd_sc_hd__tt_025C_1v80.lib'…
Reading design constraints file at '/nix/store/h0ldzjka94yryiq8yxbxmwargpnmwhx6-python3-3.11.9-env/lib/python3.11/site-packages/openlane/scripts/base.sdc'…
[WARNING STA-0366] port '__VIRTUAL_CLK__' not found.
[INFO] Using clock __VIRTUAL_CLK__…
[INFO] Setting output delay to: 2
[INFO] Setting input delay to: 2
[WARNING STA-0366] port '__VIRTUAL_CLK__' not found.
[INFO] Setting load to: 0.033442
[INFO] Setting clock uncertainty to: 0.25
[INFO] Setting clock transition to: 0.1499999999999999944488848768742172978818416595458984375
[WARNING STA-0419] transition time can not be specified for virtual clocks.
[INFO] Setting timing derate to: 5%
[WARNING STA-0450] virtual clock __VIRTUAL_CLK__ can not be propagated.
+ global_placement -density 0.85 -skip_io -pad_right 0 -pad_left 0 -init_wirelength_coef 0.25
[INFO GPL-0002] DBU: 1000
[INFO GPL-0003] SiteSize: (  0.460  2.720 ) um
[INFO GPL-0004] CoreBBox: (  5.520 10.880 ) ( 39.100 87.040 ) um
[INFO GPL-0006] NumInstances:               102
[INFO GPL-0007] NumPlaceInstances:           16
[INFO GPL-0008] NumFixedInstances:           86
[INFO GPL-0009] NumDummyInstances:            0
[INFO GPL-0010] NumNets:                     18
[INFO GPL-0011] NumPins:                     38
[INFO GPL-0012] DieBBox:  (  0.000  0.000 ) ( 45.000 100.000 ) um
[INFO GPL-0013] CoreBBox: (  5.520 10.880 ) ( 39.100 87.040 ) um
[INFO GPL-0016] CoreArea:              2557.453 um^2
[INFO GPL-0017] NonPlaceInstsArea:      247.738 um^2
[INFO GPL-0018] PlaceInstsArea:         113.859 um^2
[INFO GPL-0019] Util:                     4.930 %
[INFO GPL-0020] StdInstsArea:           113.859 um^2
[INFO GPL-0021] MacroInstsArea:           0.000 um^2
[INFO GPL-0031] FillerInit:NumGCells:       300
[INFO GPL-0032] FillerInit:NumGNets:         18
[INFO GPL-0033] FillerInit:NumGPins:         38
[INFO GPL-0023] TargetDensity:            0.850
[INFO GPL-0024] AvrgPlaceInstArea:        7.116 um^2
[INFO GPL-0025] IdealBinArea:             8.372 um^2
[INFO GPL-0026] IdealBinCnt:                305
[INFO GPL-0027] TotalBinArea:          2557.453 um^2
[INFO GPL-0028] BinCnt:         8     16
[INFO GPL-0029] BinSize: (  4.198  4.760 )
[INFO GPL-0030] NumBins: 128
[NesterovSolve] Iter:    1 overflow: 0.419 HPWL: 10957
[NesterovSolve] Iter:   10 overflow: 0.393 HPWL: 4608
[NesterovSolve] Iter:   20 overflow: 0.398 HPWL: 4392
[NesterovSolve] Iter:   30 overflow: 0.396 HPWL: 4349
[NesterovSolve] Iter:   40 overflow: 0.397 HPWL: 4340
[NesterovSolve] Iter:   50 overflow: 0.397 HPWL: 4354
[NesterovSolve] Iter:   60 overflow: 0.397 HPWL: 4373
[NesterovSolve] Iter:   70 overflow: 0.397 HPWL: 4409
[NesterovSolve] Iter:   80 overflow: 0.397 HPWL: 4468
[NesterovSolve] Iter:   90 overflow: 0.398 HPWL: 4560
[NesterovSolve] Iter:  100 overflow: 0.399 HPWL: 4708
[NesterovSolve] Iter:  110 overflow: 0.400 HPWL: 4953
[NesterovSolve] Iter:  120 overflow: 0.401 HPWL: 5327
[NesterovSolve] Iter:  130 overflow: 0.402 HPWL: 5848
[NesterovSolve] Iter:  140 overflow: 0.402 HPWL: 6541
[NesterovSolve] Iter:  150 overflow: 0.399 HPWL: 6986
[NesterovSolve] Iter:  160 overflow: 0.410 HPWL: 6503
[NesterovSolve] Iter:  170 overflow: 0.391 HPWL: 5836
[NesterovSolve] Iter:  180 overflow: 0.389 HPWL: 6797
[NesterovSolve] Iter:  190 overflow: 0.412 HPWL: 5971
[NesterovSolve] Iter:  200 overflow: 0.409 HPWL: 6878
[NesterovSolve] Iter:  210 overflow: 0.406 HPWL: 6994
[NesterovSolve] Iter:  220 overflow: 0.390 HPWL: 7456
[NesterovSolve] Iter:  230 overflow: 0.367 HPWL: 7814
[NesterovSolve] Iter:  240 overflow: 0.342 HPWL: 8641
[NesterovSolve] Iter:  250 overflow: 0.320 HPWL: 8813
[NesterovSolve] Iter:  260 overflow: 0.286 HPWL: 9519
[NesterovSolve] Iter:  270 overflow: 0.259 HPWL: 11360
[NesterovSolve] Iter:  280 overflow: 0.263 HPWL: 13051
[NesterovSolve] Iter:  290 overflow: 0.243 HPWL: 11224
[NesterovSolve] Iter:  300 overflow: 0.184 HPWL: 16800
[NesterovSolve] Iter:  310 overflow: 0.181 HPWL: 20013
[NesterovSolve] Iter:  320 overflow: 0.157 HPWL: 22111
[NesterovSolve] Finished with Overflow: 0.095881
[INFO] Setting RC values…
Setting global connections for newly added cells…
[INFO] Setting global connections...
Updating metrics…
Cell type report:                       Count       Area
  Fill cell                                56     210.20
  Tap cell                                 30      37.54
  Buffer                                   10      50.05
  Multi-Input combinational cell            6      63.81
  Total                                   102     361.60
Writing OpenROAD database to '/home/edabk/Desktop/Tu67/MARCO_ultra/Branch_Metrics/runs/Branch_Metrics_run/23-openroad-globalplacementskipio/Branch_Metrics.odb'…
Writing netlist to '/home/edabk/Desktop/Tu67/MARCO_ultra/Branch_Metrics/runs/Branch_Metrics_run/23-openroad-globalplacementskipio/Branch_Metrics.nl.v'…
Writing powered netlist to '/home/edabk/Desktop/Tu67/MARCO_ultra/Branch_Metrics/runs/Branch_Metrics_run/23-openroad-globalplacementskipio/Branch_Metrics.pnl.v'…
Writing layout to '/home/edabk/Desktop/Tu67/MARCO_ultra/Branch_Metrics/runs/Branch_Metrics_run/23-openroad-globalplacementskipio/Branch_Metrics.def'…
Writing timing constraints to '/home/edabk/Desktop/Tu67/MARCO_ultra/Branch_Metrics/runs/Branch_Metrics_run/23-openroad-globalplacementskipio/Branch_Metrics.sdc'…
