Reading technology LEF file at '/home/edabk/.volare/volare/sky130/versions/0fe599b2afb6708d281543108caf8310912f54af/sky130A/libs.ref/sky130_fd_sc_hd/techlef/sky130_fd_sc_hd__max.tlef'…
[INFO ODB-0227] LEF file: /home/edabk/.volare/volare/sky130/versions/0fe599b2afb6708d281543108caf8310912f54af/sky130A/libs.ref/sky130_fd_sc_hd/techlef/sky130_fd_sc_hd__max.tlef, created 14 layers, 25 vias
Reading cell LEF file at '/home/edabk/.volare/volare/sky130/versions/0fe599b2afb6708d281543108caf8310912f54af/sky130A/libs.ref/sky130_fd_sc_hd/lef/sky130_fd_sc_hd.lef'…
[WARNING ODB-0220] WARNING (LEFPARS-2008): NOWIREEXTENSIONATPIN statement is obsolete in version 5.6 or later.
The NOWIREEXTENSIONATPIN statement will be ignored. See file /home/edabk/.volare/volare/sky130/versions/0fe599b2afb6708d281543108caf8310912f54af/sky130A/libs.ref/sky130_fd_sc_hd/lef/sky130_fd_sc_hd.lef at line 2.

[INFO ODB-0227] LEF file: /home/edabk/.volare/volare/sky130/versions/0fe599b2afb6708d281543108caf8310912f54af/sky130A/libs.ref/sky130_fd_sc_hd/lef/sky130_fd_sc_hd.lef, created 437 library cells
Reading cell LEF file at '/home/edabk/.volare/volare/sky130/versions/0fe599b2afb6708d281543108caf8310912f54af/sky130A/libs.ref/sky130_fd_sc_hd/lef/sky130_ef_sc_hd.lef'…
[WARNING ODB-0220] WARNING (LEFPARS-2008): NOWIREEXTENSIONATPIN statement is obsolete in version 5.6 or later.
The NOWIREEXTENSIONATPIN statement will be ignored. See file /home/edabk/.volare/volare/sky130/versions/0fe599b2afb6708d281543108caf8310912f54af/sky130A/libs.ref/sky130_fd_sc_hd/lef/sky130_ef_sc_hd.lef at line 2.

[INFO ODB-0227] LEF file: /home/edabk/.volare/volare/sky130/versions/0fe599b2afb6708d281543108caf8310912f54af/sky130A/libs.ref/sky130_fd_sc_hd/lef/sky130_ef_sc_hd.lef, created 4 library cells
[INFO ODB-0127] Reading DEF file: /home/edabk/Desktop/Tu67/MARCO_ultra/Survivor_Memory_Unit/runs/Survivor_Memory_Unit_run/52-odb-cellfrequencytables/Survivor_Memory_Unit.def
[INFO ODB-0128] Design: Survivor_Memory_Unit
[INFO ODB-0130]     Created 18 pins.
[INFO ODB-0131]     Created 440 components and 2155 component-terminals.
[INFO ODB-0132]     Created 2 special nets and 1670 connections.
[INFO ODB-0133]     Created 160 nets and 481 connections.
[INFO ODB-0134] Finished DEF file: /home/edabk/Desktop/Tu67/MARCO_ultra/Survivor_Memory_Unit/runs/Survivor_Memory_Unit_run/52-odb-cellfrequencytables/Survivor_Memory_Unit.def
Using RCX ruleset '/home/edabk/.volare/volare/sky130/versions/0fe599b2afb6708d281543108caf8310912f54af/sky130A/libs.tech/openlane/rules.openrcx.sky130A.max.calibre'…
[INFO RCX-0431] Defined process_corner CURRENT_CORNER with ext_model_index 0
[INFO RCX-0029] Defined extraction corner CURRENT_CORNER
[INFO RCX-0435] Reading extraction model file /home/edabk/.volare/volare/sky130/versions/0fe599b2afb6708d281543108caf8310912f54af/sky130A/libs.tech/openlane/rules.openrcx.sky130A.max.calibre ...
[INFO RCX-0436] RC segment generation Survivor_Memory_Unit (max_merge_res 50.0) ...
[INFO RCX-0040] Final 664 rc segments
[INFO RCX-0439] Coupling Cap extraction Survivor_Memory_Unit ...
[INFO RCX-0440] Coupling threshhold is 0.1000 fF, coupling capacitance less than 0.1000 fF will be grounded.
[INFO RCX-0442] 56% of 979 wires extracted
[INFO RCX-0442] 100% of 979 wires extracted
[INFO RCX-0045] Extract 160 nets, 823 rsegs, 823 caps, 949 ccs
Setting global connections for newly added cells…
[INFO] Setting global connections...
Updating metrics…
Cell type report:                       Count       Area
  Fill cell                               240    1687.87
  Tap cell                                 45      56.30
  Standard cell                           155    1969.39
  Total                                   440    3713.56
Writing extracted parasitics to '/home/edabk/Desktop/Tu67/MARCO_ultra/Survivor_Memory_Unit/runs/Survivor_Memory_Unit_run/53-openroad-rcx/max/Survivor_Memory_Unit.max.spef'…
[INFO RCX-0443] 160 nets finished
