Clock: clk
Sources: clk 
Generated: no
Virtual: yes
Propagated: no
Period: 100.000000

===========================================================================
report_clock_properties
============================================================================
Clock                   Period          Waveform
----------------------------------------------------
clk                 100.000000    0.000000 50.000000

===========================================================================
report_clock_latency
============================================================================
Clock clk
rise -> rise
    min     max
0.000000 0.000000 source latency
0.277697         network latency _30_/CLK
        0.280964 network latency _34_/CLK
---------------
0.277697 0.280964 latency
        0.003267 skew

fall -> fall
    min     max
0.000000 0.000000 source latency
0.283528         network latency _30_/CLK
        0.286303 network latency _34_/CLK
---------------
0.283528 0.286303 latency
        0.002775 skew



===========================================================================
report_clock_min_period
============================================================================
clk period_min = 1.71 fmax = 583.55
