
===========================================================================
report_checks -path_delay max (Setup)
============================================================================
======================= max_ss_100C_1v60 Corner ===================================

Startpoint: prev_11[3] (input port clocked by __VIRTUAL_CLK__)
Endpoint: winner_state[0] (output port clocked by __VIRTUAL_CLK__)
Path Group: __VIRTUAL_CLK__
Path Type: max

Fanout         Cap        Slew       Delay        Time   Description
---------------------------------------------------------------------------------------------
                      0.000000    0.000000    0.000000   clock __VIRTUAL_CLK__ (rise edge)
                                  0.000000    0.000000   clock network delay (ideal)
                                  2.000000    2.000000 v input external delay
     1    0.003000    0.019223    0.009908    2.009908 v prev_11[3] (in)
                                                         prev_11[3] (net)
                      0.019223    0.000000    2.009908 v input16/A (sky130_fd_sc_hd__buf_1)
     4    0.015482    0.183073    0.242010    2.251919 v input16/X (sky130_fd_sc_hd__buf_1)
                                                         net16 (net)
                      0.183079    0.001293    2.253212 v _60_/B (sky130_fd_sc_hd__or2_1)
     2    0.006586    0.129991    0.546736    2.799948 v _60_/X (sky130_fd_sc_hd__or2_1)
                                                         _21_ (net)
                      0.129991    0.000225    2.800173 v _63_/A2 (sky130_fd_sc_hd__a211o_1)
     1    0.003094    0.087610    0.561802    3.361975 v _63_/X (sky130_fd_sc_hd__a211o_1)
                                                         _24_ (net)
                      0.087610    0.000133    3.362107 v _64_/C1 (sky130_fd_sc_hd__o221a_1)
     4    0.018187    0.218800    0.347581    3.709688 v _64_/X (sky130_fd_sc_hd__o221a_1)
                                                         _25_ (net)
                      0.218807    0.001563    3.711251 v _72_/S (sky130_fd_sc_hd__mux2_1)
     2    0.005947    0.141019    0.793333    4.504584 v _72_/X (sky130_fd_sc_hd__mux2_1)
                                                         _33_ (net)
                      0.141019    0.000359    4.504943 v _76_/A3 (sky130_fd_sc_hd__a311o_1)
     1    0.003541    0.100375    0.677366    5.182309 v _76_/X (sky130_fd_sc_hd__a311o_1)
                                                         _37_ (net)
                      0.100375    0.000225    5.182533 v _78_/A2 (sky130_fd_sc_hd__o21ai_1)
     2    0.010266    0.375851    0.367714    5.550247 ^ _78_/Y (sky130_fd_sc_hd__o21ai_1)
                                                         net18 (net)
                      0.375852    0.000539    5.550786 ^ _79_/S (sky130_fd_sc_hd__mux2_1)
     1    0.004561    0.130569    0.826047    6.376832 v _79_/X (sky130_fd_sc_hd__mux2_1)
                                                         net17 (net)
                      0.130569    0.000342    6.377174 v output17/A (sky130_fd_sc_hd__buf_2)
     1    0.033899    0.164732    0.371739    6.748913 v output17/X (sky130_fd_sc_hd__buf_2)
                                                         winner_state[0] (net)
                      0.164746    0.001584    6.750496 v winner_state[0] (out)
                                              6.750496   data arrival time

                      0.000000   10.000000   10.000000   clock __VIRTUAL_CLK__ (rise edge)
                                  0.000000   10.000000   clock network delay (ideal)
                                 -0.250000    9.750000   clock uncertainty
                                  0.000000    9.750000   clock reconvergence pessimism
                                 -2.000000    7.750000   output external delay
                                              7.750000   data required time
---------------------------------------------------------------------------------------------
                                              7.750000   data required time
                                             -6.750496   data arrival time
---------------------------------------------------------------------------------------------
                                              0.999504   slack (MET)


Startpoint: prev_11[3] (input port clocked by __VIRTUAL_CLK__)
Endpoint: winner_state[1] (output port clocked by __VIRTUAL_CLK__)
Path Group: __VIRTUAL_CLK__
Path Type: max

Fanout         Cap        Slew       Delay        Time   Description
---------------------------------------------------------------------------------------------
                      0.000000    0.000000    0.000000   clock __VIRTUAL_CLK__ (rise edge)
                                  0.000000    0.000000   clock network delay (ideal)
                                  2.000000    2.000000 v input external delay
     1    0.003000    0.019223    0.009908    2.009908 v prev_11[3] (in)
                                                         prev_11[3] (net)
                      0.019223    0.000000    2.009908 v input16/A (sky130_fd_sc_hd__buf_1)
     4    0.015482    0.183073    0.242010    2.251919 v input16/X (sky130_fd_sc_hd__buf_1)
                                                         net16 (net)
                      0.183079    0.001293    2.253212 v _60_/B (sky130_fd_sc_hd__or2_1)
     2    0.006586    0.129991    0.546736    2.799948 v _60_/X (sky130_fd_sc_hd__or2_1)
                                                         _21_ (net)
                      0.129991    0.000225    2.800173 v _63_/A2 (sky130_fd_sc_hd__a211o_1)
     1    0.003094    0.087610    0.561802    3.361975 v _63_/X (sky130_fd_sc_hd__a211o_1)
                                                         _24_ (net)
                      0.087610    0.000133    3.362107 v _64_/C1 (sky130_fd_sc_hd__o221a_1)
     4    0.018187    0.218800    0.347581    3.709688 v _64_/X (sky130_fd_sc_hd__o221a_1)
                                                         _25_ (net)
                      0.218807    0.001563    3.711251 v _72_/S (sky130_fd_sc_hd__mux2_1)
     2    0.005947    0.141019    0.793333    4.504584 v _72_/X (sky130_fd_sc_hd__mux2_1)
                                                         _33_ (net)
                      0.141019    0.000359    4.504943 v _76_/A3 (sky130_fd_sc_hd__a311o_1)
     1    0.003541    0.100375    0.677366    5.182309 v _76_/X (sky130_fd_sc_hd__a311o_1)
                                                         _37_ (net)
                      0.100375    0.000225    5.182533 v _78_/A2 (sky130_fd_sc_hd__o21ai_1)
     2    0.010266    0.375851    0.367714    5.550247 ^ _78_/Y (sky130_fd_sc_hd__o21ai_1)
                                                         net18 (net)
                      0.375852    0.000584    5.550831 ^ output18/A (sky130_fd_sc_hd__buf_2)
     1    0.033929    0.270822    0.472093    6.022924 ^ output18/X (sky130_fd_sc_hd__buf_2)
                                                         winner_state[1] (net)
                      0.270828    0.001597    6.024521 ^ winner_state[1] (out)
                                              6.024521   data arrival time

                      0.000000   10.000000   10.000000   clock __VIRTUAL_CLK__ (rise edge)
                                  0.000000   10.000000   clock network delay (ideal)
                                 -0.250000    9.750000   clock uncertainty
                                  0.000000    9.750000   clock reconvergence pessimism
                                 -2.000000    7.750000   output external delay
                                              7.750000   data required time
---------------------------------------------------------------------------------------------
                                              7.750000   data required time
                                             -6.024521   data arrival time
---------------------------------------------------------------------------------------------
                                              1.725479   slack (MET)



