Reading timing models for corner max_ss_100C_1v60…
Reading cell library for the 'max_ss_100C_1v60' corner at '/home/edabk/.volare/volare/sky130/versions/0fe599b2afb6708d281543108caf8310912f54af/sky130A/libs.ref/sky130_fd_sc_hd/lib/sky130_fd_sc_hd__ss_100C_1v60.lib'…
Reading top-level netlist at '/home/edabk/Desktop/Tu67/MARCO_ultra/Maximum_Path_Memory/runs/Maximum_Path_Memory_run/51-openroad-fillinsertion/Maximum_Path_Memory.nl.v'…
Linking design 'Maximum_Path_Memory' from netlist…
Warning: /home/edabk/Desktop/Tu67/MARCO_ultra/Maximum_Path_Memory/runs/Maximum_Path_Memory_run/51-openroad-fillinsertion/Maximum_Path_Memory.nl.v line 244, module sky130_fd_sc_hd__tapvpwrvgnd_1 not found. Creating black box for TAP_TAPCELL_ROW_0_28.
Warning: /home/edabk/Desktop/Tu67/MARCO_ultra/Maximum_Path_Memory/runs/Maximum_Path_Memory_run/51-openroad-fillinsertion/Maximum_Path_Memory.nl.v line 328, module sky130_ef_sc_hd__decap_12 not found. Creating black box for FILLER_0_3.
Warning: /home/edabk/Desktop/Tu67/MARCO_ultra/Maximum_Path_Memory/runs/Maximum_Path_Memory_run/51-openroad-fillinsertion/Maximum_Path_Memory.nl.v line 330, module sky130_fd_sc_hd__fill_1 not found. Creating black box for FILLER_0_27.
Warning: /home/edabk/Desktop/Tu67/MARCO_ultra/Maximum_Path_Memory/runs/Maximum_Path_Memory_run/51-openroad-fillinsertion/Maximum_Path_Memory.nl.v line 565, module sky130_fd_sc_hd__fill_2 not found. Creating black box for FILLER_11_98.
Reading design constraints file at '/nix/store/h0ldzjka94yryiq8yxbxmwargpnmwhx6-python3-3.11.9-env/lib/python3.11/site-packages/openlane/scripts/base.sdc'…
Warning: base.sdc line 15, port '__VIRTUAL_CLK__' not found.
[INFO] Using clock __VIRTUAL_CLK__…
[INFO] Setting output delay to: 2
[INFO] Setting input delay to: 2
Warning: base.sdc line 32, port '__VIRTUAL_CLK__' not found.
[INFO] Setting load to: 0.033442
[INFO] Setting clock uncertainty to: 0.25
[INFO] Setting clock transition to: 0.1499999999999999944488848768742172978818416595458984375
Warning: base.sdc line 69, transition time can not be specified for virtual clocks.
[INFO] Setting timing derate to: 5%
Warning: base.sdc line 79, virtual clock __VIRTUAL_CLK__ can not be propagated.
Reading top-level design parasitics for the 'max_ss_100C_1v60' corner at '/home/edabk/Desktop/Tu67/MARCO_ultra/Maximum_Path_Memory/runs/Maximum_Path_Memory_run/53-openroad-rcx/max/Maximum_Path_Memory.max.spef'…
%OL_CREATE_REPORT min.rpt

===========================================================================
report_checks -path_delay min (Hold)
============================================================================
======================= max_ss_100C_1v60 Corner ===================================

Startpoint: prev_10[3] (input port clocked by __VIRTUAL_CLK__)
Endpoint: winner_state[1] (output port clocked by __VIRTUAL_CLK__)
Path Group: __VIRTUAL_CLK__
Path Type: min

Fanout         Cap        Slew       Delay        Time   Description
---------------------------------------------------------------------------------------------
                      0.000000    0.000000    0.000000   clock __VIRTUAL_CLK__ (rise edge)
                                  0.000000    0.000000   clock network delay (ideal)
                                  2.000000    2.000000 v input external delay
     1    0.003384    0.020713    0.011121    2.011121 v prev_10[3] (in)
                                                         prev_10[3] (net)
                      0.020713    0.000000    2.011121 v input12/A (sky130_fd_sc_hd__buf_1)
     4    0.011125    0.136472    0.208414    2.219534 v input12/X (sky130_fd_sc_hd__buf_1)
                                                         net12 (net)
                      0.136472    0.000536    2.220070 v _59_/A (sky130_fd_sc_hd__nand2_1)
     3    0.009780    0.158364    0.190424    2.410494 ^ _59_/Y (sky130_fd_sc_hd__nand2_1)
                                                         _20_ (net)
                      0.158364    0.000492    2.410987 ^ _77_/B (sky130_fd_sc_hd__nand2b_1)
     1    0.002363    0.075188    0.135647    2.546634 v _77_/Y (sky130_fd_sc_hd__nand2b_1)
                                                         _38_ (net)
                      0.075188    0.000111    2.546745 v _78_/B1 (sky130_fd_sc_hd__o21ai_1)
     2    0.010266    0.287629    0.241716    2.788461 ^ _78_/Y (sky130_fd_sc_hd__o21ai_1)
                                                         net18 (net)
                      0.287631    0.000584    2.789045 ^ output18/A (sky130_fd_sc_hd__buf_2)
     1    0.033929    0.270402    0.437845    3.226890 ^ output18/X (sky130_fd_sc_hd__buf_2)
                                                         winner_state[1] (net)
                      0.270407    0.001597    3.228487 ^ winner_state[1] (out)
                                              3.228487   data arrival time

                      0.000000    0.000000    0.000000   clock __VIRTUAL_CLK__ (rise edge)
                                  0.000000    0.000000   clock network delay (ideal)
                                  0.250000    0.250000   clock uncertainty
                                  0.000000    0.250000   clock reconvergence pessimism
                                 -2.000000   -1.750000   output external delay
                                             -1.750000   data required time
---------------------------------------------------------------------------------------------
                                             -1.750000   data required time
                                             -3.228487   data arrival time
---------------------------------------------------------------------------------------------
                                              4.978486   slack (MET)


Startpoint: prev_10[3] (input port clocked by __VIRTUAL_CLK__)
Endpoint: winner_state[0] (output port clocked by __VIRTUAL_CLK__)
Path Group: __VIRTUAL_CLK__
Path Type: min

Fanout         Cap        Slew       Delay        Time   Description
---------------------------------------------------------------------------------------------
                      0.000000    0.000000    0.000000   clock __VIRTUAL_CLK__ (rise edge)
                                  0.000000    0.000000   clock network delay (ideal)
                                  2.000000    2.000000 v input external delay
     1    0.003384    0.020713    0.011121    2.011121 v prev_10[3] (in)
                                                         prev_10[3] (net)
                      0.020713    0.000000    2.011121 v input12/A (sky130_fd_sc_hd__buf_1)
     4    0.011125    0.136472    0.208414    2.219534 v input12/X (sky130_fd_sc_hd__buf_1)
                                                         net12 (net)
                      0.136472    0.000536    2.220070 v _59_/A (sky130_fd_sc_hd__nand2_1)
     3    0.009780    0.158364    0.190424    2.410494 ^ _59_/Y (sky130_fd_sc_hd__nand2_1)
                                                         _20_ (net)
                      0.158364    0.000492    2.410987 ^ _77_/B (sky130_fd_sc_hd__nand2b_1)
     1    0.002363    0.075188    0.135647    2.546634 v _77_/Y (sky130_fd_sc_hd__nand2b_1)
                                                         _38_ (net)
                      0.075188    0.000111    2.546745 v _78_/B1 (sky130_fd_sc_hd__o21ai_1)
     2    0.010266    0.287629    0.241716    2.788461 ^ _78_/Y (sky130_fd_sc_hd__o21ai_1)
                                                         net18 (net)
                      0.287630    0.000539    2.789000 ^ _79_/S (sky130_fd_sc_hd__mux2_1)
     1    0.004689    0.094937    0.345701    3.134701 ^ _79_/X (sky130_fd_sc_hd__mux2_1)
                                                         net17 (net)
                      0.094992    0.000355    3.135055 ^ output17/A (sky130_fd_sc_hd__buf_2)
     1    0.033899    0.269636    0.352520    3.487575 ^ output17/X (sky130_fd_sc_hd__buf_2)
                                                         winner_state[0] (net)
                      0.269641    0.001584    3.489160 ^ winner_state[0] (out)
                                              3.489160   data arrival time

                      0.000000    0.000000    0.000000   clock __VIRTUAL_CLK__ (rise edge)
                                  0.000000    0.000000   clock network delay (ideal)
                                  0.250000    0.250000   clock uncertainty
                                  0.000000    0.250000   clock reconvergence pessimism
                                 -2.000000   -1.750000   output external delay
                                             -1.750000   data required time
---------------------------------------------------------------------------------------------
                                             -1.750000   data required time
                                             -3.489160   data arrival time
---------------------------------------------------------------------------------------------
                                              5.239160   slack (MET)



%OL_END_REPORT
%OL_CREATE_REPORT max.rpt

===========================================================================
report_checks -path_delay max (Setup)
============================================================================
======================= max_ss_100C_1v60 Corner ===================================

Startpoint: prev_11[3] (input port clocked by __VIRTUAL_CLK__)
Endpoint: winner_state[0] (output port clocked by __VIRTUAL_CLK__)
Path Group: __VIRTUAL_CLK__
Path Type: max

Fanout         Cap        Slew       Delay        Time   Description
---------------------------------------------------------------------------------------------
                      0.000000    0.000000    0.000000   clock __VIRTUAL_CLK__ (rise edge)
                                  0.000000    0.000000   clock network delay (ideal)
                                  2.000000    2.000000 v input external delay
     1    0.003000    0.019223    0.009908    2.009908 v prev_11[3] (in)
                                                         prev_11[3] (net)
                      0.019223    0.000000    2.009908 v input16/A (sky130_fd_sc_hd__buf_1)
     4    0.015482    0.183073    0.242010    2.251919 v input16/X (sky130_fd_sc_hd__buf_1)
                                                         net16 (net)
                      0.183079    0.001293    2.253212 v _60_/B (sky130_fd_sc_hd__or2_1)
     2    0.006586    0.129991    0.546736    2.799948 v _60_/X (sky130_fd_sc_hd__or2_1)
                                                         _21_ (net)
                      0.129991    0.000225    2.800173 v _63_/A2 (sky130_fd_sc_hd__a211o_1)
     1    0.003094    0.087610    0.561802    3.361975 v _63_/X (sky130_fd_sc_hd__a211o_1)
                                                         _24_ (net)
                      0.087610    0.000133    3.362107 v _64_/C1 (sky130_fd_sc_hd__o221a_1)
     4    0.018187    0.218800    0.347581    3.709688 v _64_/X (sky130_fd_sc_hd__o221a_1)
                                                         _25_ (net)
                      0.218807    0.001563    3.711251 v _72_/S (sky130_fd_sc_hd__mux2_1)
     2    0.005947    0.141019    0.793333    4.504584 v _72_/X (sky130_fd_sc_hd__mux2_1)
                                                         _33_ (net)
                      0.141019    0.000359    4.504943 v _76_/A3 (sky130_fd_sc_hd__a311o_1)
     1    0.003541    0.100375    0.677366    5.182309 v _76_/X (sky130_fd_sc_hd__a311o_1)
                                                         _37_ (net)
                      0.100375    0.000225    5.182533 v _78_/A2 (sky130_fd_sc_hd__o21ai_1)
     2    0.010266    0.375851    0.367714    5.550247 ^ _78_/Y (sky130_fd_sc_hd__o21ai_1)
                                                         net18 (net)
                      0.375852    0.000539    5.550786 ^ _79_/S (sky130_fd_sc_hd__mux2_1)
     1    0.004561    0.130569    0.826047    6.376832 v _79_/X (sky130_fd_sc_hd__mux2_1)
                                                         net17 (net)
                      0.130569    0.000342    6.377174 v output17/A (sky130_fd_sc_hd__buf_2)
     1    0.033899    0.164732    0.371739    6.748913 v output17/X (sky130_fd_sc_hd__buf_2)
                                                         winner_state[0] (net)
                      0.164746    0.001584    6.750496 v winner_state[0] (out)
                                              6.750496   data arrival time

                      0.000000   10.000000   10.000000   clock __VIRTUAL_CLK__ (rise edge)
                                  0.000000   10.000000   clock network delay (ideal)
                                 -0.250000    9.750000   clock uncertainty
                                  0.000000    9.750000   clock reconvergence pessimism
                                 -2.000000    7.750000   output external delay
                                              7.750000   data required time
---------------------------------------------------------------------------------------------
                                              7.750000   data required time
                                             -6.750496   data arrival time
---------------------------------------------------------------------------------------------
                                              0.999504   slack (MET)


Startpoint: prev_11[3] (input port clocked by __VIRTUAL_CLK__)
Endpoint: winner_state[1] (output port clocked by __VIRTUAL_CLK__)
Path Group: __VIRTUAL_CLK__
Path Type: max

Fanout         Cap        Slew       Delay        Time   Description
---------------------------------------------------------------------------------------------
                      0.000000    0.000000    0.000000   clock __VIRTUAL_CLK__ (rise edge)
                                  0.000000    0.000000   clock network delay (ideal)
                                  2.000000    2.000000 v input external delay
     1    0.003000    0.019223    0.009908    2.009908 v prev_11[3] (in)
                                                         prev_11[3] (net)
                      0.019223    0.000000    2.009908 v input16/A (sky130_fd_sc_hd__buf_1)
     4    0.015482    0.183073    0.242010    2.251919 v input16/X (sky130_fd_sc_hd__buf_1)
                                                         net16 (net)
                      0.183079    0.001293    2.253212 v _60_/B (sky130_fd_sc_hd__or2_1)
     2    0.006586    0.129991    0.546736    2.799948 v _60_/X (sky130_fd_sc_hd__or2_1)
                                                         _21_ (net)
                      0.129991    0.000225    2.800173 v _63_/A2 (sky130_fd_sc_hd__a211o_1)
     1    0.003094    0.087610    0.561802    3.361975 v _63_/X (sky130_fd_sc_hd__a211o_1)
                                                         _24_ (net)
                      0.087610    0.000133    3.362107 v _64_/C1 (sky130_fd_sc_hd__o221a_1)
     4    0.018187    0.218800    0.347581    3.709688 v _64_/X (sky130_fd_sc_hd__o221a_1)
                                                         _25_ (net)
                      0.218807    0.001563    3.711251 v _72_/S (sky130_fd_sc_hd__mux2_1)
     2    0.005947    0.141019    0.793333    4.504584 v _72_/X (sky130_fd_sc_hd__mux2_1)
                                                         _33_ (net)
                      0.141019    0.000359    4.504943 v _76_/A3 (sky130_fd_sc_hd__a311o_1)
     1    0.003541    0.100375    0.677366    5.182309 v _76_/X (sky130_fd_sc_hd__a311o_1)
                                                         _37_ (net)
                      0.100375    0.000225    5.182533 v _78_/A2 (sky130_fd_sc_hd__o21ai_1)
     2    0.010266    0.375851    0.367714    5.550247 ^ _78_/Y (sky130_fd_sc_hd__o21ai_1)
                                                         net18 (net)
                      0.375852    0.000584    5.550831 ^ output18/A (sky130_fd_sc_hd__buf_2)
     1    0.033929    0.270822    0.472093    6.022924 ^ output18/X (sky130_fd_sc_hd__buf_2)
                                                         winner_state[1] (net)
                      0.270828    0.001597    6.024521 ^ winner_state[1] (out)
                                              6.024521   data arrival time

                      0.000000   10.000000   10.000000   clock __VIRTUAL_CLK__ (rise edge)
                                  0.000000   10.000000   clock network delay (ideal)
                                 -0.250000    9.750000   clock uncertainty
                                  0.000000    9.750000   clock reconvergence pessimism
                                 -2.000000    7.750000   output external delay
                                              7.750000   data required time
---------------------------------------------------------------------------------------------
                                              7.750000   data required time
                                             -6.024521   data arrival time
---------------------------------------------------------------------------------------------
                                              1.725479   slack (MET)



%OL_END_REPORT
%OL_CREATE_REPORT checks.rpt

===========================================================================
report_checks -unconstrained
===========================================================================
======================= max_ss_100C_1v60 Corner ===================================

Startpoint: prev_11[3] (input port clocked by __VIRTUAL_CLK__)
Endpoint: winner_state[0] (output port clocked by __VIRTUAL_CLK__)
Path Group: __VIRTUAL_CLK__
Path Type: max

Fanout         Cap        Slew       Delay        Time   Description
---------------------------------------------------------------------------------------------
                      0.000000    0.000000    0.000000   clock __VIRTUAL_CLK__ (rise edge)
                                  0.000000    0.000000   clock network delay (ideal)
                                  2.000000    2.000000 v input external delay
     1    0.003000    0.019223    0.009908    2.009908 v prev_11[3] (in)
                                                         prev_11[3] (net)
                      0.019223    0.000000    2.009908 v input16/A (sky130_fd_sc_hd__buf_1)
     4    0.015482    0.183073    0.242010    2.251919 v input16/X (sky130_fd_sc_hd__buf_1)
                                                         net16 (net)
                      0.183079    0.001293    2.253212 v _60_/B (sky130_fd_sc_hd__or2_1)
     2    0.006586    0.129991    0.546736    2.799948 v _60_/X (sky130_fd_sc_hd__or2_1)
                                                         _21_ (net)
                      0.129991    0.000225    2.800173 v _63_/A2 (sky130_fd_sc_hd__a211o_1)
     1    0.003094    0.087610    0.561802    3.361975 v _63_/X (sky130_fd_sc_hd__a211o_1)
                                                         _24_ (net)
                      0.087610    0.000133    3.362107 v _64_/C1 (sky130_fd_sc_hd__o221a_1)
     4    0.018187    0.218800    0.347581    3.709688 v _64_/X (sky130_fd_sc_hd__o221a_1)
                                                         _25_ (net)
                      0.218807    0.001563    3.711251 v _72_/S (sky130_fd_sc_hd__mux2_1)
     2    0.005947    0.141019    0.793333    4.504584 v _72_/X (sky130_fd_sc_hd__mux2_1)
                                                         _33_ (net)
                      0.141019    0.000359    4.504943 v _76_/A3 (sky130_fd_sc_hd__a311o_1)
     1    0.003541    0.100375    0.677366    5.182309 v _76_/X (sky130_fd_sc_hd__a311o_1)
                                                         _37_ (net)
                      0.100375    0.000225    5.182533 v _78_/A2 (sky130_fd_sc_hd__o21ai_1)
     2    0.010266    0.375851    0.367714    5.550247 ^ _78_/Y (sky130_fd_sc_hd__o21ai_1)
                                                         net18 (net)
                      0.375852    0.000539    5.550786 ^ _79_/S (sky130_fd_sc_hd__mux2_1)
     1    0.004561    0.130569    0.826047    6.376832 v _79_/X (sky130_fd_sc_hd__mux2_1)
                                                         net17 (net)
                      0.130569    0.000342    6.377174 v output17/A (sky130_fd_sc_hd__buf_2)
     1    0.033899    0.164732    0.371739    6.748913 v output17/X (sky130_fd_sc_hd__buf_2)
                                                         winner_state[0] (net)
                      0.164746    0.001584    6.750496 v winner_state[0] (out)
                                              6.750496   data arrival time

                      0.000000   10.000000   10.000000   clock __VIRTUAL_CLK__ (rise edge)
                                  0.000000   10.000000   clock network delay (ideal)
                                 -0.250000    9.750000   clock uncertainty
                                  0.000000    9.750000   clock reconvergence pessimism
                                 -2.000000    7.750000   output external delay
                                              7.750000   data required time
---------------------------------------------------------------------------------------------
                                              7.750000   data required time
                                             -6.750496   data arrival time
---------------------------------------------------------------------------------------------
                                              0.999504   slack (MET)




===========================================================================
report_checks --slack_max -0.01
============================================================================
======================= max_ss_100C_1v60 Corner ===================================

No paths found.


===========================================================================
 report_check_types -max_slew -max_cap -max_fanout -violators
============================================================================
======================= max_ss_100C_1v60 Corner ===================================



===========================================================================
report_parasitic_annotation -report_unannotated
============================================================================
Found 0 unannotated drivers.
Found 0 partially unannotated drivers.

===========================================================================
max slew violation count 0
%OL_METRIC_I design__max_slew_violation__count__corner:max_ss_100C_1v60 0
max fanout violation count 0
%OL_METRIC_I design__max_fanout_violation__count__corner:max_ss_100C_1v60 0
max cap violation count 0
%OL_METRIC_I design__max_cap_violation__count__corner:max_ss_100C_1v60 0
============================================================================

===========================================================================
check_setup -verbose -unconstrained_endpoints -multiple_clock -no_clock -no_input_delay -loops -generated_clocks
===========================================================================
%OL_END_REPORT
%OL_CREATE_REPORT power.rpt

===========================================================================
 report_power
============================================================================
======================= max_ss_100C_1v60 Corner ===================================

Group                    Internal    Switching      Leakage        Total
                            Power        Power        Power        Power (Watts)
------------------------------------------------------------------------
Sequential           0.000000e+00 0.000000e+00 0.000000e+00 0.000000e+00   0.0%
Combinational        8.245267e-06 1.108283e-05 2.573065e-07 1.958540e-05 100.0%
Clock                0.000000e+00 0.000000e+00 2.693599e-10 2.693599e-10   0.0%
Macro                0.000000e+00 0.000000e+00 0.000000e+00 0.000000e+00   0.0%
Pad                  0.000000e+00 0.000000e+00 0.000000e+00 0.000000e+00   0.0%
------------------------------------------------------------------------
Total                8.245267e-06 1.108283e-05 2.575758e-07 1.958567e-05 100.0%
                            42.1%        56.6%         1.3%
%OL_METRIC_F power__internal__total 8.245267054007854e-6
%OL_METRIC_F power__switching__total 1.1082830496889073e-5
%OL_METRIC_F power__leakage__total 2.5757580601748487e-7
%OL_METRIC_F power__total 1.9585673726396635e-5

%OL_END_REPORT
%OL_CREATE_REPORT skew.min.rpt

===========================================================================
Clock Skew (Hold)
============================================================================
%OL_METRIC_F clock__skew__worst_hold__corner:max_ss_100C_1v60 0.0
======================= max_ss_100C_1v60 Corner ===================================

Clock __VIRTUAL_CLK__
No launch/capture paths found.

%OL_END_REPORT
%OL_CREATE_REPORT skew.max.rpt

===========================================================================
Clock Skew (Setup)
============================================================================
%OL_METRIC_F clock__skew__worst_setup__corner:max_ss_100C_1v60 0.0
======================= max_ss_100C_1v60 Corner ===================================

Clock __VIRTUAL_CLK__
No launch/capture paths found.

%OL_END_REPORT
%OL_CREATE_REPORT ws.min.rpt

===========================================================================
Worst Slack (Hold)
============================================================================
%OL_METRIC_F timing__hold__ws__corner:max_ss_100C_1v60 4.978486208642664
max_ss_100C_1v60: 4.978486208642664
%OL_END_REPORT
%OL_CREATE_REPORT ws.max.rpt

===========================================================================
Worst Slack (Setup)
============================================================================
%OL_METRIC_F timing__setup__ws__corner:max_ss_100C_1v60 0.9995036192716514
max_ss_100C_1v60: 0.9995036192716514
%OL_END_REPORT
%OL_CREATE_REPORT tns.min.rpt

===========================================================================
Total Negative Slack (Hold)
============================================================================
%OL_METRIC_F timing__hold__tns__corner:max_ss_100C_1v60 0.0
max_ss_100C_1v60: 0.0
%OL_END_REPORT
%OL_CREATE_REPORT tns.max.rpt

===========================================================================
Total Negative Slack (Setup)
============================================================================
%OL_METRIC_F timing__setup__tns__corner:max_ss_100C_1v60 0.0
max_ss_100C_1v60: 0.0
%OL_END_REPORT
%OL_CREATE_REPORT wns.min.rpt

===========================================================================
Worst Negative Slack (Hold)
============================================================================
%OL_METRIC_F timing__hold__wns__corner:max_ss_100C_1v60 0
max_ss_100C_1v60: 0
%OL_END_REPORT
%OL_CREATE_REPORT wns.max.rpt

===========================================================================
Worst Negative Slack (Setup)
============================================================================
%OL_METRIC_F timing__setup__wns__corner:max_ss_100C_1v60 0.0
max_ss_100C_1v60: 0.0
%OL_END_REPORT
%OL_CREATE_REPORT violator_list.rpt

===========================================================================
Violator List
============================================================================
%OL_METRIC_I timing__hold_vio__count__corner:max_ss_100C_1v60 0
%OL_METRIC_F timing__hold_r2r__ws__corner:max_ss_100C_1v60 inf
%OL_METRIC_I timing__hold_r2r_vio__count__corner:max_ss_100C_1v60 0
%OL_METRIC_I timing__setup_vio__count__corner:max_ss_100C_1v60 0
%OL_METRIC_F timing__setup_r2r__ws__corner:max_ss_100C_1v60 inf
%OL_METRIC_I timing__setup_r2r_vio__count__corner:max_ss_100C_1v60 0
%OL_END_REPORT
%OL_CREATE_REPORT unpropagated.rpt
__VIRTUAL_CLK__
%OL_END_REPORT
%OL_CREATE_REPORT clock.rpt
Clock: __VIRTUAL_CLK__
Sources: 
Generated: no
Virtual: yes
Propagated: no
Period: 10.000000

===========================================================================
report_clock_properties
============================================================================
Clock                   Period          Waveform
----------------------------------------------------
__VIRTUAL_CLK__      10.000000    0.000000  5.000000

===========================================================================
report_clock_latency
============================================================================
Clock __VIRTUAL_CLK__


===========================================================================
report_clock_min_period
============================================================================
__VIRTUAL_CLK__ period_min = 0.00 fmax = inf
%OL_END_REPORT
Writing SDF files for all corners…
Removing Clock latencies before writing libs…
Writing timing models for all corners…
Writing timing models for the max_ss_100C_1v60 corner to /home/edabk/Desktop/Tu67/MARCO_ultra/Maximum_Path_Memory/runs/Maximum_Path_Memory_run/54-openroad-stapostpnr/max_ss_100C_1v60/Maximum_Path_Memory__max_ss_100C_1v60.lib…
