
===========================================================================
report_checks -path_delay max (Setup)
============================================================================
======================= nom_tt_025C_1v80 Corner ===================================

Startpoint: prev_11[3] (input port clocked by __VIRTUAL_CLK__)
Endpoint: winner_state[0] (output port clocked by __VIRTUAL_CLK__)
Path Group: __VIRTUAL_CLK__
Path Type: max

Fanout         Cap        Slew       Delay        Time   Description
---------------------------------------------------------------------------------------------
                      0.000000    0.000000    0.000000   clock __VIRTUAL_CLK__ (rise edge)
                                  0.000000    0.000000   clock network delay (ideal)
                                  2.000000    2.000000 v input external delay
     1    0.002973    0.009024    0.004731    2.004731 v prev_11[3] (in)
                                                         prev_11[3] (net)
                      0.009024    0.000000    2.004731 v input16/A (sky130_fd_sc_hd__buf_1)
     4    0.015117    0.092895    0.126431    2.131162 v input16/X (sky130_fd_sc_hd__buf_1)
                                                         net16 (net)
                      0.092896    0.000497    2.131659 v _60_/B (sky130_fd_sc_hd__or2_1)
     2    0.006342    0.064312    0.241550    2.373209 v _60_/X (sky130_fd_sc_hd__or2_1)
                                                         _21_ (net)
                      0.064312    0.000098    2.373308 v _63_/A2 (sky130_fd_sc_hd__a211o_1)
     1    0.003006    0.048188    0.292117    2.665424 v _63_/X (sky130_fd_sc_hd__a211o_1)
                                                         _24_ (net)
                      0.048188    0.000064    2.665488 v _64_/C1 (sky130_fd_sc_hd__o221a_1)
     4    0.018227    0.117370    0.181059    2.846547 v _64_/X (sky130_fd_sc_hd__o221a_1)
                                                         _25_ (net)
                      0.117373    0.000663    2.847210 v _72_/S (sky130_fd_sc_hd__mux2_1)
     2    0.005680    0.069175    0.350642    3.197852 v _72_/X (sky130_fd_sc_hd__mux2_1)
                                                         _33_ (net)
                      0.069175    0.000140    3.197992 v _76_/A3 (sky130_fd_sc_hd__a311o_1)
     1    0.003433    0.056585    0.355293    3.553285 v _76_/X (sky130_fd_sc_hd__a311o_1)
                                                         _37_ (net)
                      0.056585    0.000100    3.553385 v _78_/A2 (sky130_fd_sc_hd__o21ai_1)
     2    0.010312    0.226462    0.213450    3.766835 ^ _78_/Y (sky130_fd_sc_hd__o21ai_1)
                                                         net18 (net)
                      0.226463    0.000337    3.767172 ^ _79_/S (sky130_fd_sc_hd__mux2_1)
     1    0.004353    0.063119    0.357025    4.124197 v _79_/X (sky130_fd_sc_hd__mux2_1)
                                                         net17 (net)
                      0.063119    0.000144    4.124341 v output17/A (sky130_fd_sc_hd__buf_2)
     1    0.033873    0.088602    0.187447    4.311788 v output17/X (sky130_fd_sc_hd__buf_2)
                                                         winner_state[0] (net)
                      0.088605    0.000610    4.312397 v winner_state[0] (out)
                                              4.312397   data arrival time

                      0.000000   10.000000   10.000000   clock __VIRTUAL_CLK__ (rise edge)
                                  0.000000   10.000000   clock network delay (ideal)
                                 -0.250000    9.750000   clock uncertainty
                                  0.000000    9.750000   clock reconvergence pessimism
                                 -2.000000    7.750000   output external delay
                                              7.750000   data required time
---------------------------------------------------------------------------------------------
                                              7.750000   data required time
                                             -4.312397   data arrival time
---------------------------------------------------------------------------------------------
                                              3.437602   slack (MET)


Startpoint: prev_11[3] (input port clocked by __VIRTUAL_CLK__)
Endpoint: winner_state[1] (output port clocked by __VIRTUAL_CLK__)
Path Group: __VIRTUAL_CLK__
Path Type: max

Fanout         Cap        Slew       Delay        Time   Description
---------------------------------------------------------------------------------------------
                      0.000000    0.000000    0.000000   clock __VIRTUAL_CLK__ (rise edge)
                                  0.000000    0.000000   clock network delay (ideal)
                                  2.000000    2.000000 v input external delay
     1    0.002973    0.009024    0.004731    2.004731 v prev_11[3] (in)
                                                         prev_11[3] (net)
                      0.009024    0.000000    2.004731 v input16/A (sky130_fd_sc_hd__buf_1)
     4    0.015117    0.092895    0.126431    2.131162 v input16/X (sky130_fd_sc_hd__buf_1)
                                                         net16 (net)
                      0.092896    0.000497    2.131659 v _60_/B (sky130_fd_sc_hd__or2_1)
     2    0.006342    0.064312    0.241550    2.373209 v _60_/X (sky130_fd_sc_hd__or2_1)
                                                         _21_ (net)
                      0.064312    0.000098    2.373308 v _63_/A2 (sky130_fd_sc_hd__a211o_1)
     1    0.003006    0.048188    0.292117    2.665424 v _63_/X (sky130_fd_sc_hd__a211o_1)
                                                         _24_ (net)
                      0.048188    0.000064    2.665488 v _64_/C1 (sky130_fd_sc_hd__o221a_1)
     4    0.018227    0.117370    0.181059    2.846547 v _64_/X (sky130_fd_sc_hd__o221a_1)
                                                         _25_ (net)
                      0.117373    0.000663    2.847210 v _72_/S (sky130_fd_sc_hd__mux2_1)
     2    0.005680    0.069175    0.350642    3.197852 v _72_/X (sky130_fd_sc_hd__mux2_1)
                                                         _33_ (net)
                      0.069175    0.000140    3.197992 v _76_/A3 (sky130_fd_sc_hd__a311o_1)
     1    0.003433    0.056585    0.355293    3.553285 v _76_/X (sky130_fd_sc_hd__a311o_1)
                                                         _37_ (net)
                      0.056585    0.000100    3.553385 v _78_/A2 (sky130_fd_sc_hd__o21ai_1)
     2    0.010312    0.226462    0.213450    3.766835 ^ _78_/Y (sky130_fd_sc_hd__o21ai_1)
                                                         net18 (net)
                      0.226463    0.000358    3.767193 ^ output18/A (sky130_fd_sc_hd__buf_2)
     1    0.033902    0.169036    0.253573    4.020766 ^ output18/X (sky130_fd_sc_hd__buf_2)
                                                         winner_state[1] (net)
                      0.169036    0.000620    4.021387 ^ winner_state[1] (out)
                                              4.021387   data arrival time

                      0.000000   10.000000   10.000000   clock __VIRTUAL_CLK__ (rise edge)
                                  0.000000   10.000000   clock network delay (ideal)
                                 -0.250000    9.750000   clock uncertainty
                                  0.000000    9.750000   clock reconvergence pessimism
                                 -2.000000    7.750000   output external delay
                                              7.750000   data required time
---------------------------------------------------------------------------------------------
                                              7.750000   data required time
                                             -4.021387   data arrival time
---------------------------------------------------------------------------------------------
                                              3.728614   slack (MET)



