Clock: clk
Sources: clk 
Generated: no
Virtual: yes
Propagated: no
Period: 100.000000

===========================================================================
report_clock_properties
============================================================================
Clock                   Period          Waveform
----------------------------------------------------
clk                 100.000000    0.000000 50.000000

===========================================================================
report_clock_latency
============================================================================
Clock clk
rise -> rise
    min     max
0.000000 0.000000 source latency
0.321538         network latency _097_/CLK
        0.324549 network latency _091_/CLK
---------------
0.321538 0.324549 latency
        0.003011 skew

fall -> fall
    min     max
0.000000 0.000000 source latency
0.313875         network latency _097_/CLK
        0.316788 network latency _091_/CLK
---------------
0.313875 0.316788 latency
        0.002913 skew



===========================================================================
report_clock_min_period
============================================================================
clk period_min = 2.13 fmax = 469.24
