
===========================================================================
report_checks -path_delay max (Setup)
============================================================================
======================= min_ff_n40C_1v95 Corner ===================================

Startpoint: received[0] (input port clocked by __VIRTUAL_CLK__)
Endpoint: bm_01_10[0] (output port clocked by __VIRTUAL_CLK__)
Path Group: __VIRTUAL_CLK__
Path Type: max

Fanout         Cap        Slew       Delay        Time   Description
---------------------------------------------------------------------------------------------
                      0.000000    0.000000    0.000000   clock __VIRTUAL_CLK__ (rise edge)
                                  0.000000    0.000000   clock network delay (ideal)
                                  2.000000    2.000000 ^ input external delay
     1    0.002916    0.014329    0.007525    2.007525 ^ received[0] (in)
                                                         received[0] (net)
                      0.014329    0.000000    2.007525 ^ input1/A (sky130_fd_sc_hd__clkbuf_2)
     6    0.025496    0.109723    0.116922    2.124447 ^ input1/X (sky130_fd_sc_hd__clkbuf_2)
                                                         net1 (net)
                      0.109731    0.000790    2.125237 ^ _02_/A (sky130_fd_sc_hd__xor2_1)
     4    0.013122    0.213920    0.194588    2.319825 ^ _02_/X (sky130_fd_sc_hd__xor2_1)
                                                         net3 (net)
                      0.213920    0.000077    2.319903 ^ _09_/A (sky130_fd_sc_hd__clkbuf_1)
     1    0.002451    0.031972    0.057857    2.377759 ^ _09_/X (sky130_fd_sc_hd__clkbuf_1)
                                                         net9 (net)
                      0.031972    0.000024    2.377784 ^ output9/A (sky130_fd_sc_hd__buf_2)
     1    0.034638    0.129504    0.138706    2.516490 ^ output9/X (sky130_fd_sc_hd__buf_2)
                                                         bm_01_10[0] (net)
                      0.129505    0.000254    2.516744 ^ bm_01_10[0] (out)
                                              2.516744   data arrival time

                      0.000000   10.000000   10.000000   clock __VIRTUAL_CLK__ (rise edge)
                                  0.000000   10.000000   clock network delay (ideal)
                                 -0.250000    9.750000   clock uncertainty
                                  0.000000    9.750000   clock reconvergence pessimism
                                 -2.000000    7.750000   output external delay
                                              7.750000   data required time
---------------------------------------------------------------------------------------------
                                              7.750000   data required time
                                             -2.516744   data arrival time
---------------------------------------------------------------------------------------------
                                              5.233256   slack (MET)


Startpoint: received[0] (input port clocked by __VIRTUAL_CLK__)
Endpoint: bm_00_10[0] (output port clocked by __VIRTUAL_CLK__)
Path Group: __VIRTUAL_CLK__
Path Type: max

Fanout         Cap        Slew       Delay        Time   Description
---------------------------------------------------------------------------------------------
                      0.000000    0.000000    0.000000   clock __VIRTUAL_CLK__ (rise edge)
                                  0.000000    0.000000   clock network delay (ideal)
                                  2.000000    2.000000 ^ input external delay
     1    0.002916    0.014329    0.007525    2.007525 ^ received[0] (in)
                                                         received[0] (net)
                      0.014329    0.000000    2.007525 ^ input1/A (sky130_fd_sc_hd__clkbuf_2)
     6    0.025496    0.109723    0.116922    2.124447 ^ input1/X (sky130_fd_sc_hd__clkbuf_2)
                                                         net1 (net)
                      0.109731    0.000790    2.125237 ^ _02_/A (sky130_fd_sc_hd__xor2_1)
     4    0.013122    0.213920    0.194588    2.319825 ^ _02_/X (sky130_fd_sc_hd__xor2_1)
                                                         net3 (net)
                      0.213920    0.000195    2.320019 ^ _06_/A (sky130_fd_sc_hd__clkbuf_1)
     1    0.002169    0.030005    0.056137    2.376157 ^ _06_/X (sky130_fd_sc_hd__clkbuf_1)
                                                         net5 (net)
                      0.030005    0.000019    2.376176 ^ output5/A (sky130_fd_sc_hd__buf_2)
     1    0.034031    0.127336    0.136662    2.512837 ^ output5/X (sky130_fd_sc_hd__buf_2)
                                                         bm_00_10[0] (net)
                      0.127336    0.000185    2.513022 ^ bm_00_10[0] (out)
                                              2.513022   data arrival time

                      0.000000   10.000000   10.000000   clock __VIRTUAL_CLK__ (rise edge)
                                  0.000000   10.000000   clock network delay (ideal)
                                 -0.250000    9.750000   clock uncertainty
                                  0.000000    9.750000   clock reconvergence pessimism
                                 -2.000000    7.750000   output external delay
                                              7.750000   data required time
---------------------------------------------------------------------------------------------
                                              7.750000   data required time
                                             -2.513022   data arrival time
---------------------------------------------------------------------------------------------
                                              5.236978   slack (MET)


Startpoint: received[0] (input port clocked by __VIRTUAL_CLK__)
Endpoint: bm_01_00[0] (output port clocked by __VIRTUAL_CLK__)
Path Group: __VIRTUAL_CLK__
Path Type: max

Fanout         Cap        Slew       Delay        Time   Description
---------------------------------------------------------------------------------------------
                      0.000000    0.000000    0.000000   clock __VIRTUAL_CLK__ (rise edge)
                                  0.000000    0.000000   clock network delay (ideal)
                                  2.000000    2.000000 ^ input external delay
     1    0.002916    0.014329    0.007525    2.007525 ^ received[0] (in)
                                                         received[0] (net)
                      0.014329    0.000000    2.007525 ^ input1/A (sky130_fd_sc_hd__clkbuf_2)
     6    0.025496    0.109723    0.116922    2.124447 ^ input1/X (sky130_fd_sc_hd__clkbuf_2)
                                                         net1 (net)
                      0.109731    0.000790    2.125237 ^ _02_/A (sky130_fd_sc_hd__xor2_1)
     4    0.013122    0.213920    0.194588    2.319825 ^ _02_/X (sky130_fd_sc_hd__xor2_1)
                                                         net3 (net)
                      0.213920    0.000123    2.319948 ^ _07_/A (sky130_fd_sc_hd__clkbuf_1)
     1    0.002014    0.028920    0.055191    2.375139 ^ _07_/X (sky130_fd_sc_hd__clkbuf_1)
                                                         net7 (net)
                      0.028920    0.000008    2.375147 ^ output7/A (sky130_fd_sc_hd__buf_2)
     1    0.033985    0.127175    0.136227    2.511374 ^ output7/X (sky130_fd_sc_hd__buf_2)
                                                         bm_01_00[0] (net)
                      0.127175    0.000176    2.511550 ^ bm_01_00[0] (out)
                                              2.511550   data arrival time

                      0.000000   10.000000   10.000000   clock __VIRTUAL_CLK__ (rise edge)
                                  0.000000   10.000000   clock network delay (ideal)
                                 -0.250000    9.750000   clock uncertainty
                                  0.000000    9.750000   clock reconvergence pessimism
                                 -2.000000    7.750000   output external delay
                                              7.750000   data required time
---------------------------------------------------------------------------------------------
                                              7.750000   data required time
                                             -2.511550   data arrival time
---------------------------------------------------------------------------------------------
                                              5.238450   slack (MET)


Startpoint: received[0] (input port clocked by __VIRTUAL_CLK__)
Endpoint: bm_11_11[0] (output port clocked by __VIRTUAL_CLK__)
Path Group: __VIRTUAL_CLK__
Path Type: max

Fanout         Cap        Slew       Delay        Time   Description
---------------------------------------------------------------------------------------------
                      0.000000    0.000000    0.000000   clock __VIRTUAL_CLK__ (rise edge)
                                  0.000000    0.000000   clock network delay (ideal)
                                  2.000000    2.000000 v input external delay
     1    0.002687    0.004564    0.002161    2.002161 v received[0] (in)
                                                         received[0] (net)
                      0.004564    0.000000    2.002161 v input1/A (sky130_fd_sc_hd__clkbuf_2)
     6    0.024301    0.067239    0.097863    2.100023 v input1/X (sky130_fd_sc_hd__clkbuf_2)
                                                         net1 (net)
                      0.067259    0.001093    2.101116 v _03_/A (sky130_fd_sc_hd__xnor2_1)
     4    0.012226    0.213458    0.209831    2.310947 ^ _03_/Y (sky130_fd_sc_hd__xnor2_1)
                                                         net11 (net)
                      0.213458    0.000178    2.311126 ^ _14_/A (sky130_fd_sc_hd__clkbuf_1)
     1    0.002717    0.033851    0.059483    2.370608 ^ _14_/X (sky130_fd_sc_hd__clkbuf_1)
                                                         net17 (net)
                      0.033851    0.000033    2.370641 ^ output17/A (sky130_fd_sc_hd__buf_2)
     1    0.034352    0.128482    0.138578    2.509219 ^ output17/X (sky130_fd_sc_hd__buf_2)
                                                         bm_11_11[0] (net)
                      0.128483    0.000245    2.509465 ^ bm_11_11[0] (out)
                                              2.509465   data arrival time

                      0.000000   10.000000   10.000000   clock __VIRTUAL_CLK__ (rise edge)
                                  0.000000   10.000000   clock network delay (ideal)
                                 -0.250000    9.750000   clock uncertainty
                                  0.000000    9.750000   clock reconvergence pessimism
                                 -2.000000    7.750000   output external delay
                                              7.750000   data required time
---------------------------------------------------------------------------------------------
                                              7.750000   data required time
                                             -2.509465   data arrival time
---------------------------------------------------------------------------------------------
                                              5.240535   slack (MET)


Startpoint: received[0] (input port clocked by __VIRTUAL_CLK__)
Endpoint: bm_10_11[0] (output port clocked by __VIRTUAL_CLK__)
Path Group: __VIRTUAL_CLK__
Path Type: max

Fanout         Cap        Slew       Delay        Time   Description
---------------------------------------------------------------------------------------------
                      0.000000    0.000000    0.000000   clock __VIRTUAL_CLK__ (rise edge)
                                  0.000000    0.000000   clock network delay (ideal)
                                  2.000000    2.000000 v input external delay
     1    0.002687    0.004564    0.002161    2.002161 v received[0] (in)
                                                         received[0] (net)
                      0.004564    0.000000    2.002161 v input1/A (sky130_fd_sc_hd__clkbuf_2)
     6    0.024301    0.067239    0.097863    2.100023 v input1/X (sky130_fd_sc_hd__clkbuf_2)
                                                         net1 (net)
                      0.067259    0.001093    2.101116 v _03_/A (sky130_fd_sc_hd__xnor2_1)
     4    0.012226    0.213458    0.209831    2.310947 ^ _03_/Y (sky130_fd_sc_hd__xnor2_1)
                                                         net11 (net)
                      0.213458    0.000096    2.311044 ^ _11_/A (sky130_fd_sc_hd__clkbuf_1)
     1    0.002183    0.030095    0.056228    2.367271 ^ _11_/X (sky130_fd_sc_hd__clkbuf_1)
                                                         net13 (net)
                      0.030095    0.000019    2.367290 ^ output13/A (sky130_fd_sc_hd__buf_2)
     1    0.034493    0.128985    0.137817    2.505108 ^ output13/X (sky130_fd_sc_hd__buf_2)
                                                         bm_10_11[0] (net)
                      0.128985    0.000202    2.505309 ^ bm_10_11[0] (out)
                                              2.505309   data arrival time

                      0.000000   10.000000   10.000000   clock __VIRTUAL_CLK__ (rise edge)
                                  0.000000   10.000000   clock network delay (ideal)
                                 -0.250000    9.750000   clock uncertainty
                                  0.000000    9.750000   clock reconvergence pessimism
                                 -2.000000    7.750000   output external delay
                                              7.750000   data required time
---------------------------------------------------------------------------------------------
                                              7.750000   data required time
                                             -2.505309   data arrival time
---------------------------------------------------------------------------------------------
                                              5.244690   slack (MET)


Startpoint: received[0] (input port clocked by __VIRTUAL_CLK__)
Endpoint: bm_11_01[0] (output port clocked by __VIRTUAL_CLK__)
Path Group: __VIRTUAL_CLK__
Path Type: max

Fanout         Cap        Slew       Delay        Time   Description
---------------------------------------------------------------------------------------------
                      0.000000    0.000000    0.000000   clock __VIRTUAL_CLK__ (rise edge)
                                  0.000000    0.000000   clock network delay (ideal)
                                  2.000000    2.000000 v input external delay
     1    0.002687    0.004564    0.002161    2.002161 v received[0] (in)
                                                         received[0] (net)
                      0.004564    0.000000    2.002161 v input1/A (sky130_fd_sc_hd__clkbuf_2)
     6    0.024301    0.067239    0.097863    2.100023 v input1/X (sky130_fd_sc_hd__clkbuf_2)
                                                         net1 (net)
                      0.067259    0.001093    2.101116 v _03_/A (sky130_fd_sc_hd__xnor2_1)
     4    0.012226    0.213458    0.209831    2.310947 ^ _03_/Y (sky130_fd_sc_hd__xnor2_1)
                                                         net11 (net)
                      0.213458    0.000160    2.311108 ^ _12_/A (sky130_fd_sc_hd__clkbuf_1)
     1    0.002274    0.030724    0.056778    2.367885 ^ _12_/X (sky130_fd_sc_hd__clkbuf_1)
                                                         net15 (net)
                      0.030724    0.000020    2.367905 ^ output15/A (sky130_fd_sc_hd__buf_2)
     1    0.033987    0.127176    0.136777    2.504682 ^ output15/X (sky130_fd_sc_hd__buf_2)
                                                         bm_11_01[0] (net)
                      0.127176    0.000176    2.504858 ^ bm_11_01[0] (out)
                                              2.504858   data arrival time

                      0.000000   10.000000   10.000000   clock __VIRTUAL_CLK__ (rise edge)
                                  0.000000   10.000000   clock network delay (ideal)
                                 -0.250000    9.750000   clock uncertainty
                                  0.000000    9.750000   clock reconvergence pessimism
                                 -2.000000    7.750000   output external delay
                                              7.750000   data required time
---------------------------------------------------------------------------------------------
                                              7.750000   data required time
                                             -2.504858   data arrival time
---------------------------------------------------------------------------------------------
                                              5.245142   slack (MET)


Startpoint: received[0] (input port clocked by __VIRTUAL_CLK__)
Endpoint: bm_00_00[0] (output port clocked by __VIRTUAL_CLK__)
Path Group: __VIRTUAL_CLK__
Path Type: max

Fanout         Cap        Slew       Delay        Time   Description
---------------------------------------------------------------------------------------------
                      0.000000    0.000000    0.000000   clock __VIRTUAL_CLK__ (rise edge)
                                  0.000000    0.000000   clock network delay (ideal)
                                  2.000000    2.000000 ^ input external delay
     1    0.002916    0.014329    0.007525    2.007525 ^ received[0] (in)
                                                         received[0] (net)
                      0.014329    0.000000    2.007525 ^ input1/A (sky130_fd_sc_hd__clkbuf_2)
     6    0.025496    0.109723    0.116922    2.124447 ^ input1/X (sky130_fd_sc_hd__clkbuf_2)
                                                         net1 (net)
                      0.109731    0.000790    2.125237 ^ _02_/A (sky130_fd_sc_hd__xor2_1)
     4    0.013122    0.213920    0.194588    2.319825 ^ _02_/X (sky130_fd_sc_hd__xor2_1)
                                                         net3 (net)
                      0.213920    0.000210    2.320035 ^ output3/A (sky130_fd_sc_hd__buf_2)
     1    0.034600    0.129693    0.170303    2.490338 ^ output3/X (sky130_fd_sc_hd__buf_2)
                                                         bm_00_00[0] (net)
                      0.129693    0.000360    2.490697 ^ bm_00_00[0] (out)
                                              2.490697   data arrival time

                      0.000000   10.000000   10.000000   clock __VIRTUAL_CLK__ (rise edge)
                                  0.000000   10.000000   clock network delay (ideal)
                                 -0.250000    9.750000   clock uncertainty
                                  0.000000    9.750000   clock reconvergence pessimism
                                 -2.000000    7.750000   output external delay
                                              7.750000   data required time
---------------------------------------------------------------------------------------------
                                              7.750000   data required time
                                             -2.490697   data arrival time
---------------------------------------------------------------------------------------------
                                              5.259303   slack (MET)


Startpoint: received[0] (input port clocked by __VIRTUAL_CLK__)
Endpoint: bm_10_01[0] (output port clocked by __VIRTUAL_CLK__)
Path Group: __VIRTUAL_CLK__
Path Type: max

Fanout         Cap        Slew       Delay        Time   Description
---------------------------------------------------------------------------------------------
                      0.000000    0.000000    0.000000   clock __VIRTUAL_CLK__ (rise edge)
                                  0.000000    0.000000   clock network delay (ideal)
                                  2.000000    2.000000 v input external delay
     1    0.002687    0.004564    0.002161    2.002161 v received[0] (in)
                                                         received[0] (net)
                      0.004564    0.000000    2.002161 v input1/A (sky130_fd_sc_hd__clkbuf_2)
     6    0.024301    0.067239    0.097863    2.100023 v input1/X (sky130_fd_sc_hd__clkbuf_2)
                                                         net1 (net)
                      0.067259    0.001093    2.101116 v _03_/A (sky130_fd_sc_hd__xnor2_1)
     4    0.012226    0.213458    0.209831    2.310947 ^ _03_/Y (sky130_fd_sc_hd__xnor2_1)
                                                         net11 (net)
                      0.213458    0.000061    2.311008 ^ output11/A (sky130_fd_sc_hd__buf_2)
     1    0.033963    0.127440    0.168823    2.479831 ^ output11/X (sky130_fd_sc_hd__buf_2)
                                                         bm_10_01[0] (net)
                      0.127440    0.000167    2.479998 ^ bm_10_01[0] (out)
                                              2.479998   data arrival time

                      0.000000   10.000000   10.000000   clock __VIRTUAL_CLK__ (rise edge)
                                  0.000000   10.000000   clock network delay (ideal)
                                 -0.250000    9.750000   clock uncertainty
                                  0.000000    9.750000   clock reconvergence pessimism
                                 -2.000000    7.750000   output external delay
                                              7.750000   data required time
---------------------------------------------------------------------------------------------
                                              7.750000   data required time
                                             -2.479998   data arrival time
---------------------------------------------------------------------------------------------
                                              5.270001   slack (MET)


Startpoint: received[1] (input port clocked by __VIRTUAL_CLK__)
Endpoint: bm_11_11[1] (output port clocked by __VIRTUAL_CLK__)
Path Group: __VIRTUAL_CLK__
Path Type: max

Fanout         Cap        Slew       Delay        Time   Description
---------------------------------------------------------------------------------------------
                      0.000000    0.000000    0.000000   clock __VIRTUAL_CLK__ (rise edge)
                                  0.000000    0.000000   clock network delay (ideal)
                                  2.000000    2.000000 v input external delay
     1    0.002614    0.004458    0.002096    2.002096 v received[1] (in)
                                                         received[1] (net)
                      0.004458    0.000000    2.002096 v input2/A (sky130_fd_sc_hd__clkbuf_2)
     6    0.024609    0.068004    0.098349    2.100445 v input2/X (sky130_fd_sc_hd__clkbuf_2)
                                                         net2 (net)
                      0.068016    0.000878    2.101323 v _05_/A_N (sky130_fd_sc_hd__and2b_1)
     2    0.004884    0.042787    0.140289    2.241612 ^ _05_/X (sky130_fd_sc_hd__and2b_1)
                                                         net12 (net)
                      0.042787    0.000031    2.241643 ^ _15_/A (sky130_fd_sc_hd__clkbuf_1)
     1    0.005030    0.050689    0.067266    2.308909 ^ _15_/X (sky130_fd_sc_hd__clkbuf_1)
                                                         net18 (net)
                      0.050689    0.000110    2.309019 ^ output18/A (sky130_fd_sc_hd__buf_2)
     1    0.035216    0.131513    0.145623    2.454642 ^ output18/X (sky130_fd_sc_hd__buf_2)
                                                         bm_11_11[1] (net)
                      0.131516    0.000526    2.455168 ^ bm_11_11[1] (out)
                                              2.455168   data arrival time

                      0.000000   10.000000   10.000000   clock __VIRTUAL_CLK__ (rise edge)
                                  0.000000   10.000000   clock network delay (ideal)
                                 -0.250000    9.750000   clock uncertainty
                                  0.000000    9.750000   clock reconvergence pessimism
                                 -2.000000    7.750000   output external delay
                                              7.750000   data required time
---------------------------------------------------------------------------------------------
                                              7.750000   data required time
                                             -2.455168   data arrival time
---------------------------------------------------------------------------------------------
                                              5.294832   slack (MET)


Startpoint: received[0] (input port clocked by __VIRTUAL_CLK__)
Endpoint: bm_11_01[1] (output port clocked by __VIRTUAL_CLK__)
Path Group: __VIRTUAL_CLK__
Path Type: max

Fanout         Cap        Slew       Delay        Time   Description
---------------------------------------------------------------------------------------------
                      0.000000    0.000000    0.000000   clock __VIRTUAL_CLK__ (rise edge)
                                  0.000000    0.000000   clock network delay (ideal)
                                  2.000000    2.000000 v input external delay
     1    0.002687    0.004564    0.002161    2.002161 v received[0] (in)
                                                         received[0] (net)
                      0.004564    0.000000    2.002161 v input1/A (sky130_fd_sc_hd__clkbuf_2)
     6    0.024301    0.067239    0.097863    2.100023 v input1/X (sky130_fd_sc_hd__clkbuf_2)
                                                         net1 (net)
                      0.067260    0.001120    2.101144 v _04_/A_N (sky130_fd_sc_hd__and2b_1)
     2    0.004883    0.042803    0.139981    2.241125 ^ _04_/X (sky130_fd_sc_hd__and2b_1)
                                                         net14 (net)
                      0.042803    0.000046    2.241171 ^ _13_/A (sky130_fd_sc_hd__clkbuf_1)
     1    0.003560    0.038417    0.058643    2.299814 ^ _13_/X (sky130_fd_sc_hd__clkbuf_1)
                                                         net16 (net)
                      0.038417    0.000057    2.299871 ^ output16/A (sky130_fd_sc_hd__buf_2)
     1    0.034117    0.127592    0.139411    2.439282 ^ output16/X (sky130_fd_sc_hd__buf_2)
                                                         bm_11_01[1] (net)
                      0.127628    0.000203    2.439485 ^ bm_11_01[1] (out)
                                              2.439485   data arrival time

                      0.000000   10.000000   10.000000   clock __VIRTUAL_CLK__ (rise edge)
                                  0.000000   10.000000   clock network delay (ideal)
                                 -0.250000    9.750000   clock uncertainty
                                  0.000000    9.750000   clock reconvergence pessimism
                                 -2.000000    7.750000   output external delay
                                              7.750000   data required time
---------------------------------------------------------------------------------------------
                                              7.750000   data required time
                                             -2.439485   data arrival time
---------------------------------------------------------------------------------------------
                                              5.310515   slack (MET)


Startpoint: received[1] (input port clocked by __VIRTUAL_CLK__)
Endpoint: bm_01_10[1] (output port clocked by __VIRTUAL_CLK__)
Path Group: __VIRTUAL_CLK__
Path Type: max

Fanout         Cap        Slew       Delay        Time   Description
---------------------------------------------------------------------------------------------
                      0.000000    0.000000    0.000000   clock __VIRTUAL_CLK__ (rise edge)
                                  0.000000    0.000000   clock network delay (ideal)
                                  2.000000    2.000000 ^ input external delay
     1    0.002843    0.014068    0.007332    2.007332 ^ received[1] (in)
                                                         received[1] (net)
                      0.014068    0.000000    2.007332 ^ input2/A (sky130_fd_sc_hd__clkbuf_2)
     6    0.025859    0.111192    0.117784    2.125116 ^ input2/X (sky130_fd_sc_hd__clkbuf_2)
                                                         net2 (net)
                      0.111210    0.001182    2.126298 ^ _00_/B (sky130_fd_sc_hd__and2_1)
     2    0.008573    0.071483    0.116311    2.242609 ^ _00_/X (sky130_fd_sc_hd__and2_1)
                                                         net4 (net)
                      0.071483    0.000049    2.242658 ^ _10_/A (sky130_fd_sc_hd__clkbuf_1)
     1    0.002249    0.028269    0.054063    2.296721 ^ _10_/X (sky130_fd_sc_hd__clkbuf_1)
                                                         net10 (net)
                      0.028269    0.000020    2.296741 ^ output10/A (sky130_fd_sc_hd__buf_2)
     1    0.033947    0.127040    0.135942    2.432684 ^ output10/X (sky130_fd_sc_hd__buf_2)
                                                         bm_01_10[1] (net)
                      0.127040    0.000167    2.432851 ^ bm_01_10[1] (out)
                                              2.432851   data arrival time

                      0.000000   10.000000   10.000000   clock __VIRTUAL_CLK__ (rise edge)
                                  0.000000   10.000000   clock network delay (ideal)
                                 -0.250000    9.750000   clock uncertainty
                                  0.000000    9.750000   clock reconvergence pessimism
                                 -2.000000    7.750000   output external delay
                                              7.750000   data required time
---------------------------------------------------------------------------------------------
                                              7.750000   data required time
                                             -2.432851   data arrival time
---------------------------------------------------------------------------------------------
                                              5.317149   slack (MET)


Startpoint: received[0] (input port clocked by __VIRTUAL_CLK__)
Endpoint: bm_01_00[1] (output port clocked by __VIRTUAL_CLK__)
Path Group: __VIRTUAL_CLK__
Path Type: max

Fanout         Cap        Slew       Delay        Time   Description
---------------------------------------------------------------------------------------------
                      0.000000    0.000000    0.000000   clock __VIRTUAL_CLK__ (rise edge)
                                  0.000000    0.000000   clock network delay (ideal)
                                  2.000000    2.000000 v input external delay
     1    0.002687    0.004564    0.002161    2.002161 v received[0] (in)
                                                         received[0] (net)
                      0.004564    0.000000    2.002161 v input1/A (sky130_fd_sc_hd__clkbuf_2)
     6    0.024301    0.067239    0.097863    2.100023 v input1/X (sky130_fd_sc_hd__clkbuf_2)
                                                         net1 (net)
                      0.067247    0.000767    2.100790 v _01_/A (sky130_fd_sc_hd__nor2_1)
     2    0.006289    0.094473    0.107584    2.208374 ^ _01_/Y (sky130_fd_sc_hd__nor2_1)
                                                         net6 (net)
                      0.094473    0.000052    2.208425 ^ _08_/A (sky130_fd_sc_hd__clkbuf_1)
     1    0.002013    0.026818    0.054184    2.262610 ^ _08_/X (sky130_fd_sc_hd__clkbuf_1)
                                                         net8 (net)
                      0.026818    0.000008    2.262618 ^ output8/A (sky130_fd_sc_hd__buf_2)
     1    0.034088    0.127549    0.135831    2.398449 ^ output8/X (sky130_fd_sc_hd__buf_2)
                                                         bm_01_00[1] (net)
                      0.127549    0.000194    2.398643 ^ bm_01_00[1] (out)
                                              2.398643   data arrival time

                      0.000000   10.000000   10.000000   clock __VIRTUAL_CLK__ (rise edge)
                                  0.000000   10.000000   clock network delay (ideal)
                                 -0.250000    9.750000   clock uncertainty
                                  0.000000    9.750000   clock reconvergence pessimism
                                 -2.000000    7.750000   output external delay
                                              7.750000   data required time
---------------------------------------------------------------------------------------------
                                              7.750000   data required time
                                             -2.398643   data arrival time
---------------------------------------------------------------------------------------------
                                              5.351358   slack (MET)


Startpoint: received[1] (input port clocked by __VIRTUAL_CLK__)
Endpoint: bm_00_00[1] (output port clocked by __VIRTUAL_CLK__)
Path Group: __VIRTUAL_CLK__
Path Type: max

Fanout         Cap        Slew       Delay        Time   Description
---------------------------------------------------------------------------------------------
                      0.000000    0.000000    0.000000   clock __VIRTUAL_CLK__ (rise edge)
                                  0.000000    0.000000   clock network delay (ideal)
                                  2.000000    2.000000 ^ input external delay
     1    0.002843    0.014068    0.007332    2.007332 ^ received[1] (in)
                                                         received[1] (net)
                      0.014068    0.000000    2.007332 ^ input2/A (sky130_fd_sc_hd__clkbuf_2)
     6    0.025859    0.111192    0.117784    2.125116 ^ input2/X (sky130_fd_sc_hd__clkbuf_2)
                                                         net2 (net)
                      0.111210    0.001182    2.126298 ^ _00_/B (sky130_fd_sc_hd__and2_1)
     2    0.008573    0.071483    0.116311    2.242609 ^ _00_/X (sky130_fd_sc_hd__and2_1)
                                                         net4 (net)
                      0.071483    0.000160    2.242769 ^ output4/A (sky130_fd_sc_hd__buf_2)
     1    0.034293    0.128152    0.148507    2.391277 ^ output4/X (sky130_fd_sc_hd__buf_2)
                                                         bm_00_00[1] (net)
                      0.128152    0.000212    2.391489 ^ bm_00_00[1] (out)
                                              2.391489   data arrival time

                      0.000000   10.000000   10.000000   clock __VIRTUAL_CLK__ (rise edge)
                                  0.000000   10.000000   clock network delay (ideal)
                                 -0.250000    9.750000   clock uncertainty
                                  0.000000    9.750000   clock reconvergence pessimism
                                 -2.000000    7.750000   output external delay
                                              7.750000   data required time
---------------------------------------------------------------------------------------------
                                              7.750000   data required time
                                             -2.391489   data arrival time
---------------------------------------------------------------------------------------------
                                              5.358511   slack (MET)


Startpoint: received[1] (input port clocked by __VIRTUAL_CLK__)
Endpoint: bm_10_01[1] (output port clocked by __VIRTUAL_CLK__)
Path Group: __VIRTUAL_CLK__
Path Type: max

Fanout         Cap        Slew       Delay        Time   Description
---------------------------------------------------------------------------------------------
                      0.000000    0.000000    0.000000   clock __VIRTUAL_CLK__ (rise edge)
                                  0.000000    0.000000   clock network delay (ideal)
                                  2.000000    2.000000 v input external delay
     1    0.002614    0.004458    0.002096    2.002096 v received[1] (in)
                                                         received[1] (net)
                      0.004458    0.000000    2.002096 v input2/A (sky130_fd_sc_hd__clkbuf_2)
     6    0.024609    0.068004    0.098349    2.100445 v input2/X (sky130_fd_sc_hd__clkbuf_2)
                                                         net2 (net)
                      0.068016    0.000878    2.101323 v _05_/A_N (sky130_fd_sc_hd__and2b_1)
     2    0.004884    0.042787    0.140289    2.241612 ^ _05_/X (sky130_fd_sc_hd__and2b_1)
                                                         net12 (net)
                      0.042787    0.000032    2.241644 ^ output12/A (sky130_fd_sc_hd__buf_2)
     1    0.034580    0.129275    0.141826    2.383470 ^ output12/X (sky130_fd_sc_hd__buf_2)
                                                         bm_10_01[1] (net)
                      0.129276    0.000275    2.383745 ^ bm_10_01[1] (out)
                                              2.383745   data arrival time

                      0.000000   10.000000   10.000000   clock __VIRTUAL_CLK__ (rise edge)
                                  0.000000   10.000000   clock network delay (ideal)
                                 -0.250000    9.750000   clock uncertainty
                                  0.000000    9.750000   clock reconvergence pessimism
                                 -2.000000    7.750000   output external delay
                                              7.750000   data required time
---------------------------------------------------------------------------------------------
                                              7.750000   data required time
                                             -2.383745   data arrival time
---------------------------------------------------------------------------------------------
                                              5.366255   slack (MET)


Startpoint: received[0] (input port clocked by __VIRTUAL_CLK__)
Endpoint: bm_10_11[1] (output port clocked by __VIRTUAL_CLK__)
Path Group: __VIRTUAL_CLK__
Path Type: max

Fanout         Cap        Slew       Delay        Time   Description
---------------------------------------------------------------------------------------------
                      0.000000    0.000000    0.000000   clock __VIRTUAL_CLK__ (rise edge)
                                  0.000000    0.000000   clock network delay (ideal)
                                  2.000000    2.000000 v input external delay
     1    0.002687    0.004564    0.002161    2.002161 v received[0] (in)
                                                         received[0] (net)
                      0.004564    0.000000    2.002161 v input1/A (sky130_fd_sc_hd__clkbuf_2)
     6    0.024301    0.067239    0.097863    2.100023 v input1/X (sky130_fd_sc_hd__clkbuf_2)
                                                         net1 (net)
                      0.067260    0.001120    2.101144 v _04_/A_N (sky130_fd_sc_hd__and2b_1)
     2    0.004883    0.042803    0.139981    2.241125 ^ _04_/X (sky130_fd_sc_hd__and2b_1)
                                                         net14 (net)
                      0.042803    0.000048    2.241173 ^ output14/A (sky130_fd_sc_hd__buf_2)
     1    0.033948    0.126973    0.140347    2.381520 ^ output14/X (sky130_fd_sc_hd__buf_2)
                                                         bm_10_11[1] (net)
                      0.127009    0.000167    2.381687 ^ bm_10_11[1] (out)
                                              2.381687   data arrival time

                      0.000000   10.000000   10.000000   clock __VIRTUAL_CLK__ (rise edge)
                                  0.000000   10.000000   clock network delay (ideal)
                                 -0.250000    9.750000   clock uncertainty
                                  0.000000    9.750000   clock reconvergence pessimism
                                 -2.000000    7.750000   output external delay
                                              7.750000   data required time
---------------------------------------------------------------------------------------------
                                              7.750000   data required time
                                             -2.381687   data arrival time
---------------------------------------------------------------------------------------------
                                              5.368313   slack (MET)


Startpoint: received[0] (input port clocked by __VIRTUAL_CLK__)
Endpoint: bm_00_10[1] (output port clocked by __VIRTUAL_CLK__)
Path Group: __VIRTUAL_CLK__
Path Type: max

Fanout         Cap        Slew       Delay        Time   Description
---------------------------------------------------------------------------------------------
                      0.000000    0.000000    0.000000   clock __VIRTUAL_CLK__ (rise edge)
                                  0.000000    0.000000   clock network delay (ideal)
                                  2.000000    2.000000 v input external delay
     1    0.002687    0.004564    0.002161    2.002161 v received[0] (in)
                                                         received[0] (net)
                      0.004564    0.000000    2.002161 v input1/A (sky130_fd_sc_hd__clkbuf_2)
     6    0.024301    0.067239    0.097863    2.100023 v input1/X (sky130_fd_sc_hd__clkbuf_2)
                                                         net1 (net)
                      0.067247    0.000767    2.100790 v _01_/A (sky130_fd_sc_hd__nor2_1)
     2    0.006289    0.094473    0.107584    2.208374 ^ _01_/Y (sky130_fd_sc_hd__nor2_1)
                                                         net6 (net)
                      0.094473    0.000082    2.208456 ^ output6/A (sky130_fd_sc_hd__buf_2)
     1    0.033937    0.126899    0.152936    2.361392 ^ output6/X (sky130_fd_sc_hd__buf_2)
                                                         bm_00_10[1] (net)
                      0.126899    0.000167    2.361559 ^ bm_00_10[1] (out)
                                              2.361559   data arrival time

                      0.000000   10.000000   10.000000   clock __VIRTUAL_CLK__ (rise edge)
                                  0.000000   10.000000   clock network delay (ideal)
                                 -0.250000    9.750000   clock uncertainty
                                  0.000000    9.750000   clock reconvergence pessimism
                                 -2.000000    7.750000   output external delay
                                              7.750000   data required time
---------------------------------------------------------------------------------------------
                                              7.750000   data required time
                                             -2.361559   data arrival time
---------------------------------------------------------------------------------------------
                                              5.388441   slack (MET)



