
 /----------------------------------------------------------------------------\
 |  yosys -- Yosys Open SYnthesis Suite                                       |
 |  Copyright (C) 2012 - 2024  Claire Xenia Wolf <claire@yosyshq.com>         |
 |  Distributed under an ISC-like license, type "license" to see terms        |
 \----------------------------------------------------------------------------/
 Yosys 0.46 (git sha1 e97731b9dda91fa5fa53ed87df7c34163ba59a41, clang++ 17.0.6 -fPIC -O3)
Loaded SDC plugin

1. Executing Liberty frontend: /home/edabk/.volare/volare/sky130/versions/0fe599b2afb6708d281543108caf8310912f54af/sky130A/libs.ref/sky130_fd_sc_hd/lib/sky130_fd_sc_hd__tt_025C_1v80.lib
Imported 428 cell types from liberty file.
[INFO] Using SDC file '/home/edabk/Desktop/Tu67/MARCO_ultra/Controller/runs/RUN_2026-01-21_18-57-50/06-yosys-synthesis/synthesis.abc.sdc' for ABC…

2. Executing Verilog-2005 frontend: /home/edabk/Desktop/Tu67/MARCO_ultra/Controller/hdl/Controller.v
Parsing SystemVerilog input from `/home/edabk/Desktop/Tu67/MARCO_ultra/Controller/hdl/Controller.v' to AST representation.
Storing AST representation for module `$abstract\Controller'.
Successfully finished Verilog frontend.

3. Executing HIERARCHY pass (managing design hierarchy).

4. Executing AST frontend in derive mode using pre-parsed AST for module `\Controller'.
Generating RTLIL representation for module `\Controller'.
Note: Assuming pure combinatorial block at /home/edabk/Desktop/Tu67/MARCO_ultra/Controller/hdl/Controller.v:44.5-82.8 in
compliance with IEC 62142(E):2005 / IEEE Std. 1364.1(E):2002. Recommending
use of @* instead of @(...) for better match of synthesis and simulation.

4.1. Analyzing design hierarchy..
Top module:  \Controller

4.2. Analyzing design hierarchy..
Top module:  \Controller
Removing unused module `$abstract\Controller'.
Removed 1 unused modules.
Renaming module Controller to Controller.

5. Generating Graphviz representation of design.
Writing dot description to `/home/edabk/Desktop/Tu67/MARCO_ultra/Controller/runs/RUN_2026-01-21_18-57-50/06-yosys-synthesis/hierarchy.dot'.
Dumping module Controller to page 1.

6. Executing TRIBUF pass.

7. Executing HIERARCHY pass (managing design hierarchy).

7.1. Analyzing design hierarchy..
Top module:  \Controller

7.2. Analyzing design hierarchy..
Top module:  \Controller
Removed 0 unused modules.

8. Executing PROC_CLEAN pass (remove empty switches from decision trees).
Cleaned up 0 empty switches.

9. Executing PROC_RMDEAD pass (remove dead branches from decision trees).
Marked 3 switch rules as full_case in process $proc$/home/edabk/Desktop/Tu67/MARCO_ultra/Controller/hdl/Controller.v:44$6 in module Controller.
Marked 3 switch rules as full_case in process $proc$/home/edabk/Desktop/Tu67/MARCO_ultra/Controller/hdl/Controller.v:24$1 in module Controller.
Removed a total of 0 dead cases.

10. Executing PROC_PRUNE pass (remove redundant assignments in processes).
Removed 2 redundant assignments.
Promoted 3 assignments to connections.

11. Executing PROC_INIT pass (extract init attributes).

12. Executing PROC_ARST pass (detect async resets in processes).
Found async reset \rst_n in `\Controller.$proc$/home/edabk/Desktop/Tu67/MARCO_ultra/Controller/hdl/Controller.v:24$1'.

13. Executing PROC_ROM pass (convert switches to ROMs).
Converted 0 switches.
<suppressed ~5 debug messages>

14. Executing PROC_MUX pass (convert decision trees to multiplexers).
Creating decoders for process `\Controller.$proc$/home/edabk/Desktop/Tu67/MARCO_ultra/Controller/hdl/Controller.v:44$6'.
     1/6: $3\next_state[1:0]
     2/6: $2\clr_me[0:0]
     3/6: $2\next_state[1:0]
     4/6: $1\frame_done[0:0]
     5/6: $1\next_state[1:0]
     6/6: $1\clr_me[0:0]
Creating decoders for process `\Controller.$proc$/home/edabk/Desktop/Tu67/MARCO_ultra/Controller/hdl/Controller.v:24$1'.
     1/2: $0\sym_cnt[3:0]
     2/2: $0\state[1:0]

15. Executing PROC_DLATCH pass (convert process syncs to latches).
No latch inferred for signal `\Controller.\clr_me' from process `\Controller.$proc$/home/edabk/Desktop/Tu67/MARCO_ultra/Controller/hdl/Controller.v:44$6'.
No latch inferred for signal `\Controller.\frame_done' from process `\Controller.$proc$/home/edabk/Desktop/Tu67/MARCO_ultra/Controller/hdl/Controller.v:44$6'.
No latch inferred for signal `\Controller.\next_state' from process `\Controller.$proc$/home/edabk/Desktop/Tu67/MARCO_ultra/Controller/hdl/Controller.v:44$6'.

16. Executing PROC_DFF pass (convert process syncs to FFs).
Creating register for signal `\Controller.\state' using process `\Controller.$proc$/home/edabk/Desktop/Tu67/MARCO_ultra/Controller/hdl/Controller.v:24$1'.
  created $adff cell `$procdff$54' with positive edge clock and positive level reset.
Creating register for signal `\Controller.\sym_cnt' using process `\Controller.$proc$/home/edabk/Desktop/Tu67/MARCO_ultra/Controller/hdl/Controller.v:24$1'.
  created $adff cell `$procdff$59' with positive edge clock and positive level reset.

17. Executing PROC_MEMWR pass (convert process memory writes to cells).

18. Executing PROC_CLEAN pass (remove empty switches from decision trees).
Found and cleaned up 3 empty switches in `\Controller.$proc$/home/edabk/Desktop/Tu67/MARCO_ultra/Controller/hdl/Controller.v:44$6'.
Removing empty process `Controller.$proc$/home/edabk/Desktop/Tu67/MARCO_ultra/Controller/hdl/Controller.v:44$6'.
Found and cleaned up 2 empty switches in `\Controller.$proc$/home/edabk/Desktop/Tu67/MARCO_ultra/Controller/hdl/Controller.v:24$1'.
Removing empty process `Controller.$proc$/home/edabk/Desktop/Tu67/MARCO_ultra/Controller/hdl/Controller.v:24$1'.
Cleaned up 5 empty switches.

19. Executing CHECK pass (checking for obvious problems).
Checking module Controller...
Found and reported 0 problems.

20. Executing OPT_EXPR pass (perform const folding).
Optimizing module Controller.
<suppressed ~8 debug messages>

21. Executing FLATTEN pass (flatten design).

22. Executing OPT_EXPR pass (perform const folding).
Optimizing module Controller.

23. Executing OPT_CLEAN pass (remove unused cells and wires).
Finding unused cells or wires in module \Controller..
Removed 3 unused cells and 24 unused wires.
<suppressed ~4 debug messages>

24. Executing OPT_EXPR pass (perform const folding).
Optimizing module Controller.

25. Executing OPT_MERGE pass (detect identical cells).
Finding identical cells in module `\Controller'.
<suppressed ~24 debug messages>
Removed a total of 8 cells.

26. Executing OPT_MUXTREE pass (detect dead branches in mux trees).
Running muxtree optimizer on module \Controller..
  Creating internal representation of mux trees.
  Evaluating internal representation of mux trees.
  Analyzing evaluation results.
    dead port 2/2 on $mux $procmux$21.
    dead port 2/2 on $mux $procmux$29.
    dead port 2/2 on $mux $procmux$13.
Removed 3 multiplexer ports.
<suppressed ~4 debug messages>

27. Executing OPT_REDUCE pass (consolidate $*mux and $reduce_* inputs).
  Optimizing cells in module \Controller.
    New ctrl vector for $pmux cell $procmux$40: { $procmux$22_CMP $auto$opt_reduce.cc:134:opt_pmux$61 }
  Optimizing cells in module \Controller.
Performed a total of 1 changes.

28. Executing OPT_MERGE pass (detect identical cells).
Finding identical cells in module `\Controller'.
Removed a total of 0 cells.

29. Executing OPT_DFF pass (perform DFF optimizations).

30. Executing OPT_CLEAN pass (remove unused cells and wires).
Finding unused cells or wires in module \Controller..
Removed 0 unused cells and 11 unused wires.
<suppressed ~1 debug messages>

31. Executing OPT_EXPR pass (perform const folding).
Optimizing module Controller.

32. Rerunning OPT passes. (Maybe there is more to do…)

33. Executing OPT_MUXTREE pass (detect dead branches in mux trees).
Running muxtree optimizer on module \Controller..
  Creating internal representation of mux trees.
  Evaluating internal representation of mux trees.
  Analyzing evaluation results.
Removed 0 multiplexer ports.
<suppressed ~4 debug messages>

34. Executing OPT_REDUCE pass (consolidate $*mux and $reduce_* inputs).
  Optimizing cells in module \Controller.
Performed a total of 0 changes.

35. Executing OPT_MERGE pass (detect identical cells).
Finding identical cells in module `\Controller'.
Removed a total of 0 cells.

36. Executing OPT_DFF pass (perform DFF optimizations).

37. Executing OPT_CLEAN pass (remove unused cells and wires).
Finding unused cells or wires in module \Controller..

38. Executing OPT_EXPR pass (perform const folding).
Optimizing module Controller.

39. Executing FSM pass (extract and optimize FSM).

39.1. Executing FSM_DETECT pass (finding FSMs in design).
Not marking Controller.state as FSM state register:
    Circuit seems to be self-resetting.

39.2. Executing FSM_EXTRACT pass (extracting FSM from design).

39.3. Executing FSM_OPT pass (simple optimizations of FSMs).

39.4. Executing OPT_CLEAN pass (remove unused cells and wires).
Finding unused cells or wires in module \Controller..

39.5. Executing FSM_OPT pass (simple optimizations of FSMs).

39.6. Executing FSM_RECODE pass (re-assigning FSM state encoding).

39.7. Executing FSM_INFO pass (dumping all available information on FSM cells).

39.8. Executing FSM_MAP pass (mapping FSMs to basic logic).

40. Executing OPT_EXPR pass (perform const folding).
Optimizing module Controller.

41. Executing OPT_MERGE pass (detect identical cells).
Finding identical cells in module `\Controller'.
Removed a total of 0 cells.

42. Executing OPT_MUXTREE pass (detect dead branches in mux trees).
Running muxtree optimizer on module \Controller..
  Creating internal representation of mux trees.
  Evaluating internal representation of mux trees.
  Analyzing evaluation results.
Removed 0 multiplexer ports.
<suppressed ~4 debug messages>

43. Executing OPT_REDUCE pass (consolidate $*mux and $reduce_* inputs).
  Optimizing cells in module \Controller.
Performed a total of 0 changes.

44. Executing OPT_MERGE pass (detect identical cells).
Finding identical cells in module `\Controller'.
Removed a total of 0 cells.

45. Executing OPT_DFF pass (perform DFF optimizations).

46. Executing OPT_CLEAN pass (remove unused cells and wires).
Finding unused cells or wires in module \Controller..

47. Executing OPT_EXPR pass (perform const folding).
Optimizing module Controller.

48. Executing WREDUCE pass (reducing word size of cells).
Removed top 1 bits (of 2) from port B of cell Controller.$eq$/home/edabk/Desktop/Tu67/MARCO_ultra/Controller/hdl/Controller.v:32$3 ($eq).
Removed top 1 bits (of 4) from port B of cell Controller.$eq$/home/edabk/Desktop/Tu67/MARCO_ultra/Controller/hdl/Controller.v:33$4 ($eq).
Removed top 1 bits (of 2) from mux cell Controller.$procmux$27 ($mux).
Removed top 1 bits (of 2) from wire Controller.$2\next_state[1:0].

49. Executing PEEPOPT pass (run peephole optimizers).

50. Executing OPT_CLEAN pass (remove unused cells and wires).
Finding unused cells or wires in module \Controller..
Removed 0 unused cells and 1 unused wires.
<suppressed ~1 debug messages>

51. Executing ALUMACC pass (create $alu and $macc cells).
Extracting $alu and $macc cells in module Controller:
  creating $macc model for $add$/home/edabk/Desktop/Tu67/MARCO_ultra/Controller/hdl/Controller.v:36$5 ($add).
  creating $alu model for $macc $add$/home/edabk/Desktop/Tu67/MARCO_ultra/Controller/hdl/Controller.v:36$5.
  creating $alu cell for $add$/home/edabk/Desktop/Tu67/MARCO_ultra/Controller/hdl/Controller.v:36$5: $auto$alumacc.cc:485:replace_alu$63
  created 1 $alu and 0 $macc cells.

52. Executing SHARE pass (SAT-based resource sharing).

53. Executing OPT_EXPR pass (perform const folding).
Optimizing module Controller.

54. Executing OPT_MERGE pass (detect identical cells).
Finding identical cells in module `\Controller'.
Removed a total of 0 cells.

55. Executing OPT_MUXTREE pass (detect dead branches in mux trees).
Running muxtree optimizer on module \Controller..
  Creating internal representation of mux trees.
  Evaluating internal representation of mux trees.
  Analyzing evaluation results.
Removed 0 multiplexer ports.
<suppressed ~4 debug messages>

56. Executing OPT_REDUCE pass (consolidate $*mux and $reduce_* inputs).
  Optimizing cells in module \Controller.
Performed a total of 0 changes.

57. Executing OPT_MERGE pass (detect identical cells).
Finding identical cells in module `\Controller'.
Removed a total of 0 cells.

58. Executing OPT_DFF pass (perform DFF optimizations).

59. Executing OPT_CLEAN pass (remove unused cells and wires).
Finding unused cells or wires in module \Controller..

60. Executing OPT_EXPR pass (perform const folding).
Optimizing module Controller.

61. Executing MEMORY pass.

61.1. Executing OPT_MEM pass (optimize memories).
Performed a total of 0 transformations.

61.2. Executing OPT_MEM_PRIORITY pass (removing unnecessary memory write priority relations).
Performed a total of 0 transformations.

61.3. Executing OPT_MEM_FEEDBACK pass (finding memory read-to-write feedback paths).

61.4. Executing MEMORY_BMUX2ROM pass (converting muxes to ROMs).

61.5. Executing MEMORY_DFF pass (merging $dff cells to $memrd).

61.6. Executing OPT_CLEAN pass (remove unused cells and wires).
Finding unused cells or wires in module \Controller..

61.7. Executing MEMORY_SHARE pass (consolidating $memrd/$memwr cells).

61.8. Executing OPT_MEM_WIDEN pass (optimize memories where all ports are wide).
Performed a total of 0 transformations.

61.9. Executing OPT_CLEAN pass (remove unused cells and wires).
Finding unused cells or wires in module \Controller..

61.10. Executing MEMORY_COLLECT pass (generating $mem cells).

62. Executing OPT_CLEAN pass (remove unused cells and wires).
Finding unused cells or wires in module \Controller..

63. Executing OPT_EXPR pass (perform const folding).
Optimizing module Controller.
<suppressed ~3 debug messages>

64. Executing OPT_MERGE pass (detect identical cells).
Finding identical cells in module `\Controller'.
Removed a total of 0 cells.

65. Executing OPT_DFF pass (perform DFF optimizations).

66. Executing OPT_CLEAN pass (remove unused cells and wires).
Finding unused cells or wires in module \Controller..
Removed 0 unused cells and 2 unused wires.
<suppressed ~1 debug messages>

67. Executing MEMORY_MAP pass (converting memories to logic and flip-flops).

68. Executing OPT_EXPR pass (perform const folding).
Optimizing module Controller.

69. Executing OPT_MERGE pass (detect identical cells).
Finding identical cells in module `\Controller'.
Removed a total of 0 cells.

70. Executing OPT_MUXTREE pass (detect dead branches in mux trees).
Running muxtree optimizer on module \Controller..
  Creating internal representation of mux trees.
  Evaluating internal representation of mux trees.
  Analyzing evaluation results.
Removed 0 multiplexer ports.
<suppressed ~3 debug messages>

71. Executing OPT_REDUCE pass (consolidate $*mux and $reduce_* inputs).
  Optimizing cells in module \Controller.
Performed a total of 0 changes.

72. Executing OPT_MERGE pass (detect identical cells).
Finding identical cells in module `\Controller'.
Removed a total of 0 cells.

73. Executing OPT_SHARE pass.

74. Executing OPT_DFF pass (perform DFF optimizations).

75. Executing OPT_CLEAN pass (remove unused cells and wires).
Finding unused cells or wires in module \Controller..

76. Executing OPT_EXPR pass (perform const folding).
Optimizing module Controller.

77. Executing TECHMAP pass (map to technology primitives).

77.1. Executing Verilog-2005 frontend: /nix/store/9r0bh7sp051dpm8km8bqlb028anpd3v3-yosys/bin/../share/yosys/techmap.v
Parsing Verilog input from `/nix/store/9r0bh7sp051dpm8km8bqlb028anpd3v3-yosys/bin/../share/yosys/techmap.v' to AST representation.
Generating RTLIL representation for module `\_90_simplemap_bool_ops'.
Generating RTLIL representation for module `\_90_simplemap_reduce_ops'.
Generating RTLIL representation for module `\_90_simplemap_logic_ops'.
Generating RTLIL representation for module `\_90_simplemap_compare_ops'.
Generating RTLIL representation for module `\_90_simplemap_various'.
Generating RTLIL representation for module `\_90_simplemap_registers'.
Generating RTLIL representation for module `\_90_shift_ops_shr_shl_sshl_sshr'.
Generating RTLIL representation for module `\_90_shift_shiftx'.
Generating RTLIL representation for module `\_90_fa'.
Generating RTLIL representation for module `\_90_lcu_brent_kung'.
Generating RTLIL representation for module `\_90_alu'.
Generating RTLIL representation for module `\_90_macc'.
Generating RTLIL representation for module `\_90_alumacc'.
Generating RTLIL representation for module `\$__div_mod_u'.
Generating RTLIL representation for module `\$__div_mod_trunc'.
Generating RTLIL representation for module `\_90_div'.
Generating RTLIL representation for module `\_90_mod'.
Generating RTLIL representation for module `\$__div_mod_floor'.
Generating RTLIL representation for module `\_90_divfloor'.
Generating RTLIL representation for module `\_90_modfloor'.
Generating RTLIL representation for module `\_90_pow'.
Generating RTLIL representation for module `\_90_pmux'.
Generating RTLIL representation for module `\_90_demux'.
Generating RTLIL representation for module `\_90_lut'.
Successfully finished Verilog frontend.

77.2. Continuing TECHMAP pass.
Using extmapper simplemap for cells of type $eq.
Using template $paramod$32a7b7b86c07519b7537abc18e96f0331f97914d\_90_alu for cells of type $alu.
Using extmapper simplemap for cells of type $mux.
Using extmapper simplemap for cells of type $reduce_or.
Using extmapper simplemap for cells of type $not.
Using extmapper simplemap for cells of type $logic_not.
Using template $paramod$521ce43182eecb9f60c72393a788160d2c356bf5\_90_pmux for cells of type $pmux.
Using template $paramod$c5c783b17ab1d780abfad8cfe6563a0a7b47a3b0\_90_pmux for cells of type $pmux.
Using extmapper simplemap for cells of type $adff.
Using extmapper simplemap for cells of type $xor.
Using extmapper simplemap for cells of type $and.
Using template $paramod\_90_lcu_brent_kung\WIDTH=32'00000000000000000000000000000100 for cells of type $lcu.
Using extmapper simplemap for cells of type $pos.
Using extmapper simplemap for cells of type $or.
No more expansions possible.
<suppressed ~271 debug messages>

78. Executing OPT_EXPR pass (perform const folding).
Optimizing module Controller.
<suppressed ~44 debug messages>

79. Executing OPT_MERGE pass (detect identical cells).
Finding identical cells in module `\Controller'.
<suppressed ~15 debug messages>
Removed a total of 5 cells.

80. Executing OPT_DFF pass (perform DFF optimizations).

81. Executing OPT_CLEAN pass (remove unused cells and wires).
Finding unused cells or wires in module \Controller..
Removed 3 unused cells and 70 unused wires.
<suppressed ~4 debug messages>

82. Executing OPT_EXPR pass (perform const folding).
Optimizing module Controller.

83. Executing OPT_MERGE pass (detect identical cells).
Finding identical cells in module `\Controller'.
Removed a total of 0 cells.

84. Executing OPT_DFF pass (perform DFF optimizations).

85. Executing OPT_CLEAN pass (remove unused cells and wires).
Finding unused cells or wires in module \Controller..

86. Executing ABC pass (technology mapping using ABC).

86.1. Extracting gate netlist of module `\Controller' to `<abc-temp-dir>/input.blif'..
Extracted 40 gates and 49 wires to a netlist network with 7 inputs and 8 outputs.

86.1.1. Executing ABC.
Running ABC command: "/nix/store/6l3aj1gi4lja8z5s4lan2k2cfz9mqkrz-yosys-abc/bin/abc" -s -f <abc-temp-dir>/abc.script 2>&1
ABC: ABC command line: "source <abc-temp-dir>/abc.script".
ABC: 
ABC: + read_blif <abc-temp-dir>/input.blif 
ABC: + read_library <abc-temp-dir>/stdcells.genlib 
ABC: Entered genlib library with 13 gates from file "<abc-temp-dir>/stdcells.genlib".
ABC: + strash 
ABC: + dretime 
ABC: + map 
ABC: + write_blif <abc-temp-dir>/output.blif 

86.1.2. Re-integrating ABC results.
ABC RESULTS:             ORNOT cells:        2
ABC RESULTS:               AND cells:        1
ABC RESULTS:              NAND cells:        2
ABC RESULTS:               XOR cells:        3
ABC RESULTS:               NOT cells:        2
ABC RESULTS:               NOR cells:        1
ABC RESULTS:                OR cells:        4
ABC RESULTS:            ANDNOT cells:       13
ABC RESULTS:               MUX cells:        1
ABC RESULTS:        internal signals:       34
ABC RESULTS:           input signals:        7
ABC RESULTS:          output signals:        8
Removing temp directory.

87. Executing OPT pass (performing simple optimizations).

87.1. Executing OPT_EXPR pass (perform const folding).
Optimizing module Controller.

87.2. Executing OPT_MERGE pass (detect identical cells).
Finding identical cells in module `\Controller'.
Removed a total of 0 cells.

87.3. Executing OPT_DFF pass (perform DFF optimizations).

87.4. Executing OPT_CLEAN pass (remove unused cells and wires).
Finding unused cells or wires in module \Controller..
Removed 0 unused cells and 36 unused wires.
<suppressed ~1 debug messages>

87.5. Finished fast OPT passes.

88. Executing HIERARCHY pass (managing design hierarchy).

88.1. Analyzing design hierarchy..
Top module:  \Controller

88.2. Analyzing design hierarchy..
Top module:  \Controller
Removed 0 unused modules.

89. Executing CHECK pass (checking for obvious problems).
Checking module Controller...
Found and reported 0 problems.

90. Printing statistics.

=== Controller ===

   Number of wires:                 30
   Number of wire bits:             38
   Number of public wires:           8
   Number of public wire bits:      13
   Number of ports:                  5
   Number of port bits:              5
   Number of memories:               0
   Number of memory bits:            0
   Number of processes:              0
   Number of cells:                 35
     $_ANDNOT_                      13
     $_AND_                          1
     $_DFF_PN0_                      6
     $_MUX_                          1
     $_NAND_                         2
     $_NOR_                          1
     $_NOT_                          2
     $_ORNOT_                        2
     $_OR_                           4
     $_XOR_                          3

91. Generating Graphviz representation of design.
Writing dot description to `/home/edabk/Desktop/Tu67/MARCO_ultra/Controller/runs/RUN_2026-01-21_18-57-50/06-yosys-synthesis/primitive_techmap.dot'.
Dumping module Controller to page 1.

92. Executing OPT pass (performing simple optimizations).

92.1. Executing OPT_EXPR pass (perform const folding).
Optimizing module Controller.

92.2. Executing OPT_MERGE pass (detect identical cells).
Finding identical cells in module `\Controller'.
Removed a total of 0 cells.

92.3. Executing OPT_MUXTREE pass (detect dead branches in mux trees).
Running muxtree optimizer on module \Controller..
  Creating internal representation of mux trees.
  No muxes found in this module.
Removed 0 multiplexer ports.

92.4. Executing OPT_REDUCE pass (consolidate $*mux and $reduce_* inputs).
  Optimizing cells in module \Controller.
Performed a total of 0 changes.

92.5. Executing OPT_MERGE pass (detect identical cells).
Finding identical cells in module `\Controller'.
Removed a total of 0 cells.

92.6. Executing OPT_DFF pass (perform DFF optimizations).

92.7. Executing OPT_CLEAN pass (remove unused cells and wires).
Finding unused cells or wires in module \Controller..

92.8. Executing OPT_EXPR pass (perform const folding).
Optimizing module Controller.

92.9. Finished OPT passes. (There is nothing left to do.)

93. Executing OPT_CLEAN pass (remove unused cells and wires).
Finding unused cells or wires in module \Controller..
{
   "creator": "Yosys 0.46 (git sha1 e97731b9dda91fa5fa53ed87df7c34163ba59a41, clang++ 17.0.6 -fPIC -O3)",
   "invocation": "stat -json -liberty /home/edabk/Desktop/Tu67/MARCO_ultra/Controller/runs/RUN_2026-01-21_18-57-50/tmp/65975218b9ea459fb1ca398a93c1a775.lib ",
   "modules": {
      "\\Controller": {
         "num_wires":         30,
         "num_wire_bits":     38,
         "num_pub_wires":     8,
         "num_pub_wire_bits": 13,
         "num_ports":         5,
         "num_port_bits":     5,
         "num_memories":      0,
         "num_memory_bits":   0,
         "num_processes":     0,
         "num_cells":         35,
         "num_cells_by_type": {
            "$_ANDNOT_": 13,
            "$_AND_": 1,
            "$_DFF_PN0_": 6,
            "$_MUX_": 1,
            "$_NAND_": 2,
            "$_NOR_": 1,
            "$_NOT_": 2,
            "$_ORNOT_": 2,
            "$_OR_": 4,
            "$_XOR_": 3
         }
      }
   },
      "design": {
         "num_wires":         30,
         "num_wire_bits":     38,
         "num_pub_wires":     8,
         "num_pub_wire_bits": 13,
         "num_ports":         5,
         "num_port_bits":     5,
         "num_memories":      0,
         "num_memory_bits":   0,
         "num_processes":     0,
         "num_cells":         35,
         "num_cells_by_type": {
            "$_ANDNOT_": 13,
            "$_AND_": 1,
            "$_DFF_PN0_": 6,
            "$_MUX_": 1,
            "$_NAND_": 2,
            "$_NOR_": 1,
            "$_NOT_": 2,
            "$_ORNOT_": 2,
            "$_OR_": 4,
            "$_XOR_": 3
         }
      }
}

94. Printing statistics.

=== Controller ===

   Number of wires:                 30
   Number of wire bits:             38
   Number of public wires:           8
   Number of public wire bits:      13
   Number of ports:                  5
   Number of port bits:              5
   Number of memories:               0
   Number of memory bits:            0
   Number of processes:              0
   Number of cells:                 35
     $_ANDNOT_                      13
     $_AND_                          1
     $_DFF_PN0_                      6
     $_MUX_                          1
     $_NAND_                         2
     $_NOR_                          1
     $_NOT_                          2
     $_ORNOT_                        2
     $_OR_                           4
     $_XOR_                          3

   Area for cell type $_NOT_ is unknown!
   Area for cell type $_AND_ is unknown!
   Area for cell type $_NAND_ is unknown!
   Area for cell type $_OR_ is unknown!
   Area for cell type $_NOR_ is unknown!
   Area for cell type $_XOR_ is unknown!
   Area for cell type $_ANDNOT_ is unknown!
   Area for cell type $_ORNOT_ is unknown!
   Area for cell type $_MUX_ is unknown!
   Area for cell type $_DFF_PN0_ is unknown!

[INFO] Applying tri-state buffer mapping from '/home/edabk/.volare/volare/sky130/versions/0fe599b2afb6708d281543108caf8310912f54af/sky130A/libs.tech/openlane/sky130_fd_sc_hd/tribuff_map.v'…

95. Executing TECHMAP pass (map to technology primitives).

95.1. Executing Verilog-2005 frontend: /home/edabk/.volare/volare/sky130/versions/0fe599b2afb6708d281543108caf8310912f54af/sky130A/libs.tech/openlane/sky130_fd_sc_hd/tribuff_map.v
Parsing Verilog input from `/home/edabk/.volare/volare/sky130/versions/0fe599b2afb6708d281543108caf8310912f54af/sky130A/libs.tech/openlane/sky130_fd_sc_hd/tribuff_map.v' to AST representation.
Generating RTLIL representation for module `\$_TBUF_'.
Successfully finished Verilog frontend.

95.2. Continuing TECHMAP pass.
No more expansions possible.
<suppressed ~3 debug messages>

96. Executing SIMPLEMAP pass (map simple cells to gate primitives).
[INFO] Applying latch mapping from '/home/edabk/.volare/volare/sky130/versions/0fe599b2afb6708d281543108caf8310912f54af/sky130A/libs.tech/openlane/sky130_fd_sc_hd/latch_map.v'…

97. Executing TECHMAP pass (map to technology primitives).

97.1. Executing Verilog-2005 frontend: /home/edabk/.volare/volare/sky130/versions/0fe599b2afb6708d281543108caf8310912f54af/sky130A/libs.tech/openlane/sky130_fd_sc_hd/latch_map.v
Parsing Verilog input from `/home/edabk/.volare/volare/sky130/versions/0fe599b2afb6708d281543108caf8310912f54af/sky130A/libs.tech/openlane/sky130_fd_sc_hd/latch_map.v' to AST representation.
Generating RTLIL representation for module `\$_DLATCH_P_'.
Generating RTLIL representation for module `\$_DLATCH_N_'.
Successfully finished Verilog frontend.

97.2. Continuing TECHMAP pass.
No more expansions possible.
<suppressed ~4 debug messages>

98. Executing SIMPLEMAP pass (map simple cells to gate primitives).

99. Executing DFFLIBMAP pass (mapping DFF cells to sequential cells from liberty file).
  cell sky130_fd_sc_hd__dfxtp_2 (noninv, pins=3, area=21.27) is a direct match for cell type $_DFF_P_.
  cell sky130_fd_sc_hd__dfrtp_2 (noninv, pins=4, area=26.28) is a direct match for cell type $_DFF_PN0_.
  cell sky130_fd_sc_hd__dfstp_2 (noninv, pins=4, area=26.28) is a direct match for cell type $_DFF_PN1_.
  cell sky130_fd_sc_hd__dfbbn_2 (noninv, pins=6, area=35.03) is a direct match for cell type $_DFFSR_NNN_.
  final dff cell mappings:
    unmapped dff cell: $_DFF_N_
    \sky130_fd_sc_hd__dfxtp_2 _DFF_P_ (.CLK( C), .D( D), .Q( Q));
    unmapped dff cell: $_DFF_NN0_
    unmapped dff cell: $_DFF_NN1_
    unmapped dff cell: $_DFF_NP0_
    unmapped dff cell: $_DFF_NP1_
    \sky130_fd_sc_hd__dfrtp_2 _DFF_PN0_ (.CLK( C), .D( D), .Q( Q), .RESET_B( R));
    \sky130_fd_sc_hd__dfstp_2 _DFF_PN1_ (.CLK( C), .D( D), .Q( Q), .SET_B( R));
    unmapped dff cell: $_DFF_PP0_
    unmapped dff cell: $_DFF_PP1_
    \sky130_fd_sc_hd__dfbbn_2 _DFFSR_NNN_ (.CLK_N( C), .D( D), .Q( Q), .Q_N(~Q), .RESET_B( R), .SET_B( S));
    unmapped dff cell: $_DFFSR_NNP_
    unmapped dff cell: $_DFFSR_NPN_
    unmapped dff cell: $_DFFSR_NPP_
    unmapped dff cell: $_DFFSR_PNN_
    unmapped dff cell: $_DFFSR_PNP_
    unmapped dff cell: $_DFFSR_PPN_
    unmapped dff cell: $_DFFSR_PPP_

99.1. Executing DFFLEGALIZE pass (convert FFs to types supported by the target).
Mapping DFF cells in module `\Controller':
  mapped 6 $_DFF_PN0_ cells to \sky130_fd_sc_hd__dfrtp_2 cells.
{
   "creator": "Yosys 0.46 (git sha1 e97731b9dda91fa5fa53ed87df7c34163ba59a41, clang++ 17.0.6 -fPIC -O3)",
   "invocation": "stat -json -liberty /home/edabk/Desktop/Tu67/MARCO_ultra/Controller/runs/RUN_2026-01-21_18-57-50/tmp/65975218b9ea459fb1ca398a93c1a775.lib ",
   "modules": {
      "\\Controller": {
         "num_wires":         30,
         "num_wire_bits":     38,
         "num_pub_wires":     8,
         "num_pub_wire_bits": 13,
         "num_ports":         5,
         "num_port_bits":     5,
         "num_memories":      0,
         "num_memory_bits":   0,
         "num_processes":     0,
         "num_cells":         35,
         "area":              157.651200,
         "num_cells_by_type": {
            "$_ANDNOT_": 13,
            "$_AND_": 1,
            "$_MUX_": 1,
            "$_NAND_": 2,
            "$_NOR_": 1,
            "$_NOT_": 2,
            "$_ORNOT_": 2,
            "$_OR_": 4,
            "$_XOR_": 3,
            "sky130_fd_sc_hd__dfrtp_2": 6
         }
      }
   },
      "design": {
         "num_wires":         30,
         "num_wire_bits":     38,
         "num_pub_wires":     8,
         "num_pub_wire_bits": 13,
         "num_ports":         5,
         "num_port_bits":     5,
         "num_memories":      0,
         "num_memory_bits":   0,
         "num_processes":     0,
         "num_cells":         35,
         "area":              157.651200,
         "num_cells_by_type": {
            "$_ANDNOT_": 13,
            "$_AND_": 1,
            "$_MUX_": 1,
            "$_NAND_": 2,
            "$_NOR_": 1,
            "$_NOT_": 2,
            "$_ORNOT_": 2,
            "$_OR_": 4,
            "$_XOR_": 3,
            "sky130_fd_sc_hd__dfrtp_2": 6
         }
      }
}

100. Printing statistics.

=== Controller ===

   Number of wires:                 30
   Number of wire bits:             38
   Number of public wires:           8
   Number of public wire bits:      13
   Number of ports:                  5
   Number of port bits:              5
   Number of memories:               0
   Number of memory bits:            0
   Number of processes:              0
   Number of cells:                 35
     $_ANDNOT_                      13
     $_AND_                          1
     $_MUX_                          1
     $_NAND_                         2
     $_NOR_                          1
     $_NOT_                          2
     $_ORNOT_                        2
     $_OR_                           4
     $_XOR_                          3
     sky130_fd_sc_hd__dfrtp_2        6

   Area for cell type $_NOT_ is unknown!
   Area for cell type $_AND_ is unknown!
   Area for cell type $_NAND_ is unknown!
   Area for cell type $_OR_ is unknown!
   Area for cell type $_NOR_ is unknown!
   Area for cell type $_XOR_ is unknown!
   Area for cell type $_ANDNOT_ is unknown!
   Area for cell type $_ORNOT_ is unknown!
   Area for cell type $_MUX_ is unknown!

   Chip area for module '\Controller': 157.651200
     of which used for sequential elements: 157.651200 (100.00%)

[INFO] Using generated ABC script '/home/edabk/Desktop/Tu67/MARCO_ultra/Controller/runs/RUN_2026-01-21_18-57-50/06-yosys-synthesis/AREA_0.abc'…

101. Executing ABC pass (technology mapping using ABC).

101.1. Extracting gate netlist of module `\Controller' to `/tmp/yosys-abc-zRod76/input.blif'..
Extracted 29 gates and 36 wires to a netlist network with 7 inputs and 8 outputs.

101.1.1. Executing ABC.
Running ABC command: "/nix/store/6l3aj1gi4lja8z5s4lan2k2cfz9mqkrz-yosys-abc/bin/abc" -s -f /tmp/yosys-abc-zRod76/abc.script 2>&1
ABC: ABC command line: "source /tmp/yosys-abc-zRod76/abc.script".
ABC: 
ABC: + read_blif /tmp/yosys-abc-zRod76/input.blif 
ABC: + read_lib -w /home/edabk/Desktop/Tu67/MARCO_ultra/Controller/runs/RUN_2026-01-21_18-57-50/tmp/65975218b9ea459fb1ca398a93c1a775.lib 
ABC: Parsing finished successfully.  Parsing time =     0.04 sec
ABC: Scl_LibertyReadGenlib() skipped sequential cell "sky130_fd_sc_hd__dfbbn_2".
ABC: Scl_LibertyReadGenlib() skipped sequential cell "sky130_fd_sc_hd__dfrbp_2".
ABC: Scl_LibertyReadGenlib() skipped sequential cell "sky130_fd_sc_hd__dfrtp_2".
ABC: Scl_LibertyReadGenlib() skipped sequential cell "sky130_fd_sc_hd__dfrtp_4".
ABC: Scl_LibertyReadGenlib() skipped sequential cell "sky130_fd_sc_hd__dfsbp_2".
ABC: Scl_LibertyReadGenlib() skipped sequential cell "sky130_fd_sc_hd__dfstp_2".
ABC: Scl_LibertyReadGenlib() skipped sequential cell "sky130_fd_sc_hd__dfstp_4".
ABC: Scl_LibertyReadGenlib() skipped sequential cell "sky130_fd_sc_hd__dfxbp_2".
ABC: Scl_LibertyReadGenlib() skipped sequential cell "sky130_fd_sc_hd__dfxtp_2".
ABC: Scl_LibertyReadGenlib() skipped sequential cell "sky130_fd_sc_hd__dfxtp_4".
ABC: Scl_LibertyReadGenlib() skipped sequential cell "sky130_fd_sc_hd__dlxtn_1".
ABC: Scl_LibertyReadGenlib() skipped sequential cell "sky130_fd_sc_hd__dlxtn_2".
ABC: Scl_LibertyReadGenlib() skipped sequential cell "sky130_fd_sc_hd__dlxtn_4".
ABC: Scl_LibertyReadGenlib() skipped sequential cell "sky130_fd_sc_hd__dlxtp_1".
ABC: Scl_LibertyReadGenlib() skipped three-state cell "sky130_fd_sc_hd__ebufn_2".
ABC: Scl_LibertyReadGenlib() skipped three-state cell "sky130_fd_sc_hd__ebufn_4".
ABC: Scl_LibertyReadGenlib() skipped three-state cell "sky130_fd_sc_hd__ebufn_8".
ABC: Library "sky130_fd_sc_hd__tt_025C_1v80" from "/home/edabk/Desktop/Tu67/MARCO_ultra/Controller/runs/RUN_2026-01-21_18-57-50/tmp/65975218b9ea459fb1ca398a93c1a775.lib" has 175 cells (17 skipped: 14 seq; 3 tri-state; 0 no func; 0 dont_use).  Time =     0.06 sec
ABC: Memory =    9.54 MB. Time =     0.06 sec
ABC: Warning: Detected 2 multi-output gates (for example, "sky130_fd_sc_hd__fa_1").
ABC: + read_constr -v /home/edabk/Desktop/Tu67/MARCO_ultra/Controller/runs/RUN_2026-01-21_18-57-50/06-yosys-synthesis/synthesis.abc.sdc 
ABC: Setting driving cell to be "sky130_fd_sc_hd__inv_2/Y".
ABC: Setting output load to be 33.442001.
ABC: + source /home/edabk/Desktop/Tu67/MARCO_ultra/Controller/runs/RUN_2026-01-21_18-57-50/06-yosys-synthesis/AREA_0.abc 
ABC: Error: The network is combinational.
ABC: Cannot find the default PI driving cell (sky130_fd_sc_hd__inv_2/Y) in the library.
ABC: WireLoad = "none"  Gates =     17 (  5.9 %)   Cap = 16.0 ff (  3.7 %)   Area =      138.88 ( 88.2 %)   Delay =   785.35 ps  ( 11.8 %)               
ABC: Path  0 --       6 : 0    5 pi                        A =   0.00  Df =   0.0   -0.0 ps  S =   0.0 ps  Cin =  0.0 ff  Cout =  14.3 ff  Cmax =   0.0 ff  G =    0  
ABC: Path  1 --      31 : 2    2 sky130_fd_sc_hd__and2b_2  A =   8.76  Df = 309.6  -34.4 ps  S = 196.8 ps  Cin =  1.6 ff  Cout =  38.1 ff  Cmax = 310.4 ff  G = 2384  
ABC: Path  2 --      32 : 4    1 sky130_fd_sc_hd__a211oi_2 A =  12.51  Df = 785.3 -342.1 ps  S = 619.7 ps  Cin =  4.4 ff  Cout =  33.4 ff  Cmax =  88.8 ff  G =  767  
ABC: Start-point = pi5 (\state [0]).  End-point = po7 (\clr_me).
ABC: netlist                       : i/o =    7/    8  lat =    0  nd =    17  edge =     44  area =138.91  delay = 2.00  lev = 2
ABC: + write_blif /tmp/yosys-abc-zRod76/output.blif 

101.1.2. Re-integrating ABC results.
ABC RESULTS:   sky130_fd_sc_hd__inv_2 cells:        1
ABC RESULTS:   sky130_fd_sc_hd__nand2b_2 cells:        1
ABC RESULTS:   sky130_fd_sc_hd__nor2_2 cells:        1
ABC RESULTS:   sky130_fd_sc_hd__or2_2 cells:        1
ABC RESULTS:   sky130_fd_sc_hd__nand2_2 cells:        1
ABC RESULTS:   sky130_fd_sc_hd__a21o_2 cells:        1
ABC RESULTS:   sky130_fd_sc_hd__nand3_2 cells:        1
ABC RESULTS:   sky130_fd_sc_hd__and3_2 cells:        3
ABC RESULTS:   sky130_fd_sc_hd__and4b_2 cells:        1
ABC RESULTS:   sky130_fd_sc_hd__or3b_2 cells:        1
ABC RESULTS:   sky130_fd_sc_hd__o21ai_2 cells:        1
ABC RESULTS:   sky130_fd_sc_hd__and2_2 cells:        1
ABC RESULTS:   sky130_fd_sc_hd__and2b_2 cells:        2
ABC RESULTS:   sky130_fd_sc_hd__a211oi_2 cells:        1
ABC RESULTS:        internal signals:       21
ABC RESULTS:           input signals:        7
ABC RESULTS:          output signals:        8
Removing temp directory.

102. Executing SETUNDEF pass (replace undef values with defined constants).

103. Executing HILOMAP pass (mapping to constant drivers).

104. Executing SPLITNETS pass (splitting up multi-bit signals).

105. Executing OPT_CLEAN pass (remove unused cells and wires).
Finding unused cells or wires in module \Controller..
Removed 0 unused cells and 36 unused wires.
<suppressed ~1 debug messages>

106. Executing INSBUF pass (insert buffer cells for connected wires).

107. Executing CHECK pass (checking for obvious problems).
Checking module Controller...
Found and reported 0 problems.
{
   "creator": "Yosys 0.46 (git sha1 e97731b9dda91fa5fa53ed87df7c34163ba59a41, clang++ 17.0.6 -fPIC -O3)",
   "invocation": "stat -json -liberty /home/edabk/Desktop/Tu67/MARCO_ultra/Controller/runs/RUN_2026-01-21_18-57-50/tmp/65975218b9ea459fb1ca398a93c1a775.lib ",
   "modules": {
      "\\Controller": {
         "num_wires":         26,
         "num_wire_bits":     26,
         "num_pub_wires":     13,
         "num_pub_wire_bits": 13,
         "num_ports":         5,
         "num_port_bits":     5,
         "num_memories":      0,
         "num_memory_bits":   0,
         "num_processes":     0,
         "num_cells":         23,
         "area":              296.534400,
         "num_cells_by_type": {
            "sky130_fd_sc_hd__a211oi_2": 1,
            "sky130_fd_sc_hd__a21o_2": 1,
            "sky130_fd_sc_hd__and2_2": 1,
            "sky130_fd_sc_hd__and2b_2": 2,
            "sky130_fd_sc_hd__and3_2": 3,
            "sky130_fd_sc_hd__and4b_2": 1,
            "sky130_fd_sc_hd__dfrtp_2": 6,
            "sky130_fd_sc_hd__inv_2": 1,
            "sky130_fd_sc_hd__nand2_2": 1,
            "sky130_fd_sc_hd__nand2b_2": 1,
            "sky130_fd_sc_hd__nand3_2": 1,
            "sky130_fd_sc_hd__nor2_2": 1,
            "sky130_fd_sc_hd__o21ai_2": 1,
            "sky130_fd_sc_hd__or2_2": 1,
            "sky130_fd_sc_hd__or3b_2": 1
         }
      }
   },
      "design": {
         "num_wires":         26,
         "num_wire_bits":     26,
         "num_pub_wires":     13,
         "num_pub_wire_bits": 13,
         "num_ports":         5,
         "num_port_bits":     5,
         "num_memories":      0,
         "num_memory_bits":   0,
         "num_processes":     0,
         "num_cells":         23,
         "area":              296.534400,
         "num_cells_by_type": {
            "sky130_fd_sc_hd__a211oi_2": 1,
            "sky130_fd_sc_hd__a21o_2": 1,
            "sky130_fd_sc_hd__and2_2": 1,
            "sky130_fd_sc_hd__and2b_2": 2,
            "sky130_fd_sc_hd__and3_2": 3,
            "sky130_fd_sc_hd__and4b_2": 1,
            "sky130_fd_sc_hd__dfrtp_2": 6,
            "sky130_fd_sc_hd__inv_2": 1,
            "sky130_fd_sc_hd__nand2_2": 1,
            "sky130_fd_sc_hd__nand2b_2": 1,
            "sky130_fd_sc_hd__nand3_2": 1,
            "sky130_fd_sc_hd__nor2_2": 1,
            "sky130_fd_sc_hd__o21ai_2": 1,
            "sky130_fd_sc_hd__or2_2": 1,
            "sky130_fd_sc_hd__or3b_2": 1
         }
      }
}

108. Printing statistics.

=== Controller ===

   Number of wires:                 26
   Number of wire bits:             26
   Number of public wires:          13
   Number of public wire bits:      13
   Number of ports:                  5
   Number of port bits:              5
   Number of memories:               0
   Number of memory bits:            0
   Number of processes:              0
   Number of cells:                 23
     sky130_fd_sc_hd__a211oi_2       1
     sky130_fd_sc_hd__a21o_2         1
     sky130_fd_sc_hd__and2_2         1
     sky130_fd_sc_hd__and2b_2        2
     sky130_fd_sc_hd__and3_2         3
     sky130_fd_sc_hd__and4b_2        1
     sky130_fd_sc_hd__dfrtp_2        6
     sky130_fd_sc_hd__inv_2          1
     sky130_fd_sc_hd__nand2_2        1
     sky130_fd_sc_hd__nand2b_2       1
     sky130_fd_sc_hd__nand3_2        1
     sky130_fd_sc_hd__nor2_2         1
     sky130_fd_sc_hd__o21ai_2        1
     sky130_fd_sc_hd__or2_2          1
     sky130_fd_sc_hd__or3b_2         1

   Chip area for module '\Controller': 296.534400
     of which used for sequential elements: 157.651200 (53.16%)

109. Executing Verilog backend.
Dumping module `\Controller'.

110. Executing JSON backend.
