Clock: clk
Sources: clk 
Generated: no
Virtual: yes
Propagated: no
Period: 100.000000

===========================================================================
report_clock_properties
============================================================================
Clock                   Period          Waveform
----------------------------------------------------
clk                 100.000000    0.000000 50.000000

===========================================================================
report_clock_latency
============================================================================
Clock clk
rise -> rise
    min     max
0.000000 0.000000 source latency
0.217837         network latency _303_/CLK
        0.220532 network latency _299_/CLK
---------------
0.217837 0.220532 latency
        0.002695 skew

fall -> fall
    min     max
0.000000 0.000000 source latency
0.209713         network latency _303_/CLK
        0.212133 network latency _299_/CLK
---------------
0.209713 0.212133 latency
        0.002419 skew



===========================================================================
report_clock_min_period
============================================================================
clk period_min = 1.83 fmax = 547.08
