
===========================================================================
report_checks -unconstrained
===========================================================================
======================= nom_ss_100C_1v60 Corner ===================================

Startpoint: rst_n (input port clocked by clk)
Endpoint: _288_ (recovery check against rising-edge clock clk)
Path Group: asynchronous
Path Type: max

Fanout         Cap        Slew       Delay        Time   Description
---------------------------------------------------------------------------------------------
                      0.150000    0.000000    0.000000   clock clk (rise edge)
                                  0.000000    0.000000   clock network delay (ideal)
                                 20.000000   20.000000 ^ input external delay
    16    0.052208    0.378043    0.261020   20.261021 ^ rst_n (in)
                                                         rst_n (net)
                      0.378043    0.000000   20.261021 ^ _288_/RESET_B (sky130_fd_sc_hd__dfrtp_2)
                                             20.261021   data arrival time

                      0.150000  100.000000  100.000000   clock clk (rise edge)
                                  0.000000  100.000000   clock network delay (ideal)
                                 -0.250000   99.750000   clock uncertainty
                                  0.000000   99.750000   clock reconvergence pessimism
                                             99.750000 ^ _288_/CLK (sky130_fd_sc_hd__dfrtp_2)
                                  0.340368  100.090370   library recovery time
                                            100.090370   data required time
---------------------------------------------------------------------------------------------
                                            100.090370   data required time
                                            -20.261021   data arrival time
---------------------------------------------------------------------------------------------
                                             79.829353   slack (MET)


Startpoint: bm_10_01[1] (input port clocked by clk)
Endpoint: servivor_select_01 (output port clocked by clk)
Path Group: clk
Path Type: max

Fanout         Cap        Slew       Delay        Time   Description
---------------------------------------------------------------------------------------------
                      0.150000    0.000000    0.000000   clock clk (rise edge)
                                  0.000000    0.000000   clock network delay (ideal)
                                 20.000000   20.000000 v input external delay
     2    0.009375    0.045854    0.029397   20.029398 v bm_10_01[1] (in)
                                                         bm_10_01[1] (net)
                      0.045854    0.000000   20.029398 v _203_/B (sky130_fd_sc_hd__xor2_2)
     2    0.010502    0.159781    0.285077   20.314474 v _203_/X (sky130_fd_sc_hd__xor2_2)
                                                         _030_ (net)
                      0.159781    0.000000   20.314474 v _204_/A3 (sky130_fd_sc_hd__a31o_2)
     3    0.014293    0.117371    0.545994   20.860468 v _204_/X (sky130_fd_sc_hd__a31o_2)
                                                         _031_ (net)
                      0.117371    0.000000   20.860468 v _205_/C (sky130_fd_sc_hd__and3_2)
     3    0.007815    0.098443    0.487900   21.348368 v _205_/X (sky130_fd_sc_hd__and3_2)
                                                         _032_ (net)
                      0.098443    0.000000   21.348368 v _214_/A (sky130_fd_sc_hd__or4_2)
     4    0.011130    0.285042    1.678096   23.026463 v _214_/X (sky130_fd_sc_hd__or4_2)
                                                         _041_ (net)
                      0.285042    0.000000   23.026463 v _229_/A1 (sky130_fd_sc_hd__a31oi_2)
     4    0.040870    0.887441    0.806775   23.833239 ^ _229_/Y (sky130_fd_sc_hd__a31oi_2)
                                                         servivor_select_01 (net)
                      0.887441    0.000000   23.833239 ^ servivor_select_01 (out)
                                             23.833239   data arrival time

                      0.150000  100.000000  100.000000   clock clk (rise edge)
                                  0.000000  100.000000   clock network delay (ideal)
                                 -0.250000   99.750000   clock uncertainty
                                  0.000000   99.750000   clock reconvergence pessimism
                                -20.000000   79.750000   output external delay
                                             79.750000   data required time
---------------------------------------------------------------------------------------------
                                             79.750000   data required time
                                            -23.833239   data arrival time
---------------------------------------------------------------------------------------------
                                             55.916759   slack (MET)




===========================================================================
report_checks --slack_max -0.01
============================================================================
======================= nom_ss_100C_1v60 Corner ===================================

No paths found.


===========================================================================
 report_check_types -max_slew -max_cap -max_fanout -violators
============================================================================
======================= nom_ss_100C_1v60 Corner ===================================

max slew

Pin                                        Limit        Slew       Slack
------------------------------------------------------------------------
servivor_select_10                      0.750000    0.887457   -0.137457 (VIOLATED)
_200_/Y                                 0.750000    0.887457   -0.137457 (VIOLATED)
_275_/A2                                0.750000    0.887457   -0.137457 (VIOLATED)
_277_/A2                                0.750000    0.887457   -0.137457 (VIOLATED)
_279_/A2                                0.750000    0.887457   -0.137457 (VIOLATED)
servivor_select_01                      0.750000    0.887441   -0.137441 (VIOLATED)
_229_/Y                                 0.750000    0.887441   -0.137441 (VIOLATED)
_268_/A2                                0.750000    0.887441   -0.137441 (VIOLATED)
_270_/A2                                0.750000    0.887441   -0.137441 (VIOLATED)
_272_/A2                                0.750000    0.887441   -0.137441 (VIOLATED)

max fanout

Pin                                   Limit Fanout  Slack
---------------------------------------------------------
rst_n                                    10     16     -6 (VIOLATED)
_142_/Y                                  10     16     -6 (VIOLATED)



===========================================================================
report_parasitic_annotation -report_unannotated
============================================================================
Found 181 unannotated drivers.
 bm_00_00[0]
 bm_00_00[1]
 bm_00_10[0]
 bm_00_10[1]
 bm_01_00[0]
 bm_01_00[1]
 bm_01_10[0]
 bm_01_10[1]
 bm_10_01[0]
 bm_10_01[1]
 bm_10_11[0]
 bm_10_11[1]
 bm_11_01[0]
 bm_11_01[1]
 bm_11_11[0]
 bm_11_11[1]
 clk
 clr_me
 rst_n
 _142_/Y
 _143_/X
 _144_/X
 _145_/X
 _146_/Y
 _147_/X
 _148_/X
 _149_/Y
 _150_/Y
 _151_/X
 _152_/Y
 _153_/X
 _154_/X
 _155_/X
 _156_/Y
 _157_/Y
 _158_/Y
 _159_/X
 _160_/Y
 _161_/Y
 _162_/Y
 _163_/Y
 _164_/X
 _165_/X
 _166_/X
 _167_/X
 _168_/Y
 _169_/X
 _170_/Y
 _171_/Y
 _172_/Y
 _173_/X
 _174_/Y
 _175_/X
 _176_/X
 _177_/X
 _178_/Y
 _179_/Y
 _180_/Y
 _181_/Y
 _182_/Y
 _183_/X
 _184_/Y
 _185_/Y
 _186_/Y
 _187_/Y
 _188_/X
 _189_/Y
 _190_/Y
 _191_/Y
 _192_/Y
 _193_/Y
 _194_/X
 _195_/X
 _196_/X
 _197_/Y
 _198_/X
 _199_/Y
 _200_/Y
 _201_/X
 _202_/Y
 _203_/X
 _204_/X
 _205_/X
 _206_/Y
 _207_/Y
 _208_/Y
 _209_/Y
 _210_/Y
 _211_/Y
 _212_/X
 _213_/Y
 _214_/X
 _215_/X
 _216_/Y
 _217_/Y
 _218_/X
 _219_/X
 _220_/Y
 _221_/X
 _222_/X
 _223_/X
 _224_/Y
 _225_/Y
 _226_/Y
 _227_/X
 _228_/X
 _229_/Y
 _230_/X
 _231_/X
 _232_/X
 _233_/Y
 _234_/X
 _235_/X
 _236_/Y
 _237_/Y
 _238_/X
 _239_/Y
 _240_/X
 _241_/X
 _242_/X
 _243_/Y
 _244_/Y
 _245_/Y
 _246_/X
 _247_/Y
 _248_/Y
 _249_/Y
 _250_/Y
 _251_/X
 _252_/X
 _253_/X
 _254_/X
 _255_/Y
 _256_/X
 _257_/Y
 _258_/Y
 _259_/Y
 _260_/X
 _261_/X
 _262_/X
 _263_/X
 _264_/X
 _265_/X
 _266_/X
 _267_/X
 _268_/X
 _269_/X
 _270_/X
 _271_/X
 _272_/X
 _273_/X
 _274_/X
 _275_/X
 _276_/X
 _277_/X
 _278_/X
 _279_/X
 _280_/X
 _281_/X
 _282_/X
 _283_/X
 _284_/X
 _285_/X
 _286_/X
 _287_/X
 _288_/Q
 _289_/Q
 _290_/Q
 _291_/Q
 _292_/Q
 _293_/Q
 _294_/Q
 _295_/Q
 _296_/Q
 _297_/Q
 _298_/Q
 _299_/Q
 _300_/Q
 _301_/Q
 _302_/Q
 _303_/Q
Found 0 partially unannotated drivers.

===========================================================================
max slew violation count 10
max fanout violation count 2
max cap violation count 0
============================================================================

===========================================================================
check_setup -verbose -unconstrained_endpoints -multiple_clock -no_clock -no_input_delay -loops -generated_clocks
===========================================================================
