Clock: clk
Sources: clk 
Generated: no
Virtual: no
Propagated: no
Period: 100.000000

===========================================================================
report_clock_properties
============================================================================
Clock                   Period          Waveform
----------------------------------------------------
clk                 100.000000    0.000000 50.000000

===========================================================================
report_clock_latency
============================================================================
Clock clk
rise -> rise
    min     max
0.000000 0.000000 source latency
0.143323         network latency _288_/CLK
        0.143323 network latency _288_/CLK
---------------
0.143323 0.143323 latency
        0.000000 skew

fall -> fall
    min     max
0.000000 0.000000 source latency
0.079609         network latency _288_/CLK
        0.079609 network latency _288_/CLK
---------------
0.079609 0.079609 latency
        0.000000 skew



===========================================================================
report_clock_min_period
============================================================================
clk period_min = 5.97 fmax = 167.63
