Reading timing models for corner nom_ff_n40C_1v95…
Reading cell library for the 'nom_ff_n40C_1v95' corner at '/home/edabk/.volare/volare/sky130/versions/0fe599b2afb6708d281543108caf8310912f54af/sky130A/libs.ref/sky130_fd_sc_hd/lib/sky130_fd_sc_hd__ff_n40C_1v95.lib'…
Reading top-level netlist at '/home/edabk/Desktop/Tu67/MARCO_ultra/Maximum_Path_Memory/runs/Maximum_Path_Memory_run/06-yosys-synthesis/Maximum_Path_Memory.nl.v'…
Linking design 'Maximum_Path_Memory' from netlist…
Reading design constraints file at '/nix/store/h0ldzjka94yryiq8yxbxmwargpnmwhx6-python3-3.11.9-env/lib/python3.11/site-packages/openlane/scripts/base.sdc'…
Warning: base.sdc line 15, port '__VIRTUAL_CLK__' not found.
[INFO] Using clock __VIRTUAL_CLK__…
[INFO] Setting output delay to: 2
[INFO] Setting input delay to: 2
Warning: base.sdc line 32, port '__VIRTUAL_CLK__' not found.
[INFO] Setting load to: 0.033442
[INFO] Setting clock uncertainty to: 0.25
[INFO] Setting clock transition to: 0.1499999999999999944488848768742172978818416595458984375
Warning: base.sdc line 69, transition time can not be specified for virtual clocks.
[INFO] Setting timing derate to: 5%
%OL_CREATE_REPORT min.rpt

===========================================================================
report_checks -path_delay min (Hold)
============================================================================
======================= nom_ff_n40C_1v95 Corner ===================================

Startpoint: prev_10[3] (input port clocked by __VIRTUAL_CLK__)
Endpoint: winner_state[1] (output port clocked by __VIRTUAL_CLK__)
Path Group: __VIRTUAL_CLK__
Path Type: min

Fanout         Cap        Slew       Delay        Time   Description
---------------------------------------------------------------------------------------------
                      0.000000    0.000000    0.000000   clock __VIRTUAL_CLK__ (rise edge)
                                  0.000000    0.000000   clock network delay (ideal)
                                  2.000000    2.000000 ^ input external delay
     4    0.010322    0.040553    0.025810    2.025810 ^ prev_10[3] (in)
                                                         prev_10[3] (net)
                      0.040553    0.000000    2.025810 ^ _59_/A (sky130_fd_sc_hd__nand2_2)
     3    0.008904    0.031468    0.034823    2.060632 v _59_/Y (sky130_fd_sc_hd__nand2_2)
                                                         _20_ (net)
                      0.031468    0.000000    2.060632 v _77_/B (sky130_fd_sc_hd__nand2b_2)
     1    0.004594    0.030848    0.044042    2.104675 ^ _77_/Y (sky130_fd_sc_hd__nand2b_2)
                                                         _38_ (net)
                      0.030848    0.000000    2.104675 ^ _78_/B1 (sky130_fd_sc_hd__o21ai_2)
     2    0.036882    0.078577    0.070210    2.174884 v _78_/Y (sky130_fd_sc_hd__o21ai_2)
                                                         winner_state[1] (net)
                      0.078577    0.000000    2.174884 v winner_state[1] (out)
                                              2.174884   data arrival time

                      0.000000    0.000000    0.000000   clock __VIRTUAL_CLK__ (rise edge)
                                  0.000000    0.000000   clock network delay (ideal)
                                  0.250000    0.250000   clock uncertainty
                                  0.000000    0.250000   clock reconvergence pessimism
                                 -2.000000   -1.750000   output external delay
                                             -1.750000   data required time
---------------------------------------------------------------------------------------------
                                             -1.750000   data required time
                                             -2.174884   data arrival time
---------------------------------------------------------------------------------------------
                                              3.924884   slack (MET)


Startpoint: prev_11[3] (input port clocked by __VIRTUAL_CLK__)
Endpoint: winner_state[0] (output port clocked by __VIRTUAL_CLK__)
Path Group: __VIRTUAL_CLK__
Path Type: min

Fanout         Cap        Slew       Delay        Time   Description
---------------------------------------------------------------------------------------------
                      0.000000    0.000000    0.000000   clock __VIRTUAL_CLK__ (rise edge)
                                  0.000000    0.000000   clock network delay (ideal)
                                  2.000000    2.000000 v input external delay
     4    0.011452    0.018818    0.011470    2.011470 v prev_11[3] (in)
                                                         prev_11[3] (net)
                      0.018818    0.000000    2.011470 v _39_/A (sky130_fd_sc_hd__inv_2)
     1    0.002569    0.014972    0.022178    2.033648 ^ _39_/Y (sky130_fd_sc_hd__inv_2)
                                                         _00_ (net)
                      0.014972    0.000000    2.033648 ^ _64_/A2 (sky130_fd_sc_hd__o221a_2)
     4    0.013127    0.063900    0.119895    2.153543 ^ _64_/X (sky130_fd_sc_hd__o221a_2)
                                                         _25_ (net)
                      0.063900    0.000000    2.153543 ^ _79_/A1 (sky130_fd_sc_hd__mux2_1)
     1    0.033442    0.225049    0.220413    2.373956 ^ _79_/X (sky130_fd_sc_hd__mux2_1)
                                                         winner_state[0] (net)
                      0.225049    0.000000    2.373956 ^ winner_state[0] (out)
                                              2.373956   data arrival time

                      0.000000    0.000000    0.000000   clock __VIRTUAL_CLK__ (rise edge)
                                  0.000000    0.000000   clock network delay (ideal)
                                  0.250000    0.250000   clock uncertainty
                                  0.000000    0.250000   clock reconvergence pessimism
                                 -2.000000   -1.750000   output external delay
                                             -1.750000   data required time
---------------------------------------------------------------------------------------------
                                             -1.750000   data required time
                                             -2.373956   data arrival time
---------------------------------------------------------------------------------------------
                                              4.123956   slack (MET)



%OL_END_REPORT
%OL_CREATE_REPORT max.rpt

===========================================================================
report_checks -path_delay max (Setup)
============================================================================
======================= nom_ff_n40C_1v95 Corner ===================================

Startpoint: prev_10[3] (input port clocked by __VIRTUAL_CLK__)
Endpoint: winner_state[0] (output port clocked by __VIRTUAL_CLK__)
Path Group: __VIRTUAL_CLK__
Path Type: max

Fanout         Cap        Slew       Delay        Time   Description
---------------------------------------------------------------------------------------------
                      0.000000    0.000000    0.000000   clock __VIRTUAL_CLK__ (rise edge)
                                  0.000000    0.000000   clock network delay (ideal)
                                  2.000000    2.000000 v input external delay
     4    0.009585    0.015770    0.009374    2.009374 v prev_10[3] (in)
                                                         prev_10[3] (net)
                      0.015770    0.000000    2.009374 v _60_/A (sky130_fd_sc_hd__or2_2)
     2    0.004455    0.041164    0.169727    2.179101 v _60_/X (sky130_fd_sc_hd__or2_2)
                                                         _21_ (net)
                      0.041164    0.000000    2.179101 v _63_/A2 (sky130_fd_sc_hd__a211o_2)
     1    0.002288    0.032176    0.198476    2.377577 v _63_/X (sky130_fd_sc_hd__a211o_2)
                                                         _24_ (net)
                      0.032176    0.000000    2.377577 v _64_/C1 (sky130_fd_sc_hd__o221a_2)
     4    0.012216    0.049716    0.090517    2.468095 v _64_/X (sky130_fd_sc_hd__o221a_2)
                                                         _25_ (net)
                      0.049716    0.000000    2.468095 v _72_/S (sky130_fd_sc_hd__mux2_1)
     2    0.004389    0.045545    0.192740    2.660835 v _72_/X (sky130_fd_sc_hd__mux2_1)
                                                         _33_ (net)
                      0.045545    0.000000    2.660835 v _76_/A3 (sky130_fd_sc_hd__a311o_2)
     1    0.004128    0.042467    0.239243    2.900078 v _76_/X (sky130_fd_sc_hd__a311o_2)
                                                         _37_ (net)
                      0.042467    0.000000    2.900078 v _78_/A2 (sky130_fd_sc_hd__o21ai_2)
     2    0.037128    0.315111    0.251584    3.151662 ^ _78_/Y (sky130_fd_sc_hd__o21ai_2)
                                                         winner_state[1] (net)
                      0.315111    0.000000    3.151662 ^ _79_/S (sky130_fd_sc_hd__mux2_1)
     1    0.033442    0.137955    0.295048    3.446711 v _79_/X (sky130_fd_sc_hd__mux2_1)
                                                         winner_state[0] (net)
                      0.137955    0.000000    3.446711 v winner_state[0] (out)
                                              3.446711   data arrival time

                      0.000000   10.000000   10.000000   clock __VIRTUAL_CLK__ (rise edge)
                                  0.000000   10.000000   clock network delay (ideal)
                                 -0.250000    9.750000   clock uncertainty
                                  0.000000    9.750000   clock reconvergence pessimism
                                 -2.000000    7.750000   output external delay
                                              7.750000   data required time
---------------------------------------------------------------------------------------------
                                              7.750000   data required time
                                             -3.446711   data arrival time
---------------------------------------------------------------------------------------------
                                              4.303289   slack (MET)


Startpoint: prev_10[3] (input port clocked by __VIRTUAL_CLK__)
Endpoint: winner_state[1] (output port clocked by __VIRTUAL_CLK__)
Path Group: __VIRTUAL_CLK__
Path Type: max

Fanout         Cap        Slew       Delay        Time   Description
---------------------------------------------------------------------------------------------
                      0.000000    0.000000    0.000000   clock __VIRTUAL_CLK__ (rise edge)
                                  0.000000    0.000000   clock network delay (ideal)
                                  2.000000    2.000000 v input external delay
     4    0.009585    0.015770    0.009374    2.009374 v prev_10[3] (in)
                                                         prev_10[3] (net)
                      0.015770    0.000000    2.009374 v _60_/A (sky130_fd_sc_hd__or2_2)
     2    0.004455    0.041164    0.169727    2.179101 v _60_/X (sky130_fd_sc_hd__or2_2)
                                                         _21_ (net)
                      0.041164    0.000000    2.179101 v _63_/A2 (sky130_fd_sc_hd__a211o_2)
     1    0.002288    0.032176    0.198476    2.377577 v _63_/X (sky130_fd_sc_hd__a211o_2)
                                                         _24_ (net)
                      0.032176    0.000000    2.377577 v _64_/C1 (sky130_fd_sc_hd__o221a_2)
     4    0.012216    0.049716    0.090517    2.468095 v _64_/X (sky130_fd_sc_hd__o221a_2)
                                                         _25_ (net)
                      0.049716    0.000000    2.468095 v _72_/S (sky130_fd_sc_hd__mux2_1)
     2    0.004389    0.045545    0.192740    2.660835 v _72_/X (sky130_fd_sc_hd__mux2_1)
                                                         _33_ (net)
                      0.045545    0.000000    2.660835 v _76_/A3 (sky130_fd_sc_hd__a311o_2)
     1    0.004128    0.042467    0.239243    2.900078 v _76_/X (sky130_fd_sc_hd__a311o_2)
                                                         _37_ (net)
                      0.042467    0.000000    2.900078 v _78_/A2 (sky130_fd_sc_hd__o21ai_2)
     2    0.037128    0.315111    0.251584    3.151662 ^ _78_/Y (sky130_fd_sc_hd__o21ai_2)
                                                         winner_state[1] (net)
                      0.315111    0.000000    3.151662 ^ winner_state[1] (out)
                                              3.151662   data arrival time

                      0.000000   10.000000   10.000000   clock __VIRTUAL_CLK__ (rise edge)
                                  0.000000   10.000000   clock network delay (ideal)
                                 -0.250000    9.750000   clock uncertainty
                                  0.000000    9.750000   clock reconvergence pessimism
                                 -2.000000    7.750000   output external delay
                                              7.750000   data required time
---------------------------------------------------------------------------------------------
                                              7.750000   data required time
                                             -3.151662   data arrival time
---------------------------------------------------------------------------------------------
                                              4.598338   slack (MET)



%OL_END_REPORT
%OL_CREATE_REPORT checks.rpt

===========================================================================
report_checks -unconstrained
===========================================================================
======================= nom_ff_n40C_1v95 Corner ===================================

Startpoint: prev_10[3] (input port clocked by __VIRTUAL_CLK__)
Endpoint: winner_state[0] (output port clocked by __VIRTUAL_CLK__)
Path Group: __VIRTUAL_CLK__
Path Type: max

Fanout         Cap        Slew       Delay        Time   Description
---------------------------------------------------------------------------------------------
                      0.000000    0.000000    0.000000   clock __VIRTUAL_CLK__ (rise edge)
                                  0.000000    0.000000   clock network delay (ideal)
                                  2.000000    2.000000 v input external delay
     4    0.009585    0.015770    0.009374    2.009374 v prev_10[3] (in)
                                                         prev_10[3] (net)
                      0.015770    0.000000    2.009374 v _60_/A (sky130_fd_sc_hd__or2_2)
     2    0.004455    0.041164    0.169727    2.179101 v _60_/X (sky130_fd_sc_hd__or2_2)
                                                         _21_ (net)
                      0.041164    0.000000    2.179101 v _63_/A2 (sky130_fd_sc_hd__a211o_2)
     1    0.002288    0.032176    0.198476    2.377577 v _63_/X (sky130_fd_sc_hd__a211o_2)
                                                         _24_ (net)
                      0.032176    0.000000    2.377577 v _64_/C1 (sky130_fd_sc_hd__o221a_2)
     4    0.012216    0.049716    0.090517    2.468095 v _64_/X (sky130_fd_sc_hd__o221a_2)
                                                         _25_ (net)
                      0.049716    0.000000    2.468095 v _72_/S (sky130_fd_sc_hd__mux2_1)
     2    0.004389    0.045545    0.192740    2.660835 v _72_/X (sky130_fd_sc_hd__mux2_1)
                                                         _33_ (net)
                      0.045545    0.000000    2.660835 v _76_/A3 (sky130_fd_sc_hd__a311o_2)
     1    0.004128    0.042467    0.239243    2.900078 v _76_/X (sky130_fd_sc_hd__a311o_2)
                                                         _37_ (net)
                      0.042467    0.000000    2.900078 v _78_/A2 (sky130_fd_sc_hd__o21ai_2)
     2    0.037128    0.315111    0.251584    3.151662 ^ _78_/Y (sky130_fd_sc_hd__o21ai_2)
                                                         winner_state[1] (net)
                      0.315111    0.000000    3.151662 ^ _79_/S (sky130_fd_sc_hd__mux2_1)
     1    0.033442    0.137955    0.295048    3.446711 v _79_/X (sky130_fd_sc_hd__mux2_1)
                                                         winner_state[0] (net)
                      0.137955    0.000000    3.446711 v winner_state[0] (out)
                                              3.446711   data arrival time

                      0.000000   10.000000   10.000000   clock __VIRTUAL_CLK__ (rise edge)
                                  0.000000   10.000000   clock network delay (ideal)
                                 -0.250000    9.750000   clock uncertainty
                                  0.000000    9.750000   clock reconvergence pessimism
                                 -2.000000    7.750000   output external delay
                                              7.750000   data required time
---------------------------------------------------------------------------------------------
                                              7.750000   data required time
                                             -3.446711   data arrival time
---------------------------------------------------------------------------------------------
                                              4.303289   slack (MET)




===========================================================================
report_checks --slack_max -0.01
============================================================================
======================= nom_ff_n40C_1v95 Corner ===================================

No paths found.


===========================================================================
 report_check_types -max_slew -max_cap -max_fanout -violators
============================================================================
======================= nom_ff_n40C_1v95 Corner ===================================



===========================================================================
report_parasitic_annotation -report_unannotated
============================================================================
Found 57 unannotated drivers.
 prev_00[0]
 prev_00[1]
 prev_00[2]
 prev_00[3]
 prev_01[0]
 prev_01[1]
 prev_01[2]
 prev_01[3]
 prev_10[0]
 prev_10[1]
 prev_10[2]
 prev_10[3]
 prev_11[0]
 prev_11[1]
 prev_11[2]
 prev_11[3]
 _39_/Y
 _40_/Y
 _41_/Y
 _42_/Y
 _43_/Y
 _44_/X
 _45_/Y
 _46_/Y
 _47_/Y
 _48_/Y
 _49_/X
 _50_/X
 _51_/X
 _52_/X
 _53_/X
 _54_/X
 _55_/X
 _56_/Y
 _57_/Y
 _58_/Y
 _59_/Y
 _60_/X
 _61_/X
 _62_/X
 _63_/X
 _64_/X
 _65_/X
 _66_/Y
 _67_/X
 _68_/X
 _69_/Y
 _70_/Y
 _71_/Y
 _72_/X
 _73_/X
 _74_/Y
 _75_/X
 _76_/X
 _77_/Y
 _78_/Y
 _79_/X
Found 0 partially unannotated drivers.

===========================================================================
max slew violation count 0
%OL_METRIC_I design__max_slew_violation__count__corner:nom_ff_n40C_1v95 0
max fanout violation count 0
%OL_METRIC_I design__max_fanout_violation__count__corner:nom_ff_n40C_1v95 0
max cap violation count 0
%OL_METRIC_I design__max_cap_violation__count__corner:nom_ff_n40C_1v95 0
============================================================================

===========================================================================
check_setup -verbose -unconstrained_endpoints -multiple_clock -no_clock -no_input_delay -loops -generated_clocks
===========================================================================
%OL_END_REPORT
%OL_CREATE_REPORT power.rpt

===========================================================================
 report_power
============================================================================
======================= nom_ff_n40C_1v95 Corner ===================================

Group                    Internal    Switching      Leakage        Total
                            Power        Power        Power        Power (Watts)
------------------------------------------------------------------------
Sequential           0.000000e+00 0.000000e+00 0.000000e+00 0.000000e+00   0.0%
Combinational        1.098210e-05 1.133564e-05 3.281917e-10 2.231807e-05 100.0%
Clock                0.000000e+00 0.000000e+00 0.000000e+00 0.000000e+00   0.0%
Macro                0.000000e+00 0.000000e+00 0.000000e+00 0.000000e+00   0.0%
Pad                  0.000000e+00 0.000000e+00 0.000000e+00 0.000000e+00   0.0%
------------------------------------------------------------------------
Total                1.098210e-05 1.133564e-05 3.281917e-10 2.231807e-05 100.0%
                            49.2%        50.8%         0.0%
%OL_METRIC_F power__internal__total 1.0982103958667722e-5
%OL_METRIC_F power__switching__total 1.1335636372677982e-5
%OL_METRIC_F power__leakage__total 3.28191696041813e-10
%OL_METRIC_F power__total 2.2318068658933043e-5

%OL_END_REPORT
%OL_CREATE_REPORT skew.min.rpt

===========================================================================
Clock Skew (Hold)
============================================================================
%OL_METRIC_F clock__skew__worst_hold__corner:nom_ff_n40C_1v95 0.0
======================= nom_ff_n40C_1v95 Corner ===================================

Clock __VIRTUAL_CLK__
No launch/capture paths found.

%OL_END_REPORT
%OL_CREATE_REPORT skew.max.rpt

===========================================================================
Clock Skew (Setup)
============================================================================
%OL_METRIC_F clock__skew__worst_setup__corner:nom_ff_n40C_1v95 0.0
======================= nom_ff_n40C_1v95 Corner ===================================

Clock __VIRTUAL_CLK__
No launch/capture paths found.

%OL_END_REPORT
%OL_CREATE_REPORT ws.min.rpt

===========================================================================
Worst Slack (Hold)
============================================================================
%OL_METRIC_F timing__hold__ws__corner:nom_ff_n40C_1v95 3.924884084386278
nom_ff_n40C_1v95: 3.924884084386278
%OL_END_REPORT
%OL_CREATE_REPORT ws.max.rpt

===========================================================================
Worst Slack (Setup)
============================================================================
%OL_METRIC_F timing__setup__ws__corner:nom_ff_n40C_1v95 4.3032894021770804
nom_ff_n40C_1v95: 4.3032894021770804
%OL_END_REPORT
%OL_CREATE_REPORT tns.min.rpt

===========================================================================
Total Negative Slack (Hold)
============================================================================
%OL_METRIC_F timing__hold__tns__corner:nom_ff_n40C_1v95 0.0
nom_ff_n40C_1v95: 0.0
%OL_END_REPORT
%OL_CREATE_REPORT tns.max.rpt

===========================================================================
Total Negative Slack (Setup)
============================================================================
%OL_METRIC_F timing__setup__tns__corner:nom_ff_n40C_1v95 0.0
nom_ff_n40C_1v95: 0.0
%OL_END_REPORT
%OL_CREATE_REPORT wns.min.rpt

===========================================================================
Worst Negative Slack (Hold)
============================================================================
%OL_METRIC_F timing__hold__wns__corner:nom_ff_n40C_1v95 0
nom_ff_n40C_1v95: 0
%OL_END_REPORT
%OL_CREATE_REPORT wns.max.rpt

===========================================================================
Worst Negative Slack (Setup)
============================================================================
%OL_METRIC_F timing__setup__wns__corner:nom_ff_n40C_1v95 0.0
nom_ff_n40C_1v95: 0.0
%OL_END_REPORT
%OL_CREATE_REPORT violator_list.rpt

===========================================================================
Violator List
============================================================================
%OL_METRIC_I timing__hold_vio__count__corner:nom_ff_n40C_1v95 0
%OL_METRIC_F timing__hold_r2r__ws__corner:nom_ff_n40C_1v95 inf
%OL_METRIC_I timing__hold_r2r_vio__count__corner:nom_ff_n40C_1v95 0
%OL_METRIC_I timing__setup_vio__count__corner:nom_ff_n40C_1v95 0
%OL_METRIC_F timing__setup_r2r__ws__corner:nom_ff_n40C_1v95 inf
%OL_METRIC_I timing__setup_r2r_vio__count__corner:nom_ff_n40C_1v95 0
%OL_END_REPORT
%OL_CREATE_REPORT unpropagated.rpt
__VIRTUAL_CLK__
%OL_END_REPORT
%OL_CREATE_REPORT clock.rpt
Clock: __VIRTUAL_CLK__
Sources: 
Generated: no
Virtual: yes
Propagated: no
Period: 10.000000

===========================================================================
report_clock_properties
============================================================================
Clock                   Period          Waveform
----------------------------------------------------
__VIRTUAL_CLK__      10.000000    0.000000  5.000000

===========================================================================
report_clock_latency
============================================================================
Clock __VIRTUAL_CLK__


===========================================================================
report_clock_min_period
============================================================================
__VIRTUAL_CLK__ period_min = 0.00 fmax = inf
%OL_END_REPORT
Writing SDF files for all corners…
