Clock: clk
Sources: clk 
Generated: no
Virtual: yes
Propagated: no
Period: 100.000000

===========================================================================
report_clock_properties
============================================================================
Clock                   Period          Waveform
----------------------------------------------------
clk                 100.000000    0.000000 50.000000

===========================================================================
report_clock_latency
============================================================================
Clock clk
rise -> rise
    min     max
0.000000 0.000000 source latency
0.239629         network latency _096_/CLK
        0.246070 network latency _101_/CLK
---------------
0.239629 0.246070 latency
        0.006442 skew

fall -> fall
    min     max
0.000000 0.000000 source latency
0.225008         network latency _096_/CLK
        0.231129 network latency _101_/CLK
---------------
0.225008 0.231129 latency
        0.006121 skew



===========================================================================
report_clock_min_period
============================================================================
clk period_min = 1.47 fmax = 680.62
