Reading timing models for corner nom_tt_025C_1v80…
Reading timing library for the 'nom_tt_025C_1v80' corner at '/home/edabk/.volare/volare/sky130/versions/0fe599b2afb6708d281543108caf8310912f54af/sky130A/libs.ref/sky130_fd_sc_hd/lib/sky130_fd_sc_hd__tt_025C_1v80.lib'…
Reading timing models for corner nom_ff_n40C_1v95…
Reading timing library for the 'nom_ff_n40C_1v95' corner at '/home/edabk/.volare/volare/sky130/versions/0fe599b2afb6708d281543108caf8310912f54af/sky130A/libs.ref/sky130_fd_sc_hd/lib/sky130_fd_sc_hd__ff_n40C_1v95.lib'…
Reading timing models for corner nom_ss_100C_1v60…
Reading timing library for the 'nom_ss_100C_1v60' corner at '/home/edabk/.volare/volare/sky130/versions/0fe599b2afb6708d281543108caf8310912f54af/sky130A/libs.ref/sky130_fd_sc_hd/lib/sky130_fd_sc_hd__ss_100C_1v60.lib'…
Reading OpenROAD database at '/home/edabk/Desktop/Tu67/MARCO_ultra/Maximum_Path_Memory/runs/Maximum_Path_Memory_run/33-openroad-detailedplacement/Maximum_Path_Memory.odb'…
Reading design constraints file at '/nix/store/h0ldzjka94yryiq8yxbxmwargpnmwhx6-python3-3.11.9-env/lib/python3.11/site-packages/openlane/scripts/base.sdc'…
[WARNING STA-0366] port '__VIRTUAL_CLK__' not found.
[INFO] Using clock __VIRTUAL_CLK__…
[INFO] Setting output delay to: 2
[INFO] Setting input delay to: 2
[WARNING STA-0366] port '__VIRTUAL_CLK__' not found.
[INFO] Setting load to: 0.033442
[INFO] Setting clock uncertainty to: 0.25
[INFO] Setting clock transition to: 0.1499999999999999944488848768742172978818416595458984375
[WARNING STA-0419] transition time can not be specified for virtual clocks.
[INFO] Setting timing derate to: 5%
[WARNING STA-0450] virtual clock __VIRTUAL_CLK__ can not be propagated.
[WARNING STA-0450] virtual clock __VIRTUAL_CLK__ can not be propagated.
[INFO] Setting RC values…
[INFO RSZ-0098] No setup violations found
[INFO RSZ-0033] No hold violations found.
Placement Analysis
---------------------------------
total displacement          0.0 u
average displacement        0.0 u
max displacement            0.0 u
original HPWL            1004.1 u
legalized HPWL           1052.5 u
delta HPWL                    5 %

[INFO DPL-0020] Mirrored 31 instances
[INFO DPL-0021] HPWL before            1052.5 u
[INFO DPL-0022] HPWL after             1004.1 u
[INFO DPL-0023] HPWL delta               -4.6 %
[INFO] Setting RC values…
Setting global connections for newly added cells…
[INFO] Setting global connections...
Updating metrics…
Cell type report:                       Count       Area
  Fill cell                                28     105.10
  Tap cell                                 48      60.06
  Timing Repair Buffer                     18      70.07
  Inverter                                  5      18.77
  Multi-Input combinational cell           36     272.76
  Total                                   135     526.76
Writing OpenROAD database to '/home/edabk/Desktop/Tu67/MARCO_ultra/Maximum_Path_Memory/runs/Maximum_Path_Memory_run/36-openroad-resizertimingpostcts/Maximum_Path_Memory.odb'…
Writing netlist to '/home/edabk/Desktop/Tu67/MARCO_ultra/Maximum_Path_Memory/runs/Maximum_Path_Memory_run/36-openroad-resizertimingpostcts/Maximum_Path_Memory.nl.v'…
Writing powered netlist to '/home/edabk/Desktop/Tu67/MARCO_ultra/Maximum_Path_Memory/runs/Maximum_Path_Memory_run/36-openroad-resizertimingpostcts/Maximum_Path_Memory.pnl.v'…
Writing layout to '/home/edabk/Desktop/Tu67/MARCO_ultra/Maximum_Path_Memory/runs/Maximum_Path_Memory_run/36-openroad-resizertimingpostcts/Maximum_Path_Memory.def'…
Writing timing constraints to '/home/edabk/Desktop/Tu67/MARCO_ultra/Maximum_Path_Memory/runs/Maximum_Path_Memory_run/36-openroad-resizertimingpostcts/Maximum_Path_Memory.sdc'…
