
===========================================================================
report_checks -unconstrained
===========================================================================
======================= nom_tt_025C_1v80 Corner ===================================

Startpoint: received[1] (input port clocked by __VIRTUAL_CLK__)
Endpoint: bm_01_10[0] (output port clocked by __VIRTUAL_CLK__)
Path Group: __VIRTUAL_CLK__
Path Type: max

Fanout         Cap        Slew       Delay        Time   Description
---------------------------------------------------------------------------------------------
                      0.000000    0.000000    0.000000   clock __VIRTUAL_CLK__ (rise edge)
                                  0.000000    0.000000   clock network delay (ideal)
                                  2.000000    2.000000 ^ input external delay
     1    0.002846    0.019929    0.010481    2.010480 ^ received[1] (in)
                                                         received[1] (net)
                      0.019929    0.000000    2.010480 ^ input2/A (sky130_fd_sc_hd__clkbuf_2)
     6    0.026408    0.147957    0.168690    2.179171 ^ input2/X (sky130_fd_sc_hd__clkbuf_2)
                                                         net2 (net)
                      0.147995    0.001944    2.181115 ^ _02_/B (sky130_fd_sc_hd__xor2_1)
     4    0.013335    0.300083    0.297387    2.478502 ^ _02_/X (sky130_fd_sc_hd__xor2_1)
                                                         net3 (net)
                      0.300083    0.000245    2.478747 ^ _09_/A (sky130_fd_sc_hd__clkbuf_1)
     1    0.002446    0.043355    0.122679    2.601427 ^ _09_/X (sky130_fd_sc_hd__clkbuf_1)
                                                         net9 (net)
                      0.043357    0.000072    2.601499 ^ output9/A (sky130_fd_sc_hd__buf_2)
     1    0.034741    0.172372    0.198864    2.800364 ^ output9/X (sky130_fd_sc_hd__buf_2)
                                                         bm_01_10[0] (net)
                      0.172373    0.000726    2.801090 ^ bm_01_10[0] (out)
                                              2.801090   data arrival time

                      0.000000   10.000000   10.000000   clock __VIRTUAL_CLK__ (rise edge)
                                  0.000000   10.000000   clock network delay (ideal)
                                 -0.250000    9.750000   clock uncertainty
                                  0.000000    9.750000   clock reconvergence pessimism
                                 -2.000000    7.750000   output external delay
                                              7.750000   data required time
---------------------------------------------------------------------------------------------
                                              7.750000   data required time
                                             -2.801090   data arrival time
---------------------------------------------------------------------------------------------
                                              4.948910   slack (MET)




===========================================================================
report_checks --slack_max -0.01
============================================================================
======================= nom_tt_025C_1v80 Corner ===================================

No paths found.


===========================================================================
 report_check_types -max_slew -max_cap -max_fanout -violators
============================================================================
======================= nom_tt_025C_1v80 Corner ===================================



===========================================================================
report_parasitic_annotation -report_unannotated
============================================================================
Found 0 unannotated drivers.
Found 0 partially unannotated drivers.

===========================================================================
max slew violation count 0
max fanout violation count 0
max cap violation count 0
============================================================================

===========================================================================
check_setup -verbose -unconstrained_endpoints -multiple_clock -no_clock -no_input_delay -loops -generated_clocks
===========================================================================
