
===========================================================================
report_checks -path_delay max (Setup)
============================================================================
======================= nom_tt_025C_1v80 Corner ===================================

Startpoint: received[1] (input port clocked by __VIRTUAL_CLK__)
Endpoint: bm_01_10[0] (output port clocked by __VIRTUAL_CLK__)
Path Group: __VIRTUAL_CLK__
Path Type: max

Fanout         Cap        Slew       Delay        Time   Description
---------------------------------------------------------------------------------------------
                      0.000000    0.000000    0.000000   clock __VIRTUAL_CLK__ (rise edge)
                                  0.000000    0.000000   clock network delay (ideal)
                                  2.000000    2.000000 ^ input external delay
     1    0.002846    0.019929    0.010481    2.010480 ^ received[1] (in)
                                                         received[1] (net)
                      0.019929    0.000000    2.010480 ^ input2/A (sky130_fd_sc_hd__clkbuf_2)
     6    0.026408    0.147957    0.168690    2.179171 ^ input2/X (sky130_fd_sc_hd__clkbuf_2)
                                                         net2 (net)
                      0.147995    0.001944    2.181115 ^ _02_/B (sky130_fd_sc_hd__xor2_1)
     4    0.013335    0.300083    0.297387    2.478502 ^ _02_/X (sky130_fd_sc_hd__xor2_1)
                                                         net3 (net)
                      0.300083    0.000245    2.478747 ^ _09_/A (sky130_fd_sc_hd__clkbuf_1)
     1    0.002446    0.043355    0.122679    2.601427 ^ _09_/X (sky130_fd_sc_hd__clkbuf_1)
                                                         net9 (net)
                      0.043357    0.000072    2.601499 ^ output9/A (sky130_fd_sc_hd__buf_2)
     1    0.034741    0.172372    0.198864    2.800364 ^ output9/X (sky130_fd_sc_hd__buf_2)
                                                         bm_01_10[0] (net)
                      0.172373    0.000726    2.801090 ^ bm_01_10[0] (out)
                                              2.801090   data arrival time

                      0.000000   10.000000   10.000000   clock __VIRTUAL_CLK__ (rise edge)
                                  0.000000   10.000000   clock network delay (ideal)
                                 -0.250000    9.750000   clock uncertainty
                                  0.000000    9.750000   clock reconvergence pessimism
                                 -2.000000    7.750000   output external delay
                                              7.750000   data required time
---------------------------------------------------------------------------------------------
                                              7.750000   data required time
                                             -2.801090   data arrival time
---------------------------------------------------------------------------------------------
                                              4.948910   slack (MET)


Startpoint: received[1] (input port clocked by __VIRTUAL_CLK__)
Endpoint: bm_00_10[0] (output port clocked by __VIRTUAL_CLK__)
Path Group: __VIRTUAL_CLK__
Path Type: max

Fanout         Cap        Slew       Delay        Time   Description
---------------------------------------------------------------------------------------------
                      0.000000    0.000000    0.000000   clock __VIRTUAL_CLK__ (rise edge)
                                  0.000000    0.000000   clock network delay (ideal)
                                  2.000000    2.000000 ^ input external delay
     1    0.002846    0.019929    0.010481    2.010480 ^ received[1] (in)
                                                         received[1] (net)
                      0.019929    0.000000    2.010480 ^ input2/A (sky130_fd_sc_hd__clkbuf_2)
     6    0.026408    0.147957    0.168690    2.179171 ^ input2/X (sky130_fd_sc_hd__clkbuf_2)
                                                         net2 (net)
                      0.147995    0.001944    2.181115 ^ _02_/B (sky130_fd_sc_hd__xor2_1)
     4    0.013335    0.300083    0.297387    2.478502 ^ _02_/X (sky130_fd_sc_hd__xor2_1)
                                                         net3 (net)
                      0.300083    0.000390    2.478893 ^ _06_/A (sky130_fd_sc_hd__clkbuf_1)
     1    0.002127    0.040281    0.119950    2.598843 ^ _06_/X (sky130_fd_sc_hd__clkbuf_1)
                                                         net5 (net)
                      0.040281    0.000061    2.598903 ^ output5/A (sky130_fd_sc_hd__buf_2)
     1    0.034076    0.169267    0.195539    2.794443 ^ output5/X (sky130_fd_sc_hd__buf_2)
                                                         bm_00_10[0] (net)
                      0.169267    0.000637    2.795080 ^ bm_00_10[0] (out)
                                              2.795080   data arrival time

                      0.000000   10.000000   10.000000   clock __VIRTUAL_CLK__ (rise edge)
                                  0.000000   10.000000   clock network delay (ideal)
                                 -0.250000    9.750000   clock uncertainty
                                  0.000000    9.750000   clock reconvergence pessimism
                                 -2.000000    7.750000   output external delay
                                              7.750000   data required time
---------------------------------------------------------------------------------------------
                                              7.750000   data required time
                                             -2.795080   data arrival time
---------------------------------------------------------------------------------------------
                                              4.954920   slack (MET)


Startpoint: received[1] (input port clocked by __VIRTUAL_CLK__)
Endpoint: bm_01_00[0] (output port clocked by __VIRTUAL_CLK__)
Path Group: __VIRTUAL_CLK__
Path Type: max

Fanout         Cap        Slew       Delay        Time   Description
---------------------------------------------------------------------------------------------
                      0.000000    0.000000    0.000000   clock __VIRTUAL_CLK__ (rise edge)
                                  0.000000    0.000000   clock network delay (ideal)
                                  2.000000    2.000000 ^ input external delay
     1    0.002846    0.019929    0.010481    2.010480 ^ received[1] (in)
                                                         received[1] (net)
                      0.019929    0.000000    2.010480 ^ input2/A (sky130_fd_sc_hd__clkbuf_2)
     6    0.026408    0.147957    0.168690    2.179171 ^ input2/X (sky130_fd_sc_hd__clkbuf_2)
                                                         net2 (net)
                      0.147995    0.001944    2.181115 ^ _02_/B (sky130_fd_sc_hd__xor2_1)
     4    0.013335    0.300083    0.297387    2.478502 ^ _02_/X (sky130_fd_sc_hd__xor2_1)
                                                         net3 (net)
                      0.300083    0.000296    2.478798 ^ _07_/A (sky130_fd_sc_hd__clkbuf_1)
     1    0.001953    0.038635    0.118473    2.597271 ^ _07_/X (sky130_fd_sc_hd__clkbuf_1)
                                                         net7 (net)
                      0.038635    0.000037    2.597308 ^ output7/A (sky130_fd_sc_hd__buf_2)
     1    0.034019    0.169004    0.194728    2.792037 ^ output7/X (sky130_fd_sc_hd__buf_2)
                                                         bm_01_00[0] (net)
                      0.169004    0.000626    2.792663 ^ bm_01_00[0] (out)
                                              2.792663   data arrival time

                      0.000000   10.000000   10.000000   clock __VIRTUAL_CLK__ (rise edge)
                                  0.000000   10.000000   clock network delay (ideal)
                                 -0.250000    9.750000   clock uncertainty
                                  0.000000    9.750000   clock reconvergence pessimism
                                 -2.000000    7.750000   output external delay
                                              7.750000   data required time
---------------------------------------------------------------------------------------------
                                              7.750000   data required time
                                             -2.792663   data arrival time
---------------------------------------------------------------------------------------------
                                              4.957337   slack (MET)


Startpoint: received[0] (input port clocked by __VIRTUAL_CLK__)
Endpoint: bm_11_11[0] (output port clocked by __VIRTUAL_CLK__)
Path Group: __VIRTUAL_CLK__
Path Type: max

Fanout         Cap        Slew       Delay        Time   Description
---------------------------------------------------------------------------------------------
                      0.000000    0.000000    0.000000   clock __VIRTUAL_CLK__ (rise edge)
                                  0.000000    0.000000   clock network delay (ideal)
                                  2.000000    2.000000 v input external delay
     1    0.002691    0.008372    0.004253    2.004253 v received[0] (in)
                                                         received[0] (net)
                      0.008372    0.000000    2.004253 v input1/A (sky130_fd_sc_hd__clkbuf_2)
     6    0.024859    0.099328    0.146241    2.150495 v input1/X (sky130_fd_sc_hd__clkbuf_2)
                                                         net1 (net)
                      0.099362    0.001728    2.152223 v _03_/A (sky130_fd_sc_hd__xnor2_1)
     4    0.012312    0.302687    0.309407    2.461629 ^ _03_/Y (sky130_fd_sc_hd__xnor2_1)
                                                         net11 (net)
                      0.302688    0.000374    2.462003 ^ _14_/A (sky130_fd_sc_hd__clkbuf_1)
     1    0.002718    0.046067    0.125184    2.587187 ^ _14_/X (sky130_fd_sc_hd__clkbuf_1)
                                                         net17 (net)
                      0.046067    0.000084    2.587271 ^ output17/A (sky130_fd_sc_hd__buf_2)
     1    0.034419    0.170863    0.198845    2.786116 ^ output17/X (sky130_fd_sc_hd__buf_2)
                                                         bm_11_11[0] (net)
                      0.170863    0.000712    2.786827 ^ bm_11_11[0] (out)
                                              2.786827   data arrival time

                      0.000000   10.000000   10.000000   clock __VIRTUAL_CLK__ (rise edge)
                                  0.000000   10.000000   clock network delay (ideal)
                                 -0.250000    9.750000   clock uncertainty
                                  0.000000    9.750000   clock reconvergence pessimism
                                 -2.000000    7.750000   output external delay
                                              7.750000   data required time
---------------------------------------------------------------------------------------------
                                              7.750000   data required time
                                             -2.786827   data arrival time
---------------------------------------------------------------------------------------------
                                              4.963173   slack (MET)


Startpoint: received[0] (input port clocked by __VIRTUAL_CLK__)
Endpoint: bm_10_11[0] (output port clocked by __VIRTUAL_CLK__)
Path Group: __VIRTUAL_CLK__
Path Type: max

Fanout         Cap        Slew       Delay        Time   Description
---------------------------------------------------------------------------------------------
                      0.000000    0.000000    0.000000   clock __VIRTUAL_CLK__ (rise edge)
                                  0.000000    0.000000   clock network delay (ideal)
                                  2.000000    2.000000 v input external delay
     1    0.002691    0.008372    0.004253    2.004253 v received[0] (in)
                                                         received[0] (net)
                      0.008372    0.000000    2.004253 v input1/A (sky130_fd_sc_hd__clkbuf_2)
     6    0.024859    0.099328    0.146241    2.150495 v input1/X (sky130_fd_sc_hd__clkbuf_2)
                                                         net1 (net)
                      0.099362    0.001728    2.152223 v _03_/A (sky130_fd_sc_hd__xnor2_1)
     4    0.012312    0.302687    0.309407    2.461629 ^ _03_/Y (sky130_fd_sc_hd__xnor2_1)
                                                         net11 (net)
                      0.302687    0.000254    2.461883 ^ _11_/A (sky130_fd_sc_hd__clkbuf_1)
     1    0.002145    0.040497    0.120273    2.582156 ^ _11_/X (sky130_fd_sc_hd__clkbuf_1)
                                                         net13 (net)
                      0.040497    0.000061    2.582217 ^ output13/A (sky130_fd_sc_hd__buf_2)
     1    0.034578    0.171609    0.197273    2.779490 ^ output13/X (sky130_fd_sc_hd__buf_2)
                                                         bm_10_11[0] (net)
                      0.171609    0.000661    2.780152 ^ bm_10_11[0] (out)
                                              2.780152   data arrival time

                      0.000000   10.000000   10.000000   clock __VIRTUAL_CLK__ (rise edge)
                                  0.000000   10.000000   clock network delay (ideal)
                                 -0.250000    9.750000   clock uncertainty
                                  0.000000    9.750000   clock reconvergence pessimism
                                 -2.000000    7.750000   output external delay
                                              7.750000   data required time
---------------------------------------------------------------------------------------------
                                              7.750000   data required time
                                             -2.780152   data arrival time
---------------------------------------------------------------------------------------------
                                              4.969849   slack (MET)


Startpoint: received[0] (input port clocked by __VIRTUAL_CLK__)
Endpoint: bm_11_01[0] (output port clocked by __VIRTUAL_CLK__)
Path Group: __VIRTUAL_CLK__
Path Type: max

Fanout         Cap        Slew       Delay        Time   Description
---------------------------------------------------------------------------------------------
                      0.000000    0.000000    0.000000   clock __VIRTUAL_CLK__ (rise edge)
                                  0.000000    0.000000   clock network delay (ideal)
                                  2.000000    2.000000 v input external delay
     1    0.002691    0.008372    0.004253    2.004253 v received[0] (in)
                                                         received[0] (net)
                      0.008372    0.000000    2.004253 v input1/A (sky130_fd_sc_hd__clkbuf_2)
     6    0.024859    0.099328    0.146241    2.150495 v input1/X (sky130_fd_sc_hd__clkbuf_2)
                                                         net1 (net)
                      0.099362    0.001728    2.152223 v _03_/A (sky130_fd_sc_hd__xnor2_1)
     4    0.012312    0.302687    0.309407    2.461629 ^ _03_/Y (sky130_fd_sc_hd__xnor2_1)
                                                         net11 (net)
                      0.302688    0.000339    2.461968 ^ _12_/A (sky130_fd_sc_hd__clkbuf_1)
     1    0.002249    0.041495    0.121165    2.583134 ^ _12_/X (sky130_fd_sc_hd__clkbuf_1)
                                                         net15 (net)
                      0.041495    0.000064    2.583198 ^ output15/A (sky130_fd_sc_hd__buf_2)
     1    0.034022    0.169014    0.195834    2.779033 ^ output15/X (sky130_fd_sc_hd__buf_2)
                                                         bm_11_01[0] (net)
                      0.169014    0.000627    2.779659 ^ bm_11_01[0] (out)
                                              2.779659   data arrival time

                      0.000000   10.000000   10.000000   clock __VIRTUAL_CLK__ (rise edge)
                                  0.000000   10.000000   clock network delay (ideal)
                                 -0.250000    9.750000   clock uncertainty
                                  0.000000    9.750000   clock reconvergence pessimism
                                 -2.000000    7.750000   output external delay
                                              7.750000   data required time
---------------------------------------------------------------------------------------------
                                              7.750000   data required time
                                             -2.779659   data arrival time
---------------------------------------------------------------------------------------------
                                              4.970341   slack (MET)


Startpoint: received[1] (input port clocked by __VIRTUAL_CLK__)
Endpoint: bm_00_00[0] (output port clocked by __VIRTUAL_CLK__)
Path Group: __VIRTUAL_CLK__
Path Type: max

Fanout         Cap        Slew       Delay        Time   Description
---------------------------------------------------------------------------------------------
                      0.000000    0.000000    0.000000   clock __VIRTUAL_CLK__ (rise edge)
                                  0.000000    0.000000   clock network delay (ideal)
                                  2.000000    2.000000 ^ input external delay
     1    0.002846    0.019929    0.010481    2.010480 ^ received[1] (in)
                                                         received[1] (net)
                      0.019929    0.000000    2.010480 ^ input2/A (sky130_fd_sc_hd__clkbuf_2)
     6    0.026408    0.147957    0.168690    2.179171 ^ input2/X (sky130_fd_sc_hd__clkbuf_2)
                                                         net2 (net)
                      0.147995    0.001944    2.181115 ^ _02_/B (sky130_fd_sc_hd__xor2_1)
     4    0.013335    0.300083    0.297387    2.478502 ^ _02_/X (sky130_fd_sc_hd__xor2_1)
                                                         net3 (net)
                      0.300083    0.000417    2.478919 ^ output3/A (sky130_fd_sc_hd__buf_2)
     1    0.034673    0.172810    0.273893    2.752812 ^ output3/X (sky130_fd_sc_hd__buf_2)
                                                         bm_00_00[0] (net)
                      0.172811    0.000849    2.753661 ^ bm_00_00[0] (out)
                                              2.753661   data arrival time

                      0.000000   10.000000   10.000000   clock __VIRTUAL_CLK__ (rise edge)
                                  0.000000   10.000000   clock network delay (ideal)
                                 -0.250000    9.750000   clock uncertainty
                                  0.000000    9.750000   clock reconvergence pessimism
                                 -2.000000    7.750000   output external delay
                                              7.750000   data required time
---------------------------------------------------------------------------------------------
                                              7.750000   data required time
                                             -2.753661   data arrival time
---------------------------------------------------------------------------------------------
                                              4.996338   slack (MET)


Startpoint: received[0] (input port clocked by __VIRTUAL_CLK__)
Endpoint: bm_10_01[0] (output port clocked by __VIRTUAL_CLK__)
Path Group: __VIRTUAL_CLK__
Path Type: max

Fanout         Cap        Slew       Delay        Time   Description
---------------------------------------------------------------------------------------------
                      0.000000    0.000000    0.000000   clock __VIRTUAL_CLK__ (rise edge)
                                  0.000000    0.000000   clock network delay (ideal)
                                  2.000000    2.000000 v input external delay
     1    0.002691    0.008372    0.004253    2.004253 v received[0] (in)
                                                         received[0] (net)
                      0.008372    0.000000    2.004253 v input1/A (sky130_fd_sc_hd__clkbuf_2)
     6    0.024859    0.099328    0.146241    2.150495 v input1/X (sky130_fd_sc_hd__clkbuf_2)
                                                         net1 (net)
                      0.099362    0.001728    2.152223 v _03_/A (sky130_fd_sc_hd__xnor2_1)
     4    0.012312    0.302687    0.309407    2.461629 ^ _03_/Y (sky130_fd_sc_hd__xnor2_1)
                                                         net11 (net)
                      0.302687    0.000212    2.461842 ^ output11/A (sky130_fd_sc_hd__buf_2)
     1    0.033999    0.169693    0.272230    2.734072 ^ output11/X (sky130_fd_sc_hd__buf_2)
                                                         bm_10_01[0] (net)
                      0.169693    0.000616    2.734688 ^ bm_10_01[0] (out)
                                              2.734688   data arrival time

                      0.000000   10.000000   10.000000   clock __VIRTUAL_CLK__ (rise edge)
                                  0.000000   10.000000   clock network delay (ideal)
                                 -0.250000    9.750000   clock uncertainty
                                  0.000000    9.750000   clock reconvergence pessimism
                                 -2.000000    7.750000   output external delay
                                              7.750000   data required time
---------------------------------------------------------------------------------------------
                                              7.750000   data required time
                                             -2.734688   data arrival time
---------------------------------------------------------------------------------------------
                                              5.015312   slack (MET)


Startpoint: received[1] (input port clocked by __VIRTUAL_CLK__)
Endpoint: bm_11_11[1] (output port clocked by __VIRTUAL_CLK__)
Path Group: __VIRTUAL_CLK__
Path Type: max

Fanout         Cap        Slew       Delay        Time   Description
---------------------------------------------------------------------------------------------
                      0.000000    0.000000    0.000000   clock __VIRTUAL_CLK__ (rise edge)
                                  0.000000    0.000000   clock network delay (ideal)
                                  2.000000    2.000000 v input external delay
     1    0.002616    0.008198    0.004126    2.004126 v received[1] (in)
                                                         received[1] (net)
                      0.008199    0.000000    2.004126 v input2/A (sky130_fd_sc_hd__clkbuf_2)
     6    0.025201    0.100568    0.147029    2.151155 v input2/X (sky130_fd_sc_hd__clkbuf_2)
                                                         net2 (net)
                      0.100588    0.001393    2.152548 v _05_/A_N (sky130_fd_sc_hd__and2b_1)
     2    0.004822    0.058028    0.220244    2.372791 ^ _05_/X (sky130_fd_sc_hd__and2b_1)
                                                         net12 (net)
                      0.058028    0.000105    2.372896 ^ _15_/A (sky130_fd_sc_hd__clkbuf_1)
     1    0.005269    0.071395    0.104353    2.477249 ^ _15_/X (sky130_fd_sc_hd__clkbuf_1)
                                                         net18 (net)
                      0.071395    0.000218    2.477467 ^ output18/A (sky130_fd_sc_hd__buf_2)
     1    0.035348    0.175413    0.211130    2.688597 ^ output18/X (sky130_fd_sc_hd__buf_2)
                                                         bm_11_11[1] (net)
                      0.175417    0.001053    2.689651 ^ bm_11_11[1] (out)
                                              2.689651   data arrival time

                      0.000000   10.000000   10.000000   clock __VIRTUAL_CLK__ (rise edge)
                                  0.000000   10.000000   clock network delay (ideal)
                                 -0.250000    9.750000   clock uncertainty
                                  0.000000    9.750000   clock reconvergence pessimism
                                 -2.000000    7.750000   output external delay
                                              7.750000   data required time
---------------------------------------------------------------------------------------------
                                              7.750000   data required time
                                             -2.689651   data arrival time
---------------------------------------------------------------------------------------------
                                              5.060349   slack (MET)


Startpoint: received[0] (input port clocked by __VIRTUAL_CLK__)
Endpoint: bm_11_01[1] (output port clocked by __VIRTUAL_CLK__)
Path Group: __VIRTUAL_CLK__
Path Type: max

Fanout         Cap        Slew       Delay        Time   Description
---------------------------------------------------------------------------------------------
                      0.000000    0.000000    0.000000   clock __VIRTUAL_CLK__ (rise edge)
                                  0.000000    0.000000   clock network delay (ideal)
                                  2.000000    2.000000 v input external delay
     1    0.002691    0.008372    0.004253    2.004253 v received[0] (in)
                                                         received[0] (net)
                      0.008372    0.000000    2.004253 v input1/A (sky130_fd_sc_hd__clkbuf_2)
     6    0.024859    0.099328    0.146241    2.150495 v input1/X (sky130_fd_sc_hd__clkbuf_2)
                                                         net1 (net)
                      0.099363    0.001757    2.152251 v _04_/A_N (sky130_fd_sc_hd__and2b_1)
     2    0.004822    0.058061    0.219677    2.371929 ^ _04_/X (sky130_fd_sc_hd__and2b_1)
                                                         net14 (net)
                      0.058061    0.000125    2.372054 ^ _13_/A (sky130_fd_sc_hd__clkbuf_1)
     1    0.003639    0.053244    0.091381    2.463434 ^ _13_/X (sky130_fd_sc_hd__clkbuf_1)
                                                         net16 (net)
                      0.053244    0.000131    2.463565 ^ output16/A (sky130_fd_sc_hd__buf_2)
     1    0.034167    0.169731    0.200788    2.664353 ^ output16/X (sky130_fd_sc_hd__buf_2)
                                                         bm_11_01[1] (net)
                      0.169731    0.000660    2.665013 ^ bm_11_01[1] (out)
                                              2.665013   data arrival time

                      0.000000   10.000000   10.000000   clock __VIRTUAL_CLK__ (rise edge)
                                  0.000000   10.000000   clock network delay (ideal)
                                 -0.250000    9.750000   clock uncertainty
                                  0.000000    9.750000   clock reconvergence pessimism
                                 -2.000000    7.750000   output external delay
                                              7.750000   data required time
---------------------------------------------------------------------------------------------
                                              7.750000   data required time
                                             -2.665013   data arrival time
---------------------------------------------------------------------------------------------
                                              5.084987   slack (MET)


Startpoint: received[1] (input port clocked by __VIRTUAL_CLK__)
Endpoint: bm_01_10[1] (output port clocked by __VIRTUAL_CLK__)
Path Group: __VIRTUAL_CLK__
Path Type: max

Fanout         Cap        Slew       Delay        Time   Description
---------------------------------------------------------------------------------------------
                      0.000000    0.000000    0.000000   clock __VIRTUAL_CLK__ (rise edge)
                                  0.000000    0.000000   clock network delay (ideal)
                                  2.000000    2.000000 ^ input external delay
     1    0.002846    0.019929    0.010481    2.010480 ^ received[1] (in)
                                                         received[1] (net)
                      0.019929    0.000000    2.010480 ^ input2/A (sky130_fd_sc_hd__clkbuf_2)
     6    0.026408    0.147957    0.168690    2.179171 ^ input2/X (sky130_fd_sc_hd__clkbuf_2)
                                                         net2 (net)
                      0.147990    0.001837    2.181008 ^ _00_/B (sky130_fd_sc_hd__and2_1)
     2    0.008879    0.099082    0.184317    2.365325 ^ _00_/X (sky130_fd_sc_hd__and2_1)
                                                         net4 (net)
                      0.099082    0.000169    2.365494 ^ _10_/A (sky130_fd_sc_hd__clkbuf_1)
     1    0.002215    0.038416    0.090587    2.456081 ^ _10_/X (sky130_fd_sc_hd__clkbuf_1)
                                                         net10 (net)
                      0.038416    0.000064    2.456145 ^ output10/A (sky130_fd_sc_hd__buf_2)
     1    0.033980    0.168822    0.194523    2.650667 ^ output10/X (sky130_fd_sc_hd__buf_2)
                                                         bm_01_10[1] (net)
                      0.168823    0.000616    2.651284 ^ bm_01_10[1] (out)
                                              2.651284   data arrival time

                      0.000000   10.000000   10.000000   clock __VIRTUAL_CLK__ (rise edge)
                                  0.000000   10.000000   clock network delay (ideal)
                                 -0.250000    9.750000   clock uncertainty
                                  0.000000    9.750000   clock reconvergence pessimism
                                 -2.000000    7.750000   output external delay
                                              7.750000   data required time
---------------------------------------------------------------------------------------------
                                              7.750000   data required time
                                             -2.651284   data arrival time
---------------------------------------------------------------------------------------------
                                              5.098716   slack (MET)


Startpoint: received[0] (input port clocked by __VIRTUAL_CLK__)
Endpoint: bm_01_00[1] (output port clocked by __VIRTUAL_CLK__)
Path Group: __VIRTUAL_CLK__
Path Type: max

Fanout         Cap        Slew       Delay        Time   Description
---------------------------------------------------------------------------------------------
                      0.000000    0.000000    0.000000   clock __VIRTUAL_CLK__ (rise edge)
                                  0.000000    0.000000   clock network delay (ideal)
                                  2.000000    2.000000 v input external delay
     1    0.002691    0.008372    0.004253    2.004253 v received[0] (in)
                                                         received[0] (net)
                      0.008372    0.000000    2.004253 v input1/A (sky130_fd_sc_hd__clkbuf_2)
     6    0.024859    0.099328    0.146241    2.150495 v input1/X (sky130_fd_sc_hd__clkbuf_2)
                                                         net1 (net)
                      0.099343    0.001221    2.151716 v _01_/A (sky130_fd_sc_hd__nor2_1)
     2    0.006374    0.134329    0.160489    2.312204 ^ _01_/Y (sky130_fd_sc_hd__nor2_1)
                                                         net6 (net)
                      0.134329    0.000141    2.312346 ^ _08_/A (sky130_fd_sc_hd__clkbuf_1)
     1    0.001952    0.036222    0.096207    2.408552 ^ _08_/X (sky130_fd_sc_hd__clkbuf_1)
                                                         net8 (net)
                      0.036222    0.000037    2.408590 ^ output8/A (sky130_fd_sc_hd__buf_2)
     1    0.034132    0.169539    0.194163    2.602752 ^ output8/X (sky130_fd_sc_hd__buf_2)
                                                         bm_01_00[1] (net)
                      0.169589    0.000649    2.603401 ^ bm_01_00[1] (out)
                                              2.603401   data arrival time

                      0.000000   10.000000   10.000000   clock __VIRTUAL_CLK__ (rise edge)
                                  0.000000   10.000000   clock network delay (ideal)
                                 -0.250000    9.750000   clock uncertainty
                                  0.000000    9.750000   clock reconvergence pessimism
                                 -2.000000    7.750000   output external delay
                                              7.750000   data required time
---------------------------------------------------------------------------------------------
                                              7.750000   data required time
                                             -2.603401   data arrival time
---------------------------------------------------------------------------------------------
                                              5.146599   slack (MET)


Startpoint: received[1] (input port clocked by __VIRTUAL_CLK__)
Endpoint: bm_00_00[1] (output port clocked by __VIRTUAL_CLK__)
Path Group: __VIRTUAL_CLK__
Path Type: max

Fanout         Cap        Slew       Delay        Time   Description
---------------------------------------------------------------------------------------------
                      0.000000    0.000000    0.000000   clock __VIRTUAL_CLK__ (rise edge)
                                  0.000000    0.000000   clock network delay (ideal)
                                  2.000000    2.000000 ^ input external delay
     1    0.002846    0.019929    0.010481    2.010480 ^ received[1] (in)
                                                         received[1] (net)
                      0.019929    0.000000    2.010480 ^ input2/A (sky130_fd_sc_hd__clkbuf_2)
     6    0.026408    0.147957    0.168690    2.179171 ^ input2/X (sky130_fd_sc_hd__clkbuf_2)
                                                         net2 (net)
                      0.147990    0.001837    2.181008 ^ _00_/B (sky130_fd_sc_hd__and2_1)
     2    0.008879    0.099082    0.184317    2.365325 ^ _00_/X (sky130_fd_sc_hd__and2_1)
                                                         net4 (net)
                      0.099082    0.000330    2.365655 ^ output4/A (sky130_fd_sc_hd__buf_2)
     1    0.034354    0.170868    0.218293    2.583948 ^ output4/X (sky130_fd_sc_hd__buf_2)
                                                         bm_00_00[1] (net)
                      0.170868    0.000672    2.584621 ^ bm_00_00[1] (out)
                                              2.584621   data arrival time

                      0.000000   10.000000   10.000000   clock __VIRTUAL_CLK__ (rise edge)
                                  0.000000   10.000000   clock network delay (ideal)
                                 -0.250000    9.750000   clock uncertainty
                                  0.000000    9.750000   clock reconvergence pessimism
                                 -2.000000    7.750000   output external delay
                                              7.750000   data required time
---------------------------------------------------------------------------------------------
                                              7.750000   data required time
                                             -2.584621   data arrival time
---------------------------------------------------------------------------------------------
                                              5.165380   slack (MET)


Startpoint: received[1] (input port clocked by __VIRTUAL_CLK__)
Endpoint: bm_10_01[1] (output port clocked by __VIRTUAL_CLK__)
Path Group: __VIRTUAL_CLK__
Path Type: max

Fanout         Cap        Slew       Delay        Time   Description
---------------------------------------------------------------------------------------------
                      0.000000    0.000000    0.000000   clock __VIRTUAL_CLK__ (rise edge)
                                  0.000000    0.000000   clock network delay (ideal)
                                  2.000000    2.000000 v input external delay
     1    0.002616    0.008198    0.004126    2.004126 v received[1] (in)
                                                         received[1] (net)
                      0.008199    0.000000    2.004126 v input2/A (sky130_fd_sc_hd__clkbuf_2)
     6    0.025201    0.100568    0.147029    2.151155 v input2/X (sky130_fd_sc_hd__clkbuf_2)
                                                         net2 (net)
                      0.100588    0.001393    2.152548 v _05_/A_N (sky130_fd_sc_hd__and2b_1)
     2    0.004822    0.058028    0.220244    2.372791 ^ _05_/X (sky130_fd_sc_hd__and2b_1)
                                                         net12 (net)
                      0.058028    0.000103    2.372895 ^ output12/A (sky130_fd_sc_hd__buf_2)
     1    0.034676    0.172149    0.204178    2.577073 ^ output12/X (sky130_fd_sc_hd__buf_2)
                                                         bm_10_01[1] (net)
                      0.172150    0.000752    2.577824 ^ bm_10_01[1] (out)
                                              2.577824   data arrival time

                      0.000000   10.000000   10.000000   clock __VIRTUAL_CLK__ (rise edge)
                                  0.000000   10.000000   clock network delay (ideal)
                                 -0.250000    9.750000   clock uncertainty
                                  0.000000    9.750000   clock reconvergence pessimism
                                 -2.000000    7.750000   output external delay
                                              7.750000   data required time
---------------------------------------------------------------------------------------------
                                              7.750000   data required time
                                             -2.577824   data arrival time
---------------------------------------------------------------------------------------------
                                              5.172176   slack (MET)


Startpoint: received[0] (input port clocked by __VIRTUAL_CLK__)
Endpoint: bm_10_11[1] (output port clocked by __VIRTUAL_CLK__)
Path Group: __VIRTUAL_CLK__
Path Type: max

Fanout         Cap        Slew       Delay        Time   Description
---------------------------------------------------------------------------------------------
                      0.000000    0.000000    0.000000   clock __VIRTUAL_CLK__ (rise edge)
                                  0.000000    0.000000   clock network delay (ideal)
                                  2.000000    2.000000 v input external delay
     1    0.002691    0.008372    0.004253    2.004253 v received[0] (in)
                                                         received[0] (net)
                      0.008372    0.000000    2.004253 v input1/A (sky130_fd_sc_hd__clkbuf_2)
     6    0.024859    0.099328    0.146241    2.150495 v input1/X (sky130_fd_sc_hd__clkbuf_2)
                                                         net1 (net)
                      0.099363    0.001757    2.152251 v _04_/A_N (sky130_fd_sc_hd__and2b_1)
     2    0.004822    0.058061    0.219677    2.371929 ^ _04_/X (sky130_fd_sc_hd__and2b_1)
                                                         net14 (net)
                      0.058061    0.000125    2.372054 ^ output14/A (sky130_fd_sc_hd__buf_2)
     1    0.033982    0.168883    0.201977    2.574031 ^ output14/X (sky130_fd_sc_hd__buf_2)
                                                         bm_10_11[1] (net)
                      0.168883    0.000616    2.574646 ^ bm_10_11[1] (out)
                                              2.574646   data arrival time

                      0.000000   10.000000   10.000000   clock __VIRTUAL_CLK__ (rise edge)
                                  0.000000   10.000000   clock network delay (ideal)
                                 -0.250000    9.750000   clock uncertainty
                                  0.000000    9.750000   clock reconvergence pessimism
                                 -2.000000    7.750000   output external delay
                                              7.750000   data required time
---------------------------------------------------------------------------------------------
                                              7.750000   data required time
                                             -2.574646   data arrival time
---------------------------------------------------------------------------------------------
                                              5.175354   slack (MET)


Startpoint: received[0] (input port clocked by __VIRTUAL_CLK__)
Endpoint: bm_00_10[1] (output port clocked by __VIRTUAL_CLK__)
Path Group: __VIRTUAL_CLK__
Path Type: max

Fanout         Cap        Slew       Delay        Time   Description
---------------------------------------------------------------------------------------------
                      0.000000    0.000000    0.000000   clock __VIRTUAL_CLK__ (rise edge)
                                  0.000000    0.000000   clock network delay (ideal)
                                  2.000000    2.000000 v input external delay
     1    0.002691    0.008372    0.004253    2.004253 v received[0] (in)
                                                         received[0] (net)
                      0.008372    0.000000    2.004253 v input1/A (sky130_fd_sc_hd__clkbuf_2)
     6    0.024859    0.099328    0.146241    2.150495 v input1/X (sky130_fd_sc_hd__clkbuf_2)
                                                         net1 (net)
                      0.099343    0.001221    2.151716 v _01_/A (sky130_fd_sc_hd__nor2_1)
     2    0.006374    0.134329    0.160489    2.312204 ^ _01_/Y (sky130_fd_sc_hd__nor2_1)
                                                         net6 (net)
                      0.134329    0.000187    2.312392 ^ output6/A (sky130_fd_sc_hd__buf_2)
     1    0.033969    0.169209    0.228878    2.541270 ^ output6/X (sky130_fd_sc_hd__buf_2)
                                                         bm_00_10[1] (net)
                      0.169209    0.000616    2.541885 ^ bm_00_10[1] (out)
                                              2.541885   data arrival time

                      0.000000   10.000000   10.000000   clock __VIRTUAL_CLK__ (rise edge)
                                  0.000000   10.000000   clock network delay (ideal)
                                 -0.250000    9.750000   clock uncertainty
                                  0.000000    9.750000   clock reconvergence pessimism
                                 -2.000000    7.750000   output external delay
                                              7.750000   data required time
---------------------------------------------------------------------------------------------
                                              7.750000   data required time
                                             -2.541885   data arrival time
---------------------------------------------------------------------------------------------
                                              5.208115   slack (MET)



