Clock: clk
Sources: clk 
Generated: no
Virtual: yes
Propagated: no
Period: 100.000000

===========================================================================
report_clock_properties
============================================================================
Clock                   Period          Waveform
----------------------------------------------------
clk                 100.000000    0.000000 50.000000

===========================================================================
report_clock_latency
============================================================================
Clock clk
rise -> rise
    min     max
0.000000 0.000000 source latency
0.271420         network latency CTRL/clk
        0.266915 network latency SMU_Top/clk
---------------
0.271420 0.266915 latency
        -0.004505 skew

fall -> fall
    min     max
0.000000 0.000000 source latency
0.241506         network latency CTRL/clk
        0.237005 network latency SMU_Top/clk
---------------
0.241506 0.237005 latency
        -0.004501 skew



===========================================================================
report_clock_min_period
============================================================================
clk period_min = 8.83 fmax = 113.28
