                                                                        Cells by Master                                                                         
┏━━━━━━━━━━━━━━━━━━━━━━━━━━━━━━━━━━━━━━━━━━━━━━━━━━━━━━━━━━━━━━━━━━━━━━━━━━━━━━━━━━━━━━━━━━━━━━━━━━━━━━━━━━━━━━━━━━━━━━━━━━━━━━━━━┳━━━━━━━━━━━━━━━━━━━━━━━━━━━━┓
┃ Cell                                                                                                                            ┃ Count                      ┃
┡━━━━━━━━━━━━━━━━━━━━━━━━━━━━━━━━━━━━━━━━━━━━━━━━━━━━━━━━━━━━━━━━━━━━━━━━━━━━━━━━━━━━━━━━━━━━━━━━━━━━━━━━━━━━━━━━━━━━━━━━━━━━━━━━━╇━━━━━━━━━━━━━━━━━━━━━━━━━━━━┩
│ sky130_ef_sc_hd__decap_12                                                                                                       │ 69                         │
│ sky130_fd_sc_hd__and2_1                                                                                                         │ 6                          │
│ sky130_fd_sc_hd__and2b_1                                                                                                        │ 5                          │
│ sky130_fd_sc_hd__and3_1                                                                                                         │ 5                          │
│ sky130_fd_sc_hd__and3b_1                                                                                                        │ 5                          │
│ sky130_fd_sc_hd__buf_1                                                                                                          │ 2                          │
│ sky130_fd_sc_hd__buf_2                                                                                                          │ 9                          │
│ sky130_fd_sc_hd__clkbuf_1                                                                                                       │ 2                          │
│ sky130_fd_sc_hd__clkbuf_16                                                                                                      │ 5                          │
│ sky130_fd_sc_hd__clkbuf_2                                                                                                       │ 9                          │
│ sky130_fd_sc_hd__clkbuf_4                                                                                                       │ 2                          │
│ sky130_fd_sc_hd__clkbuf_8                                                                                                       │ 1                          │
│ sky130_fd_sc_hd__clkinv_2                                                                                                       │ 1                          │
│ sky130_fd_sc_hd__clkinvlp_4                                                                                                     │ 1                          │
│ sky130_fd_sc_hd__conb_1                                                                                                         │ 1                          │
│ sky130_fd_sc_hd__decap_3                                                                                                        │ 71                         │
│ sky130_fd_sc_hd__decap_4                                                                                                        │ 18                         │
│ sky130_fd_sc_hd__decap_6                                                                                                        │ 13                         │
│ sky130_fd_sc_hd__decap_8                                                                                                        │ 10                         │
│ sky130_fd_sc_hd__dfrtp_1                                                                                                        │ 34                         │
│ sky130_fd_sc_hd__dlygate4sd3_1                                                                                                  │ 35                         │
│ sky130_fd_sc_hd__fill_1                                                                                                         │ 40                         │
│ sky130_fd_sc_hd__fill_2                                                                                                         │ 19                         │
│ sky130_fd_sc_hd__mux2_1                                                                                                         │ 20                         │
│ sky130_fd_sc_hd__mux4_1                                                                                                         │ 1                          │
│ sky130_fd_sc_hd__nor2_1                                                                                                         │ 1                          │
│ sky130_fd_sc_hd__o41a_1                                                                                                         │ 5                          │
│ sky130_fd_sc_hd__or3_1                                                                                                          │ 5                          │
│ sky130_fd_sc_hd__tapvpwrvgnd_1                                                                                                  │ 45                         │
└─────────────────────────────────────────────────────────────────────────────────────────────────────────────────────────────────┴────────────────────────────┘
