                                                                       Cells by Function                                                                        
┏━━━━━━━━━━━━━━━━━━━━━━━━━━━━━━━━━━━━━━━━━━━━━━━━━━━━━━━━━━━━━━━━━━━━━━━━━━━━━━━━━━━━━━━━━━━━━━━━━━━━━━━━━━━━━━━━━━━━━━━━━━━━━━━━┳━━━━━━━━━━━━━━━━━━━━━━━━━━━━━┓
┃ Cell Function                                                                                                                  ┃ Count                       ┃
┡━━━━━━━━━━━━━━━━━━━━━━━━━━━━━━━━━━━━━━━━━━━━━━━━━━━━━━━━━━━━━━━━━━━━━━━━━━━━━━━━━━━━━━━━━━━━━━━━━━━━━━━━━━━━━━━━━━━━━━━━━━━━━━━━╇━━━━━━━━━━━━━━━━━━━━━━━━━━━━━┩
│ sky130_ef_sc_hd__decap                                                                                                         │ 69                          │
│ sky130_fd_sc_hd__and2                                                                                                          │ 6                           │
│ sky130_fd_sc_hd__and2b                                                                                                         │ 5                           │
│ sky130_fd_sc_hd__and3                                                                                                          │ 5                           │
│ sky130_fd_sc_hd__and3b                                                                                                         │ 5                           │
│ sky130_fd_sc_hd__buf                                                                                                           │ 11                          │
│ sky130_fd_sc_hd__clkbuf                                                                                                        │ 19                          │
│ sky130_fd_sc_hd__clkinv                                                                                                        │ 1                           │
│ sky130_fd_sc_hd__clkinvlp                                                                                                      │ 1                           │
│ sky130_fd_sc_hd__conb                                                                                                          │ 1                           │
│ sky130_fd_sc_hd__decap                                                                                                         │ 112                         │
│ sky130_fd_sc_hd__dfrtp                                                                                                         │ 34                          │
│ sky130_fd_sc_hd__dlygate4sd3                                                                                                   │ 35                          │
│ sky130_fd_sc_hd__fill                                                                                                          │ 59                          │
│ sky130_fd_sc_hd__mux2                                                                                                          │ 20                          │
│ sky130_fd_sc_hd__mux4                                                                                                          │ 1                           │
│ sky130_fd_sc_hd__nor2                                                                                                          │ 1                           │
│ sky130_fd_sc_hd__o41a                                                                                                          │ 5                           │
│ sky130_fd_sc_hd__or3                                                                                                           │ 5                           │
│ sky130_fd_sc_hd__tapvpwrvgnd                                                                                                   │ 45                          │
└────────────────────────────────────────────────────────────────────────────────────────────────────────────────────────────────┴─────────────────────────────┘
