
===========================================================================
report_checks -path_delay max (Setup)
============================================================================
======================= nom_tt_025C_1v80 Corner ===================================

Startpoint: prev_11[3] (input port clocked by __VIRTUAL_CLK__)
Endpoint: winner_state[0] (output port clocked by __VIRTUAL_CLK__)
Path Group: __VIRTUAL_CLK__
Path Type: max

Fanout         Cap        Slew       Delay        Time   Description
---------------------------------------------------------------------------------------------
                      0.000000    0.000000    0.000000   clock __VIRTUAL_CLK__ (rise edge)
                                  0.000000    0.000000   clock network delay (ideal)
                                  2.000000    2.000000 v input external delay
     1    0.003276    0.009739    0.005248    2.005248 v prev_11[3] (in)
                                                         prev_11[3] (net)
                      0.009739    0.000000    2.005248 v input16/A (sky130_fd_sc_hd__buf_1)
     4    0.014011    0.086741    0.122049    2.127297 v input16/X (sky130_fd_sc_hd__buf_1)
                                                         net16 (net)
                      0.086742    0.000442    2.127740 v _60_/B (sky130_fd_sc_hd__or2_1)
     2    0.005903    0.062270    0.236589    2.364329 v _60_/X (sky130_fd_sc_hd__or2_1)
                                                         _21_ (net)
                      0.062270    0.000093    2.364422 v _63_/A2 (sky130_fd_sc_hd__a211o_1)
     1    0.003236    0.049616    0.293272    2.657693 v _63_/X (sky130_fd_sc_hd__a211o_1)
                                                         _24_ (net)
                      0.049616    0.000079    2.657773 v _64_/C1 (sky130_fd_sc_hd__o221a_1)
     4    0.015795    0.106089    0.172392    2.830165 v _64_/X (sky130_fd_sc_hd__o221a_1)
                                                         _25_ (net)
                      0.106089    0.000310    2.830475 v _72_/S (sky130_fd_sc_hd__mux2_1)
     2    0.005604    0.068818    0.346089    3.176564 v _72_/X (sky130_fd_sc_hd__mux2_1)
                                                         _33_ (net)
                      0.068818    0.000131    3.176694 v _76_/A3 (sky130_fd_sc_hd__a311o_1)
     1    0.003568    0.057326    0.356033    3.532727 v _76_/X (sky130_fd_sc_hd__a311o_1)
                                                         _37_ (net)
                      0.057326    0.000124    3.532851 v _78_/A2 (sky130_fd_sc_hd__o21ai_1)
     2    0.008802    0.200090    0.194054    3.726905 ^ _78_/Y (sky130_fd_sc_hd__o21ai_1)
                                                         net18 (net)
                      0.200091    0.000313    3.727217 ^ _79_/S (sky130_fd_sc_hd__mux2_1)
     1    0.004585    0.064065    0.354762    4.081980 v _79_/X (sky130_fd_sc_hd__mux2_1)
                                                         net17 (net)
                      0.064065    0.000188    4.082168 v output17/A (sky130_fd_sc_hd__buf_2)
     1    0.034104    0.089236    0.188054    4.270222 v output17/X (sky130_fd_sc_hd__buf_2)
                                                         winner_state[0] (net)
                      0.089246    0.000927    4.271149 v winner_state[0] (out)
                                              4.271149   data arrival time

                      0.000000   10.000000   10.000000   clock __VIRTUAL_CLK__ (rise edge)
                                  0.000000   10.000000   clock network delay (ideal)
                                 -0.250000    9.750000   clock uncertainty
                                  0.000000    9.750000   clock reconvergence pessimism
                                 -2.000000    7.750000   output external delay
                                              7.750000   data required time
---------------------------------------------------------------------------------------------
                                              7.750000   data required time
                                             -4.271149   data arrival time
---------------------------------------------------------------------------------------------
                                              3.478852   slack (MET)


Startpoint: prev_11[3] (input port clocked by __VIRTUAL_CLK__)
Endpoint: winner_state[1] (output port clocked by __VIRTUAL_CLK__)
Path Group: __VIRTUAL_CLK__
Path Type: max

Fanout         Cap        Slew       Delay        Time   Description
---------------------------------------------------------------------------------------------
                      0.000000    0.000000    0.000000   clock __VIRTUAL_CLK__ (rise edge)
                                  0.000000    0.000000   clock network delay (ideal)
                                  2.000000    2.000000 v input external delay
     1    0.003276    0.009739    0.005248    2.005248 v prev_11[3] (in)
                                                         prev_11[3] (net)
                      0.009739    0.000000    2.005248 v input16/A (sky130_fd_sc_hd__buf_1)
     4    0.014011    0.086741    0.122049    2.127297 v input16/X (sky130_fd_sc_hd__buf_1)
                                                         net16 (net)
                      0.086742    0.000442    2.127740 v _60_/B (sky130_fd_sc_hd__or2_1)
     2    0.005903    0.062270    0.236589    2.364329 v _60_/X (sky130_fd_sc_hd__or2_1)
                                                         _21_ (net)
                      0.062270    0.000093    2.364422 v _63_/A2 (sky130_fd_sc_hd__a211o_1)
     1    0.003236    0.049616    0.293272    2.657693 v _63_/X (sky130_fd_sc_hd__a211o_1)
                                                         _24_ (net)
                      0.049616    0.000079    2.657773 v _64_/C1 (sky130_fd_sc_hd__o221a_1)
     4    0.015795    0.106089    0.172392    2.830165 v _64_/X (sky130_fd_sc_hd__o221a_1)
                                                         _25_ (net)
                      0.106089    0.000310    2.830475 v _72_/S (sky130_fd_sc_hd__mux2_1)
     2    0.005604    0.068818    0.346089    3.176564 v _72_/X (sky130_fd_sc_hd__mux2_1)
                                                         _33_ (net)
                      0.068818    0.000131    3.176694 v _76_/A3 (sky130_fd_sc_hd__a311o_1)
     1    0.003568    0.057326    0.356033    3.532727 v _76_/X (sky130_fd_sc_hd__a311o_1)
                                                         _37_ (net)
                      0.057326    0.000124    3.532851 v _78_/A2 (sky130_fd_sc_hd__o21ai_1)
     2    0.008802    0.200090    0.194054    3.726905 ^ _78_/Y (sky130_fd_sc_hd__o21ai_1)
                                                         net18 (net)
                      0.200091    0.000294    3.727198 ^ output18/A (sky130_fd_sc_hd__buf_2)
     1    0.033870    0.168900    0.246144    3.973342 ^ output18/X (sky130_fd_sc_hd__buf_2)
                                                         winner_state[1] (net)
                      0.168902    0.000890    3.974232 ^ winner_state[1] (out)
                                              3.974232   data arrival time

                      0.000000   10.000000   10.000000   clock __VIRTUAL_CLK__ (rise edge)
                                  0.000000   10.000000   clock network delay (ideal)
                                 -0.250000    9.750000   clock uncertainty
                                  0.000000    9.750000   clock reconvergence pessimism
                                 -2.000000    7.750000   output external delay
                                              7.750000   data required time
---------------------------------------------------------------------------------------------
                                              7.750000   data required time
                                             -3.974232   data arrival time
---------------------------------------------------------------------------------------------
                                              3.775768   slack (MET)



