Reading OpenROAD database at '/home/edabk/Desktop/Tu67/MARCO_ultra/Maximum_Path_Memory/runs/Maximum_Path_Memory_run/41-openroad-repairantennas/1-diodeinsertion/Maximum_Path_Memory.odb'…
Reading library file at '/home/edabk/.volare/volare/sky130/versions/0fe599b2afb6708d281543108caf8310912f54af/sky130A/libs.ref/sky130_fd_sc_hd/lib/sky130_fd_sc_hd__tt_025C_1v80.lib'…
Reading design constraints file at '/nix/store/h0ldzjka94yryiq8yxbxmwargpnmwhx6-python3-3.11.9-env/lib/python3.11/site-packages/openlane/scripts/base.sdc'…
[WARNING STA-0366] port '__VIRTUAL_CLK__' not found.
[INFO] Using clock __VIRTUAL_CLK__…
[INFO] Setting output delay to: 2
[INFO] Setting input delay to: 2
[WARNING STA-0366] port '__VIRTUAL_CLK__' not found.
[INFO] Setting load to: 0.033442
[INFO] Setting clock uncertainty to: 0.25
[INFO] Setting clock transition to: 0.1499999999999999944488848768742172978818416595458984375
[WARNING STA-0419] transition time can not be specified for virtual clocks.
[INFO] Setting timing derate to: 5%
[WARNING STA-0450] virtual clock __VIRTUAL_CLK__ can not be propagated.
[INFO] Setting RC values…
%OL_CREATE_REPORT min.rpt

===========================================================================
report_checks -path_delay min (Hold)
============================================================================
======================= nom_tt_025C_1v80 Corner ===================================

Startpoint: prev_10[3] (input port clocked by __VIRTUAL_CLK__)
Endpoint: winner_state[1] (output port clocked by __VIRTUAL_CLK__)
Path Group: __VIRTUAL_CLK__
Path Type: min

Fanout         Cap        Slew       Delay        Time   Description
---------------------------------------------------------------------------------------------
                      0.000000    0.000000    0.000000   clock __VIRTUAL_CLK__ (rise edge)
                                  0.000000    0.000000   clock network delay (ideal)
                                  2.000000    2.000000 ^ input external delay
     1    0.003579    0.023111    0.013062    2.013062 ^ prev_10[3] (in)
                                                         prev_10[3] (net)
                      0.023119    0.000000    2.013062 ^ input12/A (sky130_fd_sc_hd__buf_1)
     4    0.009846    0.122906    0.128903    2.141965 ^ input12/X (sky130_fd_sc_hd__buf_1)
                                                         net12 (net)
                      0.122906    0.000202    2.142167 ^ _59_/A (sky130_fd_sc_hd__nand2_1)
     3    0.008826    0.076304    0.102053    2.244219 v _59_/Y (sky130_fd_sc_hd__nand2_1)
                                                         _20_ (net)
                      0.076304    0.000149    2.244369 v _77_/B (sky130_fd_sc_hd__nand2b_1)
     1    0.002759    0.045364    0.078107    2.322475 ^ _77_/Y (sky130_fd_sc_hd__nand2b_1)
                                                         _38_ (net)
                      0.045364    0.000064    2.322540 ^ _78_/B1 (sky130_fd_sc_hd__o21ai_1)
     2    0.008407    0.067419    0.087735    2.410275 v _78_/Y (sky130_fd_sc_hd__o21ai_1)
                                                         net18 (net)
                      0.067419    0.000278    2.410553 v output18/A (sky130_fd_sc_hd__buf_2)
     1    0.033870    0.088721    0.189172    2.599725 v output18/X (sky130_fd_sc_hd__buf_2)
                                                         winner_state[1] (net)
                      0.088730    0.000889    2.600614 v winner_state[1] (out)
                                              2.600614   data arrival time

                      0.000000    0.000000    0.000000   clock __VIRTUAL_CLK__ (rise edge)
                                  0.000000    0.000000   clock network delay (ideal)
                                  0.250000    0.250000   clock uncertainty
                                  0.000000    0.250000   clock reconvergence pessimism
                                 -2.000000   -1.750000   output external delay
                                             -1.750000   data required time
---------------------------------------------------------------------------------------------
                                             -1.750000   data required time
                                             -2.600614   data arrival time
---------------------------------------------------------------------------------------------
                                              4.350614   slack (MET)


Startpoint: prev_10[3] (input port clocked by __VIRTUAL_CLK__)
Endpoint: winner_state[0] (output port clocked by __VIRTUAL_CLK__)
Path Group: __VIRTUAL_CLK__
Path Type: min

Fanout         Cap        Slew       Delay        Time   Description
---------------------------------------------------------------------------------------------
                      0.000000    0.000000    0.000000   clock __VIRTUAL_CLK__ (rise edge)
                                  0.000000    0.000000   clock network delay (ideal)
                                  2.000000    2.000000 v input external delay
     1    0.003403    0.010035    0.005465    2.005465 v prev_10[3] (in)
                                                         prev_10[3] (net)
                      0.010035    0.000000    2.005465 v input12/A (sky130_fd_sc_hd__buf_1)
     4    0.009285    0.060499    0.102425    2.107890 v input12/X (sky130_fd_sc_hd__buf_1)
                                                         net12 (net)
                      0.060499    0.000191    2.108081 v _59_/A (sky130_fd_sc_hd__nand2_1)
     3    0.009418    0.093862    0.102051    2.210132 ^ _59_/Y (sky130_fd_sc_hd__nand2_1)
                                                         _20_ (net)
                      0.093862    0.000160    2.210293 ^ _77_/B (sky130_fd_sc_hd__nand2b_1)
     1    0.002716    0.038104    0.061274    2.271566 v _77_/Y (sky130_fd_sc_hd__nand2b_1)
                                                         _38_ (net)
                      0.038104    0.000063    2.271629 v _78_/B1 (sky130_fd_sc_hd__o21ai_1)
     2    0.008802    0.147180    0.120252    2.391881 ^ _78_/Y (sky130_fd_sc_hd__o21ai_1)
                                                         net18 (net)
                      0.147181    0.000313    2.392194 ^ _79_/S (sky130_fd_sc_hd__mux2_1)
     1    0.004745    0.056336    0.164939    2.557133 ^ _79_/X (sky130_fd_sc_hd__mux2_1)
                                                         net17 (net)
                      0.056336    0.000198    2.557331 ^ output17/A (sky130_fd_sc_hd__buf_2)
     1    0.034104    0.169504    0.201526    2.758857 ^ output17/X (sky130_fd_sc_hd__buf_2)
                                                         winner_state[0] (net)
                      0.169507    0.000927    2.759784 ^ winner_state[0] (out)
                                              2.759784   data arrival time

                      0.000000    0.000000    0.000000   clock __VIRTUAL_CLK__ (rise edge)
                                  0.000000    0.000000   clock network delay (ideal)
                                  0.250000    0.250000   clock uncertainty
                                  0.000000    0.250000   clock reconvergence pessimism
                                 -2.000000   -1.750000   output external delay
                                             -1.750000   data required time
---------------------------------------------------------------------------------------------
                                             -1.750000   data required time
                                             -2.759784   data arrival time
---------------------------------------------------------------------------------------------
                                              4.509785   slack (MET)



%OL_END_REPORT
%OL_CREATE_REPORT max.rpt

===========================================================================
report_checks -path_delay max (Setup)
============================================================================
======================= nom_tt_025C_1v80 Corner ===================================

Startpoint: prev_11[3] (input port clocked by __VIRTUAL_CLK__)
Endpoint: winner_state[0] (output port clocked by __VIRTUAL_CLK__)
Path Group: __VIRTUAL_CLK__
Path Type: max

Fanout         Cap        Slew       Delay        Time   Description
---------------------------------------------------------------------------------------------
                      0.000000    0.000000    0.000000   clock __VIRTUAL_CLK__ (rise edge)
                                  0.000000    0.000000   clock network delay (ideal)
                                  2.000000    2.000000 v input external delay
     1    0.003276    0.009739    0.005248    2.005248 v prev_11[3] (in)
                                                         prev_11[3] (net)
                      0.009739    0.000000    2.005248 v input16/A (sky130_fd_sc_hd__buf_1)
     4    0.014011    0.086741    0.122049    2.127297 v input16/X (sky130_fd_sc_hd__buf_1)
                                                         net16 (net)
                      0.086742    0.000442    2.127740 v _60_/B (sky130_fd_sc_hd__or2_1)
     2    0.005903    0.062270    0.236589    2.364329 v _60_/X (sky130_fd_sc_hd__or2_1)
                                                         _21_ (net)
                      0.062270    0.000093    2.364422 v _63_/A2 (sky130_fd_sc_hd__a211o_1)
     1    0.003236    0.049616    0.293272    2.657693 v _63_/X (sky130_fd_sc_hd__a211o_1)
                                                         _24_ (net)
                      0.049616    0.000079    2.657773 v _64_/C1 (sky130_fd_sc_hd__o221a_1)
     4    0.015795    0.106089    0.172392    2.830165 v _64_/X (sky130_fd_sc_hd__o221a_1)
                                                         _25_ (net)
                      0.106089    0.000310    2.830475 v _72_/S (sky130_fd_sc_hd__mux2_1)
     2    0.005604    0.068818    0.346089    3.176564 v _72_/X (sky130_fd_sc_hd__mux2_1)
                                                         _33_ (net)
                      0.068818    0.000131    3.176694 v _76_/A3 (sky130_fd_sc_hd__a311o_1)
     1    0.003568    0.057326    0.356033    3.532727 v _76_/X (sky130_fd_sc_hd__a311o_1)
                                                         _37_ (net)
                      0.057326    0.000124    3.532851 v _78_/A2 (sky130_fd_sc_hd__o21ai_1)
     2    0.008802    0.200090    0.194054    3.726905 ^ _78_/Y (sky130_fd_sc_hd__o21ai_1)
                                                         net18 (net)
                      0.200091    0.000313    3.727217 ^ _79_/S (sky130_fd_sc_hd__mux2_1)
     1    0.004585    0.064065    0.354762    4.081980 v _79_/X (sky130_fd_sc_hd__mux2_1)
                                                         net17 (net)
                      0.064065    0.000188    4.082168 v output17/A (sky130_fd_sc_hd__buf_2)
     1    0.034104    0.089236    0.188054    4.270222 v output17/X (sky130_fd_sc_hd__buf_2)
                                                         winner_state[0] (net)
                      0.089246    0.000927    4.271149 v winner_state[0] (out)
                                              4.271149   data arrival time

                      0.000000   10.000000   10.000000   clock __VIRTUAL_CLK__ (rise edge)
                                  0.000000   10.000000   clock network delay (ideal)
                                 -0.250000    9.750000   clock uncertainty
                                  0.000000    9.750000   clock reconvergence pessimism
                                 -2.000000    7.750000   output external delay
                                              7.750000   data required time
---------------------------------------------------------------------------------------------
                                              7.750000   data required time
                                             -4.271149   data arrival time
---------------------------------------------------------------------------------------------
                                              3.478852   slack (MET)


Startpoint: prev_11[3] (input port clocked by __VIRTUAL_CLK__)
Endpoint: winner_state[1] (output port clocked by __VIRTUAL_CLK__)
Path Group: __VIRTUAL_CLK__
Path Type: max

Fanout         Cap        Slew       Delay        Time   Description
---------------------------------------------------------------------------------------------
                      0.000000    0.000000    0.000000   clock __VIRTUAL_CLK__ (rise edge)
                                  0.000000    0.000000   clock network delay (ideal)
                                  2.000000    2.000000 v input external delay
     1    0.003276    0.009739    0.005248    2.005248 v prev_11[3] (in)
                                                         prev_11[3] (net)
                      0.009739    0.000000    2.005248 v input16/A (sky130_fd_sc_hd__buf_1)
     4    0.014011    0.086741    0.122049    2.127297 v input16/X (sky130_fd_sc_hd__buf_1)
                                                         net16 (net)
                      0.086742    0.000442    2.127740 v _60_/B (sky130_fd_sc_hd__or2_1)
     2    0.005903    0.062270    0.236589    2.364329 v _60_/X (sky130_fd_sc_hd__or2_1)
                                                         _21_ (net)
                      0.062270    0.000093    2.364422 v _63_/A2 (sky130_fd_sc_hd__a211o_1)
     1    0.003236    0.049616    0.293272    2.657693 v _63_/X (sky130_fd_sc_hd__a211o_1)
                                                         _24_ (net)
                      0.049616    0.000079    2.657773 v _64_/C1 (sky130_fd_sc_hd__o221a_1)
     4    0.015795    0.106089    0.172392    2.830165 v _64_/X (sky130_fd_sc_hd__o221a_1)
                                                         _25_ (net)
                      0.106089    0.000310    2.830475 v _72_/S (sky130_fd_sc_hd__mux2_1)
     2    0.005604    0.068818    0.346089    3.176564 v _72_/X (sky130_fd_sc_hd__mux2_1)
                                                         _33_ (net)
                      0.068818    0.000131    3.176694 v _76_/A3 (sky130_fd_sc_hd__a311o_1)
     1    0.003568    0.057326    0.356033    3.532727 v _76_/X (sky130_fd_sc_hd__a311o_1)
                                                         _37_ (net)
                      0.057326    0.000124    3.532851 v _78_/A2 (sky130_fd_sc_hd__o21ai_1)
     2    0.008802    0.200090    0.194054    3.726905 ^ _78_/Y (sky130_fd_sc_hd__o21ai_1)
                                                         net18 (net)
                      0.200091    0.000294    3.727198 ^ output18/A (sky130_fd_sc_hd__buf_2)
     1    0.033870    0.168900    0.246144    3.973342 ^ output18/X (sky130_fd_sc_hd__buf_2)
                                                         winner_state[1] (net)
                      0.168902    0.000890    3.974232 ^ winner_state[1] (out)
                                              3.974232   data arrival time

                      0.000000   10.000000   10.000000   clock __VIRTUAL_CLK__ (rise edge)
                                  0.000000   10.000000   clock network delay (ideal)
                                 -0.250000    9.750000   clock uncertainty
                                  0.000000    9.750000   clock reconvergence pessimism
                                 -2.000000    7.750000   output external delay
                                              7.750000   data required time
---------------------------------------------------------------------------------------------
                                              7.750000   data required time
                                             -3.974232   data arrival time
---------------------------------------------------------------------------------------------
                                              3.775768   slack (MET)



%OL_END_REPORT
%OL_CREATE_REPORT checks.rpt

===========================================================================
report_checks -unconstrained
===========================================================================
======================= nom_tt_025C_1v80 Corner ===================================

Startpoint: prev_11[3] (input port clocked by __VIRTUAL_CLK__)
Endpoint: winner_state[0] (output port clocked by __VIRTUAL_CLK__)
Path Group: __VIRTUAL_CLK__
Path Type: max

Fanout         Cap        Slew       Delay        Time   Description
---------------------------------------------------------------------------------------------
                      0.000000    0.000000    0.000000   clock __VIRTUAL_CLK__ (rise edge)
                                  0.000000    0.000000   clock network delay (ideal)
                                  2.000000    2.000000 v input external delay
     1    0.003276    0.009739    0.005248    2.005248 v prev_11[3] (in)
                                                         prev_11[3] (net)
                      0.009739    0.000000    2.005248 v input16/A (sky130_fd_sc_hd__buf_1)
     4    0.014011    0.086741    0.122049    2.127297 v input16/X (sky130_fd_sc_hd__buf_1)
                                                         net16 (net)
                      0.086742    0.000442    2.127740 v _60_/B (sky130_fd_sc_hd__or2_1)
     2    0.005903    0.062270    0.236589    2.364329 v _60_/X (sky130_fd_sc_hd__or2_1)
                                                         _21_ (net)
                      0.062270    0.000093    2.364422 v _63_/A2 (sky130_fd_sc_hd__a211o_1)
     1    0.003236    0.049616    0.293272    2.657693 v _63_/X (sky130_fd_sc_hd__a211o_1)
                                                         _24_ (net)
                      0.049616    0.000079    2.657773 v _64_/C1 (sky130_fd_sc_hd__o221a_1)
     4    0.015795    0.106089    0.172392    2.830165 v _64_/X (sky130_fd_sc_hd__o221a_1)
                                                         _25_ (net)
                      0.106089    0.000310    2.830475 v _72_/S (sky130_fd_sc_hd__mux2_1)
     2    0.005604    0.068818    0.346089    3.176564 v _72_/X (sky130_fd_sc_hd__mux2_1)
                                                         _33_ (net)
                      0.068818    0.000131    3.176694 v _76_/A3 (sky130_fd_sc_hd__a311o_1)
     1    0.003568    0.057326    0.356033    3.532727 v _76_/X (sky130_fd_sc_hd__a311o_1)
                                                         _37_ (net)
                      0.057326    0.000124    3.532851 v _78_/A2 (sky130_fd_sc_hd__o21ai_1)
     2    0.008802    0.200090    0.194054    3.726905 ^ _78_/Y (sky130_fd_sc_hd__o21ai_1)
                                                         net18 (net)
                      0.200091    0.000313    3.727217 ^ _79_/S (sky130_fd_sc_hd__mux2_1)
     1    0.004585    0.064065    0.354762    4.081980 v _79_/X (sky130_fd_sc_hd__mux2_1)
                                                         net17 (net)
                      0.064065    0.000188    4.082168 v output17/A (sky130_fd_sc_hd__buf_2)
     1    0.034104    0.089236    0.188054    4.270222 v output17/X (sky130_fd_sc_hd__buf_2)
                                                         winner_state[0] (net)
                      0.089246    0.000927    4.271149 v winner_state[0] (out)
                                              4.271149   data arrival time

                      0.000000   10.000000   10.000000   clock __VIRTUAL_CLK__ (rise edge)
                                  0.000000   10.000000   clock network delay (ideal)
                                 -0.250000    9.750000   clock uncertainty
                                  0.000000    9.750000   clock reconvergence pessimism
                                 -2.000000    7.750000   output external delay
                                              7.750000   data required time
---------------------------------------------------------------------------------------------
                                              7.750000   data required time
                                             -4.271149   data arrival time
---------------------------------------------------------------------------------------------
                                              3.478852   slack (MET)




===========================================================================
report_checks --slack_max -0.01
============================================================================
======================= nom_tt_025C_1v80 Corner ===================================

No paths found.


===========================================================================
 report_check_types -max_slew -max_cap -max_fanout -violators
============================================================================
======================= nom_tt_025C_1v80 Corner ===================================



===========================================================================
report_parasitic_annotation -report_unannotated
============================================================================
Found 0 unannotated drivers.
Found 0 partially unannotated drivers.

===========================================================================
max slew violation count 0
Writing metric design__max_slew_violation__count__corner:nom_tt_025C_1v80: 0
max fanout violation count 0
Writing metric design__max_fanout_violation__count__corner:nom_tt_025C_1v80: 0
max cap violation count 0
Writing metric design__max_cap_violation__count__corner:nom_tt_025C_1v80: 0
============================================================================

===========================================================================
check_setup -verbose -unconstrained_endpoints -multiple_clock -no_clock -no_input_delay -loops -generated_clocks
===========================================================================
%OL_END_REPORT
%OL_CREATE_REPORT power.rpt

===========================================================================
 report_power
============================================================================
======================= nom_tt_025C_1v80 Corner ===================================

Group                    Internal    Switching      Leakage        Total
                            Power        Power        Power        Power (Watts)
------------------------------------------------------------------------
Sequential           0.000000e+00 0.000000e+00 0.000000e+00 0.000000e+00   0.0%
Combinational        1.001585e-05 1.311606e-05 1.603390e-10 2.313208e-05 100.0%
Clock                0.000000e+00 0.000000e+00 9.072107e-11 9.072107e-11   0.0%
Macro                0.000000e+00 0.000000e+00 0.000000e+00 0.000000e+00   0.0%
Pad                  0.000000e+00 0.000000e+00 0.000000e+00 0.000000e+00   0.0%
------------------------------------------------------------------------
Total                1.001585e-05 1.311606e-05 2.510600e-10 2.313217e-05 100.0%
                            43.3%        56.7%         0.0%
Writing metric power__internal__total: 1.0015851330535952e-5
Writing metric power__switching__total: 1.3116064110363368e-5
Writing metric power__leakage__total: 2.51059978362278e-10
Writing metric power__total: 2.313216646143701e-5

%OL_END_REPORT
%OL_CREATE_REPORT skew.min.rpt

===========================================================================
Clock Skew (Hold)
============================================================================
Writing metric clock__skew__worst_hold__corner:nom_tt_025C_1v80: 0.0
======================= nom_tt_025C_1v80 Corner ===================================

Clock __VIRTUAL_CLK__
No launch/capture paths found.

%OL_END_REPORT
%OL_CREATE_REPORT skew.max.rpt

===========================================================================
Clock Skew (Setup)
============================================================================
Writing metric clock__skew__worst_setup__corner:nom_tt_025C_1v80: 0.0
======================= nom_tt_025C_1v80 Corner ===================================

Clock __VIRTUAL_CLK__
No launch/capture paths found.

%OL_END_REPORT
%OL_CREATE_REPORT ws.min.rpt

===========================================================================
Worst Slack (Hold)
============================================================================
Writing metric timing__hold__ws__corner:nom_tt_025C_1v80: 4.350613770163177
nom_tt_025C_1v80: 4.350613770163177
%OL_END_REPORT
%OL_CREATE_REPORT ws.max.rpt

===========================================================================
Worst Slack (Setup)
============================================================================
Writing metric timing__setup__ws__corner:nom_tt_025C_1v80: 3.4788515275392493
nom_tt_025C_1v80: 3.4788515275392493
%OL_END_REPORT
%OL_CREATE_REPORT tns.min.rpt

===========================================================================
Total Negative Slack (Hold)
============================================================================
Writing metric timing__hold__tns__corner:nom_tt_025C_1v80: 0.0
nom_tt_025C_1v80: 0.0
%OL_END_REPORT
%OL_CREATE_REPORT tns.max.rpt

===========================================================================
Total Negative Slack (Setup)
============================================================================
Writing metric timing__setup__tns__corner:nom_tt_025C_1v80: 0.0
nom_tt_025C_1v80: 0.0
%OL_END_REPORT
%OL_CREATE_REPORT wns.min.rpt

===========================================================================
Worst Negative Slack (Hold)
============================================================================
Writing metric timing__hold__wns__corner:nom_tt_025C_1v80: 0
nom_tt_025C_1v80: 0
%OL_END_REPORT
%OL_CREATE_REPORT wns.max.rpt

===========================================================================
Worst Negative Slack (Setup)
============================================================================
Writing metric timing__setup__wns__corner:nom_tt_025C_1v80: 0.0
nom_tt_025C_1v80: 0.0
%OL_END_REPORT
%OL_CREATE_REPORT violator_list.rpt

===========================================================================
Violator List
============================================================================
Writing metric timing__hold_vio__count__corner:nom_tt_025C_1v80: 0
Writing metric timing__hold_r2r__ws__corner:nom_tt_025C_1v80: 1e30
Writing metric timing__hold_r2r_vio__count__corner:nom_tt_025C_1v80: 0
Writing metric timing__setup_vio__count__corner:nom_tt_025C_1v80: 0
Writing metric timing__setup_r2r__ws__corner:nom_tt_025C_1v80: 1e30
Writing metric timing__setup_r2r_vio__count__corner:nom_tt_025C_1v80: 0
%OL_END_REPORT
%OL_CREATE_REPORT unpropagated.rpt
__VIRTUAL_CLK__
%OL_END_REPORT
%OL_CREATE_REPORT clock.rpt
Clock: __VIRTUAL_CLK__
Sources: 
Generated: no
Virtual: yes
Propagated: no
Period: 10.000000

===========================================================================
report_clock_properties
============================================================================
Clock                   Period          Waveform
----------------------------------------------------
__VIRTUAL_CLK__      10.000000    0.000000  5.000000

===========================================================================
report_clock_latency
============================================================================
Clock __VIRTUAL_CLK__


===========================================================================
report_clock_min_period
============================================================================
__VIRTUAL_CLK__ period_min = 0.00 fmax = inf
%OL_END_REPORT
