Clock: clk
Sources: clk 
Generated: no
Virtual: yes
Propagated: no
Period: 100.000000

===========================================================================
report_clock_properties
============================================================================
Clock                   Period          Waveform
----------------------------------------------------
clk                 100.000000    0.000000 50.000000

===========================================================================
report_clock_latency
============================================================================
Clock clk
rise -> rise
    min     max
0.000000 0.000000 source latency
0.344673         network latency _096_/CLK
        0.352585 network latency _101_/CLK
---------------
0.344673 0.352585 latency
        0.007913 skew

fall -> fall
    min     max
0.000000 0.000000 source latency
0.328985         network latency _096_/CLK
        0.336254 network latency _101_/CLK
---------------
0.328985 0.336254 latency
        0.007269 skew



===========================================================================
report_clock_min_period
============================================================================
clk period_min = 2.18 fmax = 459.26
