
===========================================================================
report_checks -path_delay max (Setup)
============================================================================
======================= min_tt_025C_1v80 Corner ===================================

Startpoint: prev_11[3] (input port clocked by __VIRTUAL_CLK__)
Endpoint: winner_state[0] (output port clocked by __VIRTUAL_CLK__)
Path Group: __VIRTUAL_CLK__
Path Type: max

Fanout         Cap        Slew       Delay        Time   Description
---------------------------------------------------------------------------------------------
                      0.000000    0.000000    0.000000   clock __VIRTUAL_CLK__ (rise edge)
                                  0.000000    0.000000   clock network delay (ideal)
                                  2.000000    2.000000 v input external delay
     1    0.002916    0.008901    0.004619    2.004619 v prev_11[3] (in)
                                                         prev_11[3] (net)
                      0.008901    0.000000    2.004619 v input16/A (sky130_fd_sc_hd__buf_1)
     4    0.014600    0.089944    0.124404    2.129022 v input16/X (sky130_fd_sc_hd__buf_1)
                                                         net16 (net)
                      0.089944    0.000191    2.129214 v _60_/B (sky130_fd_sc_hd__or2_1)
     2    0.006126    0.063270    0.239178    2.368392 v _60_/X (sky130_fd_sc_hd__or2_1)
                                                         _21_ (net)
                      0.063270    0.000029    2.368421 v _63_/A2 (sky130_fd_sc_hd__a211o_1)
     1    0.002925    0.047678    0.291078    2.659499 v _63_/X (sky130_fd_sc_hd__a211o_1)
                                                         _24_ (net)
                      0.047678    0.000018    2.659517 v _64_/C1 (sky130_fd_sc_hd__o221a_1)
     4    0.017547    0.114068    0.178417    2.837934 v _64_/X (sky130_fd_sc_hd__o221a_1)
                                                         _25_ (net)
                      0.114068    0.000314    2.838248 v _72_/S (sky130_fd_sc_hd__mux2_1)
     2    0.005541    0.068479    0.348578    3.186826 v _72_/X (sky130_fd_sc_hd__mux2_1)
                                                         _33_ (net)
                      0.068479    0.000050    3.186876 v _76_/A3 (sky130_fd_sc_hd__a311o_1)
     1    0.003304    0.056195    0.354182    3.541059 v _76_/X (sky130_fd_sc_hd__a311o_1)
                                                         _37_ (net)
                      0.056195    0.000036    3.541094 v _78_/A2 (sky130_fd_sc_hd__o21ai_1)
     2    0.009955    0.220198    0.208708    3.749802 ^ _78_/Y (sky130_fd_sc_hd__o21ai_1)
                                                         net18 (net)
                      0.220198    0.000197    3.750000 ^ _79_/S (sky130_fd_sc_hd__mux2_1)
     1    0.004151    0.062296    0.354789    4.104789 v _79_/X (sky130_fd_sc_hd__mux2_1)
                                                         net17 (net)
                      0.062296    0.000081    4.104870 v output17/A (sky130_fd_sc_hd__buf_2)
     1    0.033846    0.088335    0.187382    4.292252 v output17/X (sky130_fd_sc_hd__buf_2)
                                                         winner_state[0] (net)
                      0.088335    0.000163    4.292415 v winner_state[0] (out)
                                              4.292415   data arrival time

                      0.000000   10.000000   10.000000   clock __VIRTUAL_CLK__ (rise edge)
                                  0.000000   10.000000   clock network delay (ideal)
                                 -0.250000    9.750000   clock uncertainty
                                  0.000000    9.750000   clock reconvergence pessimism
                                 -2.000000    7.750000   output external delay
                                              7.750000   data required time
---------------------------------------------------------------------------------------------
                                              7.750000   data required time
                                             -4.292415   data arrival time
---------------------------------------------------------------------------------------------
                                              3.457585   slack (MET)


Startpoint: prev_11[3] (input port clocked by __VIRTUAL_CLK__)
Endpoint: winner_state[1] (output port clocked by __VIRTUAL_CLK__)
Path Group: __VIRTUAL_CLK__
Path Type: max

Fanout         Cap        Slew       Delay        Time   Description
---------------------------------------------------------------------------------------------
                      0.000000    0.000000    0.000000   clock __VIRTUAL_CLK__ (rise edge)
                                  0.000000    0.000000   clock network delay (ideal)
                                  2.000000    2.000000 v input external delay
     1    0.002916    0.008901    0.004619    2.004619 v prev_11[3] (in)
                                                         prev_11[3] (net)
                      0.008901    0.000000    2.004619 v input16/A (sky130_fd_sc_hd__buf_1)
     4    0.014600    0.089944    0.124404    2.129022 v input16/X (sky130_fd_sc_hd__buf_1)
                                                         net16 (net)
                      0.089944    0.000191    2.129214 v _60_/B (sky130_fd_sc_hd__or2_1)
     2    0.006126    0.063270    0.239178    2.368392 v _60_/X (sky130_fd_sc_hd__or2_1)
                                                         _21_ (net)
                      0.063270    0.000029    2.368421 v _63_/A2 (sky130_fd_sc_hd__a211o_1)
     1    0.002925    0.047678    0.291078    2.659499 v _63_/X (sky130_fd_sc_hd__a211o_1)
                                                         _24_ (net)
                      0.047678    0.000018    2.659517 v _64_/C1 (sky130_fd_sc_hd__o221a_1)
     4    0.017547    0.114068    0.178417    2.837934 v _64_/X (sky130_fd_sc_hd__o221a_1)
                                                         _25_ (net)
                      0.114068    0.000314    2.838248 v _72_/S (sky130_fd_sc_hd__mux2_1)
     2    0.005541    0.068479    0.348578    3.186826 v _72_/X (sky130_fd_sc_hd__mux2_1)
                                                         _33_ (net)
                      0.068479    0.000050    3.186876 v _76_/A3 (sky130_fd_sc_hd__a311o_1)
     1    0.003304    0.056195    0.354182    3.541059 v _76_/X (sky130_fd_sc_hd__a311o_1)
                                                         _37_ (net)
                      0.056195    0.000036    3.541094 v _78_/A2 (sky130_fd_sc_hd__o21ai_1)
     2    0.009955    0.220198    0.208708    3.749802 ^ _78_/Y (sky130_fd_sc_hd__o21ai_1)
                                                         net18 (net)
                      0.220198    0.000215    3.750017 ^ output18/A (sky130_fd_sc_hd__buf_2)
     1    0.033873    0.168799    0.252098    4.002116 ^ output18/X (sky130_fd_sc_hd__buf_2)
                                                         winner_state[1] (net)
                      0.168799    0.000172    4.002287 ^ winner_state[1] (out)
                                              4.002287   data arrival time

                      0.000000   10.000000   10.000000   clock __VIRTUAL_CLK__ (rise edge)
                                  0.000000   10.000000   clock network delay (ideal)
                                 -0.250000    9.750000   clock uncertainty
                                  0.000000    9.750000   clock reconvergence pessimism
                                 -2.000000    7.750000   output external delay
                                              7.750000   data required time
---------------------------------------------------------------------------------------------
                                              7.750000   data required time
                                             -4.002287   data arrival time
---------------------------------------------------------------------------------------------
                                              3.747712   slack (MET)



