Reading timing models for corner min_tt_025C_1v80…
Reading cell library for the 'min_tt_025C_1v80' corner at '/home/edabk/.volare/volare/sky130/versions/0fe599b2afb6708d281543108caf8310912f54af/sky130A/libs.ref/sky130_fd_sc_hd/lib/sky130_fd_sc_hd__tt_025C_1v80.lib'…
Reading top-level netlist at '/home/edabk/Desktop/Tu67/MARCO_ultra/Maximum_Path_Memory/runs/Maximum_Path_Memory_run/51-openroad-fillinsertion/Maximum_Path_Memory.nl.v'…
Linking design 'Maximum_Path_Memory' from netlist…
Warning: /home/edabk/Desktop/Tu67/MARCO_ultra/Maximum_Path_Memory/runs/Maximum_Path_Memory_run/51-openroad-fillinsertion/Maximum_Path_Memory.nl.v line 244, module sky130_fd_sc_hd__tapvpwrvgnd_1 not found. Creating black box for TAP_TAPCELL_ROW_0_28.
Warning: /home/edabk/Desktop/Tu67/MARCO_ultra/Maximum_Path_Memory/runs/Maximum_Path_Memory_run/51-openroad-fillinsertion/Maximum_Path_Memory.nl.v line 328, module sky130_ef_sc_hd__decap_12 not found. Creating black box for FILLER_0_3.
Warning: /home/edabk/Desktop/Tu67/MARCO_ultra/Maximum_Path_Memory/runs/Maximum_Path_Memory_run/51-openroad-fillinsertion/Maximum_Path_Memory.nl.v line 330, module sky130_fd_sc_hd__fill_1 not found. Creating black box for FILLER_0_27.
Warning: /home/edabk/Desktop/Tu67/MARCO_ultra/Maximum_Path_Memory/runs/Maximum_Path_Memory_run/51-openroad-fillinsertion/Maximum_Path_Memory.nl.v line 565, module sky130_fd_sc_hd__fill_2 not found. Creating black box for FILLER_11_98.
Reading design constraints file at '/nix/store/h0ldzjka94yryiq8yxbxmwargpnmwhx6-python3-3.11.9-env/lib/python3.11/site-packages/openlane/scripts/base.sdc'…
Warning: base.sdc line 15, port '__VIRTUAL_CLK__' not found.
[INFO] Using clock __VIRTUAL_CLK__…
[INFO] Setting output delay to: 2
[INFO] Setting input delay to: 2
Warning: base.sdc line 32, port '__VIRTUAL_CLK__' not found.
[INFO] Setting load to: 0.033442
[INFO] Setting clock uncertainty to: 0.25
[INFO] Setting clock transition to: 0.1499999999999999944488848768742172978818416595458984375
Warning: base.sdc line 69, transition time can not be specified for virtual clocks.
[INFO] Setting timing derate to: 5%
Warning: base.sdc line 79, virtual clock __VIRTUAL_CLK__ can not be propagated.
Reading top-level design parasitics for the 'min_tt_025C_1v80' corner at '/home/edabk/Desktop/Tu67/MARCO_ultra/Maximum_Path_Memory/runs/Maximum_Path_Memory_run/53-openroad-rcx/min/Maximum_Path_Memory.min.spef'…
%OL_CREATE_REPORT min.rpt

===========================================================================
report_checks -path_delay min (Hold)
============================================================================
======================= min_tt_025C_1v80 Corner ===================================

Startpoint: prev_10[3] (input port clocked by __VIRTUAL_CLK__)
Endpoint: winner_state[1] (output port clocked by __VIRTUAL_CLK__)
Path Group: __VIRTUAL_CLK__
Path Type: min

Fanout         Cap        Slew       Delay        Time   Description
---------------------------------------------------------------------------------------------
                      0.000000    0.000000    0.000000   clock __VIRTUAL_CLK__ (rise edge)
                                  0.000000    0.000000   clock network delay (ideal)
                                  2.000000    2.000000 ^ input external delay
     1    0.003424    0.022435    0.012494    2.012494 ^ prev_10[3] (in)
                                                         prev_10[3] (net)
                      0.022435    0.000000    2.012494 ^ input12/A (sky130_fd_sc_hd__buf_1)
     4    0.010976    0.135703    0.137600    2.150094 ^ input12/X (sky130_fd_sc_hd__buf_1)
                                                         net12 (net)
                      0.135703    0.000088    2.150182 ^ _59_/A (sky130_fd_sc_hd__nand2_1)
     3    0.008748    0.078586    0.104943    2.255125 v _59_/Y (sky130_fd_sc_hd__nand2_1)
                                                         _20_ (net)
                      0.078586    0.000065    2.255190 v _77_/B (sky130_fd_sc_hd__nand2b_1)
     1    0.002366    0.043244    0.076293    2.331483 ^ _77_/Y (sky130_fd_sc_hd__nand2b_1)
                                                         _38_ (net)
                      0.043244    0.000011    2.331494 ^ _78_/B1 (sky130_fd_sc_hd__o21ai_1)
     2    0.009560    0.075237    0.093597    2.425091 v _78_/Y (sky130_fd_sc_hd__o21ai_1)
                                                         net18 (net)
                      0.075237    0.000205    2.425296 v output18/A (sky130_fd_sc_hd__buf_2)
     1    0.033873    0.088410    0.193312    2.618608 v output18/X (sky130_fd_sc_hd__buf_2)
                                                         winner_state[1] (net)
                      0.088410    0.000172    2.618780 v winner_state[1] (out)
                                              2.618780   data arrival time

                      0.000000    0.000000    0.000000   clock __VIRTUAL_CLK__ (rise edge)
                                  0.000000    0.000000   clock network delay (ideal)
                                  0.250000    0.250000   clock uncertainty
                                  0.000000    0.250000   clock reconvergence pessimism
                                 -2.000000   -1.750000   output external delay
                                             -1.750000   data required time
---------------------------------------------------------------------------------------------
                                             -1.750000   data required time
                                             -2.618780   data arrival time
---------------------------------------------------------------------------------------------
                                              4.368780   slack (MET)


Startpoint: prev_10[3] (input port clocked by __VIRTUAL_CLK__)
Endpoint: winner_state[0] (output port clocked by __VIRTUAL_CLK__)
Path Group: __VIRTUAL_CLK__
Path Type: min

Fanout         Cap        Slew       Delay        Time   Description
---------------------------------------------------------------------------------------------
                      0.000000    0.000000    0.000000   clock __VIRTUAL_CLK__ (rise edge)
                                  0.000000    0.000000   clock network delay (ideal)
                                  2.000000    2.000000 v input external delay
     1    0.003248    0.009673    0.005182    2.005182 v prev_10[3] (in)
                                                         prev_10[3] (net)
                      0.009673    0.000000    2.005182 v input12/A (sky130_fd_sc_hd__buf_1)
     4    0.010415    0.066715    0.107108    2.112290 v input12/X (sky130_fd_sc_hd__buf_1)
                                                         net12 (net)
                      0.066715    0.000085    2.112375 v _59_/A (sky130_fd_sc_hd__nand2_1)
     3    0.009340    0.093393    0.104412    2.216787 ^ _59_/Y (sky130_fd_sc_hd__nand2_1)
                                                         _20_ (net)
                      0.093393    0.000069    2.216856 ^ _77_/B (sky130_fd_sc_hd__nand2b_1)
     1    0.002323    0.035595    0.058532    2.275388 v _77_/Y (sky130_fd_sc_hd__nand2b_1)
                                                         _38_ (net)
                      0.035595    0.000011    2.275399 v _78_/B1 (sky130_fd_sc_hd__o21ai_1)
     2    0.009955    0.161629    0.129736    2.405135 ^ _78_/Y (sky130_fd_sc_hd__o21ai_1)
                                                         net18 (net)
                      0.161629    0.000197    2.405332 ^ _79_/S (sky130_fd_sc_hd__mux2_1)
     1    0.004311    0.052922    0.165650    2.570982 ^ _79_/X (sky130_fd_sc_hd__mux2_1)
                                                         net17 (net)
                      0.052922    0.000086    2.571068 ^ output17/A (sky130_fd_sc_hd__buf_2)
     1    0.033846    0.168128    0.199952    2.771020 ^ output17/X (sky130_fd_sc_hd__buf_2)
                                                         winner_state[0] (net)
                      0.168128    0.000163    2.771183 ^ winner_state[0] (out)
                                              2.771183   data arrival time

                      0.000000    0.000000    0.000000   clock __VIRTUAL_CLK__ (rise edge)
                                  0.000000    0.000000   clock network delay (ideal)
                                  0.250000    0.250000   clock uncertainty
                                  0.000000    0.250000   clock reconvergence pessimism
                                 -2.000000   -1.750000   output external delay
                                             -1.750000   data required time
---------------------------------------------------------------------------------------------
                                             -1.750000   data required time
                                             -2.771183   data arrival time
---------------------------------------------------------------------------------------------
                                              4.521183   slack (MET)



%OL_END_REPORT
%OL_CREATE_REPORT max.rpt

===========================================================================
report_checks -path_delay max (Setup)
============================================================================
======================= min_tt_025C_1v80 Corner ===================================

Startpoint: prev_11[3] (input port clocked by __VIRTUAL_CLK__)
Endpoint: winner_state[0] (output port clocked by __VIRTUAL_CLK__)
Path Group: __VIRTUAL_CLK__
Path Type: max

Fanout         Cap        Slew       Delay        Time   Description
---------------------------------------------------------------------------------------------
                      0.000000    0.000000    0.000000   clock __VIRTUAL_CLK__ (rise edge)
                                  0.000000    0.000000   clock network delay (ideal)
                                  2.000000    2.000000 v input external delay
     1    0.002916    0.008901    0.004619    2.004619 v prev_11[3] (in)
                                                         prev_11[3] (net)
                      0.008901    0.000000    2.004619 v input16/A (sky130_fd_sc_hd__buf_1)
     4    0.014600    0.089944    0.124404    2.129022 v input16/X (sky130_fd_sc_hd__buf_1)
                                                         net16 (net)
                      0.089944    0.000191    2.129214 v _60_/B (sky130_fd_sc_hd__or2_1)
     2    0.006126    0.063270    0.239178    2.368392 v _60_/X (sky130_fd_sc_hd__or2_1)
                                                         _21_ (net)
                      0.063270    0.000029    2.368421 v _63_/A2 (sky130_fd_sc_hd__a211o_1)
     1    0.002925    0.047678    0.291078    2.659499 v _63_/X (sky130_fd_sc_hd__a211o_1)
                                                         _24_ (net)
                      0.047678    0.000018    2.659517 v _64_/C1 (sky130_fd_sc_hd__o221a_1)
     4    0.017547    0.114068    0.178417    2.837934 v _64_/X (sky130_fd_sc_hd__o221a_1)
                                                         _25_ (net)
                      0.114068    0.000314    2.838248 v _72_/S (sky130_fd_sc_hd__mux2_1)
     2    0.005541    0.068479    0.348578    3.186826 v _72_/X (sky130_fd_sc_hd__mux2_1)
                                                         _33_ (net)
                      0.068479    0.000050    3.186876 v _76_/A3 (sky130_fd_sc_hd__a311o_1)
     1    0.003304    0.056195    0.354182    3.541059 v _76_/X (sky130_fd_sc_hd__a311o_1)
                                                         _37_ (net)
                      0.056195    0.000036    3.541094 v _78_/A2 (sky130_fd_sc_hd__o21ai_1)
     2    0.009955    0.220198    0.208708    3.749802 ^ _78_/Y (sky130_fd_sc_hd__o21ai_1)
                                                         net18 (net)
                      0.220198    0.000197    3.750000 ^ _79_/S (sky130_fd_sc_hd__mux2_1)
     1    0.004151    0.062296    0.354789    4.104789 v _79_/X (sky130_fd_sc_hd__mux2_1)
                                                         net17 (net)
                      0.062296    0.000081    4.104870 v output17/A (sky130_fd_sc_hd__buf_2)
     1    0.033846    0.088335    0.187382    4.292252 v output17/X (sky130_fd_sc_hd__buf_2)
                                                         winner_state[0] (net)
                      0.088335    0.000163    4.292415 v winner_state[0] (out)
                                              4.292415   data arrival time

                      0.000000   10.000000   10.000000   clock __VIRTUAL_CLK__ (rise edge)
                                  0.000000   10.000000   clock network delay (ideal)
                                 -0.250000    9.750000   clock uncertainty
                                  0.000000    9.750000   clock reconvergence pessimism
                                 -2.000000    7.750000   output external delay
                                              7.750000   data required time
---------------------------------------------------------------------------------------------
                                              7.750000   data required time
                                             -4.292415   data arrival time
---------------------------------------------------------------------------------------------
                                              3.457585   slack (MET)


Startpoint: prev_11[3] (input port clocked by __VIRTUAL_CLK__)
Endpoint: winner_state[1] (output port clocked by __VIRTUAL_CLK__)
Path Group: __VIRTUAL_CLK__
Path Type: max

Fanout         Cap        Slew       Delay        Time   Description
---------------------------------------------------------------------------------------------
                      0.000000    0.000000    0.000000   clock __VIRTUAL_CLK__ (rise edge)
                                  0.000000    0.000000   clock network delay (ideal)
                                  2.000000    2.000000 v input external delay
     1    0.002916    0.008901    0.004619    2.004619 v prev_11[3] (in)
                                                         prev_11[3] (net)
                      0.008901    0.000000    2.004619 v input16/A (sky130_fd_sc_hd__buf_1)
     4    0.014600    0.089944    0.124404    2.129022 v input16/X (sky130_fd_sc_hd__buf_1)
                                                         net16 (net)
                      0.089944    0.000191    2.129214 v _60_/B (sky130_fd_sc_hd__or2_1)
     2    0.006126    0.063270    0.239178    2.368392 v _60_/X (sky130_fd_sc_hd__or2_1)
                                                         _21_ (net)
                      0.063270    0.000029    2.368421 v _63_/A2 (sky130_fd_sc_hd__a211o_1)
     1    0.002925    0.047678    0.291078    2.659499 v _63_/X (sky130_fd_sc_hd__a211o_1)
                                                         _24_ (net)
                      0.047678    0.000018    2.659517 v _64_/C1 (sky130_fd_sc_hd__o221a_1)
     4    0.017547    0.114068    0.178417    2.837934 v _64_/X (sky130_fd_sc_hd__o221a_1)
                                                         _25_ (net)
                      0.114068    0.000314    2.838248 v _72_/S (sky130_fd_sc_hd__mux2_1)
     2    0.005541    0.068479    0.348578    3.186826 v _72_/X (sky130_fd_sc_hd__mux2_1)
                                                         _33_ (net)
                      0.068479    0.000050    3.186876 v _76_/A3 (sky130_fd_sc_hd__a311o_1)
     1    0.003304    0.056195    0.354182    3.541059 v _76_/X (sky130_fd_sc_hd__a311o_1)
                                                         _37_ (net)
                      0.056195    0.000036    3.541094 v _78_/A2 (sky130_fd_sc_hd__o21ai_1)
     2    0.009955    0.220198    0.208708    3.749802 ^ _78_/Y (sky130_fd_sc_hd__o21ai_1)
                                                         net18 (net)
                      0.220198    0.000215    3.750017 ^ output18/A (sky130_fd_sc_hd__buf_2)
     1    0.033873    0.168799    0.252098    4.002116 ^ output18/X (sky130_fd_sc_hd__buf_2)
                                                         winner_state[1] (net)
                      0.168799    0.000172    4.002287 ^ winner_state[1] (out)
                                              4.002287   data arrival time

                      0.000000   10.000000   10.000000   clock __VIRTUAL_CLK__ (rise edge)
                                  0.000000   10.000000   clock network delay (ideal)
                                 -0.250000    9.750000   clock uncertainty
                                  0.000000    9.750000   clock reconvergence pessimism
                                 -2.000000    7.750000   output external delay
                                              7.750000   data required time
---------------------------------------------------------------------------------------------
                                              7.750000   data required time
                                             -4.002287   data arrival time
---------------------------------------------------------------------------------------------
                                              3.747712   slack (MET)



%OL_END_REPORT
%OL_CREATE_REPORT checks.rpt

===========================================================================
report_checks -unconstrained
===========================================================================
======================= min_tt_025C_1v80 Corner ===================================

Startpoint: prev_11[3] (input port clocked by __VIRTUAL_CLK__)
Endpoint: winner_state[0] (output port clocked by __VIRTUAL_CLK__)
Path Group: __VIRTUAL_CLK__
Path Type: max

Fanout         Cap        Slew       Delay        Time   Description
---------------------------------------------------------------------------------------------
                      0.000000    0.000000    0.000000   clock __VIRTUAL_CLK__ (rise edge)
                                  0.000000    0.000000   clock network delay (ideal)
                                  2.000000    2.000000 v input external delay
     1    0.002916    0.008901    0.004619    2.004619 v prev_11[3] (in)
                                                         prev_11[3] (net)
                      0.008901    0.000000    2.004619 v input16/A (sky130_fd_sc_hd__buf_1)
     4    0.014600    0.089944    0.124404    2.129022 v input16/X (sky130_fd_sc_hd__buf_1)
                                                         net16 (net)
                      0.089944    0.000191    2.129214 v _60_/B (sky130_fd_sc_hd__or2_1)
     2    0.006126    0.063270    0.239178    2.368392 v _60_/X (sky130_fd_sc_hd__or2_1)
                                                         _21_ (net)
                      0.063270    0.000029    2.368421 v _63_/A2 (sky130_fd_sc_hd__a211o_1)
     1    0.002925    0.047678    0.291078    2.659499 v _63_/X (sky130_fd_sc_hd__a211o_1)
                                                         _24_ (net)
                      0.047678    0.000018    2.659517 v _64_/C1 (sky130_fd_sc_hd__o221a_1)
     4    0.017547    0.114068    0.178417    2.837934 v _64_/X (sky130_fd_sc_hd__o221a_1)
                                                         _25_ (net)
                      0.114068    0.000314    2.838248 v _72_/S (sky130_fd_sc_hd__mux2_1)
     2    0.005541    0.068479    0.348578    3.186826 v _72_/X (sky130_fd_sc_hd__mux2_1)
                                                         _33_ (net)
                      0.068479    0.000050    3.186876 v _76_/A3 (sky130_fd_sc_hd__a311o_1)
     1    0.003304    0.056195    0.354182    3.541059 v _76_/X (sky130_fd_sc_hd__a311o_1)
                                                         _37_ (net)
                      0.056195    0.000036    3.541094 v _78_/A2 (sky130_fd_sc_hd__o21ai_1)
     2    0.009955    0.220198    0.208708    3.749802 ^ _78_/Y (sky130_fd_sc_hd__o21ai_1)
                                                         net18 (net)
                      0.220198    0.000197    3.750000 ^ _79_/S (sky130_fd_sc_hd__mux2_1)
     1    0.004151    0.062296    0.354789    4.104789 v _79_/X (sky130_fd_sc_hd__mux2_1)
                                                         net17 (net)
                      0.062296    0.000081    4.104870 v output17/A (sky130_fd_sc_hd__buf_2)
     1    0.033846    0.088335    0.187382    4.292252 v output17/X (sky130_fd_sc_hd__buf_2)
                                                         winner_state[0] (net)
                      0.088335    0.000163    4.292415 v winner_state[0] (out)
                                              4.292415   data arrival time

                      0.000000   10.000000   10.000000   clock __VIRTUAL_CLK__ (rise edge)
                                  0.000000   10.000000   clock network delay (ideal)
                                 -0.250000    9.750000   clock uncertainty
                                  0.000000    9.750000   clock reconvergence pessimism
                                 -2.000000    7.750000   output external delay
                                              7.750000   data required time
---------------------------------------------------------------------------------------------
                                              7.750000   data required time
                                             -4.292415   data arrival time
---------------------------------------------------------------------------------------------
                                              3.457585   slack (MET)




===========================================================================
report_checks --slack_max -0.01
============================================================================
======================= min_tt_025C_1v80 Corner ===================================

No paths found.


===========================================================================
 report_check_types -max_slew -max_cap -max_fanout -violators
============================================================================
======================= min_tt_025C_1v80 Corner ===================================



===========================================================================
report_parasitic_annotation -report_unannotated
============================================================================
Found 0 unannotated drivers.
Found 0 partially unannotated drivers.

===========================================================================
max slew violation count 0
%OL_METRIC_I design__max_slew_violation__count__corner:min_tt_025C_1v80 0
max fanout violation count 0
%OL_METRIC_I design__max_fanout_violation__count__corner:min_tt_025C_1v80 0
max cap violation count 0
%OL_METRIC_I design__max_cap_violation__count__corner:min_tt_025C_1v80 0
============================================================================

===========================================================================
check_setup -verbose -unconstrained_endpoints -multiple_clock -no_clock -no_input_delay -loops -generated_clocks
===========================================================================
%OL_END_REPORT
%OL_CREATE_REPORT power.rpt

===========================================================================
 report_power
============================================================================
======================= min_tt_025C_1v80 Corner ===================================

Group                    Internal    Switching      Leakage        Total
                            Power        Power        Power        Power (Watts)
------------------------------------------------------------------------
Sequential           0.000000e+00 0.000000e+00 0.000000e+00 0.000000e+00   0.0%
Combinational        1.001235e-05 1.355394e-05 1.603390e-10 2.356646e-05 100.0%
Clock                0.000000e+00 0.000000e+00 2.754043e-10 2.754043e-10   0.0%
Macro                0.000000e+00 0.000000e+00 0.000000e+00 0.000000e+00   0.0%
Pad                  0.000000e+00 0.000000e+00 0.000000e+00 0.000000e+00   0.0%
------------------------------------------------------------------------
Total                1.001235e-05 1.355394e-05 4.357434e-10 2.356673e-05 100.0%
                            42.5%        57.5%         0.0%
%OL_METRIC_F power__internal__total 1.001235159492353e-5
%OL_METRIC_F power__switching__total 1.3553943972510751e-5
%OL_METRIC_F power__leakage__total 4.3574335806262354e-10
%OL_METRIC_F power__total 2.3566732124891132e-5

%OL_END_REPORT
%OL_CREATE_REPORT skew.min.rpt

===========================================================================
Clock Skew (Hold)
============================================================================
%OL_METRIC_F clock__skew__worst_hold__corner:min_tt_025C_1v80 0.0
======================= min_tt_025C_1v80 Corner ===================================

Clock __VIRTUAL_CLK__
No launch/capture paths found.

%OL_END_REPORT
%OL_CREATE_REPORT skew.max.rpt

===========================================================================
Clock Skew (Setup)
============================================================================
%OL_METRIC_F clock__skew__worst_setup__corner:min_tt_025C_1v80 0.0
======================= min_tt_025C_1v80 Corner ===================================

Clock __VIRTUAL_CLK__
No launch/capture paths found.

%OL_END_REPORT
%OL_CREATE_REPORT ws.min.rpt

===========================================================================
Worst Slack (Hold)
============================================================================
%OL_METRIC_F timing__hold__ws__corner:min_tt_025C_1v80 4.368779683895071
min_tt_025C_1v80: 4.368779683895071
%OL_END_REPORT
%OL_CREATE_REPORT ws.max.rpt

===========================================================================
Worst Slack (Setup)
============================================================================
%OL_METRIC_F timing__setup__ws__corner:min_tt_025C_1v80 3.457585426945713
min_tt_025C_1v80: 3.457585426945713
%OL_END_REPORT
%OL_CREATE_REPORT tns.min.rpt

===========================================================================
Total Negative Slack (Hold)
============================================================================
%OL_METRIC_F timing__hold__tns__corner:min_tt_025C_1v80 0.0
min_tt_025C_1v80: 0.0
%OL_END_REPORT
%OL_CREATE_REPORT tns.max.rpt

===========================================================================
Total Negative Slack (Setup)
============================================================================
%OL_METRIC_F timing__setup__tns__corner:min_tt_025C_1v80 0.0
min_tt_025C_1v80: 0.0
%OL_END_REPORT
%OL_CREATE_REPORT wns.min.rpt

===========================================================================
Worst Negative Slack (Hold)
============================================================================
%OL_METRIC_F timing__hold__wns__corner:min_tt_025C_1v80 0
min_tt_025C_1v80: 0
%OL_END_REPORT
%OL_CREATE_REPORT wns.max.rpt

===========================================================================
Worst Negative Slack (Setup)
============================================================================
%OL_METRIC_F timing__setup__wns__corner:min_tt_025C_1v80 0.0
min_tt_025C_1v80: 0.0
%OL_END_REPORT
%OL_CREATE_REPORT violator_list.rpt

===========================================================================
Violator List
============================================================================
%OL_METRIC_I timing__hold_vio__count__corner:min_tt_025C_1v80 0
%OL_METRIC_F timing__hold_r2r__ws__corner:min_tt_025C_1v80 inf
%OL_METRIC_I timing__hold_r2r_vio__count__corner:min_tt_025C_1v80 0
%OL_METRIC_I timing__setup_vio__count__corner:min_tt_025C_1v80 0
%OL_METRIC_F timing__setup_r2r__ws__corner:min_tt_025C_1v80 inf
%OL_METRIC_I timing__setup_r2r_vio__count__corner:min_tt_025C_1v80 0
%OL_END_REPORT
%OL_CREATE_REPORT unpropagated.rpt
__VIRTUAL_CLK__
%OL_END_REPORT
%OL_CREATE_REPORT clock.rpt
Clock: __VIRTUAL_CLK__
Sources: 
Generated: no
Virtual: yes
Propagated: no
Period: 10.000000

===========================================================================
report_clock_properties
============================================================================
Clock                   Period          Waveform
----------------------------------------------------
__VIRTUAL_CLK__      10.000000    0.000000  5.000000

===========================================================================
report_clock_latency
============================================================================
Clock __VIRTUAL_CLK__


===========================================================================
report_clock_min_period
============================================================================
__VIRTUAL_CLK__ period_min = 0.00 fmax = inf
%OL_END_REPORT
Writing SDF files for all corners…
Removing Clock latencies before writing libs…
Writing timing models for all corners…
Writing timing models for the min_tt_025C_1v80 corner to /home/edabk/Desktop/Tu67/MARCO_ultra/Maximum_Path_Memory/runs/Maximum_Path_Memory_run/54-openroad-stapostpnr/min_tt_025C_1v80/Maximum_Path_Memory__min_tt_025C_1v80.lib…
