Clock: clk
Sources: clk 
Generated: no
Virtual: yes
Propagated: no
Period: 100.000000

===========================================================================
report_clock_properties
============================================================================
Clock                   Period          Waveform
----------------------------------------------------
clk                 100.000000    0.000000 50.000000

===========================================================================
report_clock_latency
============================================================================
Clock clk
rise -> rise
    min     max
0.000000 0.000000 source latency
0.587861         network latency _096_/CLK
        0.598792 network latency _101_/CLK
---------------
0.587861 0.598792 latency
        0.010931 skew

fall -> fall
    min     max
0.000000 0.000000 source latency
0.579941         network latency _096_/CLK
        0.589754 network latency _101_/CLK
---------------
0.579941 0.589754 latency
        0.009813 skew



===========================================================================
report_clock_min_period
============================================================================
clk period_min = 4.32 fmax = 231.58
