Clock: clk
Sources: clk 
Generated: no
Virtual: yes
Propagated: no
Period: 100.000000

===========================================================================
report_clock_properties
============================================================================
Clock                   Period          Waveform
----------------------------------------------------
clk                 100.000000    0.000000 50.000000

===========================================================================
report_clock_latency
============================================================================
Clock clk
rise -> rise
    min     max
0.000000 0.000000 source latency
0.189375         network latency _35_/CLK
        0.191409 network latency _34_/CLK
---------------
0.189375 0.191409 latency
        0.002034 skew

fall -> fall
    min     max
0.000000 0.000000 source latency
0.189804         network latency _30_/CLK
        0.191559 network latency _34_/CLK
---------------
0.189804 0.191559 latency
        0.001755 skew



===========================================================================
report_clock_min_period
============================================================================
clk period_min = 1.16 fmax = 861.60
