
===========================================================================
report_checks -path_delay max (Setup)
============================================================================
======================= nom_ss_100C_1v60 Corner ===================================

Startpoint: prev_10[3] (input port clocked by __VIRTUAL_CLK__)
Endpoint: winner_state[0] (output port clocked by __VIRTUAL_CLK__)
Path Group: __VIRTUAL_CLK__
Path Type: max

Fanout         Cap        Slew       Delay        Time   Description
---------------------------------------------------------------------------------------------
                      0.000000    0.000000    0.000000   clock __VIRTUAL_CLK__ (rise edge)
                                  0.000000    0.000000   clock network delay (ideal)
                                  2.000000    2.000000 v input external delay
     4    0.009344    0.045728    0.029303    2.029304 v prev_10[3] (in)
                                                         prev_10[3] (net)
                      0.045728    0.000000    2.029304 v _60_/A (sky130_fd_sc_hd__or2_2)
     2    0.004528    0.123725    0.664997    2.694301 v _60_/X (sky130_fd_sc_hd__or2_2)
                                                         _21_ (net)
                      0.123725    0.000000    2.694301 v _63_/A2 (sky130_fd_sc_hd__a211o_2)
     1    0.002288    0.078890    0.622338    3.316639 v _63_/X (sky130_fd_sc_hd__a211o_2)
                                                         _24_ (net)
                      0.078890    0.000000    3.316639 v _64_/C1 (sky130_fd_sc_hd__o221a_2)
     4    0.011288    0.131067    0.274735    3.591373 v _64_/X (sky130_fd_sc_hd__o221a_2)
                                                         _25_ (net)
                      0.131067    0.000000    3.591373 v _72_/S (sky130_fd_sc_hd__mux2_1)
     2    0.004445    0.132480    0.739514    4.330888 v _72_/X (sky130_fd_sc_hd__mux2_1)
                                                         _33_ (net)
                      0.132480    0.000000    4.330888 v _76_/A3 (sky130_fd_sc_hd__a311o_2)
     1    0.004167    0.100905    0.751713    5.082601 v _76_/X (sky130_fd_sc_hd__a311o_2)
                                                         _37_ (net)
                      0.100905    0.000000    5.082601 v _78_/A2 (sky130_fd_sc_hd__o21ai_2)
     2    0.036798    0.714582    0.613641    5.696241 ^ _78_/Y (sky130_fd_sc_hd__o21ai_2)
                                                         winner_state[1] (net)
                      0.714582    0.000000    5.696241 ^ _79_/S (sky130_fd_sc_hd__mux2_1)
     1    0.033442    0.365409    1.168030    6.864272 v _79_/X (sky130_fd_sc_hd__mux2_1)
                                                         winner_state[0] (net)
                      0.365409    0.000000    6.864272 v winner_state[0] (out)
                                              6.864272   data arrival time

                      0.000000   10.000000   10.000000   clock __VIRTUAL_CLK__ (rise edge)
                                  0.000000   10.000000   clock network delay (ideal)
                                 -0.250000    9.750000   clock uncertainty
                                  0.000000    9.750000   clock reconvergence pessimism
                                 -2.000000    7.750000   output external delay
                                              7.750000   data required time
---------------------------------------------------------------------------------------------
                                              7.750000   data required time
                                             -6.864272   data arrival time
---------------------------------------------------------------------------------------------
                                              0.885728   slack (MET)


Startpoint: prev_10[3] (input port clocked by __VIRTUAL_CLK__)
Endpoint: winner_state[1] (output port clocked by __VIRTUAL_CLK__)
Path Group: __VIRTUAL_CLK__
Path Type: max

Fanout         Cap        Slew       Delay        Time   Description
---------------------------------------------------------------------------------------------
                      0.000000    0.000000    0.000000   clock __VIRTUAL_CLK__ (rise edge)
                                  0.000000    0.000000   clock network delay (ideal)
                                  2.000000    2.000000 v input external delay
     4    0.009344    0.045728    0.029303    2.029304 v prev_10[3] (in)
                                                         prev_10[3] (net)
                      0.045728    0.000000    2.029304 v _60_/A (sky130_fd_sc_hd__or2_2)
     2    0.004528    0.123725    0.664997    2.694301 v _60_/X (sky130_fd_sc_hd__or2_2)
                                                         _21_ (net)
                      0.123725    0.000000    2.694301 v _63_/A2 (sky130_fd_sc_hd__a211o_2)
     1    0.002288    0.078890    0.622338    3.316639 v _63_/X (sky130_fd_sc_hd__a211o_2)
                                                         _24_ (net)
                      0.078890    0.000000    3.316639 v _64_/C1 (sky130_fd_sc_hd__o221a_2)
     4    0.011288    0.131067    0.274735    3.591373 v _64_/X (sky130_fd_sc_hd__o221a_2)
                                                         _25_ (net)
                      0.131067    0.000000    3.591373 v _72_/S (sky130_fd_sc_hd__mux2_1)
     2    0.004445    0.132480    0.739514    4.330888 v _72_/X (sky130_fd_sc_hd__mux2_1)
                                                         _33_ (net)
                      0.132480    0.000000    4.330888 v _76_/A3 (sky130_fd_sc_hd__a311o_2)
     1    0.004167    0.100905    0.751713    5.082601 v _76_/X (sky130_fd_sc_hd__a311o_2)
                                                         _37_ (net)
                      0.100905    0.000000    5.082601 v _78_/A2 (sky130_fd_sc_hd__o21ai_2)
     2    0.036798    0.714582    0.613641    5.696241 ^ _78_/Y (sky130_fd_sc_hd__o21ai_2)
                                                         winner_state[1] (net)
                      0.714582    0.000000    5.696241 ^ winner_state[1] (out)
                                              5.696241   data arrival time

                      0.000000   10.000000   10.000000   clock __VIRTUAL_CLK__ (rise edge)
                                  0.000000   10.000000   clock network delay (ideal)
                                 -0.250000    9.750000   clock uncertainty
                                  0.000000    9.750000   clock reconvergence pessimism
                                 -2.000000    7.750000   output external delay
                                              7.750000   data required time
---------------------------------------------------------------------------------------------
                                              7.750000   data required time
                                             -5.696241   data arrival time
---------------------------------------------------------------------------------------------
                                              2.053759   slack (MET)



