
===========================================================================
report_checks -path_delay max (Setup)
============================================================================
======================= nom_tt_025C_1v80 Corner ===================================

Startpoint: received[1] (input port clocked by __VIRTUAL_CLK__)
Endpoint: bm_00_10[0] (output port clocked by __VIRTUAL_CLK__)
Path Group: __VIRTUAL_CLK__
Path Type: max

Fanout         Cap        Slew       Delay        Time   Description
---------------------------------------------------------------------------------------------
                      0.000000    0.000000    0.000000   clock __VIRTUAL_CLK__ (rise edge)
                                  0.000000    0.000000   clock network delay (ideal)
                                  2.000000    2.000000 ^ input external delay
     6    0.026519    0.126682    0.085822    2.085822 ^ received[1] (in)
                                                         received[1] (net)
                      0.126682    0.000000    2.085822 ^ _02_/B (sky130_fd_sc_hd__xor2_2)
     4    0.038863    0.487376    0.420144    2.505967 ^ _02_/X (sky130_fd_sc_hd__xor2_2)
                                                         bm_00_00[0] (net)
                      0.487376    0.000000    2.505967 ^ _06_/A (sky130_fd_sc_hd__buf_2)
     1    0.033442    0.171075    0.300078    2.806045 ^ _06_/X (sky130_fd_sc_hd__buf_2)
                                                         bm_00_10[0] (net)
                      0.171075    0.000000    2.806045 ^ bm_00_10[0] (out)
                                              2.806045   data arrival time

                      0.000000   10.000000   10.000000   clock __VIRTUAL_CLK__ (rise edge)
                                  0.000000   10.000000   clock network delay (ideal)
                                 -0.250000    9.750000   clock uncertainty
                                  0.000000    9.750000   clock reconvergence pessimism
                                 -2.000000    7.750000   output external delay
                                              7.750000   data required time
---------------------------------------------------------------------------------------------
                                              7.750000   data required time
                                             -2.806045   data arrival time
---------------------------------------------------------------------------------------------
                                              4.943955   slack (MET)


Startpoint: received[1] (input port clocked by __VIRTUAL_CLK__)
Endpoint: bm_01_00[0] (output port clocked by __VIRTUAL_CLK__)
Path Group: __VIRTUAL_CLK__
Path Type: max

Fanout         Cap        Slew       Delay        Time   Description
---------------------------------------------------------------------------------------------
                      0.000000    0.000000    0.000000   clock __VIRTUAL_CLK__ (rise edge)
                                  0.000000    0.000000   clock network delay (ideal)
                                  2.000000    2.000000 ^ input external delay
     6    0.026519    0.126682    0.085822    2.085822 ^ received[1] (in)
                                                         received[1] (net)
                      0.126682    0.000000    2.085822 ^ _02_/B (sky130_fd_sc_hd__xor2_2)
     4    0.038863    0.487376    0.420144    2.505967 ^ _02_/X (sky130_fd_sc_hd__xor2_2)
                                                         bm_00_00[0] (net)
                      0.487376    0.000000    2.505967 ^ _07_/A (sky130_fd_sc_hd__buf_2)
     1    0.033442    0.171075    0.300078    2.806045 ^ _07_/X (sky130_fd_sc_hd__buf_2)
                                                         bm_01_00[0] (net)
                      0.171075    0.000000    2.806045 ^ bm_01_00[0] (out)
                                              2.806045   data arrival time

                      0.000000   10.000000   10.000000   clock __VIRTUAL_CLK__ (rise edge)
                                  0.000000   10.000000   clock network delay (ideal)
                                 -0.250000    9.750000   clock uncertainty
                                  0.000000    9.750000   clock reconvergence pessimism
                                 -2.000000    7.750000   output external delay
                                              7.750000   data required time
---------------------------------------------------------------------------------------------
                                              7.750000   data required time
                                             -2.806045   data arrival time
---------------------------------------------------------------------------------------------
                                              4.943955   slack (MET)


Startpoint: received[1] (input port clocked by __VIRTUAL_CLK__)
Endpoint: bm_01_10[0] (output port clocked by __VIRTUAL_CLK__)
Path Group: __VIRTUAL_CLK__
Path Type: max

Fanout         Cap        Slew       Delay        Time   Description
---------------------------------------------------------------------------------------------
                      0.000000    0.000000    0.000000   clock __VIRTUAL_CLK__ (rise edge)
                                  0.000000    0.000000   clock network delay (ideal)
                                  2.000000    2.000000 ^ input external delay
     6    0.026519    0.126682    0.085822    2.085822 ^ received[1] (in)
                                                         received[1] (net)
                      0.126682    0.000000    2.085822 ^ _02_/B (sky130_fd_sc_hd__xor2_2)
     4    0.038863    0.487376    0.420144    2.505967 ^ _02_/X (sky130_fd_sc_hd__xor2_2)
                                                         bm_00_00[0] (net)
                      0.487376    0.000000    2.505967 ^ _09_/A (sky130_fd_sc_hd__buf_2)
     1    0.033442    0.171075    0.300078    2.806045 ^ _09_/X (sky130_fd_sc_hd__buf_2)
                                                         bm_01_10[0] (net)
                      0.171075    0.000000    2.806045 ^ bm_01_10[0] (out)
                                              2.806045   data arrival time

                      0.000000   10.000000   10.000000   clock __VIRTUAL_CLK__ (rise edge)
                                  0.000000   10.000000   clock network delay (ideal)
                                 -0.250000    9.750000   clock uncertainty
                                  0.000000    9.750000   clock reconvergence pessimism
                                 -2.000000    7.750000   output external delay
                                              7.750000   data required time
---------------------------------------------------------------------------------------------
                                              7.750000   data required time
                                             -2.806045   data arrival time
---------------------------------------------------------------------------------------------
                                              4.943955   slack (MET)


Startpoint: received[0] (input port clocked by __VIRTUAL_CLK__)
Endpoint: bm_10_11[0] (output port clocked by __VIRTUAL_CLK__)
Path Group: __VIRTUAL_CLK__
Path Type: max

Fanout         Cap        Slew       Delay        Time   Description
---------------------------------------------------------------------------------------------
                      0.000000    0.000000    0.000000   clock __VIRTUAL_CLK__ (rise edge)
                                  0.000000    0.000000   clock network delay (ideal)
                                  2.000000    2.000000 v input external delay
     6    0.025542    0.058137    0.040891    2.040891 v received[0] (in)
                                                         received[0] (net)
                      0.058137    0.000000    2.040891 v _03_/A (sky130_fd_sc_hd__xnor2_2)
     4    0.038863    0.516468    0.440025    2.480916 ^ _03_/Y (sky130_fd_sc_hd__xnor2_2)
                                                         bm_10_01[0] (net)
                      0.516468    0.000000    2.480916 ^ _11_/A (sky130_fd_sc_hd__buf_2)
     1    0.033442    0.171279    0.304687    2.785603 ^ _11_/X (sky130_fd_sc_hd__buf_2)
                                                         bm_10_11[0] (net)
                      0.171279    0.000000    2.785603 ^ bm_10_11[0] (out)
                                              2.785603   data arrival time

                      0.000000   10.000000   10.000000   clock __VIRTUAL_CLK__ (rise edge)
                                  0.000000   10.000000   clock network delay (ideal)
                                 -0.250000    9.750000   clock uncertainty
                                  0.000000    9.750000   clock reconvergence pessimism
                                 -2.000000    7.750000   output external delay
                                              7.750000   data required time
---------------------------------------------------------------------------------------------
                                              7.750000   data required time
                                             -2.785603   data arrival time
---------------------------------------------------------------------------------------------
                                              4.964397   slack (MET)


Startpoint: received[0] (input port clocked by __VIRTUAL_CLK__)
Endpoint: bm_11_01[0] (output port clocked by __VIRTUAL_CLK__)
Path Group: __VIRTUAL_CLK__
Path Type: max

Fanout         Cap        Slew       Delay        Time   Description
---------------------------------------------------------------------------------------------
                      0.000000    0.000000    0.000000   clock __VIRTUAL_CLK__ (rise edge)
                                  0.000000    0.000000   clock network delay (ideal)
                                  2.000000    2.000000 v input external delay
     6    0.025542    0.058137    0.040891    2.040891 v received[0] (in)
                                                         received[0] (net)
                      0.058137    0.000000    2.040891 v _03_/A (sky130_fd_sc_hd__xnor2_2)
     4    0.038863    0.516468    0.440025    2.480916 ^ _03_/Y (sky130_fd_sc_hd__xnor2_2)
                                                         bm_10_01[0] (net)
                      0.516468    0.000000    2.480916 ^ _12_/A (sky130_fd_sc_hd__buf_2)
     1    0.033442    0.171279    0.304687    2.785603 ^ _12_/X (sky130_fd_sc_hd__buf_2)
                                                         bm_11_01[0] (net)
                      0.171279    0.000000    2.785603 ^ bm_11_01[0] (out)
                                              2.785603   data arrival time

                      0.000000   10.000000   10.000000   clock __VIRTUAL_CLK__ (rise edge)
                                  0.000000   10.000000   clock network delay (ideal)
                                 -0.250000    9.750000   clock uncertainty
                                  0.000000    9.750000   clock reconvergence pessimism
                                 -2.000000    7.750000   output external delay
                                              7.750000   data required time
---------------------------------------------------------------------------------------------
                                              7.750000   data required time
                                             -2.785603   data arrival time
---------------------------------------------------------------------------------------------
                                              4.964397   slack (MET)


Startpoint: received[0] (input port clocked by __VIRTUAL_CLK__)
Endpoint: bm_11_11[0] (output port clocked by __VIRTUAL_CLK__)
Path Group: __VIRTUAL_CLK__
Path Type: max

Fanout         Cap        Slew       Delay        Time   Description
---------------------------------------------------------------------------------------------
                      0.000000    0.000000    0.000000   clock __VIRTUAL_CLK__ (rise edge)
                                  0.000000    0.000000   clock network delay (ideal)
                                  2.000000    2.000000 v input external delay
     6    0.025542    0.058137    0.040891    2.040891 v received[0] (in)
                                                         received[0] (net)
                      0.058137    0.000000    2.040891 v _03_/A (sky130_fd_sc_hd__xnor2_2)
     4    0.038863    0.516468    0.440025    2.480916 ^ _03_/Y (sky130_fd_sc_hd__xnor2_2)
                                                         bm_10_01[0] (net)
                      0.516468    0.000000    2.480916 ^ _14_/A (sky130_fd_sc_hd__buf_2)
     1    0.033442    0.171279    0.304687    2.785603 ^ _14_/X (sky130_fd_sc_hd__buf_2)
                                                         bm_11_11[0] (net)
                      0.171279    0.000000    2.785603 ^ bm_11_11[0] (out)
                                              2.785603   data arrival time

                      0.000000   10.000000   10.000000   clock __VIRTUAL_CLK__ (rise edge)
                                  0.000000   10.000000   clock network delay (ideal)
                                 -0.250000    9.750000   clock uncertainty
                                  0.000000    9.750000   clock reconvergence pessimism
                                 -2.000000    7.750000   output external delay
                                              7.750000   data required time
---------------------------------------------------------------------------------------------
                                              7.750000   data required time
                                             -2.785603   data arrival time
---------------------------------------------------------------------------------------------
                                              4.964397   slack (MET)


Startpoint: received[0] (input port clocked by __VIRTUAL_CLK__)
Endpoint: bm_01_00[1] (output port clocked by __VIRTUAL_CLK__)
Path Group: __VIRTUAL_CLK__
Path Type: max

Fanout         Cap        Slew       Delay        Time   Description
---------------------------------------------------------------------------------------------
                      0.000000    0.000000    0.000000   clock __VIRTUAL_CLK__ (rise edge)
                                  0.000000    0.000000   clock network delay (ideal)
                                  2.000000    2.000000 v input external delay
     6    0.025542    0.058137    0.040891    2.040891 v received[0] (in)
                                                         received[0] (net)
                      0.058137    0.000000    2.040891 v _01_/A (sky130_fd_sc_hd__nor2_2)
     2    0.035249    0.391805    0.339335    2.380227 ^ _01_/Y (sky130_fd_sc_hd__nor2_2)
                                                         bm_00_10[1] (net)
                      0.391805    0.000000    2.380227 ^ _08_/A (sky130_fd_sc_hd__buf_2)
     1    0.033442    0.170405    0.284937    2.665164 ^ _08_/X (sky130_fd_sc_hd__buf_2)
                                                         bm_01_00[1] (net)
                      0.170405    0.000000    2.665164 ^ bm_01_00[1] (out)
                                              2.665164   data arrival time

                      0.000000   10.000000   10.000000   clock __VIRTUAL_CLK__ (rise edge)
                                  0.000000   10.000000   clock network delay (ideal)
                                 -0.250000    9.750000   clock uncertainty
                                  0.000000    9.750000   clock reconvergence pessimism
                                 -2.000000    7.750000   output external delay
                                              7.750000   data required time
---------------------------------------------------------------------------------------------
                                              7.750000   data required time
                                             -2.665164   data arrival time
---------------------------------------------------------------------------------------------
                                              5.084836   slack (MET)


Startpoint: received[0] (input port clocked by __VIRTUAL_CLK__)
Endpoint: bm_11_01[1] (output port clocked by __VIRTUAL_CLK__)
Path Group: __VIRTUAL_CLK__
Path Type: max

Fanout         Cap        Slew       Delay        Time   Description
---------------------------------------------------------------------------------------------
                      0.000000    0.000000    0.000000   clock __VIRTUAL_CLK__ (rise edge)
                                  0.000000    0.000000   clock network delay (ideal)
                                  2.000000    2.000000 ^ input external delay
     6    0.027813    0.132481    0.089860    2.089860 ^ received[0] (in)
                                                         received[0] (net)
                      0.132481    0.000000    2.089860 ^ _04_/A_N (sky130_fd_sc_hd__and2b_2)
     2    0.035089    0.106380    0.311673    2.401533 v _04_/X (sky130_fd_sc_hd__and2b_2)
                                                         bm_10_11[1] (net)
                      0.106380    0.000000    2.401533 v _13_/A (sky130_fd_sc_hd__buf_2)
     1    0.033442    0.087151    0.206811    2.608344 v _13_/X (sky130_fd_sc_hd__buf_2)
                                                         bm_11_01[1] (net)
                      0.087151    0.000000    2.608344 v bm_11_01[1] (out)
                                              2.608344   data arrival time

                      0.000000   10.000000   10.000000   clock __VIRTUAL_CLK__ (rise edge)
                                  0.000000   10.000000   clock network delay (ideal)
                                 -0.250000    9.750000   clock uncertainty
                                  0.000000    9.750000   clock reconvergence pessimism
                                 -2.000000    7.750000   output external delay
                                              7.750000   data required time
---------------------------------------------------------------------------------------------
                                              7.750000   data required time
                                             -2.608344   data arrival time
---------------------------------------------------------------------------------------------
                                              5.141656   slack (MET)


Startpoint: received[0] (input port clocked by __VIRTUAL_CLK__)
Endpoint: bm_01_10[1] (output port clocked by __VIRTUAL_CLK__)
Path Group: __VIRTUAL_CLK__
Path Type: max

Fanout         Cap        Slew       Delay        Time   Description
---------------------------------------------------------------------------------------------
                      0.000000    0.000000    0.000000   clock __VIRTUAL_CLK__ (rise edge)
                                  0.000000    0.000000   clock network delay (ideal)
                                  2.000000    2.000000 ^ input external delay
     6    0.027813    0.132481    0.089860    2.089860 ^ received[0] (in)
                                                         received[0] (net)
                      0.132481    0.000000    2.089860 ^ _00_/A (sky130_fd_sc_hd__and2_2)
     2    0.035249    0.189174    0.274661    2.364521 ^ _00_/X (sky130_fd_sc_hd__and2_2)
                                                         bm_00_00[1] (net)
                      0.189174    0.000000    2.364521 ^ _10_/A (sky130_fd_sc_hd__buf_2)
     1    0.033442    0.169395    0.242400    2.606920 ^ _10_/X (sky130_fd_sc_hd__buf_2)
                                                         bm_01_10[1] (net)
                      0.169395    0.000000    2.606920 ^ bm_01_10[1] (out)
                                              2.606920   data arrival time

                      0.000000   10.000000   10.000000   clock __VIRTUAL_CLK__ (rise edge)
                                  0.000000   10.000000   clock network delay (ideal)
                                 -0.250000    9.750000   clock uncertainty
                                  0.000000    9.750000   clock reconvergence pessimism
                                 -2.000000    7.750000   output external delay
                                              7.750000   data required time
---------------------------------------------------------------------------------------------
                                              7.750000   data required time
                                             -2.606920   data arrival time
---------------------------------------------------------------------------------------------
                                              5.143079   slack (MET)


Startpoint: received[1] (input port clocked by __VIRTUAL_CLK__)
Endpoint: bm_11_11[1] (output port clocked by __VIRTUAL_CLK__)
Path Group: __VIRTUAL_CLK__
Path Type: max

Fanout         Cap        Slew       Delay        Time   Description
---------------------------------------------------------------------------------------------
                      0.000000    0.000000    0.000000   clock __VIRTUAL_CLK__ (rise edge)
                                  0.000000    0.000000   clock network delay (ideal)
                                  2.000000    2.000000 ^ input external delay
     6    0.026519    0.126682    0.085822    2.085822 ^ received[1] (in)
                                                         received[1] (net)
                      0.126682    0.000000    2.085822 ^ _05_/A_N (sky130_fd_sc_hd__and2b_2)
     2    0.035089    0.106376    0.310640    2.396463 v _05_/X (sky130_fd_sc_hd__and2b_2)
                                                         bm_10_01[1] (net)
                      0.106376    0.000000    2.396463 v _15_/A (sky130_fd_sc_hd__buf_2)
     1    0.033442    0.087151    0.206809    2.603272 v _15_/X (sky130_fd_sc_hd__buf_2)
                                                         bm_11_11[1] (net)
                      0.087151    0.000000    2.603272 v bm_11_11[1] (out)
                                              2.603272   data arrival time

                      0.000000   10.000000   10.000000   clock __VIRTUAL_CLK__ (rise edge)
                                  0.000000   10.000000   clock network delay (ideal)
                                 -0.250000    9.750000   clock uncertainty
                                  0.000000    9.750000   clock reconvergence pessimism
                                 -2.000000    7.750000   output external delay
                                              7.750000   data required time
---------------------------------------------------------------------------------------------
                                              7.750000   data required time
                                             -2.603272   data arrival time
---------------------------------------------------------------------------------------------
                                              5.146728   slack (MET)


Startpoint: received[1] (input port clocked by __VIRTUAL_CLK__)
Endpoint: bm_00_00[0] (output port clocked by __VIRTUAL_CLK__)
Path Group: __VIRTUAL_CLK__
Path Type: max

Fanout         Cap        Slew       Delay        Time   Description
---------------------------------------------------------------------------------------------
                      0.000000    0.000000    0.000000   clock __VIRTUAL_CLK__ (rise edge)
                                  0.000000    0.000000   clock network delay (ideal)
                                  2.000000    2.000000 ^ input external delay
     6    0.026519    0.126682    0.085822    2.085822 ^ received[1] (in)
                                                         received[1] (net)
                      0.126682    0.000000    2.085822 ^ _02_/B (sky130_fd_sc_hd__xor2_2)
     4    0.038863    0.487376    0.420144    2.505967 ^ _02_/X (sky130_fd_sc_hd__xor2_2)
                                                         bm_00_00[0] (net)
                      0.487376    0.000000    2.505967 ^ bm_00_00[0] (out)
                                              2.505967   data arrival time

                      0.000000   10.000000   10.000000   clock __VIRTUAL_CLK__ (rise edge)
                                  0.000000   10.000000   clock network delay (ideal)
                                 -0.250000    9.750000   clock uncertainty
                                  0.000000    9.750000   clock reconvergence pessimism
                                 -2.000000    7.750000   output external delay
                                              7.750000   data required time
---------------------------------------------------------------------------------------------
                                              7.750000   data required time
                                             -2.505967   data arrival time
---------------------------------------------------------------------------------------------
                                              5.244033   slack (MET)


Startpoint: received[0] (input port clocked by __VIRTUAL_CLK__)
Endpoint: bm_10_01[0] (output port clocked by __VIRTUAL_CLK__)
Path Group: __VIRTUAL_CLK__
Path Type: max

Fanout         Cap        Slew       Delay        Time   Description
---------------------------------------------------------------------------------------------
                      0.000000    0.000000    0.000000   clock __VIRTUAL_CLK__ (rise edge)
                                  0.000000    0.000000   clock network delay (ideal)
                                  2.000000    2.000000 v input external delay
     6    0.025542    0.058137    0.040891    2.040891 v received[0] (in)
                                                         received[0] (net)
                      0.058137    0.000000    2.040891 v _03_/A (sky130_fd_sc_hd__xnor2_2)
     4    0.038863    0.516468    0.440025    2.480916 ^ _03_/Y (sky130_fd_sc_hd__xnor2_2)
                                                         bm_10_01[0] (net)
                      0.516468    0.000000    2.480916 ^ bm_10_01[0] (out)
                                              2.480916   data arrival time

                      0.000000   10.000000   10.000000   clock __VIRTUAL_CLK__ (rise edge)
                                  0.000000   10.000000   clock network delay (ideal)
                                 -0.250000    9.750000   clock uncertainty
                                  0.000000    9.750000   clock reconvergence pessimism
                                 -2.000000    7.750000   output external delay
                                              7.750000   data required time
---------------------------------------------------------------------------------------------
                                              7.750000   data required time
                                             -2.480916   data arrival time
---------------------------------------------------------------------------------------------
                                              5.269084   slack (MET)


Startpoint: received[0] (input port clocked by __VIRTUAL_CLK__)
Endpoint: bm_10_11[1] (output port clocked by __VIRTUAL_CLK__)
Path Group: __VIRTUAL_CLK__
Path Type: max

Fanout         Cap        Slew       Delay        Time   Description
---------------------------------------------------------------------------------------------
                      0.000000    0.000000    0.000000   clock __VIRTUAL_CLK__ (rise edge)
                                  0.000000    0.000000   clock network delay (ideal)
                                  2.000000    2.000000 ^ input external delay
     6    0.027813    0.132481    0.089860    2.089860 ^ received[0] (in)
                                                         received[0] (net)
                      0.132481    0.000000    2.089860 ^ _04_/A_N (sky130_fd_sc_hd__and2b_2)
     2    0.035089    0.106380    0.311673    2.401533 v _04_/X (sky130_fd_sc_hd__and2b_2)
                                                         bm_10_11[1] (net)
                      0.106380    0.000000    2.401533 v bm_10_11[1] (out)
                                              2.401533   data arrival time

                      0.000000   10.000000   10.000000   clock __VIRTUAL_CLK__ (rise edge)
                                  0.000000   10.000000   clock network delay (ideal)
                                 -0.250000    9.750000   clock uncertainty
                                  0.000000    9.750000   clock reconvergence pessimism
                                 -2.000000    7.750000   output external delay
                                              7.750000   data required time
---------------------------------------------------------------------------------------------
                                              7.750000   data required time
                                             -2.401533   data arrival time
---------------------------------------------------------------------------------------------
                                              5.348467   slack (MET)


Startpoint: received[1] (input port clocked by __VIRTUAL_CLK__)
Endpoint: bm_10_01[1] (output port clocked by __VIRTUAL_CLK__)
Path Group: __VIRTUAL_CLK__
Path Type: max

Fanout         Cap        Slew       Delay        Time   Description
---------------------------------------------------------------------------------------------
                      0.000000    0.000000    0.000000   clock __VIRTUAL_CLK__ (rise edge)
                                  0.000000    0.000000   clock network delay (ideal)
                                  2.000000    2.000000 ^ input external delay
     6    0.026519    0.126682    0.085822    2.085822 ^ received[1] (in)
                                                         received[1] (net)
                      0.126682    0.000000    2.085822 ^ _05_/A_N (sky130_fd_sc_hd__and2b_2)
     2    0.035089    0.106376    0.310640    2.396463 v _05_/X (sky130_fd_sc_hd__and2b_2)
                                                         bm_10_01[1] (net)
                      0.106376    0.000000    2.396463 v bm_10_01[1] (out)
                                              2.396463   data arrival time

                      0.000000   10.000000   10.000000   clock __VIRTUAL_CLK__ (rise edge)
                                  0.000000   10.000000   clock network delay (ideal)
                                 -0.250000    9.750000   clock uncertainty
                                  0.000000    9.750000   clock reconvergence pessimism
                                 -2.000000    7.750000   output external delay
                                              7.750000   data required time
---------------------------------------------------------------------------------------------
                                              7.750000   data required time
                                             -2.396463   data arrival time
---------------------------------------------------------------------------------------------
                                              5.353537   slack (MET)


Startpoint: received[0] (input port clocked by __VIRTUAL_CLK__)
Endpoint: bm_00_10[1] (output port clocked by __VIRTUAL_CLK__)
Path Group: __VIRTUAL_CLK__
Path Type: max

Fanout         Cap        Slew       Delay        Time   Description
---------------------------------------------------------------------------------------------
                      0.000000    0.000000    0.000000   clock __VIRTUAL_CLK__ (rise edge)
                                  0.000000    0.000000   clock network delay (ideal)
                                  2.000000    2.000000 v input external delay
     6    0.025542    0.058137    0.040891    2.040891 v received[0] (in)
                                                         received[0] (net)
                      0.058137    0.000000    2.040891 v _01_/A (sky130_fd_sc_hd__nor2_2)
     2    0.035249    0.391805    0.339335    2.380227 ^ _01_/Y (sky130_fd_sc_hd__nor2_2)
                                                         bm_00_10[1] (net)
                      0.391805    0.000000    2.380227 ^ bm_00_10[1] (out)
                                              2.380227   data arrival time

                      0.000000   10.000000   10.000000   clock __VIRTUAL_CLK__ (rise edge)
                                  0.000000   10.000000   clock network delay (ideal)
                                 -0.250000    9.750000   clock uncertainty
                                  0.000000    9.750000   clock reconvergence pessimism
                                 -2.000000    7.750000   output external delay
                                              7.750000   data required time
---------------------------------------------------------------------------------------------
                                              7.750000   data required time
                                             -2.380227   data arrival time
---------------------------------------------------------------------------------------------
                                              5.369773   slack (MET)


Startpoint: received[0] (input port clocked by __VIRTUAL_CLK__)
Endpoint: bm_00_00[1] (output port clocked by __VIRTUAL_CLK__)
Path Group: __VIRTUAL_CLK__
Path Type: max

Fanout         Cap        Slew       Delay        Time   Description
---------------------------------------------------------------------------------------------
                      0.000000    0.000000    0.000000   clock __VIRTUAL_CLK__ (rise edge)
                                  0.000000    0.000000   clock network delay (ideal)
                                  2.000000    2.000000 ^ input external delay
     6    0.027813    0.132481    0.089860    2.089860 ^ received[0] (in)
                                                         received[0] (net)
                      0.132481    0.000000    2.089860 ^ _00_/A (sky130_fd_sc_hd__and2_2)
     2    0.035249    0.189174    0.274661    2.364521 ^ _00_/X (sky130_fd_sc_hd__and2_2)
                                                         bm_00_00[1] (net)
                      0.189174    0.000000    2.364521 ^ bm_00_00[1] (out)
                                              2.364521   data arrival time

                      0.000000   10.000000   10.000000   clock __VIRTUAL_CLK__ (rise edge)
                                  0.000000   10.000000   clock network delay (ideal)
                                 -0.250000    9.750000   clock uncertainty
                                  0.000000    9.750000   clock reconvergence pessimism
                                 -2.000000    7.750000   output external delay
                                              7.750000   data required time
---------------------------------------------------------------------------------------------
                                              7.750000   data required time
                                             -2.364521   data arrival time
---------------------------------------------------------------------------------------------
                                              5.385479   slack (MET)



