
Magic 8.3 revision 489 - Compiled on Thu Aug 22 13:45:15 UTC 2024.
Starting magic under Tcl interpreter
Using the terminal as the console.
Using NULL graphics device.
Processing system .magicrc file
Sourcing design .magicrc for technology sky130A ...
2 Magic internal units = 1 Lambda
Input style sky130(): scaleFactor=2, multiplier=2
The following types are not handled by extraction and will be treated as non-electrical types:
    ubm 
Scaled tech values by 2 / 1 to match internal grid scaling
Loading sky130A Device Generator Menu ...
Loading "/nix/store/h0ldzjka94yryiq8yxbxmwargpnmwhx6-python3-3.11.9-env/lib/python3.11/site-packages/openlane/scripts/magic/wrapper.tcl" from command line.
Warning: Calma reading is not undoable!  I hope that's OK.
Library written using GDS-II Release 3.0
Library name: Viterbi_Top
Reading "sky130_ef_sc_hd__decap_12".
Reading "sky130_fd_sc_hd__decap_3".
Reading "sky130_fd_sc_hd__fill_1".
Reading "sky130_fd_sc_hd__tapvpwrvgnd_1".
Reading "sky130_fd_sc_hd__decap_4".
Reading "sky130_fd_sc_hd__decap_6".
Reading "sky130_fd_sc_hd__decap_8".
Reading "sky130_fd_sc_hd__diode_2".
Reading "sky130_fd_sc_hd__buf_2".
Reading "sky130_fd_sc_hd__fill_2".
Reading "U6_sky130_ef_sc_hd__decap_12".
Reading "U6_sky130_fd_sc_hd__decap_3".
Reading "U6_sky130_fd_sc_hd__fill_1".
Reading "U6_sky130_fd_sc_hd__tapvpwrvgnd_1".
Reading "U6_sky130_fd_sc_hd__decap_4".
Reading "U6_sky130_fd_sc_hd__decap_6".
Reading "U6_sky130_fd_sc_hd__decap_8".
Reading "U6_sky130_fd_sc_hd__buf_2".
Reading "U6_sky130_fd_sc_hd__nand2_1".
Reading "U6_sky130_fd_sc_hd__a311o_1".
Reading "U6_sky130_fd_sc_hd__nor2_1".
Reading "U6_sky130_fd_sc_hd__a21oi_1".
Reading "U6_sky130_fd_sc_hd__nand2b_1".
Reading "U6_sky130_fd_sc_hd__xor2_1".
Reading "U6_sky130_fd_sc_hd__mux2_1".
Reading "U6_sky130_fd_sc_hd__fill_2".
Reading "U6_sky130_fd_sc_hd__o211a_1".
Reading "U6_sky130_fd_sc_hd__o21ai_1".
Reading "U6_sky130_fd_sc_hd__and3_1".
Reading "U6_sky130_fd_sc_hd__inv_2".
Reading "U6_sky130_fd_sc_hd__and2b_1".
Reading "U6_sky130_fd_sc_hd__o221a_2".
Reading "U6_sky130_fd_sc_hd__a211o_1".
Reading "U6_sky130_fd_sc_hd__or2_1".
Reading "U6_sky130_fd_sc_hd__o221a_1".
Reading "U6_sky130_fd_sc_hd__buf_1".
Reading "U6_sky130_fd_sc_hd__clkbuf_1".
Reading "U6_sky130_fd_sc_hd__a21o_1".
Reading "Maximum_Path_Memory".
Reading "sky130_fd_sc_hd__buf_1".
Reading "MG_sky130_ef_sc_hd__decap_12".
Reading "MG_sky130_fd_sc_hd__decap_3".
Reading "MG_sky130_fd_sc_hd__fill_1".
Reading "MG_sky130_fd_sc_hd__tapvpwrvgnd_1".
Reading "MG_sky130_fd_sc_hd__decap_4".
Reading "MG_sky130_fd_sc_hd__decap_8".
Reading "MG_sky130_fd_sc_hd__buf_2".
Reading "MG_sky130_fd_sc_hd__fill_2".
Reading "MG_sky130_fd_sc_hd__clkbuf_1".
Reading "MG_sky130_fd_sc_hd__clkbuf_2".
Reading "MG_sky130_fd_sc_hd__xor2_1".
Reading "MG_sky130_fd_sc_hd__nor2_1".
Reading "MG_sky130_fd_sc_hd__and2_1".
Reading "MG_sky130_fd_sc_hd__xnor2_1".
Reading "MG_sky130_fd_sc_hd__decap_6".
Reading "MG_sky130_fd_sc_hd__and2b_1".
Reading "Branch_Metrics".
Reading "ZF_sky130_fd_sc_hd__buf_1".
Reading "ZF_sky130_fd_sc_hd__xor2_1".
Reading "ZF_sky130_fd_sc_hd__and2_1".
Reading "ZF_sky130_fd_sc_hd__decap_3".
Reading "ZF_sky130_fd_sc_hd__xnor2_1".
Reading "ZF_sky130_fd_sc_hd__a21o_1".
Reading "ZF_sky130_fd_sc_hd__fill_2".
Reading "ZF_sky130_fd_sc_hd__buf_2".
Reading "ZF_sky130_fd_sc_hd__or3b_2".
Reading "ZF_sky130_fd_sc_hd__fill_1".
Reading "ZF_sky130_fd_sc_hd__a311o_1".
Reading "ZF_sky130_fd_sc_hd__tapvpwrvgnd_1".
Reading "ZF_sky130_fd_sc_hd__nand2_2".
Reading "ZF_sky130_fd_sc_hd__xnor2_2".
Reading "ZF_sky130_fd_sc_hd__inv_2".
Reading "ZF_sky130_fd_sc_hd__and3_1".
Reading "ZF_sky130_fd_sc_hd__nor4_1".
Reading "ZF_sky130_fd_sc_hd__and3b_1".
Reading "ZF_sky130_fd_sc_hd__o22ai_4".
Reading "ZF_sky130_fd_sc_hd__a21oi_2".
Reading "ZF_sky130_fd_sc_hd__decap_8".
Reading "ZF_sky130_fd_sc_hd__decap_4".
Reading "ZF_sky130_ef_sc_hd__decap_12".
Reading "ZF_sky130_fd_sc_hd__decap_6".
Reading "ZF_sky130_fd_sc_hd__or2_1".
Reading "ZF_sky130_fd_sc_hd__a21bo_1".
Reading "ZF_sky130_fd_sc_hd__o221ai_4".
Reading "ZF_sky130_fd_sc_hd__xor2_2".
Reading "ZF_sky130_fd_sc_hd__a31oi_4".
Reading "ZF_sky130_fd_sc_hd__nor2_1".
Reading "ZF_sky130_fd_sc_hd__a21boi_2".
Reading "ZF_sky130_fd_sc_hd__nand2_1".
Reading "ZF_sky130_fd_sc_hd__clkbuf_1".
Reading "ZF_sky130_fd_sc_hd__o211a_1".
Reading "ZF_sky130_fd_sc_hd__dfrtp_1".
Reading "ZF_sky130_fd_sc_hd__dfrtp_4".
Reading "ZF_sky130_fd_sc_hd__a31o_1".
Reading "ZF_sky130_fd_sc_hd__dfrtp_2".
Reading "ZF_sky130_fd_sc_hd__and2b_1".
Reading "ZF_sky130_fd_sc_hd__clkbuf_4".
Reading "ZF_sky130_fd_sc_hd__o21ai_2".
Reading "ZF_sky130_fd_sc_hd__clkbuf_16".
Reading "ZF_sky130_fd_sc_hd__a22o_1".
Reading "ZF_sky130_fd_sc_hd__o22a_2".
Reading "ZF_sky130_fd_sc_hd__o21ai_1".
Reading "ZF_sky130_fd_sc_hd__or4_2".
Reading "ZF_sky130_fd_sc_hd__or2_2".
Reading "ZF_sky130_fd_sc_hd__a21boi_1".
Reading "ZF_sky130_fd_sc_hd__clkbuf_8".
Reading "ZF_sky130_fd_sc_hd__a21oi_1".
Reading "ZF_sky130_fd_sc_hd__clkbuf_2".
Reading "Path_Metric_Unit".
Reading "TY_sky130_fd_sc_hd__decap_6".
Reading "TY_sky130_ef_sc_hd__decap_12".
Reading "TY_sky130_fd_sc_hd__decap_3".
Reading "TY_sky130_fd_sc_hd__clkbuf_2".
Reading "TY_sky130_fd_sc_hd__clkbuf_1".
Reading "TY_sky130_fd_sc_hd__decap_4".
Reading "TY_sky130_fd_sc_hd__tapvpwrvgnd_1".
Reading "TY_sky130_fd_sc_hd__fill_1".
Reading "TY_sky130_fd_sc_hd__fill_2".
Reading "TY_sky130_fd_sc_hd__dfrtp_1".
Reading "TY_sky130_fd_sc_hd__decap_8".
Reading "TY_sky130_fd_sc_hd__buf_2".
Reading "TY_sky130_fd_sc_hd__and2_1".
Reading "TY_sky130_fd_sc_hd__dlygate4sd3_1".
Reading "TY_sky130_fd_sc_hd__mux2_1".
Reading "TY_sky130_fd_sc_hd__conb_1".
Reading "TY_sky130_fd_sc_hd__clkbuf_16".
Reading "TY_sky130_fd_sc_hd__clkbuf_4".
Reading "TY_sky130_fd_sc_hd__clkinvlp_4".
Reading "TY_sky130_fd_sc_hd__mux4_1".
Reading "TY_sky130_fd_sc_hd__clkbuf_8".
Reading "TY_sky130_fd_sc_hd__o41a_1".
Reading "TY_sky130_fd_sc_hd__and2b_1".
Reading "TY_sky130_fd_sc_hd__and3b_1".
Reading "TY_sky130_fd_sc_hd__and3_1".
Reading "TY_sky130_fd_sc_hd__or3_1".
Reading "TY_sky130_fd_sc_hd__nor2_1".
Reading "TY_sky130_fd_sc_hd__clkinv_2".
Reading "TY_sky130_fd_sc_hd__buf_1".
Reading "Survivor_Memory_Unit".
Reading "sky130_fd_sc_hd__clkinvlp_4".
Reading "sky130_fd_sc_hd__clkbuf_16".
Reading "TK_sky130_fd_sc_hd__decap_4".
Reading "TK_sky130_fd_sc_hd__fill_1".
Reading "TK_sky130_ef_sc_hd__decap_12".
Reading "TK_sky130_fd_sc_hd__decap_3".
Reading "TK_sky130_fd_sc_hd__buf_2".
Reading "TK_sky130_fd_sc_hd__fill_2".
Reading "TK_sky130_fd_sc_hd__tapvpwrvgnd_1".
Reading "TK_sky130_fd_sc_hd__o21ai_1".
Reading "TK_sky130_fd_sc_hd__dfrtp_1".
Reading "TK_sky130_fd_sc_hd__nand2b_1".
Reading "TK_sky130_fd_sc_hd__nor2_1".
Reading "TK_sky130_fd_sc_hd__and3_1".
Reading "TK_sky130_fd_sc_hd__or2_1".
Reading "TK_sky130_fd_sc_hd__decap_6".
Reading "TK_sky130_fd_sc_hd__decap_8".
Reading "TK_sky130_fd_sc_hd__clkbuf_2".
Reading "TK_sky130_fd_sc_hd__inv_2".
Reading "TK_sky130_fd_sc_hd__a211oi_1".
Reading "TK_sky130_fd_sc_hd__clkbuf_16".
Reading "TK_sky130_fd_sc_hd__and2b_1".
Reading "TK_sky130_fd_sc_hd__nand3_1".
Reading "TK_sky130_fd_sc_hd__or3b_1".
Reading "TK_sky130_fd_sc_hd__and2_1".
Reading "TK_sky130_fd_sc_hd__dlygate4sd3_1".
Reading "TK_sky130_fd_sc_hd__and4b_1".
Reading "TK_sky130_fd_sc_hd__a21o_1".
Reading "TK_sky130_fd_sc_hd__clkbuf_1".
Reading "TK_sky130_fd_sc_hd__nand2_1".
Reading "Controller".
Reading "sky130_fd_sc_hd__dlymetal6s2s_1".
Reading "Viterbi_Top".
    5000 uses
    10000 uses
[INFO] Loading Viterbi_Top

DRC style is now "drc(full)"
Loading DRC CIF style.
No errors found.
[INFO] COUNT: 0
[INFO] Should be divided by 3 or 4
[INFO] DRC Checking DONE (/home/edabk/Desktop/Tu67/MARCO_ultra_9.7_final/runs/RUN_2026-01-22_15-55-06/57-magic-drc/reports/drc_violations.magic.rpt)
[INFO] Saving mag view with DRC errors (/home/edabk/Desktop/Tu67/MARCO_ultra_9.7_final/runs/RUN_2026-01-22_15-55-06/57-magic-drc/views/Viterbi_Top.drc.mag)
[INFO] Saved
