Reading OpenROAD database at '/home/edabk/Desktop/Tu67/MARCO_ultra/Survivor_Memory_Unit/runs/Survivor_Memory_Unit_run/41-openroad-repairantennas/1-diodeinsertion/Survivor_Memory_Unit.odb'…
Reading library file at '/home/edabk/.volare/volare/sky130/versions/0fe599b2afb6708d281543108caf8310912f54af/sky130A/libs.ref/sky130_fd_sc_hd/lib/sky130_fd_sc_hd__tt_025C_1v80.lib'…
Reading design constraints file at '/nix/store/h0ldzjka94yryiq8yxbxmwargpnmwhx6-python3-3.11.9-env/lib/python3.11/site-packages/openlane/scripts/base.sdc'…
[INFO] Using clock clk…
[INFO] Setting output delay to: 20.0
[INFO] Setting input delay to: 20.0
[INFO] Setting load to: 0.033442
[INFO] Setting clock uncertainty to: 0.25
[INFO] Setting clock transition to: 0.1499999999999999944488848768742172978818416595458984375
[INFO] Setting timing derate to: 5%
[INFO ORD-0030] Using 16 thread(s).
[INFO DRT-0149] Reading tech and libs.
[WARNING DRT-0349] LEF58_ENCLOSURE with no CUTCLASS is not supported. Skipping for layer mcon
[WARNING DRT-0349] LEF58_ENCLOSURE with no CUTCLASS is not supported. Skipping for layer mcon
[WARNING DRT-0349] LEF58_ENCLOSURE with no CUTCLASS is not supported. Skipping for layer via
[WARNING DRT-0349] LEF58_ENCLOSURE with no CUTCLASS is not supported. Skipping for layer via
[WARNING DRT-0349] LEF58_ENCLOSURE with no CUTCLASS is not supported. Skipping for layer via2
[WARNING DRT-0349] LEF58_ENCLOSURE with no CUTCLASS is not supported. Skipping for layer via2
[WARNING DRT-0349] LEF58_ENCLOSURE with no CUTCLASS is not supported. Skipping for layer via3
[WARNING DRT-0349] LEF58_ENCLOSURE with no CUTCLASS is not supported. Skipping for layer via3
[WARNING DRT-0349] LEF58_ENCLOSURE with no CUTCLASS is not supported. Skipping for layer via4
[WARNING DRT-0349] LEF58_ENCLOSURE with no CUTCLASS is not supported. Skipping for layer via4

Units:                1000
Number of layers:     13
Number of macros:     441
Number of vias:       29
Number of viarulegen: 25

[INFO DRT-0150] Reading design.

Design:                   Survivor_Memory_Unit
Die area:                 ( 0 0 ) ( 60000 100000 )
Number of track patterns: 12
Number of DEF vias:       0
Number of components:     256
Number of terminals:      18
Number of snets:          2
Number of nets:           160

[INFO DRT-0167] List of default vias:
  Layer via
    default via: M1M2_PR
  Layer via2
    default via: M2M3_PR
  Layer via3
    default via: M3M4_PR
  Layer via4
    default via: M4M5_PR
[INFO DRT-0162] Library cell analysis.
[INFO DRT-0163] Instance analysis.
[INFO DRT-0164] Number of unique instances = 56.
[INFO DRT-0168] Init region query.
[INFO DRT-0024]   Complete FR_MASTERSLICE.
[INFO DRT-0024]   Complete licon.
[INFO DRT-0024]   Complete li1.
[INFO DRT-0024]   Complete mcon.
[INFO DRT-0024]   Complete met1.
[INFO DRT-0024]   Complete via.
[INFO DRT-0024]   Complete met2.
[INFO DRT-0024]   Complete via2.
[INFO DRT-0024]   Complete met3.
[INFO DRT-0024]   Complete via3.
[INFO DRT-0024]   Complete met4.
[INFO DRT-0024]   Complete via4.
[INFO DRT-0024]   Complete met5.
[INFO DRT-0033] FR_MASTERSLICE shape region query size = 0.
[INFO DRT-0033] licon shape region query size = 0.
[INFO DRT-0033] li1 shape region query size = 6963.
[INFO DRT-0033] mcon shape region query size = 0.
[INFO DRT-0033] met1 shape region query size = 1059.
[INFO DRT-0033] via shape region query size = 145.
[INFO DRT-0033] met2 shape region query size = 91.
[INFO DRT-0033] via2 shape region query size = 116.
[INFO DRT-0033] met3 shape region query size = 99.
[INFO DRT-0033] via3 shape region query size = 116.
[INFO DRT-0033] met4 shape region query size = 59.
[INFO DRT-0033] via4 shape region query size = 18.
[INFO DRT-0033] met5 shape region query size = 30.
[INFO DRT-0165] Start pin access.
[INFO DRT-0078]   Complete 154 pins.
[INFO DRT-0081]   Complete 50 unique inst patterns.
[INFO DRT-0084]   Complete 80 groups.
#scanned instances     = 256
#unique  instances     = 56
#stdCellGenAp          = 1174
#stdCellValidPlanarAp  = 16
#stdCellValidViaAp     = 810
#stdCellPinNoAp        = 0
#stdCellPinCnt         = 481
#instTermValidViaApCnt = 0
#macroGenAp            = 0
#macroValidPlanarAp    = 0
#macroValidViaAp       = 0
#macroNoAp             = 0
[INFO DRT-0166] Complete pin access.
[INFO DRT-0267] cpu time = 00:00:15, elapsed time = 00:00:01, memory = 139.43 (MB), peak = 139.43 (MB)

[INFO DRT-0157] Number of guides:     1120

[INFO DRT-0169] Post process guides.
[INFO DRT-0176] GCELLGRID X 0 DO 8 STEP 6900 ;
[INFO DRT-0177] GCELLGRID Y 0 DO 14 STEP 6900 ;
[INFO DRT-0028]   Complete FR_MASTERSLICE.
[INFO DRT-0028]   Complete licon.
[INFO DRT-0028]   Complete li1.
[INFO DRT-0028]   Complete mcon.
[INFO DRT-0028]   Complete met1.
[INFO DRT-0028]   Complete via.
[INFO DRT-0028]   Complete met2.
[INFO DRT-0028]   Complete via2.
[INFO DRT-0028]   Complete met3.
[INFO DRT-0028]   Complete via3.
[INFO DRT-0028]   Complete met4.
[INFO DRT-0028]   Complete via4.
[INFO DRT-0028]   Complete met5.
[INFO DRT-0178] Init guide query.
[INFO DRT-0035]   Complete FR_MASTERSLICE (guide).
[INFO DRT-0035]   Complete licon (guide).
[INFO DRT-0035]   Complete li1 (guide).
[INFO DRT-0035]   Complete mcon (guide).
[INFO DRT-0035]   Complete met1 (guide).
[INFO DRT-0035]   Complete via (guide).
[INFO DRT-0035]   Complete met2 (guide).
[INFO DRT-0035]   Complete via2 (guide).
[INFO DRT-0035]   Complete met3 (guide).
[INFO DRT-0035]   Complete via3 (guide).
[INFO DRT-0035]   Complete met4 (guide).
[INFO DRT-0035]   Complete via4 (guide).
[INFO DRT-0035]   Complete met5 (guide).
[INFO DRT-0036] FR_MASTERSLICE guide region query size = 0.
[INFO DRT-0036] licon guide region query size = 0.
[INFO DRT-0036] li1 guide region query size = 380.
[INFO DRT-0036] mcon guide region query size = 0.
[INFO DRT-0036] met1 guide region query size = 311.
[INFO DRT-0036] via guide region query size = 0.
[INFO DRT-0036] met2 guide region query size = 167.
[INFO DRT-0036] via2 guide region query size = 0.
[INFO DRT-0036] met3 guide region query size = 12.
[INFO DRT-0036] via3 guide region query size = 0.
[INFO DRT-0036] met4 guide region query size = 0.
[INFO DRT-0036] via4 guide region query size = 0.
[INFO DRT-0036] met5 guide region query size = 0.
[INFO DRT-0179] Init gr pin query.
[INFO DRT-0245] skipped writing guide updates to database.
[INFO DRT-0185] Post process initialize RPin region query.
[INFO DRT-0181] Start track assignment.
[INFO DRT-0184] Done with 547 vertical wires in 1 frboxes and 323 horizontal wires in 1 frboxes.
[INFO DRT-0186] Done with 49 vertical wires in 1 frboxes and 88 horizontal wires in 1 frboxes.
[INFO DRT-0182] Complete track assignment.
[INFO DRT-0267] cpu time = 00:00:00, elapsed time = 00:00:00, memory = 143.80 (MB), peak = 143.80 (MB)
[INFO DRT-0187] Start routing data preparation.
[INFO DRT-0267] cpu time = 00:00:00, elapsed time = 00:00:00, memory = 143.80 (MB), peak = 143.80 (MB)
[INFO DRT-0194] Start detail routing.
[INFO DRT-0195] Start 0th optimization iteration.
    Completing 10% with 0 violations.
    elapsed time = 00:00:00, memory = 149.99 (MB).
    Completing 20% with 6 violations.
    elapsed time = 00:00:00, memory = 151.04 (MB).
    Completing 30% with 15 violations.
    elapsed time = 00:00:00, memory = 152.79 (MB).
    Completing 40% with 17 violations.
    elapsed time = 00:00:00, memory = 154.66 (MB).
[INFO DRT-0199]   Number of violations = 24.
Viol/Layer        met1   met2
Metal Spacing        6      1
Min Hole             2      0
Recheck              6      1
Short                8      0
[INFO DRT-0267] cpu time = 00:00:11, elapsed time = 00:00:01, memory = 516.66 (MB), peak = 516.66 (MB)
Total wire length = 3027 um.
Total wire length on LAYER li1 = 0 um.
Total wire length on LAYER met1 = 1389 um.
Total wire length on LAYER met2 = 1593 um.
Total wire length on LAYER met3 = 43 um.
Total wire length on LAYER met4 = 0 um.
Total wire length on LAYER met5 = 0 um.
Total number of vias = 966.
Up-via summary (total 966):

----------------------
 FR_MASTERSLICE      0
            li1    447
           met1    507
           met2     12
           met3      0
           met4      0
----------------------
                   966


[INFO DRT-0195] Start 1st optimization iteration.
    Completing 10% with 24 violations.
    elapsed time = 00:00:00, memory = 521.66 (MB).
    Completing 20% with 24 violations.
    elapsed time = 00:00:00, memory = 522.29 (MB).
    Completing 30% with 21 violations.
    elapsed time = 00:00:00, memory = 534.29 (MB).
    Completing 40% with 20 violations.
    elapsed time = 00:00:00, memory = 534.29 (MB).
    Completing 50% with 20 violations.
    elapsed time = 00:00:00, memory = 534.29 (MB).
    Completing 60% with 19 violations.
    elapsed time = 00:00:00, memory = 548.04 (MB).
[INFO DRT-0199]   Number of violations = 0.
[INFO DRT-0267] cpu time = 00:00:10, elapsed time = 00:00:00, memory = 549.04 (MB), peak = 549.04 (MB)
Total wire length = 3002 um.
Total wire length on LAYER li1 = 0 um.
Total wire length on LAYER met1 = 1385 um.
Total wire length on LAYER met2 = 1573 um.
Total wire length on LAYER met3 = 43 um.
Total wire length on LAYER met4 = 0 um.
Total wire length on LAYER met5 = 0 um.
Total number of vias = 964.
Up-via summary (total 964):

----------------------
 FR_MASTERSLICE      0
            li1    447
           met1    505
           met2     12
           met3      0
           met4      0
----------------------
                   964


[INFO DRT-0198] Complete detail routing.
Total wire length = 3002 um.
Total wire length on LAYER li1 = 0 um.
Total wire length on LAYER met1 = 1385 um.
Total wire length on LAYER met2 = 1573 um.
Total wire length on LAYER met3 = 43 um.
Total wire length on LAYER met4 = 0 um.
Total wire length on LAYER met5 = 0 um.
Total number of vias = 964.
Up-via summary (total 964):

----------------------
 FR_MASTERSLICE      0
            li1    447
           met1    505
           met2     12
           met3      0
           met4      0
----------------------
                   964


[INFO DRT-0267] cpu time = 00:00:22, elapsed time = 00:00:01, memory = 549.04 (MB), peak = 549.04 (MB)

[INFO DRT-0180] Post processing.
Setting global connections for newly added cells…
[INFO] Setting global connections...
Updating metrics…
Cell type report:                       Count       Area
  Fill cell                                56     210.20
  Tap cell                                 45      56.30
  Clock buffer                              6     138.88
  Timing Repair Buffer                     59     470.45
  Clock inverter                            2      12.51
  Sequential cell                          34     850.82
  Multi-Input combinational cell           54     496.73
  Total                                   256    2235.89
Writing OpenROAD database to '/home/edabk/Desktop/Tu67/MARCO_ultra/Survivor_Memory_Unit/runs/Survivor_Memory_Unit_run/43-openroad-detailedrouting/Survivor_Memory_Unit.odb'…
Writing netlist to '/home/edabk/Desktop/Tu67/MARCO_ultra/Survivor_Memory_Unit/runs/Survivor_Memory_Unit_run/43-openroad-detailedrouting/Survivor_Memory_Unit.nl.v'…
Writing powered netlist to '/home/edabk/Desktop/Tu67/MARCO_ultra/Survivor_Memory_Unit/runs/Survivor_Memory_Unit_run/43-openroad-detailedrouting/Survivor_Memory_Unit.pnl.v'…
Writing layout to '/home/edabk/Desktop/Tu67/MARCO_ultra/Survivor_Memory_Unit/runs/Survivor_Memory_Unit_run/43-openroad-detailedrouting/Survivor_Memory_Unit.def'…
Writing timing constraints to '/home/edabk/Desktop/Tu67/MARCO_ultra/Survivor_Memory_Unit/runs/Survivor_Memory_Unit_run/43-openroad-detailedrouting/Survivor_Memory_Unit.sdc'…
