Reading OpenROAD database at '/home/edabk/Desktop/Tu67/MARCO_ultra/Path_Metric_Unit/runs/RUN_2026-01-21_19-00-38/20-openroad-generatepdn/Path_Metric_Unit.odb'…
Reading library file at '/home/edabk/.volare/volare/sky130/versions/0fe599b2afb6708d281543108caf8310912f54af/sky130A/libs.ref/sky130_fd_sc_hd/lib/sky130_fd_sc_hd__tt_025C_1v80.lib'…
Reading design constraints file at '/nix/store/h0ldzjka94yryiq8yxbxmwargpnmwhx6-python3-3.11.9-env/lib/python3.11/site-packages/openlane/scripts/base.sdc'…
[INFO] Using clock clk…
[INFO] Setting output delay to: 20.0
[INFO] Setting input delay to: 20.0
[INFO] Setting load to: 0.033442
[INFO] Setting clock uncertainty to: 0.25
[INFO] Setting clock transition to: 0.1499999999999999944488848768742172978818416595458984375
[INFO] Setting timing derate to: 5%
+ global_placement -density 0.85 -skip_io -pad_right 0 -pad_left 0 -init_wirelength_coef 0.25
[INFO GPL-0002] DBU: 1000
[INFO GPL-0003] SiteSize: (  0.460  2.720 ) um
[INFO GPL-0004] CoreBBox: (  5.520 10.880 ) ( 94.300 87.040 ) um
[INFO GPL-0006] NumInstances:               308
[INFO GPL-0007] NumPlaceInstances:          162
[INFO GPL-0008] NumFixedInstances:          146
[INFO GPL-0009] NumDummyInstances:            0
[INFO GPL-0010] NumNets:                    181
[INFO GPL-0011] NumPins:                    631
[INFO GPL-0012] DieBBox:  (  0.000  0.000 ) ( 100.000 100.000 ) um
[INFO GPL-0013] CoreBBox: (  5.520 10.880 ) ( 94.300 87.040 ) um
[INFO GPL-0016] CoreArea:              6761.485 um^2
[INFO GPL-0017] NonPlaceInstsArea:      322.810 um^2
[INFO GPL-0018] PlaceInstsArea:        1948.118 um^2
[INFO GPL-0019] Util:                    30.257 %
[INFO GPL-0020] StdInstsArea:          1948.118 um^2
[INFO GPL-0021] MacroInstsArea:           0.000 um^2
[INFO GPL-0031] FillerInit:NumGCells:       465
[INFO GPL-0032] FillerInit:NumGNets:        181
[INFO GPL-0033] FillerInit:NumGPins:        631
[INFO GPL-0023] TargetDensity:            0.850
[INFO GPL-0024] AvrgPlaceInstArea:       12.025 um^2
[INFO GPL-0025] IdealBinArea:            14.148 um^2
[INFO GPL-0026] IdealBinCnt:                477
[INFO GPL-0027] TotalBinArea:          6761.485 um^2
[INFO GPL-0028] BinCnt:        16     16
[INFO GPL-0029] BinSize: (  5.549  4.760 )
[INFO GPL-0030] NumBins: 256
[NesterovSolve] Iter:    1 overflow: 0.953 HPWL: 465523
[NesterovSolve] Iter:   10 overflow: 0.953 HPWL: 393683
[NesterovSolve] Iter:   20 overflow: 0.953 HPWL: 393416
[NesterovSolve] Iter:   30 overflow: 0.953 HPWL: 393454
[NesterovSolve] Iter:   40 overflow: 0.953 HPWL: 393470
[NesterovSolve] Iter:   50 overflow: 0.953 HPWL: 393632
[NesterovSolve] Iter:   60 overflow: 0.953 HPWL: 393807
[NesterovSolve] Iter:   70 overflow: 0.953 HPWL: 394198
[NesterovSolve] Iter:   80 overflow: 0.954 HPWL: 394916
[NesterovSolve] Iter:   90 overflow: 0.954 HPWL: 396260
[NesterovSolve] Iter:  100 overflow: 0.954 HPWL: 398455
[NesterovSolve] Iter:  110 overflow: 0.953 HPWL: 401358
[NesterovSolve] Iter:  120 overflow: 0.953 HPWL: 404310
[NesterovSolve] Iter:  130 overflow: 0.952 HPWL: 404705
[NesterovSolve] Iter:  140 overflow: 0.951 HPWL: 401330
[NesterovSolve] Iter:  150 overflow: 0.948 HPWL: 400298
[NesterovSolve] Iter:  160 overflow: 0.944 HPWL: 408322
[NesterovSolve] Iter:  170 overflow: 0.903 HPWL: 472564
[NesterovSolve] Iter:  180 overflow: 0.827 HPWL: 674212
[NesterovSolve] Iter:  190 overflow: 0.826 HPWL: 651383
[NesterovSolve] Iter:  200 overflow: 0.825 HPWL: 777169
[NesterovSolve] Iter:  210 overflow: 0.773 HPWL: 827932
[NesterovSolve] Iter:  220 overflow: 0.698 HPWL: 929861
[NesterovSolve] Iter:  230 overflow: 0.670 HPWL: 974454
[NesterovSolve] Iter:  240 overflow: 0.619 HPWL: 1073607
[NesterovSolve] Iter:  250 overflow: 0.571 HPWL: 1162457
[NesterovSolve] Iter:  260 overflow: 0.517 HPWL: 1236088
[NesterovSolve] Iter:  270 overflow: 0.463 HPWL: 1311137
[NesterovSolve] Iter:  280 overflow: 0.412 HPWL: 1380566
[NesterovSolve] Iter:  290 overflow: 0.360 HPWL: 1438984
[NesterovSolve] Iter:  300 overflow: 0.323 HPWL: 1491642
[NesterovSolve] Iter:  310 overflow: 0.283 HPWL: 1533671
[NesterovSolve] Iter:  320 overflow: 0.239 HPWL: 1558506
[NesterovSolve] Iter:  330 overflow: 0.203 HPWL: 1580462
[NesterovSolve] Iter:  340 overflow: 0.176 HPWL: 1626678
[NesterovSolve] Iter:  350 overflow: 0.151 HPWL: 1659557
[NesterovSolve] Iter:  360 overflow: 0.130 HPWL: 1682098
[NesterovSolve] Iter:  370 overflow: 0.103 HPWL: 1681827
[NesterovSolve] Finished with Overflow: 0.095251
[INFO] Setting RC values…
Setting global connections for newly added cells…
[INFO] Setting global connections...
Updating metrics…
Cell type report:                       Count       Area
  Fill cell                                56     210.20
  Tap cell                                 90     112.61
  Inverter                                  8      30.03
  Sequential cell                          16     420.40
  Multi-Input combinational cell          138    1497.69
  Total                                   308    2270.93
Writing OpenROAD database to '/home/edabk/Desktop/Tu67/MARCO_ultra/Path_Metric_Unit/runs/RUN_2026-01-21_19-00-38/23-openroad-globalplacementskipio/Path_Metric_Unit.odb'…
Writing netlist to '/home/edabk/Desktop/Tu67/MARCO_ultra/Path_Metric_Unit/runs/RUN_2026-01-21_19-00-38/23-openroad-globalplacementskipio/Path_Metric_Unit.nl.v'…
Writing powered netlist to '/home/edabk/Desktop/Tu67/MARCO_ultra/Path_Metric_Unit/runs/RUN_2026-01-21_19-00-38/23-openroad-globalplacementskipio/Path_Metric_Unit.pnl.v'…
Writing layout to '/home/edabk/Desktop/Tu67/MARCO_ultra/Path_Metric_Unit/runs/RUN_2026-01-21_19-00-38/23-openroad-globalplacementskipio/Path_Metric_Unit.def'…
Writing timing constraints to '/home/edabk/Desktop/Tu67/MARCO_ultra/Path_Metric_Unit/runs/RUN_2026-01-21_19-00-38/23-openroad-globalplacementskipio/Path_Metric_Unit.sdc'…
