Clock: clk
Sources: clk 
Generated: no
Virtual: yes
Propagated: no
Period: 100.000000

===========================================================================
report_clock_properties
============================================================================
Clock                   Period          Waveform
----------------------------------------------------
clk                 100.000000    0.000000 50.000000

===========================================================================
report_clock_latency
============================================================================
Clock clk
rise -> rise
    min     max
0.000000 0.000000 source latency
0.192746         network latency _30_/CLK
        0.195145 network latency _34_/CLK
---------------
0.192746 0.195145 latency
        0.002400 skew

fall -> fall
    min     max
0.000000 0.000000 source latency
0.192312         network latency _30_/CLK
        0.194397 network latency _34_/CLK
---------------
0.192312 0.194397 latency
        0.002085 skew



===========================================================================
report_clock_min_period
============================================================================
clk period_min = 1.17 fmax = 855.90
