Reading OpenROAD database at '/home/edabk/Desktop/Tu67/MARCO_ultra/Path_Metric_Unit/runs/RUN_2026-01-21_19-00-38/25-odb-customioplacement/Path_Metric_Unit.odb'…
Reading library file at '/home/edabk/.volare/volare/sky130/versions/0fe599b2afb6708d281543108caf8310912f54af/sky130A/libs.ref/sky130_fd_sc_hd/lib/sky130_fd_sc_hd__tt_025C_1v80.lib'…
Reading design constraints file at '/nix/store/h0ldzjka94yryiq8yxbxmwargpnmwhx6-python3-3.11.9-env/lib/python3.11/site-packages/openlane/scripts/base.sdc'…
[INFO] Using clock clk…
[INFO] Setting output delay to: 20.0
[INFO] Setting input delay to: 20.0
[INFO] Setting load to: 0.033442
[INFO] Setting clock uncertainty to: 0.25
[INFO] Setting clock transition to: 0.1499999999999999944488848768742172978818416595458984375
[INFO] Setting timing derate to: 5%
[INFO] Setting RC values…
[INFO] Setting signal min routing layer to: met1 and clock min routing layer to met1. 
[INFO] Setting signal max routing layer to: met5 and clock max routing layer to met5. 
+ global_placement -density 0.85 -timing_driven -routability_driven -pad_right 0 -pad_left 0 -init_wirelength_coef 0.25
[INFO GPL-0002] DBU: 1000
[INFO GPL-0003] SiteSize: (  0.460  2.720 ) um
[INFO GPL-0004] CoreBBox: (  5.520 10.880 ) ( 94.300 87.040 ) um
[INFO GPL-0006] NumInstances:               308
[INFO GPL-0007] NumPlaceInstances:          162
[INFO GPL-0008] NumFixedInstances:          146
[INFO GPL-0009] NumDummyInstances:            0
[INFO GPL-0010] NumNets:                    181
[INFO GPL-0011] NumPins:                    670
[INFO GPL-0012] DieBBox:  (  0.000  0.000 ) ( 100.000 100.000 ) um
[INFO GPL-0013] CoreBBox: (  5.520 10.880 ) ( 94.300 87.040 ) um
[INFO GPL-0016] CoreArea:              6761.485 um^2
[INFO GPL-0017] NonPlaceInstsArea:      322.810 um^2
[INFO GPL-0018] PlaceInstsArea:        1948.118 um^2
[INFO GPL-0019] Util:                    30.257 %
[INFO GPL-0020] StdInstsArea:          1948.118 um^2
[INFO GPL-0021] MacroInstsArea:           0.000 um^2
[InitialPlace]  Iter: 1 CG residual: 0.00000012 HPWL: 5323625
[InitialPlace]  Iter: 2 CG residual: 0.00000011 HPWL: 4187953
[InitialPlace]  Iter: 3 CG residual: 0.00000011 HPWL: 4110200
[InitialPlace]  Iter: 4 CG residual: 0.00000009 HPWL: 4069277
[InitialPlace]  Iter: 5 CG residual: 0.00000008 HPWL: 4040430
[INFO GPL-0031] FillerInit:NumGCells:       465
[INFO GPL-0032] FillerInit:NumGNets:        181
[INFO GPL-0033] FillerInit:NumGPins:        670
[INFO GPL-0023] TargetDensity:            0.850
[INFO GPL-0024] AvrgPlaceInstArea:       12.025 um^2
[INFO GPL-0025] IdealBinArea:            14.148 um^2
[INFO GPL-0026] IdealBinCnt:                477
[INFO GPL-0027] TotalBinArea:          6761.485 um^2
[INFO GPL-0028] BinCnt:        16     16
[INFO GPL-0029] BinSize: (  5.549  4.760 )
[INFO GPL-0030] NumBins: 256
[NesterovSolve] Iter:    1 overflow: 0.768 HPWL: 3045289
[INFO GPL-0100] Timing-driven: executing resizer for reweighting nets.
[INFO GPL-0101] Timing-driven: worst slack 5.8e-08
[INFO GPL-0103] Timing-driven: weighted 17 nets.
[INFO GPL-0100] Timing-driven: executing resizer for reweighting nets.
[INFO GPL-0101] Timing-driven: worst slack 5.8e-08
[INFO GPL-0103] Timing-driven: weighted 17 nets.
[NesterovSolve] Snapshot saved at iter = 6
[NesterovSolve] Iter:   10 overflow: 0.562 HPWL: 3307807
[NesterovSolve] Iter:   20 overflow: 0.510 HPWL: 3282916
[NesterovSolve] Iter:   30 overflow: 0.499 HPWL: 3264162
[NesterovSolve] Iter:   40 overflow: 0.509 HPWL: 3251725
[NesterovSolve] Iter:   50 overflow: 0.521 HPWL: 3267143
[NesterovSolve] Iter:   60 overflow: 0.512 HPWL: 3272956
[NesterovSolve] Iter:   70 overflow: 0.504 HPWL: 3267158
[NesterovSolve] Iter:   80 overflow: 0.507 HPWL: 3255573
[NesterovSolve] Iter:   90 overflow: 0.517 HPWL: 3261443
[NesterovSolve] Iter:  100 overflow: 0.512 HPWL: 3270214
[NesterovSolve] Iter:  110 overflow: 0.504 HPWL: 3269328
[NesterovSolve] Iter:  120 overflow: 0.504 HPWL: 3257157
[NesterovSolve] Iter:  130 overflow: 0.513 HPWL: 3258241
[NesterovSolve] Iter:  140 overflow: 0.510 HPWL: 3269166
[NesterovSolve] Iter:  150 overflow: 0.499 HPWL: 3272610
[NesterovSolve] Iter:  160 overflow: 0.496 HPWL: 3262284
[NesterovSolve] Iter:  170 overflow: 0.500 HPWL: 3255464
[NesterovSolve] Iter:  180 overflow: 0.496 HPWL: 3262495
[NesterovSolve] Iter:  190 overflow: 0.486 HPWL: 3270640
[INFO GPL-0100] Timing-driven: executing resizer for reweighting nets.
[INFO GPL-0101] Timing-driven: worst slack 5.8e-08
[INFO GPL-0103] Timing-driven: weighted 17 nets.
[NesterovSolve] Iter:  200 overflow: 0.472 HPWL: 3257512
[NesterovSolve] Iter:  210 overflow: 0.463 HPWL: 3240011
[NesterovSolve] Iter:  220 overflow: 0.440 HPWL: 3236137
[NesterovSolve] Iter:  230 overflow: 0.414 HPWL: 3226305
[NesterovSolve] Iter:  240 overflow: 0.383 HPWL: 3208106
[NesterovSolve] Iter:  250 overflow: 0.360 HPWL: 3238181
[NesterovSolve] Iter:  260 overflow: 0.334 HPWL: 3251071
[NesterovSolve] Iter:  270 overflow: 0.308 HPWL: 3260220
[INFO GPL-0075] Routability numCall: 1 inflationIterCnt: 1 bloatIterCnt: 0
[INFO GPL-0036] TileBBox: (    0    0 ) ( 6900 6900 ) DBU
[INFO GPL-0038] TileCnt:      14   14
[INFO GPL-0040] NumTiles: 196
[INFO GPL-0081] TotalRouteOverflow: 0
[INFO GPL-0082] OverflowTileCnt: 0
[INFO GPL-0083] 0.5%RC: 0.8924022912979126
[INFO GPL-0084] 1.0%RC: 0.8745041489601135
[INFO GPL-0085] 2.0%RC: 0.8417990207672119
[INFO GPL-0086] 5.0%RC: 0.7605549454689026
[INFO GPL-0087] FinalRC: 0.88345325
[INFO GPL-0077] FinalRC lower than targetRC(1.01), routability not needed.
[NesterovSolve] Iter:  280 overflow: 0.281 HPWL: 3281824
[INFO GPL-0100] Timing-driven: executing resizer for reweighting nets.
[INFO GPL-0101] Timing-driven: worst slack 5.8e-08
[INFO GPL-0103] Timing-driven: weighted 17 nets.
[NesterovSolve] Iter:  290 overflow: 0.253 HPWL: 3296969
[NesterovSolve] Iter:  300 overflow: 0.225 HPWL: 3321672
[INFO GPL-0100] Timing-driven: executing resizer for reweighting nets.
[INFO GPL-0101] Timing-driven: worst slack 5.8e-08
[INFO GPL-0103] Timing-driven: weighted 17 nets.
[NesterovSolve] Iter:  310 overflow: 0.198 HPWL: 3347542
[NesterovSolve] Iter:  320 overflow: 0.173 HPWL: 3368264
[NesterovSolve] Iter:  330 overflow: 0.149 HPWL: 3382592
[INFO GPL-0100] Timing-driven: executing resizer for reweighting nets.
[INFO GPL-0101] Timing-driven: worst slack 5.8e-08
[INFO GPL-0103] Timing-driven: weighted 17 nets.
[NesterovSolve] Iter:  340 overflow: 0.123 HPWL: 3395903
[NesterovSolve] Iter:  350 overflow: 0.107 HPWL: 3413252
[NesterovSolve] Finished with Overflow: 0.098717
[INFO] Setting RC values…
Setting global connections for newly added cells…
[INFO] Setting global connections...
Updating metrics…
Cell type report:                       Count       Area
  Fill cell                                56     210.20
  Tap cell                                 90     112.61
  Inverter                                  8      30.03
  Sequential cell                          16     420.40
  Multi-Input combinational cell          138    1497.69
  Total                                   308    2270.93
Writing OpenROAD database to '/home/edabk/Desktop/Tu67/MARCO_ultra/Path_Metric_Unit/runs/RUN_2026-01-21_19-00-38/27-openroad-globalplacement/Path_Metric_Unit.odb'…
Writing netlist to '/home/edabk/Desktop/Tu67/MARCO_ultra/Path_Metric_Unit/runs/RUN_2026-01-21_19-00-38/27-openroad-globalplacement/Path_Metric_Unit.nl.v'…
Writing powered netlist to '/home/edabk/Desktop/Tu67/MARCO_ultra/Path_Metric_Unit/runs/RUN_2026-01-21_19-00-38/27-openroad-globalplacement/Path_Metric_Unit.pnl.v'…
Writing layout to '/home/edabk/Desktop/Tu67/MARCO_ultra/Path_Metric_Unit/runs/RUN_2026-01-21_19-00-38/27-openroad-globalplacement/Path_Metric_Unit.def'…
Writing timing constraints to '/home/edabk/Desktop/Tu67/MARCO_ultra/Path_Metric_Unit/runs/RUN_2026-01-21_19-00-38/27-openroad-globalplacement/Path_Metric_Unit.sdc'…
