Reading OpenROAD database at '/home/edabk/Desktop/Tu67/MARCO_ultra/Survivor_Memory_Unit/runs/Survivor_Memory_Unit_run/17-openroad-cutrows/Survivor_Memory_Unit.odb'…
Reading library file at '/home/edabk/.volare/volare/sky130/versions/0fe599b2afb6708d281543108caf8310912f54af/sky130A/libs.ref/sky130_fd_sc_hd/lib/sky130_fd_sc_hd__tt_025C_1v80.lib'…
Reading design constraints file at '/nix/store/h0ldzjka94yryiq8yxbxmwargpnmwhx6-python3-3.11.9-env/lib/python3.11/site-packages/openlane/scripts/base.sdc'…
[INFO] Using clock clk…
[INFO] Setting output delay to: 20.0
[INFO] Setting input delay to: 20.0
[INFO] Setting load to: 0.033442
[INFO] Setting clock uncertainty to: 0.25
[INFO] Setting clock transition to: 0.1499999999999999944488848768742172978818416595458984375
[INFO] Setting timing derate to: 5%
[INFO TAP-0004] Inserted 56 endcaps.
[INFO TAP-0005] Inserted 45 tapcells.
Setting global connections for newly added cells…
[INFO] Setting global connections...
Updating metrics…
Cell type report:                       Count       Area
  Fill cell                                56     210.20
  Tap cell                                 45      56.30
  Sequential cell                          34     893.36
  Multi-Input combinational cell           54     534.26
  Total                                   189    1694.12
Writing OpenROAD database to '/home/edabk/Desktop/Tu67/MARCO_ultra/Survivor_Memory_Unit/runs/Survivor_Memory_Unit_run/18-openroad-tapendcapinsertion/Survivor_Memory_Unit.odb'…
Writing netlist to '/home/edabk/Desktop/Tu67/MARCO_ultra/Survivor_Memory_Unit/runs/Survivor_Memory_Unit_run/18-openroad-tapendcapinsertion/Survivor_Memory_Unit.nl.v'…
Writing powered netlist to '/home/edabk/Desktop/Tu67/MARCO_ultra/Survivor_Memory_Unit/runs/Survivor_Memory_Unit_run/18-openroad-tapendcapinsertion/Survivor_Memory_Unit.pnl.v'…
Writing layout to '/home/edabk/Desktop/Tu67/MARCO_ultra/Survivor_Memory_Unit/runs/Survivor_Memory_Unit_run/18-openroad-tapendcapinsertion/Survivor_Memory_Unit.def'…
Writing timing constraints to '/home/edabk/Desktop/Tu67/MARCO_ultra/Survivor_Memory_Unit/runs/Survivor_Memory_Unit_run/18-openroad-tapendcapinsertion/Survivor_Memory_Unit.sdc'…
