Reading OpenROAD database at '/home/edabk/Desktop/Tu67/MARCO_ultra/Survivor_Memory_Unit/runs/Survivor_Memory_Unit_run/47-odb-reportdisconnectedpins/Survivor_Memory_Unit.odb'…
Reading library file at '/home/edabk/.volare/volare/sky130/versions/0fe599b2afb6708d281543108caf8310912f54af/sky130A/libs.ref/sky130_fd_sc_hd/lib/sky130_fd_sc_hd__tt_025C_1v80.lib'…
Reading design constraints file at '/nix/store/h0ldzjka94yryiq8yxbxmwargpnmwhx6-python3-3.11.9-env/lib/python3.11/site-packages/openlane/scripts/base.sdc'…
[INFO] Using clock clk…
[INFO] Setting output delay to: 20.0
[INFO] Setting input delay to: 20.0
[INFO] Setting load to: 0.033442
[INFO] Setting clock uncertainty to: 0.25
[INFO] Setting clock transition to: 0.1499999999999999944488848768742172978818416595458984375
[INFO] Setting timing derate to: 5%
sky130_ef_sc_hd__decap_12 sky130_fd_sc_hd__decap_8 sky130_fd_sc_hd__decap_6 sky130_fd_sc_hd__decap_4 sky130_fd_sc_hd__decap_3 sky130_fd_sc_hd__fill*
[INFO DPL-0001] Placed 184 filler instances.
Setting global connections for newly added cells…
[INFO] Setting global connections...
Updating metrics…
Cell type report:                       Count       Area
  Fill cell                               240    1687.87
  Tap cell                                 45      56.30
  Clock buffer                              6     138.88
  Timing Repair Buffer                     59     470.45
  Clock inverter                            2      12.51
  Sequential cell                          34     850.82
  Multi-Input combinational cell           54     496.73
  Total                                   440    3713.56
Writing OpenROAD database to '/home/edabk/Desktop/Tu67/MARCO_ultra/Survivor_Memory_Unit/runs/Survivor_Memory_Unit_run/51-openroad-fillinsertion/Survivor_Memory_Unit.odb'…
Writing netlist to '/home/edabk/Desktop/Tu67/MARCO_ultra/Survivor_Memory_Unit/runs/Survivor_Memory_Unit_run/51-openroad-fillinsertion/Survivor_Memory_Unit.nl.v'…
Writing powered netlist to '/home/edabk/Desktop/Tu67/MARCO_ultra/Survivor_Memory_Unit/runs/Survivor_Memory_Unit_run/51-openroad-fillinsertion/Survivor_Memory_Unit.pnl.v'…
Writing layout to '/home/edabk/Desktop/Tu67/MARCO_ultra/Survivor_Memory_Unit/runs/Survivor_Memory_Unit_run/51-openroad-fillinsertion/Survivor_Memory_Unit.def'…
Writing timing constraints to '/home/edabk/Desktop/Tu67/MARCO_ultra/Survivor_Memory_Unit/runs/Survivor_Memory_Unit_run/51-openroad-fillinsertion/Survivor_Memory_Unit.sdc'…
