Clock: clk
Sources: clk 
Generated: no
Virtual: yes
Propagated: no
Period: 100.000000

===========================================================================
report_clock_properties
============================================================================
Clock                   Period          Waveform
----------------------------------------------------
clk                 100.000000    0.000000 50.000000

===========================================================================
report_clock_latency
============================================================================
Clock clk
rise -> rise
    min     max
0.000000 0.000000 source latency
0.275515         network latency _35_/CLK
        0.278290 network latency _34_/CLK
---------------
0.275515 0.278290 latency
        0.002775 skew

fall -> fall
    min     max
0.000000 0.000000 source latency
0.281997         network latency _30_/CLK
        0.284352 network latency _34_/CLK
---------------
0.281997 0.284352 latency
        0.002355 skew



===========================================================================
report_clock_min_period
============================================================================
clk period_min = 1.71 fmax = 585.45
