
===========================================================================
report_checks -path_delay max (Setup)
============================================================================
======================= min_tt_025C_1v80 Corner ===================================

Startpoint: start (input port clocked by clk)
Endpoint: clr_me (output port clocked by clk)
Path Group: clk
Path Type: max

Fanout         Cap        Slew       Delay        Time   Description
---------------------------------------------------------------------------------------------
                                  0.000000    0.000000   clock clk (rise edge)
                                  0.000000    0.000000   clock network delay (propagated)
                                 20.000000   20.000000 v input external delay
     1    0.002503    0.007946    0.003917   20.003918 v start (in)
                                                         start (net)
                      0.007946    0.000000   20.003918 v input2/A (sky130_fd_sc_hd__clkbuf_1)
     2    0.006094    0.043756    0.087393   20.091311 v input2/X (sky130_fd_sc_hd__clkbuf_1)
                                                         net2 (net)
                      0.043756    0.000082   20.091393 v _29_/A2 (sky130_fd_sc_hd__a211oi_1)
     1    0.002375    0.172737    0.213037   20.304428 ^ _29_/Y (sky130_fd_sc_hd__a211oi_1)
                                                         net3 (net)
                      0.172737    0.000025   20.304453 ^ output3/A (sky130_fd_sc_hd__buf_2)
     1    0.034333    0.170905    0.240657   20.545111 ^ output3/X (sky130_fd_sc_hd__buf_2)
                                                         clr_me (net)
                      0.170905    0.000357   20.545467 ^ clr_me (out)
                                             20.545467   data arrival time

                                100.000000  100.000000   clock clk (rise edge)
                                  0.000000  100.000000   clock network delay (propagated)
                                 -0.250000   99.750000   clock uncertainty
                                  0.000000   99.750000   clock reconvergence pessimism
                                -20.000000   79.750000   output external delay
                                             79.750000   data required time
---------------------------------------------------------------------------------------------
                                             79.750000   data required time
                                            -20.545467   data arrival time
---------------------------------------------------------------------------------------------
                                             59.204529   slack (MET)


Startpoint: _30_ (rising edge-triggered flip-flop clocked by clk)
Endpoint: frame_done (output port clocked by clk)
Path Group: clk
Path Type: max

Fanout         Cap        Slew       Delay        Time   Description
---------------------------------------------------------------------------------------------
                                  0.000000    0.000000   clock clk (rise edge)
                                  0.000000    0.000000   clock source latency
     1    0.010384    0.053137    0.035284    0.035284 ^ clk (in)
                                                         clk (net)
                      0.053138    0.000000    0.035284 ^ clkbuf_0_clk/A (sky130_fd_sc_hd__clkbuf_16)
     2    0.018726    0.040760    0.127189    0.162473 ^ clkbuf_0_clk/X (sky130_fd_sc_hd__clkbuf_16)
                                                         clknet_0_clk (net)
                      0.040760    0.000089    0.162563 ^ clkbuf_1_0__f_clk/A (sky130_fd_sc_hd__clkbuf_16)
     3    0.008493    0.032036    0.112882    0.275445 ^ clkbuf_1_0__f_clk/X (sky130_fd_sc_hd__clkbuf_16)
                                                         clknet_1_0__leaf_clk (net)
                      0.032036    0.000070    0.275516 ^ _30_/CLK (sky130_fd_sc_hd__dfrtp_1)
     5    0.015510    0.094780    0.409204    0.684719 v _30_/Q (sky130_fd_sc_hd__dfrtp_1)
                                                         state[0] (net)
                      0.094780    0.000098    0.684817 v _28_/A_N (sky130_fd_sc_hd__and2b_1)
     2    0.015215    0.144960    0.283106    0.967923 ^ _28_/X (sky130_fd_sc_hd__and2b_1)
                                                         net4 (net)
                      0.144960    0.000353    0.968277 ^ output4/A (sky130_fd_sc_hd__buf_2)
     1    0.033867    0.168656    0.231734    1.200011 ^ output4/X (sky130_fd_sc_hd__buf_2)
                                                         frame_done (net)
                      0.168656    0.000163    1.200174 ^ frame_done (out)
                                              1.200174   data arrival time

                                100.000000  100.000000   clock clk (rise edge)
                                  0.000000  100.000000   clock network delay (propagated)
                                 -0.250000   99.750000   clock uncertainty
                                  0.000000   99.750000   clock reconvergence pessimism
                                -20.000000   79.750000   output external delay
                                             79.750000   data required time
---------------------------------------------------------------------------------------------
                                             79.750000   data required time
                                             -1.200174   data arrival time
---------------------------------------------------------------------------------------------
                                             78.549828   slack (MET)


Startpoint: start (input port clocked by clk)
Endpoint: _30_ (rising edge-triggered flip-flop clocked by clk)
Path Group: clk
Path Type: max

Fanout         Cap        Slew       Delay        Time   Description
---------------------------------------------------------------------------------------------
                                  0.000000    0.000000   clock clk (rise edge)
                                  0.000000    0.000000   clock network delay (propagated)
                                 20.000000   20.000000 ^ input external delay
     1    0.002679    0.019215    0.009875   20.009874 ^ start (in)
                                                         start (net)
                      0.019215    0.000000   20.009874 ^ input2/A (sky130_fd_sc_hd__clkbuf_1)
     2    0.006374    0.083778    0.100133   20.110008 ^ input2/X (sky130_fd_sc_hd__clkbuf_1)
                                                         net2 (net)
                      0.083778    0.000082   20.110090 ^ _25_/C_N (sky130_fd_sc_hd__or3b_1)
     1    0.003658    0.071008    0.353856   20.463945 v _25_/X (sky130_fd_sc_hd__or3b_1)
                                                         _12_ (net)
                      0.071008    0.000053   20.463999 v _26_/B1 (sky130_fd_sc_hd__o21ai_1)
     1    0.002927    0.100463    0.081025   20.545025 ^ _26_/Y (sky130_fd_sc_hd__o21ai_1)
                                                         next_state[0] (net)
                      0.100463    0.000032   20.545055 ^ _30_/D (sky130_fd_sc_hd__dfrtp_1)
                                             20.545055   data arrival time

                                100.000000  100.000000   clock clk (rise edge)
                                  0.000000  100.000000   clock source latency
     1    0.010384    0.053137    0.035286  100.035286 ^ clk (in)
                                                         clk (net)
                      0.053138    0.000000  100.035286 ^ clkbuf_0_clk/A (sky130_fd_sc_hd__clkbuf_16)
     2    0.018726    0.040760    0.127187  100.162468 ^ clkbuf_0_clk/X (sky130_fd_sc_hd__clkbuf_16)
                                                         clknet_0_clk (net)
                      0.040760    0.000092  100.162560 ^ clkbuf_1_0__f_clk/A (sky130_fd_sc_hd__clkbuf_16)
     3    0.008493    0.032036    0.112877  100.275436 ^ clkbuf_1_0__f_clk/X (sky130_fd_sc_hd__clkbuf_16)
                                                         clknet_1_0__leaf_clk (net)
                      0.032036    0.000071  100.275513 ^ _30_/CLK (sky130_fd_sc_hd__dfrtp_1)
                                 -0.250000  100.025513   clock uncertainty
                                  0.000000  100.025513   clock reconvergence pessimism
                                 -0.074624   99.950890   library setup time
                                             99.950890   data required time
---------------------------------------------------------------------------------------------
                                             99.950890   data required time
                                            -20.545055   data arrival time
---------------------------------------------------------------------------------------------
                                             79.405838   slack (MET)


Startpoint: rst_n (input port clocked by clk)
Endpoint: _30_ (recovery check against rising-edge clock clk)
Path Group: asynchronous
Path Type: max

Fanout         Cap        Slew       Delay        Time   Description
---------------------------------------------------------------------------------------------
                                  0.000000    0.000000   clock clk (rise edge)
                                  0.000000    0.000000   clock network delay (propagated)
                                 20.000000   20.000000 ^ input external delay
     1    0.003154    0.021260    0.011543   20.011543 ^ rst_n (in)
                                                         rst_n (net)
                      0.021260    0.000000   20.011543 ^ input1/A (sky130_fd_sc_hd__clkbuf_2)
     6    0.030878    0.171135    0.185624   20.197166 ^ input1/X (sky130_fd_sc_hd__clkbuf_2)
                                                         net1 (net)
                      0.171148    0.001274   20.198441 ^ _30_/RESET_B (sky130_fd_sc_hd__dfrtp_1)
                                             20.198441   data arrival time

                                100.000000  100.000000   clock clk (rise edge)
                                  0.000000  100.000000   clock source latency
     1    0.010384    0.053137    0.035286  100.035286 ^ clk (in)
                                                         clk (net)
                      0.053138    0.000000  100.035286 ^ clkbuf_0_clk/A (sky130_fd_sc_hd__clkbuf_16)
     2    0.018726    0.040760    0.127187  100.162468 ^ clkbuf_0_clk/X (sky130_fd_sc_hd__clkbuf_16)
                                                         clknet_0_clk (net)
                      0.040760    0.000092  100.162560 ^ clkbuf_1_0__f_clk/A (sky130_fd_sc_hd__clkbuf_16)
     3    0.008493    0.032036    0.112877  100.275436 ^ clkbuf_1_0__f_clk/X (sky130_fd_sc_hd__clkbuf_16)
                                                         clknet_1_0__leaf_clk (net)
                      0.032036    0.000071  100.275513 ^ _30_/CLK (sky130_fd_sc_hd__dfrtp_1)
                                 -0.250000  100.025513   clock uncertainty
                                  0.000000  100.025513   clock reconvergence pessimism
                                  0.193632  100.219139   library recovery time
                                            100.219139   data required time
---------------------------------------------------------------------------------------------
                                            100.219139   data required time
                                            -20.198441   data arrival time
---------------------------------------------------------------------------------------------
                                             80.020699   slack (MET)


Startpoint: rst_n (input port clocked by clk)
Endpoint: _31_ (recovery check against rising-edge clock clk)
Path Group: asynchronous
Path Type: max

Fanout         Cap        Slew       Delay        Time   Description
---------------------------------------------------------------------------------------------
                                  0.000000    0.000000   clock clk (rise edge)
                                  0.000000    0.000000   clock network delay (propagated)
                                 20.000000   20.000000 ^ input external delay
     1    0.003154    0.021260    0.011543   20.011543 ^ rst_n (in)
                                                         rst_n (net)
                      0.021260    0.000000   20.011543 ^ input1/A (sky130_fd_sc_hd__clkbuf_2)
     6    0.030878    0.171135    0.185624   20.197166 ^ input1/X (sky130_fd_sc_hd__clkbuf_2)
                                                         net1 (net)
                      0.171149    0.001295   20.198462 ^ _31_/RESET_B (sky130_fd_sc_hd__dfrtp_1)
                                             20.198462   data arrival time

                                100.000000  100.000000   clock clk (rise edge)
                                  0.000000  100.000000   clock source latency
     1    0.010384    0.053137    0.035286  100.035286 ^ clk (in)
                                                         clk (net)
                      0.053138    0.000000  100.035286 ^ clkbuf_0_clk/A (sky130_fd_sc_hd__clkbuf_16)
     2    0.018726    0.040760    0.127187  100.162468 ^ clkbuf_0_clk/X (sky130_fd_sc_hd__clkbuf_16)
                                                         clknet_0_clk (net)
                      0.040760    0.000092  100.162560 ^ clkbuf_1_0__f_clk/A (sky130_fd_sc_hd__clkbuf_16)
     3    0.008493    0.032036    0.112877  100.275436 ^ clkbuf_1_0__f_clk/X (sky130_fd_sc_hd__clkbuf_16)
                                                         clknet_1_0__leaf_clk (net)
                      0.032036    0.000092  100.275528 ^ _31_/CLK (sky130_fd_sc_hd__dfrtp_1)
                                 -0.250000  100.025536   clock uncertainty
                                  0.000000  100.025536   clock reconvergence pessimism
                                  0.193632  100.219162   library recovery time
                                            100.219162   data required time
---------------------------------------------------------------------------------------------
                                            100.219162   data required time
                                            -20.198462   data arrival time
---------------------------------------------------------------------------------------------
                                             80.020699   slack (MET)


Startpoint: rst_n (input port clocked by clk)
Endpoint: _35_ (recovery check against rising-edge clock clk)
Path Group: asynchronous
Path Type: max

Fanout         Cap        Slew       Delay        Time   Description
---------------------------------------------------------------------------------------------
                                  0.000000    0.000000   clock clk (rise edge)
                                  0.000000    0.000000   clock network delay (propagated)
                                 20.000000   20.000000 ^ input external delay
     1    0.003154    0.021260    0.011543   20.011543 ^ rst_n (in)
                                                         rst_n (net)
                      0.021260    0.000000   20.011543 ^ input1/A (sky130_fd_sc_hd__clkbuf_2)
     6    0.030878    0.171135    0.185624   20.197166 ^ input1/X (sky130_fd_sc_hd__clkbuf_2)
                                                         net1 (net)
                      0.171147    0.001224   20.198391 ^ _35_/RESET_B (sky130_fd_sc_hd__dfrtp_1)
                                             20.198391   data arrival time

                                100.000000  100.000000   clock clk (rise edge)
                                  0.000000  100.000000   clock source latency
     1    0.010384    0.053137    0.035286  100.035286 ^ clk (in)
                                                         clk (net)
                      0.053138    0.000000  100.035286 ^ clkbuf_0_clk/A (sky130_fd_sc_hd__clkbuf_16)
     2    0.018726    0.040760    0.127187  100.162468 ^ clkbuf_0_clk/X (sky130_fd_sc_hd__clkbuf_16)
                                                         clknet_0_clk (net)
                      0.040760    0.000092  100.162560 ^ clkbuf_1_0__f_clk/A (sky130_fd_sc_hd__clkbuf_16)
     3    0.008493    0.032036    0.112877  100.275436 ^ clkbuf_1_0__f_clk/X (sky130_fd_sc_hd__clkbuf_16)
                                                         clknet_1_0__leaf_clk (net)
                      0.032036    0.000071  100.275513 ^ _35_/CLK (sky130_fd_sc_hd__dfrtp_1)
                                 -0.250000  100.025513   clock uncertainty
                                  0.000000  100.025513   clock reconvergence pessimism
                                  0.193633  100.219139   library recovery time
                                            100.219139   data required time
---------------------------------------------------------------------------------------------
                                            100.219139   data required time
                                            -20.198391   data arrival time
---------------------------------------------------------------------------------------------
                                             80.020752   slack (MET)


Startpoint: rst_n (input port clocked by clk)
Endpoint: _32_ (recovery check against rising-edge clock clk)
Path Group: asynchronous
Path Type: max

Fanout         Cap        Slew       Delay        Time   Description
---------------------------------------------------------------------------------------------
                                  0.000000    0.000000   clock clk (rise edge)
                                  0.000000    0.000000   clock network delay (propagated)
                                 20.000000   20.000000 ^ input external delay
     1    0.003154    0.021260    0.011543   20.011543 ^ rst_n (in)
                                                         rst_n (net)
                      0.021260    0.000000   20.011543 ^ input1/A (sky130_fd_sc_hd__clkbuf_2)
     6    0.030878    0.171135    0.185624   20.197166 ^ input1/X (sky130_fd_sc_hd__clkbuf_2)
                                                         net1 (net)
                      0.171147    0.001208   20.198376 ^ _32_/RESET_B (sky130_fd_sc_hd__dfrtp_1)
                                             20.198376   data arrival time

                                100.000000  100.000000   clock clk (rise edge)
                                  0.000000  100.000000   clock source latency
     1    0.010384    0.053137    0.035286  100.035286 ^ clk (in)
                                                         clk (net)
                      0.053138    0.000000  100.035286 ^ clkbuf_0_clk/A (sky130_fd_sc_hd__clkbuf_16)
     2    0.018726    0.040760    0.127187  100.162468 ^ clkbuf_0_clk/X (sky130_fd_sc_hd__clkbuf_16)
                                                         clknet_0_clk (net)
                      0.040760    0.000135  100.162605 ^ clkbuf_1_1__f_clk/A (sky130_fd_sc_hd__clkbuf_16)
     3    0.011238    0.034392    0.115506  100.278107 ^ clkbuf_1_1__f_clk/X (sky130_fd_sc_hd__clkbuf_16)
                                                         clknet_1_1__leaf_clk (net)
                      0.034392    0.000163  100.278275 ^ _32_/CLK (sky130_fd_sc_hd__dfrtp_1)
                                 -0.250000  100.028275   clock uncertainty
                                  0.000000  100.028275   clock reconvergence pessimism
                                  0.194367  100.222649   library recovery time
                                            100.222649   data required time
---------------------------------------------------------------------------------------------
                                            100.222649   data required time
                                            -20.198376   data arrival time
---------------------------------------------------------------------------------------------
                                             80.024269   slack (MET)


Startpoint: rst_n (input port clocked by clk)
Endpoint: _33_ (recovery check against rising-edge clock clk)
Path Group: asynchronous
Path Type: max

Fanout         Cap        Slew       Delay        Time   Description
---------------------------------------------------------------------------------------------
                                  0.000000    0.000000   clock clk (rise edge)
                                  0.000000    0.000000   clock network delay (propagated)
                                 20.000000   20.000000 ^ input external delay
     1    0.003154    0.021260    0.011543   20.011543 ^ rst_n (in)
                                                         rst_n (net)
                      0.021260    0.000000   20.011543 ^ input1/A (sky130_fd_sc_hd__clkbuf_2)
     6    0.030878    0.171135    0.185624   20.197166 ^ input1/X (sky130_fd_sc_hd__clkbuf_2)
                                                         net1 (net)
                      0.171141    0.000885   20.198051 ^ _33_/RESET_B (sky130_fd_sc_hd__dfrtp_1)
                                             20.198051   data arrival time

                                100.000000  100.000000   clock clk (rise edge)
                                  0.000000  100.000000   clock source latency
     1    0.010384    0.053137    0.035286  100.035286 ^ clk (in)
                                                         clk (net)
                      0.053138    0.000000  100.035286 ^ clkbuf_0_clk/A (sky130_fd_sc_hd__clkbuf_16)
     2    0.018726    0.040760    0.127187  100.162468 ^ clkbuf_0_clk/X (sky130_fd_sc_hd__clkbuf_16)
                                                         clknet_0_clk (net)
                      0.040760    0.000135  100.162605 ^ clkbuf_1_1__f_clk/A (sky130_fd_sc_hd__clkbuf_16)
     3    0.011238    0.034392    0.115506  100.278107 ^ clkbuf_1_1__f_clk/X (sky130_fd_sc_hd__clkbuf_16)
                                                         clknet_1_1__leaf_clk (net)
                      0.034392    0.000036  100.278145 ^ _33_/CLK (sky130_fd_sc_hd__dfrtp_1)
                                 -0.250000  100.028145   clock uncertainty
                                  0.000000  100.028145   clock reconvergence pessimism
                                  0.194368  100.222519   library recovery time
                                            100.222519   data required time
---------------------------------------------------------------------------------------------
                                            100.222519   data required time
                                            -20.198051   data arrival time
---------------------------------------------------------------------------------------------
                                             80.024467   slack (MET)


Startpoint: rst_n (input port clocked by clk)
Endpoint: _34_ (recovery check against rising-edge clock clk)
Path Group: asynchronous
Path Type: max

Fanout         Cap        Slew       Delay        Time   Description
---------------------------------------------------------------------------------------------
                                  0.000000    0.000000   clock clk (rise edge)
                                  0.000000    0.000000   clock network delay (propagated)
                                 20.000000   20.000000 ^ input external delay
     1    0.003154    0.021260    0.011543   20.011543 ^ rst_n (in)
                                                         rst_n (net)
                      0.021260    0.000000   20.011543 ^ input1/A (sky130_fd_sc_hd__clkbuf_2)
     6    0.030878    0.171135    0.185624   20.197166 ^ input1/X (sky130_fd_sc_hd__clkbuf_2)
                                                         net1 (net)
                      0.171145    0.001087   20.198254 ^ _34_/RESET_B (sky130_fd_sc_hd__dfrtp_1)
                                             20.198254   data arrival time

                                100.000000  100.000000   clock clk (rise edge)
                                  0.000000  100.000000   clock source latency
     1    0.010384    0.053137    0.035286  100.035286 ^ clk (in)
                                                         clk (net)
                      0.053138    0.000000  100.035286 ^ clkbuf_0_clk/A (sky130_fd_sc_hd__clkbuf_16)
     2    0.018726    0.040760    0.127187  100.162468 ^ clkbuf_0_clk/X (sky130_fd_sc_hd__clkbuf_16)
                                                         clknet_0_clk (net)
                      0.040760    0.000135  100.162605 ^ clkbuf_1_1__f_clk/A (sky130_fd_sc_hd__clkbuf_16)
     3    0.011238    0.034392    0.115506  100.278107 ^ clkbuf_1_1__f_clk/X (sky130_fd_sc_hd__clkbuf_16)
                                                         clknet_1_1__leaf_clk (net)
                      0.034392    0.000178  100.278290 ^ _34_/CLK (sky130_fd_sc_hd__dfrtp_1)
                                 -0.250000  100.028290   clock uncertainty
                                  0.000000  100.028290   clock reconvergence pessimism
                                  0.194367  100.222656   library recovery time
                                            100.222656   data required time
---------------------------------------------------------------------------------------------
                                            100.222656   data required time
                                            -20.198254   data arrival time
---------------------------------------------------------------------------------------------
                                             80.024406   slack (MET)


Startpoint: _32_ (rising edge-triggered flip-flop clocked by clk)
Endpoint: _32_ (rising edge-triggered flip-flop clocked by clk)
Path Group: clk
Path Type: max

Fanout         Cap        Slew       Delay        Time   Description
---------------------------------------------------------------------------------------------
                                  0.000000    0.000000   clock clk (rise edge)
                                  0.000000    0.000000   clock source latency
     1    0.010384    0.053137    0.035284    0.035284 ^ clk (in)
                                                         clk (net)
                      0.053138    0.000000    0.035284 ^ clkbuf_0_clk/A (sky130_fd_sc_hd__clkbuf_16)
     2    0.018726    0.040760    0.127189    0.162473 ^ clkbuf_0_clk/X (sky130_fd_sc_hd__clkbuf_16)
                                                         clknet_0_clk (net)
                      0.040760    0.000133    0.162606 ^ clkbuf_1_1__f_clk/A (sky130_fd_sc_hd__clkbuf_16)
     3    0.011238    0.034392    0.115506    0.278112 ^ clkbuf_1_1__f_clk/X (sky130_fd_sc_hd__clkbuf_16)
                                                         clknet_1_1__leaf_clk (net)
                      0.034392    0.000163    0.278275 ^ _32_/CLK (sky130_fd_sc_hd__dfrtp_1)
     6    0.015512    0.094716    0.410141    0.688416 v _32_/Q (sky130_fd_sc_hd__dfrtp_1)
                                                         sym_cnt[0] (net)
                      0.094716    0.000122    0.688538 v hold2/A (sky130_fd_sc_hd__dlygate4sd3_1)
     1    0.004399    0.060573    0.582125    1.270663 v hold2/X (sky130_fd_sc_hd__dlygate4sd3_1)
                                                         net6 (net)
                      0.060573    0.000072    1.270735 v _16_/A (sky130_fd_sc_hd__nor2_1)
     1    0.003060    0.081171    0.105439    1.376174 ^ _16_/Y (sky130_fd_sc_hd__nor2_1)
                                                         _00_ (net)
                      0.081171    0.000037    1.376212 ^ _32_/D (sky130_fd_sc_hd__dfrtp_1)
                                              1.376212   data arrival time

                                100.000000  100.000000   clock clk (rise edge)
                                  0.000000  100.000000   clock source latency
     1    0.010384    0.053137    0.035286  100.035286 ^ clk (in)
                                                         clk (net)
                      0.053138    0.000000  100.035286 ^ clkbuf_0_clk/A (sky130_fd_sc_hd__clkbuf_16)
     2    0.018726    0.040760    0.127187  100.162468 ^ clkbuf_0_clk/X (sky130_fd_sc_hd__clkbuf_16)
                                                         clknet_0_clk (net)
                      0.040760    0.000135  100.162605 ^ clkbuf_1_1__f_clk/A (sky130_fd_sc_hd__clkbuf_16)
     3    0.011238    0.034392    0.115506  100.278107 ^ clkbuf_1_1__f_clk/X (sky130_fd_sc_hd__clkbuf_16)
                                                         clknet_1_1__leaf_clk (net)
                      0.034392    0.000163  100.278275 ^ _32_/CLK (sky130_fd_sc_hd__dfrtp_1)
                                 -0.250000  100.028275   clock uncertainty
                                  0.000000  100.028275   clock reconvergence pessimism
                                 -0.069796   99.958481   library setup time
                                             99.958481   data required time
---------------------------------------------------------------------------------------------
                                             99.958481   data required time
                                             -1.376212   data arrival time
---------------------------------------------------------------------------------------------
                                             98.582268   slack (MET)


Startpoint: _35_ (rising edge-triggered flip-flop clocked by clk)
Endpoint: _35_ (rising edge-triggered flip-flop clocked by clk)
Path Group: clk
Path Type: max

Fanout         Cap        Slew       Delay        Time   Description
---------------------------------------------------------------------------------------------
                                  0.000000    0.000000   clock clk (rise edge)
                                  0.000000    0.000000   clock source latency
     1    0.010384    0.053137    0.035284    0.035284 ^ clk (in)
                                                         clk (net)
                      0.053138    0.000000    0.035284 ^ clkbuf_0_clk/A (sky130_fd_sc_hd__clkbuf_16)
     2    0.018726    0.040760    0.127189    0.162473 ^ clkbuf_0_clk/X (sky130_fd_sc_hd__clkbuf_16)
                                                         clknet_0_clk (net)
                      0.040760    0.000089    0.162563 ^ clkbuf_1_0__f_clk/A (sky130_fd_sc_hd__clkbuf_16)
     3    0.008493    0.032036    0.112882    0.275445 ^ clkbuf_1_0__f_clk/X (sky130_fd_sc_hd__clkbuf_16)
                                                         clknet_1_0__leaf_clk (net)
                      0.032036    0.000070    0.275515 ^ _35_/CLK (sky130_fd_sc_hd__dfrtp_1)
     2    0.004251    0.045958    0.356839    0.632354 v _35_/Q (sky130_fd_sc_hd__dfrtp_1)
                                                         sym_cnt[3] (net)
                      0.045958    0.000020    0.632373 v hold1/A (sky130_fd_sc_hd__dlygate4sd3_1)
     1    0.002803    0.053031    0.548582    1.180956 v hold1/X (sky130_fd_sc_hd__dlygate4sd3_1)
                                                         net5 (net)
                      0.053031    0.000037    1.180992 v _23_/A (sky130_fd_sc_hd__and3_1)
     1    0.003190    0.038674    0.144339    1.325331 v _23_/X (sky130_fd_sc_hd__and3_1)
                                                         _03_ (net)
                      0.038674    0.000040    1.325371 v _35_/D (sky130_fd_sc_hd__dfrtp_1)
                                              1.325371   data arrival time

                                100.000000  100.000000   clock clk (rise edge)
                                  0.000000  100.000000   clock source latency
     1    0.010384    0.053137    0.035286  100.035286 ^ clk (in)
                                                         clk (net)
                      0.053138    0.000000  100.035286 ^ clkbuf_0_clk/A (sky130_fd_sc_hd__clkbuf_16)
     2    0.018726    0.040760    0.127187  100.162468 ^ clkbuf_0_clk/X (sky130_fd_sc_hd__clkbuf_16)
                                                         clknet_0_clk (net)
                      0.040760    0.000092  100.162560 ^ clkbuf_1_0__f_clk/A (sky130_fd_sc_hd__clkbuf_16)
     3    0.008493    0.032036    0.112877  100.275436 ^ clkbuf_1_0__f_clk/X (sky130_fd_sc_hd__clkbuf_16)
                                                         clknet_1_0__leaf_clk (net)
                      0.032036    0.000071  100.275513 ^ _35_/CLK (sky130_fd_sc_hd__dfrtp_1)
                                 -0.250000  100.025513   clock uncertainty
                                  0.000000  100.025513   clock reconvergence pessimism
                                 -0.114478   99.911034   library setup time
                                             99.911034   data required time
---------------------------------------------------------------------------------------------
                                             99.911034   data required time
                                             -1.325371   data arrival time
---------------------------------------------------------------------------------------------
                                             98.585670   slack (MET)


Startpoint: _32_ (rising edge-triggered flip-flop clocked by clk)
Endpoint: _31_ (rising edge-triggered flip-flop clocked by clk)
Path Group: clk
Path Type: max

Fanout         Cap        Slew       Delay        Time   Description
---------------------------------------------------------------------------------------------
                                  0.000000    0.000000   clock clk (rise edge)
                                  0.000000    0.000000   clock source latency
     1    0.010384    0.053137    0.035284    0.035284 ^ clk (in)
                                                         clk (net)
                      0.053138    0.000000    0.035284 ^ clkbuf_0_clk/A (sky130_fd_sc_hd__clkbuf_16)
     2    0.018726    0.040760    0.127189    0.162473 ^ clkbuf_0_clk/X (sky130_fd_sc_hd__clkbuf_16)
                                                         clknet_0_clk (net)
                      0.040760    0.000133    0.162606 ^ clkbuf_1_1__f_clk/A (sky130_fd_sc_hd__clkbuf_16)
     3    0.011238    0.034392    0.115506    0.278112 ^ clkbuf_1_1__f_clk/X (sky130_fd_sc_hd__clkbuf_16)
                                                         clknet_1_1__leaf_clk (net)
                      0.034392    0.000163    0.278275 ^ _32_/CLK (sky130_fd_sc_hd__dfrtp_1)
     6    0.015512    0.094716    0.410141    0.688416 v _32_/Q (sky130_fd_sc_hd__dfrtp_1)
                                                         sym_cnt[0] (net)
                      0.094716    0.000044    0.688460 v _24_/D (sky130_fd_sc_hd__and4b_1)
     2    0.008257    0.063090    0.246197    0.934658 v _24_/X (sky130_fd_sc_hd__and4b_1)
                                                         _11_ (net)
                      0.063090    0.000140    0.934797 v _27_/B (sky130_fd_sc_hd__and2_1)
     1    0.003095    0.036410    0.159864    1.094662 v _27_/X (sky130_fd_sc_hd__and2_1)
                                                         next_state[1] (net)
                      0.036410    0.000040    1.094702 v _31_/D (sky130_fd_sc_hd__dfrtp_1)
                                              1.094702   data arrival time

                                100.000000  100.000000   clock clk (rise edge)
                                  0.000000  100.000000   clock source latency
     1    0.010384    0.053137    0.035286  100.035286 ^ clk (in)
                                                         clk (net)
                      0.053138    0.000000  100.035286 ^ clkbuf_0_clk/A (sky130_fd_sc_hd__clkbuf_16)
     2    0.018726    0.040760    0.127187  100.162468 ^ clkbuf_0_clk/X (sky130_fd_sc_hd__clkbuf_16)
                                                         clknet_0_clk (net)
                      0.040760    0.000092  100.162560 ^ clkbuf_1_0__f_clk/A (sky130_fd_sc_hd__clkbuf_16)
     3    0.008493    0.032036    0.112877  100.275436 ^ clkbuf_1_0__f_clk/X (sky130_fd_sc_hd__clkbuf_16)
                                                         clknet_1_0__leaf_clk (net)
                      0.032036    0.000092  100.275528 ^ _31_/CLK (sky130_fd_sc_hd__dfrtp_1)
                                 -0.250000  100.025536   clock uncertainty
                                  0.000000  100.025536   clock reconvergence pessimism
                                 -0.113489   99.912048   library setup time
                                             99.912048   data required time
---------------------------------------------------------------------------------------------
                                             99.912048   data required time
                                             -1.094702   data arrival time
---------------------------------------------------------------------------------------------
                                             98.817345   slack (MET)


Startpoint: _33_ (rising edge-triggered flip-flop clocked by clk)
Endpoint: _33_ (rising edge-triggered flip-flop clocked by clk)
Path Group: clk
Path Type: max

Fanout         Cap        Slew       Delay        Time   Description
---------------------------------------------------------------------------------------------
                                  0.000000    0.000000   clock clk (rise edge)
                                  0.000000    0.000000   clock source latency
     1    0.010384    0.053137    0.035284    0.035284 ^ clk (in)
                                                         clk (net)
                      0.053138    0.000000    0.035284 ^ clkbuf_0_clk/A (sky130_fd_sc_hd__clkbuf_16)
     2    0.018726    0.040760    0.127189    0.162473 ^ clkbuf_0_clk/X (sky130_fd_sc_hd__clkbuf_16)
                                                         clknet_0_clk (net)
                      0.040760    0.000133    0.162606 ^ clkbuf_1_1__f_clk/A (sky130_fd_sc_hd__clkbuf_16)
     3    0.011238    0.034392    0.115506    0.278112 ^ clkbuf_1_1__f_clk/X (sky130_fd_sc_hd__clkbuf_16)
                                                         clknet_1_1__leaf_clk (net)
                      0.034392    0.000038    0.278151 ^ _33_/CLK (sky130_fd_sc_hd__dfrtp_1)
     5    0.013166    0.084401    0.400582    0.678733 v _33_/Q (sky130_fd_sc_hd__dfrtp_1)
                                                         sym_cnt[1] (net)
                      0.084401    0.000127    0.678859 v _17_/A (sky130_fd_sc_hd__or2_1)
     1    0.003667    0.052651    0.240902    0.919762 v _17_/X (sky130_fd_sc_hd__or2_1)
                                                         _07_ (net)
                      0.052651    0.000062    0.919824 v _19_/B (sky130_fd_sc_hd__and3_1)
     1    0.003111    0.038229    0.163409    1.083232 v _19_/X (sky130_fd_sc_hd__and3_1)
                                                         _01_ (net)
                      0.038229    0.000040    1.083272 v _33_/D (sky130_fd_sc_hd__dfrtp_1)
                                              1.083272   data arrival time

                                100.000000  100.000000   clock clk (rise edge)
                                  0.000000  100.000000   clock source latency
     1    0.010384    0.053137    0.035286  100.035286 ^ clk (in)
                                                         clk (net)
                      0.053138    0.000000  100.035286 ^ clkbuf_0_clk/A (sky130_fd_sc_hd__clkbuf_16)
     2    0.018726    0.040760    0.127187  100.162468 ^ clkbuf_0_clk/X (sky130_fd_sc_hd__clkbuf_16)
                                                         clknet_0_clk (net)
                      0.040760    0.000135  100.162605 ^ clkbuf_1_1__f_clk/A (sky130_fd_sc_hd__clkbuf_16)
     3    0.011238    0.034392    0.115506  100.278107 ^ clkbuf_1_1__f_clk/X (sky130_fd_sc_hd__clkbuf_16)
                                                         clknet_1_1__leaf_clk (net)
                      0.034392    0.000036  100.278145 ^ _33_/CLK (sky130_fd_sc_hd__dfrtp_1)
                                 -0.250000  100.028145   clock uncertainty
                                  0.000000  100.028145   clock reconvergence pessimism
                                 -0.113745   99.914406   library setup time
                                             99.914406   data required time
---------------------------------------------------------------------------------------------
                                             99.914406   data required time
                                             -1.083272   data arrival time
---------------------------------------------------------------------------------------------
                                             98.831131   slack (MET)


Startpoint: _30_ (rising edge-triggered flip-flop clocked by clk)
Endpoint: _34_ (rising edge-triggered flip-flop clocked by clk)
Path Group: clk
Path Type: max

Fanout         Cap        Slew       Delay        Time   Description
---------------------------------------------------------------------------------------------
                                  0.000000    0.000000   clock clk (rise edge)
                                  0.000000    0.000000   clock source latency
     1    0.010384    0.053137    0.035284    0.035284 ^ clk (in)
                                                         clk (net)
                      0.053138    0.000000    0.035284 ^ clkbuf_0_clk/A (sky130_fd_sc_hd__clkbuf_16)
     2    0.018726    0.040760    0.127189    0.162473 ^ clkbuf_0_clk/X (sky130_fd_sc_hd__clkbuf_16)
                                                         clknet_0_clk (net)
                      0.040760    0.000089    0.162563 ^ clkbuf_1_0__f_clk/A (sky130_fd_sc_hd__clkbuf_16)
     3    0.008493    0.032036    0.112882    0.275445 ^ clkbuf_1_0__f_clk/X (sky130_fd_sc_hd__clkbuf_16)
                                                         clknet_1_0__leaf_clk (net)
                      0.032036    0.000070    0.275516 ^ _30_/CLK (sky130_fd_sc_hd__dfrtp_1)
     5    0.015510    0.094780    0.409204    0.684719 v _30_/Q (sky130_fd_sc_hd__dfrtp_1)
                                                         state[0] (net)
                      0.094780    0.000215    0.684934 v _14_/B (sky130_fd_sc_hd__and2b_1)
     5    0.015940    0.088484    0.228341    0.913275 v _14_/X (sky130_fd_sc_hd__and2b_1)
                                                         _05_ (net)
                      0.088484    0.000233    0.913508 v _22_/A (sky130_fd_sc_hd__and3_1)
     1    0.002519    0.035349    0.155803    1.069311 v _22_/X (sky130_fd_sc_hd__and3_1)
                                                         _02_ (net)
                      0.035349    0.000026    1.069337 v _34_/D (sky130_fd_sc_hd__dfrtp_1)
                                              1.069337   data arrival time

                                100.000000  100.000000   clock clk (rise edge)
                                  0.000000  100.000000   clock source latency
     1    0.010384    0.053137    0.035286  100.035286 ^ clk (in)
                                                         clk (net)
                      0.053138    0.000000  100.035286 ^ clkbuf_0_clk/A (sky130_fd_sc_hd__clkbuf_16)
     2    0.018726    0.040760    0.127187  100.162468 ^ clkbuf_0_clk/X (sky130_fd_sc_hd__clkbuf_16)
                                                         clknet_0_clk (net)
                      0.040760    0.000135  100.162605 ^ clkbuf_1_1__f_clk/A (sky130_fd_sc_hd__clkbuf_16)
     3    0.011238    0.034392    0.115506  100.278107 ^ clkbuf_1_1__f_clk/X (sky130_fd_sc_hd__clkbuf_16)
                                                         clknet_1_1__leaf_clk (net)
                      0.034392    0.000178  100.278290 ^ _34_/CLK (sky130_fd_sc_hd__dfrtp_1)
                                 -0.250000  100.028290   clock uncertainty
                                  0.000000  100.028290   clock reconvergence pessimism
                                 -0.112487   99.915802   library setup time
                                             99.915802   data required time
---------------------------------------------------------------------------------------------
                                             99.915802   data required time
                                             -1.069337   data arrival time
---------------------------------------------------------------------------------------------
                                             98.846466   slack (MET)



