Reading OpenROAD database at '/home/edabk/Desktop/Tu67/MARCO_ultra_9.7_final/runs/RUN_2026-01-22_15-55-06/37-odb-heuristicdiodeinsertion/3-openroad-globalrouting/Viterbi_Top.odb'…
Reading library file at '/home/edabk/.volare/volare/sky130/versions/0fe599b2afb6708d281543108caf8310912f54af/sky130A/libs.ref/sky130_fd_sc_hd/lib/sky130_fd_sc_hd__tt_025C_1v80.lib'…
Reading library file at '/home/edabk/Desktop/Tu67/MARCO_ultra_9.7_final/Branch_Metrics/runs/Branch_Metrics_run/final/lib/max_ss_100C_1v60/Branch_Metrics__max_ss_100C_1v60.lib'…
Reading library file at '/home/edabk/Desktop/Tu67/MARCO_ultra_9.7_final/Controller/runs/Controller_run/final/lib/max_ss_100C_1v60/Controller__max_ss_100C_1v60.lib'…
Reading library file at '/home/edabk/Desktop/Tu67/MARCO_ultra_9.7_final/Path_Metric_Unit/runs/Path_Metric_Unit_run/final/lib/max_ss_100C_1v60/Path_Metric_Unit__max_ss_100C_1v60.lib'…
Reading library file at '/home/edabk/Desktop/Tu67/MARCO_ultra_9.7_final/Maximum_Path_Memory/runs/Maximum_Path_Memory_run/final/lib/max_ss_100C_1v60/Maximum_Path_Memory__max_ss_100C_1v60.lib'…
Reading library file at '/home/edabk/Desktop/Tu67/MARCO_ultra_9.7_final/Survivor_Memory_Unit/runs/Survivor_Memory_Unit_run/final/lib/max_ss_100C_1v60/Survivor_Memory_Unit__max_ss_100C_1v60.lib'…
Reading macro library file at '/home/edabk/Desktop/Tu67/MARCO_ultra_9.7_final/Branch_Metrics/runs/Branch_Metrics_run/final/lib/max_ss_100C_1v60/Branch_Metrics__max_ss_100C_1v60.lib'…
[WARNING STA-1140] /home/edabk/Desktop/Tu67/MARCO_ultra_9.7_final/Branch_Metrics/runs/Branch_Metrics_run/final/lib/max_ss_100C_1v60/Branch_Metrics__max_ss_100C_1v60.lib line 1, library Branch_Metrics already exists.
Reading macro library file at '/home/edabk/Desktop/Tu67/MARCO_ultra_9.7_final/Controller/runs/Controller_run/final/lib/max_ss_100C_1v60/Controller__max_ss_100C_1v60.lib'…
[WARNING STA-1140] /home/edabk/Desktop/Tu67/MARCO_ultra_9.7_final/Controller/runs/Controller_run/final/lib/max_ss_100C_1v60/Controller__max_ss_100C_1v60.lib line 1, library Controller already exists.
Reading macro library file at '/home/edabk/Desktop/Tu67/MARCO_ultra_9.7_final/Path_Metric_Unit/runs/Path_Metric_Unit_run/final/lib/max_ss_100C_1v60/Path_Metric_Unit__max_ss_100C_1v60.lib'…
[WARNING STA-1140] /home/edabk/Desktop/Tu67/MARCO_ultra_9.7_final/Path_Metric_Unit/runs/Path_Metric_Unit_run/final/lib/max_ss_100C_1v60/Path_Metric_Unit__max_ss_100C_1v60.lib line 1, library Path_Metric_Unit already exists.
Reading macro library file at '/home/edabk/Desktop/Tu67/MARCO_ultra_9.7_final/Maximum_Path_Memory/runs/Maximum_Path_Memory_run/final/lib/max_ss_100C_1v60/Maximum_Path_Memory__max_ss_100C_1v60.lib'…
[WARNING STA-1140] /home/edabk/Desktop/Tu67/MARCO_ultra_9.7_final/Maximum_Path_Memory/runs/Maximum_Path_Memory_run/final/lib/max_ss_100C_1v60/Maximum_Path_Memory__max_ss_100C_1v60.lib line 1, library Maximum_Path_Memory already exists.
Reading macro library file at '/home/edabk/Desktop/Tu67/MARCO_ultra_9.7_final/Survivor_Memory_Unit/runs/Survivor_Memory_Unit_run/final/lib/max_ss_100C_1v60/Survivor_Memory_Unit__max_ss_100C_1v60.lib'…
[WARNING STA-1140] /home/edabk/Desktop/Tu67/MARCO_ultra_9.7_final/Survivor_Memory_Unit/runs/Survivor_Memory_Unit_run/final/lib/max_ss_100C_1v60/Survivor_Memory_Unit__max_ss_100C_1v60.lib line 1, library Survivor_Memory_Unit already exists.
Reading design constraints file at '/nix/store/h0ldzjka94yryiq8yxbxmwargpnmwhx6-python3-3.11.9-env/lib/python3.11/site-packages/openlane/scripts/base.sdc'…
[INFO] Using clock clk…
[INFO] Setting output delay to: 20.0
[INFO] Setting input delay to: 20.0
[INFO] Setting load to: 0.033442
[INFO] Setting clock uncertainty to: 0.25
[INFO] Setting clock transition to: 0.1499999999999999944488848768742172978818416595458984375
[INFO] Setting timing derate to: 5%
[INFO ORD-0030] Using 16 thread(s).
[INFO DRT-0149] Reading tech and libs.
[WARNING DRT-0349] LEF58_ENCLOSURE with no CUTCLASS is not supported. Skipping for layer mcon
[WARNING DRT-0349] LEF58_ENCLOSURE with no CUTCLASS is not supported. Skipping for layer mcon
[WARNING DRT-0349] LEF58_ENCLOSURE with no CUTCLASS is not supported. Skipping for layer via
[WARNING DRT-0349] LEF58_ENCLOSURE with no CUTCLASS is not supported. Skipping for layer via
[WARNING DRT-0349] LEF58_ENCLOSURE with no CUTCLASS is not supported. Skipping for layer via2
[WARNING DRT-0349] LEF58_ENCLOSURE with no CUTCLASS is not supported. Skipping for layer via2
[WARNING DRT-0349] LEF58_ENCLOSURE with no CUTCLASS is not supported. Skipping for layer via3
[WARNING DRT-0349] LEF58_ENCLOSURE with no CUTCLASS is not supported. Skipping for layer via3
[WARNING DRT-0349] LEF58_ENCLOSURE with no CUTCLASS is not supported. Skipping for layer via4
[WARNING DRT-0349] LEF58_ENCLOSURE with no CUTCLASS is not supported. Skipping for layer via4

Units:                1000
Number of layers:     13
Number of macros:     446
Number of vias:       32
Number of viarulegen: 25

[INFO DRT-0150] Reading design.

Design:                   Viterbi_Top
Die area:                 ( 0 0 ) ( 420000 430000 )
Number of track patterns: 12
Number of DEF vias:       0
Number of components:     2467
Number of terminals:      16
Number of snets:          2
Number of nets:           69

[WARNING DRT-0419] No routing tracks pass through the center of Term BMU/bm_00_00[0]
[WARNING DRT-0419] No routing tracks pass through the center of Term BMU/bm_00_00[1]
[WARNING DRT-0419] No routing tracks pass through the center of Term BMU/bm_00_10[0]
[WARNING DRT-0419] No routing tracks pass through the center of Term BMU/bm_00_10[1]
[WARNING DRT-0419] No routing tracks pass through the center of Term BMU/bm_01_00[0]
[WARNING DRT-0419] No routing tracks pass through the center of Term BMU/bm_01_00[1]
[WARNING DRT-0419] No routing tracks pass through the center of Term BMU/bm_01_10[0]
[WARNING DRT-0419] No routing tracks pass through the center of Term BMU/bm_01_10[1]
[WARNING DRT-0419] No routing tracks pass through the center of Term BMU/bm_10_01[0]
[WARNING DRT-0419] No routing tracks pass through the center of Term BMU/bm_10_01[1]
[WARNING DRT-0419] No routing tracks pass through the center of Term BMU/bm_10_11[0]
[WARNING DRT-0419] No routing tracks pass through the center of Term BMU/bm_10_11[1]
[WARNING DRT-0419] No routing tracks pass through the center of Term BMU/bm_11_01[0]
[WARNING DRT-0419] No routing tracks pass through the center of Term BMU/bm_11_01[1]
[WARNING DRT-0419] No routing tracks pass through the center of Term BMU/bm_11_11[0]
[WARNING DRT-0419] No routing tracks pass through the center of Term BMU/bm_11_11[1]
[WARNING DRT-0419] No routing tracks pass through the center of Term BMU/received[0]
[WARNING DRT-0419] No routing tracks pass through the center of Term BMU/received[1]
[WARNING DRT-0419] No routing tracks pass through the center of Term CTRL/clk
[WARNING DRT-0419] No routing tracks pass through the center of Term CTRL/clr_me
[WARNING DRT-0419] No routing tracks pass through the center of Term CTRL/rst_n
[WARNING DRT-0419] No routing tracks pass through the center of Term MPM/prev_00[0]
[WARNING DRT-0419] No routing tracks pass through the center of Term MPM/prev_00[1]
[WARNING DRT-0419] No routing tracks pass through the center of Term MPM/prev_00[2]
[WARNING DRT-0419] No routing tracks pass through the center of Term MPM/prev_00[3]
[WARNING DRT-0419] No routing tracks pass through the center of Term MPM/prev_01[0]
[WARNING DRT-0419] No routing tracks pass through the center of Term MPM/prev_01[1]
[WARNING DRT-0419] No routing tracks pass through the center of Term MPM/prev_01[2]
[WARNING DRT-0419] No routing tracks pass through the center of Term MPM/prev_01[3]
[WARNING DRT-0419] No routing tracks pass through the center of Term MPM/prev_10[0]
[WARNING DRT-0419] No routing tracks pass through the center of Term MPM/prev_10[1]
[WARNING DRT-0419] No routing tracks pass through the center of Term MPM/prev_10[2]
[WARNING DRT-0419] No routing tracks pass through the center of Term MPM/prev_10[3]
[WARNING DRT-0419] No routing tracks pass through the center of Term MPM/prev_11[0]
[WARNING DRT-0419] No routing tracks pass through the center of Term MPM/prev_11[1]
[WARNING DRT-0419] No routing tracks pass through the center of Term MPM/prev_11[2]
[WARNING DRT-0419] No routing tracks pass through the center of Term MPM/prev_11[3]
[WARNING DRT-0419] No routing tracks pass through the center of Term MPM/winner_state[0]
[WARNING DRT-0419] No routing tracks pass through the center of Term MPM/winner_state[1]
[WARNING DRT-0419] No routing tracks pass through the center of Term PMU_Top/bm_00_00[0]
[WARNING DRT-0419] No routing tracks pass through the center of Term PMU_Top/bm_00_00[1]
[WARNING DRT-0419] No routing tracks pass through the center of Term PMU_Top/bm_00_10[0]
[WARNING DRT-0419] No routing tracks pass through the center of Term PMU_Top/bm_00_10[1]
[WARNING DRT-0419] No routing tracks pass through the center of Term PMU_Top/bm_01_00[0]
[WARNING DRT-0419] No routing tracks pass through the center of Term PMU_Top/bm_01_00[1]
[WARNING DRT-0419] No routing tracks pass through the center of Term PMU_Top/bm_01_10[0]
[WARNING DRT-0419] No routing tracks pass through the center of Term PMU_Top/bm_01_10[1]
[WARNING DRT-0419] No routing tracks pass through the center of Term PMU_Top/bm_10_01[0]
[WARNING DRT-0419] No routing tracks pass through the center of Term PMU_Top/bm_10_01[1]
[WARNING DRT-0419] No routing tracks pass through the center of Term PMU_Top/bm_10_11[0]
[WARNING DRT-0419] No routing tracks pass through the center of Term PMU_Top/bm_10_11[1]
[WARNING DRT-0419] No routing tracks pass through the center of Term PMU_Top/bm_11_01[0]
[WARNING DRT-0419] No routing tracks pass through the center of Term PMU_Top/bm_11_01[1]
[WARNING DRT-0419] No routing tracks pass through the center of Term PMU_Top/bm_11_11[0]
[WARNING DRT-0419] No routing tracks pass through the center of Term PMU_Top/bm_11_11[1]
[WARNING DRT-0419] No routing tracks pass through the center of Term PMU_Top/clk
[WARNING DRT-0419] No routing tracks pass through the center of Term PMU_Top/clr_me
[WARNING DRT-0419] No routing tracks pass through the center of Term PMU_Top/current_metric_00[0]
[WARNING DRT-0419] No routing tracks pass through the center of Term PMU_Top/current_metric_00[1]
[WARNING DRT-0419] No routing tracks pass through the center of Term PMU_Top/current_metric_00[2]
[WARNING DRT-0419] No routing tracks pass through the center of Term PMU_Top/current_metric_00[3]
[WARNING DRT-0419] No routing tracks pass through the center of Term PMU_Top/current_metric_01[0]
[WARNING DRT-0419] No routing tracks pass through the center of Term PMU_Top/current_metric_01[1]
[WARNING DRT-0419] No routing tracks pass through the center of Term PMU_Top/current_metric_01[2]
[WARNING DRT-0419] No routing tracks pass through the center of Term PMU_Top/current_metric_01[3]
[WARNING DRT-0419] No routing tracks pass through the center of Term PMU_Top/current_metric_10[0]
[WARNING DRT-0419] No routing tracks pass through the center of Term PMU_Top/current_metric_10[1]
[WARNING DRT-0419] No routing tracks pass through the center of Term PMU_Top/current_metric_10[2]
[WARNING DRT-0419] No routing tracks pass through the center of Term PMU_Top/current_metric_10[3]
[WARNING DRT-0419] No routing tracks pass through the center of Term PMU_Top/current_metric_11[0]
[WARNING DRT-0419] No routing tracks pass through the center of Term PMU_Top/current_metric_11[1]
[WARNING DRT-0419] No routing tracks pass through the center of Term PMU_Top/current_metric_11[2]
[WARNING DRT-0419] No routing tracks pass through the center of Term PMU_Top/current_metric_11[3]
[WARNING DRT-0419] No routing tracks pass through the center of Term PMU_Top/rst_n
[WARNING DRT-0419] No routing tracks pass through the center of Term PMU_Top/servivor_select_00
[WARNING DRT-0419] No routing tracks pass through the center of Term PMU_Top/servivor_select_01
[WARNING DRT-0419] No routing tracks pass through the center of Term PMU_Top/servivor_select_10
[WARNING DRT-0419] No routing tracks pass through the center of Term PMU_Top/servivor_select_11
[WARNING DRT-0419] No routing tracks pass through the center of Term SMU_Top/clk
[WARNING DRT-0419] No routing tracks pass through the center of Term SMU_Top/decoded_out[0]
[WARNING DRT-0419] No routing tracks pass through the center of Term SMU_Top/decoded_out[1]
[WARNING DRT-0419] No routing tracks pass through the center of Term SMU_Top/decoded_out[2]
[WARNING DRT-0419] No routing tracks pass through the center of Term SMU_Top/decoded_out[3]
[WARNING DRT-0419] No routing tracks pass through the center of Term SMU_Top/decoded_out[4]
[WARNING DRT-0419] No routing tracks pass through the center of Term SMU_Top/decoded_out[5]
[WARNING DRT-0419] No routing tracks pass through the center of Term SMU_Top/decoded_out[6]
[WARNING DRT-0419] No routing tracks pass through the center of Term SMU_Top/decoded_out[7]
[WARNING DRT-0419] No routing tracks pass through the center of Term SMU_Top/rst_n
[WARNING DRT-0419] No routing tracks pass through the center of Term SMU_Top/survivor_select_00
[WARNING DRT-0419] No routing tracks pass through the center of Term SMU_Top/survivor_select_01
[WARNING DRT-0419] No routing tracks pass through the center of Term SMU_Top/survivor_select_10
[WARNING DRT-0419] No routing tracks pass through the center of Term SMU_Top/survivor_select_11
[WARNING DRT-0419] No routing tracks pass through the center of Term SMU_Top/winner_state[0]
[WARNING DRT-0419] No routing tracks pass through the center of Term SMU_Top/winner_state[1]
[INFO DRT-0167] List of default vias:
  Layer via
    default via: M1M2_PR
  Layer via2
    default via: M2M3_PR
  Layer via3
    default via: M3M4_PR
  Layer via4
    default via: M4M5_PR
[INFO DRT-0162] Library cell analysis.
[INFO DRT-0163] Instance analysis.
[INFO DRT-0164] Number of unique instances = 24.
[INFO DRT-0168] Init region query.
[INFO DRT-0024]   Complete FR_MASTERSLICE.
[INFO DRT-0024]   Complete licon.
[INFO DRT-0024]   Complete li1.
[INFO DRT-0024]   Complete mcon.
[INFO DRT-0024]   Complete met1.
[INFO DRT-0024]   Complete via.
[INFO DRT-0024]   Complete met2.
[INFO DRT-0024]   Complete via2.
[INFO DRT-0024]   Complete met3.
[INFO DRT-0024]   Complete via3.
[INFO DRT-0024]   Complete met4.
[INFO DRT-0024]   Complete via4.
[INFO DRT-0024]   Complete met5.
[INFO DRT-0033] FR_MASTERSLICE shape region query size = 0.
[INFO DRT-0033] licon shape region query size = 0.
[INFO DRT-0033] li1 shape region query size = 11474.
[INFO DRT-0033] mcon shape region query size = 0.
[INFO DRT-0033] met1 shape region query size = 6441.
[INFO DRT-0033] via shape region query size = 10584.
[INFO DRT-0033] met2 shape region query size = 3642.
[INFO DRT-0033] via2 shape region query size = 8232.
[INFO DRT-0033] met3 shape region query size = 3696.
[INFO DRT-0033] via3 shape region query size = 8232.
[INFO DRT-0033] met4 shape region query size = 1649.
[INFO DRT-0033] via4 shape region query size = 395.
[INFO DRT-0033] met5 shape region query size = 477.
[INFO DRT-0165] Start pin access.
[INFO DRT-0078]   Complete 117 pins.
[INFO DRT-0081]   Complete 13 unique inst patterns.
[INFO DRT-0084]   Complete 65 groups.
#scanned instances     = 2467
#unique  instances     = 24
#stdCellGenAp          = 258
#stdCellValidPlanarAp  = 0
#stdCellValidViaAp     = 161
#stdCellPinNoAp        = 0
#stdCellPinCnt         = 33
#instTermValidViaApCnt = 0
#macroGenAp            = 1350
#macroValidPlanarAp    = 1350
#macroValidViaAp       = 575
#macroNoAp             = 0
[INFO DRT-0166] Complete pin access.
[INFO DRT-0267] cpu time = 00:00:06, elapsed time = 00:00:00, memory = 144.84 (MB), peak = 144.84 (MB)

[INFO DRT-0157] Number of guides:     401

[INFO DRT-0169] Post process guides.
[INFO DRT-0176] GCELLGRID X 0 DO 60 STEP 6900 ;
[INFO DRT-0177] GCELLGRID Y 0 DO 62 STEP 6900 ;
[INFO DRT-0028]   Complete FR_MASTERSLICE.
[INFO DRT-0028]   Complete licon.
[INFO DRT-0028]   Complete li1.
[INFO DRT-0028]   Complete mcon.
[INFO DRT-0028]   Complete met1.
[INFO DRT-0028]   Complete via.
[INFO DRT-0028]   Complete met2.
[INFO DRT-0028]   Complete via2.
[INFO DRT-0028]   Complete met3.
[INFO DRT-0028]   Complete via3.
[INFO DRT-0028]   Complete met4.
[INFO DRT-0028]   Complete via4.
[INFO DRT-0028]   Complete met5.
[INFO DRT-0178] Init guide query.
[INFO DRT-0035]   Complete FR_MASTERSLICE (guide).
[INFO DRT-0035]   Complete licon (guide).
[INFO DRT-0035]   Complete li1 (guide).
[INFO DRT-0035]   Complete mcon (guide).
[INFO DRT-0035]   Complete met1 (guide).
[INFO DRT-0035]   Complete via (guide).
[INFO DRT-0035]   Complete met2 (guide).
[INFO DRT-0035]   Complete via2 (guide).
[INFO DRT-0035]   Complete met3 (guide).
[INFO DRT-0035]   Complete via3 (guide).
[INFO DRT-0035]   Complete met4 (guide).
[INFO DRT-0035]   Complete via4 (guide).
[INFO DRT-0035]   Complete met5 (guide).
[INFO DRT-0036] FR_MASTERSLICE guide region query size = 0.
[INFO DRT-0036] licon guide region query size = 0.
[INFO DRT-0036] li1 guide region query size = 80.
[INFO DRT-0036] mcon guide region query size = 0.
[INFO DRT-0036] met1 guide region query size = 83.
[INFO DRT-0036] via guide region query size = 0.
[INFO DRT-0036] met2 guide region query size = 97.
[INFO DRT-0036] via2 guide region query size = 0.
[INFO DRT-0036] met3 guide region query size = 47.
[INFO DRT-0036] via3 guide region query size = 0.
[INFO DRT-0036] met4 guide region query size = 2.
[INFO DRT-0036] via4 guide region query size = 0.
[INFO DRT-0036] met5 guide region query size = 1.
[INFO DRT-0179] Init gr pin query.
[INFO DRT-0245] skipped writing guide updates to database.
[INFO DRT-0185] Post process initialize RPin region query.
[INFO DRT-0181] Start track assignment.
[INFO DRT-0184] Done with 179 vertical wires in 2 frboxes and 131 horizontal wires in 2 frboxes.
[INFO DRT-0186] Done with 11 vertical wires in 2 frboxes and 11 horizontal wires in 2 frboxes.
[INFO DRT-0182] Complete track assignment.
[INFO DRT-0267] cpu time = 00:00:03, elapsed time = 00:00:00, memory = 151.80 (MB), peak = 160.38 (MB)
[INFO DRT-0187] Start routing data preparation.
[INFO DRT-0267] cpu time = 00:00:00, elapsed time = 00:00:00, memory = 151.80 (MB), peak = 160.38 (MB)
[INFO DRT-0194] Start detail routing.
[INFO DRT-0195] Start 0th optimization iteration.
    Completing 10% with 0 violations.
    elapsed time = 00:00:00, memory = 215.52 (MB).
    Completing 20% with 0 violations.
    elapsed time = 00:00:00, memory = 196.38 (MB).
    Completing 30% with 0 violations.
    elapsed time = 00:00:00, memory = 169.16 (MB).
    Completing 40% with 1 violations.
    elapsed time = 00:00:00, memory = 211.91 (MB).
    Completing 50% with 1 violations.
    elapsed time = 00:00:00, memory = 212.41 (MB).
    Completing 60% with 8 violations.
    elapsed time = 00:00:00, memory = 208.79 (MB).
    Completing 70% with 8 violations.
    elapsed time = 00:00:00, memory = 236.16 (MB).
    Completing 80% with 8 violations.
    elapsed time = 00:00:00, memory = 229.16 (MB).
    Completing 90% with 8 violations.
    elapsed time = 00:00:00, memory = 237.41 (MB).
    Completing 100% with 8 violations.
    elapsed time = 00:00:00, memory = 237.41 (MB).
[INFO DRT-0199]   Number of violations = 8.
Viol/Layer        met2   met3
Metal Spacing        2      1
Short                2      3
[INFO DRT-0267] cpu time = 00:00:11, elapsed time = 00:00:00, memory = 582.95 (MB), peak = 594.78 (MB)
Total wire length = 5519 um.
Total wire length on LAYER li1 = 0 um.
Total wire length on LAYER met1 = 1007 um.
Total wire length on LAYER met2 = 2834 um.
Total wire length on LAYER met3 = 1656 um.
Total wire length on LAYER met4 = 21 um.
Total wire length on LAYER met5 = 0 um.
Total number of vias = 224.
Up-via summary (total 224):

----------------------
 FR_MASTERSLICE      0
            li1     95
           met1     97
           met2     30
           met3      2
           met4      0
----------------------
                   224


[INFO DRT-0195] Start 1st optimization iteration.
    Completing 10% with 8 violations.
    elapsed time = 00:00:00, memory = 587.07 (MB).
    Completing 20% with 8 violations.
    elapsed time = 00:00:00, memory = 587.70 (MB).
    Completing 30% with 1 violations.
    elapsed time = 00:00:00, memory = 588.45 (MB).
    Completing 40% with 1 violations.
    elapsed time = 00:00:00, memory = 588.45 (MB).
    Completing 50% with 1 violations.
    elapsed time = 00:00:00, memory = 588.82 (MB).
    Completing 60% with 0 violations.
    elapsed time = 00:00:00, memory = 588.82 (MB).
    Completing 70% with 0 violations.
    elapsed time = 00:00:00, memory = 607.57 (MB).
    Completing 80% with 0 violations.
    elapsed time = 00:00:00, memory = 607.57 (MB).
    Completing 90% with 0 violations.
    elapsed time = 00:00:00, memory = 607.82 (MB).
    Completing 100% with 0 violations.
    elapsed time = 00:00:00, memory = 607.95 (MB).
[INFO DRT-0199]   Number of violations = 0.
[INFO DRT-0267] cpu time = 00:00:08, elapsed time = 00:00:00, memory = 608.07 (MB), peak = 620.07 (MB)
Total wire length = 5500 um.
Total wire length on LAYER li1 = 0 um.
Total wire length on LAYER met1 = 1001 um.
Total wire length on LAYER met2 = 2840 um.
Total wire length on LAYER met3 = 1658 um.
Total wire length on LAYER met4 = 0 um.
Total wire length on LAYER met5 = 0 um.
Total number of vias = 219.
Up-via summary (total 219):

----------------------
 FR_MASTERSLICE      0
            li1     95
           met1     96
           met2     28
           met3      0
           met4      0
----------------------
                   219


[INFO DRT-0198] Complete detail routing.
Total wire length = 5500 um.
Total wire length on LAYER li1 = 0 um.
Total wire length on LAYER met1 = 1001 um.
Total wire length on LAYER met2 = 2840 um.
Total wire length on LAYER met3 = 1658 um.
Total wire length on LAYER met4 = 0 um.
Total wire length on LAYER met5 = 0 um.
Total number of vias = 219.
Up-via summary (total 219):

----------------------
 FR_MASTERSLICE      0
            li1     95
           met1     96
           met2     28
           met3      0
           met4      0
----------------------
                   219


[INFO DRT-0267] cpu time = 00:00:19, elapsed time = 00:00:01, memory = 608.07 (MB), peak = 620.07 (MB)

[INFO DRT-0180] Post processing.
Setting global connections for newly added cells…
[INFO] Setting global connections...
BMU matched with BMU
CTRL matched with CTRL
PMU_Top matched with PMU_Top
MPM matched with MPM
SMU_Top matched with SMU_Top
Updating metrics…
Cell type report:                       Count       Area
  Macro                                     5   31000.00
  Fill cell                               680    2552.45
  Tap cell                               1703    2130.79
  Antenna cell                             62     155.15
  Clock buffer                              3      75.07
  Timing Repair Buffer                     13      70.07
  Clock inverter                            1       7.51
  Total                                  2467   35991.04
Writing OpenROAD database to '/home/edabk/Desktop/Tu67/MARCO_ultra_9.7_final/runs/RUN_2026-01-22_15-55-06/39-openroad-detailedrouting/Viterbi_Top.odb'…
Writing netlist to '/home/edabk/Desktop/Tu67/MARCO_ultra_9.7_final/runs/RUN_2026-01-22_15-55-06/39-openroad-detailedrouting/Viterbi_Top.nl.v'…
Writing powered netlist to '/home/edabk/Desktop/Tu67/MARCO_ultra_9.7_final/runs/RUN_2026-01-22_15-55-06/39-openroad-detailedrouting/Viterbi_Top.pnl.v'…
Writing layout to '/home/edabk/Desktop/Tu67/MARCO_ultra_9.7_final/runs/RUN_2026-01-22_15-55-06/39-openroad-detailedrouting/Viterbi_Top.def'…
Writing timing constraints to '/home/edabk/Desktop/Tu67/MARCO_ultra_9.7_final/runs/RUN_2026-01-22_15-55-06/39-openroad-detailedrouting/Viterbi_Top.sdc'…
