
===========================================================================
report_checks -unconstrained
===========================================================================
======================= max_ss_100C_1v60 Corner ===================================

Startpoint: received[0] (input port clocked by clk)
Endpoint: SMU_Top (rising edge-triggered flip-flop clocked by clk)
Path Group: clk
Path Type: max

Fanout         Cap        Slew       Delay        Time   Description
---------------------------------------------------------------------------------------------
                                  0.000000    0.000000   clock clk (rise edge)
                                  0.000000    0.000000   clock network delay (propagated)
                                 20.000000   20.000000 ^ input external delay
     2    0.003928    0.039829    0.021787   20.021788 ^ received[0] (in)
                                                         received[0] (net)
                      0.039829    0.000000   20.021788 ^ input1/A (sky130_fd_sc_hd__buf_1)
     3    0.021755    0.415468    0.381533   20.403320 ^ input1/X (sky130_fd_sc_hd__buf_1)
                                                         net1 (net)
                      0.415491    0.002588   20.405909 ^ BMU/received[0] (Branch_Metrics)
     1    0.012687    0.112619    1.516671   21.922581 ^ BMU/bm_10_11[0] (Branch_Metrics)
                                                         bm_10_11[0] (net)
                      0.112619    0.000101   21.922682 ^ PMU_Top/bm_10_11[0] (Path_Metric_Unit)
     1    0.008244    0.081803    3.841738   25.764420 ^ PMU_Top/servivor_select_11 (Path_Metric_Unit)
                                                         servivor_select_11 (net)
                      0.081803    0.000041   25.764460 ^ SMU_Top/survivor_select_11 (Survivor_Memory_Unit)
                                             25.764460   data arrival time

                                100.000000  100.000000   clock clk (rise edge)
                                  0.000000  100.000000   clock source latency
     2    0.030129    0.220246    0.154671  100.154671 ^ clk (in)
                                                         clk (net)
                      0.220433    0.000000  100.154671 ^ clkbuf_0_clk/A (sky130_fd_sc_hd__clkbuf_16)
     2    0.020828    0.068457    0.291593  100.446259 ^ clkbuf_0_clk/X (sky130_fd_sc_hd__clkbuf_16)
                                                         clknet_0_clk (net)
                      0.068457    0.001180  100.447441 ^ clkbuf_1_1__f_clk/A (sky130_fd_sc_hd__clkbuf_16)
     2    0.028855    0.078901    0.232994  100.680435 ^ clkbuf_1_1__f_clk/X (sky130_fd_sc_hd__clkbuf_16)
                                                         clknet_1_1__leaf_clk (net)
                      0.078934    0.001450  100.681885 ^ SMU_Top/clk (Survivor_Memory_Unit)
                                 -0.250000  100.431885   clock uncertainty
                                  0.000000  100.431885   clock reconvergence pessimism
                                 -1.929030   98.502853   library setup time
                                             98.502853   data required time
---------------------------------------------------------------------------------------------
                                             98.502853   data required time
                                            -25.764460   data arrival time
---------------------------------------------------------------------------------------------
                                             72.738396   slack (MET)




===========================================================================
report_checks --slack_max -0.01
============================================================================
======================= max_ss_100C_1v60 Corner ===================================

No paths found.


===========================================================================
 report_check_types -max_slew -max_cap -max_fanout -violators
============================================================================
======================= max_ss_100C_1v60 Corner ===================================



===========================================================================
report_parasitic_annotation -report_unannotated
============================================================================
Found 1 unannotated drivers.
 clkload0/Y
Found 0 partially unannotated drivers.

===========================================================================
max slew violation count 0
max fanout violation count 0
max cap violation count 0
============================================================================

===========================================================================
check_setup -verbose -unconstrained_endpoints -multiple_clock -no_clock -no_input_delay -loops -generated_clocks
===========================================================================
