Clock: clk
Sources: clk 
Generated: no
Virtual: yes
Propagated: no
Period: 100.000000

===========================================================================
report_clock_properties
============================================================================
Clock                   Period          Waveform
----------------------------------------------------
clk                 100.000000    0.000000 50.000000

===========================================================================
report_clock_latency
============================================================================
Clock clk
rise -> rise
    min     max
0.000000 0.000000 source latency
0.694054         network latency CTRL/clk
        0.681889 network latency SMU_Top/clk
---------------
0.694054 0.681889 latency
        -0.012166 skew

fall -> fall
    min     max
0.000000 0.000000 source latency
0.649880         network latency CTRL/clk
        0.638316 network latency SMU_Top/clk
---------------
0.649880 0.638316 latency
        -0.011564 skew



===========================================================================
report_clock_min_period
============================================================================
clk period_min = 8.85 fmax = 113.05
