
===========================================================================
report_checks -path_delay max (Setup)
============================================================================
======================= nom_tt_025C_1v80 Corner ===================================

Startpoint: prev_11[3] (input port clocked by __VIRTUAL_CLK__)
Endpoint: winner_state[0] (output port clocked by __VIRTUAL_CLK__)
Path Group: __VIRTUAL_CLK__
Path Type: max

Fanout         Cap        Slew       Delay        Time   Description
---------------------------------------------------------------------------------------------
                      0.000000    0.000000    0.000000   clock __VIRTUAL_CLK__ (rise edge)
                                  0.000000    0.000000   clock network delay (ideal)
                                  2.000000    2.000000 v input external delay
     1    0.003001    0.009097    0.004754    2.004754 v prev_11[3] (in)
                                                         prev_11[3] (net)
                      0.009097    0.000000    2.004754 v input16/A (sky130_fd_sc_hd__buf_1)
     4    0.012164    0.076407    0.114250    2.119004 v input16/X (sky130_fd_sc_hd__buf_1)
                                                         net16 (net)
                      0.076407    0.000103    2.119107 v _60_/B (sky130_fd_sc_hd__or2_1)
     2    0.005268    0.061519    0.228854    2.347962 v _60_/X (sky130_fd_sc_hd__or2_1)
                                                         _21_ (net)
                      0.061519    0.000006    2.347968 v _63_/A2 (sky130_fd_sc_hd__a211o_1)
     1    0.002606    0.047293    0.287791    2.635759 v _63_/X (sky130_fd_sc_hd__a211o_1)
                                                         _24_ (net)
                      0.047293    0.000004    2.635762 v _64_/C1 (sky130_fd_sc_hd__o221a_1)
     4    0.015017    0.102456    0.168509    2.804271 v _64_/X (sky130_fd_sc_hd__o221a_1)
                                                         _25_ (net)
                      0.102456    0.000041    2.804312 v _72_/S (sky130_fd_sc_hd__mux2_1)
     2    0.004996    0.068301    0.340813    3.145126 v _72_/X (sky130_fd_sc_hd__mux2_1)
                                                         _33_ (net)
                      0.068301    0.000010    3.145136 v _76_/A3 (sky130_fd_sc_hd__a311o_1)
     1    0.002986    0.055564    0.351205    3.496341 v _76_/X (sky130_fd_sc_hd__a311o_1)
                                                         _37_ (net)
                      0.055564    0.000009    3.496350 v _78_/A2 (sky130_fd_sc_hd__o21ai_1)
     2    0.008038    0.186800    0.183520    3.679870 ^ _78_/Y (sky130_fd_sc_hd__o21ai_1)
                                                         net18 (net)
                      0.186800    0.000065    3.679935 ^ _79_/S (sky130_fd_sc_hd__mux2_1)
     1    0.003815    0.060918    0.347751    4.027686 v _79_/X (sky130_fd_sc_hd__mux2_1)
                                                         net17 (net)
                      0.060918    0.000040    4.027726 v output17/A (sky130_fd_sc_hd__buf_2)
     1    0.034012    0.088649    0.187130    4.214856 v output17/X (sky130_fd_sc_hd__buf_2)
                                                         winner_state[0] (net)
                      0.088649    0.000083    4.214939 v winner_state[0] (out)
                                              4.214939   data arrival time

                      0.000000   10.000000   10.000000   clock __VIRTUAL_CLK__ (rise edge)
                                  0.000000   10.000000   clock network delay (ideal)
                                 -0.250000    9.750000   clock uncertainty
                                  0.000000    9.750000   clock reconvergence pessimism
                                 -2.000000    7.750000   output external delay
                                              7.750000   data required time
---------------------------------------------------------------------------------------------
                                              7.750000   data required time
                                             -4.214939   data arrival time
---------------------------------------------------------------------------------------------
                                              3.535061   slack (MET)


Startpoint: prev_11[3] (input port clocked by __VIRTUAL_CLK__)
Endpoint: winner_state[1] (output port clocked by __VIRTUAL_CLK__)
Path Group: __VIRTUAL_CLK__
Path Type: max

Fanout         Cap        Slew       Delay        Time   Description
---------------------------------------------------------------------------------------------
                      0.000000    0.000000    0.000000   clock __VIRTUAL_CLK__ (rise edge)
                                  0.000000    0.000000   clock network delay (ideal)
                                  2.000000    2.000000 v input external delay
     1    0.003001    0.009097    0.004754    2.004754 v prev_11[3] (in)
                                                         prev_11[3] (net)
                      0.009097    0.000000    2.004754 v input16/A (sky130_fd_sc_hd__buf_1)
     4    0.012164    0.076407    0.114250    2.119004 v input16/X (sky130_fd_sc_hd__buf_1)
                                                         net16 (net)
                      0.076407    0.000103    2.119107 v _60_/B (sky130_fd_sc_hd__or2_1)
     2    0.005268    0.061519    0.228854    2.347962 v _60_/X (sky130_fd_sc_hd__or2_1)
                                                         _21_ (net)
                      0.061519    0.000006    2.347968 v _63_/A2 (sky130_fd_sc_hd__a211o_1)
     1    0.002606    0.047293    0.287791    2.635759 v _63_/X (sky130_fd_sc_hd__a211o_1)
                                                         _24_ (net)
                      0.047293    0.000004    2.635762 v _64_/C1 (sky130_fd_sc_hd__o221a_1)
     4    0.015017    0.102456    0.168509    2.804271 v _64_/X (sky130_fd_sc_hd__o221a_1)
                                                         _25_ (net)
                      0.102456    0.000041    2.804312 v _72_/S (sky130_fd_sc_hd__mux2_1)
     2    0.004996    0.068301    0.340813    3.145126 v _72_/X (sky130_fd_sc_hd__mux2_1)
                                                         _33_ (net)
                      0.068301    0.000010    3.145136 v _76_/A3 (sky130_fd_sc_hd__a311o_1)
     1    0.002986    0.055564    0.351205    3.496341 v _76_/X (sky130_fd_sc_hd__a311o_1)
                                                         _37_ (net)
                      0.055564    0.000009    3.496350 v _78_/A2 (sky130_fd_sc_hd__o21ai_1)
     2    0.008038    0.186800    0.183520    3.679870 ^ _78_/Y (sky130_fd_sc_hd__o21ai_1)
                                                         net18 (net)
                      0.186800    0.000069    3.679939 ^ output18/A (sky130_fd_sc_hd__buf_2)
     1    0.033995    0.169294    0.243535    3.923474 ^ output18/X (sky130_fd_sc_hd__buf_2)
                                                         winner_state[1] (net)
                      0.169294    0.000079    3.923553 ^ winner_state[1] (out)
                                              3.923553   data arrival time

                      0.000000   10.000000   10.000000   clock __VIRTUAL_CLK__ (rise edge)
                                  0.000000   10.000000   clock network delay (ideal)
                                 -0.250000    9.750000   clock uncertainty
                                  0.000000    9.750000   clock reconvergence pessimism
                                 -2.000000    7.750000   output external delay
                                              7.750000   data required time
---------------------------------------------------------------------------------------------
                                              7.750000   data required time
                                             -3.923553   data arrival time
---------------------------------------------------------------------------------------------
                                              3.826447   slack (MET)



