Reading OpenROAD database at '/home/edabk/Desktop/Tu67/MARCO_ultra/Maximum_Path_Memory/runs/Maximum_Path_Memory_run/33-openroad-detailedplacement/Maximum_Path_Memory.odb'…
Reading library file at '/home/edabk/.volare/volare/sky130/versions/0fe599b2afb6708d281543108caf8310912f54af/sky130A/libs.ref/sky130_fd_sc_hd/lib/sky130_fd_sc_hd__tt_025C_1v80.lib'…
Reading design constraints file at '/nix/store/h0ldzjka94yryiq8yxbxmwargpnmwhx6-python3-3.11.9-env/lib/python3.11/site-packages/openlane/scripts/base.sdc'…
[WARNING STA-0366] port '__VIRTUAL_CLK__' not found.
[INFO] Using clock __VIRTUAL_CLK__…
[INFO] Setting output delay to: 2
[INFO] Setting input delay to: 2
[WARNING STA-0366] port '__VIRTUAL_CLK__' not found.
[INFO] Setting load to: 0.033442
[INFO] Setting clock uncertainty to: 0.25
[INFO] Setting clock transition to: 0.1499999999999999944488848768742172978818416595458984375
[WARNING STA-0419] transition time can not be specified for virtual clocks.
[INFO] Setting timing derate to: 5%
[WARNING STA-0450] virtual clock __VIRTUAL_CLK__ can not be propagated.
[INFO] Setting RC values…
[WARNING GRT-0097] No global routing found for nets.
%OL_CREATE_REPORT min.rpt

===========================================================================
report_checks -path_delay min (Hold)
============================================================================
======================= nom_tt_025C_1v80 Corner ===================================

Startpoint: prev_10[3] (input port clocked by __VIRTUAL_CLK__)
Endpoint: winner_state[1] (output port clocked by __VIRTUAL_CLK__)
Path Group: __VIRTUAL_CLK__
Path Type: min

Fanout         Cap        Slew       Delay        Time   Description
---------------------------------------------------------------------------------------------
                      0.000000    0.000000    0.000000   clock __VIRTUAL_CLK__ (rise edge)
                                  0.000000    0.000000   clock network delay (ideal)
                                  2.000000    2.000000 ^ input external delay
     1    0.003327    0.022013    0.012143    2.012143 ^ prev_10[3] (in)
                                                         prev_10[3] (net)
                      0.022013    0.000000    2.012143 ^ input12/A (sky130_fd_sc_hd__buf_1)
     4    0.009279    0.119457    0.124185    2.136328 ^ input12/X (sky130_fd_sc_hd__buf_1)
                                                         net12 (net)
                      0.119457    0.000012    2.136341 ^ _59_/A (sky130_fd_sc_hd__nand2_1)
     3    0.007830    0.072654    0.095058    2.231399 v _59_/Y (sky130_fd_sc_hd__nand2_1)
                                                         _20_ (net)
                      0.072654    0.000014    2.231413 v _77_/B (sky130_fd_sc_hd__nand2b_1)
     1    0.002215    0.041602    0.072557    2.303970 ^ _77_/Y (sky130_fd_sc_hd__nand2b_1)
                                                         _38_ (net)
                      0.041602    0.000002    2.303972 ^ _78_/B1 (sky130_fd_sc_hd__o21ai_1)
     2    0.007643    0.061954    0.082230    2.386201 v _78_/Y (sky130_fd_sc_hd__o21ai_1)
                                                         net18 (net)
                      0.061954    0.000065    2.386266 v output18/A (sky130_fd_sc_hd__buf_2)
     1    0.033995    0.088612    0.187573    2.573839 v output18/X (sky130_fd_sc_hd__buf_2)
                                                         winner_state[1] (net)
                      0.088612    0.000079    2.573918 v winner_state[1] (out)
                                              2.573918   data arrival time

                      0.000000    0.000000    0.000000   clock __VIRTUAL_CLK__ (rise edge)
                                  0.000000    0.000000   clock network delay (ideal)
                                  0.250000    0.250000   clock uncertainty
                                  0.000000    0.250000   clock reconvergence pessimism
                                 -2.000000   -1.750000   output external delay
                                             -1.750000   data required time
---------------------------------------------------------------------------------------------
                                             -1.750000   data required time
                                             -2.573918   data arrival time
---------------------------------------------------------------------------------------------
                                              4.323918   slack (MET)


Startpoint: prev_10[3] (input port clocked by __VIRTUAL_CLK__)
Endpoint: winner_state[0] (output port clocked by __VIRTUAL_CLK__)
Path Group: __VIRTUAL_CLK__
Path Type: min

Fanout         Cap        Slew       Delay        Time   Description
---------------------------------------------------------------------------------------------
                      0.000000    0.000000    0.000000   clock __VIRTUAL_CLK__ (rise edge)
                                  0.000000    0.000000   clock network delay (ideal)
                                  2.000000    2.000000 v input external delay
     1    0.003151    0.009447    0.005008    2.005008 v prev_10[3] (in)
                                                         prev_10[3] (net)
                      0.009447    0.000000    2.005008 v input12/A (sky130_fd_sc_hd__buf_1)
     4    0.008718    0.058629    0.099913    2.104922 v input12/X (sky130_fd_sc_hd__buf_1)
                                                         net12 (net)
                      0.058629    0.000012    2.104934 v _59_/A (sky130_fd_sc_hd__nand2_1)
     3    0.008422    0.087742    0.095060    2.199993 ^ _59_/Y (sky130_fd_sc_hd__nand2_1)
                                                         _20_ (net)
                      0.087742    0.000016    2.200008 ^ _77_/B (sky130_fd_sc_hd__nand2b_1)
     1    0.002172    0.035009    0.056304    2.256313 v _77_/Y (sky130_fd_sc_hd__nand2b_1)
                                                         _38_ (net)
                      0.035009    0.000002    2.256314 v _78_/B1 (sky130_fd_sc_hd__o21ai_1)
     2    0.008038    0.137637    0.112137    2.368451 ^ _78_/Y (sky130_fd_sc_hd__o21ai_1)
                                                         net18 (net)
                      0.137637    0.000065    2.368516 ^ _79_/S (sky130_fd_sc_hd__mux2_1)
     1    0.003975    0.050306    0.157770    2.526286 ^ _79_/X (sky130_fd_sc_hd__mux2_1)
                                                         net17 (net)
                      0.050306    0.000042    2.526328 ^ output17/A (sky130_fd_sc_hd__buf_2)
     1    0.034012    0.168888    0.199557    2.725885 ^ output17/X (sky130_fd_sc_hd__buf_2)
                                                         winner_state[0] (net)
                      0.168888    0.000083    2.725968 ^ winner_state[0] (out)
                                              2.725968   data arrival time

                      0.000000    0.000000    0.000000   clock __VIRTUAL_CLK__ (rise edge)
                                  0.000000    0.000000   clock network delay (ideal)
                                  0.250000    0.250000   clock uncertainty
                                  0.000000    0.250000   clock reconvergence pessimism
                                 -2.000000   -1.750000   output external delay
                                             -1.750000   data required time
---------------------------------------------------------------------------------------------
                                             -1.750000   data required time
                                             -2.725968   data arrival time
---------------------------------------------------------------------------------------------
                                              4.475967   slack (MET)



%OL_END_REPORT
%OL_CREATE_REPORT max.rpt

===========================================================================
report_checks -path_delay max (Setup)
============================================================================
======================= nom_tt_025C_1v80 Corner ===================================

Startpoint: prev_11[3] (input port clocked by __VIRTUAL_CLK__)
Endpoint: winner_state[0] (output port clocked by __VIRTUAL_CLK__)
Path Group: __VIRTUAL_CLK__
Path Type: max

Fanout         Cap        Slew       Delay        Time   Description
---------------------------------------------------------------------------------------------
                      0.000000    0.000000    0.000000   clock __VIRTUAL_CLK__ (rise edge)
                                  0.000000    0.000000   clock network delay (ideal)
                                  2.000000    2.000000 v input external delay
     1    0.003001    0.009097    0.004754    2.004754 v prev_11[3] (in)
                                                         prev_11[3] (net)
                      0.009097    0.000000    2.004754 v input16/A (sky130_fd_sc_hd__buf_1)
     4    0.012164    0.076407    0.114250    2.119004 v input16/X (sky130_fd_sc_hd__buf_1)
                                                         net16 (net)
                      0.076407    0.000103    2.119107 v _60_/B (sky130_fd_sc_hd__or2_1)
     2    0.005268    0.061519    0.228854    2.347962 v _60_/X (sky130_fd_sc_hd__or2_1)
                                                         _21_ (net)
                      0.061519    0.000006    2.347968 v _63_/A2 (sky130_fd_sc_hd__a211o_1)
     1    0.002606    0.047293    0.287791    2.635759 v _63_/X (sky130_fd_sc_hd__a211o_1)
                                                         _24_ (net)
                      0.047293    0.000004    2.635762 v _64_/C1 (sky130_fd_sc_hd__o221a_1)
     4    0.015017    0.102456    0.168509    2.804271 v _64_/X (sky130_fd_sc_hd__o221a_1)
                                                         _25_ (net)
                      0.102456    0.000041    2.804312 v _72_/S (sky130_fd_sc_hd__mux2_1)
     2    0.004996    0.068301    0.340813    3.145126 v _72_/X (sky130_fd_sc_hd__mux2_1)
                                                         _33_ (net)
                      0.068301    0.000010    3.145136 v _76_/A3 (sky130_fd_sc_hd__a311o_1)
     1    0.002986    0.055564    0.351205    3.496341 v _76_/X (sky130_fd_sc_hd__a311o_1)
                                                         _37_ (net)
                      0.055564    0.000009    3.496350 v _78_/A2 (sky130_fd_sc_hd__o21ai_1)
     2    0.008038    0.186800    0.183520    3.679870 ^ _78_/Y (sky130_fd_sc_hd__o21ai_1)
                                                         net18 (net)
                      0.186800    0.000065    3.679935 ^ _79_/S (sky130_fd_sc_hd__mux2_1)
     1    0.003815    0.060918    0.347751    4.027686 v _79_/X (sky130_fd_sc_hd__mux2_1)
                                                         net17 (net)
                      0.060918    0.000040    4.027726 v output17/A (sky130_fd_sc_hd__buf_2)
     1    0.034012    0.088649    0.187130    4.214856 v output17/X (sky130_fd_sc_hd__buf_2)
                                                         winner_state[0] (net)
                      0.088649    0.000083    4.214939 v winner_state[0] (out)
                                              4.214939   data arrival time

                      0.000000   10.000000   10.000000   clock __VIRTUAL_CLK__ (rise edge)
                                  0.000000   10.000000   clock network delay (ideal)
                                 -0.250000    9.750000   clock uncertainty
                                  0.000000    9.750000   clock reconvergence pessimism
                                 -2.000000    7.750000   output external delay
                                              7.750000   data required time
---------------------------------------------------------------------------------------------
                                              7.750000   data required time
                                             -4.214939   data arrival time
---------------------------------------------------------------------------------------------
                                              3.535061   slack (MET)


Startpoint: prev_11[3] (input port clocked by __VIRTUAL_CLK__)
Endpoint: winner_state[1] (output port clocked by __VIRTUAL_CLK__)
Path Group: __VIRTUAL_CLK__
Path Type: max

Fanout         Cap        Slew       Delay        Time   Description
---------------------------------------------------------------------------------------------
                      0.000000    0.000000    0.000000   clock __VIRTUAL_CLK__ (rise edge)
                                  0.000000    0.000000   clock network delay (ideal)
                                  2.000000    2.000000 v input external delay
     1    0.003001    0.009097    0.004754    2.004754 v prev_11[3] (in)
                                                         prev_11[3] (net)
                      0.009097    0.000000    2.004754 v input16/A (sky130_fd_sc_hd__buf_1)
     4    0.012164    0.076407    0.114250    2.119004 v input16/X (sky130_fd_sc_hd__buf_1)
                                                         net16 (net)
                      0.076407    0.000103    2.119107 v _60_/B (sky130_fd_sc_hd__or2_1)
     2    0.005268    0.061519    0.228854    2.347962 v _60_/X (sky130_fd_sc_hd__or2_1)
                                                         _21_ (net)
                      0.061519    0.000006    2.347968 v _63_/A2 (sky130_fd_sc_hd__a211o_1)
     1    0.002606    0.047293    0.287791    2.635759 v _63_/X (sky130_fd_sc_hd__a211o_1)
                                                         _24_ (net)
                      0.047293    0.000004    2.635762 v _64_/C1 (sky130_fd_sc_hd__o221a_1)
     4    0.015017    0.102456    0.168509    2.804271 v _64_/X (sky130_fd_sc_hd__o221a_1)
                                                         _25_ (net)
                      0.102456    0.000041    2.804312 v _72_/S (sky130_fd_sc_hd__mux2_1)
     2    0.004996    0.068301    0.340813    3.145126 v _72_/X (sky130_fd_sc_hd__mux2_1)
                                                         _33_ (net)
                      0.068301    0.000010    3.145136 v _76_/A3 (sky130_fd_sc_hd__a311o_1)
     1    0.002986    0.055564    0.351205    3.496341 v _76_/X (sky130_fd_sc_hd__a311o_1)
                                                         _37_ (net)
                      0.055564    0.000009    3.496350 v _78_/A2 (sky130_fd_sc_hd__o21ai_1)
     2    0.008038    0.186800    0.183520    3.679870 ^ _78_/Y (sky130_fd_sc_hd__o21ai_1)
                                                         net18 (net)
                      0.186800    0.000069    3.679939 ^ output18/A (sky130_fd_sc_hd__buf_2)
     1    0.033995    0.169294    0.243535    3.923474 ^ output18/X (sky130_fd_sc_hd__buf_2)
                                                         winner_state[1] (net)
                      0.169294    0.000079    3.923553 ^ winner_state[1] (out)
                                              3.923553   data arrival time

                      0.000000   10.000000   10.000000   clock __VIRTUAL_CLK__ (rise edge)
                                  0.000000   10.000000   clock network delay (ideal)
                                 -0.250000    9.750000   clock uncertainty
                                  0.000000    9.750000   clock reconvergence pessimism
                                 -2.000000    7.750000   output external delay
                                              7.750000   data required time
---------------------------------------------------------------------------------------------
                                              7.750000   data required time
                                             -3.923553   data arrival time
---------------------------------------------------------------------------------------------
                                              3.826447   slack (MET)



%OL_END_REPORT
%OL_CREATE_REPORT checks.rpt

===========================================================================
report_checks -unconstrained
===========================================================================
======================= nom_tt_025C_1v80 Corner ===================================

Startpoint: prev_11[3] (input port clocked by __VIRTUAL_CLK__)
Endpoint: winner_state[0] (output port clocked by __VIRTUAL_CLK__)
Path Group: __VIRTUAL_CLK__
Path Type: max

Fanout         Cap        Slew       Delay        Time   Description
---------------------------------------------------------------------------------------------
                      0.000000    0.000000    0.000000   clock __VIRTUAL_CLK__ (rise edge)
                                  0.000000    0.000000   clock network delay (ideal)
                                  2.000000    2.000000 v input external delay
     1    0.003001    0.009097    0.004754    2.004754 v prev_11[3] (in)
                                                         prev_11[3] (net)
                      0.009097    0.000000    2.004754 v input16/A (sky130_fd_sc_hd__buf_1)
     4    0.012164    0.076407    0.114250    2.119004 v input16/X (sky130_fd_sc_hd__buf_1)
                                                         net16 (net)
                      0.076407    0.000103    2.119107 v _60_/B (sky130_fd_sc_hd__or2_1)
     2    0.005268    0.061519    0.228854    2.347962 v _60_/X (sky130_fd_sc_hd__or2_1)
                                                         _21_ (net)
                      0.061519    0.000006    2.347968 v _63_/A2 (sky130_fd_sc_hd__a211o_1)
     1    0.002606    0.047293    0.287791    2.635759 v _63_/X (sky130_fd_sc_hd__a211o_1)
                                                         _24_ (net)
                      0.047293    0.000004    2.635762 v _64_/C1 (sky130_fd_sc_hd__o221a_1)
     4    0.015017    0.102456    0.168509    2.804271 v _64_/X (sky130_fd_sc_hd__o221a_1)
                                                         _25_ (net)
                      0.102456    0.000041    2.804312 v _72_/S (sky130_fd_sc_hd__mux2_1)
     2    0.004996    0.068301    0.340813    3.145126 v _72_/X (sky130_fd_sc_hd__mux2_1)
                                                         _33_ (net)
                      0.068301    0.000010    3.145136 v _76_/A3 (sky130_fd_sc_hd__a311o_1)
     1    0.002986    0.055564    0.351205    3.496341 v _76_/X (sky130_fd_sc_hd__a311o_1)
                                                         _37_ (net)
                      0.055564    0.000009    3.496350 v _78_/A2 (sky130_fd_sc_hd__o21ai_1)
     2    0.008038    0.186800    0.183520    3.679870 ^ _78_/Y (sky130_fd_sc_hd__o21ai_1)
                                                         net18 (net)
                      0.186800    0.000065    3.679935 ^ _79_/S (sky130_fd_sc_hd__mux2_1)
     1    0.003815    0.060918    0.347751    4.027686 v _79_/X (sky130_fd_sc_hd__mux2_1)
                                                         net17 (net)
                      0.060918    0.000040    4.027726 v output17/A (sky130_fd_sc_hd__buf_2)
     1    0.034012    0.088649    0.187130    4.214856 v output17/X (sky130_fd_sc_hd__buf_2)
                                                         winner_state[0] (net)
                      0.088649    0.000083    4.214939 v winner_state[0] (out)
                                              4.214939   data arrival time

                      0.000000   10.000000   10.000000   clock __VIRTUAL_CLK__ (rise edge)
                                  0.000000   10.000000   clock network delay (ideal)
                                 -0.250000    9.750000   clock uncertainty
                                  0.000000    9.750000   clock reconvergence pessimism
                                 -2.000000    7.750000   output external delay
                                              7.750000   data required time
---------------------------------------------------------------------------------------------
                                              7.750000   data required time
                                             -4.214939   data arrival time
---------------------------------------------------------------------------------------------
                                              3.535061   slack (MET)




===========================================================================
report_checks --slack_max -0.01
============================================================================
======================= nom_tt_025C_1v80 Corner ===================================

No paths found.


===========================================================================
 report_check_types -max_slew -max_cap -max_fanout -violators
============================================================================
======================= nom_tt_025C_1v80 Corner ===================================



===========================================================================
report_parasitic_annotation -report_unannotated
============================================================================
Found 0 unannotated drivers.
Found 0 partially unannotated drivers.

===========================================================================
max slew violation count 0
Writing metric design__max_slew_violation__count__corner:nom_tt_025C_1v80: 0
max fanout violation count 0
Writing metric design__max_fanout_violation__count__corner:nom_tt_025C_1v80: 0
max cap violation count 0
Writing metric design__max_cap_violation__count__corner:nom_tt_025C_1v80: 0
============================================================================

===========================================================================
check_setup -verbose -unconstrained_endpoints -multiple_clock -no_clock -no_input_delay -loops -generated_clocks
===========================================================================
%OL_END_REPORT
%OL_CREATE_REPORT power.rpt

===========================================================================
 report_power
============================================================================
======================= nom_tt_025C_1v80 Corner ===================================

Group                    Internal    Switching      Leakage        Total
                            Power        Power        Power        Power (Watts)
------------------------------------------------------------------------
Sequential           0.000000e+00 0.000000e+00 0.000000e+00 0.000000e+00   0.0%
Combinational        9.994814e-06 1.223267e-05 1.603390e-10 2.222765e-05 100.0%
Clock                0.000000e+00 0.000000e+00 9.072107e-11 9.072107e-11   0.0%
Macro                0.000000e+00 0.000000e+00 0.000000e+00 0.000000e+00   0.0%
Pad                  0.000000e+00 0.000000e+00 0.000000e+00 0.000000e+00   0.0%
------------------------------------------------------------------------
Total                9.994814e-06 1.223267e-05 2.510600e-10 2.222774e-05 100.0%
                            45.0%        55.0%         0.0%
Writing metric power__internal__total: 9.994813808589242e-6
Writing metric power__switching__total: 1.2232674635015428e-5
Writing metric power__leakage__total: 2.51059978362278e-10
Writing metric power__total: 2.222773946414236e-5

%OL_END_REPORT
%OL_CREATE_REPORT skew.min.rpt

===========================================================================
Clock Skew (Hold)
============================================================================
Writing metric clock__skew__worst_hold__corner:nom_tt_025C_1v80: 0.0
======================= nom_tt_025C_1v80 Corner ===================================

Clock __VIRTUAL_CLK__
No launch/capture paths found.

%OL_END_REPORT
%OL_CREATE_REPORT skew.max.rpt

===========================================================================
Clock Skew (Setup)
============================================================================
Writing metric clock__skew__worst_setup__corner:nom_tt_025C_1v80: 0.0
======================= nom_tt_025C_1v80 Corner ===================================

Clock __VIRTUAL_CLK__
No launch/capture paths found.

%OL_END_REPORT
%OL_CREATE_REPORT ws.min.rpt

===========================================================================
Worst Slack (Hold)
============================================================================
Writing metric timing__hold__ws__corner:nom_tt_025C_1v80: 4.3239182347364595
nom_tt_025C_1v80: 4.3239182347364595
%OL_END_REPORT
%OL_CREATE_REPORT ws.max.rpt

===========================================================================
Worst Slack (Setup)
============================================================================
Writing metric timing__setup__ws__corner:nom_tt_025C_1v80: 3.5350612326873203
nom_tt_025C_1v80: 3.5350612326873203
%OL_END_REPORT
%OL_CREATE_REPORT tns.min.rpt

===========================================================================
Total Negative Slack (Hold)
============================================================================
Writing metric timing__hold__tns__corner:nom_tt_025C_1v80: 0.0
nom_tt_025C_1v80: 0.0
%OL_END_REPORT
%OL_CREATE_REPORT tns.max.rpt

===========================================================================
Total Negative Slack (Setup)
============================================================================
Writing metric timing__setup__tns__corner:nom_tt_025C_1v80: 0.0
nom_tt_025C_1v80: 0.0
%OL_END_REPORT
%OL_CREATE_REPORT wns.min.rpt

===========================================================================
Worst Negative Slack (Hold)
============================================================================
Writing metric timing__hold__wns__corner:nom_tt_025C_1v80: 0
nom_tt_025C_1v80: 0
%OL_END_REPORT
%OL_CREATE_REPORT wns.max.rpt

===========================================================================
Worst Negative Slack (Setup)
============================================================================
Writing metric timing__setup__wns__corner:nom_tt_025C_1v80: 0.0
nom_tt_025C_1v80: 0.0
%OL_END_REPORT
%OL_CREATE_REPORT violator_list.rpt

===========================================================================
Violator List
============================================================================
Writing metric timing__hold_vio__count__corner:nom_tt_025C_1v80: 0
Writing metric timing__hold_r2r__ws__corner:nom_tt_025C_1v80: 1e30
Writing metric timing__hold_r2r_vio__count__corner:nom_tt_025C_1v80: 0
Writing metric timing__setup_vio__count__corner:nom_tt_025C_1v80: 0
Writing metric timing__setup_r2r__ws__corner:nom_tt_025C_1v80: 1e30
Writing metric timing__setup_r2r_vio__count__corner:nom_tt_025C_1v80: 0
%OL_END_REPORT
%OL_CREATE_REPORT unpropagated.rpt
__VIRTUAL_CLK__
%OL_END_REPORT
%OL_CREATE_REPORT clock.rpt
Clock: __VIRTUAL_CLK__
Sources: 
Generated: no
Virtual: yes
Propagated: no
Period: 10.000000

===========================================================================
report_clock_properties
============================================================================
Clock                   Period          Waveform
----------------------------------------------------
__VIRTUAL_CLK__      10.000000    0.000000  5.000000

===========================================================================
report_clock_latency
============================================================================
Clock __VIRTUAL_CLK__


===========================================================================
report_clock_min_period
============================================================================
__VIRTUAL_CLK__ period_min = 0.00 fmax = inf
%OL_END_REPORT
