
===========================================================================
report_checks -path_delay max (Setup)
============================================================================
======================= max_ff_n40C_1v95 Corner ===================================

Startpoint: received[0] (input port clocked by __VIRTUAL_CLK__)
Endpoint: bm_01_10[0] (output port clocked by __VIRTUAL_CLK__)
Path Group: __VIRTUAL_CLK__
Path Type: max

Fanout         Cap        Slew       Delay        Time   Description
---------------------------------------------------------------------------------------------
                      0.000000    0.000000    0.000000   clock __VIRTUAL_CLK__ (rise edge)
                                  0.000000    0.000000   clock network delay (ideal)
                                  2.000000    2.000000 ^ input external delay
     1    0.002989    0.014595    0.007779    2.007779 ^ received[0] (in)
                                                         received[0] (net)
                      0.014596    0.000000    2.007779 ^ input1/A (sky130_fd_sc_hd__clkbuf_2)
     6    0.027181    0.116643    0.120391    2.128170 ^ input1/X (sky130_fd_sc_hd__clkbuf_2)
                                                         net1 (net)
                      0.116714    0.002363    2.130533 ^ _02_/A (sky130_fd_sc_hd__xor2_1)
     4    0.014254    0.229065    0.205948    2.336480 ^ _02_/X (sky130_fd_sc_hd__xor2_1)
                                                         net3 (net)
                      0.229068    0.000677    2.337157 ^ _09_/A (sky130_fd_sc_hd__clkbuf_1)
     1    0.002600    0.033230    0.058576    2.395733 ^ _09_/X (sky130_fd_sc_hd__clkbuf_1)
                                                         net9 (net)
                      0.033232    0.000181    2.395913 ^ output9/A (sky130_fd_sc_hd__buf_2)
     1    0.034857    0.130010    0.138648    2.534561 ^ output9/X (sky130_fd_sc_hd__buf_2)
                                                         bm_01_10[0] (net)
                      0.130044    0.001755    2.536316 ^ bm_01_10[0] (out)
                                              2.536316   data arrival time

                      0.000000   10.000000   10.000000   clock __VIRTUAL_CLK__ (rise edge)
                                  0.000000   10.000000   clock network delay (ideal)
                                 -0.250000    9.750000   clock uncertainty
                                  0.000000    9.750000   clock reconvergence pessimism
                                 -2.000000    7.750000   output external delay
                                              7.750000   data required time
---------------------------------------------------------------------------------------------
                                              7.750000   data required time
                                             -2.536316   data arrival time
---------------------------------------------------------------------------------------------
                                              5.213684   slack (MET)


Startpoint: received[0] (input port clocked by __VIRTUAL_CLK__)
Endpoint: bm_00_10[0] (output port clocked by __VIRTUAL_CLK__)
Path Group: __VIRTUAL_CLK__
Path Type: max

Fanout         Cap        Slew       Delay        Time   Description
---------------------------------------------------------------------------------------------
                      0.000000    0.000000    0.000000   clock __VIRTUAL_CLK__ (rise edge)
                                  0.000000    0.000000   clock network delay (ideal)
                                  2.000000    2.000000 ^ input external delay
     1    0.002989    0.014595    0.007779    2.007779 ^ received[0] (in)
                                                         received[0] (net)
                      0.014596    0.000000    2.007779 ^ input1/A (sky130_fd_sc_hd__clkbuf_2)
     6    0.027181    0.116643    0.120391    2.128170 ^ input1/X (sky130_fd_sc_hd__clkbuf_2)
                                                         net1 (net)
                      0.116714    0.002363    2.130533 ^ _02_/A (sky130_fd_sc_hd__xor2_1)
     4    0.014254    0.229065    0.205948    2.336480 ^ _02_/X (sky130_fd_sc_hd__xor2_1)
                                                         net3 (net)
                      0.229070    0.000887    2.337367 ^ _06_/A (sky130_fd_sc_hd__clkbuf_1)
     1    0.002240    0.030737    0.056376    2.393744 ^ _06_/X (sky130_fd_sc_hd__clkbuf_1)
                                                         net5 (net)
                      0.030737    0.000161    2.393904 ^ output5/A (sky130_fd_sc_hd__buf_2)
     1    0.034127    0.127429    0.136191    2.530096 ^ output5/X (sky130_fd_sc_hd__buf_2)
                                                         bm_00_10[0] (net)
                      0.127459    0.001620    2.531716 ^ bm_00_10[0] (out)
                                              2.531716   data arrival time

                      0.000000   10.000000   10.000000   clock __VIRTUAL_CLK__ (rise edge)
                                  0.000000   10.000000   clock network delay (ideal)
                                 -0.250000    9.750000   clock uncertainty
                                  0.000000    9.750000   clock reconvergence pessimism
                                 -2.000000    7.750000   output external delay
                                              7.750000   data required time
---------------------------------------------------------------------------------------------
                                              7.750000   data required time
                                             -2.531716   data arrival time
---------------------------------------------------------------------------------------------
                                              5.218285   slack (MET)


Startpoint: received[0] (input port clocked by __VIRTUAL_CLK__)
Endpoint: bm_01_00[0] (output port clocked by __VIRTUAL_CLK__)
Path Group: __VIRTUAL_CLK__
Path Type: max

Fanout         Cap        Slew       Delay        Time   Description
---------------------------------------------------------------------------------------------
                      0.000000    0.000000    0.000000   clock __VIRTUAL_CLK__ (rise edge)
                                  0.000000    0.000000   clock network delay (ideal)
                                  2.000000    2.000000 ^ input external delay
     1    0.002989    0.014595    0.007779    2.007779 ^ received[0] (in)
                                                         received[0] (net)
                      0.014596    0.000000    2.007779 ^ input1/A (sky130_fd_sc_hd__clkbuf_2)
     6    0.027181    0.116643    0.120391    2.128170 ^ input1/X (sky130_fd_sc_hd__clkbuf_2)
                                                         net1 (net)
                      0.116714    0.002363    2.130533 ^ _02_/A (sky130_fd_sc_hd__xor2_1)
     4    0.014254    0.229065    0.205948    2.336480 ^ _02_/X (sky130_fd_sc_hd__xor2_1)
                                                         net3 (net)
                      0.229068    0.000728    2.337208 ^ _07_/A (sky130_fd_sc_hd__clkbuf_1)
     1    0.002036    0.029342    0.055155    2.392363 ^ _07_/X (sky130_fd_sc_hd__clkbuf_1)
                                                         net7 (net)
                      0.029342    0.000093    2.392456 ^ output7/A (sky130_fd_sc_hd__buf_2)
     1    0.034025    0.127070    0.135528    2.527984 ^ output7/X (sky130_fd_sc_hd__buf_2)
                                                         bm_01_00[0] (net)
                      0.127099    0.001604    2.529588 ^ bm_01_00[0] (out)
                                              2.529588   data arrival time

                      0.000000   10.000000   10.000000   clock __VIRTUAL_CLK__ (rise edge)
                                  0.000000   10.000000   clock network delay (ideal)
                                 -0.250000    9.750000   clock uncertainty
                                  0.000000    9.750000   clock reconvergence pessimism
                                 -2.000000    7.750000   output external delay
                                              7.750000   data required time
---------------------------------------------------------------------------------------------
                                              7.750000   data required time
                                             -2.529588   data arrival time
---------------------------------------------------------------------------------------------
                                              5.220412   slack (MET)


Startpoint: received[0] (input port clocked by __VIRTUAL_CLK__)
Endpoint: bm_11_11[0] (output port clocked by __VIRTUAL_CLK__)
Path Group: __VIRTUAL_CLK__
Path Type: max

Fanout         Cap        Slew       Delay        Time   Description
---------------------------------------------------------------------------------------------
                      0.000000    0.000000    0.000000   clock __VIRTUAL_CLK__ (rise edge)
                                  0.000000    0.000000   clock network delay (ideal)
                                  2.000000    2.000000 v input external delay
     1    0.002760    0.004656    0.002284    2.002284 v received[0] (in)
                                                         received[0] (net)
                      0.004659    0.000000    2.002284 v input1/A (sky130_fd_sc_hd__clkbuf_2)
     6    0.025986    0.071743    0.099777    2.102060 v input1/X (sky130_fd_sc_hd__clkbuf_2)
                                                         net1 (net)
                      0.071973    0.003342    2.105403 v _03_/A (sky130_fd_sc_hd__xnor2_1)
     4    0.013120    0.226284    0.220554    2.325956 ^ _03_/Y (sky130_fd_sc_hd__xnor2_1)
                                                         net11 (net)
                      0.226289    0.000891    2.326848 ^ _14_/A (sky130_fd_sc_hd__clkbuf_1)
     1    0.002885    0.035214    0.060344    2.387191 ^ _14_/X (sky130_fd_sc_hd__clkbuf_1)
                                                         net17 (net)
                      0.035214    0.000193    2.387384 ^ output17/A (sky130_fd_sc_hd__buf_2)
     1    0.034487    0.128693    0.138357    2.525741 ^ output17/X (sky130_fd_sc_hd__buf_2)
                                                         bm_11_11[0] (net)
                      0.128727    0.001727    2.527468 ^ bm_11_11[0] (out)
                                              2.527468   data arrival time

                      0.000000   10.000000   10.000000   clock __VIRTUAL_CLK__ (rise edge)
                                  0.000000   10.000000   clock network delay (ideal)
                                 -0.250000    9.750000   clock uncertainty
                                  0.000000    9.750000   clock reconvergence pessimism
                                 -2.000000    7.750000   output external delay
                                              7.750000   data required time
---------------------------------------------------------------------------------------------
                                              7.750000   data required time
                                             -2.527468   data arrival time
---------------------------------------------------------------------------------------------
                                              5.222532   slack (MET)


Startpoint: received[0] (input port clocked by __VIRTUAL_CLK__)
Endpoint: bm_10_11[0] (output port clocked by __VIRTUAL_CLK__)
Path Group: __VIRTUAL_CLK__
Path Type: max

Fanout         Cap        Slew       Delay        Time   Description
---------------------------------------------------------------------------------------------
                      0.000000    0.000000    0.000000   clock __VIRTUAL_CLK__ (rise edge)
                                  0.000000    0.000000   clock network delay (ideal)
                                  2.000000    2.000000 v input external delay
     1    0.002760    0.004656    0.002284    2.002284 v received[0] (in)
                                                         received[0] (net)
                      0.004659    0.000000    2.002284 v input1/A (sky130_fd_sc_hd__clkbuf_2)
     6    0.025986    0.071743    0.099777    2.102060 v input1/X (sky130_fd_sc_hd__clkbuf_2)
                                                         net1 (net)
                      0.071973    0.003342    2.105403 v _03_/A (sky130_fd_sc_hd__xnor2_1)
     4    0.013120    0.226284    0.220554    2.325956 ^ _03_/Y (sky130_fd_sc_hd__xnor2_1)
                                                         net11 (net)
                      0.226287    0.000652    2.326608 ^ _11_/A (sky130_fd_sc_hd__clkbuf_1)
     1    0.002266    0.030872    0.056564    2.383173 ^ _11_/X (sky130_fd_sc_hd__clkbuf_1)
                                                         net13 (net)
                      0.030872    0.000161    2.383334 ^ output13/A (sky130_fd_sc_hd__buf_2)
     1    0.034671    0.129363    0.137559    2.520893 ^ output13/X (sky130_fd_sc_hd__buf_2)
                                                         bm_10_11[0] (net)
                      0.129394    0.001655    2.522548 ^ bm_10_11[0] (out)
                                              2.522548   data arrival time

                      0.000000   10.000000   10.000000   clock __VIRTUAL_CLK__ (rise edge)
                                  0.000000   10.000000   clock network delay (ideal)
                                 -0.250000    9.750000   clock uncertainty
                                  0.000000    9.750000   clock reconvergence pessimism
                                 -2.000000    7.750000   output external delay
                                              7.750000   data required time
---------------------------------------------------------------------------------------------
                                              7.750000   data required time
                                             -2.522548   data arrival time
---------------------------------------------------------------------------------------------
                                              5.227451   slack (MET)


Startpoint: received[0] (input port clocked by __VIRTUAL_CLK__)
Endpoint: bm_11_01[0] (output port clocked by __VIRTUAL_CLK__)
Path Group: __VIRTUAL_CLK__
Path Type: max

Fanout         Cap        Slew       Delay        Time   Description
---------------------------------------------------------------------------------------------
                      0.000000    0.000000    0.000000   clock __VIRTUAL_CLK__ (rise edge)
                                  0.000000    0.000000   clock network delay (ideal)
                                  2.000000    2.000000 v input external delay
     1    0.002760    0.004656    0.002284    2.002284 v received[0] (in)
                                                         received[0] (net)
                      0.004659    0.000000    2.002284 v input1/A (sky130_fd_sc_hd__clkbuf_2)
     6    0.025986    0.071743    0.099777    2.102060 v input1/X (sky130_fd_sc_hd__clkbuf_2)
                                                         net1 (net)
                      0.071973    0.003342    2.105403 v _03_/A (sky130_fd_sc_hd__xnor2_1)
     4    0.013120    0.226284    0.220554    2.325956 ^ _03_/Y (sky130_fd_sc_hd__xnor2_1)
                                                         net11 (net)
                      0.226288    0.000801    2.326757 ^ _12_/A (sky130_fd_sc_hd__clkbuf_1)
     1    0.002383    0.031677    0.057277    2.384035 ^ _12_/X (sky130_fd_sc_hd__clkbuf_1)
                                                         net15 (net)
                      0.031677    0.000164    2.384198 ^ output15/A (sky130_fd_sc_hd__buf_2)
     1    0.034058    0.127184    0.136317    2.520515 ^ output15/X (sky130_fd_sc_hd__buf_2)
                                                         bm_11_01[0] (net)
                      0.127214    0.001606    2.522120 ^ bm_11_01[0] (out)
                                              2.522120   data arrival time

                      0.000000   10.000000   10.000000   clock __VIRTUAL_CLK__ (rise edge)
                                  0.000000   10.000000   clock network delay (ideal)
                                 -0.250000    9.750000   clock uncertainty
                                  0.000000    9.750000   clock reconvergence pessimism
                                 -2.000000    7.750000   output external delay
                                              7.750000   data required time
---------------------------------------------------------------------------------------------
                                              7.750000   data required time
                                             -2.522120   data arrival time
---------------------------------------------------------------------------------------------
                                              5.227880   slack (MET)


Startpoint: received[0] (input port clocked by __VIRTUAL_CLK__)
Endpoint: bm_00_00[0] (output port clocked by __VIRTUAL_CLK__)
Path Group: __VIRTUAL_CLK__
Path Type: max

Fanout         Cap        Slew       Delay        Time   Description
---------------------------------------------------------------------------------------------
                      0.000000    0.000000    0.000000   clock __VIRTUAL_CLK__ (rise edge)
                                  0.000000    0.000000   clock network delay (ideal)
                                  2.000000    2.000000 ^ input external delay
     1    0.002989    0.014595    0.007779    2.007779 ^ received[0] (in)
                                                         received[0] (net)
                      0.014596    0.000000    2.007779 ^ input1/A (sky130_fd_sc_hd__clkbuf_2)
     6    0.027181    0.116643    0.120391    2.128170 ^ input1/X (sky130_fd_sc_hd__clkbuf_2)
                                                         net1 (net)
                      0.116714    0.002363    2.130533 ^ _02_/A (sky130_fd_sc_hd__xor2_1)
     4    0.014254    0.229065    0.205948    2.336480 ^ _02_/X (sky130_fd_sc_hd__xor2_1)
                                                         net3 (net)
                      0.229071    0.000956    2.337436 ^ output3/A (sky130_fd_sc_hd__buf_2)
     1    0.034681    0.129786    0.171097    2.508533 ^ output3/X (sky130_fd_sc_hd__buf_2)
                                                         bm_00_00[0] (net)
                      0.129869    0.001878    2.510411 ^ bm_00_00[0] (out)
                                              2.510411   data arrival time

                      0.000000   10.000000   10.000000   clock __VIRTUAL_CLK__ (rise edge)
                                  0.000000   10.000000   clock network delay (ideal)
                                 -0.250000    9.750000   clock uncertainty
                                  0.000000    9.750000   clock reconvergence pessimism
                                 -2.000000    7.750000   output external delay
                                              7.750000   data required time
---------------------------------------------------------------------------------------------
                                              7.750000   data required time
                                             -2.510411   data arrival time
---------------------------------------------------------------------------------------------
                                              5.239589   slack (MET)


Startpoint: received[0] (input port clocked by __VIRTUAL_CLK__)
Endpoint: bm_10_01[0] (output port clocked by __VIRTUAL_CLK__)
Path Group: __VIRTUAL_CLK__
Path Type: max

Fanout         Cap        Slew       Delay        Time   Description
---------------------------------------------------------------------------------------------
                      0.000000    0.000000    0.000000   clock __VIRTUAL_CLK__ (rise edge)
                                  0.000000    0.000000   clock network delay (ideal)
                                  2.000000    2.000000 v input external delay
     1    0.002760    0.004656    0.002284    2.002284 v received[0] (in)
                                                         received[0] (net)
                      0.004659    0.000000    2.002284 v input1/A (sky130_fd_sc_hd__clkbuf_2)
     6    0.025986    0.071743    0.099777    2.102060 v input1/X (sky130_fd_sc_hd__clkbuf_2)
                                                         net1 (net)
                      0.071973    0.003342    2.105403 v _03_/A (sky130_fd_sc_hd__xnor2_1)
     4    0.013120    0.226284    0.220554    2.325956 ^ _03_/Y (sky130_fd_sc_hd__xnor2_1)
                                                         net11 (net)
                      0.226286    0.000604    2.326560 ^ output11/A (sky130_fd_sc_hd__buf_2)
     1    0.034037    0.127550    0.169418    2.495978 ^ output11/X (sky130_fd_sc_hd__buf_2)
                                                         bm_10_01[0] (net)
                      0.127620    0.001593    2.497571 ^ bm_10_01[0] (out)
                                              2.497571   data arrival time

                      0.000000   10.000000   10.000000   clock __VIRTUAL_CLK__ (rise edge)
                                  0.000000   10.000000   clock network delay (ideal)
                                 -0.250000    9.750000   clock uncertainty
                                  0.000000    9.750000   clock reconvergence pessimism
                                 -2.000000    7.750000   output external delay
                                              7.750000   data required time
---------------------------------------------------------------------------------------------
                                              7.750000   data required time
                                             -2.497571   data arrival time
---------------------------------------------------------------------------------------------
                                              5.252429   slack (MET)


Startpoint: received[1] (input port clocked by __VIRTUAL_CLK__)
Endpoint: bm_11_11[1] (output port clocked by __VIRTUAL_CLK__)
Path Group: __VIRTUAL_CLK__
Path Type: max

Fanout         Cap        Slew       Delay        Time   Description
---------------------------------------------------------------------------------------------
                      0.000000    0.000000    0.000000   clock __VIRTUAL_CLK__ (rise edge)
                                  0.000000    0.000000   clock network delay (ideal)
                                  2.000000    2.000000 v input external delay
     1    0.002694    0.004559    0.002224    2.002224 v received[1] (in)
                                                         received[1] (net)
                      0.004562    0.000000    2.002224 v input2/A (sky130_fd_sc_hd__clkbuf_2)
     6    0.026382    0.072788    0.100250    2.102474 v input2/X (sky130_fd_sc_hd__clkbuf_2)
                                                         net2 (net)
                      0.072934    0.002705    2.105178 v _05_/A_N (sky130_fd_sc_hd__and2b_1)
     2    0.005060    0.043953    0.142917    2.248096 ^ _05_/X (sky130_fd_sc_hd__and2b_1)
                                                         net12 (net)
                      0.043954    0.000292    2.248388 ^ _15_/A (sky130_fd_sc_hd__clkbuf_1)
     1    0.005751    0.056757    0.071580    2.319968 ^ _15_/X (sky130_fd_sc_hd__clkbuf_1)
                                                         net18 (net)
                      0.056783    0.000436    2.320404 ^ output18/A (sky130_fd_sc_hd__buf_2)
     1    0.035454    0.132516    0.146653    2.467057 ^ output18/X (sky130_fd_sc_hd__buf_2)
                                                         bm_11_11[1] (net)
                      0.132567    0.002153    2.469210 ^ bm_11_11[1] (out)
                                              2.469210   data arrival time

                      0.000000   10.000000   10.000000   clock __VIRTUAL_CLK__ (rise edge)
                                  0.000000   10.000000   clock network delay (ideal)
                                 -0.250000    9.750000   clock uncertainty
                                  0.000000    9.750000   clock reconvergence pessimism
                                 -2.000000    7.750000   output external delay
                                              7.750000   data required time
---------------------------------------------------------------------------------------------
                                              7.750000   data required time
                                             -2.469210   data arrival time
---------------------------------------------------------------------------------------------
                                              5.280790   slack (MET)


Startpoint: received[0] (input port clocked by __VIRTUAL_CLK__)
Endpoint: bm_11_01[1] (output port clocked by __VIRTUAL_CLK__)
Path Group: __VIRTUAL_CLK__
Path Type: max

Fanout         Cap        Slew       Delay        Time   Description
---------------------------------------------------------------------------------------------
                      0.000000    0.000000    0.000000   clock __VIRTUAL_CLK__ (rise edge)
                                  0.000000    0.000000   clock network delay (ideal)
                                  2.000000    2.000000 v input external delay
     1    0.002760    0.004656    0.002284    2.002284 v received[0] (in)
                                                         received[0] (net)
                      0.004659    0.000000    2.002284 v input1/A (sky130_fd_sc_hd__clkbuf_2)
     6    0.025986    0.071743    0.099777    2.102060 v input1/X (sky130_fd_sc_hd__clkbuf_2)
                                                         net1 (net)
                      0.071985    0.003424    2.105485 v _04_/A_N (sky130_fd_sc_hd__and2b_1)
     2    0.005071    0.044041    0.142586    2.248071 ^ _04_/X (sky130_fd_sc_hd__and2b_1)
                                                         net14 (net)
                      0.044043    0.000326    2.248397 ^ _13_/A (sky130_fd_sc_hd__clkbuf_1)
     1    0.003929    0.041441    0.060954    2.309351 ^ _13_/X (sky130_fd_sc_hd__clkbuf_1)
                                                         net16 (net)
                      0.041442    0.000295    2.309646 ^ output16/A (sky130_fd_sc_hd__buf_2)
     1    0.034226    0.127758    0.139661    2.449306 ^ output16/X (sky130_fd_sc_hd__buf_2)
                                                         bm_11_01[1] (net)
                      0.127789    0.001648    2.450955 ^ bm_11_01[1] (out)
                                              2.450955   data arrival time

                      0.000000   10.000000   10.000000   clock __VIRTUAL_CLK__ (rise edge)
                                  0.000000   10.000000   clock network delay (ideal)
                                 -0.250000    9.750000   clock uncertainty
                                  0.000000    9.750000   clock reconvergence pessimism
                                 -2.000000    7.750000   output external delay
                                              7.750000   data required time
---------------------------------------------------------------------------------------------
                                              7.750000   data required time
                                             -2.450955   data arrival time
---------------------------------------------------------------------------------------------
                                              5.299045   slack (MET)


Startpoint: received[1] (input port clocked by __VIRTUAL_CLK__)
Endpoint: bm_01_10[1] (output port clocked by __VIRTUAL_CLK__)
Path Group: __VIRTUAL_CLK__
Path Type: max

Fanout         Cap        Slew       Delay        Time   Description
---------------------------------------------------------------------------------------------
                      0.000000    0.000000    0.000000   clock __VIRTUAL_CLK__ (rise edge)
                                  0.000000    0.000000   clock network delay (ideal)
                                  2.000000    2.000000 ^ input external delay
     1    0.002923    0.014358    0.007604    2.007604 ^ received[1] (in)
                                                         received[1] (net)
                      0.014359    0.000000    2.007604 ^ input2/A (sky130_fd_sc_hd__clkbuf_2)
     6    0.027632    0.118490    0.121330    2.128934 ^ input2/X (sky130_fd_sc_hd__clkbuf_2)
                                                         net2 (net)
                      0.118654    0.003585    2.132519 ^ _00_/B (sky130_fd_sc_hd__and2_1)
     2    0.009668    0.078892    0.122862    2.255381 ^ _00_/X (sky130_fd_sc_hd__and2_1)
                                                         net4 (net)
                      0.078894    0.000484    2.255865 ^ _10_/A (sky130_fd_sc_hd__clkbuf_1)
     1    0.002347    0.029116    0.055094    2.310959 ^ _10_/X (sky130_fd_sc_hd__clkbuf_1)
                                                         net10 (net)
                      0.029117    0.000167    2.311126 ^ output10/A (sky130_fd_sc_hd__buf_2)
     1    0.034013    0.127032    0.135440    2.446565 ^ output10/X (sky130_fd_sc_hd__buf_2)
                                                         bm_01_10[1] (net)
                      0.127061    0.001593    2.448158 ^ bm_01_10[1] (out)
                                              2.448158   data arrival time

                      0.000000   10.000000   10.000000   clock __VIRTUAL_CLK__ (rise edge)
                                  0.000000   10.000000   clock network delay (ideal)
                                 -0.250000    9.750000   clock uncertainty
                                  0.000000    9.750000   clock reconvergence pessimism
                                 -2.000000    7.750000   output external delay
                                              7.750000   data required time
---------------------------------------------------------------------------------------------
                                              7.750000   data required time
                                             -2.448158   data arrival time
---------------------------------------------------------------------------------------------
                                              5.301842   slack (MET)


Startpoint: received[0] (input port clocked by __VIRTUAL_CLK__)
Endpoint: bm_01_00[1] (output port clocked by __VIRTUAL_CLK__)
Path Group: __VIRTUAL_CLK__
Path Type: max

Fanout         Cap        Slew       Delay        Time   Description
---------------------------------------------------------------------------------------------
                      0.000000    0.000000    0.000000   clock __VIRTUAL_CLK__ (rise edge)
                                  0.000000    0.000000   clock network delay (ideal)
                                  2.000000    2.000000 v input external delay
     1    0.002760    0.004656    0.002284    2.002284 v received[0] (in)
                                                         received[0] (net)
                      0.004659    0.000000    2.002284 v input1/A (sky130_fd_sc_hd__clkbuf_2)
     6    0.025986    0.071743    0.099777    2.102060 v input1/X (sky130_fd_sc_hd__clkbuf_2)
                                                         net1 (net)
                      0.071843    0.002236    2.104296 v _01_/A (sky130_fd_sc_hd__nor2_1)
     2    0.006792    0.100500    0.113354    2.217650 ^ _01_/Y (sky130_fd_sc_hd__nor2_1)
                                                         net6 (net)
                      0.100502    0.000368    2.218018 ^ _08_/A (sky130_fd_sc_hd__clkbuf_1)
     1    0.002033    0.027053    0.054679    2.272696 ^ _08_/X (sky130_fd_sc_hd__clkbuf_1)
                                                         net8 (net)
                      0.027053    0.000093    2.272789 ^ output8/A (sky130_fd_sc_hd__buf_2)
     1    0.034146    0.127503    0.135113    2.407902 ^ output8/X (sky130_fd_sc_hd__buf_2)
                                                         bm_01_00[1] (net)
                      0.127534    0.001633    2.409535 ^ bm_01_00[1] (out)
                                              2.409535   data arrival time

                      0.000000   10.000000   10.000000   clock __VIRTUAL_CLK__ (rise edge)
                                  0.000000   10.000000   clock network delay (ideal)
                                 -0.250000    9.750000   clock uncertainty
                                  0.000000    9.750000   clock reconvergence pessimism
                                 -2.000000    7.750000   output external delay
                                              7.750000   data required time
---------------------------------------------------------------------------------------------
                                              7.750000   data required time
                                             -2.409535   data arrival time
---------------------------------------------------------------------------------------------
                                              5.340465   slack (MET)


Startpoint: received[1] (input port clocked by __VIRTUAL_CLK__)
Endpoint: bm_00_00[1] (output port clocked by __VIRTUAL_CLK__)
Path Group: __VIRTUAL_CLK__
Path Type: max

Fanout         Cap        Slew       Delay        Time   Description
---------------------------------------------------------------------------------------------
                      0.000000    0.000000    0.000000   clock __VIRTUAL_CLK__ (rise edge)
                                  0.000000    0.000000   clock network delay (ideal)
                                  2.000000    2.000000 ^ input external delay
     1    0.002923    0.014358    0.007604    2.007604 ^ received[1] (in)
                                                         received[1] (net)
                      0.014359    0.000000    2.007604 ^ input2/A (sky130_fd_sc_hd__clkbuf_2)
     6    0.027632    0.118490    0.121330    2.128934 ^ input2/X (sky130_fd_sc_hd__clkbuf_2)
                                                         net2 (net)
                      0.118654    0.003585    2.132519 ^ _00_/B (sky130_fd_sc_hd__and2_1)
     2    0.009668    0.078892    0.122862    2.255381 ^ _00_/X (sky130_fd_sc_hd__and2_1)
                                                         net4 (net)
                      0.078897    0.000668    2.256049 ^ output4/A (sky130_fd_sc_hd__buf_2)
     1    0.034389    0.128300    0.149511    2.405560 ^ output4/X (sky130_fd_sc_hd__buf_2)
                                                         bm_00_00[1] (net)
                      0.128332    0.001663    2.407223 ^ bm_00_00[1] (out)
                                              2.407223   data arrival time

                      0.000000   10.000000   10.000000   clock __VIRTUAL_CLK__ (rise edge)
                                  0.000000   10.000000   clock network delay (ideal)
                                 -0.250000    9.750000   clock uncertainty
                                  0.000000    9.750000   clock reconvergence pessimism
                                 -2.000000    7.750000   output external delay
                                              7.750000   data required time
---------------------------------------------------------------------------------------------
                                              7.750000   data required time
                                             -2.407223   data arrival time
---------------------------------------------------------------------------------------------
                                              5.342777   slack (MET)


Startpoint: received[1] (input port clocked by __VIRTUAL_CLK__)
Endpoint: bm_10_01[1] (output port clocked by __VIRTUAL_CLK__)
Path Group: __VIRTUAL_CLK__
Path Type: max

Fanout         Cap        Slew       Delay        Time   Description
---------------------------------------------------------------------------------------------
                      0.000000    0.000000    0.000000   clock __VIRTUAL_CLK__ (rise edge)
                                  0.000000    0.000000   clock network delay (ideal)
                                  2.000000    2.000000 v input external delay
     1    0.002694    0.004559    0.002224    2.002224 v received[1] (in)
                                                         received[1] (net)
                      0.004562    0.000000    2.002224 v input2/A (sky130_fd_sc_hd__clkbuf_2)
     6    0.026382    0.072788    0.100250    2.102474 v input2/X (sky130_fd_sc_hd__clkbuf_2)
                                                         net2 (net)
                      0.072934    0.002705    2.105178 v _05_/A_N (sky130_fd_sc_hd__and2b_1)
     2    0.005060    0.043953    0.142917    2.248096 ^ _05_/X (sky130_fd_sc_hd__and2b_1)
                                                         net12 (net)
                      0.043954    0.000286    2.248382 ^ output12/A (sky130_fd_sc_hd__buf_2)
     1    0.034804    0.129793    0.141754    2.390136 ^ output12/X (sky130_fd_sc_hd__buf_2)
                                                         bm_10_01[1] (net)
                      0.129829    0.001775    2.391910 ^ bm_10_01[1] (out)
                                              2.391910   data arrival time

                      0.000000   10.000000   10.000000   clock __VIRTUAL_CLK__ (rise edge)
                                  0.000000   10.000000   clock network delay (ideal)
                                 -0.250000    9.750000   clock uncertainty
                                  0.000000    9.750000   clock reconvergence pessimism
                                 -2.000000    7.750000   output external delay
                                              7.750000   data required time
---------------------------------------------------------------------------------------------
                                              7.750000   data required time
                                             -2.391910   data arrival time
---------------------------------------------------------------------------------------------
                                              5.358090   slack (MET)


Startpoint: received[0] (input port clocked by __VIRTUAL_CLK__)
Endpoint: bm_10_11[1] (output port clocked by __VIRTUAL_CLK__)
Path Group: __VIRTUAL_CLK__
Path Type: max

Fanout         Cap        Slew       Delay        Time   Description
---------------------------------------------------------------------------------------------
                      0.000000    0.000000    0.000000   clock __VIRTUAL_CLK__ (rise edge)
                                  0.000000    0.000000   clock network delay (ideal)
                                  2.000000    2.000000 v input external delay
     1    0.002760    0.004656    0.002284    2.002284 v received[0] (in)
                                                         received[0] (net)
                      0.004659    0.000000    2.002284 v input1/A (sky130_fd_sc_hd__clkbuf_2)
     6    0.025986    0.071743    0.099777    2.102060 v input1/X (sky130_fd_sc_hd__clkbuf_2)
                                                         net1 (net)
                      0.071985    0.003424    2.105485 v _04_/A_N (sky130_fd_sc_hd__and2b_1)
     2    0.005071    0.044041    0.142586    2.248071 ^ _04_/X (sky130_fd_sc_hd__and2b_1)
                                                         net14 (net)
                      0.044043    0.000324    2.248394 ^ output14/A (sky130_fd_sc_hd__buf_2)
     1    0.034015    0.127377    0.139905    2.388299 ^ output14/X (sky130_fd_sc_hd__buf_2)
                                                         bm_10_11[1] (net)
                      0.127406    0.001592    2.389891 ^ bm_10_11[1] (out)
                                              2.389891   data arrival time

                      0.000000   10.000000   10.000000   clock __VIRTUAL_CLK__ (rise edge)
                                  0.000000   10.000000   clock network delay (ideal)
                                 -0.250000    9.750000   clock uncertainty
                                  0.000000    9.750000   clock reconvergence pessimism
                                 -2.000000    7.750000   output external delay
                                              7.750000   data required time
---------------------------------------------------------------------------------------------
                                              7.750000   data required time
                                             -2.389891   data arrival time
---------------------------------------------------------------------------------------------
                                              5.360109   slack (MET)


Startpoint: received[0] (input port clocked by __VIRTUAL_CLK__)
Endpoint: bm_00_10[1] (output port clocked by __VIRTUAL_CLK__)
Path Group: __VIRTUAL_CLK__
Path Type: max

Fanout         Cap        Slew       Delay        Time   Description
---------------------------------------------------------------------------------------------
                      0.000000    0.000000    0.000000   clock __VIRTUAL_CLK__ (rise edge)
                                  0.000000    0.000000   clock network delay (ideal)
                                  2.000000    2.000000 v input external delay
     1    0.002760    0.004656    0.002284    2.002284 v received[0] (in)
                                                         received[0] (net)
                      0.004659    0.000000    2.002284 v input1/A (sky130_fd_sc_hd__clkbuf_2)
     6    0.025986    0.071743    0.099777    2.102060 v input1/X (sky130_fd_sc_hd__clkbuf_2)
                                                         net1 (net)
                      0.071843    0.002236    2.104296 v _01_/A (sky130_fd_sc_hd__nor2_1)
     2    0.006792    0.100500    0.113354    2.217650 ^ _01_/Y (sky130_fd_sc_hd__nor2_1)
                                                         net6 (net)
                      0.100503    0.000417    2.218066 ^ output6/A (sky130_fd_sc_hd__buf_2)
     1    0.034000    0.127292    0.153495    2.371561 ^ output6/X (sky130_fd_sc_hd__buf_2)
                                                         bm_00_10[1] (net)
                      0.127321    0.001592    2.373153 ^ bm_00_10[1] (out)
                                              2.373153   data arrival time

                      0.000000   10.000000   10.000000   clock __VIRTUAL_CLK__ (rise edge)
                                  0.000000   10.000000   clock network delay (ideal)
                                 -0.250000    9.750000   clock uncertainty
                                  0.000000    9.750000   clock reconvergence pessimism
                                 -2.000000    7.750000   output external delay
                                              7.750000   data required time
---------------------------------------------------------------------------------------------
                                              7.750000   data required time
                                             -2.373153   data arrival time
---------------------------------------------------------------------------------------------
                                              5.376847   slack (MET)



