
===========================================================================
report_checks -unconstrained
===========================================================================
======================= min_ss_100C_1v60 Corner ===================================

Startpoint: rst_n (input port clocked by clk)
Endpoint: _30_ (recovery check against rising-edge clock clk)
Path Group: asynchronous
Path Type: max

Fanout         Cap        Slew       Delay        Time   Description
---------------------------------------------------------------------------------------------
                                  0.000000    0.000000   clock clk (rise edge)
                                  0.000000    0.000000   clock network delay (propagated)
                                 20.000000   20.000000 ^ input external delay
     1    0.003132    0.034454    0.017527   20.017529 ^ rst_n (in)
                                                         rst_n (net)
                      0.034454    0.000000   20.017529 ^ input1/A (sky130_fd_sc_hd__clkbuf_2)
     6    0.028676    0.249533    0.305073   20.322601 ^ input1/X (sky130_fd_sc_hd__clkbuf_2)
                                                         net1 (net)
                      0.249535    0.001174   20.323774 ^ _30_/RESET_B (sky130_fd_sc_hd__dfrtp_1)
                                             20.323774   data arrival time

                                100.000000  100.000000   clock clk (rise edge)
                                  0.000000  100.000000   clock source latency
     1    0.010384    0.083753    0.054328  100.054321 ^ clk (in)
                                                         clk (net)
                      0.083754    0.000000  100.054321 ^ clkbuf_0_clk/A (sky130_fd_sc_hd__clkbuf_16)
     2    0.018726    0.065835    0.226059  100.280388 ^ clkbuf_0_clk/X (sky130_fd_sc_hd__clkbuf_16)
                                                         clknet_0_clk (net)
                      0.065835    0.000085  100.280472 ^ clkbuf_1_0__f_clk/A (sky130_fd_sc_hd__clkbuf_16)
     3    0.008178    0.052059    0.202270  100.482742 ^ clkbuf_1_0__f_clk/X (sky130_fd_sc_hd__clkbuf_16)
                                                         clknet_1_0__leaf_clk (net)
                      0.052059    0.000064  100.482803 ^ _30_/CLK (sky130_fd_sc_hd__dfrtp_1)
                                 -0.250000  100.232803   clock uncertainty
                                  0.000000  100.232803   clock reconvergence pessimism
                                  0.390021  100.622833   library recovery time
                                            100.622833   data required time
---------------------------------------------------------------------------------------------
                                            100.622833   data required time
                                            -20.323774   data arrival time
---------------------------------------------------------------------------------------------
                                             80.299057   slack (MET)


Startpoint: start (input port clocked by clk)
Endpoint: clr_me (output port clocked by clk)
Path Group: clk
Path Type: max

Fanout         Cap        Slew       Delay        Time   Description
---------------------------------------------------------------------------------------------
                                  0.000000    0.000000   clock clk (rise edge)
                                  0.000000    0.000000   clock network delay (propagated)
                                 20.000000   20.000000 v input external delay
     1    0.002484    0.017263    0.008221   20.008221 v start (in)
                                                         start (net)
                      0.017263    0.000000   20.008221 v input2/A (sky130_fd_sc_hd__clkbuf_1)
     2    0.006060    0.083484    0.165242   20.173464 v input2/X (sky130_fd_sc_hd__clkbuf_1)
                                                         net2 (net)
                      0.083484    0.000082   20.173546 v _29_/A2 (sky130_fd_sc_hd__a211oi_1)
     1    0.002321    0.286486    0.374095   20.547640 ^ _29_/Y (sky130_fd_sc_hd__a211oi_1)
                                                         net3 (net)
                      0.286486    0.000025   20.547665 ^ output3/A (sky130_fd_sc_hd__buf_2)
     1    0.034333    0.273142    0.440428   20.988094 ^ output3/X (sky130_fd_sc_hd__buf_2)
                                                         clr_me (net)
                      0.273142    0.000357   20.988451 ^ clr_me (out)
                                             20.988451   data arrival time

                                100.000000  100.000000   clock clk (rise edge)
                                  0.000000  100.000000   clock network delay (propagated)
                                 -0.250000   99.750000   clock uncertainty
                                  0.000000   99.750000   clock reconvergence pessimism
                                -20.000000   79.750000   output external delay
                                             79.750000   data required time
---------------------------------------------------------------------------------------------
                                             79.750000   data required time
                                            -20.988451   data arrival time
---------------------------------------------------------------------------------------------
                                             58.761543   slack (MET)




===========================================================================
report_checks --slack_max -0.01
============================================================================
======================= min_ss_100C_1v60 Corner ===================================

No paths found.


===========================================================================
 report_check_types -max_slew -max_cap -max_fanout -violators
============================================================================
======================= min_ss_100C_1v60 Corner ===================================



===========================================================================
report_parasitic_annotation -report_unannotated
============================================================================
Found 0 unannotated drivers.
Found 0 partially unannotated drivers.

===========================================================================
max slew violation count 0
max fanout violation count 0
max cap violation count 0
============================================================================

===========================================================================
check_setup -verbose -unconstrained_endpoints -multiple_clock -no_clock -no_input_delay -loops -generated_clocks
===========================================================================
