Clock: clk
Sources: clk 
Generated: no
Virtual: yes
Propagated: no
Period: 100.000000

===========================================================================
report_clock_properties
============================================================================
Clock                   Period          Waveform
----------------------------------------------------
clk                 100.000000    0.000000 50.000000

===========================================================================
report_clock_latency
============================================================================
Clock clk
rise -> rise
    min     max
0.000000 0.000000 source latency
0.482809         network latency _30_/CLK
        0.487503 network latency _34_/CLK
---------------
0.482809 0.487503 latency
        0.004694 skew

fall -> fall
    min     max
0.000000 0.000000 source latency
0.506418         network latency _30_/CLK
        0.510660 network latency _34_/CLK
---------------
0.506418 0.510660 latency
        0.004242 skew



===========================================================================
report_clock_min_period
============================================================================
clk period_min = 3.35 fmax = 298.57
