
===========================================================================
report_checks -unconstrained
===========================================================================
======================= min_ff_n40C_1v95 Corner ===================================

Startpoint: prev_11[3] (input port clocked by __VIRTUAL_CLK__)
Endpoint: winner_state[0] (output port clocked by __VIRTUAL_CLK__)
Path Group: __VIRTUAL_CLK__
Path Type: max

Fanout         Cap        Slew       Delay        Time   Description
---------------------------------------------------------------------------------------------
                      0.000000    0.000000    0.000000   clock __VIRTUAL_CLK__ (rise edge)
                                  0.000000    0.000000   clock network delay (ideal)
                                  2.000000    2.000000 v input external delay
     1    0.002971    0.004979    0.002415    2.002415 v prev_11[3] (in)
                                                         prev_11[3] (net)
                      0.004979    0.000000    2.002415 v input16/A (sky130_fd_sc_hd__buf_1)
     4    0.014767    0.061434    0.083060    2.085475 v input16/X (sky130_fd_sc_hd__buf_1)
                                                         net16 (net)
                      0.061434    0.000195    2.085670 v _60_/B (sky130_fd_sc_hd__or2_1)
     2    0.006148    0.043166    0.142778    2.228448 v _60_/X (sky130_fd_sc_hd__or2_1)
                                                         _21_ (net)
                      0.043166    0.000029    2.228476 v _63_/A2 (sky130_fd_sc_hd__a211o_1)
     1    0.002968    0.033925    0.181100    2.409577 v _63_/X (sky130_fd_sc_hd__a211o_1)
                                                         _24_ (net)
                      0.033925    0.000018    2.409595 v _64_/C1 (sky130_fd_sc_hd__o221a_1)
     4    0.018103    0.075146    0.107935    2.517529 v _64_/X (sky130_fd_sc_hd__o221a_1)
                                                         _25_ (net)
                      0.075146    0.000324    2.517853 v _72_/S (sky130_fd_sc_hd__mux2_1)
     2    0.005585    0.048431    0.205892    2.723745 v _72_/X (sky130_fd_sc_hd__mux2_1)
                                                         _33_ (net)
                      0.048431    0.000051    2.723796 v _76_/A3 (sky130_fd_sc_hd__a311o_1)
     1    0.003312    0.041464    0.220670    2.944466 v _76_/X (sky130_fd_sc_hd__a311o_1)
                                                         _37_ (net)
                      0.041464    0.000036    2.944502 v _78_/A2 (sky130_fd_sc_hd__o21ai_1)
     2    0.010192    0.159071    0.146317    3.090818 ^ _78_/Y (sky130_fd_sc_hd__o21ai_1)
                                                         net18 (net)
                      0.159071    0.000202    3.091021 ^ _79_/S (sky130_fd_sc_hd__mux2_1)
     1    0.004223    0.043733    0.199876    3.290896 v _79_/X (sky130_fd_sc_hd__mux2_1)
                                                         net17 (net)
                      0.043733    0.000083    3.290979 v output17/A (sky130_fd_sc_hd__buf_2)
     1    0.033846    0.061954    0.122555    3.413534 v output17/X (sky130_fd_sc_hd__buf_2)
                                                         winner_state[0] (net)
                      0.061954    0.000163    3.413697 v winner_state[0] (out)
                                              3.413697   data arrival time

                      0.000000   10.000000   10.000000   clock __VIRTUAL_CLK__ (rise edge)
                                  0.000000   10.000000   clock network delay (ideal)
                                 -0.250000    9.750000   clock uncertainty
                                  0.000000    9.750000   clock reconvergence pessimism
                                 -2.000000    7.750000   output external delay
                                              7.750000   data required time
---------------------------------------------------------------------------------------------
                                              7.750000   data required time
                                             -3.413697   data arrival time
---------------------------------------------------------------------------------------------
                                              4.336303   slack (MET)




===========================================================================
report_checks --slack_max -0.01
============================================================================
======================= min_ff_n40C_1v95 Corner ===================================

No paths found.


===========================================================================
 report_check_types -max_slew -max_cap -max_fanout -violators
============================================================================
======================= min_ff_n40C_1v95 Corner ===================================



===========================================================================
report_parasitic_annotation -report_unannotated
============================================================================
Found 0 unannotated drivers.
Found 0 partially unannotated drivers.

===========================================================================
max slew violation count 0
max fanout violation count 0
max cap violation count 0
============================================================================

===========================================================================
check_setup -verbose -unconstrained_endpoints -multiple_clock -no_clock -no_input_delay -loops -generated_clocks
===========================================================================
