Reading OpenROAD database at '/home/edabk/Desktop/Tu67/MARCO_ultra/Branch_Metrics/runs/Branch_Metrics_run/25-odb-customioplacement/Branch_Metrics.odb'…
Reading library file at '/home/edabk/.volare/volare/sky130/versions/0fe599b2afb6708d281543108caf8310912f54af/sky130A/libs.ref/sky130_fd_sc_hd/lib/sky130_fd_sc_hd__tt_025C_1v80.lib'…
Reading design constraints file at '/nix/store/h0ldzjka94yryiq8yxbxmwargpnmwhx6-python3-3.11.9-env/lib/python3.11/site-packages/openlane/scripts/base.sdc'…
[WARNING STA-0366] port '__VIRTUAL_CLK__' not found.
[INFO] Using clock __VIRTUAL_CLK__…
[INFO] Setting output delay to: 2
[INFO] Setting input delay to: 2
[WARNING STA-0366] port '__VIRTUAL_CLK__' not found.
[INFO] Setting load to: 0.033442
[INFO] Setting clock uncertainty to: 0.25
[INFO] Setting clock transition to: 0.1499999999999999944488848768742172978818416595458984375
[WARNING STA-0419] transition time can not be specified for virtual clocks.
[INFO] Setting timing derate to: 5%
[WARNING STA-0450] virtual clock __VIRTUAL_CLK__ can not be propagated.
[INFO] Setting RC values…
[INFO] Setting signal min routing layer to: met1 and clock min routing layer to met1. 
[INFO] Setting signal max routing layer to: met5 and clock max routing layer to met5. 
+ global_placement -density 0.85 -timing_driven -routability_driven -pad_right 0 -pad_left 0 -init_wirelength_coef 0.25
[INFO GPL-0002] DBU: 1000
[INFO GPL-0003] SiteSize: (  0.460  2.720 ) um
[INFO GPL-0004] CoreBBox: (  5.520 10.880 ) ( 39.100 87.040 ) um
[INFO GPL-0006] NumInstances:               102
[INFO GPL-0007] NumPlaceInstances:           16
[INFO GPL-0008] NumFixedInstances:           86
[INFO GPL-0009] NumDummyInstances:            0
[INFO GPL-0010] NumNets:                     18
[INFO GPL-0011] NumPins:                     56
[INFO GPL-0012] DieBBox:  (  0.000  0.000 ) ( 45.000 100.000 ) um
[INFO GPL-0013] CoreBBox: (  5.520 10.880 ) ( 39.100 87.040 ) um
[INFO GPL-0016] CoreArea:              2557.453 um^2
[INFO GPL-0017] NonPlaceInstsArea:      247.738 um^2
[INFO GPL-0018] PlaceInstsArea:         113.859 um^2
[INFO GPL-0019] Util:                     4.930 %
[INFO GPL-0020] StdInstsArea:           113.859 um^2
[INFO GPL-0021] MacroInstsArea:           0.000 um^2
[InitialPlace]  Iter: 1 CG residual: 0.00000006 HPWL: 905135
[InitialPlace]  Iter: 2 CG residual: 0.00000010 HPWL: 612987
[InitialPlace]  Iter: 3 CG residual: 0.00000007 HPWL: 506254
[InitialPlace]  Iter: 4 CG residual: 0.00000008 HPWL: 480506
[InitialPlace]  Iter: 5 CG residual: 0.00000009 HPWL: 473428
[INFO GPL-0031] FillerInit:NumGCells:       300
[INFO GPL-0032] FillerInit:NumGNets:         18
[INFO GPL-0033] FillerInit:NumGPins:         56
[INFO GPL-0023] TargetDensity:            0.850
[INFO GPL-0024] AvrgPlaceInstArea:        7.116 um^2
[INFO GPL-0025] IdealBinArea:             8.372 um^2
[INFO GPL-0026] IdealBinCnt:                305
[INFO GPL-0027] TotalBinArea:          2557.453 um^2
[INFO GPL-0028] BinCnt:         8     16
[INFO GPL-0029] BinSize: (  4.198  4.760 )
[INFO GPL-0030] NumBins: 128
[NesterovSolve] Iter:    1 overflow: 0.049 HPWL: 446557
[INFO GPL-0100] Timing-driven: executing resizer for reweighting nets.
[INFO GPL-0101] Timing-driven: worst slack 4.95e-09
[INFO GPL-0103] Timing-driven: weighted 0 nets.
[NesterovSolve] Snapshot saved at iter = 0
[INFO GPL-0075] Routability numCall: 1 inflationIterCnt: 1 bloatIterCnt: 0
[INFO GPL-0036] TileBBox: (    0    0 ) ( 6900 6900 ) DBU
[INFO GPL-0038] TileCnt:       6   14
[INFO GPL-0040] NumTiles: 84
[INFO GPL-0081] TotalRouteOverflow: 0
[INFO GPL-0082] OverflowTileCnt: 0
[INFO GPL-0083] 0.5%RC: 0.48523902893066406
[INFO GPL-0084] 1.0%RC: 0.48523902893066406
[INFO GPL-0085] 2.0%RC: 0.4843917340040207
[INFO GPL-0086] 5.0%RC: 0.48326839208602906
[INFO GPL-0087] FinalRC: 0.48523903
[INFO GPL-0077] FinalRC lower than targetRC(1.01), routability not needed.
[NesterovSolve] Finished with Overflow: 0.048737
[INFO] Setting RC values…
Setting global connections for newly added cells…
[INFO] Setting global connections...
Updating metrics…
Cell type report:                       Count       Area
  Fill cell                                56     210.20
  Tap cell                                 30      37.54
  Buffer                                   10      50.05
  Multi-Input combinational cell            6      63.81
  Total                                   102     361.60
Writing OpenROAD database to '/home/edabk/Desktop/Tu67/MARCO_ultra/Branch_Metrics/runs/Branch_Metrics_run/27-openroad-globalplacement/Branch_Metrics.odb'…
Writing netlist to '/home/edabk/Desktop/Tu67/MARCO_ultra/Branch_Metrics/runs/Branch_Metrics_run/27-openroad-globalplacement/Branch_Metrics.nl.v'…
Writing powered netlist to '/home/edabk/Desktop/Tu67/MARCO_ultra/Branch_Metrics/runs/Branch_Metrics_run/27-openroad-globalplacement/Branch_Metrics.pnl.v'…
Writing layout to '/home/edabk/Desktop/Tu67/MARCO_ultra/Branch_Metrics/runs/Branch_Metrics_run/27-openroad-globalplacement/Branch_Metrics.def'…
Writing timing constraints to '/home/edabk/Desktop/Tu67/MARCO_ultra/Branch_Metrics/runs/Branch_Metrics_run/27-openroad-globalplacement/Branch_Metrics.sdc'…
