Reading library file at '/home/edabk/.volare/volare/sky130/versions/0fe599b2afb6708d281543108caf8310912f54af/sky130A/libs.ref/sky130_fd_sc_hd/lib/sky130_fd_sc_hd__tt_025C_1v80.lib'…
Reading library file at '/home/edabk/Desktop/Tu67/MARCO_ultra_9.7_final/Branch_Metrics/runs/Branch_Metrics_run/final/lib/max_ss_100C_1v60/Branch_Metrics__max_ss_100C_1v60.lib'…
Reading library file at '/home/edabk/Desktop/Tu67/MARCO_ultra_9.7_final/Controller/runs/Controller_run/final/lib/max_ss_100C_1v60/Controller__max_ss_100C_1v60.lib'…
Reading library file at '/home/edabk/Desktop/Tu67/MARCO_ultra_9.7_final/Path_Metric_Unit/runs/Path_Metric_Unit_run/final/lib/max_ss_100C_1v60/Path_Metric_Unit__max_ss_100C_1v60.lib'…
Reading library file at '/home/edabk/Desktop/Tu67/MARCO_ultra_9.7_final/Maximum_Path_Memory/runs/Maximum_Path_Memory_run/final/lib/max_ss_100C_1v60/Maximum_Path_Memory__max_ss_100C_1v60.lib'…
Reading library file at '/home/edabk/Desktop/Tu67/MARCO_ultra_9.7_final/Survivor_Memory_Unit/runs/Survivor_Memory_Unit_run/final/lib/max_ss_100C_1v60/Survivor_Memory_Unit__max_ss_100C_1v60.lib'…
Reading macro library file at '/home/edabk/Desktop/Tu67/MARCO_ultra_9.7_final/Branch_Metrics/runs/Branch_Metrics_run/final/lib/max_ss_100C_1v60/Branch_Metrics__max_ss_100C_1v60.lib'…
[WARNING STA-1140] /home/edabk/Desktop/Tu67/MARCO_ultra_9.7_final/Branch_Metrics/runs/Branch_Metrics_run/final/lib/max_ss_100C_1v60/Branch_Metrics__max_ss_100C_1v60.lib line 1, library Branch_Metrics already exists.
Reading macro library file at '/home/edabk/Desktop/Tu67/MARCO_ultra_9.7_final/Controller/runs/Controller_run/final/lib/max_ss_100C_1v60/Controller__max_ss_100C_1v60.lib'…
[WARNING STA-1140] /home/edabk/Desktop/Tu67/MARCO_ultra_9.7_final/Controller/runs/Controller_run/final/lib/max_ss_100C_1v60/Controller__max_ss_100C_1v60.lib line 1, library Controller already exists.
Reading macro library file at '/home/edabk/Desktop/Tu67/MARCO_ultra_9.7_final/Path_Metric_Unit/runs/Path_Metric_Unit_run/final/lib/max_ss_100C_1v60/Path_Metric_Unit__max_ss_100C_1v60.lib'…
[WARNING STA-1140] /home/edabk/Desktop/Tu67/MARCO_ultra_9.7_final/Path_Metric_Unit/runs/Path_Metric_Unit_run/final/lib/max_ss_100C_1v60/Path_Metric_Unit__max_ss_100C_1v60.lib line 1, library Path_Metric_Unit already exists.
Reading macro library file at '/home/edabk/Desktop/Tu67/MARCO_ultra_9.7_final/Maximum_Path_Memory/runs/Maximum_Path_Memory_run/final/lib/max_ss_100C_1v60/Maximum_Path_Memory__max_ss_100C_1v60.lib'…
[WARNING STA-1140] /home/edabk/Desktop/Tu67/MARCO_ultra_9.7_final/Maximum_Path_Memory/runs/Maximum_Path_Memory_run/final/lib/max_ss_100C_1v60/Maximum_Path_Memory__max_ss_100C_1v60.lib line 1, library Maximum_Path_Memory already exists.
Reading macro library file at '/home/edabk/Desktop/Tu67/MARCO_ultra_9.7_final/Survivor_Memory_Unit/runs/Survivor_Memory_Unit_run/final/lib/max_ss_100C_1v60/Survivor_Memory_Unit__max_ss_100C_1v60.lib'…
[WARNING STA-1140] /home/edabk/Desktop/Tu67/MARCO_ultra_9.7_final/Survivor_Memory_Unit/runs/Survivor_Memory_Unit_run/final/lib/max_ss_100C_1v60/Survivor_Memory_Unit__max_ss_100C_1v60.lib line 1, library Survivor_Memory_Unit already exists.
Reading technology LEF file at '/home/edabk/.volare/volare/sky130/versions/0fe599b2afb6708d281543108caf8310912f54af/sky130A/libs.ref/sky130_fd_sc_hd/techlef/sky130_fd_sc_hd__nom.tlef'…
[INFO ODB-0227] LEF file: /home/edabk/.volare/volare/sky130/versions/0fe599b2afb6708d281543108caf8310912f54af/sky130A/libs.ref/sky130_fd_sc_hd/techlef/sky130_fd_sc_hd__nom.tlef, created 14 layers, 25 vias
Reading cell LEF file at '/home/edabk/.volare/volare/sky130/versions/0fe599b2afb6708d281543108caf8310912f54af/sky130A/libs.ref/sky130_fd_sc_hd/lef/sky130_fd_sc_hd.lef'…
[WARNING ODB-0220] WARNING (LEFPARS-2008): NOWIREEXTENSIONATPIN statement is obsolete in version 5.6 or later.
The NOWIREEXTENSIONATPIN statement will be ignored. See file /home/edabk/.volare/volare/sky130/versions/0fe599b2afb6708d281543108caf8310912f54af/sky130A/libs.ref/sky130_fd_sc_hd/lef/sky130_fd_sc_hd.lef at line 2.

[INFO ODB-0227] LEF file: /home/edabk/.volare/volare/sky130/versions/0fe599b2afb6708d281543108caf8310912f54af/sky130A/libs.ref/sky130_fd_sc_hd/lef/sky130_fd_sc_hd.lef, created 437 library cells
Reading cell LEF file at '/home/edabk/.volare/volare/sky130/versions/0fe599b2afb6708d281543108caf8310912f54af/sky130A/libs.ref/sky130_fd_sc_hd/lef/sky130_ef_sc_hd.lef'…
[WARNING ODB-0220] WARNING (LEFPARS-2008): NOWIREEXTENSIONATPIN statement is obsolete in version 5.6 or later.
The NOWIREEXTENSIONATPIN statement will be ignored. See file /home/edabk/.volare/volare/sky130/versions/0fe599b2afb6708d281543108caf8310912f54af/sky130A/libs.ref/sky130_fd_sc_hd/lef/sky130_ef_sc_hd.lef at line 2.

[INFO ODB-0227] LEF file: /home/edabk/.volare/volare/sky130/versions/0fe599b2afb6708d281543108caf8310912f54af/sky130A/libs.ref/sky130_fd_sc_hd/lef/sky130_ef_sc_hd.lef, created 4 library cells
Reading macro LEF file at '/home/edabk/Desktop/Tu67/MARCO_ultra_9.7_final/Branch_Metrics/runs/Branch_Metrics_run/final/lef/Branch_Metrics.lef'…
[WARNING ODB-0220] WARNING (LEFPARS-2008): NOWIREEXTENSIONATPIN statement is obsolete in version 5.6 or later.
The NOWIREEXTENSIONATPIN statement will be ignored. See file /home/edabk/Desktop/Tu67/MARCO_ultra_9.7_final/Branch_Metrics/runs/Branch_Metrics_run/final/lef/Branch_Metrics.lef at line 2.

[INFO ODB-0227] LEF file: /home/edabk/Desktop/Tu67/MARCO_ultra_9.7_final/Branch_Metrics/runs/Branch_Metrics_run/final/lef/Branch_Metrics.lef, created 1 library cells
Reading macro LEF file at '/home/edabk/Desktop/Tu67/MARCO_ultra_9.7_final/Controller/runs/Controller_run/final/lef/Controller.lef'…
[WARNING ODB-0220] WARNING (LEFPARS-2008): NOWIREEXTENSIONATPIN statement is obsolete in version 5.6 or later.
The NOWIREEXTENSIONATPIN statement will be ignored. See file /home/edabk/Desktop/Tu67/MARCO_ultra_9.7_final/Controller/runs/Controller_run/final/lef/Controller.lef at line 2.

[INFO ODB-0227] LEF file: /home/edabk/Desktop/Tu67/MARCO_ultra_9.7_final/Controller/runs/Controller_run/final/lef/Controller.lef, created 1 library cells
Reading macro LEF file at '/home/edabk/Desktop/Tu67/MARCO_ultra_9.7_final/Path_Metric_Unit/runs/Path_Metric_Unit_run/final/lef/Path_Metric_Unit.lef'…
[WARNING ODB-0220] WARNING (LEFPARS-2008): NOWIREEXTENSIONATPIN statement is obsolete in version 5.6 or later.
The NOWIREEXTENSIONATPIN statement will be ignored. See file /home/edabk/Desktop/Tu67/MARCO_ultra_9.7_final/Path_Metric_Unit/runs/Path_Metric_Unit_run/final/lef/Path_Metric_Unit.lef at line 2.

[INFO ODB-0227] LEF file: /home/edabk/Desktop/Tu67/MARCO_ultra_9.7_final/Path_Metric_Unit/runs/Path_Metric_Unit_run/final/lef/Path_Metric_Unit.lef, created 1 library cells
Reading macro LEF file at '/home/edabk/Desktop/Tu67/MARCO_ultra_9.7_final/Maximum_Path_Memory/runs/Maximum_Path_Memory_run/final/lef/Maximum_Path_Memory.lef'…
[WARNING ODB-0220] WARNING (LEFPARS-2008): NOWIREEXTENSIONATPIN statement is obsolete in version 5.6 or later.
The NOWIREEXTENSIONATPIN statement will be ignored. See file /home/edabk/Desktop/Tu67/MARCO_ultra_9.7_final/Maximum_Path_Memory/runs/Maximum_Path_Memory_run/final/lef/Maximum_Path_Memory.lef at line 2.

[INFO ODB-0227] LEF file: /home/edabk/Desktop/Tu67/MARCO_ultra_9.7_final/Maximum_Path_Memory/runs/Maximum_Path_Memory_run/final/lef/Maximum_Path_Memory.lef, created 1 library cells
Reading macro LEF file at '/home/edabk/Desktop/Tu67/MARCO_ultra_9.7_final/Survivor_Memory_Unit/runs/Survivor_Memory_Unit_run/final/lef/Survivor_Memory_Unit.lef'…
[WARNING ODB-0220] WARNING (LEFPARS-2008): NOWIREEXTENSIONATPIN statement is obsolete in version 5.6 or later.
The NOWIREEXTENSIONATPIN statement will be ignored. See file /home/edabk/Desktop/Tu67/MARCO_ultra_9.7_final/Survivor_Memory_Unit/runs/Survivor_Memory_Unit_run/final/lef/Survivor_Memory_Unit.lef at line 2.

[INFO ODB-0227] LEF file: /home/edabk/Desktop/Tu67/MARCO_ultra_9.7_final/Survivor_Memory_Unit/runs/Survivor_Memory_Unit_run/final/lef/Survivor_Memory_Unit.lef, created 1 library cells
Reading top-level netlist at '/home/edabk/Desktop/Tu67/MARCO_ultra_9.7_final/runs/RUN_2026-01-22_15-55-06/02-yosys-synthesis/Viterbi_Top.nl.v'…
Linking design 'Viterbi_Top' from netlist…
Reading design constraints file at '/nix/store/h0ldzjka94yryiq8yxbxmwargpnmwhx6-python3-3.11.9-env/lib/python3.11/site-packages/openlane/scripts/base.sdc'…
[INFO] Using clock clk…
[INFO] Setting output delay to: 20.0
[INFO] Setting input delay to: 20.0
[INFO] Setting load to: 0.033442
[INFO] Setting clock uncertainty to: 0.25
[INFO] Setting clock transition to: 0.1499999999999999944488848768742172978818416595458984375
[INFO] Setting timing derate to: 5%
Using site height: 2.72 and site width: 0.46…
[INFO] Using absolute sizing for the floorplan.
[INFO IFP-0001] Added 150 rows of 889 site unithd.
[INFO IFP-0030] Inserted 0 tiecells using sky130_fd_sc_hd__conb_1/LO.
[INFO IFP-0030] Inserted 0 tiecells using sky130_fd_sc_hd__conb_1/HI.
[INFO] Extracting DIE_AREA and CORE_AREA from the floorplan
[INFO] Floorplanned on a die area of 0.0 0.0 420.0 430.0 (µm).
[INFO] Floorplanned on a core area of 5.52 10.88 414.46 418.88 (µm).
Writing metric design__die__bbox: 0.0 0.0 420.0 430.0
Writing metric design__core__bbox: 5.52 10.88 414.46 418.88
Setting global connections for newly added cells…
[INFO] Setting global connections...
BMU matched with BMU
CTRL matched with CTRL
PMU_Top matched with PMU_Top
MPM matched with MPM
SMU_Top matched with SMU_Top
Updating metrics…
Cell type report:                       Count       Area
  Macro                                     5   31000.00
  Total                                     5   31000.00
Writing OpenROAD database to '/home/edabk/Desktop/Tu67/MARCO_ultra_9.7_final/runs/RUN_2026-01-22_15-55-06/09-openroad-floorplan/Viterbi_Top.odb'…
Writing netlist to '/home/edabk/Desktop/Tu67/MARCO_ultra_9.7_final/runs/RUN_2026-01-22_15-55-06/09-openroad-floorplan/Viterbi_Top.nl.v'…
Writing powered netlist to '/home/edabk/Desktop/Tu67/MARCO_ultra_9.7_final/runs/RUN_2026-01-22_15-55-06/09-openroad-floorplan/Viterbi_Top.pnl.v'…
Writing layout to '/home/edabk/Desktop/Tu67/MARCO_ultra_9.7_final/runs/RUN_2026-01-22_15-55-06/09-openroad-floorplan/Viterbi_Top.def'…
Writing timing constraints to '/home/edabk/Desktop/Tu67/MARCO_ultra_9.7_final/runs/RUN_2026-01-22_15-55-06/09-openroad-floorplan/Viterbi_Top.sdc'…
