Clock: clk
Sources: clk 
Generated: no
Virtual: no
Propagated: no
Period: 100.000000

===========================================================================
report_clock_properties
============================================================================
Clock                   Period          Waveform
----------------------------------------------------
clk                 100.000000    0.000000 50.000000

===========================================================================
report_clock_latency
============================================================================
Clock clk
rise -> rise
    min     max
0.000000 0.000000 source latency
0.037903         network latency _30_/CLK
        0.037903 network latency _30_/CLK
---------------
0.037903 0.037903 latency
        0.000000 skew

fall -> fall
    min     max
0.000000 0.000000 source latency
0.016691         network latency _30_/CLK
        0.016691 network latency _30_/CLK
---------------
0.016691 0.016691 latency
        0.000000 skew



===========================================================================
report_clock_min_period
============================================================================
clk period_min = 1.27 fmax = 787.67
