
===========================================================================
report_checks -path_delay min (Hold)
============================================================================
======================= nom_tt_025C_1v80 Corner ===================================

Startpoint: received[1] (input port clocked by __VIRTUAL_CLK__)
Endpoint: bm_00_10[1] (output port clocked by __VIRTUAL_CLK__)
Path Group: __VIRTUAL_CLK__
Path Type: min

Fanout         Cap        Slew       Delay        Time   Description
---------------------------------------------------------------------------------------------
                      0.000000    0.000000    0.000000   clock __VIRTUAL_CLK__ (rise edge)
                                  0.000000    0.000000   clock network delay (ideal)
                                  2.000000    2.000000 ^ input external delay
     6    0.032627    0.152045    0.105205    2.105205 ^ received[1] (in)
                                                         received[1] (net)
                      0.152051    0.000000    2.105205 ^ _01_/B (sky130_fd_sc_hd__nor2_2)
     2    0.036852    0.097710    0.124088    2.229294 v _01_/Y (sky130_fd_sc_hd__nor2_2)
                                                         bm_00_10[1] (net)
                      0.097710    0.000341    2.229634 v bm_00_10[1] (out)
                                              2.229634   data arrival time

                      0.000000    0.000000    0.000000   clock __VIRTUAL_CLK__ (rise edge)
                                  0.000000    0.000000   clock network delay (ideal)
                                  0.250000    0.250000   clock uncertainty
                                  0.000000    0.250000   clock reconvergence pessimism
                                 -2.000000   -1.750000   output external delay
                                             -1.750000   data required time
---------------------------------------------------------------------------------------------
                                             -1.750000   data required time
                                             -2.229634   data arrival time
---------------------------------------------------------------------------------------------
                                              3.979634   slack (MET)


Startpoint: received[1] (input port clocked by __VIRTUAL_CLK__)
Endpoint: bm_00_00[0] (output port clocked by __VIRTUAL_CLK__)
Path Group: __VIRTUAL_CLK__
Path Type: min

Fanout         Cap        Slew       Delay        Time   Description
---------------------------------------------------------------------------------------------
                      0.000000    0.000000    0.000000   clock __VIRTUAL_CLK__ (rise edge)
                                  0.000000    0.000000   clock network delay (ideal)
                                  2.000000    2.000000 v input external delay
     6    0.030593    0.068969    0.049157    2.049157 v received[1] (in)
                                                         received[1] (net)
                      0.068980    0.000000    2.049157 v _02_/B (sky130_fd_sc_hd__xor2_2)
     4    0.041967    0.118939    0.231618    2.280775 v _02_/X (sky130_fd_sc_hd__xor2_2)
                                                         bm_00_00[0] (net)
                      0.118943    0.000782    2.281558 v bm_00_00[0] (out)
                                              2.281558   data arrival time

                      0.000000    0.000000    0.000000   clock __VIRTUAL_CLK__ (rise edge)
                                  0.000000    0.000000   clock network delay (ideal)
                                  0.250000    0.250000   clock uncertainty
                                  0.000000    0.250000   clock reconvergence pessimism
                                 -2.000000   -1.750000   output external delay
                                             -1.750000   data required time
---------------------------------------------------------------------------------------------
                                             -1.750000   data required time
                                             -2.281558   data arrival time
---------------------------------------------------------------------------------------------
                                              4.031558   slack (MET)


Startpoint: received[1] (input port clocked by __VIRTUAL_CLK__)
Endpoint: bm_10_01[0] (output port clocked by __VIRTUAL_CLK__)
Path Group: __VIRTUAL_CLK__
Path Type: min

Fanout         Cap        Slew       Delay        Time   Description
---------------------------------------------------------------------------------------------
                      0.000000    0.000000    0.000000   clock __VIRTUAL_CLK__ (rise edge)
                                  0.000000    0.000000   clock network delay (ideal)
                                  2.000000    2.000000 v input external delay
     6    0.030593    0.068969    0.048995    2.048995 v received[1] (in)
                                                         received[1] (net)
                      0.068976    0.000000    2.048995 v _03_/B (sky130_fd_sc_hd__xnor2_2)
     4    0.040944    0.183997    0.249675    2.298670 v _03_/Y (sky130_fd_sc_hd__xnor2_2)
                                                         bm_10_01[0] (net)
                      0.183997    0.000177    2.298847 v bm_10_01[0] (out)
                                              2.298847   data arrival time

                      0.000000    0.000000    0.000000   clock __VIRTUAL_CLK__ (rise edge)
                                  0.000000    0.000000   clock network delay (ideal)
                                  0.250000    0.250000   clock uncertainty
                                  0.000000    0.250000   clock reconvergence pessimism
                                 -2.000000   -1.750000   output external delay
                                             -1.750000   data required time
---------------------------------------------------------------------------------------------
                                             -1.750000   data required time
                                             -2.298847   data arrival time
---------------------------------------------------------------------------------------------
                                              4.048847   slack (MET)


Startpoint: received[0] (input port clocked by __VIRTUAL_CLK__)
Endpoint: bm_00_00[1] (output port clocked by __VIRTUAL_CLK__)
Path Group: __VIRTUAL_CLK__
Path Type: min

Fanout         Cap        Slew       Delay        Time   Description
---------------------------------------------------------------------------------------------
                      0.000000    0.000000    0.000000   clock __VIRTUAL_CLK__ (rise edge)
                                  0.000000    0.000000   clock network delay (ideal)
                                  2.000000    2.000000 v input external delay
     6    0.031776    0.071516    0.050910    2.050910 v received[0] (in)
                                                         received[0] (net)
                      0.071523    0.000000    2.050910 v _00_/A (sky130_fd_sc_hd__and2_2)
     2    0.038443    0.106862    0.259379    2.310288 v _00_/X (sky130_fd_sc_hd__and2_2)
                                                         bm_00_00[1] (net)
                      0.106864    0.000689    2.310978 v bm_00_00[1] (out)
                                              2.310978   data arrival time

                      0.000000    0.000000    0.000000   clock __VIRTUAL_CLK__ (rise edge)
                                  0.000000    0.000000   clock network delay (ideal)
                                  0.250000    0.250000   clock uncertainty
                                  0.000000    0.250000   clock reconvergence pessimism
                                 -2.000000   -1.750000   output external delay
                                             -1.750000   data required time
---------------------------------------------------------------------------------------------
                                             -1.750000   data required time
                                             -2.310978   data arrival time
---------------------------------------------------------------------------------------------
                                              4.060977   slack (MET)


Startpoint: received[1] (input port clocked by __VIRTUAL_CLK__)
Endpoint: bm_10_11[1] (output port clocked by __VIRTUAL_CLK__)
Path Group: __VIRTUAL_CLK__
Path Type: min

Fanout         Cap        Slew       Delay        Time   Description
---------------------------------------------------------------------------------------------
                      0.000000    0.000000    0.000000   clock __VIRTUAL_CLK__ (rise edge)
                                  0.000000    0.000000   clock network delay (ideal)
                                  2.000000    2.000000 v input external delay
     6    0.030593    0.068969    0.048894    2.048894 v received[1] (in)
                                                         received[1] (net)
                      0.068974    0.000000    2.048894 v _04_/B (sky130_fd_sc_hd__and2b_2)
     2    0.036286    0.105586    0.282272    2.331166 v _04_/X (sky130_fd_sc_hd__and2b_2)
                                                         bm_10_11[1] (net)
                      0.105586    0.000181    2.331347 v bm_10_11[1] (out)
                                              2.331347   data arrival time

                      0.000000    0.000000    0.000000   clock __VIRTUAL_CLK__ (rise edge)
                                  0.000000    0.000000   clock network delay (ideal)
                                  0.250000    0.250000   clock uncertainty
                                  0.000000    0.250000   clock reconvergence pessimism
                                 -2.000000   -1.750000   output external delay
                                             -1.750000   data required time
---------------------------------------------------------------------------------------------
                                             -1.750000   data required time
                                             -2.331347   data arrival time
---------------------------------------------------------------------------------------------
                                              4.081347   slack (MET)


Startpoint: received[0] (input port clocked by __VIRTUAL_CLK__)
Endpoint: bm_10_01[1] (output port clocked by __VIRTUAL_CLK__)
Path Group: __VIRTUAL_CLK__
Path Type: min

Fanout         Cap        Slew       Delay        Time   Description
---------------------------------------------------------------------------------------------
                      0.000000    0.000000    0.000000   clock __VIRTUAL_CLK__ (rise edge)
                                  0.000000    0.000000   clock network delay (ideal)
                                  2.000000    2.000000 v input external delay
     6    0.031776    0.071516    0.051019    2.051019 v received[0] (in)
                                                         received[0] (net)
                      0.071526    0.000000    2.051019 v _05_/B (sky130_fd_sc_hd__and2b_2)
     2    0.036037    0.105925    0.282943    2.333962 v _05_/X (sky130_fd_sc_hd__and2b_2)
                                                         bm_10_01[1] (net)
                      0.105925    0.000109    2.334071 v bm_10_01[1] (out)
                                              2.334071   data arrival time

                      0.000000    0.000000    0.000000   clock __VIRTUAL_CLK__ (rise edge)
                                  0.000000    0.000000   clock network delay (ideal)
                                  0.250000    0.250000   clock uncertainty
                                  0.000000    0.250000   clock reconvergence pessimism
                                 -2.000000   -1.750000   output external delay
                                             -1.750000   data required time
---------------------------------------------------------------------------------------------
                                             -1.750000   data required time
                                             -2.334071   data arrival time
---------------------------------------------------------------------------------------------
                                              4.084071   slack (MET)


Startpoint: received[1] (input port clocked by __VIRTUAL_CLK__)
Endpoint: bm_01_00[1] (output port clocked by __VIRTUAL_CLK__)
Path Group: __VIRTUAL_CLK__
Path Type: min

Fanout         Cap        Slew       Delay        Time   Description
---------------------------------------------------------------------------------------------
                      0.000000    0.000000    0.000000   clock __VIRTUAL_CLK__ (rise edge)
                                  0.000000    0.000000   clock network delay (ideal)
                                  2.000000    2.000000 ^ input external delay
     6    0.032627    0.152045    0.105205    2.105205 ^ received[1] (in)
                                                         received[1] (net)
                      0.152051    0.000000    2.105205 ^ _01_/B (sky130_fd_sc_hd__nor2_2)
     2    0.036852    0.097710    0.124088    2.229294 v _01_/Y (sky130_fd_sc_hd__nor2_2)
                                                         bm_00_10[1] (net)
                      0.097710    0.000038    2.229331 v _08_/A (sky130_fd_sc_hd__buf_2)
     1    0.034062    0.088795    0.203958    2.433289 v _08_/X (sky130_fd_sc_hd__buf_2)
                                                         bm_01_00[1] (net)
                      0.088795    0.000087    2.433376 v bm_01_00[1] (out)
                                              2.433376   data arrival time

                      0.000000    0.000000    0.000000   clock __VIRTUAL_CLK__ (rise edge)
                                  0.000000    0.000000   clock network delay (ideal)
                                  0.250000    0.250000   clock uncertainty
                                  0.000000    0.250000   clock reconvergence pessimism
                                 -2.000000   -1.750000   output external delay
                                             -1.750000   data required time
---------------------------------------------------------------------------------------------
                                             -1.750000   data required time
                                             -2.433376   data arrival time
---------------------------------------------------------------------------------------------
                                              4.183376   slack (MET)


Startpoint: received[1] (input port clocked by __VIRTUAL_CLK__)
Endpoint: bm_01_00[0] (output port clocked by __VIRTUAL_CLK__)
Path Group: __VIRTUAL_CLK__
Path Type: min

Fanout         Cap        Slew       Delay        Time   Description
---------------------------------------------------------------------------------------------
                      0.000000    0.000000    0.000000   clock __VIRTUAL_CLK__ (rise edge)
                                  0.000000    0.000000   clock network delay (ideal)
                                  2.000000    2.000000 v input external delay
     6    0.030593    0.068969    0.049157    2.049157 v received[1] (in)
                                                         received[1] (net)
                      0.068980    0.000000    2.049157 v _02_/B (sky130_fd_sc_hd__xor2_2)
     4    0.041967    0.118939    0.231618    2.280775 v _02_/X (sky130_fd_sc_hd__xor2_2)
                                                         bm_00_00[0] (net)
                      0.118939    0.000226    2.281002 v _07_/A (sky130_fd_sc_hd__buf_2)
     1    0.034055    0.088801    0.213603    2.494605 v _07_/X (sky130_fd_sc_hd__buf_2)
                                                         bm_01_00[0] (net)
                      0.088801    0.000086    2.494691 v bm_01_00[0] (out)
                                              2.494691   data arrival time

                      0.000000    0.000000    0.000000   clock __VIRTUAL_CLK__ (rise edge)
                                  0.000000    0.000000   clock network delay (ideal)
                                  0.250000    0.250000   clock uncertainty
                                  0.000000    0.250000   clock reconvergence pessimism
                                 -2.000000   -1.750000   output external delay
                                             -1.750000   data required time
---------------------------------------------------------------------------------------------
                                             -1.750000   data required time
                                             -2.494691   data arrival time
---------------------------------------------------------------------------------------------
                                              4.244691   slack (MET)


Startpoint: received[1] (input port clocked by __VIRTUAL_CLK__)
Endpoint: bm_01_10[0] (output port clocked by __VIRTUAL_CLK__)
Path Group: __VIRTUAL_CLK__
Path Type: min

Fanout         Cap        Slew       Delay        Time   Description
---------------------------------------------------------------------------------------------
                      0.000000    0.000000    0.000000   clock __VIRTUAL_CLK__ (rise edge)
                                  0.000000    0.000000   clock network delay (ideal)
                                  2.000000    2.000000 v input external delay
     6    0.030593    0.068969    0.049157    2.049157 v received[1] (in)
                                                         received[1] (net)
                      0.068980    0.000000    2.049157 v _02_/B (sky130_fd_sc_hd__xor2_2)
     4    0.041967    0.118939    0.231618    2.280775 v _02_/X (sky130_fd_sc_hd__xor2_2)
                                                         bm_00_00[0] (net)
                      0.118939    0.000038    2.280813 v _09_/A (sky130_fd_sc_hd__buf_2)
     1    0.034189    0.089103    0.213829    2.494642 v _09_/X (sky130_fd_sc_hd__buf_2)
                                                         bm_01_10[0] (net)
                      0.089103    0.000117    2.494759 v bm_01_10[0] (out)
                                              2.494759   data arrival time

                      0.000000    0.000000    0.000000   clock __VIRTUAL_CLK__ (rise edge)
                                  0.000000    0.000000   clock network delay (ideal)
                                  0.250000    0.250000   clock uncertainty
                                  0.000000    0.250000   clock reconvergence pessimism
                                 -2.000000   -1.750000   output external delay
                                             -1.750000   data required time
---------------------------------------------------------------------------------------------
                                             -1.750000   data required time
                                             -2.494759   data arrival time
---------------------------------------------------------------------------------------------
                                              4.244760   slack (MET)


Startpoint: received[1] (input port clocked by __VIRTUAL_CLK__)
Endpoint: bm_00_10[0] (output port clocked by __VIRTUAL_CLK__)
Path Group: __VIRTUAL_CLK__
Path Type: min

Fanout         Cap        Slew       Delay        Time   Description
---------------------------------------------------------------------------------------------
                      0.000000    0.000000    0.000000   clock __VIRTUAL_CLK__ (rise edge)
                                  0.000000    0.000000   clock network delay (ideal)
                                  2.000000    2.000000 v input external delay
     6    0.030593    0.068969    0.049157    2.049157 v received[1] (in)
                                                         received[1] (net)
                      0.068980    0.000000    2.049157 v _02_/B (sky130_fd_sc_hd__xor2_2)
     4    0.041967    0.118939    0.231618    2.280775 v _02_/X (sky130_fd_sc_hd__xor2_2)
                                                         bm_00_00[0] (net)
                      0.118939    0.000470    2.281245 v _06_/A (sky130_fd_sc_hd__buf_2)
     1    0.034068    0.088829    0.213624    2.494870 v _06_/X (sky130_fd_sc_hd__buf_2)
                                                         bm_00_10[0] (net)
                      0.088829    0.000089    2.494959 v bm_00_10[0] (out)
                                              2.494959   data arrival time

                      0.000000    0.000000    0.000000   clock __VIRTUAL_CLK__ (rise edge)
                                  0.000000    0.000000   clock network delay (ideal)
                                  0.250000    0.250000   clock uncertainty
                                  0.000000    0.250000   clock reconvergence pessimism
                                 -2.000000   -1.750000   output external delay
                                             -1.750000   data required time
---------------------------------------------------------------------------------------------
                                             -1.750000   data required time
                                             -2.494959   data arrival time
---------------------------------------------------------------------------------------------
                                              4.244958   slack (MET)


Startpoint: received[0] (input port clocked by __VIRTUAL_CLK__)
Endpoint: bm_01_10[1] (output port clocked by __VIRTUAL_CLK__)
Path Group: __VIRTUAL_CLK__
Path Type: min

Fanout         Cap        Slew       Delay        Time   Description
---------------------------------------------------------------------------------------------
                      0.000000    0.000000    0.000000   clock __VIRTUAL_CLK__ (rise edge)
                                  0.000000    0.000000   clock network delay (ideal)
                                  2.000000    2.000000 v input external delay
     6    0.031776    0.071516    0.050910    2.050910 v received[0] (in)
                                                         received[0] (net)
                      0.071523    0.000000    2.050910 v _00_/A (sky130_fd_sc_hd__and2_2)
     2    0.038443    0.106862    0.259379    2.310288 v _00_/X (sky130_fd_sc_hd__and2_2)
                                                         bm_00_00[1] (net)
                      0.106862    0.000002    2.310291 v _10_/A (sky130_fd_sc_hd__buf_2)
     1    0.034206    0.089129    0.208363    2.518654 v _10_/X (sky130_fd_sc_hd__buf_2)
                                                         bm_01_10[1] (net)
                      0.089129    0.000121    2.518775 v bm_01_10[1] (out)
                                              2.518775   data arrival time

                      0.000000    0.000000    0.000000   clock __VIRTUAL_CLK__ (rise edge)
                                  0.000000    0.000000   clock network delay (ideal)
                                  0.250000    0.250000   clock uncertainty
                                  0.000000    0.250000   clock reconvergence pessimism
                                 -2.000000   -1.750000   output external delay
                                             -1.750000   data required time
---------------------------------------------------------------------------------------------
                                             -1.750000   data required time
                                             -2.518775   data arrival time
---------------------------------------------------------------------------------------------
                                              4.268775   slack (MET)


Startpoint: received[1] (input port clocked by __VIRTUAL_CLK__)
Endpoint: bm_11_01[1] (output port clocked by __VIRTUAL_CLK__)
Path Group: __VIRTUAL_CLK__
Path Type: min

Fanout         Cap        Slew       Delay        Time   Description
---------------------------------------------------------------------------------------------
                      0.000000    0.000000    0.000000   clock __VIRTUAL_CLK__ (rise edge)
                                  0.000000    0.000000   clock network delay (ideal)
                                  2.000000    2.000000 v input external delay
     6    0.030593    0.068969    0.048894    2.048894 v received[1] (in)
                                                         received[1] (net)
                      0.068974    0.000000    2.048894 v _04_/B (sky130_fd_sc_hd__and2b_2)
     2    0.036286    0.105586    0.282272    2.331166 v _04_/X (sky130_fd_sc_hd__and2b_2)
                                                         bm_10_11[1] (net)
                      0.105586    0.000104    2.331269 v _13_/A (sky130_fd_sc_hd__buf_2)
     1    0.034894    0.090682    0.208941    2.540210 v _13_/X (sky130_fd_sc_hd__buf_2)
                                                         bm_11_01[1] (net)
                      0.090683    0.000282    2.540493 v bm_11_01[1] (out)
                                              2.540493   data arrival time

                      0.000000    0.000000    0.000000   clock __VIRTUAL_CLK__ (rise edge)
                                  0.000000    0.000000   clock network delay (ideal)
                                  0.250000    0.250000   clock uncertainty
                                  0.000000    0.250000   clock reconvergence pessimism
                                 -2.000000   -1.750000   output external delay
                                             -1.750000   data required time
---------------------------------------------------------------------------------------------
                                             -1.750000   data required time
                                             -2.540493   data arrival time
---------------------------------------------------------------------------------------------
                                              4.290493   slack (MET)


Startpoint: received[1] (input port clocked by __VIRTUAL_CLK__)
Endpoint: bm_10_11[0] (output port clocked by __VIRTUAL_CLK__)
Path Group: __VIRTUAL_CLK__
Path Type: min

Fanout         Cap        Slew       Delay        Time   Description
---------------------------------------------------------------------------------------------
                      0.000000    0.000000    0.000000   clock __VIRTUAL_CLK__ (rise edge)
                                  0.000000    0.000000   clock network delay (ideal)
                                  2.000000    2.000000 v input external delay
     6    0.030593    0.068969    0.048995    2.048995 v received[1] (in)
                                                         received[1] (net)
                      0.068976    0.000000    2.048995 v _03_/B (sky130_fd_sc_hd__xnor2_2)
     4    0.040944    0.183997    0.249675    2.298670 v _03_/Y (sky130_fd_sc_hd__xnor2_2)
                                                         bm_10_01[0] (net)
                      0.183997    0.000025    2.298694 v _11_/A (sky130_fd_sc_hd__buf_2)
     1    0.034060    0.089333    0.242458    2.541152 v _11_/X (sky130_fd_sc_hd__buf_2)
                                                         bm_10_11[0] (net)
                      0.089333    0.000087    2.541239 v bm_10_11[0] (out)
                                              2.541239   data arrival time

                      0.000000    0.000000    0.000000   clock __VIRTUAL_CLK__ (rise edge)
                                  0.000000    0.000000   clock network delay (ideal)
                                  0.250000    0.250000   clock uncertainty
                                  0.000000    0.250000   clock reconvergence pessimism
                                 -2.000000   -1.750000   output external delay
                                             -1.750000   data required time
---------------------------------------------------------------------------------------------
                                             -1.750000   data required time
                                             -2.541239   data arrival time
---------------------------------------------------------------------------------------------
                                              4.291239   slack (MET)


Startpoint: received[1] (input port clocked by __VIRTUAL_CLK__)
Endpoint: bm_11_01[0] (output port clocked by __VIRTUAL_CLK__)
Path Group: __VIRTUAL_CLK__
Path Type: min

Fanout         Cap        Slew       Delay        Time   Description
---------------------------------------------------------------------------------------------
                      0.000000    0.000000    0.000000   clock __VIRTUAL_CLK__ (rise edge)
                                  0.000000    0.000000   clock network delay (ideal)
                                  2.000000    2.000000 v input external delay
     6    0.030593    0.068969    0.048995    2.048995 v received[1] (in)
                                                         received[1] (net)
                      0.068976    0.000000    2.048995 v _03_/B (sky130_fd_sc_hd__xnor2_2)
     4    0.040944    0.183997    0.249675    2.298670 v _03_/Y (sky130_fd_sc_hd__xnor2_2)
                                                         bm_10_01[0] (net)
                      0.183997    0.000047    2.298716 v _12_/A (sky130_fd_sc_hd__buf_2)
     1    0.034147    0.089531    0.242607    2.541323 v _12_/X (sky130_fd_sc_hd__buf_2)
                                                         bm_11_01[0] (net)
                      0.089531    0.000107    2.541431 v bm_11_01[0] (out)
                                              2.541431   data arrival time

                      0.000000    0.000000    0.000000   clock __VIRTUAL_CLK__ (rise edge)
                                  0.000000    0.000000   clock network delay (ideal)
                                  0.250000    0.250000   clock uncertainty
                                  0.000000    0.250000   clock reconvergence pessimism
                                 -2.000000   -1.750000   output external delay
                                             -1.750000   data required time
---------------------------------------------------------------------------------------------
                                             -1.750000   data required time
                                             -2.541431   data arrival time
---------------------------------------------------------------------------------------------
                                              4.291430   slack (MET)


Startpoint: received[1] (input port clocked by __VIRTUAL_CLK__)
Endpoint: bm_11_11[0] (output port clocked by __VIRTUAL_CLK__)
Path Group: __VIRTUAL_CLK__
Path Type: min

Fanout         Cap        Slew       Delay        Time   Description
---------------------------------------------------------------------------------------------
                      0.000000    0.000000    0.000000   clock __VIRTUAL_CLK__ (rise edge)
                                  0.000000    0.000000   clock network delay (ideal)
                                  2.000000    2.000000 v input external delay
     6    0.030593    0.068969    0.048995    2.048995 v received[1] (in)
                                                         received[1] (net)
                      0.068976    0.000000    2.048995 v _03_/B (sky130_fd_sc_hd__xnor2_2)
     4    0.040944    0.183997    0.249675    2.298670 v _03_/Y (sky130_fd_sc_hd__xnor2_2)
                                                         bm_10_01[0] (net)
                      0.183997    0.000048    2.298717 v _14_/A (sky130_fd_sc_hd__buf_2)
     1    0.034999    0.091448    0.244050    2.542768 v _14_/X (sky130_fd_sc_hd__buf_2)
                                                         bm_11_11[0] (net)
                      0.091448    0.000307    2.543075 v bm_11_11[0] (out)
                                              2.543075   data arrival time

                      0.000000    0.000000    0.000000   clock __VIRTUAL_CLK__ (rise edge)
                                  0.000000    0.000000   clock network delay (ideal)
                                  0.250000    0.250000   clock uncertainty
                                  0.000000    0.250000   clock reconvergence pessimism
                                 -2.000000   -1.750000   output external delay
                                             -1.750000   data required time
---------------------------------------------------------------------------------------------
                                             -1.750000   data required time
                                             -2.543075   data arrival time
---------------------------------------------------------------------------------------------
                                              4.293076   slack (MET)


Startpoint: received[0] (input port clocked by __VIRTUAL_CLK__)
Endpoint: bm_11_11[1] (output port clocked by __VIRTUAL_CLK__)
Path Group: __VIRTUAL_CLK__
Path Type: min

Fanout         Cap        Slew       Delay        Time   Description
---------------------------------------------------------------------------------------------
                      0.000000    0.000000    0.000000   clock __VIRTUAL_CLK__ (rise edge)
                                  0.000000    0.000000   clock network delay (ideal)
                                  2.000000    2.000000 v input external delay
     6    0.031776    0.071516    0.051019    2.051019 v received[0] (in)
                                                         received[0] (net)
                      0.071526    0.000000    2.051019 v _05_/B (sky130_fd_sc_hd__and2b_2)
     2    0.036037    0.105925    0.282943    2.333962 v _05_/X (sky130_fd_sc_hd__and2b_2)
                                                         bm_10_01[1] (net)
                      0.105925    0.000002    2.333964 v _15_/A (sky130_fd_sc_hd__buf_2)
     1    0.036612    0.092317    0.212013    2.545978 v _15_/X (sky130_fd_sc_hd__buf_2)
                                                         bm_11_11[1] (net)
                      0.092321    0.000700    2.546678 v bm_11_11[1] (out)
                                              2.546678   data arrival time

                      0.000000    0.000000    0.000000   clock __VIRTUAL_CLK__ (rise edge)
                                  0.000000    0.000000   clock network delay (ideal)
                                  0.250000    0.250000   clock uncertainty
                                  0.000000    0.250000   clock reconvergence pessimism
                                 -2.000000   -1.750000   output external delay
                                             -1.750000   data required time
---------------------------------------------------------------------------------------------
                                             -1.750000   data required time
                                             -2.546678   data arrival time
---------------------------------------------------------------------------------------------
                                              4.296678   slack (MET)



