107. Printing statistics.

=== Maximum_Path_Memory ===

   Number of wires:                 78
   Number of wire bits:             91
   Number of public wires:           5
   Number of public wire bits:      18
   Number of ports:                  5
   Number of port bits:             18
   Number of memories:               0
   Number of memory bits:            0
   Number of processes:              0
   Number of cells:                 75
     $_ANDNOT_                      23
     $_AND_                          3
     $_MUX_                          9
     $_NAND_                         3
     $_NOT_                         12
     $_ORNOT_                        6
     $_OR_                           7
     $_XNOR_                         7
     $_XOR_                          5

   Area for cell type $_NOT_ is unknown!
   Area for cell type $_AND_ is unknown!
   Area for cell type $_NAND_ is unknown!
   Area for cell type $_OR_ is unknown!
   Area for cell type $_XOR_ is unknown!
   Area for cell type $_XNOR_ is unknown!
   Area for cell type $_ANDNOT_ is unknown!
   Area for cell type $_ORNOT_ is unknown!
   Area for cell type $_MUX_ is unknown!

