Clock: clk
Sources: clk 
Generated: no
Virtual: yes
Propagated: no
Period: 100.000000

===========================================================================
report_clock_properties
============================================================================
Clock                   Period          Waveform
----------------------------------------------------
clk                 100.000000    0.000000 50.000000

===========================================================================
report_clock_latency
============================================================================
Clock clk
rise -> rise
    min     max
0.000000 0.000000 source latency
0.543706         network latency _303_/CLK
        0.548022 network latency _299_/CLK
---------------
0.543706 0.548022 latency
        0.004316 skew

fall -> fall
    min     max
0.000000 0.000000 source latency
0.549942         network latency _303_/CLK
        0.553801 network latency _299_/CLK
---------------
0.549942 0.553801 latency
        0.003858 skew



===========================================================================
report_clock_min_period
============================================================================
clk period_min = 5.56 fmax = 179.94
