
===========================================================================
report_checks -path_delay max (Setup)
============================================================================
======================= nom_tt_025C_1v80 Corner ===================================

Startpoint: received[1] (input port clocked by __VIRTUAL_CLK__)
Endpoint: bm_01_10[0] (output port clocked by __VIRTUAL_CLK__)
Path Group: __VIRTUAL_CLK__
Path Type: max

Fanout         Cap        Slew       Delay        Time   Description
---------------------------------------------------------------------------------------------
                      0.000000    0.000000    0.000000   clock __VIRTUAL_CLK__ (rise edge)
                                  0.000000    0.000000   clock network delay (ideal)
                                  2.000000    2.000000 ^ input external delay
     1    0.003879    0.024413    0.014111    2.014111 ^ received[1] (in)
                                                         received[1] (net)
                      0.024421    0.000000    2.014111 ^ input2/A (sky130_fd_sc_hd__clkbuf_2)
     6    0.025270    0.141997    0.166283    2.180394 ^ input2/X (sky130_fd_sc_hd__clkbuf_2)
                                                         net2 (net)
                      0.142025    0.001619    2.182012 ^ _02_/B (sky130_fd_sc_hd__xor2_1)
     4    0.012259    0.280320    0.282191    2.464203 ^ _02_/X (sky130_fd_sc_hd__xor2_1)
                                                         net3 (net)
                      0.280320    0.000177    2.464380 ^ _09_/A (sky130_fd_sc_hd__clkbuf_1)
     1    0.003652    0.055380    0.131277    2.595657 ^ _09_/X (sky130_fd_sc_hd__clkbuf_1)
                                                         net9 (net)
                      0.055380    0.000135    2.595792 ^ output9/A (sky130_fd_sc_hd__buf_2)
     1    0.035392    0.175461    0.205283    2.801075 ^ output9/X (sky130_fd_sc_hd__buf_2)
                                                         bm_01_10[0] (net)
                      0.175521    0.001185    2.802260 ^ bm_01_10[0] (out)
                                              2.802260   data arrival time

                      0.000000   10.000000   10.000000   clock __VIRTUAL_CLK__ (rise edge)
                                  0.000000   10.000000   clock network delay (ideal)
                                 -0.250000    9.750000   clock uncertainty
                                  0.000000    9.750000   clock reconvergence pessimism
                                 -2.000000    7.750000   output external delay
                                              7.750000   data required time
---------------------------------------------------------------------------------------------
                                              7.750000   data required time
                                             -2.802260   data arrival time
---------------------------------------------------------------------------------------------
                                              4.947739   slack (MET)


Startpoint: received[0] (input port clocked by __VIRTUAL_CLK__)
Endpoint: bm_11_11[0] (output port clocked by __VIRTUAL_CLK__)
Path Group: __VIRTUAL_CLK__
Path Type: max

Fanout         Cap        Slew       Delay        Time   Description
---------------------------------------------------------------------------------------------
                      0.000000    0.000000    0.000000   clock __VIRTUAL_CLK__ (rise edge)
                                  0.000000    0.000000   clock network delay (ideal)
                                  2.000000    2.000000 v input external delay
     1    0.003478    0.010207    0.005590    2.005590 v received[0] (in)
                                                         received[0] (net)
                      0.010208    0.000000    2.005590 v input1/A (sky130_fd_sc_hd__clkbuf_2)
     6    0.023814    0.095623    0.144142    2.149732 v input1/X (sky130_fd_sc_hd__clkbuf_2)
                                                         net1 (net)
                      0.095656    0.001664    2.151396 v _03_/A (sky130_fd_sc_hd__xnor2_1)
     4    0.012149    0.299392    0.305455    2.456851 ^ _03_/Y (sky130_fd_sc_hd__xnor2_1)
                                                         net11 (net)
                      0.299392    0.000346    2.457196 ^ _14_/A (sky130_fd_sc_hd__clkbuf_1)
     1    0.003772    0.056885    0.133654    2.590850 ^ _14_/X (sky130_fd_sc_hd__clkbuf_1)
                                                         net17 (net)
                      0.056885    0.000137    2.590986 ^ output17/A (sky130_fd_sc_hd__buf_2)
     1    0.034147    0.169712    0.201869    2.792855 ^ output17/X (sky130_fd_sc_hd__buf_2)
                                                         bm_11_11[0] (net)
                      0.169714    0.000934    2.793789 ^ bm_11_11[0] (out)
                                              2.793789   data arrival time

                      0.000000   10.000000   10.000000   clock __VIRTUAL_CLK__ (rise edge)
                                  0.000000   10.000000   clock network delay (ideal)
                                 -0.250000    9.750000   clock uncertainty
                                  0.000000    9.750000   clock reconvergence pessimism
                                 -2.000000    7.750000   output external delay
                                              7.750000   data required time
---------------------------------------------------------------------------------------------
                                              7.750000   data required time
                                             -2.793789   data arrival time
---------------------------------------------------------------------------------------------
                                              4.956211   slack (MET)


Startpoint: received[1] (input port clocked by __VIRTUAL_CLK__)
Endpoint: bm_01_00[0] (output port clocked by __VIRTUAL_CLK__)
Path Group: __VIRTUAL_CLK__
Path Type: max

Fanout         Cap        Slew       Delay        Time   Description
---------------------------------------------------------------------------------------------
                      0.000000    0.000000    0.000000   clock __VIRTUAL_CLK__ (rise edge)
                                  0.000000    0.000000   clock network delay (ideal)
                                  2.000000    2.000000 ^ input external delay
     1    0.003879    0.024413    0.014111    2.014111 ^ received[1] (in)
                                                         received[1] (net)
                      0.024421    0.000000    2.014111 ^ input2/A (sky130_fd_sc_hd__clkbuf_2)
     6    0.025270    0.141997    0.166283    2.180394 ^ input2/X (sky130_fd_sc_hd__clkbuf_2)
                                                         net2 (net)
                      0.142025    0.001619    2.182012 ^ _02_/B (sky130_fd_sc_hd__xor2_1)
     4    0.012259    0.280320    0.282191    2.464203 ^ _02_/X (sky130_fd_sc_hd__xor2_1)
                                                         net3 (net)
                      0.280320    0.000299    2.464502 ^ _07_/A (sky130_fd_sc_hd__clkbuf_1)
     1    0.002727    0.045838    0.123655    2.588157 ^ _07_/X (sky130_fd_sc_hd__clkbuf_1)
                                                         net7 (net)
                      0.045838    0.000064    2.588220 ^ output7/A (sky130_fd_sc_hd__buf_2)
     1    0.034290    0.170299    0.198133    2.786353 ^ output7/X (sky130_fd_sc_hd__buf_2)
                                                         bm_01_00[0] (net)
                      0.170355    0.000987    2.787340 ^ bm_01_00[0] (out)
                                              2.787340   data arrival time

                      0.000000   10.000000   10.000000   clock __VIRTUAL_CLK__ (rise edge)
                                  0.000000   10.000000   clock network delay (ideal)
                                 -0.250000    9.750000   clock uncertainty
                                  0.000000    9.750000   clock reconvergence pessimism
                                 -2.000000    7.750000   output external delay
                                              7.750000   data required time
---------------------------------------------------------------------------------------------
                                              7.750000   data required time
                                             -2.787340   data arrival time
---------------------------------------------------------------------------------------------
                                              4.962660   slack (MET)


Startpoint: received[0] (input port clocked by __VIRTUAL_CLK__)
Endpoint: bm_10_11[0] (output port clocked by __VIRTUAL_CLK__)
Path Group: __VIRTUAL_CLK__
Path Type: max

Fanout         Cap        Slew       Delay        Time   Description
---------------------------------------------------------------------------------------------
                      0.000000    0.000000    0.000000   clock __VIRTUAL_CLK__ (rise edge)
                                  0.000000    0.000000   clock network delay (ideal)
                                  2.000000    2.000000 v input external delay
     1    0.003478    0.010207    0.005590    2.005590 v received[0] (in)
                                                         received[0] (net)
                      0.010208    0.000000    2.005590 v input1/A (sky130_fd_sc_hd__clkbuf_2)
     6    0.023814    0.095623    0.144142    2.149732 v input1/X (sky130_fd_sc_hd__clkbuf_2)
                                                         net1 (net)
                      0.095656    0.001664    2.151396 v _03_/A (sky130_fd_sc_hd__xnor2_1)
     4    0.012149    0.299392    0.305455    2.456851 ^ _03_/Y (sky130_fd_sc_hd__xnor2_1)
                                                         net11 (net)
                      0.299392    0.000289    2.457140 ^ _11_/A (sky130_fd_sc_hd__clkbuf_1)
     1    0.003080    0.049591    0.128075    2.585215 ^ _11_/X (sky130_fd_sc_hd__clkbuf_1)
                                                         net13 (net)
                      0.049591    0.000078    2.585293 ^ output13/A (sky130_fd_sc_hd__buf_2)
     1    0.034542    0.171432    0.200598    2.785891 ^ output13/X (sky130_fd_sc_hd__buf_2)
                                                         bm_10_11[0] (net)
                      0.171432    0.000715    2.786606 ^ bm_10_11[0] (out)
                                              2.786606   data arrival time

                      0.000000   10.000000   10.000000   clock __VIRTUAL_CLK__ (rise edge)
                                  0.000000   10.000000   clock network delay (ideal)
                                 -0.250000    9.750000   clock uncertainty
                                  0.000000    9.750000   clock reconvergence pessimism
                                 -2.000000    7.750000   output external delay
                                              7.750000   data required time
---------------------------------------------------------------------------------------------
                                              7.750000   data required time
                                             -2.786606   data arrival time
---------------------------------------------------------------------------------------------
                                              4.963394   slack (MET)


Startpoint: received[0] (input port clocked by __VIRTUAL_CLK__)
Endpoint: bm_11_01[0] (output port clocked by __VIRTUAL_CLK__)
Path Group: __VIRTUAL_CLK__
Path Type: max

Fanout         Cap        Slew       Delay        Time   Description
---------------------------------------------------------------------------------------------
                      0.000000    0.000000    0.000000   clock __VIRTUAL_CLK__ (rise edge)
                                  0.000000    0.000000   clock network delay (ideal)
                                  2.000000    2.000000 v input external delay
     1    0.003478    0.010207    0.005590    2.005590 v received[0] (in)
                                                         received[0] (net)
                      0.010208    0.000000    2.005590 v input1/A (sky130_fd_sc_hd__clkbuf_2)
     6    0.023814    0.095623    0.144142    2.149732 v input1/X (sky130_fd_sc_hd__clkbuf_2)
                                                         net1 (net)
                      0.095656    0.001664    2.151396 v _03_/A (sky130_fd_sc_hd__xnor2_1)
     4    0.012149    0.299392    0.305455    2.456851 ^ _03_/Y (sky130_fd_sc_hd__xnor2_1)
                                                         net11 (net)
                      0.299392    0.000328    2.457179 ^ _12_/A (sky130_fd_sc_hd__clkbuf_1)
     1    0.003076    0.049553    0.128035    2.585214 ^ _12_/X (sky130_fd_sc_hd__clkbuf_1)
                                                         net15 (net)
                      0.049553    0.000101    2.585315 ^ output15/A (sky130_fd_sc_hd__buf_2)
     1    0.034184    0.169795    0.199222    2.784536 ^ output15/X (sky130_fd_sc_hd__buf_2)
                                                         bm_11_01[0] (net)
                      0.169850    0.000962    2.785498 ^ bm_11_01[0] (out)
                                              2.785498   data arrival time

                      0.000000   10.000000   10.000000   clock __VIRTUAL_CLK__ (rise edge)
                                  0.000000   10.000000   clock network delay (ideal)
                                 -0.250000    9.750000   clock uncertainty
                                  0.000000    9.750000   clock reconvergence pessimism
                                 -2.000000    7.750000   output external delay
                                              7.750000   data required time
---------------------------------------------------------------------------------------------
                                              7.750000   data required time
                                             -2.785498   data arrival time
---------------------------------------------------------------------------------------------
                                              4.964502   slack (MET)


Startpoint: received[1] (input port clocked by __VIRTUAL_CLK__)
Endpoint: bm_00_10[0] (output port clocked by __VIRTUAL_CLK__)
Path Group: __VIRTUAL_CLK__
Path Type: max

Fanout         Cap        Slew       Delay        Time   Description
---------------------------------------------------------------------------------------------
                      0.000000    0.000000    0.000000   clock __VIRTUAL_CLK__ (rise edge)
                                  0.000000    0.000000   clock network delay (ideal)
                                  2.000000    2.000000 ^ input external delay
     1    0.003879    0.024413    0.014111    2.014111 ^ received[1] (in)
                                                         received[1] (net)
                      0.024421    0.000000    2.014111 ^ input2/A (sky130_fd_sc_hd__clkbuf_2)
     6    0.025270    0.141997    0.166283    2.180394 ^ input2/X (sky130_fd_sc_hd__clkbuf_2)
                                                         net2 (net)
                      0.142025    0.001619    2.182012 ^ _02_/B (sky130_fd_sc_hd__xor2_1)
     4    0.012259    0.280320    0.282191    2.464203 ^ _02_/X (sky130_fd_sc_hd__xor2_1)
                                                         net3 (net)
                      0.280320    0.000365    2.464568 ^ _06_/A (sky130_fd_sc_hd__clkbuf_1)
     1    0.002250    0.041144    0.119577    2.584145 ^ _06_/X (sky130_fd_sc_hd__clkbuf_1)
                                                         net5 (net)
                      0.041144    0.000047    2.584192 ^ output5/A (sky130_fd_sc_hd__buf_2)
     1    0.033924    0.168590    0.195189    2.779381 ^ output5/X (sky130_fd_sc_hd__buf_2)
                                                         bm_00_10[0] (net)
                      0.168644    0.000886    2.780267 ^ bm_00_10[0] (out)
                                              2.780267   data arrival time

                      0.000000   10.000000   10.000000   clock __VIRTUAL_CLK__ (rise edge)
                                  0.000000   10.000000   clock network delay (ideal)
                                 -0.250000    9.750000   clock uncertainty
                                  0.000000    9.750000   clock reconvergence pessimism
                                 -2.000000    7.750000   output external delay
                                              7.750000   data required time
---------------------------------------------------------------------------------------------
                                              7.750000   data required time
                                             -2.780267   data arrival time
---------------------------------------------------------------------------------------------
                                              4.969733   slack (MET)


Startpoint: received[1] (input port clocked by __VIRTUAL_CLK__)
Endpoint: bm_00_00[0] (output port clocked by __VIRTUAL_CLK__)
Path Group: __VIRTUAL_CLK__
Path Type: max

Fanout         Cap        Slew       Delay        Time   Description
---------------------------------------------------------------------------------------------
                      0.000000    0.000000    0.000000   clock __VIRTUAL_CLK__ (rise edge)
                                  0.000000    0.000000   clock network delay (ideal)
                                  2.000000    2.000000 ^ input external delay
     1    0.003879    0.024413    0.014111    2.014111 ^ received[1] (in)
                                                         received[1] (net)
                      0.024421    0.000000    2.014111 ^ input2/A (sky130_fd_sc_hd__clkbuf_2)
     6    0.025270    0.141997    0.166283    2.180394 ^ input2/X (sky130_fd_sc_hd__clkbuf_2)
                                                         net2 (net)
                      0.142025    0.001619    2.182012 ^ _02_/B (sky130_fd_sc_hd__xor2_1)
     4    0.012259    0.280320    0.282191    2.464203 ^ _02_/X (sky130_fd_sc_hd__xor2_1)
                                                         net3 (net)
                      0.280320    0.000370    2.464573 ^ output3/A (sky130_fd_sc_hd__buf_2)
     1    0.034405    0.171473    0.269629    2.734202 ^ output3/X (sky130_fd_sc_hd__buf_2)
                                                         bm_00_00[0] (net)
                      0.171475    0.000869    2.735071 ^ bm_00_00[0] (out)
                                              2.735071   data arrival time

                      0.000000   10.000000   10.000000   clock __VIRTUAL_CLK__ (rise edge)
                                  0.000000   10.000000   clock network delay (ideal)
                                 -0.250000    9.750000   clock uncertainty
                                  0.000000    9.750000   clock reconvergence pessimism
                                 -2.000000    7.750000   output external delay
                                              7.750000   data required time
---------------------------------------------------------------------------------------------
                                              7.750000   data required time
                                             -2.735071   data arrival time
---------------------------------------------------------------------------------------------
                                              5.014929   slack (MET)


Startpoint: received[0] (input port clocked by __VIRTUAL_CLK__)
Endpoint: bm_10_01[0] (output port clocked by __VIRTUAL_CLK__)
Path Group: __VIRTUAL_CLK__
Path Type: max

Fanout         Cap        Slew       Delay        Time   Description
---------------------------------------------------------------------------------------------
                      0.000000    0.000000    0.000000   clock __VIRTUAL_CLK__ (rise edge)
                                  0.000000    0.000000   clock network delay (ideal)
                                  2.000000    2.000000 v input external delay
     1    0.003478    0.010207    0.005590    2.005590 v received[0] (in)
                                                         received[0] (net)
                      0.010208    0.000000    2.005590 v input1/A (sky130_fd_sc_hd__clkbuf_2)
     6    0.023814    0.095623    0.144142    2.149732 v input1/X (sky130_fd_sc_hd__clkbuf_2)
                                                         net1 (net)
                      0.095656    0.001664    2.151396 v _03_/A (sky130_fd_sc_hd__xnor2_1)
     4    0.012149    0.299392    0.305455    2.456851 ^ _03_/Y (sky130_fd_sc_hd__xnor2_1)
                                                         net11 (net)
                      0.299392    0.000239    2.457090 ^ output11/A (sky130_fd_sc_hd__buf_2)
     1    0.033974    0.169619    0.271416    2.728506 ^ output11/X (sky130_fd_sc_hd__buf_2)
                                                         bm_10_01[0] (net)
                      0.169621    0.000917    2.729422 ^ bm_10_01[0] (out)
                                              2.729422   data arrival time

                      0.000000   10.000000   10.000000   clock __VIRTUAL_CLK__ (rise edge)
                                  0.000000   10.000000   clock network delay (ideal)
                                 -0.250000    9.750000   clock uncertainty
                                  0.000000    9.750000   clock reconvergence pessimism
                                 -2.000000    7.750000   output external delay
                                              7.750000   data required time
---------------------------------------------------------------------------------------------
                                              7.750000   data required time
                                             -2.729422   data arrival time
---------------------------------------------------------------------------------------------
                                              5.020578   slack (MET)


Startpoint: received[1] (input port clocked by __VIRTUAL_CLK__)
Endpoint: bm_11_11[1] (output port clocked by __VIRTUAL_CLK__)
Path Group: __VIRTUAL_CLK__
Path Type: max

Fanout         Cap        Slew       Delay        Time   Description
---------------------------------------------------------------------------------------------
                      0.000000    0.000000    0.000000   clock __VIRTUAL_CLK__ (rise edge)
                                  0.000000    0.000000   clock network delay (ideal)
                                  2.000000    2.000000 v input external delay
     1    0.003649    0.010602    0.005880    2.005880 v received[1] (in)
                                                         received[1] (net)
                      0.010607    0.000000    2.005880 v input2/A (sky130_fd_sc_hd__clkbuf_2)
     6    0.024063    0.096485    0.145054    2.150934 v input2/X (sky130_fd_sc_hd__clkbuf_2)
                                                         net2 (net)
                      0.096502    0.001281    2.152215 v _05_/A_N (sky130_fd_sc_hd__and2b_1)
     2    0.006135    0.068636    0.226929    2.379144 ^ _05_/X (sky130_fd_sc_hd__and2b_1)
                                                         net12 (net)
                      0.068636    0.000109    2.379253 ^ _15_/A (sky130_fd_sc_hd__clkbuf_1)
     1    0.004793    0.066144    0.103384    2.482637 ^ _15_/X (sky130_fd_sc_hd__clkbuf_1)
                                                         net18 (net)
                      0.066144    0.000198    2.482834 ^ output18/A (sky130_fd_sc_hd__buf_2)
     1    0.035268    0.175031    0.208848    2.691683 ^ output18/X (sky130_fd_sc_hd__buf_2)
                                                         bm_11_11[1] (net)
                      0.175091    0.001161    2.692844 ^ bm_11_11[1] (out)
                                              2.692844   data arrival time

                      0.000000   10.000000   10.000000   clock __VIRTUAL_CLK__ (rise edge)
                                  0.000000   10.000000   clock network delay (ideal)
                                 -0.250000    9.750000   clock uncertainty
                                  0.000000    9.750000   clock reconvergence pessimism
                                 -2.000000    7.750000   output external delay
                                              7.750000   data required time
---------------------------------------------------------------------------------------------
                                              7.750000   data required time
                                             -2.692844   data arrival time
---------------------------------------------------------------------------------------------
                                              5.057156   slack (MET)


Startpoint: received[0] (input port clocked by __VIRTUAL_CLK__)
Endpoint: bm_11_01[1] (output port clocked by __VIRTUAL_CLK__)
Path Group: __VIRTUAL_CLK__
Path Type: max

Fanout         Cap        Slew       Delay        Time   Description
---------------------------------------------------------------------------------------------
                      0.000000    0.000000    0.000000   clock __VIRTUAL_CLK__ (rise edge)
                                  0.000000    0.000000   clock network delay (ideal)
                                  2.000000    2.000000 v input external delay
     1    0.003478    0.010207    0.005590    2.005590 v received[0] (in)
                                                         received[0] (net)
                      0.010208    0.000000    2.005590 v input1/A (sky130_fd_sc_hd__clkbuf_2)
     6    0.023814    0.095623    0.144142    2.149732 v input1/X (sky130_fd_sc_hd__clkbuf_2)
                                                         net1 (net)
                      0.095652    0.001583    2.151315 v _04_/A_N (sky130_fd_sc_hd__and2b_1)
     2    0.005393    0.062593    0.221686    2.373001 ^ _04_/X (sky130_fd_sc_hd__and2b_1)
                                                         net14 (net)
                      0.062593    0.000169    2.373170 ^ _13_/A (sky130_fd_sc_hd__clkbuf_1)
     1    0.003428    0.050953    0.090906    2.464076 ^ _13_/X (sky130_fd_sc_hd__clkbuf_1)
                                                         net16 (net)
                      0.050953    0.000118    2.464194 ^ output16/A (sky130_fd_sc_hd__buf_2)
     1    0.033998    0.168914    0.199196    2.663390 ^ output16/X (sky130_fd_sc_hd__buf_2)
                                                         bm_11_01[1] (net)
                      0.168916    0.000878    2.664268 ^ bm_11_01[1] (out)
                                              2.664268   data arrival time

                      0.000000   10.000000   10.000000   clock __VIRTUAL_CLK__ (rise edge)
                                  0.000000   10.000000   clock network delay (ideal)
                                 -0.250000    9.750000   clock uncertainty
                                  0.000000    9.750000   clock reconvergence pessimism
                                 -2.000000    7.750000   output external delay
                                              7.750000   data required time
---------------------------------------------------------------------------------------------
                                              7.750000   data required time
                                             -2.664268   data arrival time
---------------------------------------------------------------------------------------------
                                              5.085732   slack (MET)


Startpoint: received[1] (input port clocked by __VIRTUAL_CLK__)
Endpoint: bm_01_10[1] (output port clocked by __VIRTUAL_CLK__)
Path Group: __VIRTUAL_CLK__
Path Type: max

Fanout         Cap        Slew       Delay        Time   Description
---------------------------------------------------------------------------------------------
                      0.000000    0.000000    0.000000   clock __VIRTUAL_CLK__ (rise edge)
                                  0.000000    0.000000   clock network delay (ideal)
                                  2.000000    2.000000 ^ input external delay
     1    0.003879    0.024413    0.014111    2.014111 ^ received[1] (in)
                                                         received[1] (net)
                      0.024421    0.000000    2.014111 ^ input2/A (sky130_fd_sc_hd__clkbuf_2)
     6    0.025270    0.141997    0.166283    2.180394 ^ input2/X (sky130_fd_sc_hd__clkbuf_2)
                                                         net2 (net)
                      0.142020    0.001467    2.181861 ^ _00_/B (sky130_fd_sc_hd__and2_1)
     2    0.007567    0.087767    0.174053    2.355914 ^ _00_/X (sky130_fd_sc_hd__and2_1)
                                                         net4 (net)
                      0.087767    0.000120    2.356035 ^ _10_/A (sky130_fd_sc_hd__clkbuf_1)
     1    0.002426    0.040487    0.089381    2.445415 ^ _10_/X (sky130_fd_sc_hd__clkbuf_1)
                                                         net10 (net)
                      0.040487    0.000054    2.445469 ^ output10/A (sky130_fd_sc_hd__buf_2)
     1    0.034157    0.169687    0.195655    2.641124 ^ output10/X (sky130_fd_sc_hd__buf_2)
                                                         bm_01_10[1] (net)
                      0.169743    0.000967    2.642092 ^ bm_01_10[1] (out)
                                              2.642092   data arrival time

                      0.000000   10.000000   10.000000   clock __VIRTUAL_CLK__ (rise edge)
                                  0.000000   10.000000   clock network delay (ideal)
                                 -0.250000    9.750000   clock uncertainty
                                  0.000000    9.750000   clock reconvergence pessimism
                                 -2.000000    7.750000   output external delay
                                              7.750000   data required time
---------------------------------------------------------------------------------------------
                                              7.750000   data required time
                                             -2.642092   data arrival time
---------------------------------------------------------------------------------------------
                                              5.107908   slack (MET)


Startpoint: received[0] (input port clocked by __VIRTUAL_CLK__)
Endpoint: bm_01_00[1] (output port clocked by __VIRTUAL_CLK__)
Path Group: __VIRTUAL_CLK__
Path Type: max

Fanout         Cap        Slew       Delay        Time   Description
---------------------------------------------------------------------------------------------
                      0.000000    0.000000    0.000000   clock __VIRTUAL_CLK__ (rise edge)
                                  0.000000    0.000000   clock network delay (ideal)
                                  2.000000    2.000000 v input external delay
     1    0.003478    0.010207    0.005590    2.005590 v received[0] (in)
                                                         received[0] (net)
                      0.010208    0.000000    2.005590 v input1/A (sky130_fd_sc_hd__clkbuf_2)
     6    0.023814    0.095623    0.144142    2.149732 v input1/X (sky130_fd_sc_hd__clkbuf_2)
                                                         net1 (net)
                      0.095642    0.001314    2.151046 v _01_/A (sky130_fd_sc_hd__nor2_1)
     2    0.006014    0.128570    0.154691    2.305737 ^ _01_/Y (sky130_fd_sc_hd__nor2_1)
                                                         net6 (net)
                      0.128612    0.000173    2.305911 ^ _08_/A (sky130_fd_sc_hd__clkbuf_1)
     1    0.002554    0.042333    0.100438    2.406348 ^ _08_/X (sky130_fd_sc_hd__clkbuf_1)
                                                         net8 (net)
                      0.042333    0.000058    2.406406 ^ output8/A (sky130_fd_sc_hd__buf_2)
     1    0.034154    0.169665    0.196373    2.602780 ^ output8/X (sky130_fd_sc_hd__buf_2)
                                                         bm_01_00[1] (net)
                      0.169720    0.000934    2.603714 ^ bm_01_00[1] (out)
                                              2.603714   data arrival time

                      0.000000   10.000000   10.000000   clock __VIRTUAL_CLK__ (rise edge)
                                  0.000000   10.000000   clock network delay (ideal)
                                 -0.250000    9.750000   clock uncertainty
                                  0.000000    9.750000   clock reconvergence pessimism
                                 -2.000000    7.750000   output external delay
                                              7.750000   data required time
---------------------------------------------------------------------------------------------
                                              7.750000   data required time
                                             -2.603714   data arrival time
---------------------------------------------------------------------------------------------
                                              5.146286   slack (MET)


Startpoint: received[1] (input port clocked by __VIRTUAL_CLK__)
Endpoint: bm_10_01[1] (output port clocked by __VIRTUAL_CLK__)
Path Group: __VIRTUAL_CLK__
Path Type: max

Fanout         Cap        Slew       Delay        Time   Description
---------------------------------------------------------------------------------------------
                      0.000000    0.000000    0.000000   clock __VIRTUAL_CLK__ (rise edge)
                                  0.000000    0.000000   clock network delay (ideal)
                                  2.000000    2.000000 v input external delay
     1    0.003649    0.010602    0.005880    2.005880 v received[1] (in)
                                                         received[1] (net)
                      0.010607    0.000000    2.005880 v input2/A (sky130_fd_sc_hd__clkbuf_2)
     6    0.024063    0.096485    0.145054    2.150934 v input2/X (sky130_fd_sc_hd__clkbuf_2)
                                                         net2 (net)
                      0.096502    0.001281    2.152215 v _05_/A_N (sky130_fd_sc_hd__and2b_1)
     2    0.006135    0.068636    0.226929    2.379144 ^ _05_/X (sky130_fd_sc_hd__and2b_1)
                                                         net12 (net)
                      0.068636    0.000164    2.379307 ^ output12/A (sky130_fd_sc_hd__buf_2)
     1    0.034421    0.171045    0.207149    2.586457 ^ output12/X (sky130_fd_sc_hd__buf_2)
                                                         bm_10_01[1] (net)
                      0.171047    0.000878    2.587334 ^ bm_10_01[1] (out)
                                              2.587334   data arrival time

                      0.000000   10.000000   10.000000   clock __VIRTUAL_CLK__ (rise edge)
                                  0.000000   10.000000   clock network delay (ideal)
                                 -0.250000    9.750000   clock uncertainty
                                  0.000000    9.750000   clock reconvergence pessimism
                                 -2.000000    7.750000   output external delay
                                              7.750000   data required time
---------------------------------------------------------------------------------------------
                                              7.750000   data required time
                                             -2.587334   data arrival time
---------------------------------------------------------------------------------------------
                                              5.162665   slack (MET)


Startpoint: received[0] (input port clocked by __VIRTUAL_CLK__)
Endpoint: bm_10_11[1] (output port clocked by __VIRTUAL_CLK__)
Path Group: __VIRTUAL_CLK__
Path Type: max

Fanout         Cap        Slew       Delay        Time   Description
---------------------------------------------------------------------------------------------
                      0.000000    0.000000    0.000000   clock __VIRTUAL_CLK__ (rise edge)
                                  0.000000    0.000000   clock network delay (ideal)
                                  2.000000    2.000000 v input external delay
     1    0.003478    0.010207    0.005590    2.005590 v received[0] (in)
                                                         received[0] (net)
                      0.010208    0.000000    2.005590 v input1/A (sky130_fd_sc_hd__clkbuf_2)
     6    0.023814    0.095623    0.144142    2.149732 v input1/X (sky130_fd_sc_hd__clkbuf_2)
                                                         net1 (net)
                      0.095652    0.001583    2.151315 v _04_/A_N (sky130_fd_sc_hd__and2b_1)
     2    0.005393    0.062593    0.221686    2.373001 ^ _04_/X (sky130_fd_sc_hd__and2b_1)
                                                         net14 (net)
                      0.062593    0.000161    2.373162 ^ output14/A (sky130_fd_sc_hd__buf_2)
     1    0.034001    0.169056    0.203501    2.576663 ^ output14/X (sky130_fd_sc_hd__buf_2)
                                                         bm_10_11[1] (net)
                      0.169059    0.000911    2.577574 ^ bm_10_11[1] (out)
                                              2.577574   data arrival time

                      0.000000   10.000000   10.000000   clock __VIRTUAL_CLK__ (rise edge)
                                  0.000000   10.000000   clock network delay (ideal)
                                 -0.250000    9.750000   clock uncertainty
                                  0.000000    9.750000   clock reconvergence pessimism
                                 -2.000000    7.750000   output external delay
                                              7.750000   data required time
---------------------------------------------------------------------------------------------
                                              7.750000   data required time
                                             -2.577574   data arrival time
---------------------------------------------------------------------------------------------
                                              5.172426   slack (MET)


Startpoint: received[1] (input port clocked by __VIRTUAL_CLK__)
Endpoint: bm_00_00[1] (output port clocked by __VIRTUAL_CLK__)
Path Group: __VIRTUAL_CLK__
Path Type: max

Fanout         Cap        Slew       Delay        Time   Description
---------------------------------------------------------------------------------------------
                      0.000000    0.000000    0.000000   clock __VIRTUAL_CLK__ (rise edge)
                                  0.000000    0.000000   clock network delay (ideal)
                                  2.000000    2.000000 ^ input external delay
     1    0.003879    0.024413    0.014111    2.014111 ^ received[1] (in)
                                                         received[1] (net)
                      0.024421    0.000000    2.014111 ^ input2/A (sky130_fd_sc_hd__clkbuf_2)
     6    0.025270    0.141997    0.166283    2.180394 ^ input2/X (sky130_fd_sc_hd__clkbuf_2)
                                                         net2 (net)
                      0.142020    0.001467    2.181861 ^ _00_/B (sky130_fd_sc_hd__and2_1)
     2    0.007567    0.087767    0.174053    2.355914 ^ _00_/X (sky130_fd_sc_hd__and2_1)
                                                         net4 (net)
                      0.087767    0.000258    2.356172 ^ output4/A (sky130_fd_sc_hd__buf_2)
     1    0.034075    0.169555    0.212996    2.569168 ^ output4/X (sky130_fd_sc_hd__buf_2)
                                                         bm_00_00[1] (net)
                      0.169558    0.000957    2.570125 ^ bm_00_00[1] (out)
                                              2.570125   data arrival time

                      0.000000   10.000000   10.000000   clock __VIRTUAL_CLK__ (rise edge)
                                  0.000000   10.000000   clock network delay (ideal)
                                 -0.250000    9.750000   clock uncertainty
                                  0.000000    9.750000   clock reconvergence pessimism
                                 -2.000000    7.750000   output external delay
                                              7.750000   data required time
---------------------------------------------------------------------------------------------
                                              7.750000   data required time
                                             -2.570125   data arrival time
---------------------------------------------------------------------------------------------
                                              5.179875   slack (MET)


Startpoint: received[0] (input port clocked by __VIRTUAL_CLK__)
Endpoint: bm_00_10[1] (output port clocked by __VIRTUAL_CLK__)
Path Group: __VIRTUAL_CLK__
Path Type: max

Fanout         Cap        Slew       Delay        Time   Description
---------------------------------------------------------------------------------------------
                      0.000000    0.000000    0.000000   clock __VIRTUAL_CLK__ (rise edge)
                                  0.000000    0.000000   clock network delay (ideal)
                                  2.000000    2.000000 v input external delay
     1    0.003478    0.010207    0.005590    2.005590 v received[0] (in)
                                                         received[0] (net)
                      0.010208    0.000000    2.005590 v input1/A (sky130_fd_sc_hd__clkbuf_2)
     6    0.023814    0.095623    0.144142    2.149732 v input1/X (sky130_fd_sc_hd__clkbuf_2)
                                                         net1 (net)
                      0.095642    0.001314    2.151046 v _01_/A (sky130_fd_sc_hd__nor2_1)
     2    0.006014    0.128570    0.154691    2.305737 ^ _01_/Y (sky130_fd_sc_hd__nor2_1)
                                                         net6 (net)
                      0.128612    0.000174    2.305911 ^ output6/A (sky130_fd_sc_hd__buf_2)
     1    0.034107    0.169906    0.227564    2.533475 ^ output6/X (sky130_fd_sc_hd__buf_2)
                                                         bm_00_10[1] (net)
                      0.169908    0.000936    2.534412 ^ bm_00_10[1] (out)
                                              2.534412   data arrival time

                      0.000000   10.000000   10.000000   clock __VIRTUAL_CLK__ (rise edge)
                                  0.000000   10.000000   clock network delay (ideal)
                                 -0.250000    9.750000   clock uncertainty
                                  0.000000    9.750000   clock reconvergence pessimism
                                 -2.000000    7.750000   output external delay
                                              7.750000   data required time
---------------------------------------------------------------------------------------------
                                              7.750000   data required time
                                             -2.534412   data arrival time
---------------------------------------------------------------------------------------------
                                              5.215588   slack (MET)



