Reading OpenROAD database at '/home/edabk/Desktop/Tu67/MARCO_ultra/Branch_Metrics/runs/Branch_Metrics_run/41-openroad-repairantennas/1-diodeinsertion/Branch_Metrics.odb'…
Reading library file at '/home/edabk/.volare/volare/sky130/versions/0fe599b2afb6708d281543108caf8310912f54af/sky130A/libs.ref/sky130_fd_sc_hd/lib/sky130_fd_sc_hd__tt_025C_1v80.lib'…
Reading design constraints file at '/nix/store/h0ldzjka94yryiq8yxbxmwargpnmwhx6-python3-3.11.9-env/lib/python3.11/site-packages/openlane/scripts/base.sdc'…
[WARNING STA-0366] port '__VIRTUAL_CLK__' not found.
[INFO] Using clock __VIRTUAL_CLK__…
[INFO] Setting output delay to: 2
[INFO] Setting input delay to: 2
[WARNING STA-0366] port '__VIRTUAL_CLK__' not found.
[INFO] Setting load to: 0.033442
[INFO] Setting clock uncertainty to: 0.25
[INFO] Setting clock transition to: 0.1499999999999999944488848768742172978818416595458984375
[WARNING STA-0419] transition time can not be specified for virtual clocks.
[INFO] Setting timing derate to: 5%
[WARNING STA-0450] virtual clock __VIRTUAL_CLK__ can not be propagated.
[INFO] Setting RC values…
%OL_CREATE_REPORT min.rpt

===========================================================================
report_checks -path_delay min (Hold)
============================================================================
======================= nom_tt_025C_1v80 Corner ===================================

Startpoint: received[1] (input port clocked by __VIRTUAL_CLK__)
Endpoint: bm_00_10[1] (output port clocked by __VIRTUAL_CLK__)
Path Group: __VIRTUAL_CLK__
Path Type: min

Fanout         Cap        Slew       Delay        Time   Description
---------------------------------------------------------------------------------------------
                      0.000000    0.000000    0.000000   clock __VIRTUAL_CLK__ (rise edge)
                                  0.000000    0.000000   clock network delay (ideal)
                                  2.000000    2.000000 ^ input external delay
     1    0.003879    0.024413    0.014111    2.014111 ^ received[1] (in)
                                                         received[1] (net)
                      0.024421    0.000000    2.014111 ^ input2/A (sky130_fd_sc_hd__clkbuf_2)
     6    0.025270    0.141997    0.166283    2.180394 ^ input2/X (sky130_fd_sc_hd__clkbuf_2)
                                                         net2 (net)
                      0.142022    0.001554    2.181947 ^ _01_/B (sky130_fd_sc_hd__nor2_1)
     2    0.005678    0.050523    0.072535    2.254483 v _01_/Y (sky130_fd_sc_hd__nor2_1)
                                                         net6 (net)
                      0.050523    0.000163    2.254646 v output6/A (sky130_fd_sc_hd__buf_2)
     1    0.034107    0.089253    0.181956    2.436601 v output6/X (sky130_fd_sc_hd__buf_2)
                                                         bm_00_10[1] (net)
                      0.089262    0.000936    2.437537 v bm_00_10[1] (out)
                                              2.437537   data arrival time

                      0.000000    0.000000    0.000000   clock __VIRTUAL_CLK__ (rise edge)
                                  0.000000    0.000000   clock network delay (ideal)
                                  0.250000    0.250000   clock uncertainty
                                  0.000000    0.250000   clock reconvergence pessimism
                                 -2.000000   -1.750000   output external delay
                                             -1.750000   data required time
---------------------------------------------------------------------------------------------
                                             -1.750000   data required time
                                             -2.437537   data arrival time
---------------------------------------------------------------------------------------------
                                              4.187537   slack (MET)


Startpoint: received[0] (input port clocked by __VIRTUAL_CLK__)
Endpoint: bm_00_00[0] (output port clocked by __VIRTUAL_CLK__)
Path Group: __VIRTUAL_CLK__
Path Type: min

Fanout         Cap        Slew       Delay        Time   Description
---------------------------------------------------------------------------------------------
                      0.000000    0.000000    0.000000   clock __VIRTUAL_CLK__ (rise edge)
                                  0.000000    0.000000   clock network delay (ideal)
                                  2.000000    2.000000 ^ input external delay
     1    0.003708    0.023671    0.013512    2.013512 ^ received[0] (in)
                                                         received[0] (net)
                      0.023679    0.000000    2.013512 ^ input1/A (sky130_fd_sc_hd__clkbuf_2)
     6    0.024997    0.140586    0.164979    2.178491 ^ input1/X (sky130_fd_sc_hd__clkbuf_2)
                                                         net1 (net)
                      0.140604    0.001316    2.179807 ^ _02_/A (sky130_fd_sc_hd__xor2_1)
     4    0.011571    0.070741    0.130403    2.310210 v _02_/X (sky130_fd_sc_hd__xor2_1)
                                                         net3 (net)
                      0.070741    0.000348    2.310558 v output3/A (sky130_fd_sc_hd__buf_2)
     1    0.034405    0.089864    0.191699    2.502257 v output3/X (sky130_fd_sc_hd__buf_2)
                                                         bm_00_00[0] (net)
                      0.089872    0.000869    2.503126 v bm_00_00[0] (out)
                                              2.503126   data arrival time

                      0.000000    0.000000    0.000000   clock __VIRTUAL_CLK__ (rise edge)
                                  0.000000    0.000000   clock network delay (ideal)
                                  0.250000    0.250000   clock uncertainty
                                  0.000000    0.250000   clock reconvergence pessimism
                                 -2.000000   -1.750000   output external delay
                                             -1.750000   data required time
---------------------------------------------------------------------------------------------
                                             -1.750000   data required time
                                             -2.503126   data arrival time
---------------------------------------------------------------------------------------------
                                              4.253126   slack (MET)


Startpoint: received[0] (input port clocked by __VIRTUAL_CLK__)
Endpoint: bm_00_00[1] (output port clocked by __VIRTUAL_CLK__)
Path Group: __VIRTUAL_CLK__
Path Type: min

Fanout         Cap        Slew       Delay        Time   Description
---------------------------------------------------------------------------------------------
                      0.000000    0.000000    0.000000   clock __VIRTUAL_CLK__ (rise edge)
                                  0.000000    0.000000   clock network delay (ideal)
                                  2.000000    2.000000 v input external delay
     1    0.003478    0.010207    0.005590    2.005590 v received[0] (in)
                                                         received[0] (net)
                      0.010208    0.000000    2.005590 v input1/A (sky130_fd_sc_hd__clkbuf_2)
     6    0.023814    0.095623    0.144142    2.149732 v input1/X (sky130_fd_sc_hd__clkbuf_2)
                                                         net1 (net)
                      0.095647    0.001458    2.151190 v _00_/A (sky130_fd_sc_hd__and2_1)
     2    0.007231    0.052183    0.174906    2.326097 v _00_/X (sky130_fd_sc_hd__and2_1)
                                                         net4 (net)
                      0.052183    0.000245    2.326341 v output4/A (sky130_fd_sc_hd__buf_2)
     1    0.034075    0.089181    0.182597    2.508939 v output4/X (sky130_fd_sc_hd__buf_2)
                                                         bm_00_00[1] (net)
                      0.089191    0.000956    2.509894 v bm_00_00[1] (out)
                                              2.509894   data arrival time

                      0.000000    0.000000    0.000000   clock __VIRTUAL_CLK__ (rise edge)
                                  0.000000    0.000000   clock network delay (ideal)
                                  0.250000    0.250000   clock uncertainty
                                  0.000000    0.250000   clock reconvergence pessimism
                                 -2.000000   -1.750000   output external delay
                                             -1.750000   data required time
---------------------------------------------------------------------------------------------
                                             -1.750000   data required time
                                             -2.509894   data arrival time
---------------------------------------------------------------------------------------------
                                              4.259894   slack (MET)


Startpoint: received[1] (input port clocked by __VIRTUAL_CLK__)
Endpoint: bm_01_00[1] (output port clocked by __VIRTUAL_CLK__)
Path Group: __VIRTUAL_CLK__
Path Type: min

Fanout         Cap        Slew       Delay        Time   Description
---------------------------------------------------------------------------------------------
                      0.000000    0.000000    0.000000   clock __VIRTUAL_CLK__ (rise edge)
                                  0.000000    0.000000   clock network delay (ideal)
                                  2.000000    2.000000 ^ input external delay
     1    0.003879    0.024413    0.014111    2.014111 ^ received[1] (in)
                                                         received[1] (net)
                      0.024421    0.000000    2.014111 ^ input2/A (sky130_fd_sc_hd__clkbuf_2)
     6    0.025270    0.141997    0.166283    2.180394 ^ input2/X (sky130_fd_sc_hd__clkbuf_2)
                                                         net2 (net)
                      0.142022    0.001554    2.181947 ^ _01_/B (sky130_fd_sc_hd__nor2_1)
     2    0.005678    0.050523    0.072535    2.254483 v _01_/Y (sky130_fd_sc_hd__nor2_1)
                                                         net6 (net)
                      0.050523    0.000163    2.254645 v _08_/A (sky130_fd_sc_hd__clkbuf_1)
     1    0.002394    0.024482    0.087571    2.342216 v _08_/X (sky130_fd_sc_hd__clkbuf_1)
                                                         net8 (net)
                      0.024482    0.000054    2.342270 v output8/A (sky130_fd_sc_hd__buf_2)
     1    0.034154    0.089538    0.170824    2.513094 v output8/X (sky130_fd_sc_hd__buf_2)
                                                         bm_01_00[1] (net)
                      0.089548    0.000933    2.514027 v bm_01_00[1] (out)
                                              2.514027   data arrival time

                      0.000000    0.000000    0.000000   clock __VIRTUAL_CLK__ (rise edge)
                                  0.000000    0.000000   clock network delay (ideal)
                                  0.250000    0.250000   clock uncertainty
                                  0.000000    0.250000   clock reconvergence pessimism
                                 -2.000000   -1.750000   output external delay
                                             -1.750000   data required time
---------------------------------------------------------------------------------------------
                                             -1.750000   data required time
                                             -2.514027   data arrival time
---------------------------------------------------------------------------------------------
                                              4.264028   slack (MET)


Startpoint: received[1] (input port clocked by __VIRTUAL_CLK__)
Endpoint: bm_10_01[0] (output port clocked by __VIRTUAL_CLK__)
Path Group: __VIRTUAL_CLK__
Path Type: min

Fanout         Cap        Slew       Delay        Time   Description
---------------------------------------------------------------------------------------------
                      0.000000    0.000000    0.000000   clock __VIRTUAL_CLK__ (rise edge)
                                  0.000000    0.000000   clock network delay (ideal)
                                  2.000000    2.000000 ^ input external delay
     1    0.003879    0.024413    0.014111    2.014111 ^ received[1] (in)
                                                         received[1] (net)
                      0.024421    0.000000    2.014111 ^ input2/A (sky130_fd_sc_hd__clkbuf_2)
     6    0.025270    0.141997    0.166283    2.180394 ^ input2/X (sky130_fd_sc_hd__clkbuf_2)
                                                         net2 (net)
                      0.142018    0.001423    2.181816 ^ _03_/B (sky130_fd_sc_hd__xnor2_1)
     4    0.011461    0.094373    0.130817    2.312633 v _03_/Y (sky130_fd_sc_hd__xnor2_1)
                                                         net11 (net)
                      0.094373    0.000224    2.312858 v output11/A (sky130_fd_sc_hd__buf_2)
     1    0.033974    0.088984    0.201606    2.514464 v output11/X (sky130_fd_sc_hd__buf_2)
                                                         bm_10_01[0] (net)
                      0.088993    0.000916    2.515379 v bm_10_01[0] (out)
                                              2.515379   data arrival time

                      0.000000    0.000000    0.000000   clock __VIRTUAL_CLK__ (rise edge)
                                  0.000000    0.000000   clock network delay (ideal)
                                  0.250000    0.250000   clock uncertainty
                                  0.000000    0.250000   clock reconvergence pessimism
                                 -2.000000   -1.750000   output external delay
                                             -1.750000   data required time
---------------------------------------------------------------------------------------------
                                             -1.750000   data required time
                                             -2.515379   data arrival time
---------------------------------------------------------------------------------------------
                                              4.265379   slack (MET)


Startpoint: received[1] (input port clocked by __VIRTUAL_CLK__)
Endpoint: bm_10_11[1] (output port clocked by __VIRTUAL_CLK__)
Path Group: __VIRTUAL_CLK__
Path Type: min

Fanout         Cap        Slew       Delay        Time   Description
---------------------------------------------------------------------------------------------
                      0.000000    0.000000    0.000000   clock __VIRTUAL_CLK__ (rise edge)
                                  0.000000    0.000000   clock network delay (ideal)
                                  2.000000    2.000000 v input external delay
     1    0.003649    0.010602    0.005880    2.005880 v received[1] (in)
                                                         received[1] (net)
                      0.010607    0.000000    2.005880 v input2/A (sky130_fd_sc_hd__clkbuf_2)
     6    0.024063    0.096485    0.145054    2.150934 v input2/X (sky130_fd_sc_hd__clkbuf_2)
                                                         net2 (net)
                      0.096498    0.001146    2.152080 v _04_/B (sky130_fd_sc_hd__and2b_1)
     2    0.005057    0.042666    0.185000    2.337080 v _04_/X (sky130_fd_sc_hd__and2b_1)
                                                         net14 (net)
                      0.042666    0.000149    2.337229 v output14/A (sky130_fd_sc_hd__buf_2)
     1    0.034001    0.089071    0.178392    2.515620 v output14/X (sky130_fd_sc_hd__buf_2)
                                                         bm_10_11[1] (net)
                      0.089080    0.000911    2.516531 v bm_10_11[1] (out)
                                              2.516531   data arrival time

                      0.000000    0.000000    0.000000   clock __VIRTUAL_CLK__ (rise edge)
                                  0.000000    0.000000   clock network delay (ideal)
                                  0.250000    0.250000   clock uncertainty
                                  0.000000    0.250000   clock reconvergence pessimism
                                 -2.000000   -1.750000   output external delay
                                             -1.750000   data required time
---------------------------------------------------------------------------------------------
                                             -1.750000   data required time
                                             -2.516531   data arrival time
---------------------------------------------------------------------------------------------
                                              4.266531   slack (MET)


Startpoint: received[0] (input port clocked by __VIRTUAL_CLK__)
Endpoint: bm_10_01[1] (output port clocked by __VIRTUAL_CLK__)
Path Group: __VIRTUAL_CLK__
Path Type: min

Fanout         Cap        Slew       Delay        Time   Description
---------------------------------------------------------------------------------------------
                      0.000000    0.000000    0.000000   clock __VIRTUAL_CLK__ (rise edge)
                                  0.000000    0.000000   clock network delay (ideal)
                                  2.000000    2.000000 v input external delay
     1    0.003478    0.010207    0.005590    2.005590 v received[0] (in)
                                                         received[0] (net)
                      0.010208    0.000000    2.005590 v input1/A (sky130_fd_sc_hd__clkbuf_2)
     6    0.023814    0.095623    0.144142    2.149732 v input1/X (sky130_fd_sc_hd__clkbuf_2)
                                                         net1 (net)
                      0.095653    0.001607    2.151339 v _05_/B (sky130_fd_sc_hd__and2b_1)
     2    0.005799    0.045849    0.188063    2.339402 v _05_/X (sky130_fd_sc_hd__and2b_1)
                                                         net12 (net)
                      0.045849    0.000154    2.339556 v output12/A (sky130_fd_sc_hd__buf_2)
     1    0.034421    0.089936    0.180574    2.520130 v output12/X (sky130_fd_sc_hd__buf_2)
                                                         bm_10_01[1] (net)
                      0.089945    0.000878    2.521008 v bm_10_01[1] (out)
                                              2.521008   data arrival time

                      0.000000    0.000000    0.000000   clock __VIRTUAL_CLK__ (rise edge)
                                  0.000000    0.000000   clock network delay (ideal)
                                  0.250000    0.250000   clock uncertainty
                                  0.000000    0.250000   clock reconvergence pessimism
                                 -2.000000   -1.750000   output external delay
                                             -1.750000   data required time
---------------------------------------------------------------------------------------------
                                             -1.750000   data required time
                                             -2.521008   data arrival time
---------------------------------------------------------------------------------------------
                                              4.271008   slack (MET)


Startpoint: received[0] (input port clocked by __VIRTUAL_CLK__)
Endpoint: bm_00_10[0] (output port clocked by __VIRTUAL_CLK__)
Path Group: __VIRTUAL_CLK__
Path Type: min

Fanout         Cap        Slew       Delay        Time   Description
---------------------------------------------------------------------------------------------
                      0.000000    0.000000    0.000000   clock __VIRTUAL_CLK__ (rise edge)
                                  0.000000    0.000000   clock network delay (ideal)
                                  2.000000    2.000000 ^ input external delay
     1    0.003708    0.023671    0.013512    2.013512 ^ received[0] (in)
                                                         received[0] (net)
                      0.023679    0.000000    2.013512 ^ input1/A (sky130_fd_sc_hd__clkbuf_2)
     6    0.024997    0.140586    0.164979    2.178491 ^ input1/X (sky130_fd_sc_hd__clkbuf_2)
                                                         net1 (net)
                      0.140604    0.001316    2.179807 ^ _02_/A (sky130_fd_sc_hd__xor2_1)
     4    0.011571    0.070741    0.130403    2.310210 v _02_/X (sky130_fd_sc_hd__xor2_1)
                                                         net3 (net)
                      0.070741    0.000344    2.310554 v _06_/A (sky130_fd_sc_hd__clkbuf_1)
     1    0.002090    0.023124    0.094772    2.405326 v _06_/X (sky130_fd_sc_hd__clkbuf_1)
                                                         net5 (net)
                      0.023124    0.000043    2.405369 v output5/A (sky130_fd_sc_hd__buf_2)
     1    0.033924    0.089034    0.169847    2.575216 v output5/X (sky130_fd_sc_hd__buf_2)
                                                         bm_00_10[0] (net)
                      0.089043    0.000885    2.576101 v bm_00_10[0] (out)
                                              2.576101   data arrival time

                      0.000000    0.000000    0.000000   clock __VIRTUAL_CLK__ (rise edge)
                                  0.000000    0.000000   clock network delay (ideal)
                                  0.250000    0.250000   clock uncertainty
                                  0.000000    0.250000   clock reconvergence pessimism
                                 -2.000000   -1.750000   output external delay
                                             -1.750000   data required time
---------------------------------------------------------------------------------------------
                                             -1.750000   data required time
                                             -2.576101   data arrival time
---------------------------------------------------------------------------------------------
                                              4.326101   slack (MET)


Startpoint: received[0] (input port clocked by __VIRTUAL_CLK__)
Endpoint: bm_01_00[0] (output port clocked by __VIRTUAL_CLK__)
Path Group: __VIRTUAL_CLK__
Path Type: min

Fanout         Cap        Slew       Delay        Time   Description
---------------------------------------------------------------------------------------------
                      0.000000    0.000000    0.000000   clock __VIRTUAL_CLK__ (rise edge)
                                  0.000000    0.000000   clock network delay (ideal)
                                  2.000000    2.000000 ^ input external delay
     1    0.003708    0.023671    0.013512    2.013512 ^ received[0] (in)
                                                         received[0] (net)
                      0.023679    0.000000    2.013512 ^ input1/A (sky130_fd_sc_hd__clkbuf_2)
     6    0.024997    0.140586    0.164979    2.178491 ^ input1/X (sky130_fd_sc_hd__clkbuf_2)
                                                         net1 (net)
                      0.140604    0.001316    2.179807 ^ _02_/A (sky130_fd_sc_hd__xor2_1)
     4    0.011571    0.070741    0.130403    2.310210 v _02_/X (sky130_fd_sc_hd__xor2_1)
                                                         net3 (net)
                      0.070741    0.000281    2.310492 v _07_/A (sky130_fd_sc_hd__clkbuf_1)
     1    0.002567    0.025570    0.097417    2.407909 v _07_/X (sky130_fd_sc_hd__clkbuf_1)
                                                         net7 (net)
                      0.025570    0.000059    2.407968 v output7/A (sky130_fd_sc_hd__buf_2)
     1    0.034290    0.089844    0.171507    2.579475 v output7/X (sky130_fd_sc_hd__buf_2)
                                                         bm_01_00[0] (net)
                      0.089855    0.000986    2.580462 v bm_01_00[0] (out)
                                              2.580462   data arrival time

                      0.000000    0.000000    0.000000   clock __VIRTUAL_CLK__ (rise edge)
                                  0.000000    0.000000   clock network delay (ideal)
                                  0.250000    0.250000   clock uncertainty
                                  0.000000    0.250000   clock reconvergence pessimism
                                 -2.000000   -1.750000   output external delay
                                             -1.750000   data required time
---------------------------------------------------------------------------------------------
                                             -1.750000   data required time
                                             -2.580462   data arrival time
---------------------------------------------------------------------------------------------
                                              4.330462   slack (MET)


Startpoint: received[0] (input port clocked by __VIRTUAL_CLK__)
Endpoint: bm_01_10[1] (output port clocked by __VIRTUAL_CLK__)
Path Group: __VIRTUAL_CLK__
Path Type: min

Fanout         Cap        Slew       Delay        Time   Description
---------------------------------------------------------------------------------------------
                      0.000000    0.000000    0.000000   clock __VIRTUAL_CLK__ (rise edge)
                                  0.000000    0.000000   clock network delay (ideal)
                                  2.000000    2.000000 v input external delay
     1    0.003478    0.010207    0.005590    2.005590 v received[0] (in)
                                                         received[0] (net)
                      0.010208    0.000000    2.005590 v input1/A (sky130_fd_sc_hd__clkbuf_2)
     6    0.023814    0.095623    0.144142    2.149732 v input1/X (sky130_fd_sc_hd__clkbuf_2)
                                                         net1 (net)
                      0.095647    0.001458    2.151190 v _00_/A (sky130_fd_sc_hd__and2_1)
     2    0.007231    0.052183    0.174906    2.326097 v _00_/X (sky130_fd_sc_hd__and2_1)
                                                         net4 (net)
                      0.052183    0.000114    2.326210 v _10_/A (sky130_fd_sc_hd__clkbuf_1)
     1    0.002266    0.023822    0.087599    2.413810 v _10_/X (sky130_fd_sc_hd__clkbuf_1)
                                                         net10 (net)
                      0.023822    0.000050    2.413860 v output10/A (sky130_fd_sc_hd__buf_2)
     1    0.034157    0.089563    0.170521    2.584381 v output10/X (sky130_fd_sc_hd__buf_2)
                                                         bm_01_10[1] (net)
                      0.089573    0.000967    2.585348 v bm_01_10[1] (out)
                                              2.585348   data arrival time

                      0.000000    0.000000    0.000000   clock __VIRTUAL_CLK__ (rise edge)
                                  0.000000    0.000000   clock network delay (ideal)
                                  0.250000    0.250000   clock uncertainty
                                  0.000000    0.250000   clock reconvergence pessimism
                                 -2.000000   -1.750000   output external delay
                                             -1.750000   data required time
---------------------------------------------------------------------------------------------
                                             -1.750000   data required time
                                             -2.585348   data arrival time
---------------------------------------------------------------------------------------------
                                              4.335347   slack (MET)


Startpoint: received[0] (input port clocked by __VIRTUAL_CLK__)
Endpoint: bm_01_10[0] (output port clocked by __VIRTUAL_CLK__)
Path Group: __VIRTUAL_CLK__
Path Type: min

Fanout         Cap        Slew       Delay        Time   Description
---------------------------------------------------------------------------------------------
                      0.000000    0.000000    0.000000   clock __VIRTUAL_CLK__ (rise edge)
                                  0.000000    0.000000   clock network delay (ideal)
                                  2.000000    2.000000 ^ input external delay
     1    0.003708    0.023671    0.013512    2.013512 ^ received[0] (in)
                                                         received[0] (net)
                      0.023679    0.000000    2.013512 ^ input1/A (sky130_fd_sc_hd__clkbuf_2)
     6    0.024997    0.140586    0.164979    2.178491 ^ input1/X (sky130_fd_sc_hd__clkbuf_2)
                                                         net1 (net)
                      0.140604    0.001316    2.179807 ^ _02_/A (sky130_fd_sc_hd__xor2_1)
     4    0.011571    0.070741    0.130403    2.310210 v _02_/X (sky130_fd_sc_hd__xor2_1)
                                                         net3 (net)
                      0.070741    0.000167    2.310377 v _09_/A (sky130_fd_sc_hd__clkbuf_1)
     1    0.003492    0.030290    0.102250    2.412627 v _09_/X (sky130_fd_sc_hd__clkbuf_1)
                                                         net9 (net)
                      0.030290    0.000127    2.412754 v output9/A (sky130_fd_sc_hd__buf_2)
     1    0.035392    0.092261    0.175447    2.588201 v output9/X (sky130_fd_sc_hd__buf_2)
                                                         bm_01_10[0] (net)
                      0.092277    0.001184    2.589386 v bm_01_10[0] (out)
                                              2.589386   data arrival time

                      0.000000    0.000000    0.000000   clock __VIRTUAL_CLK__ (rise edge)
                                  0.000000    0.000000   clock network delay (ideal)
                                  0.250000    0.250000   clock uncertainty
                                  0.000000    0.250000   clock reconvergence pessimism
                                 -2.000000   -1.750000   output external delay
                                             -1.750000   data required time
---------------------------------------------------------------------------------------------
                                             -1.750000   data required time
                                             -2.589386   data arrival time
---------------------------------------------------------------------------------------------
                                              4.339386   slack (MET)


Startpoint: received[1] (input port clocked by __VIRTUAL_CLK__)
Endpoint: bm_11_01[0] (output port clocked by __VIRTUAL_CLK__)
Path Group: __VIRTUAL_CLK__
Path Type: min

Fanout         Cap        Slew       Delay        Time   Description
---------------------------------------------------------------------------------------------
                      0.000000    0.000000    0.000000   clock __VIRTUAL_CLK__ (rise edge)
                                  0.000000    0.000000   clock network delay (ideal)
                                  2.000000    2.000000 ^ input external delay
     1    0.003879    0.024413    0.014111    2.014111 ^ received[1] (in)
                                                         received[1] (net)
                      0.024421    0.000000    2.014111 ^ input2/A (sky130_fd_sc_hd__clkbuf_2)
     6    0.025270    0.141997    0.166283    2.180394 ^ input2/X (sky130_fd_sc_hd__clkbuf_2)
                                                         net2 (net)
                      0.142018    0.001423    2.181816 ^ _03_/B (sky130_fd_sc_hd__xnor2_1)
     4    0.011461    0.094373    0.130817    2.312633 v _03_/Y (sky130_fd_sc_hd__xnor2_1)
                                                         net11 (net)
                      0.094373    0.000308    2.312942 v _12_/A (sky130_fd_sc_hd__clkbuf_1)
     1    0.002916    0.027596    0.109737    2.422679 v _12_/X (sky130_fd_sc_hd__clkbuf_1)
                                                         net15 (net)
                      0.027596    0.000094    2.422773 v output15/A (sky130_fd_sc_hd__buf_2)
     1    0.034184    0.089592    0.172201    2.594975 v output15/X (sky130_fd_sc_hd__buf_2)
                                                         bm_11_01[0] (net)
                      0.089602    0.000961    2.595936 v bm_11_01[0] (out)
                                              2.595936   data arrival time

                      0.000000    0.000000    0.000000   clock __VIRTUAL_CLK__ (rise edge)
                                  0.000000    0.000000   clock network delay (ideal)
                                  0.250000    0.250000   clock uncertainty
                                  0.000000    0.250000   clock reconvergence pessimism
                                 -2.000000   -1.750000   output external delay
                                             -1.750000   data required time
---------------------------------------------------------------------------------------------
                                             -1.750000   data required time
                                             -2.595936   data arrival time
---------------------------------------------------------------------------------------------
                                              4.345936   slack (MET)


Startpoint: received[1] (input port clocked by __VIRTUAL_CLK__)
Endpoint: bm_10_11[0] (output port clocked by __VIRTUAL_CLK__)
Path Group: __VIRTUAL_CLK__
Path Type: min

Fanout         Cap        Slew       Delay        Time   Description
---------------------------------------------------------------------------------------------
                      0.000000    0.000000    0.000000   clock __VIRTUAL_CLK__ (rise edge)
                                  0.000000    0.000000   clock network delay (ideal)
                                  2.000000    2.000000 ^ input external delay
     1    0.003879    0.024413    0.014111    2.014111 ^ received[1] (in)
                                                         received[1] (net)
                      0.024421    0.000000    2.014111 ^ input2/A (sky130_fd_sc_hd__clkbuf_2)
     6    0.025270    0.141997    0.166283    2.180394 ^ input2/X (sky130_fd_sc_hd__clkbuf_2)
                                                         net2 (net)
                      0.142018    0.001423    2.181816 ^ _03_/B (sky130_fd_sc_hd__xnor2_1)
     4    0.011461    0.094373    0.130817    2.312633 v _03_/Y (sky130_fd_sc_hd__xnor2_1)
                                                         net11 (net)
                      0.094373    0.000272    2.312905 v _11_/A (sky130_fd_sc_hd__clkbuf_1)
     1    0.002920    0.027623    0.109766    2.422671 v _11_/X (sky130_fd_sc_hd__clkbuf_1)
                                                         net13 (net)
                      0.027623    0.000073    2.422744 v output13/A (sky130_fd_sc_hd__buf_2)
     1    0.034542    0.090256    0.173076    2.595820 v output13/X (sky130_fd_sc_hd__buf_2)
                                                         bm_10_11[0] (net)
                      0.090261    0.000715    2.596535 v bm_10_11[0] (out)
                                              2.596535   data arrival time

                      0.000000    0.000000    0.000000   clock __VIRTUAL_CLK__ (rise edge)
                                  0.000000    0.000000   clock network delay (ideal)
                                  0.250000    0.250000   clock uncertainty
                                  0.000000    0.250000   clock reconvergence pessimism
                                 -2.000000   -1.750000   output external delay
                                             -1.750000   data required time
---------------------------------------------------------------------------------------------
                                             -1.750000   data required time
                                             -2.596535   data arrival time
---------------------------------------------------------------------------------------------
                                              4.346535   slack (MET)


Startpoint: received[1] (input port clocked by __VIRTUAL_CLK__)
Endpoint: bm_11_01[1] (output port clocked by __VIRTUAL_CLK__)
Path Group: __VIRTUAL_CLK__
Path Type: min

Fanout         Cap        Slew       Delay        Time   Description
---------------------------------------------------------------------------------------------
                      0.000000    0.000000    0.000000   clock __VIRTUAL_CLK__ (rise edge)
                                  0.000000    0.000000   clock network delay (ideal)
                                  2.000000    2.000000 v input external delay
     1    0.003649    0.010602    0.005880    2.005880 v received[1] (in)
                                                         received[1] (net)
                      0.010607    0.000000    2.005880 v input2/A (sky130_fd_sc_hd__clkbuf_2)
     6    0.024063    0.096485    0.145054    2.150934 v input2/X (sky130_fd_sc_hd__clkbuf_2)
                                                         net2 (net)
                      0.096498    0.001146    2.152080 v _04_/B (sky130_fd_sc_hd__and2b_1)
     2    0.005057    0.042666    0.185000    2.337080 v _04_/X (sky130_fd_sc_hd__and2b_1)
                                                         net14 (net)
                      0.042666    0.000157    2.337236 v _13_/A (sky130_fd_sc_hd__clkbuf_1)
     1    0.003268    0.028973    0.088827    2.426063 v _13_/X (sky130_fd_sc_hd__clkbuf_1)
                                                         net16 (net)
                      0.028973    0.000111    2.426174 v output16/A (sky130_fd_sc_hd__buf_2)
     1    0.033998    0.089148    0.172510    2.598684 v output16/X (sky130_fd_sc_hd__buf_2)
                                                         bm_11_01[1] (net)
                      0.089157    0.000878    2.599562 v bm_11_01[1] (out)
                                              2.599562   data arrival time

                      0.000000    0.000000    0.000000   clock __VIRTUAL_CLK__ (rise edge)
                                  0.000000    0.000000   clock network delay (ideal)
                                  0.250000    0.250000   clock uncertainty
                                  0.000000    0.250000   clock reconvergence pessimism
                                 -2.000000   -1.750000   output external delay
                                             -1.750000   data required time
---------------------------------------------------------------------------------------------
                                             -1.750000   data required time
                                             -2.599562   data arrival time
---------------------------------------------------------------------------------------------
                                              4.349562   slack (MET)


Startpoint: received[1] (input port clocked by __VIRTUAL_CLK__)
Endpoint: bm_11_11[0] (output port clocked by __VIRTUAL_CLK__)
Path Group: __VIRTUAL_CLK__
Path Type: min

Fanout         Cap        Slew       Delay        Time   Description
---------------------------------------------------------------------------------------------
                      0.000000    0.000000    0.000000   clock __VIRTUAL_CLK__ (rise edge)
                                  0.000000    0.000000   clock network delay (ideal)
                                  2.000000    2.000000 ^ input external delay
     1    0.003879    0.024413    0.014111    2.014111 ^ received[1] (in)
                                                         received[1] (net)
                      0.024421    0.000000    2.014111 ^ input2/A (sky130_fd_sc_hd__clkbuf_2)
     6    0.025270    0.141997    0.166283    2.180394 ^ input2/X (sky130_fd_sc_hd__clkbuf_2)
                                                         net2 (net)
                      0.142018    0.001423    2.181816 ^ _03_/B (sky130_fd_sc_hd__xnor2_1)
     4    0.011461    0.094373    0.130817    2.312633 v _03_/Y (sky130_fd_sc_hd__xnor2_1)
                                                         net11 (net)
                      0.094373    0.000325    2.312958 v _14_/A (sky130_fd_sc_hd__clkbuf_1)
     1    0.003612    0.031118    0.113219    2.426177 v _14_/X (sky130_fd_sc_hd__clkbuf_1)
                                                         net17 (net)
                      0.031118    0.000129    2.426306 v output17/A (sky130_fd_sc_hd__buf_2)
     1    0.034147    0.089478    0.173672    2.599978 v output17/X (sky130_fd_sc_hd__buf_2)
                                                         bm_11_11[0] (net)
                      0.089487    0.000934    2.600912 v bm_11_11[0] (out)
                                              2.600912   data arrival time

                      0.000000    0.000000    0.000000   clock __VIRTUAL_CLK__ (rise edge)
                                  0.000000    0.000000   clock network delay (ideal)
                                  0.250000    0.250000   clock uncertainty
                                  0.000000    0.250000   clock reconvergence pessimism
                                 -2.000000   -1.750000   output external delay
                                             -1.750000   data required time
---------------------------------------------------------------------------------------------
                                             -1.750000   data required time
                                             -2.600912   data arrival time
---------------------------------------------------------------------------------------------
                                              4.350912   slack (MET)


Startpoint: received[0] (input port clocked by __VIRTUAL_CLK__)
Endpoint: bm_11_11[1] (output port clocked by __VIRTUAL_CLK__)
Path Group: __VIRTUAL_CLK__
Path Type: min

Fanout         Cap        Slew       Delay        Time   Description
---------------------------------------------------------------------------------------------
                      0.000000    0.000000    0.000000   clock __VIRTUAL_CLK__ (rise edge)
                                  0.000000    0.000000   clock network delay (ideal)
                                  2.000000    2.000000 v input external delay
     1    0.003478    0.010207    0.005590    2.005590 v received[0] (in)
                                                         received[0] (net)
                      0.010208    0.000000    2.005590 v input1/A (sky130_fd_sc_hd__clkbuf_2)
     6    0.023814    0.095623    0.144142    2.149732 v input1/X (sky130_fd_sc_hd__clkbuf_2)
                                                         net1 (net)
                      0.095653    0.001607    2.151339 v _05_/B (sky130_fd_sc_hd__and2b_1)
     2    0.005799    0.045849    0.188063    2.339402 v _05_/X (sky130_fd_sc_hd__and2b_1)
                                                         net12 (net)
                      0.045849    0.000103    2.339505 v _15_/A (sky130_fd_sc_hd__clkbuf_1)
     1    0.004633    0.036085    0.096511    2.436015 v _15_/X (sky130_fd_sc_hd__clkbuf_1)
                                                         net18 (net)
                      0.036086    0.000188    2.436203 v output18/A (sky130_fd_sc_hd__buf_2)
     1    0.035268    0.091944    0.177728    2.613931 v output18/X (sky130_fd_sc_hd__buf_2)
                                                         bm_11_11[1] (net)
                      0.091960    0.001160    2.615092 v bm_11_11[1] (out)
                                              2.615092   data arrival time

                      0.000000    0.000000    0.000000   clock __VIRTUAL_CLK__ (rise edge)
                                  0.000000    0.000000   clock network delay (ideal)
                                  0.250000    0.250000   clock uncertainty
                                  0.000000    0.250000   clock reconvergence pessimism
                                 -2.000000   -1.750000   output external delay
                                             -1.750000   data required time
---------------------------------------------------------------------------------------------
                                             -1.750000   data required time
                                             -2.615092   data arrival time
---------------------------------------------------------------------------------------------
                                              4.365091   slack (MET)



%OL_END_REPORT
%OL_CREATE_REPORT max.rpt

===========================================================================
report_checks -path_delay max (Setup)
============================================================================
======================= nom_tt_025C_1v80 Corner ===================================

Startpoint: received[1] (input port clocked by __VIRTUAL_CLK__)
Endpoint: bm_01_10[0] (output port clocked by __VIRTUAL_CLK__)
Path Group: __VIRTUAL_CLK__
Path Type: max

Fanout         Cap        Slew       Delay        Time   Description
---------------------------------------------------------------------------------------------
                      0.000000    0.000000    0.000000   clock __VIRTUAL_CLK__ (rise edge)
                                  0.000000    0.000000   clock network delay (ideal)
                                  2.000000    2.000000 ^ input external delay
     1    0.003879    0.024413    0.014111    2.014111 ^ received[1] (in)
                                                         received[1] (net)
                      0.024421    0.000000    2.014111 ^ input2/A (sky130_fd_sc_hd__clkbuf_2)
     6    0.025270    0.141997    0.166283    2.180394 ^ input2/X (sky130_fd_sc_hd__clkbuf_2)
                                                         net2 (net)
                      0.142025    0.001619    2.182012 ^ _02_/B (sky130_fd_sc_hd__xor2_1)
     4    0.012259    0.280320    0.282191    2.464203 ^ _02_/X (sky130_fd_sc_hd__xor2_1)
                                                         net3 (net)
                      0.280320    0.000177    2.464380 ^ _09_/A (sky130_fd_sc_hd__clkbuf_1)
     1    0.003652    0.055380    0.131277    2.595657 ^ _09_/X (sky130_fd_sc_hd__clkbuf_1)
                                                         net9 (net)
                      0.055380    0.000135    2.595792 ^ output9/A (sky130_fd_sc_hd__buf_2)
     1    0.035392    0.175461    0.205283    2.801075 ^ output9/X (sky130_fd_sc_hd__buf_2)
                                                         bm_01_10[0] (net)
                      0.175521    0.001185    2.802260 ^ bm_01_10[0] (out)
                                              2.802260   data arrival time

                      0.000000   10.000000   10.000000   clock __VIRTUAL_CLK__ (rise edge)
                                  0.000000   10.000000   clock network delay (ideal)
                                 -0.250000    9.750000   clock uncertainty
                                  0.000000    9.750000   clock reconvergence pessimism
                                 -2.000000    7.750000   output external delay
                                              7.750000   data required time
---------------------------------------------------------------------------------------------
                                              7.750000   data required time
                                             -2.802260   data arrival time
---------------------------------------------------------------------------------------------
                                              4.947739   slack (MET)


Startpoint: received[0] (input port clocked by __VIRTUAL_CLK__)
Endpoint: bm_11_11[0] (output port clocked by __VIRTUAL_CLK__)
Path Group: __VIRTUAL_CLK__
Path Type: max

Fanout         Cap        Slew       Delay        Time   Description
---------------------------------------------------------------------------------------------
                      0.000000    0.000000    0.000000   clock __VIRTUAL_CLK__ (rise edge)
                                  0.000000    0.000000   clock network delay (ideal)
                                  2.000000    2.000000 v input external delay
     1    0.003478    0.010207    0.005590    2.005590 v received[0] (in)
                                                         received[0] (net)
                      0.010208    0.000000    2.005590 v input1/A (sky130_fd_sc_hd__clkbuf_2)
     6    0.023814    0.095623    0.144142    2.149732 v input1/X (sky130_fd_sc_hd__clkbuf_2)
                                                         net1 (net)
                      0.095656    0.001664    2.151396 v _03_/A (sky130_fd_sc_hd__xnor2_1)
     4    0.012149    0.299392    0.305455    2.456851 ^ _03_/Y (sky130_fd_sc_hd__xnor2_1)
                                                         net11 (net)
                      0.299392    0.000346    2.457196 ^ _14_/A (sky130_fd_sc_hd__clkbuf_1)
     1    0.003772    0.056885    0.133654    2.590850 ^ _14_/X (sky130_fd_sc_hd__clkbuf_1)
                                                         net17 (net)
                      0.056885    0.000137    2.590986 ^ output17/A (sky130_fd_sc_hd__buf_2)
     1    0.034147    0.169712    0.201869    2.792855 ^ output17/X (sky130_fd_sc_hd__buf_2)
                                                         bm_11_11[0] (net)
                      0.169714    0.000934    2.793789 ^ bm_11_11[0] (out)
                                              2.793789   data arrival time

                      0.000000   10.000000   10.000000   clock __VIRTUAL_CLK__ (rise edge)
                                  0.000000   10.000000   clock network delay (ideal)
                                 -0.250000    9.750000   clock uncertainty
                                  0.000000    9.750000   clock reconvergence pessimism
                                 -2.000000    7.750000   output external delay
                                              7.750000   data required time
---------------------------------------------------------------------------------------------
                                              7.750000   data required time
                                             -2.793789   data arrival time
---------------------------------------------------------------------------------------------
                                              4.956211   slack (MET)


Startpoint: received[1] (input port clocked by __VIRTUAL_CLK__)
Endpoint: bm_01_00[0] (output port clocked by __VIRTUAL_CLK__)
Path Group: __VIRTUAL_CLK__
Path Type: max

Fanout         Cap        Slew       Delay        Time   Description
---------------------------------------------------------------------------------------------
                      0.000000    0.000000    0.000000   clock __VIRTUAL_CLK__ (rise edge)
                                  0.000000    0.000000   clock network delay (ideal)
                                  2.000000    2.000000 ^ input external delay
     1    0.003879    0.024413    0.014111    2.014111 ^ received[1] (in)
                                                         received[1] (net)
                      0.024421    0.000000    2.014111 ^ input2/A (sky130_fd_sc_hd__clkbuf_2)
     6    0.025270    0.141997    0.166283    2.180394 ^ input2/X (sky130_fd_sc_hd__clkbuf_2)
                                                         net2 (net)
                      0.142025    0.001619    2.182012 ^ _02_/B (sky130_fd_sc_hd__xor2_1)
     4    0.012259    0.280320    0.282191    2.464203 ^ _02_/X (sky130_fd_sc_hd__xor2_1)
                                                         net3 (net)
                      0.280320    0.000299    2.464502 ^ _07_/A (sky130_fd_sc_hd__clkbuf_1)
     1    0.002727    0.045838    0.123655    2.588157 ^ _07_/X (sky130_fd_sc_hd__clkbuf_1)
                                                         net7 (net)
                      0.045838    0.000064    2.588220 ^ output7/A (sky130_fd_sc_hd__buf_2)
     1    0.034290    0.170299    0.198133    2.786353 ^ output7/X (sky130_fd_sc_hd__buf_2)
                                                         bm_01_00[0] (net)
                      0.170355    0.000987    2.787340 ^ bm_01_00[0] (out)
                                              2.787340   data arrival time

                      0.000000   10.000000   10.000000   clock __VIRTUAL_CLK__ (rise edge)
                                  0.000000   10.000000   clock network delay (ideal)
                                 -0.250000    9.750000   clock uncertainty
                                  0.000000    9.750000   clock reconvergence pessimism
                                 -2.000000    7.750000   output external delay
                                              7.750000   data required time
---------------------------------------------------------------------------------------------
                                              7.750000   data required time
                                             -2.787340   data arrival time
---------------------------------------------------------------------------------------------
                                              4.962660   slack (MET)


Startpoint: received[0] (input port clocked by __VIRTUAL_CLK__)
Endpoint: bm_10_11[0] (output port clocked by __VIRTUAL_CLK__)
Path Group: __VIRTUAL_CLK__
Path Type: max

Fanout         Cap        Slew       Delay        Time   Description
---------------------------------------------------------------------------------------------
                      0.000000    0.000000    0.000000   clock __VIRTUAL_CLK__ (rise edge)
                                  0.000000    0.000000   clock network delay (ideal)
                                  2.000000    2.000000 v input external delay
     1    0.003478    0.010207    0.005590    2.005590 v received[0] (in)
                                                         received[0] (net)
                      0.010208    0.000000    2.005590 v input1/A (sky130_fd_sc_hd__clkbuf_2)
     6    0.023814    0.095623    0.144142    2.149732 v input1/X (sky130_fd_sc_hd__clkbuf_2)
                                                         net1 (net)
                      0.095656    0.001664    2.151396 v _03_/A (sky130_fd_sc_hd__xnor2_1)
     4    0.012149    0.299392    0.305455    2.456851 ^ _03_/Y (sky130_fd_sc_hd__xnor2_1)
                                                         net11 (net)
                      0.299392    0.000289    2.457140 ^ _11_/A (sky130_fd_sc_hd__clkbuf_1)
     1    0.003080    0.049591    0.128075    2.585215 ^ _11_/X (sky130_fd_sc_hd__clkbuf_1)
                                                         net13 (net)
                      0.049591    0.000078    2.585293 ^ output13/A (sky130_fd_sc_hd__buf_2)
     1    0.034542    0.171432    0.200598    2.785891 ^ output13/X (sky130_fd_sc_hd__buf_2)
                                                         bm_10_11[0] (net)
                      0.171432    0.000715    2.786606 ^ bm_10_11[0] (out)
                                              2.786606   data arrival time

                      0.000000   10.000000   10.000000   clock __VIRTUAL_CLK__ (rise edge)
                                  0.000000   10.000000   clock network delay (ideal)
                                 -0.250000    9.750000   clock uncertainty
                                  0.000000    9.750000   clock reconvergence pessimism
                                 -2.000000    7.750000   output external delay
                                              7.750000   data required time
---------------------------------------------------------------------------------------------
                                              7.750000   data required time
                                             -2.786606   data arrival time
---------------------------------------------------------------------------------------------
                                              4.963394   slack (MET)


Startpoint: received[0] (input port clocked by __VIRTUAL_CLK__)
Endpoint: bm_11_01[0] (output port clocked by __VIRTUAL_CLK__)
Path Group: __VIRTUAL_CLK__
Path Type: max

Fanout         Cap        Slew       Delay        Time   Description
---------------------------------------------------------------------------------------------
                      0.000000    0.000000    0.000000   clock __VIRTUAL_CLK__ (rise edge)
                                  0.000000    0.000000   clock network delay (ideal)
                                  2.000000    2.000000 v input external delay
     1    0.003478    0.010207    0.005590    2.005590 v received[0] (in)
                                                         received[0] (net)
                      0.010208    0.000000    2.005590 v input1/A (sky130_fd_sc_hd__clkbuf_2)
     6    0.023814    0.095623    0.144142    2.149732 v input1/X (sky130_fd_sc_hd__clkbuf_2)
                                                         net1 (net)
                      0.095656    0.001664    2.151396 v _03_/A (sky130_fd_sc_hd__xnor2_1)
     4    0.012149    0.299392    0.305455    2.456851 ^ _03_/Y (sky130_fd_sc_hd__xnor2_1)
                                                         net11 (net)
                      0.299392    0.000328    2.457179 ^ _12_/A (sky130_fd_sc_hd__clkbuf_1)
     1    0.003076    0.049553    0.128035    2.585214 ^ _12_/X (sky130_fd_sc_hd__clkbuf_1)
                                                         net15 (net)
                      0.049553    0.000101    2.585315 ^ output15/A (sky130_fd_sc_hd__buf_2)
     1    0.034184    0.169795    0.199222    2.784536 ^ output15/X (sky130_fd_sc_hd__buf_2)
                                                         bm_11_01[0] (net)
                      0.169850    0.000962    2.785498 ^ bm_11_01[0] (out)
                                              2.785498   data arrival time

                      0.000000   10.000000   10.000000   clock __VIRTUAL_CLK__ (rise edge)
                                  0.000000   10.000000   clock network delay (ideal)
                                 -0.250000    9.750000   clock uncertainty
                                  0.000000    9.750000   clock reconvergence pessimism
                                 -2.000000    7.750000   output external delay
                                              7.750000   data required time
---------------------------------------------------------------------------------------------
                                              7.750000   data required time
                                             -2.785498   data arrival time
---------------------------------------------------------------------------------------------
                                              4.964502   slack (MET)


Startpoint: received[1] (input port clocked by __VIRTUAL_CLK__)
Endpoint: bm_00_10[0] (output port clocked by __VIRTUAL_CLK__)
Path Group: __VIRTUAL_CLK__
Path Type: max

Fanout         Cap        Slew       Delay        Time   Description
---------------------------------------------------------------------------------------------
                      0.000000    0.000000    0.000000   clock __VIRTUAL_CLK__ (rise edge)
                                  0.000000    0.000000   clock network delay (ideal)
                                  2.000000    2.000000 ^ input external delay
     1    0.003879    0.024413    0.014111    2.014111 ^ received[1] (in)
                                                         received[1] (net)
                      0.024421    0.000000    2.014111 ^ input2/A (sky130_fd_sc_hd__clkbuf_2)
     6    0.025270    0.141997    0.166283    2.180394 ^ input2/X (sky130_fd_sc_hd__clkbuf_2)
                                                         net2 (net)
                      0.142025    0.001619    2.182012 ^ _02_/B (sky130_fd_sc_hd__xor2_1)
     4    0.012259    0.280320    0.282191    2.464203 ^ _02_/X (sky130_fd_sc_hd__xor2_1)
                                                         net3 (net)
                      0.280320    0.000365    2.464568 ^ _06_/A (sky130_fd_sc_hd__clkbuf_1)
     1    0.002250    0.041144    0.119577    2.584145 ^ _06_/X (sky130_fd_sc_hd__clkbuf_1)
                                                         net5 (net)
                      0.041144    0.000047    2.584192 ^ output5/A (sky130_fd_sc_hd__buf_2)
     1    0.033924    0.168590    0.195189    2.779381 ^ output5/X (sky130_fd_sc_hd__buf_2)
                                                         bm_00_10[0] (net)
                      0.168644    0.000886    2.780267 ^ bm_00_10[0] (out)
                                              2.780267   data arrival time

                      0.000000   10.000000   10.000000   clock __VIRTUAL_CLK__ (rise edge)
                                  0.000000   10.000000   clock network delay (ideal)
                                 -0.250000    9.750000   clock uncertainty
                                  0.000000    9.750000   clock reconvergence pessimism
                                 -2.000000    7.750000   output external delay
                                              7.750000   data required time
---------------------------------------------------------------------------------------------
                                              7.750000   data required time
                                             -2.780267   data arrival time
---------------------------------------------------------------------------------------------
                                              4.969733   slack (MET)


Startpoint: received[1] (input port clocked by __VIRTUAL_CLK__)
Endpoint: bm_00_00[0] (output port clocked by __VIRTUAL_CLK__)
Path Group: __VIRTUAL_CLK__
Path Type: max

Fanout         Cap        Slew       Delay        Time   Description
---------------------------------------------------------------------------------------------
                      0.000000    0.000000    0.000000   clock __VIRTUAL_CLK__ (rise edge)
                                  0.000000    0.000000   clock network delay (ideal)
                                  2.000000    2.000000 ^ input external delay
     1    0.003879    0.024413    0.014111    2.014111 ^ received[1] (in)
                                                         received[1] (net)
                      0.024421    0.000000    2.014111 ^ input2/A (sky130_fd_sc_hd__clkbuf_2)
     6    0.025270    0.141997    0.166283    2.180394 ^ input2/X (sky130_fd_sc_hd__clkbuf_2)
                                                         net2 (net)
                      0.142025    0.001619    2.182012 ^ _02_/B (sky130_fd_sc_hd__xor2_1)
     4    0.012259    0.280320    0.282191    2.464203 ^ _02_/X (sky130_fd_sc_hd__xor2_1)
                                                         net3 (net)
                      0.280320    0.000370    2.464573 ^ output3/A (sky130_fd_sc_hd__buf_2)
     1    0.034405    0.171473    0.269629    2.734202 ^ output3/X (sky130_fd_sc_hd__buf_2)
                                                         bm_00_00[0] (net)
                      0.171475    0.000869    2.735071 ^ bm_00_00[0] (out)
                                              2.735071   data arrival time

                      0.000000   10.000000   10.000000   clock __VIRTUAL_CLK__ (rise edge)
                                  0.000000   10.000000   clock network delay (ideal)
                                 -0.250000    9.750000   clock uncertainty
                                  0.000000    9.750000   clock reconvergence pessimism
                                 -2.000000    7.750000   output external delay
                                              7.750000   data required time
---------------------------------------------------------------------------------------------
                                              7.750000   data required time
                                             -2.735071   data arrival time
---------------------------------------------------------------------------------------------
                                              5.014929   slack (MET)


Startpoint: received[0] (input port clocked by __VIRTUAL_CLK__)
Endpoint: bm_10_01[0] (output port clocked by __VIRTUAL_CLK__)
Path Group: __VIRTUAL_CLK__
Path Type: max

Fanout         Cap        Slew       Delay        Time   Description
---------------------------------------------------------------------------------------------
                      0.000000    0.000000    0.000000   clock __VIRTUAL_CLK__ (rise edge)
                                  0.000000    0.000000   clock network delay (ideal)
                                  2.000000    2.000000 v input external delay
     1    0.003478    0.010207    0.005590    2.005590 v received[0] (in)
                                                         received[0] (net)
                      0.010208    0.000000    2.005590 v input1/A (sky130_fd_sc_hd__clkbuf_2)
     6    0.023814    0.095623    0.144142    2.149732 v input1/X (sky130_fd_sc_hd__clkbuf_2)
                                                         net1 (net)
                      0.095656    0.001664    2.151396 v _03_/A (sky130_fd_sc_hd__xnor2_1)
     4    0.012149    0.299392    0.305455    2.456851 ^ _03_/Y (sky130_fd_sc_hd__xnor2_1)
                                                         net11 (net)
                      0.299392    0.000239    2.457090 ^ output11/A (sky130_fd_sc_hd__buf_2)
     1    0.033974    0.169619    0.271416    2.728506 ^ output11/X (sky130_fd_sc_hd__buf_2)
                                                         bm_10_01[0] (net)
                      0.169621    0.000917    2.729422 ^ bm_10_01[0] (out)
                                              2.729422   data arrival time

                      0.000000   10.000000   10.000000   clock __VIRTUAL_CLK__ (rise edge)
                                  0.000000   10.000000   clock network delay (ideal)
                                 -0.250000    9.750000   clock uncertainty
                                  0.000000    9.750000   clock reconvergence pessimism
                                 -2.000000    7.750000   output external delay
                                              7.750000   data required time
---------------------------------------------------------------------------------------------
                                              7.750000   data required time
                                             -2.729422   data arrival time
---------------------------------------------------------------------------------------------
                                              5.020578   slack (MET)


Startpoint: received[1] (input port clocked by __VIRTUAL_CLK__)
Endpoint: bm_11_11[1] (output port clocked by __VIRTUAL_CLK__)
Path Group: __VIRTUAL_CLK__
Path Type: max

Fanout         Cap        Slew       Delay        Time   Description
---------------------------------------------------------------------------------------------
                      0.000000    0.000000    0.000000   clock __VIRTUAL_CLK__ (rise edge)
                                  0.000000    0.000000   clock network delay (ideal)
                                  2.000000    2.000000 v input external delay
     1    0.003649    0.010602    0.005880    2.005880 v received[1] (in)
                                                         received[1] (net)
                      0.010607    0.000000    2.005880 v input2/A (sky130_fd_sc_hd__clkbuf_2)
     6    0.024063    0.096485    0.145054    2.150934 v input2/X (sky130_fd_sc_hd__clkbuf_2)
                                                         net2 (net)
                      0.096502    0.001281    2.152215 v _05_/A_N (sky130_fd_sc_hd__and2b_1)
     2    0.006135    0.068636    0.226929    2.379144 ^ _05_/X (sky130_fd_sc_hd__and2b_1)
                                                         net12 (net)
                      0.068636    0.000109    2.379253 ^ _15_/A (sky130_fd_sc_hd__clkbuf_1)
     1    0.004793    0.066144    0.103384    2.482637 ^ _15_/X (sky130_fd_sc_hd__clkbuf_1)
                                                         net18 (net)
                      0.066144    0.000198    2.482834 ^ output18/A (sky130_fd_sc_hd__buf_2)
     1    0.035268    0.175031    0.208848    2.691683 ^ output18/X (sky130_fd_sc_hd__buf_2)
                                                         bm_11_11[1] (net)
                      0.175091    0.001161    2.692844 ^ bm_11_11[1] (out)
                                              2.692844   data arrival time

                      0.000000   10.000000   10.000000   clock __VIRTUAL_CLK__ (rise edge)
                                  0.000000   10.000000   clock network delay (ideal)
                                 -0.250000    9.750000   clock uncertainty
                                  0.000000    9.750000   clock reconvergence pessimism
                                 -2.000000    7.750000   output external delay
                                              7.750000   data required time
---------------------------------------------------------------------------------------------
                                              7.750000   data required time
                                             -2.692844   data arrival time
---------------------------------------------------------------------------------------------
                                              5.057156   slack (MET)


Startpoint: received[0] (input port clocked by __VIRTUAL_CLK__)
Endpoint: bm_11_01[1] (output port clocked by __VIRTUAL_CLK__)
Path Group: __VIRTUAL_CLK__
Path Type: max

Fanout         Cap        Slew       Delay        Time   Description
---------------------------------------------------------------------------------------------
                      0.000000    0.000000    0.000000   clock __VIRTUAL_CLK__ (rise edge)
                                  0.000000    0.000000   clock network delay (ideal)
                                  2.000000    2.000000 v input external delay
     1    0.003478    0.010207    0.005590    2.005590 v received[0] (in)
                                                         received[0] (net)
                      0.010208    0.000000    2.005590 v input1/A (sky130_fd_sc_hd__clkbuf_2)
     6    0.023814    0.095623    0.144142    2.149732 v input1/X (sky130_fd_sc_hd__clkbuf_2)
                                                         net1 (net)
                      0.095652    0.001583    2.151315 v _04_/A_N (sky130_fd_sc_hd__and2b_1)
     2    0.005393    0.062593    0.221686    2.373001 ^ _04_/X (sky130_fd_sc_hd__and2b_1)
                                                         net14 (net)
                      0.062593    0.000169    2.373170 ^ _13_/A (sky130_fd_sc_hd__clkbuf_1)
     1    0.003428    0.050953    0.090906    2.464076 ^ _13_/X (sky130_fd_sc_hd__clkbuf_1)
                                                         net16 (net)
                      0.050953    0.000118    2.464194 ^ output16/A (sky130_fd_sc_hd__buf_2)
     1    0.033998    0.168914    0.199196    2.663390 ^ output16/X (sky130_fd_sc_hd__buf_2)
                                                         bm_11_01[1] (net)
                      0.168916    0.000878    2.664268 ^ bm_11_01[1] (out)
                                              2.664268   data arrival time

                      0.000000   10.000000   10.000000   clock __VIRTUAL_CLK__ (rise edge)
                                  0.000000   10.000000   clock network delay (ideal)
                                 -0.250000    9.750000   clock uncertainty
                                  0.000000    9.750000   clock reconvergence pessimism
                                 -2.000000    7.750000   output external delay
                                              7.750000   data required time
---------------------------------------------------------------------------------------------
                                              7.750000   data required time
                                             -2.664268   data arrival time
---------------------------------------------------------------------------------------------
                                              5.085732   slack (MET)


Startpoint: received[1] (input port clocked by __VIRTUAL_CLK__)
Endpoint: bm_01_10[1] (output port clocked by __VIRTUAL_CLK__)
Path Group: __VIRTUAL_CLK__
Path Type: max

Fanout         Cap        Slew       Delay        Time   Description
---------------------------------------------------------------------------------------------
                      0.000000    0.000000    0.000000   clock __VIRTUAL_CLK__ (rise edge)
                                  0.000000    0.000000   clock network delay (ideal)
                                  2.000000    2.000000 ^ input external delay
     1    0.003879    0.024413    0.014111    2.014111 ^ received[1] (in)
                                                         received[1] (net)
                      0.024421    0.000000    2.014111 ^ input2/A (sky130_fd_sc_hd__clkbuf_2)
     6    0.025270    0.141997    0.166283    2.180394 ^ input2/X (sky130_fd_sc_hd__clkbuf_2)
                                                         net2 (net)
                      0.142020    0.001467    2.181861 ^ _00_/B (sky130_fd_sc_hd__and2_1)
     2    0.007567    0.087767    0.174053    2.355914 ^ _00_/X (sky130_fd_sc_hd__and2_1)
                                                         net4 (net)
                      0.087767    0.000120    2.356035 ^ _10_/A (sky130_fd_sc_hd__clkbuf_1)
     1    0.002426    0.040487    0.089381    2.445415 ^ _10_/X (sky130_fd_sc_hd__clkbuf_1)
                                                         net10 (net)
                      0.040487    0.000054    2.445469 ^ output10/A (sky130_fd_sc_hd__buf_2)
     1    0.034157    0.169687    0.195655    2.641124 ^ output10/X (sky130_fd_sc_hd__buf_2)
                                                         bm_01_10[1] (net)
                      0.169743    0.000967    2.642092 ^ bm_01_10[1] (out)
                                              2.642092   data arrival time

                      0.000000   10.000000   10.000000   clock __VIRTUAL_CLK__ (rise edge)
                                  0.000000   10.000000   clock network delay (ideal)
                                 -0.250000    9.750000   clock uncertainty
                                  0.000000    9.750000   clock reconvergence pessimism
                                 -2.000000    7.750000   output external delay
                                              7.750000   data required time
---------------------------------------------------------------------------------------------
                                              7.750000   data required time
                                             -2.642092   data arrival time
---------------------------------------------------------------------------------------------
                                              5.107908   slack (MET)


Startpoint: received[0] (input port clocked by __VIRTUAL_CLK__)
Endpoint: bm_01_00[1] (output port clocked by __VIRTUAL_CLK__)
Path Group: __VIRTUAL_CLK__
Path Type: max

Fanout         Cap        Slew       Delay        Time   Description
---------------------------------------------------------------------------------------------
                      0.000000    0.000000    0.000000   clock __VIRTUAL_CLK__ (rise edge)
                                  0.000000    0.000000   clock network delay (ideal)
                                  2.000000    2.000000 v input external delay
     1    0.003478    0.010207    0.005590    2.005590 v received[0] (in)
                                                         received[0] (net)
                      0.010208    0.000000    2.005590 v input1/A (sky130_fd_sc_hd__clkbuf_2)
     6    0.023814    0.095623    0.144142    2.149732 v input1/X (sky130_fd_sc_hd__clkbuf_2)
                                                         net1 (net)
                      0.095642    0.001314    2.151046 v _01_/A (sky130_fd_sc_hd__nor2_1)
     2    0.006014    0.128570    0.154691    2.305737 ^ _01_/Y (sky130_fd_sc_hd__nor2_1)
                                                         net6 (net)
                      0.128612    0.000173    2.305911 ^ _08_/A (sky130_fd_sc_hd__clkbuf_1)
     1    0.002554    0.042333    0.100438    2.406348 ^ _08_/X (sky130_fd_sc_hd__clkbuf_1)
                                                         net8 (net)
                      0.042333    0.000058    2.406406 ^ output8/A (sky130_fd_sc_hd__buf_2)
     1    0.034154    0.169665    0.196373    2.602780 ^ output8/X (sky130_fd_sc_hd__buf_2)
                                                         bm_01_00[1] (net)
                      0.169720    0.000934    2.603714 ^ bm_01_00[1] (out)
                                              2.603714   data arrival time

                      0.000000   10.000000   10.000000   clock __VIRTUAL_CLK__ (rise edge)
                                  0.000000   10.000000   clock network delay (ideal)
                                 -0.250000    9.750000   clock uncertainty
                                  0.000000    9.750000   clock reconvergence pessimism
                                 -2.000000    7.750000   output external delay
                                              7.750000   data required time
---------------------------------------------------------------------------------------------
                                              7.750000   data required time
                                             -2.603714   data arrival time
---------------------------------------------------------------------------------------------
                                              5.146286   slack (MET)


Startpoint: received[1] (input port clocked by __VIRTUAL_CLK__)
Endpoint: bm_10_01[1] (output port clocked by __VIRTUAL_CLK__)
Path Group: __VIRTUAL_CLK__
Path Type: max

Fanout         Cap        Slew       Delay        Time   Description
---------------------------------------------------------------------------------------------
                      0.000000    0.000000    0.000000   clock __VIRTUAL_CLK__ (rise edge)
                                  0.000000    0.000000   clock network delay (ideal)
                                  2.000000    2.000000 v input external delay
     1    0.003649    0.010602    0.005880    2.005880 v received[1] (in)
                                                         received[1] (net)
                      0.010607    0.000000    2.005880 v input2/A (sky130_fd_sc_hd__clkbuf_2)
     6    0.024063    0.096485    0.145054    2.150934 v input2/X (sky130_fd_sc_hd__clkbuf_2)
                                                         net2 (net)
                      0.096502    0.001281    2.152215 v _05_/A_N (sky130_fd_sc_hd__and2b_1)
     2    0.006135    0.068636    0.226929    2.379144 ^ _05_/X (sky130_fd_sc_hd__and2b_1)
                                                         net12 (net)
                      0.068636    0.000164    2.379307 ^ output12/A (sky130_fd_sc_hd__buf_2)
     1    0.034421    0.171045    0.207149    2.586457 ^ output12/X (sky130_fd_sc_hd__buf_2)
                                                         bm_10_01[1] (net)
                      0.171047    0.000878    2.587334 ^ bm_10_01[1] (out)
                                              2.587334   data arrival time

                      0.000000   10.000000   10.000000   clock __VIRTUAL_CLK__ (rise edge)
                                  0.000000   10.000000   clock network delay (ideal)
                                 -0.250000    9.750000   clock uncertainty
                                  0.000000    9.750000   clock reconvergence pessimism
                                 -2.000000    7.750000   output external delay
                                              7.750000   data required time
---------------------------------------------------------------------------------------------
                                              7.750000   data required time
                                             -2.587334   data arrival time
---------------------------------------------------------------------------------------------
                                              5.162665   slack (MET)


Startpoint: received[0] (input port clocked by __VIRTUAL_CLK__)
Endpoint: bm_10_11[1] (output port clocked by __VIRTUAL_CLK__)
Path Group: __VIRTUAL_CLK__
Path Type: max

Fanout         Cap        Slew       Delay        Time   Description
---------------------------------------------------------------------------------------------
                      0.000000    0.000000    0.000000   clock __VIRTUAL_CLK__ (rise edge)
                                  0.000000    0.000000   clock network delay (ideal)
                                  2.000000    2.000000 v input external delay
     1    0.003478    0.010207    0.005590    2.005590 v received[0] (in)
                                                         received[0] (net)
                      0.010208    0.000000    2.005590 v input1/A (sky130_fd_sc_hd__clkbuf_2)
     6    0.023814    0.095623    0.144142    2.149732 v input1/X (sky130_fd_sc_hd__clkbuf_2)
                                                         net1 (net)
                      0.095652    0.001583    2.151315 v _04_/A_N (sky130_fd_sc_hd__and2b_1)
     2    0.005393    0.062593    0.221686    2.373001 ^ _04_/X (sky130_fd_sc_hd__and2b_1)
                                                         net14 (net)
                      0.062593    0.000161    2.373162 ^ output14/A (sky130_fd_sc_hd__buf_2)
     1    0.034001    0.169056    0.203501    2.576663 ^ output14/X (sky130_fd_sc_hd__buf_2)
                                                         bm_10_11[1] (net)
                      0.169059    0.000911    2.577574 ^ bm_10_11[1] (out)
                                              2.577574   data arrival time

                      0.000000   10.000000   10.000000   clock __VIRTUAL_CLK__ (rise edge)
                                  0.000000   10.000000   clock network delay (ideal)
                                 -0.250000    9.750000   clock uncertainty
                                  0.000000    9.750000   clock reconvergence pessimism
                                 -2.000000    7.750000   output external delay
                                              7.750000   data required time
---------------------------------------------------------------------------------------------
                                              7.750000   data required time
                                             -2.577574   data arrival time
---------------------------------------------------------------------------------------------
                                              5.172426   slack (MET)


Startpoint: received[1] (input port clocked by __VIRTUAL_CLK__)
Endpoint: bm_00_00[1] (output port clocked by __VIRTUAL_CLK__)
Path Group: __VIRTUAL_CLK__
Path Type: max

Fanout         Cap        Slew       Delay        Time   Description
---------------------------------------------------------------------------------------------
                      0.000000    0.000000    0.000000   clock __VIRTUAL_CLK__ (rise edge)
                                  0.000000    0.000000   clock network delay (ideal)
                                  2.000000    2.000000 ^ input external delay
     1    0.003879    0.024413    0.014111    2.014111 ^ received[1] (in)
                                                         received[1] (net)
                      0.024421    0.000000    2.014111 ^ input2/A (sky130_fd_sc_hd__clkbuf_2)
     6    0.025270    0.141997    0.166283    2.180394 ^ input2/X (sky130_fd_sc_hd__clkbuf_2)
                                                         net2 (net)
                      0.142020    0.001467    2.181861 ^ _00_/B (sky130_fd_sc_hd__and2_1)
     2    0.007567    0.087767    0.174053    2.355914 ^ _00_/X (sky130_fd_sc_hd__and2_1)
                                                         net4 (net)
                      0.087767    0.000258    2.356172 ^ output4/A (sky130_fd_sc_hd__buf_2)
     1    0.034075    0.169555    0.212996    2.569168 ^ output4/X (sky130_fd_sc_hd__buf_2)
                                                         bm_00_00[1] (net)
                      0.169558    0.000957    2.570125 ^ bm_00_00[1] (out)
                                              2.570125   data arrival time

                      0.000000   10.000000   10.000000   clock __VIRTUAL_CLK__ (rise edge)
                                  0.000000   10.000000   clock network delay (ideal)
                                 -0.250000    9.750000   clock uncertainty
                                  0.000000    9.750000   clock reconvergence pessimism
                                 -2.000000    7.750000   output external delay
                                              7.750000   data required time
---------------------------------------------------------------------------------------------
                                              7.750000   data required time
                                             -2.570125   data arrival time
---------------------------------------------------------------------------------------------
                                              5.179875   slack (MET)


Startpoint: received[0] (input port clocked by __VIRTUAL_CLK__)
Endpoint: bm_00_10[1] (output port clocked by __VIRTUAL_CLK__)
Path Group: __VIRTUAL_CLK__
Path Type: max

Fanout         Cap        Slew       Delay        Time   Description
---------------------------------------------------------------------------------------------
                      0.000000    0.000000    0.000000   clock __VIRTUAL_CLK__ (rise edge)
                                  0.000000    0.000000   clock network delay (ideal)
                                  2.000000    2.000000 v input external delay
     1    0.003478    0.010207    0.005590    2.005590 v received[0] (in)
                                                         received[0] (net)
                      0.010208    0.000000    2.005590 v input1/A (sky130_fd_sc_hd__clkbuf_2)
     6    0.023814    0.095623    0.144142    2.149732 v input1/X (sky130_fd_sc_hd__clkbuf_2)
                                                         net1 (net)
                      0.095642    0.001314    2.151046 v _01_/A (sky130_fd_sc_hd__nor2_1)
     2    0.006014    0.128570    0.154691    2.305737 ^ _01_/Y (sky130_fd_sc_hd__nor2_1)
                                                         net6 (net)
                      0.128612    0.000174    2.305911 ^ output6/A (sky130_fd_sc_hd__buf_2)
     1    0.034107    0.169906    0.227564    2.533475 ^ output6/X (sky130_fd_sc_hd__buf_2)
                                                         bm_00_10[1] (net)
                      0.169908    0.000936    2.534412 ^ bm_00_10[1] (out)
                                              2.534412   data arrival time

                      0.000000   10.000000   10.000000   clock __VIRTUAL_CLK__ (rise edge)
                                  0.000000   10.000000   clock network delay (ideal)
                                 -0.250000    9.750000   clock uncertainty
                                  0.000000    9.750000   clock reconvergence pessimism
                                 -2.000000    7.750000   output external delay
                                              7.750000   data required time
---------------------------------------------------------------------------------------------
                                              7.750000   data required time
                                             -2.534412   data arrival time
---------------------------------------------------------------------------------------------
                                              5.215588   slack (MET)



%OL_END_REPORT
%OL_CREATE_REPORT checks.rpt

===========================================================================
report_checks -unconstrained
===========================================================================
======================= nom_tt_025C_1v80 Corner ===================================

Startpoint: received[1] (input port clocked by __VIRTUAL_CLK__)
Endpoint: bm_01_10[0] (output port clocked by __VIRTUAL_CLK__)
Path Group: __VIRTUAL_CLK__
Path Type: max

Fanout         Cap        Slew       Delay        Time   Description
---------------------------------------------------------------------------------------------
                      0.000000    0.000000    0.000000   clock __VIRTUAL_CLK__ (rise edge)
                                  0.000000    0.000000   clock network delay (ideal)
                                  2.000000    2.000000 ^ input external delay
     1    0.003879    0.024413    0.014111    2.014111 ^ received[1] (in)
                                                         received[1] (net)
                      0.024421    0.000000    2.014111 ^ input2/A (sky130_fd_sc_hd__clkbuf_2)
     6    0.025270    0.141997    0.166283    2.180394 ^ input2/X (sky130_fd_sc_hd__clkbuf_2)
                                                         net2 (net)
                      0.142025    0.001619    2.182012 ^ _02_/B (sky130_fd_sc_hd__xor2_1)
     4    0.012259    0.280320    0.282191    2.464203 ^ _02_/X (sky130_fd_sc_hd__xor2_1)
                                                         net3 (net)
                      0.280320    0.000177    2.464380 ^ _09_/A (sky130_fd_sc_hd__clkbuf_1)
     1    0.003652    0.055380    0.131277    2.595657 ^ _09_/X (sky130_fd_sc_hd__clkbuf_1)
                                                         net9 (net)
                      0.055380    0.000135    2.595792 ^ output9/A (sky130_fd_sc_hd__buf_2)
     1    0.035392    0.175461    0.205283    2.801075 ^ output9/X (sky130_fd_sc_hd__buf_2)
                                                         bm_01_10[0] (net)
                      0.175521    0.001185    2.802260 ^ bm_01_10[0] (out)
                                              2.802260   data arrival time

                      0.000000   10.000000   10.000000   clock __VIRTUAL_CLK__ (rise edge)
                                  0.000000   10.000000   clock network delay (ideal)
                                 -0.250000    9.750000   clock uncertainty
                                  0.000000    9.750000   clock reconvergence pessimism
                                 -2.000000    7.750000   output external delay
                                              7.750000   data required time
---------------------------------------------------------------------------------------------
                                              7.750000   data required time
                                             -2.802260   data arrival time
---------------------------------------------------------------------------------------------
                                              4.947739   slack (MET)




===========================================================================
report_checks --slack_max -0.01
============================================================================
======================= nom_tt_025C_1v80 Corner ===================================

No paths found.


===========================================================================
 report_check_types -max_slew -max_cap -max_fanout -violators
============================================================================
======================= nom_tt_025C_1v80 Corner ===================================



===========================================================================
report_parasitic_annotation -report_unannotated
============================================================================
Found 0 unannotated drivers.
Found 0 partially unannotated drivers.

===========================================================================
max slew violation count 0
Writing metric design__max_slew_violation__count__corner:nom_tt_025C_1v80: 0
max fanout violation count 0
Writing metric design__max_fanout_violation__count__corner:nom_tt_025C_1v80: 0
max cap violation count 0
Writing metric design__max_cap_violation__count__corner:nom_tt_025C_1v80: 0
============================================================================

===========================================================================
check_setup -verbose -unconstrained_endpoints -multiple_clock -no_clock -no_input_delay -loops -generated_clocks
===========================================================================
%OL_END_REPORT
%OL_CREATE_REPORT power.rpt

===========================================================================
 report_power
============================================================================
======================= nom_tt_025C_1v80 Corner ===================================

Group                    Internal    Switching      Leakage        Total
                            Power        Power        Power        Power (Watts)
------------------------------------------------------------------------
Sequential           0.000000e+00 0.000000e+00 0.000000e+00 0.000000e+00   0.0%
Combinational        5.739547e-06 1.617411e-05 1.113129e-10 2.191377e-05 100.0%
Clock                0.000000e+00 0.000000e+00 1.814421e-10 1.814421e-10   0.0%
Macro                0.000000e+00 0.000000e+00 0.000000e+00 0.000000e+00   0.0%
Pad                  0.000000e+00 0.000000e+00 0.000000e+00 0.000000e+00   0.0%
------------------------------------------------------------------------
Total                5.739547e-06 1.617411e-05 2.927550e-10 2.191395e-05 100.0%
                            26.2%        73.8%         0.0%
Writing metric power__internal__total: 5.7395473049837165e-6
Writing metric power__switching__total: 1.6174113625311293e-5
Writing metric power__leakage__total: 2.927549869191637e-10
Writing metric power__total: 2.1913952878094278e-5

%OL_END_REPORT
%OL_CREATE_REPORT skew.min.rpt

===========================================================================
Clock Skew (Hold)
============================================================================
Writing metric clock__skew__worst_hold__corner:nom_tt_025C_1v80: 0.0
======================= nom_tt_025C_1v80 Corner ===================================

Clock __VIRTUAL_CLK__
No launch/capture paths found.

%OL_END_REPORT
%OL_CREATE_REPORT skew.max.rpt

===========================================================================
Clock Skew (Setup)
============================================================================
Writing metric clock__skew__worst_setup__corner:nom_tt_025C_1v80: 0.0
======================= nom_tt_025C_1v80 Corner ===================================

Clock __VIRTUAL_CLK__
No launch/capture paths found.

%OL_END_REPORT
%OL_CREATE_REPORT ws.min.rpt

===========================================================================
Worst Slack (Hold)
============================================================================
Writing metric timing__hold__ws__corner:nom_tt_025C_1v80: 4.187536658177531
nom_tt_025C_1v80: 4.187536658177531
%OL_END_REPORT
%OL_CREATE_REPORT ws.max.rpt

===========================================================================
Worst Slack (Setup)
============================================================================
Writing metric timing__setup__ws__corner:nom_tt_025C_1v80: 4.947739247239902
nom_tt_025C_1v80: 4.947739247239902
%OL_END_REPORT
%OL_CREATE_REPORT tns.min.rpt

===========================================================================
Total Negative Slack (Hold)
============================================================================
Writing metric timing__hold__tns__corner:nom_tt_025C_1v80: 0.0
nom_tt_025C_1v80: 0.0
%OL_END_REPORT
%OL_CREATE_REPORT tns.max.rpt

===========================================================================
Total Negative Slack (Setup)
============================================================================
Writing metric timing__setup__tns__corner:nom_tt_025C_1v80: 0.0
nom_tt_025C_1v80: 0.0
%OL_END_REPORT
%OL_CREATE_REPORT wns.min.rpt

===========================================================================
Worst Negative Slack (Hold)
============================================================================
Writing metric timing__hold__wns__corner:nom_tt_025C_1v80: 0
nom_tt_025C_1v80: 0
%OL_END_REPORT
%OL_CREATE_REPORT wns.max.rpt

===========================================================================
Worst Negative Slack (Setup)
============================================================================
Writing metric timing__setup__wns__corner:nom_tt_025C_1v80: 0.0
nom_tt_025C_1v80: 0.0
%OL_END_REPORT
%OL_CREATE_REPORT violator_list.rpt

===========================================================================
Violator List
============================================================================
Writing metric timing__hold_vio__count__corner:nom_tt_025C_1v80: 0
Writing metric timing__hold_r2r__ws__corner:nom_tt_025C_1v80: 1e30
Writing metric timing__hold_r2r_vio__count__corner:nom_tt_025C_1v80: 0
Writing metric timing__setup_vio__count__corner:nom_tt_025C_1v80: 0
Writing metric timing__setup_r2r__ws__corner:nom_tt_025C_1v80: 1e30
Writing metric timing__setup_r2r_vio__count__corner:nom_tt_025C_1v80: 0
%OL_END_REPORT
%OL_CREATE_REPORT unpropagated.rpt
__VIRTUAL_CLK__
%OL_END_REPORT
%OL_CREATE_REPORT clock.rpt
Clock: __VIRTUAL_CLK__
Sources: 
Generated: no
Virtual: yes
Propagated: no
Period: 10.000000

===========================================================================
report_clock_properties
============================================================================
Clock                   Period          Waveform
----------------------------------------------------
__VIRTUAL_CLK__      10.000000    0.000000  5.000000

===========================================================================
report_clock_latency
============================================================================
Clock __VIRTUAL_CLK__


===========================================================================
report_clock_min_period
============================================================================
__VIRTUAL_CLK__ period_min = 0.00 fmax = inf
%OL_END_REPORT
