Reading OpenROAD database at '/home/edabk/Desktop/Tu67/MARCO_ultra_9.7_final/runs/RUN_2026-01-22_15-55-06/21-odb-customioplacement/Viterbi_Top.odb'…
Reading library file at '/home/edabk/.volare/volare/sky130/versions/0fe599b2afb6708d281543108caf8310912f54af/sky130A/libs.ref/sky130_fd_sc_hd/lib/sky130_fd_sc_hd__tt_025C_1v80.lib'…
Reading library file at '/home/edabk/Desktop/Tu67/MARCO_ultra_9.7_final/Branch_Metrics/runs/Branch_Metrics_run/final/lib/max_ss_100C_1v60/Branch_Metrics__max_ss_100C_1v60.lib'…
Reading library file at '/home/edabk/Desktop/Tu67/MARCO_ultra_9.7_final/Controller/runs/Controller_run/final/lib/max_ss_100C_1v60/Controller__max_ss_100C_1v60.lib'…
Reading library file at '/home/edabk/Desktop/Tu67/MARCO_ultra_9.7_final/Path_Metric_Unit/runs/Path_Metric_Unit_run/final/lib/max_ss_100C_1v60/Path_Metric_Unit__max_ss_100C_1v60.lib'…
Reading library file at '/home/edabk/Desktop/Tu67/MARCO_ultra_9.7_final/Maximum_Path_Memory/runs/Maximum_Path_Memory_run/final/lib/max_ss_100C_1v60/Maximum_Path_Memory__max_ss_100C_1v60.lib'…
Reading library file at '/home/edabk/Desktop/Tu67/MARCO_ultra_9.7_final/Survivor_Memory_Unit/runs/Survivor_Memory_Unit_run/final/lib/max_ss_100C_1v60/Survivor_Memory_Unit__max_ss_100C_1v60.lib'…
Reading macro library file at '/home/edabk/Desktop/Tu67/MARCO_ultra_9.7_final/Branch_Metrics/runs/Branch_Metrics_run/final/lib/max_ss_100C_1v60/Branch_Metrics__max_ss_100C_1v60.lib'…
[WARNING STA-1140] /home/edabk/Desktop/Tu67/MARCO_ultra_9.7_final/Branch_Metrics/runs/Branch_Metrics_run/final/lib/max_ss_100C_1v60/Branch_Metrics__max_ss_100C_1v60.lib line 1, library Branch_Metrics already exists.
Reading macro library file at '/home/edabk/Desktop/Tu67/MARCO_ultra_9.7_final/Controller/runs/Controller_run/final/lib/max_ss_100C_1v60/Controller__max_ss_100C_1v60.lib'…
[WARNING STA-1140] /home/edabk/Desktop/Tu67/MARCO_ultra_9.7_final/Controller/runs/Controller_run/final/lib/max_ss_100C_1v60/Controller__max_ss_100C_1v60.lib line 1, library Controller already exists.
Reading macro library file at '/home/edabk/Desktop/Tu67/MARCO_ultra_9.7_final/Path_Metric_Unit/runs/Path_Metric_Unit_run/final/lib/max_ss_100C_1v60/Path_Metric_Unit__max_ss_100C_1v60.lib'…
[WARNING STA-1140] /home/edabk/Desktop/Tu67/MARCO_ultra_9.7_final/Path_Metric_Unit/runs/Path_Metric_Unit_run/final/lib/max_ss_100C_1v60/Path_Metric_Unit__max_ss_100C_1v60.lib line 1, library Path_Metric_Unit already exists.
Reading macro library file at '/home/edabk/Desktop/Tu67/MARCO_ultra_9.7_final/Maximum_Path_Memory/runs/Maximum_Path_Memory_run/final/lib/max_ss_100C_1v60/Maximum_Path_Memory__max_ss_100C_1v60.lib'…
[WARNING STA-1140] /home/edabk/Desktop/Tu67/MARCO_ultra_9.7_final/Maximum_Path_Memory/runs/Maximum_Path_Memory_run/final/lib/max_ss_100C_1v60/Maximum_Path_Memory__max_ss_100C_1v60.lib line 1, library Maximum_Path_Memory already exists.
Reading macro library file at '/home/edabk/Desktop/Tu67/MARCO_ultra_9.7_final/Survivor_Memory_Unit/runs/Survivor_Memory_Unit_run/final/lib/max_ss_100C_1v60/Survivor_Memory_Unit__max_ss_100C_1v60.lib'…
[WARNING STA-1140] /home/edabk/Desktop/Tu67/MARCO_ultra_9.7_final/Survivor_Memory_Unit/runs/Survivor_Memory_Unit_run/final/lib/max_ss_100C_1v60/Survivor_Memory_Unit__max_ss_100C_1v60.lib line 1, library Survivor_Memory_Unit already exists.
Reading design constraints file at '/nix/store/h0ldzjka94yryiq8yxbxmwargpnmwhx6-python3-3.11.9-env/lib/python3.11/site-packages/openlane/scripts/base.sdc'…
[INFO] Using clock clk…
[INFO] Setting output delay to: 20.0
[INFO] Setting input delay to: 20.0
[INFO] Setting load to: 0.033442
[INFO] Setting clock uncertainty to: 0.25
[INFO] Setting clock transition to: 0.1499999999999999944488848768742172978818416595458984375
[INFO] Setting timing derate to: 5%
[WARNING] All instances are FIXED/FIRM.
[WARNING] No need to perform global placement.
[WARNING] Skipping…
Setting global connections for newly added cells…
[INFO] Setting global connections...
BMU matched with BMU
CTRL matched with CTRL
PMU_Top matched with PMU_Top
MPM matched with MPM
SMU_Top matched with SMU_Top
Updating metrics…
Cell type report:                       Count       Area
  Macro                                     5   31000.00
  Fill cell                               680    2552.45
  Tap cell                               1703    2130.79
  Total                                  2388   35683.24
Writing OpenROAD database to '/home/edabk/Desktop/Tu67/MARCO_ultra_9.7_final/runs/RUN_2026-01-22_15-55-06/23-openroad-globalplacement/Viterbi_Top.odb'…
Writing netlist to '/home/edabk/Desktop/Tu67/MARCO_ultra_9.7_final/runs/RUN_2026-01-22_15-55-06/23-openroad-globalplacement/Viterbi_Top.nl.v'…
Writing powered netlist to '/home/edabk/Desktop/Tu67/MARCO_ultra_9.7_final/runs/RUN_2026-01-22_15-55-06/23-openroad-globalplacement/Viterbi_Top.pnl.v'…
Writing layout to '/home/edabk/Desktop/Tu67/MARCO_ultra_9.7_final/runs/RUN_2026-01-22_15-55-06/23-openroad-globalplacement/Viterbi_Top.def'…
Writing timing constraints to '/home/edabk/Desktop/Tu67/MARCO_ultra_9.7_final/runs/RUN_2026-01-22_15-55-06/23-openroad-globalplacement/Viterbi_Top.sdc'…
