Clock: clk
Sources: clk 
Generated: no
Virtual: yes
Propagated: no
Period: 100.000000

===========================================================================
report_clock_properties
============================================================================
Clock                   Period          Waveform
----------------------------------------------------
clk                 100.000000    0.000000 50.000000

===========================================================================
report_clock_latency
============================================================================
Clock clk
rise -> rise
    min     max
0.000000 0.000000 source latency
0.321538         network latency _097_/CLK
        0.324549 network latency _091_/CLK
---------------
0.321538 0.324549 latency
        0.003011 skew

fall -> fall
    min     max
0.000000 0.000000 source latency
0.313875         network latency _097_/CLK
        0.316902 network latency _085_/CLK
---------------
0.313875 0.316902 latency
        0.003027 skew



===========================================================================
report_clock_min_period
============================================================================
clk period_min = 1.31 fmax = 764.62
