
Cell sky130_fd_sc_hd__decap_3 (0) disconnected node: VGND
Cell sky130_fd_sc_hd__decap_3 (0) disconnected node: VNB
Cell sky130_fd_sc_hd__decap_3 (0) disconnected node: VPB
Cell sky130_fd_sc_hd__decap_3 (0) disconnected node: VPWR

Subcircuit pins:
Circuit 1: sky130_fd_sc_hd__decap_3        |Circuit 2: sky130_fd_sc_hd__decap_3        
-------------------------------------------|-------------------------------------------
VGND                                       |VGND                                       
VNB                                        |VNB                                        
VPB                                        |VPB                                        
VPWR                                       |VPWR                                       
---------------------------------------------------------------------------------------
Cell pin lists are equivalent.
Device classes sky130_fd_sc_hd__decap_3 and sky130_fd_sc_hd__decap_3 are equivalent.

Cell sky130_ef_sc_hd__decap_12 (0) disconnected node: VPWR
Cell sky130_ef_sc_hd__decap_12 (0) disconnected node: VGND
Cell sky130_ef_sc_hd__decap_12 (0) disconnected node: VPB
Cell sky130_ef_sc_hd__decap_12 (0) disconnected node: VNB

Subcircuit pins:
Circuit 1: sky130_ef_sc_hd__decap_12       |Circuit 2: sky130_ef_sc_hd__decap_12       
-------------------------------------------|-------------------------------------------
VPWR                                       |VPWR                                       
VGND                                       |VGND                                       
VPB                                        |VPB                                        
VNB                                        |VNB                                        
---------------------------------------------------------------------------------------
Cell pin lists are equivalent.
Device classes sky130_ef_sc_hd__decap_12 and sky130_ef_sc_hd__decap_12 are equivalent.

Cell sky130_fd_sc_hd__decap_6 (0) disconnected node: VGND
Cell sky130_fd_sc_hd__decap_6 (0) disconnected node: VNB
Cell sky130_fd_sc_hd__decap_6 (0) disconnected node: VPB
Cell sky130_fd_sc_hd__decap_6 (0) disconnected node: VPWR

Subcircuit pins:
Circuit 1: sky130_fd_sc_hd__decap_6        |Circuit 2: sky130_fd_sc_hd__decap_6        
-------------------------------------------|-------------------------------------------
VGND                                       |VGND                                       
VNB                                        |VNB                                        
VPB                                        |VPB                                        
VPWR                                       |VPWR                                       
---------------------------------------------------------------------------------------
Cell pin lists are equivalent.
Device classes sky130_fd_sc_hd__decap_6 and sky130_fd_sc_hd__decap_6 are equivalent.

Cell sky130_fd_sc_hd__fill_1 (0) disconnected node: VGND
Cell sky130_fd_sc_hd__fill_1 (0) disconnected node: VNB
Cell sky130_fd_sc_hd__fill_1 (0) disconnected node: VPB
Cell sky130_fd_sc_hd__fill_1 (0) disconnected node: VPWR
Cell sky130_fd_sc_hd__fill_1 (1) disconnected node: VGND
Cell sky130_fd_sc_hd__fill_1 (1) disconnected node: VNB
Cell sky130_fd_sc_hd__fill_1 (1) disconnected node: VPB
Cell sky130_fd_sc_hd__fill_1 (1) disconnected node: VPWR

Subcircuit pins:
Circuit 1: sky130_fd_sc_hd__fill_1         |Circuit 2: sky130_fd_sc_hd__fill_1         
-------------------------------------------|-------------------------------------------
VGND                                       |VGND                                       
VNB                                        |VNB                                        
VPB                                        |VPB                                        
VPWR                                       |VPWR                                       
---------------------------------------------------------------------------------------
Cell pin lists are equivalent.
Device classes sky130_fd_sc_hd__fill_1 and sky130_fd_sc_hd__fill_1 are equivalent.

Cell sky130_fd_sc_hd__tapvpwrvgnd_1 (0) disconnected node: VGND
Cell sky130_fd_sc_hd__tapvpwrvgnd_1 (0) disconnected node: VPWR
Cell sky130_fd_sc_hd__tapvpwrvgnd_1 (1) disconnected node: VGND
Cell sky130_fd_sc_hd__tapvpwrvgnd_1 (1) disconnected node: VPWR

Subcircuit pins:
Circuit 1: sky130_fd_sc_hd__tapvpwrvgnd_1  |Circuit 2: sky130_fd_sc_hd__tapvpwrvgnd_1  
-------------------------------------------|-------------------------------------------
VGND                                       |VGND                                       
VPWR                                       |VPWR                                       
---------------------------------------------------------------------------------------
Cell pin lists are equivalent.
Device classes sky130_fd_sc_hd__tapvpwrvgnd_1 and sky130_fd_sc_hd__tapvpwrvgnd_1 are equivalent.

Cell sky130_fd_sc_hd__decap_8 (0) disconnected node: VGND
Cell sky130_fd_sc_hd__decap_8 (0) disconnected node: VNB
Cell sky130_fd_sc_hd__decap_8 (0) disconnected node: VPB
Cell sky130_fd_sc_hd__decap_8 (0) disconnected node: VPWR

Subcircuit pins:
Circuit 1: sky130_fd_sc_hd__decap_8        |Circuit 2: sky130_fd_sc_hd__decap_8        
-------------------------------------------|-------------------------------------------
VGND                                       |VGND                                       
VNB                                        |VNB                                        
VPB                                        |VPB                                        
VPWR                                       |VPWR                                       
---------------------------------------------------------------------------------------
Cell pin lists are equivalent.
Device classes sky130_fd_sc_hd__decap_8 and sky130_fd_sc_hd__decap_8 are equivalent.

Cell sky130_fd_sc_hd__decap_4 (0) disconnected node: VGND
Cell sky130_fd_sc_hd__decap_4 (0) disconnected node: VNB
Cell sky130_fd_sc_hd__decap_4 (0) disconnected node: VPB
Cell sky130_fd_sc_hd__decap_4 (0) disconnected node: VPWR

Subcircuit pins:
Circuit 1: sky130_fd_sc_hd__decap_4        |Circuit 2: sky130_fd_sc_hd__decap_4        
-------------------------------------------|-------------------------------------------
VGND                                       |VGND                                       
VNB                                        |VNB                                        
VPB                                        |VPB                                        
VPWR                                       |VPWR                                       
---------------------------------------------------------------------------------------
Cell pin lists are equivalent.
Device classes sky130_fd_sc_hd__decap_4 and sky130_fd_sc_hd__decap_4 are equivalent.

Cell sky130_fd_sc_hd__diode_2 (0) disconnected node: DIODE
Cell sky130_fd_sc_hd__diode_2 (0) disconnected node: VGND
Cell sky130_fd_sc_hd__diode_2 (0) disconnected node: VNB
Cell sky130_fd_sc_hd__diode_2 (0) disconnected node: VPB
Cell sky130_fd_sc_hd__diode_2 (0) disconnected node: VPWR
Cell sky130_fd_sc_hd__diode_2 (1) disconnected node: VGND
Cell sky130_fd_sc_hd__diode_2 (1) disconnected node: VPB
Cell sky130_fd_sc_hd__diode_2 (1) disconnected node: VPWR

Subcircuit pins:
Circuit 1: sky130_fd_sc_hd__diode_2        |Circuit 2: sky130_fd_sc_hd__diode_2        
-------------------------------------------|-------------------------------------------
DIODE                                      |DIODE                                      
VGND                                       |VGND                                       
VNB                                        |VNB                                        
VPB                                        |VPB                                        
VPWR                                       |VPWR                                       
---------------------------------------------------------------------------------------
Cell pin lists are equivalent.
Device classes sky130_fd_sc_hd__diode_2 and sky130_fd_sc_hd__diode_2 are equivalent.

Cell sky130_fd_sc_hd__fill_2 (0) disconnected node: VGND
Cell sky130_fd_sc_hd__fill_2 (0) disconnected node: VNB
Cell sky130_fd_sc_hd__fill_2 (0) disconnected node: VPB
Cell sky130_fd_sc_hd__fill_2 (0) disconnected node: VPWR
Cell sky130_fd_sc_hd__fill_2 (1) disconnected node: VGND
Cell sky130_fd_sc_hd__fill_2 (1) disconnected node: VNB
Cell sky130_fd_sc_hd__fill_2 (1) disconnected node: VPB
Cell sky130_fd_sc_hd__fill_2 (1) disconnected node: VPWR

Subcircuit pins:
Circuit 1: sky130_fd_sc_hd__fill_2         |Circuit 2: sky130_fd_sc_hd__fill_2         
-------------------------------------------|-------------------------------------------
VGND                                       |VGND                                       
VNB                                        |VNB                                        
VPB                                        |VPB                                        
VPWR                                       |VPWR                                       
---------------------------------------------------------------------------------------
Cell pin lists are equivalent.
Device classes sky130_fd_sc_hd__fill_2 and sky130_fd_sc_hd__fill_2 are equivalent.

Cell Maximum_Path_Memory (0) disconnected node: VGND
Cell Maximum_Path_Memory (0) disconnected node: VPWR
Cell Maximum_Path_Memory (0) disconnected node: prev_00[0]
Cell Maximum_Path_Memory (0) disconnected node: prev_00[1]
Cell Maximum_Path_Memory (0) disconnected node: prev_00[2]
Cell Maximum_Path_Memory (0) disconnected node: prev_00[3]
Cell Maximum_Path_Memory (0) disconnected node: prev_01[0]
Cell Maximum_Path_Memory (0) disconnected node: prev_01[1]
Cell Maximum_Path_Memory (0) disconnected node: prev_01[2]
Cell Maximum_Path_Memory (0) disconnected node: prev_01[3]
Cell Maximum_Path_Memory (0) disconnected node: prev_10[0]
Cell Maximum_Path_Memory (0) disconnected node: prev_10[1]
Cell Maximum_Path_Memory (0) disconnected node: prev_10[2]
Cell Maximum_Path_Memory (0) disconnected node: prev_10[3]
Cell Maximum_Path_Memory (0) disconnected node: prev_11[0]
Cell Maximum_Path_Memory (0) disconnected node: prev_11[1]
Cell Maximum_Path_Memory (0) disconnected node: prev_11[2]
Cell Maximum_Path_Memory (0) disconnected node: prev_11[3]
Cell Maximum_Path_Memory (0) disconnected node: winner_state[0]
Cell Maximum_Path_Memory (0) disconnected node: winner_state[1]

Subcircuit pins:
Circuit 1: Maximum_Path_Memory             |Circuit 2: Maximum_Path_Memory             
-------------------------------------------|-------------------------------------------
VGND                                       |VGND                                       
VPWR                                       |VPWR                                       
prev_00[0]                                 |prev_00[0]                                 
prev_00[1]                                 |prev_00[1]                                 
prev_00[2]                                 |prev_00[2]                                 
prev_00[3]                                 |prev_00[3]                                 
prev_01[0]                                 |prev_01[0]                                 
prev_01[1]                                 |prev_01[1]                                 
prev_01[2]                                 |prev_01[2]                                 
prev_01[3]                                 |prev_01[3]                                 
prev_10[0]                                 |prev_10[0]                                 
prev_10[1]                                 |prev_10[1]                                 
prev_10[2]                                 |prev_10[2]                                 
prev_10[3]                                 |prev_10[3]                                 
prev_11[0]                                 |prev_11[0]                                 
prev_11[1]                                 |prev_11[1]                                 
prev_11[2]                                 |prev_11[2]                                 
prev_11[3]                                 |prev_11[3]                                 
winner_state[0]                            |winner_state[0]                            
winner_state[1]                            |winner_state[1]                            
---------------------------------------------------------------------------------------
Cell pin lists are equivalent.
Device classes Maximum_Path_Memory and Maximum_Path_Memory are equivalent.

Cell sky130_fd_sc_hd__buf_2 (0) disconnected node: A
Cell sky130_fd_sc_hd__buf_2 (0) disconnected node: VGND
Cell sky130_fd_sc_hd__buf_2 (0) disconnected node: VNB
Cell sky130_fd_sc_hd__buf_2 (0) disconnected node: VPB
Cell sky130_fd_sc_hd__buf_2 (0) disconnected node: VPWR
Cell sky130_fd_sc_hd__buf_2 (0) disconnected node: X

Subcircuit pins:
Circuit 1: sky130_fd_sc_hd__buf_2          |Circuit 2: sky130_fd_sc_hd__buf_2          
-------------------------------------------|-------------------------------------------
A                                          |A                                          
VGND                                       |VGND                                       
VNB                                        |VNB                                        
VPB                                        |VPB                                        
VPWR                                       |VPWR                                       
X                                          |X                                          
---------------------------------------------------------------------------------------
Cell pin lists are equivalent.
Device classes sky130_fd_sc_hd__buf_2 and sky130_fd_sc_hd__buf_2 are equivalent.

Cell sky130_fd_sc_hd__clkinvlp_4 (0) disconnected node: A
Cell sky130_fd_sc_hd__clkinvlp_4 (0) disconnected node: VGND
Cell sky130_fd_sc_hd__clkinvlp_4 (0) disconnected node: VNB
Cell sky130_fd_sc_hd__clkinvlp_4 (0) disconnected node: VPB
Cell sky130_fd_sc_hd__clkinvlp_4 (0) disconnected node: VPWR
Cell sky130_fd_sc_hd__clkinvlp_4 (0) disconnected node: Y

Subcircuit pins:
Circuit 1: sky130_fd_sc_hd__clkinvlp_4     |Circuit 2: sky130_fd_sc_hd__clkinvlp_4     
-------------------------------------------|-------------------------------------------
A                                          |A                                          
VGND                                       |VGND                                       
VNB                                        |VNB                                        
VPB                                        |VPB                                        
VPWR                                       |VPWR                                       
Y                                          |Y                                          
---------------------------------------------------------------------------------------
Cell pin lists are equivalent.
Device classes sky130_fd_sc_hd__clkinvlp_4 and sky130_fd_sc_hd__clkinvlp_4 are equivalent.

Cell sky130_fd_sc_hd__clkbuf_16 (0) disconnected node: A
Cell sky130_fd_sc_hd__clkbuf_16 (0) disconnected node: VGND
Cell sky130_fd_sc_hd__clkbuf_16 (0) disconnected node: VNB
Cell sky130_fd_sc_hd__clkbuf_16 (0) disconnected node: VPB
Cell sky130_fd_sc_hd__clkbuf_16 (0) disconnected node: VPWR
Cell sky130_fd_sc_hd__clkbuf_16 (0) disconnected node: X

Subcircuit pins:
Circuit 1: sky130_fd_sc_hd__clkbuf_16      |Circuit 2: sky130_fd_sc_hd__clkbuf_16      
-------------------------------------------|-------------------------------------------
A                                          |A                                          
VGND                                       |VGND                                       
VNB                                        |VNB                                        
VPB                                        |VPB                                        
VPWR                                       |VPWR                                       
X                                          |X                                          
---------------------------------------------------------------------------------------
Cell pin lists are equivalent.
Device classes sky130_fd_sc_hd__clkbuf_16 and sky130_fd_sc_hd__clkbuf_16 are equivalent.

Cell Branch_Metrics (0) disconnected node: VGND
Cell Branch_Metrics (0) disconnected node: VPWR
Cell Branch_Metrics (0) disconnected node: bm_00_00[0]
Cell Branch_Metrics (0) disconnected node: bm_00_00[1]
Cell Branch_Metrics (0) disconnected node: bm_00_10[0]
Cell Branch_Metrics (0) disconnected node: bm_00_10[1]
Cell Branch_Metrics (0) disconnected node: bm_01_00[0]
Cell Branch_Metrics (0) disconnected node: bm_01_00[1]
Cell Branch_Metrics (0) disconnected node: bm_01_10[0]
Cell Branch_Metrics (0) disconnected node: bm_01_10[1]
Cell Branch_Metrics (0) disconnected node: bm_10_01[0]
Cell Branch_Metrics (0) disconnected node: bm_10_01[1]
Cell Branch_Metrics (0) disconnected node: bm_10_11[0]
Cell Branch_Metrics (0) disconnected node: bm_10_11[1]
Cell Branch_Metrics (0) disconnected node: bm_11_01[0]
Cell Branch_Metrics (0) disconnected node: bm_11_01[1]
Cell Branch_Metrics (0) disconnected node: bm_11_11[0]
Cell Branch_Metrics (0) disconnected node: bm_11_11[1]
Cell Branch_Metrics (0) disconnected node: received[0]
Cell Branch_Metrics (0) disconnected node: received[1]

Subcircuit pins:
Circuit 1: Branch_Metrics                  |Circuit 2: Branch_Metrics                  
-------------------------------------------|-------------------------------------------
VGND                                       |VGND                                       
VPWR                                       |VPWR                                       
bm_00_00[0]                                |bm_00_00[0]                                
bm_00_00[1]                                |bm_00_00[1]                                
bm_00_10[0]                                |bm_00_10[0]                                
bm_00_10[1]                                |bm_00_10[1]                                
bm_01_00[0]                                |bm_01_00[0]                                
bm_01_00[1]                                |bm_01_00[1]                                
bm_01_10[0]                                |bm_01_10[0]                                
bm_01_10[1]                                |bm_01_10[1]                                
bm_10_01[0]                                |bm_10_01[0]                                
bm_10_01[1]                                |bm_10_01[1]                                
bm_10_11[0]                                |bm_10_11[0]                                
bm_10_11[1]                                |bm_10_11[1]                                
bm_11_01[0]                                |bm_11_01[0]                                
bm_11_01[1]                                |bm_11_01[1]                                
bm_11_11[0]                                |bm_11_11[0]                                
bm_11_11[1]                                |bm_11_11[1]                                
received[0]                                |received[0]                                
received[1]                                |received[1]                                
---------------------------------------------------------------------------------------
Cell pin lists are equivalent.
Device classes Branch_Metrics and Branch_Metrics are equivalent.

Cell sky130_fd_sc_hd__buf_1 (0) disconnected node: A
Cell sky130_fd_sc_hd__buf_1 (0) disconnected node: VGND
Cell sky130_fd_sc_hd__buf_1 (0) disconnected node: VNB
Cell sky130_fd_sc_hd__buf_1 (0) disconnected node: VPB
Cell sky130_fd_sc_hd__buf_1 (0) disconnected node: VPWR
Cell sky130_fd_sc_hd__buf_1 (0) disconnected node: X

Subcircuit pins:
Circuit 1: sky130_fd_sc_hd__buf_1          |Circuit 2: sky130_fd_sc_hd__buf_1          
-------------------------------------------|-------------------------------------------
A                                          |A                                          
VGND                                       |VGND                                       
VNB                                        |VNB                                        
VPB                                        |VPB                                        
VPWR                                       |VPWR                                       
X                                          |X                                          
---------------------------------------------------------------------------------------
Cell pin lists are equivalent.
Device classes sky130_fd_sc_hd__buf_1 and sky130_fd_sc_hd__buf_1 are equivalent.

Cell sky130_fd_sc_hd__dlymetal6s2s_1 (0) disconnected node: A
Cell sky130_fd_sc_hd__dlymetal6s2s_1 (0) disconnected node: VGND
Cell sky130_fd_sc_hd__dlymetal6s2s_1 (0) disconnected node: VNB
Cell sky130_fd_sc_hd__dlymetal6s2s_1 (0) disconnected node: VPB
Cell sky130_fd_sc_hd__dlymetal6s2s_1 (0) disconnected node: VPWR
Cell sky130_fd_sc_hd__dlymetal6s2s_1 (0) disconnected node: X

Subcircuit pins:
Circuit 1: sky130_fd_sc_hd__dlymetal6s2s_1 |Circuit 2: sky130_fd_sc_hd__dlymetal6s2s_1 
-------------------------------------------|-------------------------------------------
A                                          |A                                          
VGND                                       |VGND                                       
VNB                                        |VNB                                        
VPB                                        |VPB                                        
VPWR                                       |VPWR                                       
X                                          |X                                          
---------------------------------------------------------------------------------------
Cell pin lists are equivalent.
Device classes sky130_fd_sc_hd__dlymetal6s2s_1 and sky130_fd_sc_hd__dlymetal6s2s_1 are equivalent.

Cell Survivor_Memory_Unit (0) disconnected node: VGND
Cell Survivor_Memory_Unit (0) disconnected node: VPWR
Cell Survivor_Memory_Unit (0) disconnected node: clk
Cell Survivor_Memory_Unit (0) disconnected node: decoded_out[0]
Cell Survivor_Memory_Unit (0) disconnected node: decoded_out[1]
Cell Survivor_Memory_Unit (0) disconnected node: decoded_out[2]
Cell Survivor_Memory_Unit (0) disconnected node: decoded_out[3]
Cell Survivor_Memory_Unit (0) disconnected node: decoded_out[4]
Cell Survivor_Memory_Unit (0) disconnected node: decoded_out[5]
Cell Survivor_Memory_Unit (0) disconnected node: decoded_out[6]
Cell Survivor_Memory_Unit (0) disconnected node: decoded_out[7]
Cell Survivor_Memory_Unit (0) disconnected node: rst_n
Cell Survivor_Memory_Unit (0) disconnected node: survivor_select_00
Cell Survivor_Memory_Unit (0) disconnected node: survivor_select_01
Cell Survivor_Memory_Unit (0) disconnected node: survivor_select_10
Cell Survivor_Memory_Unit (0) disconnected node: survivor_select_11
Cell Survivor_Memory_Unit (0) disconnected node: winner_state[0]
Cell Survivor_Memory_Unit (0) disconnected node: winner_state[1]

Subcircuit pins:
Circuit 1: Survivor_Memory_Unit            |Circuit 2: Survivor_Memory_Unit            
-------------------------------------------|-------------------------------------------
VGND                                       |VGND                                       
VPWR                                       |VPWR                                       
clk                                        |clk                                        
decoded_out[0]                             |decoded_out[0]                             
decoded_out[1]                             |decoded_out[1]                             
decoded_out[2]                             |decoded_out[2]                             
decoded_out[3]                             |decoded_out[3]                             
decoded_out[4]                             |decoded_out[4]                             
decoded_out[5]                             |decoded_out[5]                             
decoded_out[6]                             |decoded_out[6]                             
decoded_out[7]                             |decoded_out[7]                             
rst_n                                      |rst_n                                      
survivor_select_00                         |survivor_select_00                         
survivor_select_01                         |survivor_select_01                         
survivor_select_10                         |survivor_select_10                         
survivor_select_11                         |survivor_select_11                         
winner_state[0]                            |winner_state[0]                            
winner_state[1]                            |winner_state[1]                            
---------------------------------------------------------------------------------------
Cell pin lists are equivalent.
Device classes Survivor_Memory_Unit and Survivor_Memory_Unit are equivalent.

Cell Controller (0) disconnected node: VGND
Cell Controller (0) disconnected node: VPWR
Cell Controller (0) disconnected node: clk
Cell Controller (0) disconnected node: clr_me
Cell Controller (0) disconnected node: frame_done
Cell Controller (0) disconnected node: rst_n
Cell Controller (0) disconnected node: start

Subcircuit pins:
Circuit 1: Controller                      |Circuit 2: Controller                      
-------------------------------------------|-------------------------------------------
VGND                                       |VGND                                       
VPWR                                       |VPWR                                       
clk                                        |clk                                        
clr_me                                     |clr_me                                     
frame_done                                 |frame_done                                 
rst_n                                      |rst_n                                      
start                                      |start                                      
---------------------------------------------------------------------------------------
Cell pin lists are equivalent.
Device classes Controller and Controller are equivalent.

Cell Path_Metric_Unit (0) disconnected node: VGND
Cell Path_Metric_Unit (0) disconnected node: VPWR
Cell Path_Metric_Unit (0) disconnected node: bm_00_00[0]
Cell Path_Metric_Unit (0) disconnected node: bm_00_00[1]
Cell Path_Metric_Unit (0) disconnected node: bm_00_10[0]
Cell Path_Metric_Unit (0) disconnected node: bm_00_10[1]
Cell Path_Metric_Unit (0) disconnected node: bm_01_00[0]
Cell Path_Metric_Unit (0) disconnected node: bm_01_00[1]
Cell Path_Metric_Unit (0) disconnected node: bm_01_10[0]
Cell Path_Metric_Unit (0) disconnected node: bm_01_10[1]
Cell Path_Metric_Unit (0) disconnected node: bm_10_01[0]
Cell Path_Metric_Unit (0) disconnected node: bm_10_01[1]
Cell Path_Metric_Unit (0) disconnected node: bm_10_11[0]
Cell Path_Metric_Unit (0) disconnected node: bm_10_11[1]
Cell Path_Metric_Unit (0) disconnected node: bm_11_01[0]
Cell Path_Metric_Unit (0) disconnected node: bm_11_01[1]
Cell Path_Metric_Unit (0) disconnected node: bm_11_11[0]
Cell Path_Metric_Unit (0) disconnected node: bm_11_11[1]
Cell Path_Metric_Unit (0) disconnected node: clk
Cell Path_Metric_Unit (0) disconnected node: clr_me
Cell Path_Metric_Unit (0) disconnected node: current_metric_00[0]
Cell Path_Metric_Unit (0) disconnected node: current_metric_00[1]
Cell Path_Metric_Unit (0) disconnected node: current_metric_00[2]
Cell Path_Metric_Unit (0) disconnected node: current_metric_00[3]
Cell Path_Metric_Unit (0) disconnected node: current_metric_01[0]
Cell Path_Metric_Unit (0) disconnected node: current_metric_01[1]
Cell Path_Metric_Unit (0) disconnected node: current_metric_01[2]
Cell Path_Metric_Unit (0) disconnected node: current_metric_01[3]
Cell Path_Metric_Unit (0) disconnected node: current_metric_10[0]
Cell Path_Metric_Unit (0) disconnected node: current_metric_10[1]
Cell Path_Metric_Unit (0) disconnected node: current_metric_10[2]
Cell Path_Metric_Unit (0) disconnected node: current_metric_10[3]
Cell Path_Metric_Unit (0) disconnected node: current_metric_11[0]
Cell Path_Metric_Unit (0) disconnected node: current_metric_11[1]
Cell Path_Metric_Unit (0) disconnected node: current_metric_11[2]
Cell Path_Metric_Unit (0) disconnected node: current_metric_11[3]
Cell Path_Metric_Unit (0) disconnected node: rst_n
Cell Path_Metric_Unit (0) disconnected node: servivor_select_00
Cell Path_Metric_Unit (0) disconnected node: servivor_select_01
Cell Path_Metric_Unit (0) disconnected node: servivor_select_10
Cell Path_Metric_Unit (0) disconnected node: servivor_select_11

Subcircuit pins:
Circuit 1: Path_Metric_Unit                |Circuit 2: Path_Metric_Unit                
-------------------------------------------|-------------------------------------------
VGND                                       |VGND                                       
VPWR                                       |VPWR                                       
bm_00_00[0]                                |bm_00_00[0]                                
bm_00_00[1]                                |bm_00_00[1]                                
bm_00_10[0]                                |bm_00_10[0]                                
bm_00_10[1]                                |bm_00_10[1]                                
bm_01_00[0]                                |bm_01_00[0]                                
bm_01_00[1]                                |bm_01_00[1]                                
bm_01_10[0]                                |bm_01_10[0]                                
bm_01_10[1]                                |bm_01_10[1]                                
bm_10_01[0]                                |bm_10_01[0]                                
bm_10_01[1]                                |bm_10_01[1]                                
bm_10_11[0]                                |bm_10_11[0]                                
bm_10_11[1]                                |bm_10_11[1]                                
bm_11_01[0]                                |bm_11_01[0]                                
bm_11_01[1]                                |bm_11_01[1]                                
bm_11_11[0]                                |bm_11_11[0]                                
bm_11_11[1]                                |bm_11_11[1]                                
clk                                        |clk                                        
clr_me                                     |clr_me                                     
current_metric_00[0]                       |current_metric_00[0]                       
current_metric_00[1]                       |current_metric_00[1]                       
current_metric_00[2]                       |current_metric_00[2]                       
current_metric_00[3]                       |current_metric_00[3]                       
current_metric_01[0]                       |current_metric_01[0]                       
current_metric_01[1]                       |current_metric_01[1]                       
current_metric_01[2]                       |current_metric_01[2]                       
current_metric_01[3]                       |current_metric_01[3]                       
current_metric_10[0]                       |current_metric_10[0]                       
current_metric_10[1]                       |current_metric_10[1]                       
current_metric_10[2]                       |current_metric_10[2]                       
current_metric_10[3]                       |current_metric_10[3]                       
current_metric_11[0]                       |current_metric_11[0]                       
current_metric_11[1]                       |current_metric_11[1]                       
current_metric_11[2]                       |current_metric_11[2]                       
current_metric_11[3]                       |current_metric_11[3]                       
rst_n                                      |rst_n                                      
servivor_select_00                         |servivor_select_00                         
servivor_select_01                         |servivor_select_01                         
servivor_select_10                         |servivor_select_10                         
servivor_select_11                         |servivor_select_11                         
---------------------------------------------------------------------------------------
Cell pin lists are equivalent.
Device classes Path_Metric_Unit and Path_Metric_Unit are equivalent.

Class Viterbi_Top (0):  Merged 12339 parallel devices.
Class Viterbi_Top (1):  Merged 12339 parallel devices.
Subcircuit summary:
Circuit 1: Viterbi_Top                     |Circuit 2: Viterbi_Top                     
-------------------------------------------|-------------------------------------------
sky130_fd_sc_hd__decap_3 (998->1)          |sky130_fd_sc_hd__decap_3 (998->1)          
sky130_ef_sc_hd__decap_12 (6421->1)        |sky130_ef_sc_hd__decap_12 (6421->1)        
sky130_fd_sc_hd__decap_6 (1245->1)         |sky130_fd_sc_hd__decap_6 (1245->1)         
sky130_fd_sc_hd__fill_1 (1580->1)          |sky130_fd_sc_hd__fill_1 (1580->1)          
sky130_fd_sc_hd__tapvpwrvgnd_1 (1703->1)   |sky130_fd_sc_hd__tapvpwrvgnd_1 (1703->1)   
sky130_fd_sc_hd__decap_8 (148->1)          |sky130_fd_sc_hd__decap_8 (148->1)          
sky130_fd_sc_hd__decap_4 (156->1)          |sky130_fd_sc_hd__decap_4 (156->1)          
sky130_fd_sc_hd__diode_2 (62->32)          |sky130_fd_sc_hd__diode_2 (62->32)          
sky130_fd_sc_hd__fill_2 (66->1)            |sky130_fd_sc_hd__fill_2 (66->1)            
Maximum_Path_Memory (1)                    |Maximum_Path_Memory (1)                    
sky130_fd_sc_hd__buf_2 (10)                |sky130_fd_sc_hd__buf_2 (10)                
sky130_fd_sc_hd__clkinvlp_4 (1)            |sky130_fd_sc_hd__clkinvlp_4 (1)            
sky130_fd_sc_hd__clkbuf_16 (3)             |sky130_fd_sc_hd__clkbuf_16 (3)             
Branch_Metrics (1)                         |Branch_Metrics (1)                         
sky130_fd_sc_hd__buf_1 (2)                 |sky130_fd_sc_hd__buf_1 (2)                 
sky130_fd_sc_hd__dlymetal6s2s_1 (1)        |sky130_fd_sc_hd__dlymetal6s2s_1 (1)        
Survivor_Memory_Unit (1)                   |Survivor_Memory_Unit (1)                   
Controller (1)                             |Controller (1)                             
Path_Metric_Unit (1)                       |Path_Metric_Unit (1)                       
Number of devices: 62                      |Number of devices: 62                      
Number of nets: 72                         |Number of nets: 72                         
---------------------------------------------------------------------------------------
Netlists match uniquely.

Subcircuit pins:
Circuit 1: Viterbi_Top                     |Circuit 2: Viterbi_Top                     
-------------------------------------------|-------------------------------------------
decoded_out[4]                             |decoded_out[4]                             
decoded_out[5]                             |decoded_out[5]                             
decoded_out[1]                             |decoded_out[1]                             
decoded_out[0]                             |decoded_out[0]                             
frame_done                                 |frame_done                                 
decoded_out[7]                             |decoded_out[7]                             
decoded_out[6]                             |decoded_out[6]                             
decoded_out[3]                             |decoded_out[3]                             
decoded_out[2]                             |decoded_out[2]                             
received[0]                                |received[0]                                
received[1]                                |received[1]                                
rst_n                                      |rst_n                                      
start                                      |start                                      
clk                                        |clk                                        
VGND                                       |VGND                                       
VPWR                                       |VPWR                                       
---------------------------------------------------------------------------------------
Cell pin lists are equivalent.
Device classes Viterbi_Top and Viterbi_Top are equivalent.

Final result: Circuits match uniquely.
.
