
===========================================================================
report_checks -path_delay max (Setup)
============================================================================
======================= nom_tt_025C_1v80 Corner ===================================

Startpoint: prev_10[3] (input port clocked by __VIRTUAL_CLK__)
Endpoint: winner_state[0] (output port clocked by __VIRTUAL_CLK__)
Path Group: __VIRTUAL_CLK__
Path Type: max

Fanout         Cap        Slew       Delay        Time   Description
---------------------------------------------------------------------------------------------
                      0.000000    0.000000    0.000000   clock __VIRTUAL_CLK__ (rise edge)
                                  0.000000    0.000000   clock network delay (ideal)
                                  2.000000    2.000000 v input external delay
     4    0.009369    0.023519    0.015140    2.015140 v prev_10[3] (in)
                                                         prev_10[3] (net)
                      0.023519    0.000000    2.015140 v _60_/A (sky130_fd_sc_hd__or2_2)
     2    0.004442    0.061173    0.288855    2.303995 v _60_/X (sky130_fd_sc_hd__or2_2)
                                                         _21_ (net)
                      0.061173    0.000000    2.303995 v _63_/A2 (sky130_fd_sc_hd__a211o_2)
     1    0.002253    0.045220    0.322673    2.626668 v _63_/X (sky130_fd_sc_hd__a211o_2)
                                                         _24_ (net)
                      0.045220    0.000000    2.626668 v _64_/C1 (sky130_fd_sc_hd__o221a_2)
     4    0.011660    0.069461    0.145421    2.772089 v _64_/X (sky130_fd_sc_hd__o221a_2)
                                                         _25_ (net)
                      0.069461    0.000000    2.772089 v _72_/S (sky130_fd_sc_hd__mux2_1)
     2    0.004362    0.065169    0.324742    3.096831 v _72_/X (sky130_fd_sc_hd__mux2_1)
                                                         _33_ (net)
                      0.065169    0.000000    3.096831 v _76_/A3 (sky130_fd_sc_hd__a311o_2)
     1    0.004124    0.058697    0.390321    3.487152 v _76_/X (sky130_fd_sc_hd__a311o_2)
                                                         _37_ (net)
                      0.058697    0.000000    3.487152 v _78_/A2 (sky130_fd_sc_hd__o21ai_2)
     2    0.036962    0.434756    0.359917    3.847070 ^ _78_/Y (sky130_fd_sc_hd__o21ai_2)
                                                         winner_state[1] (net)
                      0.434756    0.000000    3.847070 ^ _79_/S (sky130_fd_sc_hd__mux2_1)
     1    0.033442    0.188371    0.512788    4.359858 v _79_/X (sky130_fd_sc_hd__mux2_1)
                                                         winner_state[0] (net)
                      0.188371    0.000000    4.359858 v winner_state[0] (out)
                                              4.359858   data arrival time

                      0.000000   10.000000   10.000000   clock __VIRTUAL_CLK__ (rise edge)
                                  0.000000   10.000000   clock network delay (ideal)
                                 -0.250000    9.750000   clock uncertainty
                                  0.000000    9.750000   clock reconvergence pessimism
                                 -2.000000    7.750000   output external delay
                                              7.750000   data required time
---------------------------------------------------------------------------------------------
                                              7.750000   data required time
                                             -4.359858   data arrival time
---------------------------------------------------------------------------------------------
                                              3.390142   slack (MET)


Startpoint: prev_10[3] (input port clocked by __VIRTUAL_CLK__)
Endpoint: winner_state[1] (output port clocked by __VIRTUAL_CLK__)
Path Group: __VIRTUAL_CLK__
Path Type: max

Fanout         Cap        Slew       Delay        Time   Description
---------------------------------------------------------------------------------------------
                      0.000000    0.000000    0.000000   clock __VIRTUAL_CLK__ (rise edge)
                                  0.000000    0.000000   clock network delay (ideal)
                                  2.000000    2.000000 v input external delay
     4    0.009369    0.023519    0.015140    2.015140 v prev_10[3] (in)
                                                         prev_10[3] (net)
                      0.023519    0.000000    2.015140 v _60_/A (sky130_fd_sc_hd__or2_2)
     2    0.004442    0.061173    0.288855    2.303995 v _60_/X (sky130_fd_sc_hd__or2_2)
                                                         _21_ (net)
                      0.061173    0.000000    2.303995 v _63_/A2 (sky130_fd_sc_hd__a211o_2)
     1    0.002253    0.045220    0.322673    2.626668 v _63_/X (sky130_fd_sc_hd__a211o_2)
                                                         _24_ (net)
                      0.045220    0.000000    2.626668 v _64_/C1 (sky130_fd_sc_hd__o221a_2)
     4    0.011660    0.069461    0.145421    2.772089 v _64_/X (sky130_fd_sc_hd__o221a_2)
                                                         _25_ (net)
                      0.069461    0.000000    2.772089 v _72_/S (sky130_fd_sc_hd__mux2_1)
     2    0.004362    0.065169    0.324742    3.096831 v _72_/X (sky130_fd_sc_hd__mux2_1)
                                                         _33_ (net)
                      0.065169    0.000000    3.096831 v _76_/A3 (sky130_fd_sc_hd__a311o_2)
     1    0.004124    0.058697    0.390321    3.487152 v _76_/X (sky130_fd_sc_hd__a311o_2)
                                                         _37_ (net)
                      0.058697    0.000000    3.487152 v _78_/A2 (sky130_fd_sc_hd__o21ai_2)
     2    0.036962    0.434756    0.359917    3.847070 ^ _78_/Y (sky130_fd_sc_hd__o21ai_2)
                                                         winner_state[1] (net)
                      0.434756    0.000000    3.847070 ^ winner_state[1] (out)
                                              3.847070   data arrival time

                      0.000000   10.000000   10.000000   clock __VIRTUAL_CLK__ (rise edge)
                                  0.000000   10.000000   clock network delay (ideal)
                                 -0.250000    9.750000   clock uncertainty
                                  0.000000    9.750000   clock reconvergence pessimism
                                 -2.000000    7.750000   output external delay
                                              7.750000   data required time
---------------------------------------------------------------------------------------------
                                              7.750000   data required time
                                             -3.847070   data arrival time
---------------------------------------------------------------------------------------------
                                              3.902930   slack (MET)



