[WARNING ORD-0039] .openroad ignored with -python
Top-level design name: Viterbi_Top
Block boundaries: 0 0 420000 430000
Horizontal Tracks Origin: 340, Count: 632, Step: 680
Vertical Tracks Origin: 230, Count: 913, Step: 460
Placement details for the N side
Virtual pin count:  0
Actual pin count:  4
Total pin count:  4
Tracks count:  913
Tracks per pin:  228
Used tracks count:  685
Unused track count:  228
Starting track index:  114
Placement details for the E side
Virtual pin count:  0
Actual pin count:  8
Total pin count:  8
Tracks count:  316
Tracks per pin:  39
Used tracks count:  274
Unused track count:  42
Starting track index:  21
Placement details for the W side
Virtual pin count:  0
Actual pin count:  2
Total pin count:  2
Tracks count:  316
Tracks per pin:  158
Used tracks count:  159
Unused track count:  157
Starting track index:  78
