Clock: clk
Sources: clk 
Generated: no
Virtual: yes
Propagated: no
Period: 100.000000

===========================================================================
report_clock_properties
============================================================================
Clock                   Period          Waveform
----------------------------------------------------
clk                 100.000000    0.000000 50.000000

===========================================================================
report_clock_latency
============================================================================
Clock clk
rise -> rise
    min     max
0.000000 0.000000 source latency
0.536228         network latency _303_/CLK
        0.540299 network latency _299_/CLK
---------------
0.536228 0.540299 latency
        0.004070 skew

fall -> fall
    min     max
0.000000 0.000000 source latency
0.544400         network latency _303_/CLK
        0.548049 network latency _299_/CLK
---------------
0.544400 0.548049 latency
        0.003649 skew



===========================================================================
report_clock_min_period
============================================================================
clk period_min = 5.53 fmax = 180.95
