
===========================================================================
report_checks -unconstrained
===========================================================================
======================= nom_ss_100C_1v60 Corner ===================================

Startpoint: prev_11[3] (input port clocked by __VIRTUAL_CLK__)
Endpoint: winner_state[0] (output port clocked by __VIRTUAL_CLK__)
Path Group: __VIRTUAL_CLK__
Path Type: max

Fanout         Cap        Slew       Delay        Time   Description
---------------------------------------------------------------------------------------------
                      0.000000    0.000000    0.000000   clock __VIRTUAL_CLK__ (rise edge)
                                  0.000000    0.000000   clock network delay (ideal)
                                  2.000000    2.000000 v input external delay
     1    0.002954    0.019048    0.009723    2.009723 v prev_11[3] (in)
                                                         prev_11[3] (net)
                      0.019048    0.000000    2.009723 v input16/A (sky130_fd_sc_hd__buf_1)
     4    0.015063    0.178358    0.239156    2.248879 v input16/X (sky130_fd_sc_hd__buf_1)
                                                         net16 (net)
                      0.178358    0.000494    2.249372 v _60_/B (sky130_fd_sc_hd__or2_1)
     2    0.006417    0.128542    0.543144    2.792517 v _60_/X (sky130_fd_sc_hd__or2_1)
                                                         _21_ (net)
                      0.128542    0.000099    2.792616 v _63_/A2 (sky130_fd_sc_hd__a211o_1)
     1    0.003037    0.087040    0.560423    3.353039 v _63_/X (sky130_fd_sc_hd__a211o_1)
                                                         _24_ (net)
                      0.087040    0.000065    3.353104 v _64_/C1 (sky130_fd_sc_hd__o221a_1)
     4    0.017855    0.216033    0.345675    3.698779 v _64_/X (sky130_fd_sc_hd__o221a_1)
                                                         _25_ (net)
                      0.216033    0.000649    3.699428 v _72_/S (sky130_fd_sc_hd__mux2_1)
     2    0.005772    0.139602    0.790265    4.489693 v _72_/X (sky130_fd_sc_hd__mux2_1)
                                                         _33_ (net)
                      0.139602    0.000142    4.489835 v _76_/A3 (sky130_fd_sc_hd__a311o_1)
     1    0.003456    0.099435    0.675479    5.165314 v _76_/X (sky130_fd_sc_hd__a311o_1)
                                                         _37_ (net)
                      0.099435    0.000100    5.165414 v _78_/A2 (sky130_fd_sc_hd__o21ai_1)
     2    0.010094    0.370773    0.363634    5.529048 ^ _78_/Y (sky130_fd_sc_hd__o21ai_1)
                                                         net18 (net)
                      0.370773    0.000328    5.529376 ^ _79_/S (sky130_fd_sc_hd__mux2_1)
     1    0.004331    0.127694    0.821012    6.350388 v _79_/X (sky130_fd_sc_hd__mux2_1)
                                                         net17 (net)
                      0.127694    0.000143    6.350532 v output17/A (sky130_fd_sc_hd__buf_2)
     1    0.033873    0.164354    0.370942    6.721473 v output17/X (sky130_fd_sc_hd__buf_2)
                                                         winner_state[0] (net)
                      0.164354    0.000610    6.722083 v winner_state[0] (out)
                                              6.722083   data arrival time

                      0.000000   10.000000   10.000000   clock __VIRTUAL_CLK__ (rise edge)
                                  0.000000   10.000000   clock network delay (ideal)
                                 -0.250000    9.750000   clock uncertainty
                                  0.000000    9.750000   clock reconvergence pessimism
                                 -2.000000    7.750000   output external delay
                                              7.750000   data required time
---------------------------------------------------------------------------------------------
                                              7.750000   data required time
                                             -6.722083   data arrival time
---------------------------------------------------------------------------------------------
                                              1.027917   slack (MET)




===========================================================================
report_checks --slack_max -0.01
============================================================================
======================= nom_ss_100C_1v60 Corner ===================================

No paths found.


===========================================================================
 report_check_types -max_slew -max_cap -max_fanout -violators
============================================================================
======================= nom_ss_100C_1v60 Corner ===================================



===========================================================================
report_parasitic_annotation -report_unannotated
============================================================================
Found 0 unannotated drivers.
Found 0 partially unannotated drivers.

===========================================================================
max slew violation count 0
max fanout violation count 0
max cap violation count 0
============================================================================

===========================================================================
check_setup -verbose -unconstrained_endpoints -multiple_clock -no_clock -no_input_delay -loops -generated_clocks
===========================================================================
