Reading OpenROAD database at '/home/edabk/Desktop/Tu67/MARCO_ultra/Controller/runs/RUN_2026-01-21_18-57-50/17-openroad-cutrows/Controller.odb'…
Reading library file at '/home/edabk/.volare/volare/sky130/versions/0fe599b2afb6708d281543108caf8310912f54af/sky130A/libs.ref/sky130_fd_sc_hd/lib/sky130_fd_sc_hd__tt_025C_1v80.lib'…
Reading design constraints file at '/nix/store/h0ldzjka94yryiq8yxbxmwargpnmwhx6-python3-3.11.9-env/lib/python3.11/site-packages/openlane/scripts/base.sdc'…
[INFO] Using clock clk…
[INFO] Setting output delay to: 20.0
[INFO] Setting input delay to: 20.0
[INFO] Setting load to: 0.033442
[INFO] Setting clock uncertainty to: 0.25
[INFO] Setting clock transition to: 0.1499999999999999944488848768742172978818416595458984375
[INFO] Setting timing derate to: 5%
[INFO TAP-0004] Inserted 16 endcaps.
[INFO TAP-0005] Inserted 30 tapcells.
Setting global connections for newly added cells…
[INFO] Setting global connections...
Updating metrics…
Cell type report:                       Count       Area
  Fill cell                                16      60.06
  Tap cell                                 30      37.54
  Inverter                                  1       3.75
  Sequential cell                           6     157.65
  Multi-Input combinational cell           16     135.13
  Total                                    69     394.13
Writing OpenROAD database to '/home/edabk/Desktop/Tu67/MARCO_ultra/Controller/runs/RUN_2026-01-21_18-57-50/18-openroad-tapendcapinsertion/Controller.odb'…
Writing netlist to '/home/edabk/Desktop/Tu67/MARCO_ultra/Controller/runs/RUN_2026-01-21_18-57-50/18-openroad-tapendcapinsertion/Controller.nl.v'…
Writing powered netlist to '/home/edabk/Desktop/Tu67/MARCO_ultra/Controller/runs/RUN_2026-01-21_18-57-50/18-openroad-tapendcapinsertion/Controller.pnl.v'…
Writing layout to '/home/edabk/Desktop/Tu67/MARCO_ultra/Controller/runs/RUN_2026-01-21_18-57-50/18-openroad-tapendcapinsertion/Controller.def'…
Writing timing constraints to '/home/edabk/Desktop/Tu67/MARCO_ultra/Controller/runs/RUN_2026-01-21_18-57-50/18-openroad-tapendcapinsertion/Controller.sdc'…
