                                                                        Cells by Master                                                                         
┏━━━━━━━━━━━━━━━━━━━━━━━━━━━━━━━━━━━━━━━━━━━━━━━━━━━━━━━━━━━━━━━━━━━━━━━━━━━━━━━━━━━━━━━━━━━━━━━━━━━━━━━━━━━━━━━━━━━━━━━━━━━━━━━━━━┳━━━━━━━━━━━━━━━━━━━━━━━━━━━┓
┃ Cell                                                                                                                             ┃ Count                     ┃
┡━━━━━━━━━━━━━━━━━━━━━━━━━━━━━━━━━━━━━━━━━━━━━━━━━━━━━━━━━━━━━━━━━━━━━━━━━━━━━━━━━━━━━━━━━━━━━━━━━━━━━━━━━━━━━━━━━━━━━━━━━━━━━━━━━━╇━━━━━━━━━━━━━━━━━━━━━━━━━━━┩
│ Branch_Metrics                                                                                                                   │ 1                         │
│ Controller                                                                                                                       │ 1                         │
│ Maximum_Path_Memory                                                                                                              │ 1                         │
│ Path_Metric_Unit                                                                                                                 │ 1                         │
│ Survivor_Memory_Unit                                                                                                             │ 1                         │
│ sky130_ef_sc_hd__decap_12                                                                                                        │ 6421                      │
│ sky130_fd_sc_hd__buf_1                                                                                                           │ 2                         │
│ sky130_fd_sc_hd__buf_2                                                                                                           │ 10                        │
│ sky130_fd_sc_hd__clkbuf_16                                                                                                       │ 3                         │
│ sky130_fd_sc_hd__clkinvlp_4                                                                                                      │ 1                         │
│ sky130_fd_sc_hd__decap_3                                                                                                         │ 998                       │
│ sky130_fd_sc_hd__decap_4                                                                                                         │ 156                       │
│ sky130_fd_sc_hd__decap_6                                                                                                         │ 1245                      │
│ sky130_fd_sc_hd__decap_8                                                                                                         │ 148                       │
│ sky130_fd_sc_hd__diode_2                                                                                                         │ 62                        │
│ sky130_fd_sc_hd__dlymetal6s2s_1                                                                                                  │ 1                         │
│ sky130_fd_sc_hd__fill_1                                                                                                          │ 1580                      │
│ sky130_fd_sc_hd__fill_2                                                                                                          │ 66                        │
│ sky130_fd_sc_hd__tapvpwrvgnd_1                                                                                                   │ 1703                      │
└──────────────────────────────────────────────────────────────────────────────────────────────────────────────────────────────────┴───────────────────────────┘
