
===========================================================================
report_checks -path_delay max (Setup)
============================================================================
======================= min_ss_100C_1v60 Corner ===================================

Startpoint: received[1] (input port clocked by __VIRTUAL_CLK__)
Endpoint: bm_01_10[0] (output port clocked by __VIRTUAL_CLK__)
Path Group: __VIRTUAL_CLK__
Path Type: max

Fanout         Cap        Slew       Delay        Time   Description
---------------------------------------------------------------------------------------------
                      0.000000    0.000000    0.000000   clock __VIRTUAL_CLK__ (rise edge)
                                  0.000000    0.000000   clock network delay (ideal)
                                  2.000000    2.000000 ^ input external delay
     1    0.002784    0.032148    0.015684    2.015684 ^ received[1] (in)
                                                         received[1] (net)
                      0.032148    0.000000    2.015684 ^ input2/A (sky130_fd_sc_hd__clkbuf_2)
     6    0.025138    0.220893    0.283896    2.299581 ^ input2/X (sky130_fd_sc_hd__clkbuf_2)
                                                         net2 (net)
                      0.220896    0.001209    2.300790 ^ _02_/B (sky130_fd_sc_hd__xor2_1)
     4    0.012604    0.481568    0.518561    2.819351 ^ _02_/X (sky130_fd_sc_hd__xor2_1)
                                                         net3 (net)
                      0.481568    0.000074    2.819426 ^ _09_/A (sky130_fd_sc_hd__clkbuf_1)
     1    0.002326    0.069634    0.278569    3.097995 ^ _09_/X (sky130_fd_sc_hd__clkbuf_1)
                                                         net9 (net)
                      0.069634    0.000023    3.098017 ^ output9/A (sky130_fd_sc_hd__buf_2)
     1    0.034638    0.274800    0.345588    3.443606 ^ output9/X (sky130_fd_sc_hd__buf_2)
                                                         bm_01_10[0] (net)
                      0.274800    0.000254    3.443860 ^ bm_01_10[0] (out)
                                              3.443860   data arrival time

                      0.000000   10.000000   10.000000   clock __VIRTUAL_CLK__ (rise edge)
                                  0.000000   10.000000   clock network delay (ideal)
                                 -0.250000    9.750000   clock uncertainty
                                  0.000000    9.750000   clock reconvergence pessimism
                                 -2.000000    7.750000   output external delay
                                              7.750000   data required time
---------------------------------------------------------------------------------------------
                                              7.750000   data required time
                                             -3.443860   data arrival time
---------------------------------------------------------------------------------------------
                                              4.306139   slack (MET)


Startpoint: received[1] (input port clocked by __VIRTUAL_CLK__)
Endpoint: bm_00_10[0] (output port clocked by __VIRTUAL_CLK__)
Path Group: __VIRTUAL_CLK__
Path Type: max

Fanout         Cap        Slew       Delay        Time   Description
---------------------------------------------------------------------------------------------
                      0.000000    0.000000    0.000000   clock __VIRTUAL_CLK__ (rise edge)
                                  0.000000    0.000000   clock network delay (ideal)
                                  2.000000    2.000000 ^ input external delay
     1    0.002784    0.032148    0.015684    2.015684 ^ received[1] (in)
                                                         received[1] (net)
                      0.032148    0.000000    2.015684 ^ input2/A (sky130_fd_sc_hd__clkbuf_2)
     6    0.025138    0.220893    0.283896    2.299581 ^ input2/X (sky130_fd_sc_hd__clkbuf_2)
                                                         net2 (net)
                      0.220896    0.001209    2.300790 ^ _02_/B (sky130_fd_sc_hd__xor2_1)
     4    0.012604    0.481568    0.518561    2.819351 ^ _02_/X (sky130_fd_sc_hd__xor2_1)
                                                         net3 (net)
                      0.481568    0.000187    2.819538 ^ _06_/A (sky130_fd_sc_hd__clkbuf_1)
     1    0.002044    0.067218    0.274669    3.094207 ^ _06_/X (sky130_fd_sc_hd__clkbuf_1)
                                                         net5 (net)
                      0.067218    0.000018    3.094224 ^ output5/A (sky130_fd_sc_hd__buf_2)
     1    0.034031    0.270275    0.341309    3.435533 ^ output5/X (sky130_fd_sc_hd__buf_2)
                                                         bm_00_10[0] (net)
                      0.270275    0.000185    3.435718 ^ bm_00_10[0] (out)
                                              3.435718   data arrival time

                      0.000000   10.000000   10.000000   clock __VIRTUAL_CLK__ (rise edge)
                                  0.000000   10.000000   clock network delay (ideal)
                                 -0.250000    9.750000   clock uncertainty
                                  0.000000    9.750000   clock reconvergence pessimism
                                 -2.000000    7.750000   output external delay
                                              7.750000   data required time
---------------------------------------------------------------------------------------------
                                              7.750000   data required time
                                             -3.435718   data arrival time
---------------------------------------------------------------------------------------------
                                              4.314282   slack (MET)


Startpoint: received[1] (input port clocked by __VIRTUAL_CLK__)
Endpoint: bm_01_00[0] (output port clocked by __VIRTUAL_CLK__)
Path Group: __VIRTUAL_CLK__
Path Type: max

Fanout         Cap        Slew       Delay        Time   Description
---------------------------------------------------------------------------------------------
                      0.000000    0.000000    0.000000   clock __VIRTUAL_CLK__ (rise edge)
                                  0.000000    0.000000   clock network delay (ideal)
                                  2.000000    2.000000 ^ input external delay
     1    0.002784    0.032148    0.015684    2.015684 ^ received[1] (in)
                                                         received[1] (net)
                      0.032148    0.000000    2.015684 ^ input2/A (sky130_fd_sc_hd__clkbuf_2)
     6    0.025138    0.220893    0.283896    2.299581 ^ input2/X (sky130_fd_sc_hd__clkbuf_2)
                                                         net2 (net)
                      0.220896    0.001209    2.300790 ^ _02_/B (sky130_fd_sc_hd__xor2_1)
     4    0.012604    0.481568    0.518561    2.819351 ^ _02_/X (sky130_fd_sc_hd__xor2_1)
                                                         net3 (net)
                      0.481568    0.000118    2.819469 ^ _07_/A (sky130_fd_sc_hd__clkbuf_1)
     1    0.001889    0.064600    0.272511    3.091980 ^ _07_/X (sky130_fd_sc_hd__clkbuf_1)
                                                         net7 (net)
                      0.064600    0.000008    3.091988 ^ output7/A (sky130_fd_sc_hd__buf_2)
     1    0.033985    0.269932    0.339874    3.431862 ^ output7/X (sky130_fd_sc_hd__buf_2)
                                                         bm_01_00[0] (net)
                      0.269932    0.000176    3.432038 ^ bm_01_00[0] (out)
                                              3.432038   data arrival time

                      0.000000   10.000000   10.000000   clock __VIRTUAL_CLK__ (rise edge)
                                  0.000000   10.000000   clock network delay (ideal)
                                 -0.250000    9.750000   clock uncertainty
                                  0.000000    9.750000   clock reconvergence pessimism
                                 -2.000000    7.750000   output external delay
                                              7.750000   data required time
---------------------------------------------------------------------------------------------
                                              7.750000   data required time
                                             -3.432038   data arrival time
---------------------------------------------------------------------------------------------
                                              4.317962   slack (MET)


Startpoint: received[0] (input port clocked by __VIRTUAL_CLK__)
Endpoint: bm_11_11[0] (output port clocked by __VIRTUAL_CLK__)
Path Group: __VIRTUAL_CLK__
Path Type: max

Fanout         Cap        Slew       Delay        Time   Description
---------------------------------------------------------------------------------------------
                      0.000000    0.000000    0.000000   clock __VIRTUAL_CLK__ (rise edge)
                                  0.000000    0.000000   clock network delay (ideal)
                                  2.000000    2.000000 v input external delay
     1    0.002672    0.017975    0.008812    2.008812 v received[0] (in)
                                                         received[0] (net)
                      0.017975    0.000000    2.008812 v input1/A (sky130_fd_sc_hd__clkbuf_2)
     6    0.023924    0.173373    0.262431    2.271244 v input1/X (sky130_fd_sc_hd__clkbuf_2)
                                                         net1 (net)
                      0.173377    0.001070    2.272314 v _03_/A (sky130_fd_sc_hd__xnor2_1)
     4    0.011708    0.488679    0.508280    2.780594 ^ _03_/Y (sky130_fd_sc_hd__xnor2_1)
                                                         net11 (net)
                      0.488679    0.000171    2.780765 ^ _14_/A (sky130_fd_sc_hd__clkbuf_1)
     1    0.002592    0.073901    0.284212    3.064977 ^ _14_/X (sky130_fd_sc_hd__clkbuf_1)
                                                         net17 (net)
                      0.073901    0.000031    3.065008 ^ output17/A (sky130_fd_sc_hd__buf_2)
     1    0.034352    0.272686    0.346036    3.411045 ^ output17/X (sky130_fd_sc_hd__buf_2)
                                                         bm_11_11[0] (net)
                      0.272686    0.000245    3.411290 ^ bm_11_11[0] (out)
                                              3.411290   data arrival time

                      0.000000   10.000000   10.000000   clock __VIRTUAL_CLK__ (rise edge)
                                  0.000000   10.000000   clock network delay (ideal)
                                 -0.250000    9.750000   clock uncertainty
                                  0.000000    9.750000   clock reconvergence pessimism
                                 -2.000000    7.750000   output external delay
                                              7.750000   data required time
---------------------------------------------------------------------------------------------
                                              7.750000   data required time
                                             -3.411290   data arrival time
---------------------------------------------------------------------------------------------
                                              4.338710   slack (MET)


Startpoint: received[0] (input port clocked by __VIRTUAL_CLK__)
Endpoint: bm_10_11[0] (output port clocked by __VIRTUAL_CLK__)
Path Group: __VIRTUAL_CLK__
Path Type: max

Fanout         Cap        Slew       Delay        Time   Description
---------------------------------------------------------------------------------------------
                      0.000000    0.000000    0.000000   clock __VIRTUAL_CLK__ (rise edge)
                                  0.000000    0.000000   clock network delay (ideal)
                                  2.000000    2.000000 v input external delay
     1    0.002672    0.017975    0.008812    2.008812 v received[0] (in)
                                                         received[0] (net)
                      0.017975    0.000000    2.008812 v input1/A (sky130_fd_sc_hd__clkbuf_2)
     6    0.023924    0.173373    0.262431    2.271244 v input1/X (sky130_fd_sc_hd__clkbuf_2)
                                                         net1 (net)
                      0.173377    0.001070    2.272314 v _03_/A (sky130_fd_sc_hd__xnor2_1)
     4    0.011708    0.488679    0.508280    2.780594 ^ _03_/Y (sky130_fd_sc_hd__xnor2_1)
                                                         net11 (net)
                      0.488679    0.000092    2.780686 ^ _11_/A (sky130_fd_sc_hd__clkbuf_1)
     1    0.002058    0.067565    0.276819    3.057505 ^ _11_/X (sky130_fd_sc_hd__clkbuf_1)
                                                         net13 (net)
                      0.067565    0.000018    3.057523 ^ output13/A (sky130_fd_sc_hd__buf_2)
     1    0.034493    0.273711    0.343910    3.401434 ^ output13/X (sky130_fd_sc_hd__buf_2)
                                                         bm_10_11[0] (net)
                      0.273711    0.000202    3.401635 ^ bm_10_11[0] (out)
                                              3.401635   data arrival time

                      0.000000   10.000000   10.000000   clock __VIRTUAL_CLK__ (rise edge)
                                  0.000000   10.000000   clock network delay (ideal)
                                 -0.250000    9.750000   clock uncertainty
                                  0.000000    9.750000   clock reconvergence pessimism
                                 -2.000000    7.750000   output external delay
                                              7.750000   data required time
---------------------------------------------------------------------------------------------
                                              7.750000   data required time
                                             -3.401635   data arrival time
---------------------------------------------------------------------------------------------
                                              4.348364   slack (MET)


Startpoint: received[0] (input port clocked by __VIRTUAL_CLK__)
Endpoint: bm_11_01[0] (output port clocked by __VIRTUAL_CLK__)
Path Group: __VIRTUAL_CLK__
Path Type: max

Fanout         Cap        Slew       Delay        Time   Description
---------------------------------------------------------------------------------------------
                      0.000000    0.000000    0.000000   clock __VIRTUAL_CLK__ (rise edge)
                                  0.000000    0.000000   clock network delay (ideal)
                                  2.000000    2.000000 v input external delay
     1    0.002672    0.017975    0.008812    2.008812 v received[0] (in)
                                                         received[0] (net)
                      0.017975    0.000000    2.008812 v input1/A (sky130_fd_sc_hd__clkbuf_2)
     6    0.023924    0.173373    0.262431    2.271244 v input1/X (sky130_fd_sc_hd__clkbuf_2)
                                                         net1 (net)
                      0.173377    0.001070    2.272314 v _03_/A (sky130_fd_sc_hd__xnor2_1)
     4    0.011708    0.488679    0.508280    2.780594 ^ _03_/Y (sky130_fd_sc_hd__xnor2_1)
                                                         net11 (net)
                      0.488679    0.000154    2.780748 ^ _12_/A (sky130_fd_sc_hd__clkbuf_1)
     1    0.002149    0.069080    0.278069    3.058817 ^ _12_/X (sky130_fd_sc_hd__clkbuf_1)
                                                         net15 (net)
                      0.069080    0.000019    3.058836 ^ output15/A (sky130_fd_sc_hd__buf_2)
     1    0.033987    0.269950    0.341935    3.400771 ^ output15/X (sky130_fd_sc_hd__buf_2)
                                                         bm_11_01[0] (net)
                      0.269950    0.000176    3.400947 ^ bm_11_01[0] (out)
                                              3.400947   data arrival time

                      0.000000   10.000000   10.000000   clock __VIRTUAL_CLK__ (rise edge)
                                  0.000000   10.000000   clock network delay (ideal)
                                 -0.250000    9.750000   clock uncertainty
                                  0.000000    9.750000   clock reconvergence pessimism
                                 -2.000000    7.750000   output external delay
                                              7.750000   data required time
---------------------------------------------------------------------------------------------
                                              7.750000   data required time
                                             -3.400947   data arrival time
---------------------------------------------------------------------------------------------
                                              4.349053   slack (MET)


Startpoint: received[1] (input port clocked by __VIRTUAL_CLK__)
Endpoint: bm_00_00[0] (output port clocked by __VIRTUAL_CLK__)
Path Group: __VIRTUAL_CLK__
Path Type: max

Fanout         Cap        Slew       Delay        Time   Description
---------------------------------------------------------------------------------------------
                      0.000000    0.000000    0.000000   clock __VIRTUAL_CLK__ (rise edge)
                                  0.000000    0.000000   clock network delay (ideal)
                                  2.000000    2.000000 ^ input external delay
     1    0.002784    0.032148    0.015684    2.015684 ^ received[1] (in)
                                                         received[1] (net)
                      0.032148    0.000000    2.015684 ^ input2/A (sky130_fd_sc_hd__clkbuf_2)
     6    0.025138    0.220893    0.283896    2.299581 ^ input2/X (sky130_fd_sc_hd__clkbuf_2)
                                                         net2 (net)
                      0.220896    0.001209    2.300790 ^ _02_/B (sky130_fd_sc_hd__xor2_1)
     4    0.012604    0.481568    0.518561    2.819351 ^ _02_/X (sky130_fd_sc_hd__xor2_1)
                                                         net3 (net)
                      0.481568    0.000201    2.819552 ^ output3/A (sky130_fd_sc_hd__buf_2)
     1    0.034600    0.276010    0.517566    3.337119 ^ output3/X (sky130_fd_sc_hd__buf_2)
                                                         bm_00_00[0] (net)
                      0.276010    0.000360    3.337478 ^ bm_00_00[0] (out)
                                              3.337478   data arrival time

                      0.000000   10.000000   10.000000   clock __VIRTUAL_CLK__ (rise edge)
                                  0.000000   10.000000   clock network delay (ideal)
                                 -0.250000    9.750000   clock uncertainty
                                  0.000000    9.750000   clock reconvergence pessimism
                                 -2.000000    7.750000   output external delay
                                              7.750000   data required time
---------------------------------------------------------------------------------------------
                                              7.750000   data required time
                                             -3.337478   data arrival time
---------------------------------------------------------------------------------------------
                                              4.412521   slack (MET)


Startpoint: received[0] (input port clocked by __VIRTUAL_CLK__)
Endpoint: bm_10_01[0] (output port clocked by __VIRTUAL_CLK__)
Path Group: __VIRTUAL_CLK__
Path Type: max

Fanout         Cap        Slew       Delay        Time   Description
---------------------------------------------------------------------------------------------
                      0.000000    0.000000    0.000000   clock __VIRTUAL_CLK__ (rise edge)
                                  0.000000    0.000000   clock network delay (ideal)
                                  2.000000    2.000000 v input external delay
     1    0.002672    0.017975    0.008812    2.008812 v received[0] (in)
                                                         received[0] (net)
                      0.017975    0.000000    2.008812 v input1/A (sky130_fd_sc_hd__clkbuf_2)
     6    0.023924    0.173373    0.262431    2.271244 v input1/X (sky130_fd_sc_hd__clkbuf_2)
                                                         net1 (net)
                      0.173377    0.001070    2.272314 v _03_/A (sky130_fd_sc_hd__xnor2_1)
     4    0.011708    0.488679    0.508280    2.780594 ^ _03_/Y (sky130_fd_sc_hd__xnor2_1)
                                                         net11 (net)
                      0.488679    0.000058    2.780653 ^ output11/A (sky130_fd_sc_hd__buf_2)
     1    0.033963    0.271310    0.517076    3.297729 ^ output11/X (sky130_fd_sc_hd__buf_2)
                                                         bm_10_01[0] (net)
                      0.271310    0.000167    3.297896 ^ bm_10_01[0] (out)
                                              3.297896   data arrival time

                      0.000000   10.000000   10.000000   clock __VIRTUAL_CLK__ (rise edge)
                                  0.000000   10.000000   clock network delay (ideal)
                                 -0.250000    9.750000   clock uncertainty
                                  0.000000    9.750000   clock reconvergence pessimism
                                 -2.000000    7.750000   output external delay
                                              7.750000   data required time
---------------------------------------------------------------------------------------------
                                              7.750000   data required time
                                             -3.297896   data arrival time
---------------------------------------------------------------------------------------------
                                              4.452104   slack (MET)


Startpoint: received[1] (input port clocked by __VIRTUAL_CLK__)
Endpoint: bm_11_11[1] (output port clocked by __VIRTUAL_CLK__)
Path Group: __VIRTUAL_CLK__
Path Type: max

Fanout         Cap        Slew       Delay        Time   Description
---------------------------------------------------------------------------------------------
                      0.000000    0.000000    0.000000   clock __VIRTUAL_CLK__ (rise edge)
                                  0.000000    0.000000   clock network delay (ideal)
                                  2.000000    2.000000 v input external delay
     1    0.002599    0.017698    0.008581    2.008581 v received[1] (in)
                                                         received[1] (net)
                      0.017698    0.000000    2.008581 v input2/A (sky130_fd_sc_hd__clkbuf_2)
     6    0.024221    0.175336    0.263692    2.272273 v input2/X (sky130_fd_sc_hd__clkbuf_2)
                                                         net2 (net)
                      0.175337    0.000864    2.273137 v _05_/A_N (sky130_fd_sc_hd__and2b_1)
     2    0.004628    0.097775    0.437360    2.710497 ^ _05_/X (sky130_fd_sc_hd__and2b_1)
                                                         net12 (net)
                      0.097775    0.000030    2.710526 ^ _15_/A (sky130_fd_sc_hd__clkbuf_1)
     1    0.004905    0.109296    0.190163    2.900689 ^ _15_/X (sky130_fd_sc_hd__clkbuf_1)
                                                         net18 (net)
                      0.109296    0.000106    2.900795 ^ output18/A (sky130_fd_sc_hd__buf_2)
     1    0.035216    0.279225    0.366970    3.267765 ^ output18/X (sky130_fd_sc_hd__buf_2)
                                                         bm_11_11[1] (net)
                      0.279225    0.000526    3.268291 ^ bm_11_11[1] (out)
                                              3.268291   data arrival time

                      0.000000   10.000000   10.000000   clock __VIRTUAL_CLK__ (rise edge)
                                  0.000000   10.000000   clock network delay (ideal)
                                 -0.250000    9.750000   clock uncertainty
                                  0.000000    9.750000   clock reconvergence pessimism
                                 -2.000000    7.750000   output external delay
                                              7.750000   data required time
---------------------------------------------------------------------------------------------
                                              7.750000   data required time
                                             -3.268291   data arrival time
---------------------------------------------------------------------------------------------
                                              4.481709   slack (MET)


Startpoint: received[0] (input port clocked by __VIRTUAL_CLK__)
Endpoint: bm_11_01[1] (output port clocked by __VIRTUAL_CLK__)
Path Group: __VIRTUAL_CLK__
Path Type: max

Fanout         Cap        Slew       Delay        Time   Description
---------------------------------------------------------------------------------------------
                      0.000000    0.000000    0.000000   clock __VIRTUAL_CLK__ (rise edge)
                                  0.000000    0.000000   clock network delay (ideal)
                                  2.000000    2.000000 ^ input external delay
     1    0.002857    0.032632    0.016071    2.016071 ^ received[0] (in)
                                                         received[0] (net)
                      0.032632    0.000000    2.016071 ^ input1/A (sky130_fd_sc_hd__clkbuf_2)
     6    0.024884    0.218822    0.282724    2.298795 ^ input1/X (sky130_fd_sc_hd__clkbuf_2)
                                                         net1 (net)
                      0.218825    0.001143    2.299938 ^ _04_/A_N (sky130_fd_sc_hd__and2b_1)
     2    0.004370    0.079289    0.434275    2.734213 v _04_/X (sky130_fd_sc_hd__and2b_1)
                                                         net14 (net)
                      0.079289    0.000041    2.734254 v _13_/A (sky130_fd_sc_hd__clkbuf_1)
     1    0.003307    0.055419    0.169048    2.903303 v _13_/X (sky130_fd_sc_hd__clkbuf_1)
                                                         net16 (net)
                      0.055419    0.000052    2.903355 v output16/A (sky130_fd_sc_hd__buf_2)
     1    0.034117    0.165247    0.337727    3.241082 v output16/X (sky130_fd_sc_hd__buf_2)
                                                         bm_11_01[1] (net)
                      0.165247    0.000203    3.241285 v bm_11_01[1] (out)
                                              3.241285   data arrival time

                      0.000000   10.000000   10.000000   clock __VIRTUAL_CLK__ (rise edge)
                                  0.000000   10.000000   clock network delay (ideal)
                                 -0.250000    9.750000   clock uncertainty
                                  0.000000    9.750000   clock reconvergence pessimism
                                 -2.000000    7.750000   output external delay
                                              7.750000   data required time
---------------------------------------------------------------------------------------------
                                              7.750000   data required time
                                             -3.241285   data arrival time
---------------------------------------------------------------------------------------------
                                              4.508715   slack (MET)


Startpoint: received[1] (input port clocked by __VIRTUAL_CLK__)
Endpoint: bm_01_10[1] (output port clocked by __VIRTUAL_CLK__)
Path Group: __VIRTUAL_CLK__
Path Type: max

Fanout         Cap        Slew       Delay        Time   Description
---------------------------------------------------------------------------------------------
                      0.000000    0.000000    0.000000   clock __VIRTUAL_CLK__ (rise edge)
                                  0.000000    0.000000   clock network delay (ideal)
                                  2.000000    2.000000 v input external delay
     1    0.002599    0.017698    0.008581    2.008581 v received[1] (in)
                                                         received[1] (net)
                      0.017698    0.000000    2.008581 v input2/A (sky130_fd_sc_hd__clkbuf_2)
     6    0.024221    0.175336    0.263692    2.272273 v input2/X (sky130_fd_sc_hd__clkbuf_2)
                                                         net2 (net)
                      0.175340    0.001102    2.273375 v _00_/B (sky130_fd_sc_hd__and2_1)
     2    0.008060    0.109751    0.410763    2.684138 v _00_/X (sky130_fd_sc_hd__and2_1)
                                                         net4 (net)
                      0.109751    0.000045    2.684183 v _10_/A (sky130_fd_sc_hd__clkbuf_1)
     1    0.001996    0.042670    0.170934    2.855117 v _10_/X (sky130_fd_sc_hd__clkbuf_1)
                                                         net10 (net)
                      0.042670    0.000018    2.855135 v output10/A (sky130_fd_sc_hd__buf_2)
     1    0.033947    0.164626    0.331364    3.186499 v output10/X (sky130_fd_sc_hd__buf_2)
                                                         bm_01_10[1] (net)
                      0.164626    0.000167    3.186666 v bm_01_10[1] (out)
                                              3.186666   data arrival time

                      0.000000   10.000000   10.000000   clock __VIRTUAL_CLK__ (rise edge)
                                  0.000000   10.000000   clock network delay (ideal)
                                 -0.250000    9.750000   clock uncertainty
                                  0.000000    9.750000   clock reconvergence pessimism
                                 -2.000000    7.750000   output external delay
                                              7.750000   data required time
---------------------------------------------------------------------------------------------
                                              7.750000   data required time
                                             -3.186666   data arrival time
---------------------------------------------------------------------------------------------
                                              4.563334   slack (MET)


Startpoint: received[0] (input port clocked by __VIRTUAL_CLK__)
Endpoint: bm_01_00[1] (output port clocked by __VIRTUAL_CLK__)
Path Group: __VIRTUAL_CLK__
Path Type: max

Fanout         Cap        Slew       Delay        Time   Description
---------------------------------------------------------------------------------------------
                      0.000000    0.000000    0.000000   clock __VIRTUAL_CLK__ (rise edge)
                                  0.000000    0.000000   clock network delay (ideal)
                                  2.000000    2.000000 v input external delay
     1    0.002672    0.017975    0.008812    2.008812 v received[0] (in)
                                                         received[0] (net)
                      0.017975    0.000000    2.008812 v input1/A (sky130_fd_sc_hd__clkbuf_2)
     6    0.023924    0.173373    0.262431    2.271244 v input1/X (sky130_fd_sc_hd__clkbuf_2)
                                                         net1 (net)
                      0.173374    0.000755    2.271998 v _01_/A (sky130_fd_sc_hd__nor2_1)
     2    0.006033    0.224514    0.274134    2.546133 ^ _01_/Y (sky130_fd_sc_hd__nor2_1)
                                                         net6 (net)
                      0.224514    0.000049    2.546182 ^ _08_/A (sky130_fd_sc_hd__clkbuf_1)
     1    0.001888    0.060536    0.201868    2.748050 ^ _08_/X (sky130_fd_sc_hd__clkbuf_1)
                                                         net8 (net)
                      0.060536    0.000008    2.748057 ^ output8/A (sky130_fd_sc_hd__buf_2)
     1    0.034088    0.270691    0.338543    3.086601 ^ output8/X (sky130_fd_sc_hd__buf_2)
                                                         bm_01_00[1] (net)
                      0.270691    0.000194    3.086794 ^ bm_01_00[1] (out)
                                              3.086794   data arrival time

                      0.000000   10.000000   10.000000   clock __VIRTUAL_CLK__ (rise edge)
                                  0.000000   10.000000   clock network delay (ideal)
                                 -0.250000    9.750000   clock uncertainty
                                  0.000000    9.750000   clock reconvergence pessimism
                                 -2.000000    7.750000   output external delay
                                              7.750000   data required time
---------------------------------------------------------------------------------------------
                                              7.750000   data required time
                                             -3.086794   data arrival time
---------------------------------------------------------------------------------------------
                                              4.663206   slack (MET)


Startpoint: received[1] (input port clocked by __VIRTUAL_CLK__)
Endpoint: bm_10_01[1] (output port clocked by __VIRTUAL_CLK__)
Path Group: __VIRTUAL_CLK__
Path Type: max

Fanout         Cap        Slew       Delay        Time   Description
---------------------------------------------------------------------------------------------
                      0.000000    0.000000    0.000000   clock __VIRTUAL_CLK__ (rise edge)
                                  0.000000    0.000000   clock network delay (ideal)
                                  2.000000    2.000000 ^ input external delay
     1    0.002784    0.032148    0.015684    2.015684 ^ received[1] (in)
                                                         received[1] (net)
                      0.032148    0.000000    2.015684 ^ input2/A (sky130_fd_sc_hd__clkbuf_2)
     6    0.025138    0.220893    0.283896    2.299581 ^ input2/X (sky130_fd_sc_hd__clkbuf_2)
                                                         net2 (net)
                      0.220893    0.000900    2.300480 ^ _05_/A_N (sky130_fd_sc_hd__and2b_1)
     2    0.004371    0.079301    0.435178    2.735658 v _05_/X (sky130_fd_sc_hd__and2b_1)
                                                         net12 (net)
                      0.079301    0.000029    2.735687 v output12/A (sky130_fd_sc_hd__buf_2)
     1    0.034580    0.166984    0.350103    3.085790 v output12/X (sky130_fd_sc_hd__buf_2)
                                                         bm_10_01[1] (net)
                      0.166984    0.000275    3.086064 v bm_10_01[1] (out)
                                              3.086064   data arrival time

                      0.000000   10.000000   10.000000   clock __VIRTUAL_CLK__ (rise edge)
                                  0.000000   10.000000   clock network delay (ideal)
                                 -0.250000    9.750000   clock uncertainty
                                  0.000000    9.750000   clock reconvergence pessimism
                                 -2.000000    7.750000   output external delay
                                              7.750000   data required time
---------------------------------------------------------------------------------------------
                                              7.750000   data required time
                                             -3.086064   data arrival time
---------------------------------------------------------------------------------------------
                                              4.663936   slack (MET)


Startpoint: received[0] (input port clocked by __VIRTUAL_CLK__)
Endpoint: bm_10_11[1] (output port clocked by __VIRTUAL_CLK__)
Path Group: __VIRTUAL_CLK__
Path Type: max

Fanout         Cap        Slew       Delay        Time   Description
---------------------------------------------------------------------------------------------
                      0.000000    0.000000    0.000000   clock __VIRTUAL_CLK__ (rise edge)
                                  0.000000    0.000000   clock network delay (ideal)
                                  2.000000    2.000000 ^ input external delay
     1    0.002857    0.032632    0.016071    2.016071 ^ received[0] (in)
                                                         received[0] (net)
                      0.032632    0.000000    2.016071 ^ input1/A (sky130_fd_sc_hd__clkbuf_2)
     6    0.024884    0.218822    0.282724    2.298795 ^ input1/X (sky130_fd_sc_hd__clkbuf_2)
                                                         net1 (net)
                      0.218825    0.001143    2.299938 ^ _04_/A_N (sky130_fd_sc_hd__and2b_1)
     2    0.004370    0.079289    0.434275    2.734213 v _04_/X (sky130_fd_sc_hd__and2b_1)
                                                         net14 (net)
                      0.079289    0.000043    2.734256 v output14/A (sky130_fd_sc_hd__buf_2)
     1    0.033948    0.164450    0.348149    3.082405 v output14/X (sky130_fd_sc_hd__buf_2)
                                                         bm_10_11[1] (net)
                      0.164450    0.000167    3.082572 v bm_10_11[1] (out)
                                              3.082572   data arrival time

                      0.000000   10.000000   10.000000   clock __VIRTUAL_CLK__ (rise edge)
                                  0.000000   10.000000   clock network delay (ideal)
                                 -0.250000    9.750000   clock uncertainty
                                  0.000000    9.750000   clock reconvergence pessimism
                                 -2.000000    7.750000   output external delay
                                              7.750000   data required time
---------------------------------------------------------------------------------------------
                                              7.750000   data required time
                                             -3.082572   data arrival time
---------------------------------------------------------------------------------------------
                                              4.667428   slack (MET)


Startpoint: received[1] (input port clocked by __VIRTUAL_CLK__)
Endpoint: bm_00_00[1] (output port clocked by __VIRTUAL_CLK__)
Path Group: __VIRTUAL_CLK__
Path Type: max

Fanout         Cap        Slew       Delay        Time   Description
---------------------------------------------------------------------------------------------
                      0.000000    0.000000    0.000000   clock __VIRTUAL_CLK__ (rise edge)
                                  0.000000    0.000000   clock network delay (ideal)
                                  2.000000    2.000000 v input external delay
     1    0.002599    0.017698    0.008581    2.008581 v received[1] (in)
                                                         received[1] (net)
                      0.017698    0.000000    2.008581 v input2/A (sky130_fd_sc_hd__clkbuf_2)
     6    0.024221    0.175336    0.263692    2.272273 v input2/X (sky130_fd_sc_hd__clkbuf_2)
                                                         net2 (net)
                      0.175340    0.001102    2.273375 v _00_/B (sky130_fd_sc_hd__and2_1)
     2    0.008060    0.109751    0.410763    2.684138 v _00_/X (sky130_fd_sc_hd__and2_1)
                                                         net4 (net)
                      0.109751    0.000151    2.684289 v output4/A (sky130_fd_sc_hd__buf_2)
     1    0.034293    0.165867    0.363908    3.048197 v output4/X (sky130_fd_sc_hd__buf_2)
                                                         bm_00_00[1] (net)
                      0.165867    0.000212    3.048410 v bm_00_00[1] (out)
                                              3.048410   data arrival time

                      0.000000   10.000000   10.000000   clock __VIRTUAL_CLK__ (rise edge)
                                  0.000000   10.000000   clock network delay (ideal)
                                 -0.250000    9.750000   clock uncertainty
                                  0.000000    9.750000   clock reconvergence pessimism
                                 -2.000000    7.750000   output external delay
                                              7.750000   data required time
---------------------------------------------------------------------------------------------
                                              7.750000   data required time
                                             -3.048410   data arrival time
---------------------------------------------------------------------------------------------
                                              4.701591   slack (MET)


Startpoint: received[0] (input port clocked by __VIRTUAL_CLK__)
Endpoint: bm_00_10[1] (output port clocked by __VIRTUAL_CLK__)
Path Group: __VIRTUAL_CLK__
Path Type: max

Fanout         Cap        Slew       Delay        Time   Description
---------------------------------------------------------------------------------------------
                      0.000000    0.000000    0.000000   clock __VIRTUAL_CLK__ (rise edge)
                                  0.000000    0.000000   clock network delay (ideal)
                                  2.000000    2.000000 v input external delay
     1    0.002672    0.017975    0.008812    2.008812 v received[0] (in)
                                                         received[0] (net)
                      0.017975    0.000000    2.008812 v input1/A (sky130_fd_sc_hd__clkbuf_2)
     6    0.023924    0.173373    0.262431    2.271244 v input1/X (sky130_fd_sc_hd__clkbuf_2)
                                                         net1 (net)
                      0.173374    0.000755    2.271998 v _01_/A (sky130_fd_sc_hd__nor2_1)
     2    0.006033    0.224514    0.274134    2.546133 ^ _01_/Y (sky130_fd_sc_hd__nor2_1)
                                                         net6 (net)
                      0.224514    0.000079    2.546212 ^ output6/A (sky130_fd_sc_hd__buf_2)
     1    0.033937    0.269865    0.414398    2.960610 ^ output6/X (sky130_fd_sc_hd__buf_2)
                                                         bm_00_10[1] (net)
                      0.269865    0.000167    2.960777 ^ bm_00_10[1] (out)
                                              2.960777   data arrival time

                      0.000000   10.000000   10.000000   clock __VIRTUAL_CLK__ (rise edge)
                                  0.000000   10.000000   clock network delay (ideal)
                                 -0.250000    9.750000   clock uncertainty
                                  0.000000    9.750000   clock reconvergence pessimism
                                 -2.000000    7.750000   output external delay
                                              7.750000   data required time
---------------------------------------------------------------------------------------------
                                              7.750000   data required time
                                             -2.960777   data arrival time
---------------------------------------------------------------------------------------------
                                              4.789223   slack (MET)



