Reading OpenROAD database at '/home/edabk/Desktop/Tu67/MARCO_ultra/Path_Metric_Unit/runs/RUN_2026-01-21_19-00-38/31-openroad-repairdesignpostgpl/Path_Metric_Unit.odb'…
Reading library file at '/home/edabk/.volare/volare/sky130/versions/0fe599b2afb6708d281543108caf8310912f54af/sky130A/libs.ref/sky130_fd_sc_hd/lib/sky130_fd_sc_hd__tt_025C_1v80.lib'…
Reading design constraints file at '/nix/store/h0ldzjka94yryiq8yxbxmwargpnmwhx6-python3-3.11.9-env/lib/python3.11/site-packages/openlane/scripts/base.sdc'…
[INFO] Using clock clk…
[INFO] Setting output delay to: 20.0
[INFO] Setting input delay to: 20.0
[INFO] Setting load to: 0.033442
[INFO] Setting clock uncertainty to: 0.25
[INFO] Setting clock transition to: 0.1499999999999999944488848768742172978818416595458984375
[INFO] Setting timing derate to: 5%
Placement Analysis
---------------------------------
total displacement          0.0 u
average displacement        0.0 u
max displacement            0.0 u
original HPWL            4311.6 u
legalized HPWL           4422.8 u
delta HPWL                    3 %

[INFO DPL-0020] Mirrored 64 instances
[INFO DPL-0021] HPWL before            4422.8 u
[INFO DPL-0022] HPWL after             4311.6 u
[INFO DPL-0023] HPWL delta               -2.5 %
Setting global connections for newly added cells…
[INFO] Setting global connections...
Updating metrics…
Cell type report:                       Count       Area
  Fill cell                                56     210.20
  Tap cell                                 90     112.61
  Timing Repair Buffer                     45     201.44
  Inverter                                  8      30.03
  Sequential cell                          16     440.42
  Multi-Input combinational cell          138    1337.53
  Total                                   353    2332.24
Writing OpenROAD database to '/home/edabk/Desktop/Tu67/MARCO_ultra/Path_Metric_Unit/runs/RUN_2026-01-21_19-00-38/33-openroad-detailedplacement/Path_Metric_Unit.odb'…
Writing netlist to '/home/edabk/Desktop/Tu67/MARCO_ultra/Path_Metric_Unit/runs/RUN_2026-01-21_19-00-38/33-openroad-detailedplacement/Path_Metric_Unit.nl.v'…
Writing powered netlist to '/home/edabk/Desktop/Tu67/MARCO_ultra/Path_Metric_Unit/runs/RUN_2026-01-21_19-00-38/33-openroad-detailedplacement/Path_Metric_Unit.pnl.v'…
Writing layout to '/home/edabk/Desktop/Tu67/MARCO_ultra/Path_Metric_Unit/runs/RUN_2026-01-21_19-00-38/33-openroad-detailedplacement/Path_Metric_Unit.def'…
Writing timing constraints to '/home/edabk/Desktop/Tu67/MARCO_ultra/Path_Metric_Unit/runs/RUN_2026-01-21_19-00-38/33-openroad-detailedplacement/Path_Metric_Unit.sdc'…
