Clock: clk
Sources: clk 
Generated: no
Virtual: yes
Propagated: no
Period: 100.000000

===========================================================================
report_clock_properties
============================================================================
Clock                   Period          Waveform
----------------------------------------------------
clk                 100.000000    0.000000 50.000000

===========================================================================
report_clock_latency
============================================================================
Clock clk
rise -> rise
    min     max
0.000000 0.000000 source latency
0.339139         network latency _096_/CLK
        0.345797 network latency _101_/CLK
---------------
0.339139 0.345797 latency
        0.006657 skew

fall -> fall
    min     max
0.000000 0.000000 source latency
0.325137         network latency _096_/CLK
        0.331369 network latency _101_/CLK
---------------
0.325137 0.331369 latency
        0.006231 skew



===========================================================================
report_clock_min_period
============================================================================
clk period_min = 2.17 fmax = 460.94
