
===========================================================================
report_checks -unconstrained
===========================================================================
======================= nom_ss_100C_1v60 Corner ===================================

Startpoint: rst_n (input port clocked by clk)
Endpoint: _30_ (recovery check against rising-edge clock clk)
Path Group: asynchronous
Path Type: max

Fanout         Cap        Slew       Delay        Time   Description
---------------------------------------------------------------------------------------------
                                  0.000000    0.000000   clock clk (rise edge)
                                  0.000000    0.000000   clock network delay (propagated)
                                 20.000000   20.000000 ^ input external delay
     1    0.003191    0.034845    0.017856   20.017857 ^ rst_n (in)
                                                         rst_n (net)
                      0.034845    0.000000   20.017857 ^ input1/A (sky130_fd_sc_hd__clkbuf_2)
     6    0.029505    0.256330    0.309594   20.327450 ^ input1/X (sky130_fd_sc_hd__clkbuf_2)
                                                         net1 (net)
                      0.256428    0.001808   20.329258 ^ _30_/RESET_B (sky130_fd_sc_hd__dfrtp_1)
                                             20.329258   data arrival time

                                100.000000  100.000000   clock clk (rise edge)
                                  0.000000  100.000000   clock source latency
     1    0.010613    0.085337    0.055522  100.055519 ^ clk (in)
                                                         clk (net)
                      0.085339    0.000000  100.055519 ^ clkbuf_0_clk/A (sky130_fd_sc_hd__clkbuf_16)
     2    0.019103    0.066310    0.227246  100.282768 ^ clkbuf_0_clk/X (sky130_fd_sc_hd__clkbuf_16)
                                                         clknet_0_clk (net)
                      0.066310    0.000313  100.283073 ^ clkbuf_1_0__f_clk/A (sky130_fd_sc_hd__clkbuf_16)
     3    0.008483    0.052469    0.203030  100.486107 ^ clkbuf_1_0__f_clk/X (sky130_fd_sc_hd__clkbuf_16)
                                                         clknet_1_0__leaf_clk (net)
                      0.052469    0.000185  100.486290 ^ _30_/CLK (sky130_fd_sc_hd__dfrtp_1)
                                 -0.250000  100.236298   clock uncertainty
                                  0.000000  100.236298   clock reconvergence pessimism
                                  0.387603  100.623894   library recovery time
                                            100.623894   data required time
---------------------------------------------------------------------------------------------
                                            100.623894   data required time
                                            -20.329258   data arrival time
---------------------------------------------------------------------------------------------
                                             80.294632   slack (MET)


Startpoint: start (input port clocked by clk)
Endpoint: clr_me (output port clocked by clk)
Path Group: clk
Path Type: max

Fanout         Cap        Slew       Delay        Time   Description
---------------------------------------------------------------------------------------------
                                  0.000000    0.000000   clock clk (rise edge)
                                  0.000000    0.000000   clock network delay (propagated)
                                 20.000000   20.000000 v input external delay
     1    0.002523    0.017409    0.008363   20.008364 v start (in)
                                                         start (net)
                      0.017409    0.000000   20.008364 v input2/A (sky130_fd_sc_hd__clkbuf_1)
     2    0.006350    0.086519    0.167660   20.176023 v input2/X (sky130_fd_sc_hd__clkbuf_1)
                                                         net2 (net)
                      0.086519    0.000176   20.176199 v _29_/A2 (sky130_fd_sc_hd__a211oi_1)
     1    0.002367    0.284336    0.376986   20.553185 ^ _29_/Y (sky130_fd_sc_hd__a211oi_1)
                                                         net3 (net)
                      0.284336    0.000069   20.553253 ^ output3/A (sky130_fd_sc_hd__buf_2)
     1    0.034405    0.273746    0.439698   20.992952 ^ output3/X (sky130_fd_sc_hd__buf_2)
                                                         clr_me (net)
                      0.273746    0.000748   20.993700 ^ clr_me (out)
                                             20.993700   data arrival time

                                100.000000  100.000000   clock clk (rise edge)
                                  0.000000  100.000000   clock network delay (propagated)
                                 -0.250000   99.750000   clock uncertainty
                                  0.000000   99.750000   clock reconvergence pessimism
                                -20.000000   79.750000   output external delay
                                             79.750000   data required time
---------------------------------------------------------------------------------------------
                                             79.750000   data required time
                                            -20.993700   data arrival time
---------------------------------------------------------------------------------------------
                                             58.756298   slack (MET)




===========================================================================
report_checks --slack_max -0.01
============================================================================
======================= nom_ss_100C_1v60 Corner ===================================

No paths found.


===========================================================================
 report_check_types -max_slew -max_cap -max_fanout -violators
============================================================================
======================= nom_ss_100C_1v60 Corner ===================================



===========================================================================
report_parasitic_annotation -report_unannotated
============================================================================
Found 0 unannotated drivers.
Found 0 partially unannotated drivers.

===========================================================================
max slew violation count 0
max fanout violation count 0
max cap violation count 0
============================================================================

===========================================================================
check_setup -verbose -unconstrained_endpoints -multiple_clock -no_clock -no_input_delay -loops -generated_clocks
===========================================================================
