
===========================================================================
report_checks -path_delay min (Hold)
============================================================================
======================= nom_ss_100C_1v60 Corner ===================================

Startpoint: _31_ (rising edge-triggered flip-flop clocked by clk)
Endpoint: _32_ (rising edge-triggered flip-flop clocked by clk)
Path Group: clk
Path Type: min

Fanout         Cap        Slew       Delay        Time   Description
---------------------------------------------------------------------------------------------
                                  0.000000    0.000000   clock clk (rise edge)
                                  0.000000    0.000000   clock source latency
     1    0.010613    0.085337    0.055520    0.055520 ^ clk (in)
                                                         clk (net)
                      0.085339    0.000000    0.055520 ^ clkbuf_0_clk/A (sky130_fd_sc_hd__clkbuf_16)
     2    0.019103    0.066310    0.227244    0.282765 ^ clkbuf_0_clk/X (sky130_fd_sc_hd__clkbuf_16)
                                                         clknet_0_clk (net)
                      0.066310    0.000313    0.283078 ^ clkbuf_1_0__f_clk/A (sky130_fd_sc_hd__clkbuf_16)
     3    0.008483    0.052469    0.203031    0.486109 ^ clkbuf_1_0__f_clk/X (sky130_fd_sc_hd__clkbuf_16)
                                                         clknet_1_0__leaf_clk (net)
                      0.052469    0.000217    0.486326 ^ _31_/CLK (sky130_fd_sc_hd__dfrtp_1)
     4    0.008643    0.148815    0.693817    1.180143 ^ _31_/Q (sky130_fd_sc_hd__dfrtp_1)
                                                         state[1] (net)
                      0.148815    0.000101    1.180244 ^ _15_/A_N (sky130_fd_sc_hd__nand2b_1)
     2    0.007408    0.140920    0.252184    1.432428 ^ _15_/Y (sky130_fd_sc_hd__nand2b_1)
                                                         _06_ (net)
                      0.140920    0.000134    1.432562 ^ _16_/B (sky130_fd_sc_hd__nor2_1)
     1    0.002997    0.049623    0.099053    1.531616 v _16_/Y (sky130_fd_sc_hd__nor2_1)
                                                         _00_ (net)
                      0.049625    0.000094    1.531710 v _32_/D (sky130_fd_sc_hd__dfrtp_1)
                                              1.531710   data arrival time

                                  0.000000    0.000000   clock clk (rise edge)
                                  0.000000    0.000000   clock source latency
     1    0.010613    0.085337    0.055520    0.055520 ^ clk (in)
                                                         clk (net)
                      0.085339    0.000000    0.055520 ^ clkbuf_0_clk/A (sky130_fd_sc_hd__clkbuf_16)
     2    0.019103    0.066310    0.227244    0.282765 ^ clkbuf_0_clk/X (sky130_fd_sc_hd__clkbuf_16)
                                                         clknet_0_clk (net)
                      0.066310    0.000376    0.283141 ^ clkbuf_1_1__f_clk/A (sky130_fd_sc_hd__clkbuf_16)
     3    0.011677    0.057047    0.208071    0.491211 ^ clkbuf_1_1__f_clk/X (sky130_fd_sc_hd__clkbuf_16)
                                                         clknet_1_1__leaf_clk (net)
                      0.057047    0.000322    0.491534 ^ _32_/CLK (sky130_fd_sc_hd__dfrtp_1)
                                  0.250000    0.741534   clock uncertainty
                                  0.000000    0.741534   clock reconvergence pessimism
                                 -0.092819    0.648715   library hold time
                                              0.648715   data required time
---------------------------------------------------------------------------------------------
                                              0.648715   data required time
                                             -1.531710   data arrival time
---------------------------------------------------------------------------------------------
                                              0.882995   slack (MET)


Startpoint: _31_ (rising edge-triggered flip-flop clocked by clk)
Endpoint: _30_ (rising edge-triggered flip-flop clocked by clk)
Path Group: clk
Path Type: min

Fanout         Cap        Slew       Delay        Time   Description
---------------------------------------------------------------------------------------------
                                  0.000000    0.000000   clock clk (rise edge)
                                  0.000000    0.000000   clock source latency
     1    0.010613    0.085337    0.055520    0.055520 ^ clk (in)
                                                         clk (net)
                      0.085339    0.000000    0.055520 ^ clkbuf_0_clk/A (sky130_fd_sc_hd__clkbuf_16)
     2    0.019103    0.066310    0.227244    0.282765 ^ clkbuf_0_clk/X (sky130_fd_sc_hd__clkbuf_16)
                                                         clknet_0_clk (net)
                      0.066310    0.000313    0.283078 ^ clkbuf_1_0__f_clk/A (sky130_fd_sc_hd__clkbuf_16)
     3    0.008483    0.052469    0.203031    0.486109 ^ clkbuf_1_0__f_clk/X (sky130_fd_sc_hd__clkbuf_16)
                                                         clknet_1_0__leaf_clk (net)
                      0.052469    0.000217    0.486326 ^ _31_/CLK (sky130_fd_sc_hd__dfrtp_1)
     4    0.008643    0.148815    0.693817    1.180143 ^ _31_/Q (sky130_fd_sc_hd__dfrtp_1)
                                                         state[1] (net)
                      0.148815    0.000101    1.180244 ^ _15_/A_N (sky130_fd_sc_hd__nand2b_1)
     2    0.007408    0.140920    0.252184    1.432428 ^ _15_/Y (sky130_fd_sc_hd__nand2b_1)
                                                         _06_ (net)
                      0.140920    0.000143    1.432571 ^ _26_/A1 (sky130_fd_sc_hd__o21ai_1)
     1    0.002874    0.073448    0.163910    1.596481 v _26_/Y (sky130_fd_sc_hd__o21ai_1)
                                                         next_state[0] (net)
                      0.073448    0.000085    1.596566 v _30_/D (sky130_fd_sc_hd__dfrtp_1)
                                              1.596566   data arrival time

                                  0.000000    0.000000   clock clk (rise edge)
                                  0.000000    0.000000   clock source latency
     1    0.010613    0.085337    0.055520    0.055520 ^ clk (in)
                                                         clk (net)
                      0.085339    0.000000    0.055520 ^ clkbuf_0_clk/A (sky130_fd_sc_hd__clkbuf_16)
     2    0.019103    0.066310    0.227244    0.282765 ^ clkbuf_0_clk/X (sky130_fd_sc_hd__clkbuf_16)
                                                         clknet_0_clk (net)
                      0.066310    0.000313    0.283078 ^ clkbuf_1_0__f_clk/A (sky130_fd_sc_hd__clkbuf_16)
     3    0.008483    0.052469    0.203031    0.486109 ^ clkbuf_1_0__f_clk/X (sky130_fd_sc_hd__clkbuf_16)
                                                         clknet_1_0__leaf_clk (net)
                      0.052469    0.000186    0.486294 ^ _30_/CLK (sky130_fd_sc_hd__dfrtp_1)
                                  0.250000    0.736294   clock uncertainty
                                  0.000000    0.736294   clock reconvergence pessimism
                                 -0.102776    0.633518   library hold time
                                              0.633518   data required time
---------------------------------------------------------------------------------------------
                                              0.633518   data required time
                                             -1.596566   data arrival time
---------------------------------------------------------------------------------------------
                                              0.963048   slack (MET)


Startpoint: _34_ (rising edge-triggered flip-flop clocked by clk)
Endpoint: _34_ (rising edge-triggered flip-flop clocked by clk)
Path Group: clk
Path Type: min

Fanout         Cap        Slew       Delay        Time   Description
---------------------------------------------------------------------------------------------
                                  0.000000    0.000000   clock clk (rise edge)
                                  0.000000    0.000000   clock source latency
     1    0.010613    0.085337    0.055520    0.055520 ^ clk (in)
                                                         clk (net)
                      0.085339    0.000000    0.055520 ^ clkbuf_0_clk/A (sky130_fd_sc_hd__clkbuf_16)
     2    0.019103    0.066310    0.227244    0.282765 ^ clkbuf_0_clk/X (sky130_fd_sc_hd__clkbuf_16)
                                                         clknet_0_clk (net)
                      0.066310    0.000376    0.283141 ^ clkbuf_1_1__f_clk/A (sky130_fd_sc_hd__clkbuf_16)
     3    0.011677    0.057047    0.208071    0.491211 ^ clkbuf_1_1__f_clk/X (sky130_fd_sc_hd__clkbuf_16)
                                                         clknet_1_1__leaf_clk (net)
                      0.057047    0.000347    0.491558 ^ _34_/CLK (sky130_fd_sc_hd__dfrtp_1)
     3    0.008029    0.141205    0.689443    1.181001 ^ _34_/Q (sky130_fd_sc_hd__dfrtp_1)
                                                         sym_cnt[2] (net)
                      0.141205    0.000201    1.181202 ^ _20_/B1 (sky130_fd_sc_hd__a21o_1)
     1    0.003734    0.069491    0.177245    1.358446 ^ _20_/X (sky130_fd_sc_hd__a21o_1)
                                                         _09_ (net)
                      0.069491    0.000118    1.358565 ^ _22_/B (sky130_fd_sc_hd__and3_1)
     1    0.002477    0.082509    0.283372    1.641936 ^ _22_/X (sky130_fd_sc_hd__and3_1)
                                                         _02_ (net)
                      0.082509    0.000075    1.642011 ^ _34_/D (sky130_fd_sc_hd__dfrtp_1)
                                              1.642011   data arrival time

                                  0.000000    0.000000   clock clk (rise edge)
                                  0.000000    0.000000   clock source latency
     1    0.010613    0.085337    0.055520    0.055520 ^ clk (in)
                                                         clk (net)
                      0.085339    0.000000    0.055520 ^ clkbuf_0_clk/A (sky130_fd_sc_hd__clkbuf_16)
     2    0.019103    0.066310    0.227244    0.282765 ^ clkbuf_0_clk/X (sky130_fd_sc_hd__clkbuf_16)
                                                         clknet_0_clk (net)
                      0.066310    0.000376    0.283141 ^ clkbuf_1_1__f_clk/A (sky130_fd_sc_hd__clkbuf_16)
     3    0.011677    0.057047    0.208071    0.491211 ^ clkbuf_1_1__f_clk/X (sky130_fd_sc_hd__clkbuf_16)
                                                         clknet_1_1__leaf_clk (net)
                      0.057047    0.000347    0.491558 ^ _34_/CLK (sky130_fd_sc_hd__dfrtp_1)
                                  0.250000    0.741558   clock uncertainty
                                  0.000000    0.741558   clock reconvergence pessimism
                                 -0.081921    0.659637   library hold time
                                              0.659637   data required time
---------------------------------------------------------------------------------------------
                                              0.659637   data required time
                                             -1.642011   data arrival time
---------------------------------------------------------------------------------------------
                                              0.982374   slack (MET)


Startpoint: _33_ (rising edge-triggered flip-flop clocked by clk)
Endpoint: _33_ (rising edge-triggered flip-flop clocked by clk)
Path Group: clk
Path Type: min

Fanout         Cap        Slew       Delay        Time   Description
---------------------------------------------------------------------------------------------
                                  0.000000    0.000000   clock clk (rise edge)
                                  0.000000    0.000000   clock source latency
     1    0.010613    0.085337    0.055520    0.055520 ^ clk (in)
                                                         clk (net)
                      0.085339    0.000000    0.055520 ^ clkbuf_0_clk/A (sky130_fd_sc_hd__clkbuf_16)
     2    0.019103    0.066310    0.227244    0.282765 ^ clkbuf_0_clk/X (sky130_fd_sc_hd__clkbuf_16)
                                                         clknet_0_clk (net)
                      0.066310    0.000376    0.283141 ^ clkbuf_1_1__f_clk/A (sky130_fd_sc_hd__clkbuf_16)
     3    0.011677    0.057047    0.208071    0.491211 ^ clkbuf_1_1__f_clk/X (sky130_fd_sc_hd__clkbuf_16)
                                                         clknet_1_1__leaf_clk (net)
                      0.057047    0.000157    0.491369 ^ _33_/CLK (sky130_fd_sc_hd__dfrtp_1)
     5    0.013538    0.165043    0.829444    1.320812 v _33_/Q (sky130_fd_sc_hd__dfrtp_1)
                                                         sym_cnt[1] (net)
                      0.165043    0.000467    1.321279 v _18_/A (sky130_fd_sc_hd__nand2_1)
     1    0.002815    0.074909    0.129915    1.451195 ^ _18_/Y (sky130_fd_sc_hd__nand2_1)
                                                         _08_ (net)
                      0.074909    0.000082    1.451277 ^ _19_/C (sky130_fd_sc_hd__and3_1)
     1    0.003124    0.090663    0.309220    1.760496 ^ _19_/X (sky130_fd_sc_hd__and3_1)
                                                         _01_ (net)
                      0.090663    0.000096    1.760592 ^ _33_/D (sky130_fd_sc_hd__dfrtp_1)
                                              1.760592   data arrival time

                                  0.000000    0.000000   clock clk (rise edge)
                                  0.000000    0.000000   clock source latency
     1    0.010613    0.085337    0.055520    0.055520 ^ clk (in)
                                                         clk (net)
                      0.085339    0.000000    0.055520 ^ clkbuf_0_clk/A (sky130_fd_sc_hd__clkbuf_16)
     2    0.019103    0.066310    0.227244    0.282765 ^ clkbuf_0_clk/X (sky130_fd_sc_hd__clkbuf_16)
                                                         clknet_0_clk (net)
                      0.066310    0.000376    0.283141 ^ clkbuf_1_1__f_clk/A (sky130_fd_sc_hd__clkbuf_16)
     3    0.011677    0.057047    0.208071    0.491211 ^ clkbuf_1_1__f_clk/X (sky130_fd_sc_hd__clkbuf_16)
                                                         clknet_1_1__leaf_clk (net)
                      0.057047    0.000157    0.491369 ^ _33_/CLK (sky130_fd_sc_hd__dfrtp_1)
                                  0.250000    0.741369   clock uncertainty
                                  0.000000    0.741369   clock reconvergence pessimism
                                 -0.083783    0.657585   library hold time
                                              0.657585   data required time
---------------------------------------------------------------------------------------------
                                              0.657585   data required time
                                             -1.760592   data arrival time
---------------------------------------------------------------------------------------------
                                              1.103007   slack (MET)


Startpoint: _34_ (rising edge-triggered flip-flop clocked by clk)
Endpoint: _35_ (rising edge-triggered flip-flop clocked by clk)
Path Group: clk
Path Type: min

Fanout         Cap        Slew       Delay        Time   Description
---------------------------------------------------------------------------------------------
                                  0.000000    0.000000   clock clk (rise edge)
                                  0.000000    0.000000   clock source latency
     1    0.010613    0.085337    0.055520    0.055520 ^ clk (in)
                                                         clk (net)
                      0.085339    0.000000    0.055520 ^ clkbuf_0_clk/A (sky130_fd_sc_hd__clkbuf_16)
     2    0.019103    0.066310    0.227244    0.282765 ^ clkbuf_0_clk/X (sky130_fd_sc_hd__clkbuf_16)
                                                         clknet_0_clk (net)
                      0.066310    0.000376    0.283141 ^ clkbuf_1_1__f_clk/A (sky130_fd_sc_hd__clkbuf_16)
     3    0.011677    0.057047    0.208071    0.491211 ^ clkbuf_1_1__f_clk/X (sky130_fd_sc_hd__clkbuf_16)
                                                         clknet_1_1__leaf_clk (net)
                      0.057047    0.000347    0.491558 ^ _34_/CLK (sky130_fd_sc_hd__dfrtp_1)
     3    0.007538    0.116241    0.774398    1.265956 v _34_/Q (sky130_fd_sc_hd__dfrtp_1)
                                                         sym_cnt[2] (net)
                      0.116241    0.000150    1.266106 v _21_/C (sky130_fd_sc_hd__nand3_1)
     2    0.005557    0.122522    0.172630    1.438736 ^ _21_/Y (sky130_fd_sc_hd__nand3_1)
                                                         _10_ (net)
                      0.122522    0.000137    1.438873 ^ _23_/C (sky130_fd_sc_hd__and3_1)
     1    0.003242    0.092194    0.326836    1.765709 ^ _23_/X (sky130_fd_sc_hd__and3_1)
                                                         _03_ (net)
                      0.092194    0.000101    1.765810 ^ _35_/D (sky130_fd_sc_hd__dfrtp_1)
                                              1.765810   data arrival time

                                  0.000000    0.000000   clock clk (rise edge)
                                  0.000000    0.000000   clock source latency
     1    0.010613    0.085337    0.055520    0.055520 ^ clk (in)
                                                         clk (net)
                      0.085339    0.000000    0.055520 ^ clkbuf_0_clk/A (sky130_fd_sc_hd__clkbuf_16)
     2    0.019103    0.066310    0.227244    0.282765 ^ clkbuf_0_clk/X (sky130_fd_sc_hd__clkbuf_16)
                                                         clknet_0_clk (net)
                      0.066310    0.000313    0.283078 ^ clkbuf_1_0__f_clk/A (sky130_fd_sc_hd__clkbuf_16)
     3    0.008483    0.052469    0.203031    0.486109 ^ clkbuf_1_0__f_clk/X (sky130_fd_sc_hd__clkbuf_16)
                                                         clknet_1_0__leaf_clk (net)
                      0.052469    0.000192    0.486300 ^ _35_/CLK (sky130_fd_sc_hd__dfrtp_1)
                                  0.250000    0.736300   clock uncertainty
                                  0.000000    0.736300   clock reconvergence pessimism
                                 -0.084885    0.651416   library hold time
                                              0.651416   data required time
---------------------------------------------------------------------------------------------
                                              0.651416   data required time
                                             -1.765810   data arrival time
---------------------------------------------------------------------------------------------
                                              1.114394   slack (MET)


Startpoint: _34_ (rising edge-triggered flip-flop clocked by clk)
Endpoint: _31_ (rising edge-triggered flip-flop clocked by clk)
Path Group: clk
Path Type: min

Fanout         Cap        Slew       Delay        Time   Description
---------------------------------------------------------------------------------------------
                                  0.000000    0.000000   clock clk (rise edge)
                                  0.000000    0.000000   clock source latency
     1    0.010613    0.085337    0.055520    0.055520 ^ clk (in)
                                                         clk (net)
                      0.085339    0.000000    0.055520 ^ clkbuf_0_clk/A (sky130_fd_sc_hd__clkbuf_16)
     2    0.019103    0.066310    0.227244    0.282765 ^ clkbuf_0_clk/X (sky130_fd_sc_hd__clkbuf_16)
                                                         clknet_0_clk (net)
                      0.066310    0.000376    0.283141 ^ clkbuf_1_1__f_clk/A (sky130_fd_sc_hd__clkbuf_16)
     3    0.011677    0.057047    0.208071    0.491211 ^ clkbuf_1_1__f_clk/X (sky130_fd_sc_hd__clkbuf_16)
                                                         clknet_1_1__leaf_clk (net)
                      0.057047    0.000347    0.491558 ^ _34_/CLK (sky130_fd_sc_hd__dfrtp_1)
     3    0.008029    0.141205    0.689443    1.181001 ^ _34_/Q (sky130_fd_sc_hd__dfrtp_1)
                                                         sym_cnt[2] (net)
                      0.141205    0.000183    1.181183 ^ _24_/B (sky130_fd_sc_hd__and4b_1)
     2    0.009118    0.186641    0.478953    1.660137 ^ _24_/X (sky130_fd_sc_hd__and4b_1)
                                                         _11_ (net)
                      0.186641    0.000252    1.660389 ^ _27_/B (sky130_fd_sc_hd__and2_1)
     1    0.003122    0.083518    0.273879    1.934268 ^ _27_/X (sky130_fd_sc_hd__and2_1)
                                                         next_state[1] (net)
                      0.083518    0.000096    1.934364 ^ _31_/D (sky130_fd_sc_hd__dfrtp_1)
                                              1.934364   data arrival time

                                  0.000000    0.000000   clock clk (rise edge)
                                  0.000000    0.000000   clock source latency
     1    0.010613    0.085337    0.055520    0.055520 ^ clk (in)
                                                         clk (net)
                      0.085339    0.000000    0.055520 ^ clkbuf_0_clk/A (sky130_fd_sc_hd__clkbuf_16)
     2    0.019103    0.066310    0.227244    0.282765 ^ clkbuf_0_clk/X (sky130_fd_sc_hd__clkbuf_16)
                                                         clknet_0_clk (net)
                      0.066310    0.000313    0.283078 ^ clkbuf_1_0__f_clk/A (sky130_fd_sc_hd__clkbuf_16)
     3    0.008483    0.052469    0.203031    0.486109 ^ clkbuf_1_0__f_clk/X (sky130_fd_sc_hd__clkbuf_16)
                                                         clknet_1_0__leaf_clk (net)
                      0.052469    0.000217    0.486326 ^ _31_/CLK (sky130_fd_sc_hd__dfrtp_1)
                                  0.250000    0.736326   clock uncertainty
                                  0.000000    0.736326   clock reconvergence pessimism
                                 -0.082903    0.653422   library hold time
                                              0.653422   data required time
---------------------------------------------------------------------------------------------
                                              0.653422   data required time
                                             -1.934364   data arrival time
---------------------------------------------------------------------------------------------
                                              1.280942   slack (MET)


Startpoint: rst_n (input port clocked by clk)
Endpoint: _33_ (removal check against rising-edge clock clk)
Path Group: asynchronous
Path Type: min

Fanout         Cap        Slew       Delay        Time   Description
---------------------------------------------------------------------------------------------
                                  0.000000    0.000000   clock clk (rise edge)
                                  0.000000    0.000000   clock network delay (propagated)
                                 20.000000   20.000000 ^ input external delay
     1    0.003191    0.034845    0.017856   20.017857 ^ rst_n (in)
                                                         rst_n (net)
                      0.034845    0.000000   20.017857 ^ input1/A (sky130_fd_sc_hd__clkbuf_2)
     6    0.029505    0.256330    0.309594   20.327450 ^ input1/X (sky130_fd_sc_hd__clkbuf_2)
                                                         net1 (net)
                      0.256419    0.001320   20.328770 ^ _33_/RESET_B (sky130_fd_sc_hd__dfrtp_1)
                                             20.328770   data arrival time

                                  0.000000    0.000000   clock clk (rise edge)
                                  0.000000    0.000000   clock source latency
     1    0.010613    0.085337    0.055520    0.055520 ^ clk (in)
                                                         clk (net)
                      0.085339    0.000000    0.055520 ^ clkbuf_0_clk/A (sky130_fd_sc_hd__clkbuf_16)
     2    0.019103    0.066310    0.227244    0.282765 ^ clkbuf_0_clk/X (sky130_fd_sc_hd__clkbuf_16)
                                                         clknet_0_clk (net)
                      0.066310    0.000376    0.283141 ^ clkbuf_1_1__f_clk/A (sky130_fd_sc_hd__clkbuf_16)
     3    0.011677    0.057047    0.208071    0.491211 ^ clkbuf_1_1__f_clk/X (sky130_fd_sc_hd__clkbuf_16)
                                                         clknet_1_1__leaf_clk (net)
                      0.057047    0.000157    0.491369 ^ _33_/CLK (sky130_fd_sc_hd__dfrtp_1)
                                  0.250000    0.741369   clock uncertainty
                                  0.000000    0.741369   clock reconvergence pessimism
                                  0.710835    1.452204   library removal time
                                              1.452204   data required time
---------------------------------------------------------------------------------------------
                                              1.452204   data required time
                                            -20.328770   data arrival time
---------------------------------------------------------------------------------------------
                                             18.876566   slack (MET)


Startpoint: rst_n (input port clocked by clk)
Endpoint: _34_ (removal check against rising-edge clock clk)
Path Group: asynchronous
Path Type: min

Fanout         Cap        Slew       Delay        Time   Description
---------------------------------------------------------------------------------------------
                                  0.000000    0.000000   clock clk (rise edge)
                                  0.000000    0.000000   clock network delay (propagated)
                                 20.000000   20.000000 ^ input external delay
     1    0.003191    0.034845    0.017856   20.017857 ^ rst_n (in)
                                                         rst_n (net)
                      0.034845    0.000000   20.017857 ^ input1/A (sky130_fd_sc_hd__clkbuf_2)
     6    0.029505    0.256330    0.309594   20.327450 ^ input1/X (sky130_fd_sc_hd__clkbuf_2)
                                                         net1 (net)
                      0.256423    0.001547   20.328999 ^ _34_/RESET_B (sky130_fd_sc_hd__dfrtp_1)
                                             20.328999   data arrival time

                                  0.000000    0.000000   clock clk (rise edge)
                                  0.000000    0.000000   clock source latency
     1    0.010613    0.085337    0.055520    0.055520 ^ clk (in)
                                                         clk (net)
                      0.085339    0.000000    0.055520 ^ clkbuf_0_clk/A (sky130_fd_sc_hd__clkbuf_16)
     2    0.019103    0.066310    0.227244    0.282765 ^ clkbuf_0_clk/X (sky130_fd_sc_hd__clkbuf_16)
                                                         clknet_0_clk (net)
                      0.066310    0.000376    0.283141 ^ clkbuf_1_1__f_clk/A (sky130_fd_sc_hd__clkbuf_16)
     3    0.011677    0.057047    0.208071    0.491211 ^ clkbuf_1_1__f_clk/X (sky130_fd_sc_hd__clkbuf_16)
                                                         clknet_1_1__leaf_clk (net)
                      0.057047    0.000347    0.491558 ^ _34_/CLK (sky130_fd_sc_hd__dfrtp_1)
                                  0.250000    0.741558   clock uncertainty
                                  0.000000    0.741558   clock reconvergence pessimism
                                  0.710837    1.452395   library removal time
                                              1.452395   data required time
---------------------------------------------------------------------------------------------
                                              1.452395   data required time
                                            -20.328999   data arrival time
---------------------------------------------------------------------------------------------
                                             18.876602   slack (MET)


Startpoint: rst_n (input port clocked by clk)
Endpoint: _32_ (removal check against rising-edge clock clk)
Path Group: asynchronous
Path Type: min

Fanout         Cap        Slew       Delay        Time   Description
---------------------------------------------------------------------------------------------
                                  0.000000    0.000000   clock clk (rise edge)
                                  0.000000    0.000000   clock network delay (propagated)
                                 20.000000   20.000000 ^ input external delay
     1    0.003191    0.034845    0.017856   20.017857 ^ rst_n (in)
                                                         rst_n (net)
                      0.034845    0.000000   20.017857 ^ input1/A (sky130_fd_sc_hd__clkbuf_2)
     6    0.029505    0.256330    0.309594   20.327450 ^ input1/X (sky130_fd_sc_hd__clkbuf_2)
                                                         net1 (net)
                      0.256426    0.001727   20.329178 ^ _32_/RESET_B (sky130_fd_sc_hd__dfrtp_1)
                                             20.329178   data arrival time

                                  0.000000    0.000000   clock clk (rise edge)
                                  0.000000    0.000000   clock source latency
     1    0.010613    0.085337    0.055520    0.055520 ^ clk (in)
                                                         clk (net)
                      0.085339    0.000000    0.055520 ^ clkbuf_0_clk/A (sky130_fd_sc_hd__clkbuf_16)
     2    0.019103    0.066310    0.227244    0.282765 ^ clkbuf_0_clk/X (sky130_fd_sc_hd__clkbuf_16)
                                                         clknet_0_clk (net)
                      0.066310    0.000376    0.283141 ^ clkbuf_1_1__f_clk/A (sky130_fd_sc_hd__clkbuf_16)
     3    0.011677    0.057047    0.208071    0.491211 ^ clkbuf_1_1__f_clk/X (sky130_fd_sc_hd__clkbuf_16)
                                                         clknet_1_1__leaf_clk (net)
                      0.057047    0.000322    0.491534 ^ _32_/CLK (sky130_fd_sc_hd__dfrtp_1)
                                  0.250000    0.741534   clock uncertainty
                                  0.000000    0.741534   clock reconvergence pessimism
                                  0.710838    1.452371   library removal time
                                              1.452371   data required time
---------------------------------------------------------------------------------------------
                                              1.452371   data required time
                                            -20.329178   data arrival time
---------------------------------------------------------------------------------------------
                                             18.876806   slack (MET)


Startpoint: rst_n (input port clocked by clk)
Endpoint: _35_ (removal check against rising-edge clock clk)
Path Group: asynchronous
Path Type: min

Fanout         Cap        Slew       Delay        Time   Description
---------------------------------------------------------------------------------------------
                                  0.000000    0.000000   clock clk (rise edge)
                                  0.000000    0.000000   clock network delay (propagated)
                                 20.000000   20.000000 ^ input external delay
     1    0.003191    0.034845    0.017856   20.017857 ^ rst_n (in)
                                                         rst_n (net)
                      0.034845    0.000000   20.017857 ^ input1/A (sky130_fd_sc_hd__clkbuf_2)
     6    0.029505    0.256330    0.309594   20.327450 ^ input1/X (sky130_fd_sc_hd__clkbuf_2)
                                                         net1 (net)
                      0.256426    0.001746   20.329197 ^ _35_/RESET_B (sky130_fd_sc_hd__dfrtp_1)
                                             20.329197   data arrival time

                                  0.000000    0.000000   clock clk (rise edge)
                                  0.000000    0.000000   clock source latency
     1    0.010613    0.085337    0.055520    0.055520 ^ clk (in)
                                                         clk (net)
                      0.085339    0.000000    0.055520 ^ clkbuf_0_clk/A (sky130_fd_sc_hd__clkbuf_16)
     2    0.019103    0.066310    0.227244    0.282765 ^ clkbuf_0_clk/X (sky130_fd_sc_hd__clkbuf_16)
                                                         clknet_0_clk (net)
                      0.066310    0.000313    0.283078 ^ clkbuf_1_0__f_clk/A (sky130_fd_sc_hd__clkbuf_16)
     3    0.008483    0.052469    0.203031    0.486109 ^ clkbuf_1_0__f_clk/X (sky130_fd_sc_hd__clkbuf_16)
                                                         clknet_1_0__leaf_clk (net)
                      0.052469    0.000192    0.486300 ^ _35_/CLK (sky130_fd_sc_hd__dfrtp_1)
                                  0.250000    0.736300   clock uncertainty
                                  0.000000    0.736300   clock reconvergence pessimism
                                  0.709460    1.445761   library removal time
                                              1.445761   data required time
---------------------------------------------------------------------------------------------
                                              1.445761   data required time
                                            -20.329197   data arrival time
---------------------------------------------------------------------------------------------
                                             18.883436   slack (MET)


Startpoint: rst_n (input port clocked by clk)
Endpoint: _30_ (removal check against rising-edge clock clk)
Path Group: asynchronous
Path Type: min

Fanout         Cap        Slew       Delay        Time   Description
---------------------------------------------------------------------------------------------
                                  0.000000    0.000000   clock clk (rise edge)
                                  0.000000    0.000000   clock network delay (propagated)
                                 20.000000   20.000000 ^ input external delay
     1    0.003191    0.034845    0.017856   20.017857 ^ rst_n (in)
                                                         rst_n (net)
                      0.034845    0.000000   20.017857 ^ input1/A (sky130_fd_sc_hd__clkbuf_2)
     6    0.029505    0.256330    0.309594   20.327450 ^ input1/X (sky130_fd_sc_hd__clkbuf_2)
                                                         net1 (net)
                      0.256428    0.001808   20.329258 ^ _30_/RESET_B (sky130_fd_sc_hd__dfrtp_1)
                                             20.329258   data arrival time

                                  0.000000    0.000000   clock clk (rise edge)
                                  0.000000    0.000000   clock source latency
     1    0.010613    0.085337    0.055520    0.055520 ^ clk (in)
                                                         clk (net)
                      0.085339    0.000000    0.055520 ^ clkbuf_0_clk/A (sky130_fd_sc_hd__clkbuf_16)
     2    0.019103    0.066310    0.227244    0.282765 ^ clkbuf_0_clk/X (sky130_fd_sc_hd__clkbuf_16)
                                                         clknet_0_clk (net)
                      0.066310    0.000313    0.283078 ^ clkbuf_1_0__f_clk/A (sky130_fd_sc_hd__clkbuf_16)
     3    0.008483    0.052469    0.203031    0.486109 ^ clkbuf_1_0__f_clk/X (sky130_fd_sc_hd__clkbuf_16)
                                                         clknet_1_0__leaf_clk (net)
                      0.052469    0.000186    0.486294 ^ _30_/CLK (sky130_fd_sc_hd__dfrtp_1)
                                  0.250000    0.736294   clock uncertainty
                                  0.000000    0.736294   clock reconvergence pessimism
                                  0.709461    1.445755   library removal time
                                              1.445755   data required time
---------------------------------------------------------------------------------------------
                                              1.445755   data required time
                                            -20.329258   data arrival time
---------------------------------------------------------------------------------------------
                                             18.883503   slack (MET)


Startpoint: rst_n (input port clocked by clk)
Endpoint: _31_ (removal check against rising-edge clock clk)
Path Group: asynchronous
Path Type: min

Fanout         Cap        Slew       Delay        Time   Description
---------------------------------------------------------------------------------------------
                                  0.000000    0.000000   clock clk (rise edge)
                                  0.000000    0.000000   clock network delay (propagated)
                                 20.000000   20.000000 ^ input external delay
     1    0.003191    0.034845    0.017856   20.017857 ^ rst_n (in)
                                                         rst_n (net)
                      0.034845    0.000000   20.017857 ^ input1/A (sky130_fd_sc_hd__clkbuf_2)
     6    0.029505    0.256330    0.309594   20.327450 ^ input1/X (sky130_fd_sc_hd__clkbuf_2)
                                                         net1 (net)
                      0.256429    0.001847   20.329298 ^ _31_/RESET_B (sky130_fd_sc_hd__dfrtp_1)
                                             20.329298   data arrival time

                                  0.000000    0.000000   clock clk (rise edge)
                                  0.000000    0.000000   clock source latency
     1    0.010613    0.085337    0.055520    0.055520 ^ clk (in)
                                                         clk (net)
                      0.085339    0.000000    0.055520 ^ clkbuf_0_clk/A (sky130_fd_sc_hd__clkbuf_16)
     2    0.019103    0.066310    0.227244    0.282765 ^ clkbuf_0_clk/X (sky130_fd_sc_hd__clkbuf_16)
                                                         clknet_0_clk (net)
                      0.066310    0.000313    0.283078 ^ clkbuf_1_0__f_clk/A (sky130_fd_sc_hd__clkbuf_16)
     3    0.008483    0.052469    0.203031    0.486109 ^ clkbuf_1_0__f_clk/X (sky130_fd_sc_hd__clkbuf_16)
                                                         clknet_1_0__leaf_clk (net)
                      0.052469    0.000217    0.486326 ^ _31_/CLK (sky130_fd_sc_hd__dfrtp_1)
                                  0.250000    0.736326   clock uncertainty
                                  0.000000    0.736326   clock reconvergence pessimism
                                  0.709461    1.445787   library removal time
                                              1.445787   data required time
---------------------------------------------------------------------------------------------
                                              1.445787   data required time
                                            -20.329298   data arrival time
---------------------------------------------------------------------------------------------
                                             18.883512   slack (MET)


Startpoint: _30_ (rising edge-triggered flip-flop clocked by clk)
Endpoint: clr_me (output port clocked by clk)
Path Group: clk
Path Type: min

Fanout         Cap        Slew       Delay        Time   Description
---------------------------------------------------------------------------------------------
                                  0.000000    0.000000   clock clk (rise edge)
                                  0.000000    0.000000   clock source latency
     1    0.010613    0.085337    0.055520    0.055520 ^ clk (in)
                                                         clk (net)
                      0.085339    0.000000    0.055520 ^ clkbuf_0_clk/A (sky130_fd_sc_hd__clkbuf_16)
     2    0.019103    0.066310    0.227244    0.282765 ^ clkbuf_0_clk/X (sky130_fd_sc_hd__clkbuf_16)
                                                         clknet_0_clk (net)
                      0.066310    0.000313    0.283078 ^ clkbuf_1_0__f_clk/A (sky130_fd_sc_hd__clkbuf_16)
     3    0.008483    0.052469    0.203031    0.486109 ^ clkbuf_1_0__f_clk/X (sky130_fd_sc_hd__clkbuf_16)
                                                         clknet_1_0__leaf_clk (net)
                      0.052469    0.000186    0.486294 ^ _30_/CLK (sky130_fd_sc_hd__dfrtp_1)
     5    0.015859    0.183753    0.844083    1.330377 v _30_/Q (sky130_fd_sc_hd__dfrtp_1)
                                                         state[0] (net)
                      0.183753    0.000532    1.330909 v _13_/A (sky130_fd_sc_hd__inv_2)
     1    0.002806    0.057567    0.106231    1.437141 ^ _13_/Y (sky130_fd_sc_hd__inv_2)
                                                         _04_ (net)
                      0.057567    0.000055    1.437195 ^ _29_/A1 (sky130_fd_sc_hd__a211oi_1)
     1    0.002239    0.078834    0.117450    1.554645 v _29_/Y (sky130_fd_sc_hd__a211oi_1)
                                                         net3 (net)
                      0.078834    0.000066    1.554711 v output3/A (sky130_fd_sc_hd__buf_2)
     1    0.034405    0.166435    0.349001    1.903712 v output3/X (sky130_fd_sc_hd__buf_2)
                                                         clr_me (net)
                      0.166435    0.000748    1.904460 v clr_me (out)
                                              1.904460   data arrival time

                                  0.000000    0.000000   clock clk (rise edge)
                                  0.000000    0.000000   clock network delay (propagated)
                                  0.250000    0.250000   clock uncertainty
                                  0.000000    0.250000   clock reconvergence pessimism
                                -20.000000  -19.750002   output external delay
                                            -19.750002   data required time
---------------------------------------------------------------------------------------------
                                            -19.750002   data required time
                                             -1.904460   data arrival time
---------------------------------------------------------------------------------------------
                                             21.654463   slack (MET)


Startpoint: _31_ (rising edge-triggered flip-flop clocked by clk)
Endpoint: frame_done (output port clocked by clk)
Path Group: clk
Path Type: min

Fanout         Cap        Slew       Delay        Time   Description
---------------------------------------------------------------------------------------------
                                  0.000000    0.000000   clock clk (rise edge)
                                  0.000000    0.000000   clock source latency
     1    0.010613    0.085337    0.055520    0.055520 ^ clk (in)
                                                         clk (net)
                      0.085339    0.000000    0.055520 ^ clkbuf_0_clk/A (sky130_fd_sc_hd__clkbuf_16)
     2    0.019103    0.066310    0.227244    0.282765 ^ clkbuf_0_clk/X (sky130_fd_sc_hd__clkbuf_16)
                                                         clknet_0_clk (net)
                      0.066310    0.000313    0.283078 ^ clkbuf_1_0__f_clk/A (sky130_fd_sc_hd__clkbuf_16)
     3    0.008483    0.052469    0.203031    0.486109 ^ clkbuf_1_0__f_clk/X (sky130_fd_sc_hd__clkbuf_16)
                                                         clknet_1_0__leaf_clk (net)
                      0.052469    0.000217    0.486326 ^ _31_/CLK (sky130_fd_sc_hd__dfrtp_1)
     4    0.008643    0.148815    0.693817    1.180143 ^ _31_/Q (sky130_fd_sc_hd__dfrtp_1)
                                                         state[1] (net)
                      0.148815    0.000172    1.180315 ^ _28_/B (sky130_fd_sc_hd__and2b_1)
     2    0.016223    0.245159    0.393246    1.573561 ^ _28_/X (sky130_fd_sc_hd__and2b_1)
                                                         net4 (net)
                      0.245159    0.000652    1.574213 ^ output4/A (sky130_fd_sc_hd__buf_2)
     1    0.033894    0.269747    0.421872    1.996085 ^ output4/X (sky130_fd_sc_hd__buf_2)
                                                         frame_done (net)
                      0.269747    0.000610    1.996695 ^ frame_done (out)
                                              1.996695   data arrival time

                                  0.000000    0.000000   clock clk (rise edge)
                                  0.000000    0.000000   clock network delay (propagated)
                                  0.250000    0.250000   clock uncertainty
                                  0.000000    0.250000   clock reconvergence pessimism
                                -20.000000  -19.750002   output external delay
                                            -19.750002   data required time
---------------------------------------------------------------------------------------------
                                            -19.750002   data required time
                                             -1.996695   data arrival time
---------------------------------------------------------------------------------------------
                                             21.746696   slack (MET)



