Clock: clk
Sources: clk 
Generated: no
Virtual: no
Propagated: no
Period: 100.000000

===========================================================================
report_clock_properties
============================================================================
Clock                   Period          Waveform
----------------------------------------------------
clk                 100.000000    0.000000 50.000000

===========================================================================
report_clock_latency
============================================================================
Clock clk
rise -> rise
    min     max
0.000000 0.000000 source latency
0.029161         network latency _30_/CLK
        0.029161 network latency _30_/CLK
---------------
0.029161 0.029161 latency
        0.000000 skew

fall -> fall
    min     max
0.000000 0.000000 source latency
0.010765         network latency _30_/CLK
        0.010765 network latency _30_/CLK
---------------
0.010765 0.010765 latency
        0.000000 skew



===========================================================================
report_clock_min_period
============================================================================
clk period_min = 0.89 fmax = 1128.07
