
===========================================================================
report_checks -path_delay min (Hold)
============================================================================
======================= nom_ff_n40C_1v95 Corner ===================================

Startpoint: _32_ (rising edge-triggered flip-flop clocked by clk)
Endpoint: _32_ (rising edge-triggered flip-flop clocked by clk)
Path Group: clk
Path Type: min

Fanout         Cap        Slew       Delay        Time   Description
---------------------------------------------------------------------------------------------
                      0.150000    0.000000    0.000000   clock clk (rise edge)
                                  0.000000    0.000000   clock network delay (ideal)
                      0.150000    0.000000    0.000000 ^ _32_/CLK (sky130_fd_sc_hd__dfrtp_2)
     6    0.019552    0.081460    0.283207    0.283207 ^ _32_/Q (sky130_fd_sc_hd__dfrtp_2)
                                                         sym_cnt[0] (net)
                      0.081460    0.000000    0.283207 ^ _16_/A (sky130_fd_sc_hd__nor2_2)
     1    0.002059    0.015148    0.022527    0.305734 v _16_/Y (sky130_fd_sc_hd__nor2_2)
                                                         _00_ (net)
                      0.015148    0.000000    0.305734 v _32_/D (sky130_fd_sc_hd__dfrtp_2)
                                              0.305734   data arrival time

                      0.150000    0.000000    0.000000   clock clk (rise edge)
                                  0.000000    0.000000   clock network delay (ideal)
                                  0.250000    0.250000   clock uncertainty
                                  0.000000    0.250000   clock reconvergence pessimism
                                              0.250000 ^ _32_/CLK (sky130_fd_sc_hd__dfrtp_2)
                                 -0.012384    0.237616   library hold time
                                              0.237616   data required time
---------------------------------------------------------------------------------------------
                                              0.237616   data required time
                                             -0.305734   data arrival time
---------------------------------------------------------------------------------------------
                                              0.068118   slack (MET)


Startpoint: _35_ (rising edge-triggered flip-flop clocked by clk)
Endpoint: _35_ (rising edge-triggered flip-flop clocked by clk)
Path Group: clk
Path Type: min

Fanout         Cap        Slew       Delay        Time   Description
---------------------------------------------------------------------------------------------
                      0.150000    0.000000    0.000000   clock clk (rise edge)
                                  0.000000    0.000000   clock network delay (ideal)
                      0.150000    0.000000    0.000000 ^ _35_/CLK (sky130_fd_sc_hd__dfrtp_2)
     2    0.003246    0.028135    0.236563    0.236563 ^ _35_/Q (sky130_fd_sc_hd__dfrtp_2)
                                                         sym_cnt[3] (net)
                      0.028135    0.000000    0.236563 ^ _23_/A (sky130_fd_sc_hd__and3_2)
     1    0.002087    0.025345    0.085452    0.322015 ^ _23_/X (sky130_fd_sc_hd__and3_2)
                                                         _03_ (net)
                      0.025345    0.000000    0.322015 ^ _35_/D (sky130_fd_sc_hd__dfrtp_2)
                                              0.322015   data arrival time

                      0.150000    0.000000    0.000000   clock clk (rise edge)
                                  0.000000    0.000000   clock network delay (ideal)
                                  0.250000    0.250000   clock uncertainty
                                  0.000000    0.250000   clock reconvergence pessimism
                                              0.250000 ^ _35_/CLK (sky130_fd_sc_hd__dfrtp_2)
                                 -0.016198    0.233802   library hold time
                                              0.233802   data required time
---------------------------------------------------------------------------------------------
                                              0.233802   data required time
                                             -0.322015   data arrival time
---------------------------------------------------------------------------------------------
                                              0.088213   slack (MET)


Startpoint: _31_ (rising edge-triggered flip-flop clocked by clk)
Endpoint: _30_ (rising edge-triggered flip-flop clocked by clk)
Path Group: clk
Path Type: min

Fanout         Cap        Slew       Delay        Time   Description
---------------------------------------------------------------------------------------------
                      0.150000    0.000000    0.000000   clock clk (rise edge)
                                  0.000000    0.000000   clock network delay (ideal)
                      0.150000    0.000000    0.000000 ^ _31_/CLK (sky130_fd_sc_hd__dfrtp_2)
     4    0.006670    0.039448    0.247941    0.247941 ^ _31_/Q (sky130_fd_sc_hd__dfrtp_2)
                                                         state[1] (net)
                      0.039448    0.000000    0.247941 ^ _25_/A (sky130_fd_sc_hd__or3b_2)
     1    0.004594    0.030495    0.075596    0.323538 ^ _25_/X (sky130_fd_sc_hd__or3b_2)
                                                         _12_ (net)
                      0.030495    0.000000    0.323538 ^ _26_/B1 (sky130_fd_sc_hd__o21ai_2)
     1    0.002059    0.013132    0.016877    0.340414 v _26_/Y (sky130_fd_sc_hd__o21ai_2)
                                                         next_state[0] (net)
                      0.013132    0.000000    0.340414 v _30_/D (sky130_fd_sc_hd__dfrtp_2)
                                              0.340414   data arrival time

                      0.150000    0.000000    0.000000   clock clk (rise edge)
                                  0.000000    0.000000   clock network delay (ideal)
                                  0.250000    0.250000   clock uncertainty
                                  0.000000    0.250000   clock reconvergence pessimism
                                              0.250000 ^ _30_/CLK (sky130_fd_sc_hd__dfrtp_2)
                                 -0.011737    0.238263   library hold time
                                              0.238263   data required time
---------------------------------------------------------------------------------------------
                                              0.238263   data required time
                                             -0.340414   data arrival time
---------------------------------------------------------------------------------------------
                                              0.102152   slack (MET)


Startpoint: _34_ (rising edge-triggered flip-flop clocked by clk)
Endpoint: _34_ (rising edge-triggered flip-flop clocked by clk)
Path Group: clk
Path Type: min

Fanout         Cap        Slew       Delay        Time   Description
---------------------------------------------------------------------------------------------
                      0.150000    0.000000    0.000000   clock clk (rise edge)
                                  0.000000    0.000000   clock network delay (ideal)
                      0.150000    0.000000    0.000000 ^ _34_/CLK (sky130_fd_sc_hd__dfrtp_2)
     3    0.009040    0.047019    0.254825    0.254825 ^ _34_/Q (sky130_fd_sc_hd__dfrtp_2)
                                                         sym_cnt[2] (net)
                      0.047019    0.000000    0.254825 ^ _20_/B1 (sky130_fd_sc_hd__a21o_2)
     1    0.001620    0.014920    0.048931    0.303755 ^ _20_/X (sky130_fd_sc_hd__a21o_2)
                                                         _09_ (net)
                      0.014920    0.000000    0.303755 ^ _22_/B (sky130_fd_sc_hd__and3_2)
     1    0.002087    0.025351    0.086725    0.390480 ^ _22_/X (sky130_fd_sc_hd__and3_2)
                                                         _02_ (net)
                      0.025351    0.000000    0.390480 ^ _34_/D (sky130_fd_sc_hd__dfrtp_2)
                                              0.390480   data arrival time

                      0.150000    0.000000    0.000000   clock clk (rise edge)
                                  0.000000    0.000000   clock network delay (ideal)
                                  0.250000    0.250000   clock uncertainty
                                  0.000000    0.250000   clock reconvergence pessimism
                                              0.250000 ^ _34_/CLK (sky130_fd_sc_hd__dfrtp_2)
                                 -0.016198    0.233802   library hold time
                                              0.233802   data required time
---------------------------------------------------------------------------------------------
                                              0.233802   data required time
                                             -0.390480   data arrival time
---------------------------------------------------------------------------------------------
                                              0.156679   slack (MET)


Startpoint: _33_ (rising edge-triggered flip-flop clocked by clk)
Endpoint: _33_ (rising edge-triggered flip-flop clocked by clk)
Path Group: clk
Path Type: min

Fanout         Cap        Slew       Delay        Time   Description
---------------------------------------------------------------------------------------------
                      0.150000    0.000000    0.000000   clock clk (rise edge)
                                  0.000000    0.000000   clock network delay (ideal)
                      0.150000    0.000000    0.000000 ^ _33_/CLK (sky130_fd_sc_hd__dfrtp_2)
     5    0.014800    0.065457    0.271463    0.271463 ^ _33_/Q (sky130_fd_sc_hd__dfrtp_2)
                                                         sym_cnt[1] (net)
                      0.065457    0.000000    0.271463 ^ _18_/A (sky130_fd_sc_hd__nand2_2)
     1    0.001548    0.020113    0.019743    0.291206 v _18_/Y (sky130_fd_sc_hd__nand2_2)
                                                         _08_ (net)
                      0.020113    0.000000    0.291206 v _19_/C (sky130_fd_sc_hd__and3_2)
     1    0.002059    0.022835    0.118767    0.409973 v _19_/X (sky130_fd_sc_hd__and3_2)
                                                         _01_ (net)
                      0.022835    0.000000    0.409973 v _33_/D (sky130_fd_sc_hd__dfrtp_2)
                                              0.409973   data arrival time

                      0.150000    0.000000    0.000000   clock clk (rise edge)
                                  0.000000    0.000000   clock network delay (ideal)
                                  0.250000    0.250000   clock uncertainty
                                  0.000000    0.250000   clock reconvergence pessimism
                                              0.250000 ^ _33_/CLK (sky130_fd_sc_hd__dfrtp_2)
                                 -0.014850    0.235150   library hold time
                                              0.235150   data required time
---------------------------------------------------------------------------------------------
                                              0.235150   data required time
                                             -0.409973   data arrival time
---------------------------------------------------------------------------------------------
                                              0.174823   slack (MET)


Startpoint: _30_ (rising edge-triggered flip-flop clocked by clk)
Endpoint: _31_ (rising edge-triggered flip-flop clocked by clk)
Path Group: clk
Path Type: min

Fanout         Cap        Slew       Delay        Time   Description
---------------------------------------------------------------------------------------------
                      0.150000    0.000000    0.000000   clock clk (rise edge)
                                  0.000000    0.000000   clock network delay (ideal)
                      0.150000    0.000000    0.000000 ^ _30_/CLK (sky130_fd_sc_hd__dfrtp_2)
     5    0.014636    0.064904    0.271058    0.271058 ^ _30_/Q (sky130_fd_sc_hd__dfrtp_2)
                                                         state[0] (net)
                      0.064904    0.000000    0.271058 ^ _14_/B (sky130_fd_sc_hd__and2b_2)
     5    0.010983    0.051826    0.110301    0.381358 ^ _14_/X (sky130_fd_sc_hd__and2b_2)
                                                         _05_ (net)
                      0.051826    0.000000    0.381358 ^ _27_/A (sky130_fd_sc_hd__and2_2)
     1    0.002087    0.022943    0.078104    0.459463 ^ _27_/X (sky130_fd_sc_hd__and2_2)
                                                         next_state[1] (net)
                      0.022943    0.000000    0.459463 ^ _31_/D (sky130_fd_sc_hd__dfrtp_2)
                                              0.459463   data arrival time

                      0.150000    0.000000    0.000000   clock clk (rise edge)
                                  0.000000    0.000000   clock network delay (ideal)
                                  0.250000    0.250000   clock uncertainty
                                  0.000000    0.250000   clock reconvergence pessimism
                                              0.250000 ^ _31_/CLK (sky130_fd_sc_hd__dfrtp_2)
                                 -0.016025    0.233975   library hold time
                                              0.233975   data required time
---------------------------------------------------------------------------------------------
                                              0.233975   data required time
                                             -0.459463   data arrival time
---------------------------------------------------------------------------------------------
                                              0.225487   slack (MET)


Startpoint: rst_n (input port clocked by clk)
Endpoint: _30_ (removal check against rising-edge clock clk)
Path Group: asynchronous
Path Type: min

Fanout         Cap        Slew       Delay        Time   Description
---------------------------------------------------------------------------------------------
                      0.150000    0.000000    0.000000   clock clk (rise edge)
                                  0.000000    0.000000   clock network delay (ideal)
                                 20.000000   20.000000 ^ input external delay
     6    0.021702    0.078763    0.052678   20.052679 ^ rst_n (in)
                                                         rst_n (net)
                      0.078763    0.000000   20.052679 ^ _30_/RESET_B (sky130_fd_sc_hd__dfrtp_2)
                                             20.052679   data arrival time

                      0.150000    0.000000    0.000000   clock clk (rise edge)
                                  0.000000    0.000000   clock network delay (ideal)
                                  0.250000    0.250000   clock uncertainty
                                  0.000000    0.250000   clock reconvergence pessimism
                                              0.250000 ^ _30_/CLK (sky130_fd_sc_hd__dfrtp_2)
                                  0.225878    0.475878   library removal time
                                              0.475878   data required time
---------------------------------------------------------------------------------------------
                                              0.475878   data required time
                                            -20.052679   data arrival time
---------------------------------------------------------------------------------------------
                                             19.576801   slack (MET)


Startpoint: rst_n (input port clocked by clk)
Endpoint: _31_ (removal check against rising-edge clock clk)
Path Group: asynchronous
Path Type: min

Fanout         Cap        Slew       Delay        Time   Description
---------------------------------------------------------------------------------------------
                      0.150000    0.000000    0.000000   clock clk (rise edge)
                                  0.000000    0.000000   clock network delay (ideal)
                                 20.000000   20.000000 ^ input external delay
     6    0.021702    0.078763    0.052678   20.052679 ^ rst_n (in)
                                                         rst_n (net)
                      0.078763    0.000000   20.052679 ^ _31_/RESET_B (sky130_fd_sc_hd__dfrtp_2)
                                             20.052679   data arrival time

                      0.150000    0.000000    0.000000   clock clk (rise edge)
                                  0.000000    0.000000   clock network delay (ideal)
                                  0.250000    0.250000   clock uncertainty
                                  0.000000    0.250000   clock reconvergence pessimism
                                              0.250000 ^ _31_/CLK (sky130_fd_sc_hd__dfrtp_2)
                                  0.225878    0.475878   library removal time
                                              0.475878   data required time
---------------------------------------------------------------------------------------------
                                              0.475878   data required time
                                            -20.052679   data arrival time
---------------------------------------------------------------------------------------------
                                             19.576801   slack (MET)


Startpoint: rst_n (input port clocked by clk)
Endpoint: _32_ (removal check against rising-edge clock clk)
Path Group: asynchronous
Path Type: min

Fanout         Cap        Slew       Delay        Time   Description
---------------------------------------------------------------------------------------------
                      0.150000    0.000000    0.000000   clock clk (rise edge)
                                  0.000000    0.000000   clock network delay (ideal)
                                 20.000000   20.000000 ^ input external delay
     6    0.021702    0.078763    0.052678   20.052679 ^ rst_n (in)
                                                         rst_n (net)
                      0.078763    0.000000   20.052679 ^ _32_/RESET_B (sky130_fd_sc_hd__dfrtp_2)
                                             20.052679   data arrival time

                      0.150000    0.000000    0.000000   clock clk (rise edge)
                                  0.000000    0.000000   clock network delay (ideal)
                                  0.250000    0.250000   clock uncertainty
                                  0.000000    0.250000   clock reconvergence pessimism
                                              0.250000 ^ _32_/CLK (sky130_fd_sc_hd__dfrtp_2)
                                  0.225878    0.475878   library removal time
                                              0.475878   data required time
---------------------------------------------------------------------------------------------
                                              0.475878   data required time
                                            -20.052679   data arrival time
---------------------------------------------------------------------------------------------
                                             19.576801   slack (MET)


Startpoint: rst_n (input port clocked by clk)
Endpoint: _33_ (removal check against rising-edge clock clk)
Path Group: asynchronous
Path Type: min

Fanout         Cap        Slew       Delay        Time   Description
---------------------------------------------------------------------------------------------
                      0.150000    0.000000    0.000000   clock clk (rise edge)
                                  0.000000    0.000000   clock network delay (ideal)
                                 20.000000   20.000000 ^ input external delay
     6    0.021702    0.078763    0.052678   20.052679 ^ rst_n (in)
                                                         rst_n (net)
                      0.078763    0.000000   20.052679 ^ _33_/RESET_B (sky130_fd_sc_hd__dfrtp_2)
                                             20.052679   data arrival time

                      0.150000    0.000000    0.000000   clock clk (rise edge)
                                  0.000000    0.000000   clock network delay (ideal)
                                  0.250000    0.250000   clock uncertainty
                                  0.000000    0.250000   clock reconvergence pessimism
                                              0.250000 ^ _33_/CLK (sky130_fd_sc_hd__dfrtp_2)
                                  0.225878    0.475878   library removal time
                                              0.475878   data required time
---------------------------------------------------------------------------------------------
                                              0.475878   data required time
                                            -20.052679   data arrival time
---------------------------------------------------------------------------------------------
                                             19.576801   slack (MET)


Startpoint: rst_n (input port clocked by clk)
Endpoint: _34_ (removal check against rising-edge clock clk)
Path Group: asynchronous
Path Type: min

Fanout         Cap        Slew       Delay        Time   Description
---------------------------------------------------------------------------------------------
                      0.150000    0.000000    0.000000   clock clk (rise edge)
                                  0.000000    0.000000   clock network delay (ideal)
                                 20.000000   20.000000 ^ input external delay
     6    0.021702    0.078763    0.052678   20.052679 ^ rst_n (in)
                                                         rst_n (net)
                      0.078763    0.000000   20.052679 ^ _34_/RESET_B (sky130_fd_sc_hd__dfrtp_2)
                                             20.052679   data arrival time

                      0.150000    0.000000    0.000000   clock clk (rise edge)
                                  0.000000    0.000000   clock network delay (ideal)
                                  0.250000    0.250000   clock uncertainty
                                  0.000000    0.250000   clock reconvergence pessimism
                                              0.250000 ^ _34_/CLK (sky130_fd_sc_hd__dfrtp_2)
                                  0.225878    0.475878   library removal time
                                              0.475878   data required time
---------------------------------------------------------------------------------------------
                                              0.475878   data required time
                                            -20.052679   data arrival time
---------------------------------------------------------------------------------------------
                                             19.576801   slack (MET)


Startpoint: rst_n (input port clocked by clk)
Endpoint: _35_ (removal check against rising-edge clock clk)
Path Group: asynchronous
Path Type: min

Fanout         Cap        Slew       Delay        Time   Description
---------------------------------------------------------------------------------------------
                      0.150000    0.000000    0.000000   clock clk (rise edge)
                                  0.000000    0.000000   clock network delay (ideal)
                                 20.000000   20.000000 ^ input external delay
     6    0.021702    0.078763    0.052678   20.052679 ^ rst_n (in)
                                                         rst_n (net)
                      0.078763    0.000000   20.052679 ^ _35_/RESET_B (sky130_fd_sc_hd__dfrtp_2)
                                             20.052679   data arrival time

                      0.150000    0.000000    0.000000   clock clk (rise edge)
                                  0.000000    0.000000   clock network delay (ideal)
                                  0.250000    0.250000   clock uncertainty
                                  0.000000    0.250000   clock reconvergence pessimism
                                              0.250000 ^ _35_/CLK (sky130_fd_sc_hd__dfrtp_2)
                                  0.225878    0.475878   library removal time
                                              0.475878   data required time
---------------------------------------------------------------------------------------------
                                              0.475878   data required time
                                            -20.052679   data arrival time
---------------------------------------------------------------------------------------------
                                             19.576801   slack (MET)


Startpoint: _30_ (rising edge-triggered flip-flop clocked by clk)
Endpoint: clr_me (output port clocked by clk)
Path Group: clk
Path Type: min

Fanout         Cap        Slew       Delay        Time   Description
---------------------------------------------------------------------------------------------
                      0.150000    0.000000    0.000000   clock clk (rise edge)
                                  0.000000    0.000000   clock network delay (ideal)
                      0.150000    0.000000    0.000000 ^ _30_/CLK (sky130_fd_sc_hd__dfrtp_2)
     5    0.013417    0.048487    0.291637    0.291637 v _30_/Q (sky130_fd_sc_hd__dfrtp_2)
                                                         state[0] (net)
                      0.048487    0.000000    0.291637 v _13_/A (sky130_fd_sc_hd__inv_2)
     1    0.004514    0.025381    0.038878    0.330515 ^ _13_/Y (sky130_fd_sc_hd__inv_2)
                                                         _04_ (net)
                      0.025381    0.000000    0.330515 ^ _29_/A1 (sky130_fd_sc_hd__a211oi_2)
     1    0.033442    0.063146    0.087764    0.418279 v _29_/Y (sky130_fd_sc_hd__a211oi_2)
                                                         clr_me (net)
                      0.063146    0.000000    0.418279 v clr_me (out)
                                              0.418279   data arrival time

                      0.150000    0.000000    0.000000   clock clk (rise edge)
                                  0.000000    0.000000   clock network delay (ideal)
                                  0.250000    0.250000   clock uncertainty
                                  0.000000    0.250000   clock reconvergence pessimism
                                -20.000000  -19.750002   output external delay
                                            -19.750002   data required time
---------------------------------------------------------------------------------------------
                                            -19.750002   data required time
                                             -0.418279   data arrival time
---------------------------------------------------------------------------------------------
                                             20.168280   slack (MET)


Startpoint: _31_ (rising edge-triggered flip-flop clocked by clk)
Endpoint: frame_done (output port clocked by clk)
Path Group: clk
Path Type: min

Fanout         Cap        Slew       Delay        Time   Description
---------------------------------------------------------------------------------------------
                      0.150000    0.000000    0.000000   clock clk (rise edge)
                                  0.000000    0.000000   clock network delay (ideal)
                      0.150000    0.000000    0.000000 ^ _31_/CLK (sky130_fd_sc_hd__dfrtp_2)
     4    0.006670    0.039448    0.247941    0.247941 ^ _31_/Q (sky130_fd_sc_hd__dfrtp_2)
                                                         state[1] (net)
                      0.039448    0.000000    0.247941 ^ _28_/B (sky130_fd_sc_hd__and2b_2)
     2    0.038158    0.147723    0.174173    0.422115 ^ _28_/X (sky130_fd_sc_hd__and2b_2)
                                                         frame_done (net)
                      0.147723    0.000000    0.422115 ^ frame_done (out)
                                              0.422115   data arrival time

                      0.150000    0.000000    0.000000   clock clk (rise edge)
                                  0.000000    0.000000   clock network delay (ideal)
                                  0.250000    0.250000   clock uncertainty
                                  0.000000    0.250000   clock reconvergence pessimism
                                -20.000000  -19.750002   output external delay
                                            -19.750002   data required time
---------------------------------------------------------------------------------------------
                                            -19.750002   data required time
                                             -0.422115   data arrival time
---------------------------------------------------------------------------------------------
                                             20.172115   slack (MET)



