Clock: clk
Sources: clk 
Generated: no
Virtual: yes
Propagated: no
Period: 100.000000

===========================================================================
report_clock_properties
============================================================================
Clock                   Period          Waveform
----------------------------------------------------
clk                 100.000000    0.000000 50.000000

===========================================================================
report_clock_latency
============================================================================
Clock clk
rise -> rise
    min     max
0.000000 0.000000 source latency
0.679907         network latency CTRL/clk
        0.668289 network latency SMU_Top/clk
---------------
0.679907 0.668289 latency
        -0.011619 skew

fall -> fall
    min     max
0.000000 0.000000 source latency
0.639702         network latency CTRL/clk
        0.628599 network latency SMU_Top/clk
---------------
0.639702 0.628599 latency
        -0.011102 skew



===========================================================================
report_clock_min_period
============================================================================
clk period_min = 8.84 fmax = 113.16
