Reading timing models for corner nom_ff_n40C_1v95…
Reading cell library for the 'nom_ff_n40C_1v95' corner at '/home/edabk/.volare/volare/sky130/versions/0fe599b2afb6708d281543108caf8310912f54af/sky130A/libs.ref/sky130_fd_sc_hd/lib/sky130_fd_sc_hd__ff_n40C_1v95.lib'…
Reading top-level netlist at '/home/edabk/Desktop/Tu67/MARCO_ultra/Maximum_Path_Memory/runs/Maximum_Path_Memory_run/51-openroad-fillinsertion/Maximum_Path_Memory.nl.v'…
Linking design 'Maximum_Path_Memory' from netlist…
Warning: /home/edabk/Desktop/Tu67/MARCO_ultra/Maximum_Path_Memory/runs/Maximum_Path_Memory_run/51-openroad-fillinsertion/Maximum_Path_Memory.nl.v line 244, module sky130_fd_sc_hd__tapvpwrvgnd_1 not found. Creating black box for TAP_TAPCELL_ROW_0_28.
Warning: /home/edabk/Desktop/Tu67/MARCO_ultra/Maximum_Path_Memory/runs/Maximum_Path_Memory_run/51-openroad-fillinsertion/Maximum_Path_Memory.nl.v line 328, module sky130_ef_sc_hd__decap_12 not found. Creating black box for FILLER_0_3.
Warning: /home/edabk/Desktop/Tu67/MARCO_ultra/Maximum_Path_Memory/runs/Maximum_Path_Memory_run/51-openroad-fillinsertion/Maximum_Path_Memory.nl.v line 330, module sky130_fd_sc_hd__fill_1 not found. Creating black box for FILLER_0_27.
Warning: /home/edabk/Desktop/Tu67/MARCO_ultra/Maximum_Path_Memory/runs/Maximum_Path_Memory_run/51-openroad-fillinsertion/Maximum_Path_Memory.nl.v line 565, module sky130_fd_sc_hd__fill_2 not found. Creating black box for FILLER_11_98.
Reading design constraints file at '/nix/store/h0ldzjka94yryiq8yxbxmwargpnmwhx6-python3-3.11.9-env/lib/python3.11/site-packages/openlane/scripts/base.sdc'…
Warning: base.sdc line 15, port '__VIRTUAL_CLK__' not found.
[INFO] Using clock __VIRTUAL_CLK__…
[INFO] Setting output delay to: 2
[INFO] Setting input delay to: 2
Warning: base.sdc line 32, port '__VIRTUAL_CLK__' not found.
[INFO] Setting load to: 0.033442
[INFO] Setting clock uncertainty to: 0.25
[INFO] Setting clock transition to: 0.1499999999999999944488848768742172978818416595458984375
Warning: base.sdc line 69, transition time can not be specified for virtual clocks.
[INFO] Setting timing derate to: 5%
Warning: base.sdc line 79, virtual clock __VIRTUAL_CLK__ can not be propagated.
Reading top-level design parasitics for the 'nom_ff_n40C_1v95' corner at '/home/edabk/Desktop/Tu67/MARCO_ultra/Maximum_Path_Memory/runs/Maximum_Path_Memory_run/53-openroad-rcx/nom/Maximum_Path_Memory.nom.spef'…
%OL_CREATE_REPORT min.rpt

===========================================================================
report_checks -path_delay min (Hold)
============================================================================
======================= nom_ff_n40C_1v95 Corner ===================================

Startpoint: prev_10[3] (input port clocked by __VIRTUAL_CLK__)
Endpoint: winner_state[1] (output port clocked by __VIRTUAL_CLK__)
Path Group: __VIRTUAL_CLK__
Path Type: min

Fanout         Cap        Slew       Delay        Time   Description
---------------------------------------------------------------------------------------------
                      0.000000    0.000000    0.000000   clock __VIRTUAL_CLK__ (rise edge)
                                  0.000000    0.000000   clock network delay (ideal)
                                  2.000000    2.000000 ^ input external delay
     1    0.003584    0.016732    0.009306    2.009306 ^ prev_10[3] (in)
                                                         prev_10[3] (net)
                      0.016733    0.000000    2.009306 ^ input12/A (sky130_fd_sc_hd__buf_1)
     4    0.011621    0.106320    0.100129    2.109435 ^ input12/X (sky130_fd_sc_hd__buf_1)
                                                         net12 (net)
                      0.106321    0.000240    2.109675 ^ _59_/A (sky130_fd_sc_hd__nand2_1)
     3    0.009022    0.057256    0.060291    2.169966 v _59_/Y (sky130_fd_sc_hd__nand2_1)
                                                         _20_ (net)
                      0.057270    0.000187    2.170153 v _77_/B (sky130_fd_sc_hd__nand2b_1)
     1    0.002507    0.032276    0.054381    2.224534 ^ _77_/Y (sky130_fd_sc_hd__nand2b_1)
                                                         _38_ (net)
                      0.032276    0.000050    2.224584 ^ _78_/B1 (sky130_fd_sc_hd__o21ai_1)
     2    0.010144    0.043180    0.044385    2.268969 v _78_/Y (sky130_fd_sc_hd__o21ai_1)
                                                         net18 (net)
                      0.043184    0.000350    2.269320 v output18/A (sky130_fd_sc_hd__buf_2)
     1    0.033902    0.062224    0.122056    2.391376 v output18/X (sky130_fd_sc_hd__buf_2)
                                                         winner_state[1] (net)
                      0.062230    0.000620    2.391996 v winner_state[1] (out)
                                              2.391996   data arrival time

                      0.000000    0.000000    0.000000   clock __VIRTUAL_CLK__ (rise edge)
                                  0.000000    0.000000   clock network delay (ideal)
                                  0.250000    0.250000   clock uncertainty
                                  0.000000    0.250000   clock reconvergence pessimism
                                 -2.000000   -1.750000   output external delay
                                             -1.750000   data required time
---------------------------------------------------------------------------------------------
                                             -1.750000   data required time
                                             -2.391996   data arrival time
---------------------------------------------------------------------------------------------
                                              4.141995   slack (MET)


Startpoint: prev_01[3] (input port clocked by __VIRTUAL_CLK__)
Endpoint: winner_state[0] (output port clocked by __VIRTUAL_CLK__)
Path Group: __VIRTUAL_CLK__
Path Type: min

Fanout         Cap        Slew       Delay        Time   Description
---------------------------------------------------------------------------------------------
                      0.000000    0.000000    0.000000   clock __VIRTUAL_CLK__ (rise edge)
                                  0.000000    0.000000   clock network delay (ideal)
                                  2.000000    2.000000 v input external delay
     1    0.003730    0.006078    0.003108    2.003108 v prev_01[3] (in)
                                                         prev_01[3] (net)
                      0.006079    0.000000    2.003108 v input8/A (sky130_fd_sc_hd__buf_1)
     3    0.010802    0.046758    0.071995    2.075103 v input8/X (sky130_fd_sc_hd__buf_1)
                                                         net8 (net)
                      0.046759    0.000264    2.075366 v _42_/A (sky130_fd_sc_hd__inv_2)
     1    0.003537    0.021811    0.035103    2.110470 ^ _42_/Y (sky130_fd_sc_hd__inv_2)
                                                         _03_ (net)
                      0.021812    0.000110    2.110579 ^ _53_/A2 (sky130_fd_sc_hd__o221a_2)
     5    0.025651    0.110843    0.157027    2.267606 ^ _53_/X (sky130_fd_sc_hd__o221a_2)
                                                         _14_ (net)
                      0.110844    0.000519    2.268125 ^ _79_/A0 (sky130_fd_sc_hd__mux2_1)
     1    0.004584    0.039263    0.098572    2.366697 ^ _79_/X (sky130_fd_sc_hd__mux2_1)
                                                         net17 (net)
                      0.039263    0.000157    2.366853 ^ output17/A (sky130_fd_sc_hd__buf_2)
     1    0.033873    0.126778    0.138789    2.505642 ^ output17/X (sky130_fd_sc_hd__buf_2)
                                                         winner_state[0] (net)
                      0.126783    0.000610    2.506252 ^ winner_state[0] (out)
                                              2.506252   data arrival time

                      0.000000    0.000000    0.000000   clock __VIRTUAL_CLK__ (rise edge)
                                  0.000000    0.000000   clock network delay (ideal)
                                  0.250000    0.250000   clock uncertainty
                                  0.000000    0.250000   clock reconvergence pessimism
                                 -2.000000   -1.750000   output external delay
                                             -1.750000   data required time
---------------------------------------------------------------------------------------------
                                             -1.750000   data required time
                                             -2.506252   data arrival time
---------------------------------------------------------------------------------------------
                                              4.256251   slack (MET)



%OL_END_REPORT
%OL_CREATE_REPORT max.rpt

===========================================================================
report_checks -path_delay max (Setup)
============================================================================
======================= nom_ff_n40C_1v95 Corner ===================================

Startpoint: prev_11[3] (input port clocked by __VIRTUAL_CLK__)
Endpoint: winner_state[0] (output port clocked by __VIRTUAL_CLK__)
Path Group: __VIRTUAL_CLK__
Path Type: max

Fanout         Cap        Slew       Delay        Time   Description
---------------------------------------------------------------------------------------------
                      0.000000    0.000000    0.000000   clock __VIRTUAL_CLK__ (rise edge)
                                  0.000000    0.000000   clock network delay (ideal)
                                  2.000000    2.000000 v input external delay
     1    0.003028    0.005053    0.002483    2.002483 v prev_11[3] (in)
                                                         prev_11[3] (net)
                      0.005054    0.000000    2.002483 v input16/A (sky130_fd_sc_hd__buf_1)
     4    0.015284    0.063446    0.084368    2.086851 v input16/X (sky130_fd_sc_hd__buf_1)
                                                         net16 (net)
                      0.063449    0.000505    2.087355 v _60_/B (sky130_fd_sc_hd__or2_1)
     2    0.006364    0.043891    0.144327    2.231683 v _60_/X (sky130_fd_sc_hd__or2_1)
                                                         _21_ (net)
                      0.043891    0.000099    2.231781 v _63_/A2 (sky130_fd_sc_hd__a211o_1)
     1    0.003049    0.034256    0.181783    2.413564 v _63_/X (sky130_fd_sc_hd__a211o_1)
                                                         _24_ (net)
                      0.034256    0.000065    2.413629 v _64_/C1 (sky130_fd_sc_hd__o221a_1)
     4    0.018783    0.077227    0.109415    2.523044 v _64_/X (sky130_fd_sc_hd__o221a_1)
                                                         _25_ (net)
                      0.077232    0.000684    2.523728 v _72_/S (sky130_fd_sc_hd__mux2_1)
     2    0.005724    0.048981    0.207115    2.730844 v _72_/X (sky130_fd_sc_hd__mux2_1)
                                                         _33_ (net)
                      0.048981    0.000141    2.730985 v _76_/A3 (sky130_fd_sc_hd__a311o_1)
     1    0.003441    0.042095    0.221680    2.952665 v _76_/X (sky130_fd_sc_hd__a311o_1)
                                                         _37_ (net)
                      0.042095    0.000100    2.952765 v _78_/A2 (sky130_fd_sc_hd__o21ai_1)
     2    0.010549    0.163499    0.149706    3.102470 ^ _78_/Y (sky130_fd_sc_hd__o21ai_1)
                                                         net18 (net)
                      0.163500    0.000346    3.102816 ^ _79_/S (sky130_fd_sc_hd__mux2_1)
     1    0.004425    0.044306    0.200796    3.303612 v _79_/X (sky130_fd_sc_hd__mux2_1)
                                                         net17 (net)
                      0.044306    0.000148    3.303760 v output17/A (sky130_fd_sc_hd__buf_2)
     1    0.033873    0.062178    0.122477    3.426237 v output17/X (sky130_fd_sc_hd__buf_2)
                                                         winner_state[0] (net)
                      0.062183    0.000609    3.426847 v winner_state[0] (out)
                                              3.426847   data arrival time

                      0.000000   10.000000   10.000000   clock __VIRTUAL_CLK__ (rise edge)
                                  0.000000   10.000000   clock network delay (ideal)
                                 -0.250000    9.750000   clock uncertainty
                                  0.000000    9.750000   clock reconvergence pessimism
                                 -2.000000    7.750000   output external delay
                                              7.750000   data required time
---------------------------------------------------------------------------------------------
                                              7.750000   data required time
                                             -3.426847   data arrival time
---------------------------------------------------------------------------------------------
                                              4.323153   slack (MET)


Startpoint: prev_11[3] (input port clocked by __VIRTUAL_CLK__)
Endpoint: winner_state[1] (output port clocked by __VIRTUAL_CLK__)
Path Group: __VIRTUAL_CLK__
Path Type: max

Fanout         Cap        Slew       Delay        Time   Description
---------------------------------------------------------------------------------------------
                      0.000000    0.000000    0.000000   clock __VIRTUAL_CLK__ (rise edge)
                                  0.000000    0.000000   clock network delay (ideal)
                                  2.000000    2.000000 v input external delay
     1    0.003028    0.005053    0.002483    2.002483 v prev_11[3] (in)
                                                         prev_11[3] (net)
                      0.005054    0.000000    2.002483 v input16/A (sky130_fd_sc_hd__buf_1)
     4    0.015284    0.063446    0.084368    2.086851 v input16/X (sky130_fd_sc_hd__buf_1)
                                                         net16 (net)
                      0.063449    0.000505    2.087355 v _60_/B (sky130_fd_sc_hd__or2_1)
     2    0.006364    0.043891    0.144327    2.231683 v _60_/X (sky130_fd_sc_hd__or2_1)
                                                         _21_ (net)
                      0.043891    0.000099    2.231781 v _63_/A2 (sky130_fd_sc_hd__a211o_1)
     1    0.003049    0.034256    0.181783    2.413564 v _63_/X (sky130_fd_sc_hd__a211o_1)
                                                         _24_ (net)
                      0.034256    0.000065    2.413629 v _64_/C1 (sky130_fd_sc_hd__o221a_1)
     4    0.018783    0.077227    0.109415    2.523044 v _64_/X (sky130_fd_sc_hd__o221a_1)
                                                         _25_ (net)
                      0.077232    0.000684    2.523728 v _72_/S (sky130_fd_sc_hd__mux2_1)
     2    0.005724    0.048981    0.207115    2.730844 v _72_/X (sky130_fd_sc_hd__mux2_1)
                                                         _33_ (net)
                      0.048981    0.000141    2.730985 v _76_/A3 (sky130_fd_sc_hd__a311o_1)
     1    0.003441    0.042095    0.221680    2.952665 v _76_/X (sky130_fd_sc_hd__a311o_1)
                                                         _37_ (net)
                      0.042095    0.000100    2.952765 v _78_/A2 (sky130_fd_sc_hd__o21ai_1)
     2    0.010549    0.163499    0.149706    3.102470 ^ _78_/Y (sky130_fd_sc_hd__o21ai_1)
                                                         net18 (net)
                      0.163500    0.000368    3.102838 ^ output18/A (sky130_fd_sc_hd__buf_2)
     1    0.033902    0.127052    0.163203    3.266042 ^ output18/X (sky130_fd_sc_hd__buf_2)
                                                         winner_state[1] (net)
                      0.127053    0.000620    3.266662 ^ winner_state[1] (out)
                                              3.266662   data arrival time

                      0.000000   10.000000   10.000000   clock __VIRTUAL_CLK__ (rise edge)
                                  0.000000   10.000000   clock network delay (ideal)
                                 -0.250000    9.750000   clock uncertainty
                                  0.000000    9.750000   clock reconvergence pessimism
                                 -2.000000    7.750000   output external delay
                                              7.750000   data required time
---------------------------------------------------------------------------------------------
                                              7.750000   data required time
                                             -3.266662   data arrival time
---------------------------------------------------------------------------------------------
                                              4.483338   slack (MET)



%OL_END_REPORT
%OL_CREATE_REPORT checks.rpt

===========================================================================
report_checks -unconstrained
===========================================================================
======================= nom_ff_n40C_1v95 Corner ===================================

Startpoint: prev_11[3] (input port clocked by __VIRTUAL_CLK__)
Endpoint: winner_state[0] (output port clocked by __VIRTUAL_CLK__)
Path Group: __VIRTUAL_CLK__
Path Type: max

Fanout         Cap        Slew       Delay        Time   Description
---------------------------------------------------------------------------------------------
                      0.000000    0.000000    0.000000   clock __VIRTUAL_CLK__ (rise edge)
                                  0.000000    0.000000   clock network delay (ideal)
                                  2.000000    2.000000 v input external delay
     1    0.003028    0.005053    0.002483    2.002483 v prev_11[3] (in)
                                                         prev_11[3] (net)
                      0.005054    0.000000    2.002483 v input16/A (sky130_fd_sc_hd__buf_1)
     4    0.015284    0.063446    0.084368    2.086851 v input16/X (sky130_fd_sc_hd__buf_1)
                                                         net16 (net)
                      0.063449    0.000505    2.087355 v _60_/B (sky130_fd_sc_hd__or2_1)
     2    0.006364    0.043891    0.144327    2.231683 v _60_/X (sky130_fd_sc_hd__or2_1)
                                                         _21_ (net)
                      0.043891    0.000099    2.231781 v _63_/A2 (sky130_fd_sc_hd__a211o_1)
     1    0.003049    0.034256    0.181783    2.413564 v _63_/X (sky130_fd_sc_hd__a211o_1)
                                                         _24_ (net)
                      0.034256    0.000065    2.413629 v _64_/C1 (sky130_fd_sc_hd__o221a_1)
     4    0.018783    0.077227    0.109415    2.523044 v _64_/X (sky130_fd_sc_hd__o221a_1)
                                                         _25_ (net)
                      0.077232    0.000684    2.523728 v _72_/S (sky130_fd_sc_hd__mux2_1)
     2    0.005724    0.048981    0.207115    2.730844 v _72_/X (sky130_fd_sc_hd__mux2_1)
                                                         _33_ (net)
                      0.048981    0.000141    2.730985 v _76_/A3 (sky130_fd_sc_hd__a311o_1)
     1    0.003441    0.042095    0.221680    2.952665 v _76_/X (sky130_fd_sc_hd__a311o_1)
                                                         _37_ (net)
                      0.042095    0.000100    2.952765 v _78_/A2 (sky130_fd_sc_hd__o21ai_1)
     2    0.010549    0.163499    0.149706    3.102470 ^ _78_/Y (sky130_fd_sc_hd__o21ai_1)
                                                         net18 (net)
                      0.163500    0.000346    3.102816 ^ _79_/S (sky130_fd_sc_hd__mux2_1)
     1    0.004425    0.044306    0.200796    3.303612 v _79_/X (sky130_fd_sc_hd__mux2_1)
                                                         net17 (net)
                      0.044306    0.000148    3.303760 v output17/A (sky130_fd_sc_hd__buf_2)
     1    0.033873    0.062178    0.122477    3.426237 v output17/X (sky130_fd_sc_hd__buf_2)
                                                         winner_state[0] (net)
                      0.062183    0.000609    3.426847 v winner_state[0] (out)
                                              3.426847   data arrival time

                      0.000000   10.000000   10.000000   clock __VIRTUAL_CLK__ (rise edge)
                                  0.000000   10.000000   clock network delay (ideal)
                                 -0.250000    9.750000   clock uncertainty
                                  0.000000    9.750000   clock reconvergence pessimism
                                 -2.000000    7.750000   output external delay
                                              7.750000   data required time
---------------------------------------------------------------------------------------------
                                              7.750000   data required time
                                             -3.426847   data arrival time
---------------------------------------------------------------------------------------------
                                              4.323153   slack (MET)




===========================================================================
report_checks --slack_max -0.01
============================================================================
======================= nom_ff_n40C_1v95 Corner ===================================

No paths found.


===========================================================================
 report_check_types -max_slew -max_cap -max_fanout -violators
============================================================================
======================= nom_ff_n40C_1v95 Corner ===================================



===========================================================================
report_parasitic_annotation -report_unannotated
============================================================================
Found 0 unannotated drivers.
Found 0 partially unannotated drivers.

===========================================================================
max slew violation count 0
%OL_METRIC_I design__max_slew_violation__count__corner:nom_ff_n40C_1v95 0
max fanout violation count 0
%OL_METRIC_I design__max_fanout_violation__count__corner:nom_ff_n40C_1v95 0
max cap violation count 0
%OL_METRIC_I design__max_cap_violation__count__corner:nom_ff_n40C_1v95 0
============================================================================

===========================================================================
check_setup -verbose -unconstrained_endpoints -multiple_clock -no_clock -no_input_delay -loops -generated_clocks
===========================================================================
%OL_END_REPORT
%OL_CREATE_REPORT power.rpt

===========================================================================
 report_power
============================================================================
======================= nom_ff_n40C_1v95 Corner ===================================

Group                    Internal    Switching      Leakage        Total
                            Power        Power        Power        Power (Watts)
------------------------------------------------------------------------
Sequential           0.000000e+00 0.000000e+00 0.000000e+00 0.000000e+00   0.0%
Combinational        1.096358e-05 1.645328e-05 2.124608e-10 2.741707e-05 100.0%
Clock                0.000000e+00 0.000000e+00 3.232128e-10 3.232128e-10   0.0%
Macro                0.000000e+00 0.000000e+00 0.000000e+00 0.000000e+00   0.0%
Pad                  0.000000e+00 0.000000e+00 0.000000e+00 0.000000e+00   0.0%
------------------------------------------------------------------------
Total                1.096358e-05 1.645328e-05 5.356735e-10 2.741739e-05 100.0%
                            40.0%        60.0%         0.0%
%OL_METRIC_F power__internal__total 1.0963578461087309e-5
%OL_METRIC_F power__switching__total 1.6453277567052282e-5
%OL_METRIC_F power__leakage__total 5.356735055528361e-10
%OL_METRIC_F power__total 2.7417390811024234e-5

%OL_END_REPORT
%OL_CREATE_REPORT skew.min.rpt

===========================================================================
Clock Skew (Hold)
============================================================================
%OL_METRIC_F clock__skew__worst_hold__corner:nom_ff_n40C_1v95 0.0
======================= nom_ff_n40C_1v95 Corner ===================================

Clock __VIRTUAL_CLK__
No launch/capture paths found.

%OL_END_REPORT
%OL_CREATE_REPORT skew.max.rpt

===========================================================================
Clock Skew (Setup)
============================================================================
%OL_METRIC_F clock__skew__worst_setup__corner:nom_ff_n40C_1v95 0.0
======================= nom_ff_n40C_1v95 Corner ===================================

Clock __VIRTUAL_CLK__
No launch/capture paths found.

%OL_END_REPORT
%OL_CREATE_REPORT ws.min.rpt

===========================================================================
Worst Slack (Hold)
============================================================================
%OL_METRIC_F timing__hold__ws__corner:nom_ff_n40C_1v95 4.14199530841941
nom_ff_n40C_1v95: 4.14199530841941
%OL_END_REPORT
%OL_CREATE_REPORT ws.max.rpt

===========================================================================
Worst Slack (Setup)
============================================================================
%OL_METRIC_F timing__setup__ws__corner:nom_ff_n40C_1v95 4.32315351309547
nom_ff_n40C_1v95: 4.32315351309547
%OL_END_REPORT
%OL_CREATE_REPORT tns.min.rpt

===========================================================================
Total Negative Slack (Hold)
============================================================================
%OL_METRIC_F timing__hold__tns__corner:nom_ff_n40C_1v95 0.0
nom_ff_n40C_1v95: 0.0
%OL_END_REPORT
%OL_CREATE_REPORT tns.max.rpt

===========================================================================
Total Negative Slack (Setup)
============================================================================
%OL_METRIC_F timing__setup__tns__corner:nom_ff_n40C_1v95 0.0
nom_ff_n40C_1v95: 0.0
%OL_END_REPORT
%OL_CREATE_REPORT wns.min.rpt

===========================================================================
Worst Negative Slack (Hold)
============================================================================
%OL_METRIC_F timing__hold__wns__corner:nom_ff_n40C_1v95 0
nom_ff_n40C_1v95: 0
%OL_END_REPORT
%OL_CREATE_REPORT wns.max.rpt

===========================================================================
Worst Negative Slack (Setup)
============================================================================
%OL_METRIC_F timing__setup__wns__corner:nom_ff_n40C_1v95 0.0
nom_ff_n40C_1v95: 0.0
%OL_END_REPORT
%OL_CREATE_REPORT violator_list.rpt

===========================================================================
Violator List
============================================================================
%OL_METRIC_I timing__hold_vio__count__corner:nom_ff_n40C_1v95 0
%OL_METRIC_F timing__hold_r2r__ws__corner:nom_ff_n40C_1v95 inf
%OL_METRIC_I timing__hold_r2r_vio__count__corner:nom_ff_n40C_1v95 0
%OL_METRIC_I timing__setup_vio__count__corner:nom_ff_n40C_1v95 0
%OL_METRIC_F timing__setup_r2r__ws__corner:nom_ff_n40C_1v95 inf
%OL_METRIC_I timing__setup_r2r_vio__count__corner:nom_ff_n40C_1v95 0
%OL_END_REPORT
%OL_CREATE_REPORT unpropagated.rpt
__VIRTUAL_CLK__
%OL_END_REPORT
%OL_CREATE_REPORT clock.rpt
Clock: __VIRTUAL_CLK__
Sources: 
Generated: no
Virtual: yes
Propagated: no
Period: 10.000000

===========================================================================
report_clock_properties
============================================================================
Clock                   Period          Waveform
----------------------------------------------------
__VIRTUAL_CLK__      10.000000    0.000000  5.000000

===========================================================================
report_clock_latency
============================================================================
Clock __VIRTUAL_CLK__


===========================================================================
report_clock_min_period
============================================================================
__VIRTUAL_CLK__ period_min = 0.00 fmax = inf
%OL_END_REPORT
Writing SDF files for all corners…
Removing Clock latencies before writing libs…
Writing timing models for all corners…
Writing timing models for the nom_ff_n40C_1v95 corner to /home/edabk/Desktop/Tu67/MARCO_ultra/Maximum_Path_Memory/runs/Maximum_Path_Memory_run/54-openroad-stapostpnr/nom_ff_n40C_1v95/Maximum_Path_Memory__nom_ff_n40C_1v95.lib…
