Clock: clk
Sources: clk 
Generated: no
Virtual: yes
Propagated: no
Period: 100.000000

===========================================================================
report_clock_properties
============================================================================
Clock                   Period          Waveform
----------------------------------------------------
clk                 100.000000    0.000000 50.000000

===========================================================================
report_clock_latency
============================================================================
Clock clk
rise -> rise
    min     max
0.000000 0.000000 source latency
0.269683         network latency _30_/CLK
        0.270502 network latency _32_/CLK
---------------
0.269683 0.270502 latency
        0.000818 skew

fall -> fall
    min     max
0.000000 0.000000 source latency
0.277826         network latency _30_/CLK
        0.278650 network latency _32_/CLK
---------------
0.277826 0.278650 latency
        0.000824 skew



===========================================================================
report_clock_min_period
============================================================================
clk period_min = 1.69 fmax = 592.55
