
===========================================================================
report_checks -unconstrained
===========================================================================
======================= min_ss_100C_1v60 Corner ===================================

Startpoint: received[0] (input port clocked by clk)
Endpoint: SMU_Top (rising edge-triggered flip-flop clocked by clk)
Path Group: clk
Path Type: max

Fanout         Cap        Slew       Delay        Time   Description
---------------------------------------------------------------------------------------------
                                  0.000000    0.000000   clock clk (rise edge)
                                  0.000000    0.000000   clock network delay (propagated)
                                 20.000000   20.000000 ^ input external delay
     2    0.003824    0.039119    0.021164   20.021164 ^ received[0] (in)
                                                         received[0] (net)
                      0.039119    0.000000   20.021164 ^ input1/A (sky130_fd_sc_hd__buf_1)
     3    0.019334    0.371059    0.350667   20.371832 ^ input1/X (sky130_fd_sc_hd__buf_1)
                                                         net1 (net)
                      0.371065    0.001229   20.373060 ^ BMU/received[0] (Branch_Metrics)
     1    0.011786    0.106295    1.511593   21.884653 ^ BMU/bm_10_11[0] (Branch_Metrics)
                                                         bm_10_11[0] (net)
                      0.106295    0.000064   21.884716 ^ PMU_Top/bm_10_11[0] (Path_Metric_Unit)
     1    0.007502    0.076776    3.837551   25.722267 ^ PMU_Top/servivor_select_11 (Path_Metric_Unit)
                                                         servivor_select_11 (net)
                      0.076776    0.000025   25.722292 ^ SMU_Top/survivor_select_11 (Survivor_Memory_Unit)
                                             25.722292   data arrival time

                                100.000000  100.000000   clock clk (rise edge)
                                  0.000000  100.000000   clock source latency
     2    0.027262    0.200939    0.139224  100.139221 ^ clk (in)
                                                         clk (net)
                      0.201001    0.000000  100.139221 ^ clkbuf_0_clk/A (sky130_fd_sc_hd__clkbuf_16)
     2    0.020178    0.067642    0.282014  100.421234 ^ clkbuf_0_clk/X (sky130_fd_sc_hd__clkbuf_16)
                                                         clknet_0_clk (net)
                      0.067642    0.000263  100.421501 ^ clkbuf_1_1__f_clk/A (sky130_fd_sc_hd__clkbuf_16)
     2    0.028373    0.078170    0.232426  100.653923 ^ clkbuf_1_1__f_clk/X (sky130_fd_sc_hd__clkbuf_16)
                                                         clknet_1_1__leaf_clk (net)
                      0.078172    0.000462  100.654388 ^ SMU_Top/clk (Survivor_Memory_Unit)
                                 -0.250000  100.404388   clock uncertainty
                                  0.000000  100.404388   clock reconvergence pessimism
                                 -1.929030   98.475357   library setup time
                                             98.475357   data required time
---------------------------------------------------------------------------------------------
                                             98.475357   data required time
                                            -25.722292   data arrival time
---------------------------------------------------------------------------------------------
                                             72.753059   slack (MET)




===========================================================================
report_checks --slack_max -0.01
============================================================================
======================= min_ss_100C_1v60 Corner ===================================

No paths found.


===========================================================================
 report_check_types -max_slew -max_cap -max_fanout -violators
============================================================================
======================= min_ss_100C_1v60 Corner ===================================



===========================================================================
report_parasitic_annotation -report_unannotated
============================================================================
Found 1 unannotated drivers.
 clkload0/Y
Found 0 partially unannotated drivers.

===========================================================================
max slew violation count 0
max fanout violation count 0
max cap violation count 0
============================================================================

===========================================================================
check_setup -verbose -unconstrained_endpoints -multiple_clock -no_clock -no_input_delay -loops -generated_clocks
===========================================================================
