Clock: clk
Sources: clk 
Generated: no
Virtual: yes
Propagated: no
Period: 100.000000

===========================================================================
report_clock_properties
============================================================================
Clock                   Period          Waveform
----------------------------------------------------
clk                 100.000000    0.000000 50.000000

===========================================================================
report_clock_latency
============================================================================
Clock clk
rise -> rise
    min     max
0.000000 0.000000 source latency
0.665423         network latency CTRL/clk
        0.654387 network latency SMU_Top/clk
---------------
0.665423 0.654387 latency
        -0.011036 skew

fall -> fall
    min     max
0.000000 0.000000 source latency
0.629981         network latency CTRL/clk
        0.619387 network latency SMU_Top/clk
---------------
0.629981 0.619387 latency
        -0.010594 skew



===========================================================================
report_clock_min_period
============================================================================
clk period_min = 8.83 fmax = 113.26
