
===========================================================================
report_checks -unconstrained
===========================================================================
======================= nom_tt_025C_1v80 Corner ===================================

Startpoint: received[1] (input port clocked by __VIRTUAL_CLK__)
Endpoint: bm_01_10[0] (output port clocked by __VIRTUAL_CLK__)
Path Group: __VIRTUAL_CLK__
Path Type: max

Fanout         Cap        Slew       Delay        Time   Description
---------------------------------------------------------------------------------------------
                      0.000000    0.000000    0.000000   clock __VIRTUAL_CLK__ (rise edge)
                                  0.000000    0.000000   clock network delay (ideal)
                                  2.000000    2.000000 ^ input external delay
     1    0.002863    0.020003    0.010512    2.010513 ^ received[1] (in)
                                                         received[1] (net)
                      0.020003    0.000000    2.010513 ^ input2/A (sky130_fd_sc_hd__clkbuf_2)
     6    0.022201    0.125974    0.154303    2.164815 ^ input2/X (sky130_fd_sc_hd__clkbuf_2)
                                                         net2 (net)
                      0.125974    0.000468    2.165284 ^ _02_/B (sky130_fd_sc_hd__xor2_1)
     4    0.010647    0.259250    0.258662    2.423946 ^ _02_/X (sky130_fd_sc_hd__xor2_1)
                                                         net3 (net)
                      0.259250    0.000004    2.423949 ^ _09_/A (sky130_fd_sc_hd__clkbuf_1)
     1    0.002160    0.041323    0.115818    2.539767 ^ _09_/X (sky130_fd_sc_hd__clkbuf_1)
                                                         net9 (net)
                      0.041323    0.000004    2.539771 ^ output9/A (sky130_fd_sc_hd__buf_2)
     1    0.034459    0.170992    0.197550    2.737321 ^ output9/X (sky130_fd_sc_hd__buf_2)
                                                         bm_01_10[0] (net)
                      0.170992    0.000156    2.737477 ^ bm_01_10[0] (out)
                                              2.737477   data arrival time

                      0.000000   10.000000   10.000000   clock __VIRTUAL_CLK__ (rise edge)
                                  0.000000   10.000000   clock network delay (ideal)
                                 -0.250000    9.750000   clock uncertainty
                                  0.000000    9.750000   clock reconvergence pessimism
                                 -2.000000    7.750000   output external delay
                                              7.750000   data required time
---------------------------------------------------------------------------------------------
                                              7.750000   data required time
                                             -2.737477   data arrival time
---------------------------------------------------------------------------------------------
                                              5.012524   slack (MET)




===========================================================================
report_checks --slack_max -0.01
============================================================================
======================= nom_tt_025C_1v80 Corner ===================================

No paths found.


===========================================================================
 report_check_types -max_slew -max_cap -max_fanout -violators
============================================================================
======================= nom_tt_025C_1v80 Corner ===================================



===========================================================================
report_parasitic_annotation -report_unannotated
============================================================================
Found 0 unannotated drivers.
Found 0 partially unannotated drivers.

===========================================================================
max slew violation count 0
Writing metric design__max_slew_violation__count__corner:nom_tt_025C_1v80: 0
max fanout violation count 0
Writing metric design__max_fanout_violation__count__corner:nom_tt_025C_1v80: 0
max cap violation count 0
Writing metric design__max_cap_violation__count__corner:nom_tt_025C_1v80: 0
============================================================================

===========================================================================
check_setup -verbose -unconstrained_endpoints -multiple_clock -no_clock -no_input_delay -loops -generated_clocks
===========================================================================
