
===========================================================================
report_checks -path_delay min (Hold)
============================================================================
======================= nom_tt_025C_1v80 Corner ===================================

Startpoint: received[1] (input port clocked by __VIRTUAL_CLK__)
Endpoint: bm_00_10[1] (output port clocked by __VIRTUAL_CLK__)
Path Group: __VIRTUAL_CLK__
Path Type: min

Fanout         Cap        Slew       Delay        Time   Description
---------------------------------------------------------------------------------------------
                      0.000000    0.000000    0.000000   clock __VIRTUAL_CLK__ (rise edge)
                                  0.000000    0.000000   clock network delay (ideal)
                                  2.000000    2.000000 ^ input external delay
     1    0.002863    0.020003    0.010512    2.010513 ^ received[1] (in)
                                                         received[1] (net)
                      0.020003    0.000000    2.010513 ^ input2/A (sky130_fd_sc_hd__clkbuf_2)
     6    0.022201    0.125974    0.154303    2.164815 ^ input2/X (sky130_fd_sc_hd__clkbuf_2)
                                                         net2 (net)
                      0.125974    0.000467    2.165282 ^ _01_/B (sky130_fd_sc_hd__nor2_1)
     2    0.004897    0.044476    0.065767    2.231049 v _01_/Y (sky130_fd_sc_hd__nor2_1)
                                                         net6 (net)
                      0.044476    0.000020    2.231070 v output6/A (sky130_fd_sc_hd__buf_2)
     1    0.034065    0.088820    0.179949    2.411018 v output6/X (sky130_fd_sc_hd__buf_2)
                                                         bm_00_10[1] (net)
                      0.088820    0.000093    2.411112 v bm_00_10[1] (out)
                                              2.411112   data arrival time

                      0.000000    0.000000    0.000000   clock __VIRTUAL_CLK__ (rise edge)
                                  0.000000    0.000000   clock network delay (ideal)
                                  0.250000    0.250000   clock uncertainty
                                  0.000000    0.250000   clock reconvergence pessimism
                                 -2.000000   -1.750000   output external delay
                                             -1.750000   data required time
---------------------------------------------------------------------------------------------
                                             -1.750000   data required time
                                             -2.411112   data arrival time
---------------------------------------------------------------------------------------------
                                              4.161111   slack (MET)


Startpoint: received[1] (input port clocked by __VIRTUAL_CLK__)
Endpoint: bm_00_00[0] (output port clocked by __VIRTUAL_CLK__)
Path Group: __VIRTUAL_CLK__
Path Type: min

Fanout         Cap        Slew       Delay        Time   Description
---------------------------------------------------------------------------------------------
                      0.000000    0.000000    0.000000   clock __VIRTUAL_CLK__ (rise edge)
                                  0.000000    0.000000   clock network delay (ideal)
                                  2.000000    2.000000 ^ input external delay
     1    0.002863    0.020003    0.010512    2.010513 ^ received[1] (in)
                                                         received[1] (net)
                      0.020003    0.000000    2.010513 ^ input2/A (sky130_fd_sc_hd__clkbuf_2)
     6    0.022201    0.125974    0.154303    2.164815 ^ input2/X (sky130_fd_sc_hd__clkbuf_2)
                                                         net2 (net)
                      0.125974    0.000468    2.165284 ^ _02_/B (sky130_fd_sc_hd__xor2_1)
     4    0.009959    0.064178    0.117097    2.282381 v _02_/X (sky130_fd_sc_hd__xor2_1)
                                                         net3 (net)
                      0.064178    0.000067    2.282448 v output3/A (sky130_fd_sc_hd__buf_2)
     1    0.034640    0.090067    0.189670    2.472118 v output3/X (sky130_fd_sc_hd__buf_2)
                                                         bm_00_00[0] (net)
                      0.090067    0.000228    2.472345 v bm_00_00[0] (out)
                                              2.472345   data arrival time

                      0.000000    0.000000    0.000000   clock __VIRTUAL_CLK__ (rise edge)
                                  0.000000    0.000000   clock network delay (ideal)
                                  0.250000    0.250000   clock uncertainty
                                  0.000000    0.250000   clock reconvergence pessimism
                                 -2.000000   -1.750000   output external delay
                                             -1.750000   data required time
---------------------------------------------------------------------------------------------
                                             -1.750000   data required time
                                             -2.472345   data arrival time
---------------------------------------------------------------------------------------------
                                              4.222345   slack (MET)


Startpoint: received[1] (input port clocked by __VIRTUAL_CLK__)
Endpoint: bm_10_01[0] (output port clocked by __VIRTUAL_CLK__)
Path Group: __VIRTUAL_CLK__
Path Type: min

Fanout         Cap        Slew       Delay        Time   Description
---------------------------------------------------------------------------------------------
                      0.000000    0.000000    0.000000   clock __VIRTUAL_CLK__ (rise edge)
                                  0.000000    0.000000   clock network delay (ideal)
                                  2.000000    2.000000 ^ input external delay
     1    0.002863    0.020003    0.010512    2.010513 ^ received[1] (in)
                                                         received[1] (net)
                      0.020003    0.000000    2.010513 ^ input2/A (sky130_fd_sc_hd__clkbuf_2)
     6    0.022201    0.125974    0.154303    2.164815 ^ input2/X (sky130_fd_sc_hd__clkbuf_2)
                                                         net2 (net)
                      0.125974    0.000363    2.165179 ^ _03_/B (sky130_fd_sc_hd__xnor2_1)
     4    0.009583    0.081491    0.116419    2.281598 v _03_/Y (sky130_fd_sc_hd__xnor2_1)
                                                         net11 (net)
                      0.081491    0.000005    2.281603 v output11/A (sky130_fd_sc_hd__buf_2)
     1    0.034029    0.088707    0.196520    2.478122 v output11/X (sky130_fd_sc_hd__buf_2)
                                                         bm_10_01[0] (net)
                      0.088707    0.000085    2.478208 v bm_10_01[0] (out)
                                              2.478208   data arrival time

                      0.000000    0.000000    0.000000   clock __VIRTUAL_CLK__ (rise edge)
                                  0.000000    0.000000   clock network delay (ideal)
                                  0.250000    0.250000   clock uncertainty
                                  0.000000    0.250000   clock reconvergence pessimism
                                 -2.000000   -1.750000   output external delay
                                             -1.750000   data required time
---------------------------------------------------------------------------------------------
                                             -1.750000   data required time
                                             -2.478208   data arrival time
---------------------------------------------------------------------------------------------
                                              4.228207   slack (MET)


Startpoint: received[1] (input port clocked by __VIRTUAL_CLK__)
Endpoint: bm_01_00[1] (output port clocked by __VIRTUAL_CLK__)
Path Group: __VIRTUAL_CLK__
Path Type: min

Fanout         Cap        Slew       Delay        Time   Description
---------------------------------------------------------------------------------------------
                      0.000000    0.000000    0.000000   clock __VIRTUAL_CLK__ (rise edge)
                                  0.000000    0.000000   clock network delay (ideal)
                                  2.000000    2.000000 ^ input external delay
     1    0.002863    0.020003    0.010512    2.010513 ^ received[1] (in)
                                                         received[1] (net)
                      0.020003    0.000000    2.010513 ^ input2/A (sky130_fd_sc_hd__clkbuf_2)
     6    0.022201    0.125974    0.154303    2.164815 ^ input2/X (sky130_fd_sc_hd__clkbuf_2)
                                                         net2 (net)
                      0.125974    0.000467    2.165282 ^ _01_/B (sky130_fd_sc_hd__nor2_1)
     2    0.004897    0.044476    0.065767    2.231049 v _01_/Y (sky130_fd_sc_hd__nor2_1)
                                                         net6 (net)
                      0.044476    0.000010    2.231059 v _08_/A (sky130_fd_sc_hd__clkbuf_1)
     1    0.001691    0.021608    0.081032    2.312091 v _08_/X (sky130_fd_sc_hd__clkbuf_1)
                                                         net8 (net)
                      0.021608    0.000000    2.312091 v output8/A (sky130_fd_sc_hd__buf_2)
     1    0.034029    0.088879    0.170076    2.482166 v output8/X (sky130_fd_sc_hd__buf_2)
                                                         bm_01_00[1] (net)
                      0.088879    0.000085    2.482251 v bm_01_00[1] (out)
                                              2.482251   data arrival time

                      0.000000    0.000000    0.000000   clock __VIRTUAL_CLK__ (rise edge)
                                  0.000000    0.000000   clock network delay (ideal)
                                  0.250000    0.250000   clock uncertainty
                                  0.000000    0.250000   clock reconvergence pessimism
                                 -2.000000   -1.750000   output external delay
                                             -1.750000   data required time
---------------------------------------------------------------------------------------------
                                             -1.750000   data required time
                                             -2.482251   data arrival time
---------------------------------------------------------------------------------------------
                                              4.232251   slack (MET)


Startpoint: received[0] (input port clocked by __VIRTUAL_CLK__)
Endpoint: bm_00_00[1] (output port clocked by __VIRTUAL_CLK__)
Path Group: __VIRTUAL_CLK__
Path Type: min

Fanout         Cap        Slew       Delay        Time   Description
---------------------------------------------------------------------------------------------
                      0.000000    0.000000    0.000000   clock __VIRTUAL_CLK__ (rise edge)
                                  0.000000    0.000000   clock network delay (ideal)
                                  2.000000    2.000000 v input external delay
     1    0.002685    0.008367    0.004219    2.004219 v received[0] (in)
                                                         received[0] (net)
                      0.008367    0.000000    2.004219 v input1/A (sky130_fd_sc_hd__clkbuf_2)
     6    0.021189    0.086046    0.136916    2.141135 v input1/X (sky130_fd_sc_hd__clkbuf_2)
                                                         net1 (net)
                      0.086046    0.000329    2.141464 v _00_/A (sky130_fd_sc_hd__and2_1)
     2    0.006243    0.047795    0.166227    2.307691 v _00_/X (sky130_fd_sc_hd__and2_1)
                                                         net4 (net)
                      0.047795    0.000046    2.307737 v output4/A (sky130_fd_sc_hd__buf_2)
     1    0.034376    0.089490    0.181917    2.489655 v output4/X (sky130_fd_sc_hd__buf_2)
                                                         bm_00_00[1] (net)
                      0.089490    0.000147    2.489802 v bm_00_00[1] (out)
                                              2.489802   data arrival time

                      0.000000    0.000000    0.000000   clock __VIRTUAL_CLK__ (rise edge)
                                  0.000000    0.000000   clock network delay (ideal)
                                  0.250000    0.250000   clock uncertainty
                                  0.000000    0.250000   clock reconvergence pessimism
                                 -2.000000   -1.750000   output external delay
                                             -1.750000   data required time
---------------------------------------------------------------------------------------------
                                             -1.750000   data required time
                                             -2.489802   data arrival time
---------------------------------------------------------------------------------------------
                                              4.239801   slack (MET)


Startpoint: received[1] (input port clocked by __VIRTUAL_CLK__)
Endpoint: bm_10_11[1] (output port clocked by __VIRTUAL_CLK__)
Path Group: __VIRTUAL_CLK__
Path Type: min

Fanout         Cap        Slew       Delay        Time   Description
---------------------------------------------------------------------------------------------
                      0.000000    0.000000    0.000000   clock __VIRTUAL_CLK__ (rise edge)
                                  0.000000    0.000000   clock network delay (ideal)
                                  2.000000    2.000000 v input external delay
     1    0.002633    0.008246    0.004130    2.004130 v received[1] (in)
                                                         received[1] (net)
                      0.008246    0.000000    2.004130 v input2/A (sky130_fd_sc_hd__clkbuf_2)
     6    0.020994    0.085360    0.136315    2.140445 v input2/X (sky130_fd_sc_hd__clkbuf_2)
                                                         net2 (net)
                      0.085360    0.000268    2.140714 v _04_/B (sky130_fd_sc_hd__and2b_1)
     2    0.004193    0.040527    0.175985    2.316699 v _04_/X (sky130_fd_sc_hd__and2b_1)
                                                         net14 (net)
                      0.040527    0.000012    2.316711 v output14/A (sky130_fd_sc_hd__buf_2)
     1    0.034065    0.088848    0.178247    2.494958 v output14/X (sky130_fd_sc_hd__buf_2)
                                                         bm_10_11[1] (net)
                      0.088848    0.000093    2.495051 v bm_10_11[1] (out)
                                              2.495051   data arrival time

                      0.000000    0.000000    0.000000   clock __VIRTUAL_CLK__ (rise edge)
                                  0.000000    0.000000   clock network delay (ideal)
                                  0.250000    0.250000   clock uncertainty
                                  0.000000    0.250000   clock reconvergence pessimism
                                 -2.000000   -1.750000   output external delay
                                             -1.750000   data required time
---------------------------------------------------------------------------------------------
                                             -1.750000   data required time
                                             -2.495051   data arrival time
---------------------------------------------------------------------------------------------
                                              4.245051   slack (MET)


Startpoint: received[0] (input port clocked by __VIRTUAL_CLK__)
Endpoint: bm_10_01[1] (output port clocked by __VIRTUAL_CLK__)
Path Group: __VIRTUAL_CLK__
Path Type: min

Fanout         Cap        Slew       Delay        Time   Description
---------------------------------------------------------------------------------------------
                      0.000000    0.000000    0.000000   clock __VIRTUAL_CLK__ (rise edge)
                                  0.000000    0.000000   clock network delay (ideal)
                                  2.000000    2.000000 v input external delay
     1    0.002685    0.008367    0.004219    2.004219 v received[0] (in)
                                                         received[0] (net)
                      0.008367    0.000000    2.004219 v input1/A (sky130_fd_sc_hd__clkbuf_2)
     6    0.021189    0.086046    0.136916    2.141135 v input1/X (sky130_fd_sc_hd__clkbuf_2)
                                                         net1 (net)
                      0.086047    0.000412    2.141546 v _05_/B (sky130_fd_sc_hd__and2b_1)
     2    0.004172    0.040437    0.176198    2.317744 v _05_/X (sky130_fd_sc_hd__and2b_1)
                                                         net12 (net)
                      0.040437    0.000004    2.317749 v output12/A (sky130_fd_sc_hd__buf_2)
     1    0.034395    0.089595    0.178765    2.496514 v output12/X (sky130_fd_sc_hd__buf_2)
                                                         bm_10_01[1] (net)
                      0.089595    0.000170    2.496684 v bm_10_01[1] (out)
                                              2.496684   data arrival time

                      0.000000    0.000000    0.000000   clock __VIRTUAL_CLK__ (rise edge)
                                  0.000000    0.000000   clock network delay (ideal)
                                  0.250000    0.250000   clock uncertainty
                                  0.000000    0.250000   clock reconvergence pessimism
                                 -2.000000   -1.750000   output external delay
                                             -1.750000   data required time
---------------------------------------------------------------------------------------------
                                             -1.750000   data required time
                                             -2.496684   data arrival time
---------------------------------------------------------------------------------------------
                                              4.246684   slack (MET)


Startpoint: received[1] (input port clocked by __VIRTUAL_CLK__)
Endpoint: bm_01_00[0] (output port clocked by __VIRTUAL_CLK__)
Path Group: __VIRTUAL_CLK__
Path Type: min

Fanout         Cap        Slew       Delay        Time   Description
---------------------------------------------------------------------------------------------
                      0.000000    0.000000    0.000000   clock __VIRTUAL_CLK__ (rise edge)
                                  0.000000    0.000000   clock network delay (ideal)
                                  2.000000    2.000000 ^ input external delay
     1    0.002863    0.020003    0.010512    2.010513 ^ received[1] (in)
                                                         received[1] (net)
                      0.020003    0.000000    2.010513 ^ input2/A (sky130_fd_sc_hd__clkbuf_2)
     6    0.022201    0.125974    0.154303    2.164815 ^ input2/X (sky130_fd_sc_hd__clkbuf_2)
                                                         net2 (net)
                      0.125974    0.000468    2.165284 ^ _02_/B (sky130_fd_sc_hd__xor2_1)
     4    0.009959    0.064178    0.117097    2.282381 v _02_/X (sky130_fd_sc_hd__xor2_1)
                                                         net3 (net)
                      0.064178    0.000034    2.282415 v _07_/A (sky130_fd_sc_hd__clkbuf_1)
     1    0.001691    0.021760    0.089699    2.372114 v _07_/X (sky130_fd_sc_hd__clkbuf_1)
                                                         net7 (net)
                      0.021760    0.000000    2.372114 v output7/A (sky130_fd_sc_hd__buf_2)
     1    0.034012    0.088842    0.170108    2.542222 v output7/X (sky130_fd_sc_hd__buf_2)
                                                         bm_01_00[0] (net)
                      0.088842    0.000081    2.542304 v bm_01_00[0] (out)
                                              2.542304   data arrival time

                      0.000000    0.000000    0.000000   clock __VIRTUAL_CLK__ (rise edge)
                                  0.000000    0.000000   clock network delay (ideal)
                                  0.250000    0.250000   clock uncertainty
                                  0.000000    0.250000   clock reconvergence pessimism
                                 -2.000000   -1.750000   output external delay
                                             -1.750000   data required time
---------------------------------------------------------------------------------------------
                                             -1.750000   data required time
                                             -2.542304   data arrival time
---------------------------------------------------------------------------------------------
                                              4.292304   slack (MET)


Startpoint: received[1] (input port clocked by __VIRTUAL_CLK__)
Endpoint: bm_00_10[0] (output port clocked by __VIRTUAL_CLK__)
Path Group: __VIRTUAL_CLK__
Path Type: min

Fanout         Cap        Slew       Delay        Time   Description
---------------------------------------------------------------------------------------------
                      0.000000    0.000000    0.000000   clock __VIRTUAL_CLK__ (rise edge)
                                  0.000000    0.000000   clock network delay (ideal)
                                  2.000000    2.000000 ^ input external delay
     1    0.002863    0.020003    0.010512    2.010513 ^ received[1] (in)
                                                         received[1] (net)
                      0.020003    0.000000    2.010513 ^ input2/A (sky130_fd_sc_hd__clkbuf_2)
     6    0.022201    0.125974    0.154303    2.164815 ^ input2/X (sky130_fd_sc_hd__clkbuf_2)
                                                         net2 (net)
                      0.125974    0.000468    2.165284 ^ _02_/B (sky130_fd_sc_hd__xor2_1)
     4    0.009959    0.064178    0.117097    2.282381 v _02_/X (sky130_fd_sc_hd__xor2_1)
                                                         net3 (net)
                      0.064178    0.000064    2.282445 v _06_/A (sky130_fd_sc_hd__clkbuf_1)
     1    0.001871    0.022716    0.090694    2.373139 v _06_/X (sky130_fd_sc_hd__clkbuf_1)
                                                         net5 (net)
                      0.022716    0.000002    2.373141 v output5/A (sky130_fd_sc_hd__buf_2)
     1    0.034117    0.089087    0.170670    2.543811 v output5/X (sky130_fd_sc_hd__buf_2)
                                                         bm_00_10[0] (net)
                      0.089087    0.000105    2.543917 v bm_00_10[0] (out)
                                              2.543917   data arrival time

                      0.000000    0.000000    0.000000   clock __VIRTUAL_CLK__ (rise edge)
                                  0.000000    0.000000   clock network delay (ideal)
                                  0.250000    0.250000   clock uncertainty
                                  0.000000    0.250000   clock reconvergence pessimism
                                 -2.000000   -1.750000   output external delay
                                             -1.750000   data required time
---------------------------------------------------------------------------------------------
                                             -1.750000   data required time
                                             -2.543917   data arrival time
---------------------------------------------------------------------------------------------
                                              4.293916   slack (MET)


Startpoint: received[1] (input port clocked by __VIRTUAL_CLK__)
Endpoint: bm_01_10[0] (output port clocked by __VIRTUAL_CLK__)
Path Group: __VIRTUAL_CLK__
Path Type: min

Fanout         Cap        Slew       Delay        Time   Description
---------------------------------------------------------------------------------------------
                      0.000000    0.000000    0.000000   clock __VIRTUAL_CLK__ (rise edge)
                                  0.000000    0.000000   clock network delay (ideal)
                                  2.000000    2.000000 ^ input external delay
     1    0.002863    0.020003    0.010512    2.010513 ^ received[1] (in)
                                                         received[1] (net)
                      0.020003    0.000000    2.010513 ^ input2/A (sky130_fd_sc_hd__clkbuf_2)
     6    0.022201    0.125974    0.154303    2.164815 ^ input2/X (sky130_fd_sc_hd__clkbuf_2)
                                                         net2 (net)
                      0.125974    0.000468    2.165284 ^ _02_/B (sky130_fd_sc_hd__xor2_1)
     4    0.009959    0.064178    0.117097    2.282381 v _02_/X (sky130_fd_sc_hd__xor2_1)
                                                         net3 (net)
                      0.064178    0.000003    2.282384 v _09_/A (sky130_fd_sc_hd__clkbuf_1)
     1    0.002000    0.023406    0.091413    2.373797 v _09_/X (sky130_fd_sc_hd__clkbuf_1)
                                                         net9 (net)
                      0.023406    0.000004    2.373801 v output9/A (sky130_fd_sc_hd__buf_2)
     1    0.034459    0.089847    0.171560    2.545361 v output9/X (sky130_fd_sc_hd__buf_2)
                                                         bm_01_10[0] (net)
                      0.089847    0.000155    2.545516 v bm_01_10[0] (out)
                                              2.545516   data arrival time

                      0.000000    0.000000    0.000000   clock __VIRTUAL_CLK__ (rise edge)
                                  0.000000    0.000000   clock network delay (ideal)
                                  0.250000    0.250000   clock uncertainty
                                  0.000000    0.250000   clock reconvergence pessimism
                                 -2.000000   -1.750000   output external delay
                                             -1.750000   data required time
---------------------------------------------------------------------------------------------
                                             -1.750000   data required time
                                             -2.545516   data arrival time
---------------------------------------------------------------------------------------------
                                              4.295516   slack (MET)


Startpoint: received[1] (input port clocked by __VIRTUAL_CLK__)
Endpoint: bm_11_01[0] (output port clocked by __VIRTUAL_CLK__)
Path Group: __VIRTUAL_CLK__
Path Type: min

Fanout         Cap        Slew       Delay        Time   Description
---------------------------------------------------------------------------------------------
                      0.000000    0.000000    0.000000   clock __VIRTUAL_CLK__ (rise edge)
                                  0.000000    0.000000   clock network delay (ideal)
                                  2.000000    2.000000 ^ input external delay
     1    0.002863    0.020003    0.010512    2.010513 ^ received[1] (in)
                                                         received[1] (net)
                      0.020003    0.000000    2.010513 ^ input2/A (sky130_fd_sc_hd__clkbuf_2)
     6    0.022201    0.125974    0.154303    2.164815 ^ input2/X (sky130_fd_sc_hd__clkbuf_2)
                                                         net2 (net)
                      0.125974    0.000363    2.165179 ^ _03_/B (sky130_fd_sc_hd__xnor2_1)
     4    0.009583    0.081491    0.116419    2.281598 v _03_/Y (sky130_fd_sc_hd__xnor2_1)
                                                         net11 (net)
                      0.081491    0.000049    2.281647 v _12_/A (sky130_fd_sc_hd__clkbuf_1)
     1    0.001871    0.022939    0.098283    2.379930 v _12_/X (sky130_fd_sc_hd__clkbuf_1)
                                                         net15 (net)
                      0.022939    0.000002    2.379933 v output15/A (sky130_fd_sc_hd__buf_2)
     1    0.034012    0.088853    0.170584    2.550517 v output15/X (sky130_fd_sc_hd__buf_2)
                                                         bm_11_01[0] (net)
                      0.088853    0.000081    2.550598 v bm_11_01[0] (out)
                                              2.550598   data arrival time

                      0.000000    0.000000    0.000000   clock __VIRTUAL_CLK__ (rise edge)
                                  0.000000    0.000000   clock network delay (ideal)
                                  0.250000    0.250000   clock uncertainty
                                  0.000000    0.250000   clock reconvergence pessimism
                                 -2.000000   -1.750000   output external delay
                                             -1.750000   data required time
---------------------------------------------------------------------------------------------
                                             -1.750000   data required time
                                             -2.550598   data arrival time
---------------------------------------------------------------------------------------------
                                              4.300598   slack (MET)


Startpoint: received[1] (input port clocked by __VIRTUAL_CLK__)
Endpoint: bm_10_11[0] (output port clocked by __VIRTUAL_CLK__)
Path Group: __VIRTUAL_CLK__
Path Type: min

Fanout         Cap        Slew       Delay        Time   Description
---------------------------------------------------------------------------------------------
                      0.000000    0.000000    0.000000   clock __VIRTUAL_CLK__ (rise edge)
                                  0.000000    0.000000   clock network delay (ideal)
                                  2.000000    2.000000 ^ input external delay
     1    0.002863    0.020003    0.010512    2.010513 ^ received[1] (in)
                                                         received[1] (net)
                      0.020003    0.000000    2.010513 ^ input2/A (sky130_fd_sc_hd__clkbuf_2)
     6    0.022201    0.125974    0.154303    2.164815 ^ input2/X (sky130_fd_sc_hd__clkbuf_2)
                                                         net2 (net)
                      0.125974    0.000363    2.165179 ^ _03_/B (sky130_fd_sc_hd__xnor2_1)
     4    0.009583    0.081491    0.116419    2.281598 v _03_/Y (sky130_fd_sc_hd__xnor2_1)
                                                         net11 (net)
                      0.081491    0.000023    2.281621 v _11_/A (sky130_fd_sc_hd__clkbuf_1)
     1    0.001871    0.022943    0.098287    2.379908 v _11_/X (sky130_fd_sc_hd__clkbuf_1)
                                                         net13 (net)
                      0.022943    0.000002    2.379910 v output13/A (sky130_fd_sc_hd__buf_2)
     1    0.034442    0.089811    0.171335    2.551245 v output13/X (sky130_fd_sc_hd__buf_2)
                                                         bm_10_11[0] (net)
                      0.089811    0.000152    2.551397 v bm_10_11[0] (out)
                                              2.551397   data arrival time

                      0.000000    0.000000    0.000000   clock __VIRTUAL_CLK__ (rise edge)
                                  0.000000    0.000000   clock network delay (ideal)
                                  0.250000    0.250000   clock uncertainty
                                  0.000000    0.250000   clock reconvergence pessimism
                                 -2.000000   -1.750000   output external delay
                                             -1.750000   data required time
---------------------------------------------------------------------------------------------
                                             -1.750000   data required time
                                             -2.551397   data arrival time
---------------------------------------------------------------------------------------------
                                              4.301397   slack (MET)


Startpoint: received[1] (input port clocked by __VIRTUAL_CLK__)
Endpoint: bm_11_11[0] (output port clocked by __VIRTUAL_CLK__)
Path Group: __VIRTUAL_CLK__
Path Type: min

Fanout         Cap        Slew       Delay        Time   Description
---------------------------------------------------------------------------------------------
                      0.000000    0.000000    0.000000   clock __VIRTUAL_CLK__ (rise edge)
                                  0.000000    0.000000   clock network delay (ideal)
                                  2.000000    2.000000 ^ input external delay
     1    0.002863    0.020003    0.010512    2.010513 ^ received[1] (in)
                                                         received[1] (net)
                      0.020003    0.000000    2.010513 ^ input2/A (sky130_fd_sc_hd__clkbuf_2)
     6    0.022201    0.125974    0.154303    2.164815 ^ input2/X (sky130_fd_sc_hd__clkbuf_2)
                                                         net2 (net)
                      0.125974    0.000363    2.165179 ^ _03_/B (sky130_fd_sc_hd__xnor2_1)
     4    0.009583    0.081491    0.116419    2.281598 v _03_/Y (sky130_fd_sc_hd__xnor2_1)
                                                         net11 (net)
                      0.081491    0.000052    2.281650 v _14_/A (sky130_fd_sc_hd__clkbuf_1)
     1    0.002334    0.024491    0.100860    2.382510 v _14_/X (sky130_fd_sc_hd__clkbuf_1)
                                                         net17 (net)
                      0.024491    0.000009    2.382519 v output17/A (sky130_fd_sc_hd__buf_2)
     1    0.034432    0.089785    0.171969    2.554488 v output17/X (sky130_fd_sc_hd__buf_2)
                                                         bm_11_11[0] (net)
                      0.089785    0.000164    2.554652 v bm_11_11[0] (out)
                                              2.554652   data arrival time

                      0.000000    0.000000    0.000000   clock __VIRTUAL_CLK__ (rise edge)
                                  0.000000    0.000000   clock network delay (ideal)
                                  0.250000    0.250000   clock uncertainty
                                  0.000000    0.250000   clock reconvergence pessimism
                                 -2.000000   -1.750000   output external delay
                                             -1.750000   data required time
---------------------------------------------------------------------------------------------
                                             -1.750000   data required time
                                             -2.554652   data arrival time
---------------------------------------------------------------------------------------------
                                              4.304652   slack (MET)


Startpoint: received[0] (input port clocked by __VIRTUAL_CLK__)
Endpoint: bm_01_10[1] (output port clocked by __VIRTUAL_CLK__)
Path Group: __VIRTUAL_CLK__
Path Type: min

Fanout         Cap        Slew       Delay        Time   Description
---------------------------------------------------------------------------------------------
                      0.000000    0.000000    0.000000   clock __VIRTUAL_CLK__ (rise edge)
                                  0.000000    0.000000   clock network delay (ideal)
                                  2.000000    2.000000 v input external delay
     1    0.002685    0.008367    0.004219    2.004219 v received[0] (in)
                                                         received[0] (net)
                      0.008367    0.000000    2.004219 v input1/A (sky130_fd_sc_hd__clkbuf_2)
     6    0.021189    0.086046    0.136916    2.141135 v input1/X (sky130_fd_sc_hd__clkbuf_2)
                                                         net1 (net)
                      0.086046    0.000329    2.141464 v _00_/A (sky130_fd_sc_hd__and2_1)
     2    0.006243    0.047795    0.166227    2.307691 v _00_/X (sky130_fd_sc_hd__and2_1)
                                                         net4 (net)
                      0.047795    0.000004    2.307695 v _10_/A (sky130_fd_sc_hd__clkbuf_1)
     1    0.001920    0.022836    0.083765    2.391460 v _10_/X (sky130_fd_sc_hd__clkbuf_1)
                                                         net10 (net)
                      0.022836    0.000003    2.391464 v output10/A (sky130_fd_sc_hd__buf_2)
     1    0.034081    0.089008    0.170659    2.562123 v output10/X (sky130_fd_sc_hd__buf_2)
                                                         bm_01_10[1] (net)
                      0.089008    0.000097    2.562220 v bm_01_10[1] (out)
                                              2.562220   data arrival time

                      0.000000    0.000000    0.000000   clock __VIRTUAL_CLK__ (rise edge)
                                  0.000000    0.000000   clock network delay (ideal)
                                  0.250000    0.250000   clock uncertainty
                                  0.000000    0.250000   clock reconvergence pessimism
                                 -2.000000   -1.750000   output external delay
                                             -1.750000   data required time
---------------------------------------------------------------------------------------------
                                             -1.750000   data required time
                                             -2.562220   data arrival time
---------------------------------------------------------------------------------------------
                                              4.312220   slack (MET)


Startpoint: received[1] (input port clocked by __VIRTUAL_CLK__)
Endpoint: bm_11_01[1] (output port clocked by __VIRTUAL_CLK__)
Path Group: __VIRTUAL_CLK__
Path Type: min

Fanout         Cap        Slew       Delay        Time   Description
---------------------------------------------------------------------------------------------
                      0.000000    0.000000    0.000000   clock __VIRTUAL_CLK__ (rise edge)
                                  0.000000    0.000000   clock network delay (ideal)
                                  2.000000    2.000000 v input external delay
     1    0.002633    0.008246    0.004130    2.004130 v received[1] (in)
                                                         received[1] (net)
                      0.008246    0.000000    2.004130 v input2/A (sky130_fd_sc_hd__clkbuf_2)
     6    0.020994    0.085360    0.136315    2.140445 v input2/X (sky130_fd_sc_hd__clkbuf_2)
                                                         net2 (net)
                      0.085360    0.000268    2.140714 v _04_/B (sky130_fd_sc_hd__and2b_1)
     2    0.004193    0.040527    0.175985    2.316699 v _04_/X (sky130_fd_sc_hd__and2b_1)
                                                         net14 (net)
                      0.040527    0.000011    2.316710 v _13_/A (sky130_fd_sc_hd__clkbuf_1)
     1    0.002757    0.026352    0.085164    2.401873 v _13_/X (sky130_fd_sc_hd__clkbuf_1)
                                                         net16 (net)
                      0.026352    0.000016    2.401890 v output16/A (sky130_fd_sc_hd__buf_2)
     1    0.034186    0.089223    0.172344    2.574234 v output16/X (sky130_fd_sc_hd__buf_2)
                                                         bm_11_01[1] (net)
                      0.089223    0.000121    2.574356 v bm_11_01[1] (out)
                                              2.574356   data arrival time

                      0.000000    0.000000    0.000000   clock __VIRTUAL_CLK__ (rise edge)
                                  0.000000    0.000000   clock network delay (ideal)
                                  0.250000    0.250000   clock uncertainty
                                  0.000000    0.250000   clock reconvergence pessimism
                                 -2.000000   -1.750000   output external delay
                                             -1.750000   data required time
---------------------------------------------------------------------------------------------
                                             -1.750000   data required time
                                             -2.574356   data arrival time
---------------------------------------------------------------------------------------------
                                              4.324356   slack (MET)


Startpoint: received[0] (input port clocked by __VIRTUAL_CLK__)
Endpoint: bm_11_11[1] (output port clocked by __VIRTUAL_CLK__)
Path Group: __VIRTUAL_CLK__
Path Type: min

Fanout         Cap        Slew       Delay        Time   Description
---------------------------------------------------------------------------------------------
                      0.000000    0.000000    0.000000   clock __VIRTUAL_CLK__ (rise edge)
                                  0.000000    0.000000   clock network delay (ideal)
                                  2.000000    2.000000 v input external delay
     1    0.002685    0.008367    0.004219    2.004219 v received[0] (in)
                                                         received[0] (net)
                      0.008367    0.000000    2.004219 v input1/A (sky130_fd_sc_hd__clkbuf_2)
     6    0.021189    0.086046    0.136916    2.141135 v input1/X (sky130_fd_sc_hd__clkbuf_2)
                                                         net1 (net)
                      0.086047    0.000412    2.141546 v _05_/B (sky130_fd_sc_hd__and2b_1)
     2    0.004172    0.040437    0.176198    2.317744 v _05_/X (sky130_fd_sc_hd__and2b_1)
                                                         net12 (net)
                      0.040437    0.000001    2.317746 v _15_/A (sky130_fd_sc_hd__clkbuf_1)
     1    0.003514    0.030231    0.089007    2.406753 v _15_/X (sky130_fd_sc_hd__clkbuf_1)
                                                         net18 (net)
                      0.030231    0.000032    2.406784 v output18/A (sky130_fd_sc_hd__buf_2)
     1    0.034970    0.090966    0.175336    2.582121 v output18/X (sky130_fd_sc_hd__buf_2)
                                                         bm_11_11[1] (net)
                      0.090967    0.000306    2.582427 v bm_11_11[1] (out)
                                              2.582427   data arrival time

                      0.000000    0.000000    0.000000   clock __VIRTUAL_CLK__ (rise edge)
                                  0.000000    0.000000   clock network delay (ideal)
                                  0.250000    0.250000   clock uncertainty
                                  0.000000    0.250000   clock reconvergence pessimism
                                 -2.000000   -1.750000   output external delay
                                             -1.750000   data required time
---------------------------------------------------------------------------------------------
                                             -1.750000   data required time
                                             -2.582427   data arrival time
---------------------------------------------------------------------------------------------
                                              4.332427   slack (MET)



