8 Lint warnings found.
'PNR_SDC_FILE' is not defined. Using generic fallback SDC for OpenROAD PnR steps.
'SIGNOFF_SDC_FILE' is not defined. Using generic fallback SDC for OpenROAD PnR steps.
[GRT-0097] No global routing found for nets.
[GRT-0097] No global routing found for nets.
[GRT-0097] No global routing found for nets.
[GRT-0036] Pin bm_00_00[0] is outside die area.
[GRT-0036] Pin bm_00_00[1] is outside die area.
[GRT-0036] Pin bm_00_10[0] is outside die area.
[GRT-0036] Pin bm_00_10[1] is outside die area.
[GRT-0036] Pin bm_01_00[0] is outside die area.
[GRT-0036] Pin bm_01_00[1] is outside die area.
[GRT-0036] Pin bm_01_10[0] is outside die area.
[GRT-0036] Pin bm_01_10[1] is outside die area.
[GRT-0036] Pin bm_10_01[0] is outside die area.
[GRT-0036] Pin bm_10_01[1] is outside die area.
[GRT-0036] Pin bm_10_11[0] is outside die area.
[GRT-0036] Pin bm_10_11[1] is outside die area.
[GRT-0036] Pin bm_11_01[0] is outside die area.
[GRT-0036] Pin bm_11_01[1] is outside die area.
[GRT-0036] Pin bm_11_11[0] is outside die area.
[GRT-0036] Pin bm_11_11[1] is outside die area.
[GRT-0036] Pin clk is outside die area.
[GRT-0036] Pin clr_me is outside die area.
[GRT-0036] Pin current_metric_00[0] is outside die area.
[GRT-0036] Pin current_metric_00[1] is outside die area.
[GRT-0036] Pin current_metric_00[2] is outside die area.
[GRT-0036] Pin current_metric_00[3] is outside die area.
[GRT-0036] Pin current_metric_01[0] is outside die area.
[GRT-0036] Pin current_metric_01[1] is outside die area.
[GRT-0036] Pin current_metric_01[2] is outside die area.
[GRT-0036] Pin current_metric_01[3] is outside die area.
[GRT-0036] Pin current_metric_10[0] is outside die area.
[GRT-0036] Pin current_metric_10[1] is outside die area.
[GRT-0036] Pin current_metric_10[2] is outside die area.
[GRT-0036] Pin current_metric_10[3] is outside die area.
[GRT-0036] Pin current_metric_11[0] is outside die area.
[GRT-0036] Pin current_metric_11[1] is outside die area.
[GRT-0036] Pin current_metric_11[2] is outside die area.
[GRT-0036] Pin current_metric_11[3] is outside die area.
[GRT-0036] Pin rst_n is outside die area.
[GRT-0036] Pin servivor_select_00 is outside die area.
[GRT-0036] Pin servivor_select_01 is outside die area.
[GRT-0036] Pin servivor_select_10 is outside die area.
[GRT-0036] Pin servivor_select_11 is outside die area.
[GRT-0041] Net VPWR has wires/vias outside die area.
[GRT-0041] Net VPWR has wires/vias outside die area.
[GRT-0041] Net VPWR has wires/vias outside die area.
[GRT-0041] Net VPWR has wires/vias outside die area.
[GRT-0041] Net VPWR has wires/vias outside die area.
[GRT-0041] Net VPWR has wires/vias outside die area.
[GRT-0041] Net VPWR has wires/vias outside die area.
[GRT-0041] Net VPWR has wires/vias outside die area.
[GRT-0041] Net VPWR has wires/vias outside die area.
[GRT-0041] Net VPWR has wires/vias outside die area.
[GRT-0041] Net VPWR has wires/vias outside die area.
[GRT-0041] Net VPWR has wires/vias outside die area.
[GRT-0041] Net VPWR has wires/vias outside die area.
[GRT-0041] Net VPWR has wires/vias outside die area.
[GRT-0041] Net VPWR has wires/vias outside die area.
[GRT-0041] Net VPWR has wires/vias outside die area.
[GRT-0041] Net VPWR has wires/vias outside die area.
[GRT-0041] Net VPWR has wires/vias outside die area.
[GRT-0041] Net VGND has wires/vias outside die area.
[GRT-0041] Net VGND has wires/vias outside die area.
[GRT-0041] Net VGND has wires/vias outside die area.
[GRT-0041] Net VGND has wires/vias outside die area.
[GRT-0041] Net VGND has wires/vias outside die area.
[GRT-0041] Net VGND has wires/vias outside die area.
[GRT-0041] Net VGND has wires/vias outside die area.
[GRT-0041] Net VGND has wires/vias outside die area.
[GRT-0041] Net VGND has wires/vias outside die area.
[GRT-0041] Net VGND has wires/vias outside die area.
[GRT-0041] Net VGND has wires/vias outside die area.
[GRT-0041] Net VGND has wires/vias outside die area.
[GRT-0041] Net VGND has wires/vias outside die area.
[GRT-0041] Net VGND has wires/vias outside die area.
[GRT-0041] Net VGND has wires/vias outside die area.
[GRT-0041] Net VGND has wires/vias outside die area.
[GRT-0041] Net VGND has wires/vias outside die area.
[GRT-0041] Net VGND has wires/vias outside die area.
[GRT-0041] Net VGND has wires/vias outside die area.
[GRT-0036] Pin bm_00_00[0] is outside die area.
[GRT-0036] Pin bm_00_00[1] is outside die area.
[GRT-0036] Pin bm_00_10[0] is outside die area.
[GRT-0036] Pin bm_00_10[1] is outside die area.
[GRT-0036] Pin bm_01_00[0] is outside die area.
[GRT-0036] Pin bm_01_00[1] is outside die area.
[GRT-0036] Pin bm_01_10[0] is outside die area.
[GRT-0036] Pin bm_01_10[1] is outside die area.
[GRT-0036] Pin bm_10_01[0] is outside die area.
[GRT-0036] Pin bm_10_01[1] is outside die area.
[GRT-0036] Pin bm_10_11[0] is outside die area.
[GRT-0036] Pin bm_10_11[1] is outside die area.
[GRT-0036] Pin bm_11_01[0] is outside die area.
[GRT-0036] Pin bm_11_01[1] is outside die area.
[GRT-0036] Pin bm_11_11[0] is outside die area.
[GRT-0036] Pin bm_11_11[1] is outside die area.
[GRT-0036] Pin clk is outside die area.
[GRT-0036] Pin clr_me is outside die area.
[GRT-0036] Pin current_metric_00[0] is outside die area.
[GRT-0036] Pin current_metric_00[1] is outside die area.
[GRT-0036] Pin current_metric_00[2] is outside die area.
[GRT-0036] Pin current_metric_00[3] is outside die area.
[GRT-0036] Pin current_metric_01[0] is outside die area.
[GRT-0036] Pin current_metric_01[1] is outside die area.
[GRT-0036] Pin current_metric_01[2] is outside die area.
[GRT-0036] Pin current_metric_01[3] is outside die area.
[GRT-0036] Pin current_metric_10[0] is outside die area.
[GRT-0036] Pin current_metric_10[1] is outside die area.
[GRT-0036] Pin current_metric_10[2] is outside die area.
[GRT-0036] Pin current_metric_10[3] is outside die area.
[GRT-0036] Pin current_metric_11[0] is outside die area.
[GRT-0036] Pin current_metric_11[1] is outside die area.
[GRT-0036] Pin current_metric_11[2] is outside die area.
[GRT-0036] Pin current_metric_11[3] is outside die area.
[GRT-0036] Pin rst_n is outside die area.
[GRT-0036] Pin servivor_select_00 is outside die area.
[GRT-0036] Pin servivor_select_01 is outside die area.
[GRT-0036] Pin servivor_select_10 is outside die area.
[GRT-0036] Pin servivor_select_11 is outside die area.
[GRT-0041] Net VPWR has wires/vias outside die area.
[GRT-0041] Net VPWR has wires/vias outside die area.
[GRT-0041] Net VPWR has wires/vias outside die area.
[GRT-0041] Net VPWR has wires/vias outside die area.
[GRT-0041] Net VPWR has wires/vias outside die area.
[GRT-0041] Net VPWR has wires/vias outside die area.
[GRT-0041] Net VPWR has wires/vias outside die area.
[GRT-0041] Net VPWR has wires/vias outside die area.
[GRT-0041] Net VPWR has wires/vias outside die area.
[GRT-0041] Net VPWR has wires/vias outside die area.
[GRT-0041] Net VPWR has wires/vias outside die area.
[GRT-0041] Net VPWR has wires/vias outside die area.
[GRT-0041] Net VPWR has wires/vias outside die area.
[GRT-0041] Net VPWR has wires/vias outside die area.
[GRT-0041] Net VPWR has wires/vias outside die area.
[GRT-0041] Net VPWR has wires/vias outside die area.
[GRT-0041] Net VPWR has wires/vias outside die area.
[GRT-0041] Net VPWR has wires/vias outside die area.
[GRT-0041] Net VGND has wires/vias outside die area.
[GRT-0041] Net VGND has wires/vias outside die area.
[GRT-0041] Net VGND has wires/vias outside die area.
[GRT-0041] Net VGND has wires/vias outside die area.
[GRT-0041] Net VGND has wires/vias outside die area.
[GRT-0041] Net VGND has wires/vias outside die area.
[GRT-0041] Net VGND has wires/vias outside die area.
[GRT-0041] Net VGND has wires/vias outside die area.
[GRT-0041] Net VGND has wires/vias outside die area.
[GRT-0041] Net VGND has wires/vias outside die area.
[GRT-0041] Net VGND has wires/vias outside die area.
[GRT-0041] Net VGND has wires/vias outside die area.
[GRT-0041] Net VGND has wires/vias outside die area.
[GRT-0041] Net VGND has wires/vias outside die area.
[GRT-0041] Net VGND has wires/vias outside die area.
[GRT-0041] Net VGND has wires/vias outside die area.
[GRT-0041] Net VGND has wires/vias outside die area.
[GRT-0041] Net VGND has wires/vias outside die area.
[GRT-0041] Net VGND has wires/vias outside die area.
[GRT-0036] Pin bm_00_00[0] is outside die area.
[GRT-0036] Pin bm_00_00[1] is outside die area.
[GRT-0036] Pin bm_00_10[0] is outside die area.
[GRT-0036] Pin bm_00_10[1] is outside die area.
[GRT-0036] Pin bm_01_00[0] is outside die area.
[GRT-0036] Pin bm_01_00[1] is outside die area.
[GRT-0036] Pin bm_01_10[0] is outside die area.
[GRT-0036] Pin bm_01_10[1] is outside die area.
[GRT-0036] Pin bm_10_01[0] is outside die area.
[GRT-0036] Pin bm_10_01[1] is outside die area.
[GRT-0036] Pin bm_10_11[0] is outside die area.
[GRT-0036] Pin bm_10_11[1] is outside die area.
[GRT-0036] Pin bm_11_01[0] is outside die area.
[GRT-0036] Pin bm_11_01[1] is outside die area.
[GRT-0036] Pin bm_11_11[0] is outside die area.
[GRT-0036] Pin bm_11_11[1] is outside die area.
[GRT-0036] Pin clk is outside die area.
[GRT-0036] Pin clr_me is outside die area.
[GRT-0036] Pin current_metric_00[0] is outside die area.
[GRT-0036] Pin current_metric_00[1] is outside die area.
[GRT-0036] Pin current_metric_00[2] is outside die area.
[GRT-0036] Pin current_metric_00[3] is outside die area.
[GRT-0036] Pin current_metric_01[0] is outside die area.
[GRT-0036] Pin current_metric_01[1] is outside die area.
[GRT-0036] Pin current_metric_01[2] is outside die area.
[GRT-0036] Pin current_metric_01[3] is outside die area.
[GRT-0036] Pin current_metric_10[0] is outside die area.
[GRT-0036] Pin current_metric_10[1] is outside die area.
[GRT-0036] Pin current_metric_10[2] is outside die area.
[GRT-0036] Pin current_metric_10[3] is outside die area.
[GRT-0036] Pin current_metric_11[0] is outside die area.
[GRT-0036] Pin current_metric_11[1] is outside die area.
[GRT-0036] Pin current_metric_11[2] is outside die area.
[GRT-0036] Pin current_metric_11[3] is outside die area.
[GRT-0036] Pin rst_n is outside die area.
[GRT-0036] Pin servivor_select_00 is outside die area.
[GRT-0036] Pin servivor_select_01 is outside die area.
[GRT-0036] Pin servivor_select_10 is outside die area.
[GRT-0036] Pin servivor_select_11 is outside die area.
[GRT-0041] Net VPWR has wires/vias outside die area.
[GRT-0041] Net VPWR has wires/vias outside die area.
[GRT-0041] Net VPWR has wires/vias outside die area.
[GRT-0041] Net VPWR has wires/vias outside die area.
[GRT-0041] Net VPWR has wires/vias outside die area.
[GRT-0041] Net VPWR has wires/vias outside die area.
[GRT-0041] Net VPWR has wires/vias outside die area.
[GRT-0041] Net VPWR has wires/vias outside die area.
[GRT-0041] Net VPWR has wires/vias outside die area.
[GRT-0041] Net VPWR has wires/vias outside die area.
[GRT-0041] Net VPWR has wires/vias outside die area.
[GRT-0041] Net VPWR has wires/vias outside die area.
[GRT-0041] Net VPWR has wires/vias outside die area.
[GRT-0041] Net VPWR has wires/vias outside die area.
[GRT-0041] Net VPWR has wires/vias outside die area.
[GRT-0041] Net VPWR has wires/vias outside die area.
[GRT-0041] Net VPWR has wires/vias outside die area.
[GRT-0041] Net VPWR has wires/vias outside die area.
[GRT-0041] Net VGND has wires/vias outside die area.
[GRT-0041] Net VGND has wires/vias outside die area.
[GRT-0041] Net VGND has wires/vias outside die area.
[GRT-0041] Net VGND has wires/vias outside die area.
[GRT-0041] Net VGND has wires/vias outside die area.
[GRT-0041] Net VGND has wires/vias outside die area.
[GRT-0041] Net VGND has wires/vias outside die area.
[GRT-0041] Net VGND has wires/vias outside die area.
[GRT-0041] Net VGND has wires/vias outside die area.
[GRT-0041] Net VGND has wires/vias outside die area.
[GRT-0041] Net VGND has wires/vias outside die area.
[GRT-0041] Net VGND has wires/vias outside die area.
[GRT-0041] Net VGND has wires/vias outside die area.
[GRT-0041] Net VGND has wires/vias outside die area.
[GRT-0041] Net VGND has wires/vias outside die area.
[GRT-0041] Net VGND has wires/vias outside die area.
[GRT-0041] Net VGND has wires/vias outside die area.
[GRT-0041] Net VGND has wires/vias outside die area.
[GRT-0041] Net VGND has wires/vias outside die area.
[DRT-0349] LEF58_ENCLOSURE with no CUTCLASS is not supported. Skipping for layer mcon
[DRT-0349] LEF58_ENCLOSURE with no CUTCLASS is not supported. Skipping for layer mcon
[DRT-0349] LEF58_ENCLOSURE with no CUTCLASS is not supported. Skipping for layer via
[DRT-0349] LEF58_ENCLOSURE with no CUTCLASS is not supported. Skipping for layer via
[DRT-0349] LEF58_ENCLOSURE with no CUTCLASS is not supported. Skipping for layer via2
[DRT-0349] LEF58_ENCLOSURE with no CUTCLASS is not supported. Skipping for layer via2
[DRT-0349] LEF58_ENCLOSURE with no CUTCLASS is not supported. Skipping for layer via3
[DRT-0349] LEF58_ENCLOSURE with no CUTCLASS is not supported. Skipping for layer via3
[DRT-0349] LEF58_ENCLOSURE with no CUTCLASS is not supported. Skipping for layer via4
[DRT-0349] LEF58_ENCLOSURE with no CUTCLASS is not supported. Skipping for layer via4
Threshold for Threshold-surpassing long wires is not set. The checker will be skipped.
'VSRC_LOC_FILES' was not given a value, which may make the results of IR drop analysis inaccurate. If you are not integrating a top-level chip for manufacture, you may ignore this warning, otherwise, see the documentation for 'VSRC_LOC_FILES'.
Max Slew violations found in the following corners:
* max_ss_100C_1v60
* min_ss_100C_1v60
* nom_ss_100C_1v60
