[WARNING ORD-0039] .openroad ignored with -python
Top-level design name: Branch_Metrics
Block boundaries: 0 0 45000 100000
Horizontal Tracks Origin: 340, Count: 147, Step: 680
Vertical Tracks Origin: 230, Count: 98, Step: 460
Placement details for the E side
Virtual pin count:  0
Actual pin count:  16
Total pin count:  16
Tracks count:  147
Tracks per pin:  9
Used tracks count:  136
Unused track count:  11
Starting track index:  5
Placement details for the W side
Virtual pin count:  0
Actual pin count:  2
Total pin count:  2
Tracks count:  147
Tracks per pin:  73
Used tracks count:  74
Unused track count:  73
Starting track index:  36
