
===========================================================================
report_checks -path_delay max (Setup)
============================================================================
======================= max_ss_100C_1v60 Corner ===================================

Startpoint: received[1] (input port clocked by __VIRTUAL_CLK__)
Endpoint: bm_01_10[0] (output port clocked by __VIRTUAL_CLK__)
Path Group: __VIRTUAL_CLK__
Path Type: max

Fanout         Cap        Slew       Delay        Time   Description
---------------------------------------------------------------------------------------------
                      0.000000    0.000000    0.000000   clock __VIRTUAL_CLK__ (rise edge)
                                  0.000000    0.000000   clock network delay (ideal)
                                  2.000000    2.000000 ^ input external delay
     1    0.002864    0.032669    0.016175    2.016175 ^ received[1] (in)
                                                         received[1] (net)
                      0.032669    0.000000    2.016175 ^ input2/A (sky130_fd_sc_hd__clkbuf_2)
     6    0.026911    0.234803    0.292967    2.309143 ^ input2/X (sky130_fd_sc_hd__clkbuf_2)
                                                         net2 (net)
                      0.234890    0.003729    2.312872 ^ _02_/B (sky130_fd_sc_hd__xor2_1)
     4    0.013736    0.500651    0.547109    2.859981 ^ _02_/X (sky130_fd_sc_hd__xor2_1)
                                                         net3 (net)
                      0.500652    0.000651    2.860632 ^ _09_/A (sky130_fd_sc_hd__clkbuf_1)
     1    0.002475    0.072214    0.285837    3.146469 ^ _09_/X (sky130_fd_sc_hd__clkbuf_1)
                                                         net9 (net)
                      0.072219    0.000171    3.146640 ^ output9/A (sky130_fd_sc_hd__buf_2)
     1    0.034857    0.276738    0.346867    3.493507 ^ output9/X (sky130_fd_sc_hd__buf_2)
                                                         bm_01_10[0] (net)
                      0.276745    0.001757    3.495264 ^ bm_01_10[0] (out)
                                              3.495264   data arrival time

                      0.000000   10.000000   10.000000   clock __VIRTUAL_CLK__ (rise edge)
                                  0.000000   10.000000   clock network delay (ideal)
                                 -0.250000    9.750000   clock uncertainty
                                  0.000000    9.750000   clock reconvergence pessimism
                                 -2.000000    7.750000   output external delay
                                              7.750000   data required time
---------------------------------------------------------------------------------------------
                                              7.750000   data required time
                                             -3.495264   data arrival time
---------------------------------------------------------------------------------------------
                                              4.254736   slack (MET)


Startpoint: received[1] (input port clocked by __VIRTUAL_CLK__)
Endpoint: bm_00_10[0] (output port clocked by __VIRTUAL_CLK__)
Path Group: __VIRTUAL_CLK__
Path Type: max

Fanout         Cap        Slew       Delay        Time   Description
---------------------------------------------------------------------------------------------
                      0.000000    0.000000    0.000000   clock __VIRTUAL_CLK__ (rise edge)
                                  0.000000    0.000000   clock network delay (ideal)
                                  2.000000    2.000000 ^ input external delay
     1    0.002864    0.032669    0.016175    2.016175 ^ received[1] (in)
                                                         received[1] (net)
                      0.032669    0.000000    2.016175 ^ input2/A (sky130_fd_sc_hd__clkbuf_2)
     6    0.026911    0.234803    0.292967    2.309143 ^ input2/X (sky130_fd_sc_hd__clkbuf_2)
                                                         net2 (net)
                      0.234890    0.003729    2.312872 ^ _02_/B (sky130_fd_sc_hd__xor2_1)
     4    0.013736    0.500651    0.547109    2.859981 ^ _02_/X (sky130_fd_sc_hd__xor2_1)
                                                         net3 (net)
                      0.500653    0.000853    2.860834 ^ _06_/A (sky130_fd_sc_hd__clkbuf_1)
     1    0.002115    0.066609    0.280840    3.141674 ^ _06_/X (sky130_fd_sc_hd__clkbuf_1)
                                                         net5 (net)
                      0.066609    0.000151    3.141825 ^ output5/A (sky130_fd_sc_hd__buf_2)
     1    0.034127    0.271280    0.340524    3.482350 ^ output5/X (sky130_fd_sc_hd__buf_2)
                                                         bm_00_10[0] (net)
                      0.271286    0.001621    3.483971 ^ bm_00_10[0] (out)
                                              3.483971   data arrival time

                      0.000000   10.000000   10.000000   clock __VIRTUAL_CLK__ (rise edge)
                                  0.000000   10.000000   clock network delay (ideal)
                                 -0.250000    9.750000   clock uncertainty
                                  0.000000    9.750000   clock reconvergence pessimism
                                 -2.000000    7.750000   output external delay
                                              7.750000   data required time
---------------------------------------------------------------------------------------------
                                              7.750000   data required time
                                             -3.483971   data arrival time
---------------------------------------------------------------------------------------------
                                              4.266029   slack (MET)


Startpoint: received[1] (input port clocked by __VIRTUAL_CLK__)
Endpoint: bm_01_00[0] (output port clocked by __VIRTUAL_CLK__)
Path Group: __VIRTUAL_CLK__
Path Type: max

Fanout         Cap        Slew       Delay        Time   Description
---------------------------------------------------------------------------------------------
                      0.000000    0.000000    0.000000   clock __VIRTUAL_CLK__ (rise edge)
                                  0.000000    0.000000   clock network delay (ideal)
                                  2.000000    2.000000 ^ input external delay
     1    0.002864    0.032669    0.016175    2.016175 ^ received[1] (in)
                                                         received[1] (net)
                      0.032669    0.000000    2.016175 ^ input2/A (sky130_fd_sc_hd__clkbuf_2)
     6    0.026911    0.234803    0.292967    2.309143 ^ input2/X (sky130_fd_sc_hd__clkbuf_2)
                                                         net2 (net)
                      0.234890    0.003729    2.312872 ^ _02_/B (sky130_fd_sc_hd__xor2_1)
     4    0.013736    0.500651    0.547109    2.859981 ^ _02_/X (sky130_fd_sc_hd__xor2_1)
                                                         net3 (net)
                      0.500652    0.000700    2.860681 ^ _07_/A (sky130_fd_sc_hd__clkbuf_1)
     1    0.001911    0.063471    0.278038    3.138718 ^ _07_/X (sky130_fd_sc_hd__clkbuf_1)
                                                         net7 (net)
                      0.063471    0.000087    3.138806 ^ output7/A (sky130_fd_sc_hd__buf_2)
     1    0.034025    0.270515    0.338555    3.477361 ^ output7/X (sky130_fd_sc_hd__buf_2)
                                                         bm_01_00[0] (net)
                      0.270521    0.001605    3.478966 ^ bm_01_00[0] (out)
                                              3.478966   data arrival time

                      0.000000   10.000000   10.000000   clock __VIRTUAL_CLK__ (rise edge)
                                  0.000000   10.000000   clock network delay (ideal)
                                 -0.250000    9.750000   clock uncertainty
                                  0.000000    9.750000   clock reconvergence pessimism
                                 -2.000000    7.750000   output external delay
                                              7.750000   data required time
---------------------------------------------------------------------------------------------
                                              7.750000   data required time
                                             -3.478966   data arrival time
---------------------------------------------------------------------------------------------
                                              4.271034   slack (MET)


Startpoint: received[0] (input port clocked by __VIRTUAL_CLK__)
Endpoint: bm_11_11[0] (output port clocked by __VIRTUAL_CLK__)
Path Group: __VIRTUAL_CLK__
Path Type: max

Fanout         Cap        Slew       Delay        Time   Description
---------------------------------------------------------------------------------------------
                      0.000000    0.000000    0.000000   clock __VIRTUAL_CLK__ (rise edge)
                                  0.000000    0.000000   clock network delay (ideal)
                                  2.000000    2.000000 v input external delay
     1    0.002745    0.018244    0.009106    2.009106 v received[0] (in)
                                                         received[0] (net)
                      0.018245    0.000000    2.009106 v input1/A (sky130_fd_sc_hd__clkbuf_2)
     6    0.025609    0.184736    0.269523    2.278628 v input1/X (sky130_fd_sc_hd__clkbuf_2)
                                                         net1 (net)
                      0.184882    0.003286    2.281914 v _03_/A (sky130_fd_sc_hd__xnor2_1)
     4    0.012602    0.504829    0.535069    2.816984 ^ _03_/Y (sky130_fd_sc_hd__xnor2_1)
                                                         net11 (net)
                      0.504831    0.000854    2.817838 ^ _14_/A (sky130_fd_sc_hd__clkbuf_1)
     1    0.002760    0.076789    0.290946    3.108783 ^ _14_/X (sky130_fd_sc_hd__clkbuf_1)
                                                         net17 (net)
                      0.076789    0.000182    3.108965 ^ output17/A (sky130_fd_sc_hd__buf_2)
     1    0.034487    0.273995    0.347022    3.455988 ^ output17/X (sky130_fd_sc_hd__buf_2)
                                                         bm_11_11[0] (net)
                      0.274001    0.001729    3.457716 ^ bm_11_11[0] (out)
                                              3.457716   data arrival time

                      0.000000   10.000000   10.000000   clock __VIRTUAL_CLK__ (rise edge)
                                  0.000000   10.000000   clock network delay (ideal)
                                 -0.250000    9.750000   clock uncertainty
                                  0.000000    9.750000   clock reconvergence pessimism
                                 -2.000000    7.750000   output external delay
                                              7.750000   data required time
---------------------------------------------------------------------------------------------
                                              7.750000   data required time
                                             -3.457716   data arrival time
---------------------------------------------------------------------------------------------
                                              4.292284   slack (MET)


Startpoint: received[0] (input port clocked by __VIRTUAL_CLK__)
Endpoint: bm_10_11[0] (output port clocked by __VIRTUAL_CLK__)
Path Group: __VIRTUAL_CLK__
Path Type: max

Fanout         Cap        Slew       Delay        Time   Description
---------------------------------------------------------------------------------------------
                      0.000000    0.000000    0.000000   clock __VIRTUAL_CLK__ (rise edge)
                                  0.000000    0.000000   clock network delay (ideal)
                                  2.000000    2.000000 v input external delay
     1    0.002745    0.018244    0.009106    2.009106 v received[0] (in)
                                                         received[0] (net)
                      0.018245    0.000000    2.009106 v input1/A (sky130_fd_sc_hd__clkbuf_2)
     6    0.025609    0.184736    0.269523    2.278628 v input1/X (sky130_fd_sc_hd__clkbuf_2)
                                                         net1 (net)
                      0.184882    0.003286    2.281914 v _03_/A (sky130_fd_sc_hd__xnor2_1)
     4    0.012602    0.504829    0.535069    2.816984 ^ _03_/Y (sky130_fd_sc_hd__xnor2_1)
                                                         net11 (net)
                      0.504830    0.000625    2.817609 ^ _11_/A (sky130_fd_sc_hd__clkbuf_1)
     1    0.002141    0.067083    0.282356    3.099965 ^ _11_/X (sky130_fd_sc_hd__clkbuf_1)
                                                         net13 (net)
                      0.067083    0.000151    3.100116 ^ output13/A (sky130_fd_sc_hd__buf_2)
     1    0.034671    0.275327    0.343614    3.443730 ^ output13/X (sky130_fd_sc_hd__buf_2)
                                                         bm_10_11[0] (net)
                      0.275333    0.001656    3.445386 ^ bm_10_11[0] (out)
                                              3.445386   data arrival time

                      0.000000   10.000000   10.000000   clock __VIRTUAL_CLK__ (rise edge)
                                  0.000000   10.000000   clock network delay (ideal)
                                 -0.250000    9.750000   clock uncertainty
                                  0.000000    9.750000   clock reconvergence pessimism
                                 -2.000000    7.750000   output external delay
                                              7.750000   data required time
---------------------------------------------------------------------------------------------
                                              7.750000   data required time
                                             -3.445386   data arrival time
---------------------------------------------------------------------------------------------
                                              4.304614   slack (MET)


Startpoint: received[0] (input port clocked by __VIRTUAL_CLK__)
Endpoint: bm_11_01[0] (output port clocked by __VIRTUAL_CLK__)
Path Group: __VIRTUAL_CLK__
Path Type: max

Fanout         Cap        Slew       Delay        Time   Description
---------------------------------------------------------------------------------------------
                      0.000000    0.000000    0.000000   clock __VIRTUAL_CLK__ (rise edge)
                                  0.000000    0.000000   clock network delay (ideal)
                                  2.000000    2.000000 v input external delay
     1    0.002745    0.018244    0.009106    2.009106 v received[0] (in)
                                                         received[0] (net)
                      0.018245    0.000000    2.009106 v input1/A (sky130_fd_sc_hd__clkbuf_2)
     6    0.025609    0.184736    0.269523    2.278628 v input1/X (sky130_fd_sc_hd__clkbuf_2)
                                                         net1 (net)
                      0.184882    0.003286    2.281914 v _03_/A (sky130_fd_sc_hd__xnor2_1)
     4    0.012602    0.504829    0.535069    2.816984 ^ _03_/Y (sky130_fd_sc_hd__xnor2_1)
                                                         net11 (net)
                      0.504830    0.000769    2.817753 ^ _12_/A (sky130_fd_sc_hd__clkbuf_1)
     1    0.002258    0.068884    0.283974    3.101727 ^ _12_/X (sky130_fd_sc_hd__clkbuf_1)
                                                         net15 (net)
                      0.068884    0.000154    3.101881 ^ output15/A (sky130_fd_sc_hd__buf_2)
     1    0.034058    0.270773    0.341213    3.443094 ^ output15/X (sky130_fd_sc_hd__buf_2)
                                                         bm_11_01[0] (net)
                      0.270779    0.001607    3.444701 ^ bm_11_01[0] (out)
                                              3.444701   data arrival time

                      0.000000   10.000000   10.000000   clock __VIRTUAL_CLK__ (rise edge)
                                  0.000000   10.000000   clock network delay (ideal)
                                 -0.250000    9.750000   clock uncertainty
                                  0.000000    9.750000   clock reconvergence pessimism
                                 -2.000000    7.750000   output external delay
                                              7.750000   data required time
---------------------------------------------------------------------------------------------
                                              7.750000   data required time
                                             -3.444701   data arrival time
---------------------------------------------------------------------------------------------
                                              4.305299   slack (MET)


Startpoint: received[1] (input port clocked by __VIRTUAL_CLK__)
Endpoint: bm_00_00[0] (output port clocked by __VIRTUAL_CLK__)
Path Group: __VIRTUAL_CLK__
Path Type: max

Fanout         Cap        Slew       Delay        Time   Description
---------------------------------------------------------------------------------------------
                      0.000000    0.000000    0.000000   clock __VIRTUAL_CLK__ (rise edge)
                                  0.000000    0.000000   clock network delay (ideal)
                                  2.000000    2.000000 ^ input external delay
     1    0.002864    0.032669    0.016175    2.016175 ^ received[1] (in)
                                                         received[1] (net)
                      0.032669    0.000000    2.016175 ^ input2/A (sky130_fd_sc_hd__clkbuf_2)
     6    0.026911    0.234803    0.292967    2.309143 ^ input2/X (sky130_fd_sc_hd__clkbuf_2)
                                                         net2 (net)
                      0.234890    0.003729    2.312872 ^ _02_/B (sky130_fd_sc_hd__xor2_1)
     4    0.013736    0.500651    0.547109    2.859981 ^ _02_/X (sky130_fd_sc_hd__xor2_1)
                                                         net3 (net)
                      0.500653    0.000918    2.860900 ^ output3/A (sky130_fd_sc_hd__buf_2)
     1    0.034681    0.277010    0.524348    3.385248 ^ output3/X (sky130_fd_sc_hd__buf_2)
                                                         bm_00_00[0] (net)
                      0.277019    0.001879    3.387127 ^ bm_00_00[0] (out)
                                              3.387127   data arrival time

                      0.000000   10.000000   10.000000   clock __VIRTUAL_CLK__ (rise edge)
                                  0.000000   10.000000   clock network delay (ideal)
                                 -0.250000    9.750000   clock uncertainty
                                  0.000000    9.750000   clock reconvergence pessimism
                                 -2.000000    7.750000   output external delay
                                              7.750000   data required time
---------------------------------------------------------------------------------------------
                                              7.750000   data required time
                                             -3.387127   data arrival time
---------------------------------------------------------------------------------------------
                                              4.362873   slack (MET)


Startpoint: received[0] (input port clocked by __VIRTUAL_CLK__)
Endpoint: bm_10_01[0] (output port clocked by __VIRTUAL_CLK__)
Path Group: __VIRTUAL_CLK__
Path Type: max

Fanout         Cap        Slew       Delay        Time   Description
---------------------------------------------------------------------------------------------
                      0.000000    0.000000    0.000000   clock __VIRTUAL_CLK__ (rise edge)
                                  0.000000    0.000000   clock network delay (ideal)
                                  2.000000    2.000000 v input external delay
     1    0.002745    0.018244    0.009106    2.009106 v received[0] (in)
                                                         received[0] (net)
                      0.018245    0.000000    2.009106 v input1/A (sky130_fd_sc_hd__clkbuf_2)
     6    0.025609    0.184736    0.269523    2.278628 v input1/X (sky130_fd_sc_hd__clkbuf_2)
                                                         net1 (net)
                      0.184882    0.003286    2.281914 v _03_/A (sky130_fd_sc_hd__xnor2_1)
     4    0.012602    0.504829    0.535069    2.816984 ^ _03_/Y (sky130_fd_sc_hd__xnor2_1)
                                                         net11 (net)
                      0.504829    0.000579    2.817562 ^ output11/A (sky130_fd_sc_hd__buf_2)
     1    0.034037    0.272234    0.522741    3.340303 ^ output11/X (sky130_fd_sc_hd__buf_2)
                                                         bm_10_01[0] (net)
                      0.272239    0.001594    3.341897 ^ bm_10_01[0] (out)
                                              3.341897   data arrival time

                      0.000000   10.000000   10.000000   clock __VIRTUAL_CLK__ (rise edge)
                                  0.000000   10.000000   clock network delay (ideal)
                                 -0.250000    9.750000   clock uncertainty
                                  0.000000    9.750000   clock reconvergence pessimism
                                 -2.000000    7.750000   output external delay
                                              7.750000   data required time
---------------------------------------------------------------------------------------------
                                              7.750000   data required time
                                             -3.341897   data arrival time
---------------------------------------------------------------------------------------------
                                              4.408103   slack (MET)


Startpoint: received[1] (input port clocked by __VIRTUAL_CLK__)
Endpoint: bm_11_11[1] (output port clocked by __VIRTUAL_CLK__)
Path Group: __VIRTUAL_CLK__
Path Type: max

Fanout         Cap        Slew       Delay        Time   Description
---------------------------------------------------------------------------------------------
                      0.000000    0.000000    0.000000   clock __VIRTUAL_CLK__ (rise edge)
                                  0.000000    0.000000   clock network delay (ideal)
                                  2.000000    2.000000 v input external delay
     1    0.002679    0.017994    0.008896    2.008896 v received[1] (in)
                                                         received[1] (net)
                      0.017995    0.000000    2.008896 v input2/A (sky130_fd_sc_hd__clkbuf_2)
     6    0.025994    0.186580    0.271144    2.280041 v input2/X (sky130_fd_sc_hd__clkbuf_2)
                                                         net2 (net)
                      0.186620    0.002667    2.282708 v _05_/A_N (sky130_fd_sc_hd__and2b_1)
     2    0.004804    0.096510    0.444649    2.727357 ^ _05_/X (sky130_fd_sc_hd__and2b_1)
                                                         net12 (net)
                      0.096510    0.000277    2.727634 ^ _15_/A (sky130_fd_sc_hd__clkbuf_1)
     1    0.005626    0.122233    0.198858    2.926492 ^ _15_/X (sky130_fd_sc_hd__clkbuf_1)
                                                         net18 (net)
                      0.122233    0.000424    2.926916 ^ output18/A (sky130_fd_sc_hd__buf_2)
     1    0.035454    0.281336    0.373145    3.300061 ^ output18/X (sky130_fd_sc_hd__buf_2)
                                                         bm_11_11[1] (net)
                      0.281349    0.002155    3.302216 ^ bm_11_11[1] (out)
                                              3.302216   data arrival time

                      0.000000   10.000000   10.000000   clock __VIRTUAL_CLK__ (rise edge)
                                  0.000000   10.000000   clock network delay (ideal)
                                 -0.250000    9.750000   clock uncertainty
                                  0.000000    9.750000   clock reconvergence pessimism
                                 -2.000000    7.750000   output external delay
                                              7.750000   data required time
---------------------------------------------------------------------------------------------
                                              7.750000   data required time
                                             -3.302216   data arrival time
---------------------------------------------------------------------------------------------
                                              4.447783   slack (MET)


Startpoint: received[0] (input port clocked by __VIRTUAL_CLK__)
Endpoint: bm_11_01[1] (output port clocked by __VIRTUAL_CLK__)
Path Group: __VIRTUAL_CLK__
Path Type: max

Fanout         Cap        Slew       Delay        Time   Description
---------------------------------------------------------------------------------------------
                      0.000000    0.000000    0.000000   clock __VIRTUAL_CLK__ (rise edge)
                                  0.000000    0.000000   clock network delay (ideal)
                                  2.000000    2.000000 ^ input external delay
     1    0.002930    0.033106    0.016526    2.016526 ^ received[0] (in)
                                                         received[0] (net)
                      0.033106    0.000000    2.016526 ^ input1/A (sky130_fd_sc_hd__clkbuf_2)
     6    0.026569    0.232765    0.291353    2.307879 ^ input1/X (sky130_fd_sc_hd__clkbuf_2)
                                                         net1 (net)
                      0.232842    0.003496    2.311375 ^ _04_/A_N (sky130_fd_sc_hd__and2b_1)
     2    0.004558    0.080944    0.440918    2.752293 v _04_/X (sky130_fd_sc_hd__and2b_1)
                                                         net14 (net)
                      0.080944    0.000291    2.752584 v _13_/A (sky130_fd_sc_hd__clkbuf_1)
     1    0.003676    0.059106    0.173275    2.925859 v _13_/X (sky130_fd_sc_hd__clkbuf_1)
                                                         net16 (net)
                      0.059106    0.000272    2.926131 v output16/A (sky130_fd_sc_hd__buf_2)
     1    0.034226    0.166073    0.338767    3.264897 v output16/X (sky130_fd_sc_hd__buf_2)
                                                         bm_11_01[1] (net)
                      0.166088    0.001649    3.266546 v bm_11_01[1] (out)
                                              3.266546   data arrival time

                      0.000000   10.000000   10.000000   clock __VIRTUAL_CLK__ (rise edge)
                                  0.000000   10.000000   clock network delay (ideal)
                                 -0.250000    9.750000   clock uncertainty
                                  0.000000    9.750000   clock reconvergence pessimism
                                 -2.000000    7.750000   output external delay
                                              7.750000   data required time
---------------------------------------------------------------------------------------------
                                              7.750000   data required time
                                             -3.266546   data arrival time
---------------------------------------------------------------------------------------------
                                              4.483454   slack (MET)


Startpoint: received[1] (input port clocked by __VIRTUAL_CLK__)
Endpoint: bm_01_10[1] (output port clocked by __VIRTUAL_CLK__)
Path Group: __VIRTUAL_CLK__
Path Type: max

Fanout         Cap        Slew       Delay        Time   Description
---------------------------------------------------------------------------------------------
                      0.000000    0.000000    0.000000   clock __VIRTUAL_CLK__ (rise edge)
                                  0.000000    0.000000   clock network delay (ideal)
                                  2.000000    2.000000 v input external delay
     1    0.002679    0.017994    0.008896    2.008896 v received[1] (in)
                                                         received[1] (net)
                      0.017995    0.000000    2.008896 v input2/A (sky130_fd_sc_hd__clkbuf_2)
     6    0.025994    0.186580    0.271144    2.280041 v input2/X (sky130_fd_sc_hd__clkbuf_2)
                                                         net2 (net)
                      0.186728    0.003357    2.283397 v _00_/B (sky130_fd_sc_hd__and2_1)
     2    0.009155    0.118839    0.424873    2.708271 v _00_/X (sky130_fd_sc_hd__and2_1)
                                                         net4 (net)
                      0.118839    0.000454    2.708724 v _10_/A (sky130_fd_sc_hd__clkbuf_1)
     1    0.002094    0.043640    0.176159    2.884883 v _10_/X (sky130_fd_sc_hd__clkbuf_1)
                                                         net10 (net)
                      0.043656    0.000147    2.885030 v output10/A (sky130_fd_sc_hd__buf_2)
     1    0.034013    0.165288    0.331046    3.216075 v output10/X (sky130_fd_sc_hd__buf_2)
                                                         bm_01_10[1] (net)
                      0.165302    0.001593    3.217668 v bm_01_10[1] (out)
                                              3.217668   data arrival time

                      0.000000   10.000000   10.000000   clock __VIRTUAL_CLK__ (rise edge)
                                  0.000000   10.000000   clock network delay (ideal)
                                 -0.250000    9.750000   clock uncertainty
                                  0.000000    9.750000   clock reconvergence pessimism
                                 -2.000000    7.750000   output external delay
                                              7.750000   data required time
---------------------------------------------------------------------------------------------
                                              7.750000   data required time
                                             -3.217668   data arrival time
---------------------------------------------------------------------------------------------
                                              4.532332   slack (MET)


Startpoint: received[0] (input port clocked by __VIRTUAL_CLK__)
Endpoint: bm_01_00[1] (output port clocked by __VIRTUAL_CLK__)
Path Group: __VIRTUAL_CLK__
Path Type: max

Fanout         Cap        Slew       Delay        Time   Description
---------------------------------------------------------------------------------------------
                      0.000000    0.000000    0.000000   clock __VIRTUAL_CLK__ (rise edge)
                                  0.000000    0.000000   clock network delay (ideal)
                                  2.000000    2.000000 v input external delay
     1    0.002745    0.018244    0.009106    2.009106 v received[0] (in)
                                                         received[0] (net)
                      0.018245    0.000000    2.009106 v input1/A (sky130_fd_sc_hd__clkbuf_2)
     6    0.025609    0.184736    0.269523    2.278628 v input1/X (sky130_fd_sc_hd__clkbuf_2)
                                                         net1 (net)
                      0.184761    0.002208    2.280836 v _01_/A (sky130_fd_sc_hd__nor2_1)
     2    0.006536    0.230814    0.288889    2.569725 ^ _01_/Y (sky130_fd_sc_hd__nor2_1)
                                                         net6 (net)
                      0.230814    0.000352    2.570077 ^ _08_/A (sky130_fd_sc_hd__clkbuf_1)
     1    0.001908    0.059164    0.203848    2.773926 ^ _08_/X (sky130_fd_sc_hd__clkbuf_1)
                                                         net8 (net)
                      0.059164    0.000087    2.774012 ^ output8/A (sky130_fd_sc_hd__buf_2)
     1    0.034146    0.271413    0.337202    3.111215 ^ output8/X (sky130_fd_sc_hd__buf_2)
                                                         bm_01_00[1] (net)
                      0.271418    0.001634    3.112849 ^ bm_01_00[1] (out)
                                              3.112849   data arrival time

                      0.000000   10.000000   10.000000   clock __VIRTUAL_CLK__ (rise edge)
                                  0.000000   10.000000   clock network delay (ideal)
                                 -0.250000    9.750000   clock uncertainty
                                  0.000000    9.750000   clock reconvergence pessimism
                                 -2.000000    7.750000   output external delay
                                              7.750000   data required time
---------------------------------------------------------------------------------------------
                                              7.750000   data required time
                                             -3.112849   data arrival time
---------------------------------------------------------------------------------------------
                                              4.637151   slack (MET)


Startpoint: received[1] (input port clocked by __VIRTUAL_CLK__)
Endpoint: bm_10_01[1] (output port clocked by __VIRTUAL_CLK__)
Path Group: __VIRTUAL_CLK__
Path Type: max

Fanout         Cap        Slew       Delay        Time   Description
---------------------------------------------------------------------------------------------
                      0.000000    0.000000    0.000000   clock __VIRTUAL_CLK__ (rise edge)
                                  0.000000    0.000000   clock network delay (ideal)
                                  2.000000    2.000000 ^ input external delay
     1    0.002864    0.032669    0.016175    2.016175 ^ received[1] (in)
                                                         received[1] (net)
                      0.032669    0.000000    2.016175 ^ input2/A (sky130_fd_sc_hd__clkbuf_2)
     6    0.026911    0.234803    0.292967    2.309143 ^ input2/X (sky130_fd_sc_hd__clkbuf_2)
                                                         net2 (net)
                      0.234851    0.002772    2.311914 ^ _05_/A_N (sky130_fd_sc_hd__and2b_1)
     2    0.004547    0.080872    0.441443    2.753357 v _05_/X (sky130_fd_sc_hd__and2b_1)
                                                         net12 (net)
                      0.080872    0.000256    2.753613 v output12/A (sky130_fd_sc_hd__buf_2)
     1    0.034804    0.168301    0.350529    3.104142 v output12/X (sky130_fd_sc_hd__buf_2)
                                                         bm_10_01[1] (net)
                      0.168319    0.001775    3.105917 v bm_10_01[1] (out)
                                              3.105917   data arrival time

                      0.000000   10.000000   10.000000   clock __VIRTUAL_CLK__ (rise edge)
                                  0.000000   10.000000   clock network delay (ideal)
                                 -0.250000    9.750000   clock uncertainty
                                  0.000000    9.750000   clock reconvergence pessimism
                                 -2.000000    7.750000   output external delay
                                              7.750000   data required time
---------------------------------------------------------------------------------------------
                                              7.750000   data required time
                                             -3.105917   data arrival time
---------------------------------------------------------------------------------------------
                                              4.644083   slack (MET)


Startpoint: received[0] (input port clocked by __VIRTUAL_CLK__)
Endpoint: bm_10_11[1] (output port clocked by __VIRTUAL_CLK__)
Path Group: __VIRTUAL_CLK__
Path Type: max

Fanout         Cap        Slew       Delay        Time   Description
---------------------------------------------------------------------------------------------
                      0.000000    0.000000    0.000000   clock __VIRTUAL_CLK__ (rise edge)
                                  0.000000    0.000000   clock network delay (ideal)
                                  2.000000    2.000000 ^ input external delay
     1    0.002930    0.033106    0.016526    2.016526 ^ received[0] (in)
                                                         received[0] (net)
                      0.033106    0.000000    2.016526 ^ input1/A (sky130_fd_sc_hd__clkbuf_2)
     6    0.026569    0.232765    0.291353    2.307879 ^ input1/X (sky130_fd_sc_hd__clkbuf_2)
                                                         net1 (net)
                      0.232842    0.003496    2.311375 ^ _04_/A_N (sky130_fd_sc_hd__and2b_1)
     2    0.004558    0.080944    0.440918    2.752293 v _04_/X (sky130_fd_sc_hd__and2b_1)
                                                         net14 (net)
                      0.080944    0.000288    2.752581 v output14/A (sky130_fd_sc_hd__buf_2)
     1    0.034015    0.165127    0.348174    3.100755 v output14/X (sky130_fd_sc_hd__buf_2)
                                                         bm_10_11[1] (net)
                      0.165140    0.001593    3.102348 v bm_10_11[1] (out)
                                              3.102348   data arrival time

                      0.000000   10.000000   10.000000   clock __VIRTUAL_CLK__ (rise edge)
                                  0.000000   10.000000   clock network delay (ideal)
                                 -0.250000    9.750000   clock uncertainty
                                  0.000000    9.750000   clock reconvergence pessimism
                                 -2.000000    7.750000   output external delay
                                              7.750000   data required time
---------------------------------------------------------------------------------------------
                                              7.750000   data required time
                                             -3.102348   data arrival time
---------------------------------------------------------------------------------------------
                                              4.647652   slack (MET)


Startpoint: received[1] (input port clocked by __VIRTUAL_CLK__)
Endpoint: bm_00_00[1] (output port clocked by __VIRTUAL_CLK__)
Path Group: __VIRTUAL_CLK__
Path Type: max

Fanout         Cap        Slew       Delay        Time   Description
---------------------------------------------------------------------------------------------
                      0.000000    0.000000    0.000000   clock __VIRTUAL_CLK__ (rise edge)
                                  0.000000    0.000000   clock network delay (ideal)
                                  2.000000    2.000000 v input external delay
     1    0.002679    0.017994    0.008896    2.008896 v received[1] (in)
                                                         received[1] (net)
                      0.017995    0.000000    2.008896 v input2/A (sky130_fd_sc_hd__clkbuf_2)
     6    0.025994    0.186580    0.271144    2.280041 v input2/X (sky130_fd_sc_hd__clkbuf_2)
                                                         net2 (net)
                      0.186728    0.003357    2.283397 v _00_/B (sky130_fd_sc_hd__and2_1)
     2    0.009155    0.118839    0.424873    2.708271 v _00_/X (sky130_fd_sc_hd__and2_1)
                                                         net4 (net)
                      0.118840    0.000631    2.708901 v output4/A (sky130_fd_sc_hd__buf_2)
     1    0.034389    0.166676    0.367600    3.076501 v output4/X (sky130_fd_sc_hd__buf_2)
                                                         bm_00_00[1] (net)
                      0.166691    0.001663    3.078164 v bm_00_00[1] (out)
                                              3.078164   data arrival time

                      0.000000   10.000000   10.000000   clock __VIRTUAL_CLK__ (rise edge)
                                  0.000000   10.000000   clock network delay (ideal)
                                 -0.250000    9.750000   clock uncertainty
                                  0.000000    9.750000   clock reconvergence pessimism
                                 -2.000000    7.750000   output external delay
                                              7.750000   data required time
---------------------------------------------------------------------------------------------
                                              7.750000   data required time
                                             -3.078164   data arrival time
---------------------------------------------------------------------------------------------
                                              4.671836   slack (MET)


Startpoint: received[0] (input port clocked by __VIRTUAL_CLK__)
Endpoint: bm_00_10[1] (output port clocked by __VIRTUAL_CLK__)
Path Group: __VIRTUAL_CLK__
Path Type: max

Fanout         Cap        Slew       Delay        Time   Description
---------------------------------------------------------------------------------------------
                      0.000000    0.000000    0.000000   clock __VIRTUAL_CLK__ (rise edge)
                                  0.000000    0.000000   clock network delay (ideal)
                                  2.000000    2.000000 v input external delay
     1    0.002745    0.018244    0.009106    2.009106 v received[0] (in)
                                                         received[0] (net)
                      0.018245    0.000000    2.009106 v input1/A (sky130_fd_sc_hd__clkbuf_2)
     6    0.025609    0.184736    0.269523    2.278628 v input1/X (sky130_fd_sc_hd__clkbuf_2)
                                                         net1 (net)
                      0.184761    0.002208    2.280836 v _01_/A (sky130_fd_sc_hd__nor2_1)
     2    0.006536    0.230814    0.288889    2.569725 ^ _01_/Y (sky130_fd_sc_hd__nor2_1)
                                                         net6 (net)
                      0.230814    0.000399    2.570125 ^ output6/A (sky130_fd_sc_hd__buf_2)
     1    0.034000    0.270658    0.416169    2.986294 ^ output6/X (sky130_fd_sc_hd__buf_2)
                                                         bm_00_10[1] (net)
                      0.270663    0.001593    2.987887 ^ bm_00_10[1] (out)
                                              2.987887   data arrival time

                      0.000000   10.000000   10.000000   clock __VIRTUAL_CLK__ (rise edge)
                                  0.000000   10.000000   clock network delay (ideal)
                                 -0.250000    9.750000   clock uncertainty
                                  0.000000    9.750000   clock reconvergence pessimism
                                 -2.000000    7.750000   output external delay
                                              7.750000   data required time
---------------------------------------------------------------------------------------------
                                              7.750000   data required time
                                             -2.987887   data arrival time
---------------------------------------------------------------------------------------------
                                              4.762114   slack (MET)



