Reading OpenROAD database at '/home/edabk/Desktop/Tu67/MARCO_ultra/Controller/runs/RUN_2026-01-21_18-57-50/20-openroad-generatepdn/Controller.odb'…
Reading library file at '/home/edabk/.volare/volare/sky130/versions/0fe599b2afb6708d281543108caf8310912f54af/sky130A/libs.ref/sky130_fd_sc_hd/lib/sky130_fd_sc_hd__tt_025C_1v80.lib'…
Reading design constraints file at '/nix/store/h0ldzjka94yryiq8yxbxmwargpnmwhx6-python3-3.11.9-env/lib/python3.11/site-packages/openlane/scripts/base.sdc'…
[INFO] Using clock clk…
[INFO] Setting output delay to: 20.0
[INFO] Setting input delay to: 20.0
[INFO] Setting load to: 0.033442
[INFO] Setting clock uncertainty to: 0.25
[INFO] Setting clock transition to: 0.1499999999999999944488848768742172978818416595458984375
[INFO] Setting timing derate to: 5%
+ global_placement -density 0.85 -skip_io -pad_right 0 -pad_left 0 -init_wirelength_coef 0.25
[INFO GPL-0002] DBU: 1000
[INFO GPL-0003] SiteSize: (  0.460  2.720 ) um
[INFO GPL-0004] CoreBBox: (  5.520 10.880 ) ( 94.300 32.640 ) um
[INFO GPL-0006] NumInstances:                69
[INFO GPL-0007] NumPlaceInstances:           23
[INFO GPL-0008] NumFixedInstances:           46
[INFO GPL-0009] NumDummyInstances:            0
[INFO GPL-0010] NumNets:                     26
[INFO GPL-0011] NumPins:                     85
[INFO GPL-0012] DieBBox:  (  0.000  0.000 ) ( 100.000 45.000 ) um
[INFO GPL-0013] CoreBBox: (  5.520 10.880 ) ( 94.300 32.640 ) um
[INFO GPL-0016] CoreArea:              1931.853 um^2
[INFO GPL-0017] NonPlaceInstsArea:       97.594 um^2
[INFO GPL-0018] PlaceInstsArea:         296.534 um^2
[INFO GPL-0019] Util:                    16.166 %
[INFO GPL-0020] StdInstsArea:           296.534 um^2
[INFO GPL-0021] MacroInstsArea:           0.000 um^2
[INFO GPL-0031] FillerInit:NumGCells:       128
[INFO GPL-0032] FillerInit:NumGNets:         26
[INFO GPL-0033] FillerInit:NumGPins:         85
[INFO GPL-0023] TargetDensity:            0.850
[INFO GPL-0024] AvrgPlaceInstArea:       12.893 um^2
[INFO GPL-0025] IdealBinArea:            15.168 um^2
[INFO GPL-0026] IdealBinCnt:                127
[INFO GPL-0027] TotalBinArea:          1931.853 um^2
[INFO GPL-0028] BinCnt:        16      4
[INFO GPL-0029] BinSize: (  5.549  5.440 )
[INFO GPL-0030] NumBins: 64
[NesterovSolve] Iter:    1 overflow: 0.658 HPWL: 81656
[NesterovSolve] Iter:   10 overflow: 0.656 HPWL: 79627
[NesterovSolve] Iter:   20 overflow: 0.656 HPWL: 79521
[NesterovSolve] Iter:   30 overflow: 0.656 HPWL: 79569
[NesterovSolve] Iter:   40 overflow: 0.656 HPWL: 79578
[NesterovSolve] Iter:   50 overflow: 0.656 HPWL: 79589
[NesterovSolve] Iter:   60 overflow: 0.656 HPWL: 79609
[NesterovSolve] Iter:   70 overflow: 0.656 HPWL: 79665
[NesterovSolve] Iter:   80 overflow: 0.657 HPWL: 79808
[NesterovSolve] Iter:   90 overflow: 0.657 HPWL: 80104
[NesterovSolve] Iter:  100 overflow: 0.657 HPWL: 80677
[NesterovSolve] Iter:  110 overflow: 0.655 HPWL: 81544
[NesterovSolve] Iter:  120 overflow: 0.651 HPWL: 82456
[NesterovSolve] Iter:  130 overflow: 0.638 HPWL: 82664
[NesterovSolve] Iter:  140 overflow: 0.608 HPWL: 82045
[NesterovSolve] Iter:  150 overflow: 0.572 HPWL: 81741
[NesterovSolve] Iter:  160 overflow: 0.543 HPWL: 82067
[NesterovSolve] Iter:  170 overflow: 0.535 HPWL: 81840
[NesterovSolve] Iter:  180 overflow: 0.552 HPWL: 81234
[NesterovSolve] Iter:  190 overflow: 0.570 HPWL: 82463
[NesterovSolve] Iter:  200 overflow: 0.571 HPWL: 82600
[NesterovSolve] Iter:  210 overflow: 0.559 HPWL: 83542
[NesterovSolve] Iter:  220 overflow: 0.562 HPWL: 86004
[NesterovSolve] Iter:  230 overflow: 0.551 HPWL: 89051
[NesterovSolve] Iter:  240 overflow: 0.514 HPWL: 94020
[NesterovSolve] Iter:  250 overflow: 0.475 HPWL: 98706
[NesterovSolve] Iter:  260 overflow: 0.439 HPWL: 104332
[NesterovSolve] Iter:  270 overflow: 0.393 HPWL: 122472
[NesterovSolve] Iter:  280 overflow: 0.314 HPWL: 133997
[NesterovSolve] Iter:  290 overflow: 0.300 HPWL: 143601
[NesterovSolve] Iter:  300 overflow: 0.271 HPWL: 149585
[NesterovSolve] Iter:  310 overflow: 0.220 HPWL: 162271
[NesterovSolve] Iter:  320 overflow: 0.193 HPWL: 168443
[NesterovSolve] Iter:  330 overflow: 0.167 HPWL: 171714
[NesterovSolve] Iter:  340 overflow: 0.126 HPWL: 173096
[NesterovSolve] Iter:  350 overflow: 0.098 HPWL: 178011
[NesterovSolve] Finished with Overflow: 0.097842
[INFO] Setting RC values…
Setting global connections for newly added cells…
[INFO] Setting global connections...
Updating metrics…
Cell type report:                       Count       Area
  Fill cell                                16      60.06
  Tap cell                                 30      37.54
  Inverter                                  1       3.75
  Sequential cell                           6     157.65
  Multi-Input combinational cell           16     135.13
  Total                                    69     394.13
Writing OpenROAD database to '/home/edabk/Desktop/Tu67/MARCO_ultra/Controller/runs/RUN_2026-01-21_18-57-50/23-openroad-globalplacementskipio/Controller.odb'…
Writing netlist to '/home/edabk/Desktop/Tu67/MARCO_ultra/Controller/runs/RUN_2026-01-21_18-57-50/23-openroad-globalplacementskipio/Controller.nl.v'…
Writing powered netlist to '/home/edabk/Desktop/Tu67/MARCO_ultra/Controller/runs/RUN_2026-01-21_18-57-50/23-openroad-globalplacementskipio/Controller.pnl.v'…
Writing layout to '/home/edabk/Desktop/Tu67/MARCO_ultra/Controller/runs/RUN_2026-01-21_18-57-50/23-openroad-globalplacementskipio/Controller.def'…
Writing timing constraints to '/home/edabk/Desktop/Tu67/MARCO_ultra/Controller/runs/RUN_2026-01-21_18-57-50/23-openroad-globalplacementskipio/Controller.sdc'…
