Reading technology LEF file at '/home/edabk/.volare/volare/sky130/versions/0fe599b2afb6708d281543108caf8310912f54af/sky130A/libs.ref/sky130_fd_sc_hd/techlef/sky130_fd_sc_hd__max.tlef'…
[INFO ODB-0227] LEF file: /home/edabk/.volare/volare/sky130/versions/0fe599b2afb6708d281543108caf8310912f54af/sky130A/libs.ref/sky130_fd_sc_hd/techlef/sky130_fd_sc_hd__max.tlef, created 14 layers, 25 vias
Reading cell LEF file at '/home/edabk/.volare/volare/sky130/versions/0fe599b2afb6708d281543108caf8310912f54af/sky130A/libs.ref/sky130_fd_sc_hd/lef/sky130_fd_sc_hd.lef'…
[WARNING ODB-0220] WARNING (LEFPARS-2008): NOWIREEXTENSIONATPIN statement is obsolete in version 5.6 or later.
The NOWIREEXTENSIONATPIN statement will be ignored. See file /home/edabk/.volare/volare/sky130/versions/0fe599b2afb6708d281543108caf8310912f54af/sky130A/libs.ref/sky130_fd_sc_hd/lef/sky130_fd_sc_hd.lef at line 2.

[INFO ODB-0227] LEF file: /home/edabk/.volare/volare/sky130/versions/0fe599b2afb6708d281543108caf8310912f54af/sky130A/libs.ref/sky130_fd_sc_hd/lef/sky130_fd_sc_hd.lef, created 437 library cells
Reading cell LEF file at '/home/edabk/.volare/volare/sky130/versions/0fe599b2afb6708d281543108caf8310912f54af/sky130A/libs.ref/sky130_fd_sc_hd/lef/sky130_ef_sc_hd.lef'…
[WARNING ODB-0220] WARNING (LEFPARS-2008): NOWIREEXTENSIONATPIN statement is obsolete in version 5.6 or later.
The NOWIREEXTENSIONATPIN statement will be ignored. See file /home/edabk/.volare/volare/sky130/versions/0fe599b2afb6708d281543108caf8310912f54af/sky130A/libs.ref/sky130_fd_sc_hd/lef/sky130_ef_sc_hd.lef at line 2.

[INFO ODB-0227] LEF file: /home/edabk/.volare/volare/sky130/versions/0fe599b2afb6708d281543108caf8310912f54af/sky130A/libs.ref/sky130_fd_sc_hd/lef/sky130_ef_sc_hd.lef, created 4 library cells
[INFO ODB-0127] Reading DEF file: /home/edabk/Desktop/Tu67/MARCO_ultra/Path_Metric_Unit/runs/RUN_2026-01-21_19-00-38/52-odb-cellfrequencytables/Path_Metric_Unit.def
[INFO ODB-0128] Design: Path_Metric_Unit
[INFO ODB-0130]     Created 41 pins.
[INFO ODB-0131]     Created 821 components and 3833 component-terminals.
[INFO ODB-0132]     Created 2 special nets and 3104 connections.
[INFO ODB-0133]     Created 229 nets and 728 connections.
[INFO ODB-0134] Finished DEF file: /home/edabk/Desktop/Tu67/MARCO_ultra/Path_Metric_Unit/runs/RUN_2026-01-21_19-00-38/52-odb-cellfrequencytables/Path_Metric_Unit.def
Using RCX ruleset '/home/edabk/.volare/volare/sky130/versions/0fe599b2afb6708d281543108caf8310912f54af/sky130A/libs.tech/openlane/rules.openrcx.sky130A.max.calibre'…
[INFO RCX-0431] Defined process_corner CURRENT_CORNER with ext_model_index 0
[INFO RCX-0029] Defined extraction corner CURRENT_CORNER
[INFO RCX-0435] Reading extraction model file /home/edabk/.volare/volare/sky130/versions/0fe599b2afb6708d281543108caf8310912f54af/sky130A/libs.tech/openlane/rules.openrcx.sky130A.max.calibre ...
[INFO RCX-0436] RC segment generation Path_Metric_Unit (max_merge_res 50.0) ...
[INFO RCX-0040] Final 1083 rc segments
[INFO RCX-0439] Coupling Cap extraction Path_Metric_Unit ...
[INFO RCX-0440] Coupling threshhold is 0.1000 fF, coupling capacitance less than 0.1000 fF will be grounded.
[INFO RCX-0442] 51% of 1618 wires extracted
[INFO RCX-0442] 100% of 1618 wires extracted
[INFO RCX-0045] Extract 229 nets, 1312 rsegs, 1312 caps, 1614 ccs
Setting global connections for newly added cells…
[INFO] Setting global connections...
Updating metrics…
Cell type report:                       Count       Area
  Fill cell                               520    4550.61
  Tap cell                                 90     112.61
  Standard cell                           211    2098.26
  Total                                   821    6761.48
Writing extracted parasitics to '/home/edabk/Desktop/Tu67/MARCO_ultra/Path_Metric_Unit/runs/RUN_2026-01-21_19-00-38/53-openroad-rcx/max/Path_Metric_Unit.max.spef'…
[INFO RCX-0443] 229 nets finished
