'PNR_SDC_FILE' is not defined. Using generic fallback SDC for OpenROAD PnR steps.
'SIGNOFF_SDC_FILE' is not defined. Using generic fallback SDC for OpenROAD PnR steps.
[STA-1140] /home/edabk/Desktop/Tu67/MARCO_ultra_9.7_final/Branch_Metrics/runs/Branch_Metrics_run/final/lib/max_ss_100C_1v60/Branch_Metrics__max_ss_100C_1v60.lib line 1, library Branch_Metrics already exists.
[STA-1140] /home/edabk/Desktop/Tu67/MARCO_ultra_9.7_final/Controller/runs/Controller_run/final/lib/max_ss_100C_1v60/Controller__max_ss_100C_1v60.lib line 1, library Controller already exists.
[STA-1140] /home/edabk/Desktop/Tu67/MARCO_ultra_9.7_final/Path_Metric_Unit/runs/Path_Metric_Unit_run/final/lib/max_ss_100C_1v60/Path_Metric_Unit__max_ss_100C_1v60.lib line 1, library Path_Metric_Unit already exists.
[STA-1140] /home/edabk/Desktop/Tu67/MARCO_ultra_9.7_final/Maximum_Path_Memory/runs/Maximum_Path_Memory_run/final/lib/max_ss_100C_1v60/Maximum_Path_Memory__max_ss_100C_1v60.lib line 1, library Maximum_Path_Memory already exists.
[STA-1140] /home/edabk/Desktop/Tu67/MARCO_ultra_9.7_final/Survivor_Memory_Unit/runs/Survivor_Memory_Unit_run/final/lib/max_ss_100C_1v60/Survivor_Memory_Unit__max_ss_100C_1v60.lib line 1, library Survivor_Memory_Unit already exists.
[STA-1140] /home/edabk/Desktop/Tu67/MARCO_ultra_9.7_final/Branch_Metrics/runs/Branch_Metrics_run/final/lib/max_ss_100C_1v60/Branch_Metrics__max_ss_100C_1v60.lib line 1, library Branch_Metrics already exists.
[STA-1140] /home/edabk/Desktop/Tu67/MARCO_ultra_9.7_final/Controller/runs/Controller_run/final/lib/max_ss_100C_1v60/Controller__max_ss_100C_1v60.lib line 1, library Controller already exists.
[STA-1140] /home/edabk/Desktop/Tu67/MARCO_ultra_9.7_final/Path_Metric_Unit/runs/Path_Metric_Unit_run/final/lib/max_ss_100C_1v60/Path_Metric_Unit__max_ss_100C_1v60.lib line 1, library Path_Metric_Unit already exists.
[STA-1140] /home/edabk/Desktop/Tu67/MARCO_ultra_9.7_final/Maximum_Path_Memory/runs/Maximum_Path_Memory_run/final/lib/max_ss_100C_1v60/Maximum_Path_Memory__max_ss_100C_1v60.lib line 1, library Maximum_Path_Memory already exists.
[STA-1140] /home/edabk/Desktop/Tu67/MARCO_ultra_9.7_final/Survivor_Memory_Unit/runs/Survivor_Memory_Unit_run/final/lib/max_ss_100C_1v60/Survivor_Memory_Unit__max_ss_100C_1v60.lib line 1, library Survivor_Memory_Unit already exists.
[STA-1140] /home/edabk/Desktop/Tu67/MARCO_ultra_9.7_final/Branch_Metrics/runs/Branch_Metrics_run/final/lib/max_ss_100C_1v60/Branch_Metrics__max_ss_100C_1v60.lib line 1, library Branch_Metrics already exists.
[STA-1140] /home/edabk/Desktop/Tu67/MARCO_ultra_9.7_final/Controller/runs/Controller_run/final/lib/max_ss_100C_1v60/Controller__max_ss_100C_1v60.lib line 1, library Controller already exists.
[STA-1140] /home/edabk/Desktop/Tu67/MARCO_ultra_9.7_final/Path_Metric_Unit/runs/Path_Metric_Unit_run/final/lib/max_ss_100C_1v60/Path_Metric_Unit__max_ss_100C_1v60.lib line 1, library Path_Metric_Unit already exists.
[STA-1140] /home/edabk/Desktop/Tu67/MARCO_ultra_9.7_final/Maximum_Path_Memory/runs/Maximum_Path_Memory_run/final/lib/max_ss_100C_1v60/Maximum_Path_Memory__max_ss_100C_1v60.lib line 1, library Maximum_Path_Memory already exists.
[STA-1140] /home/edabk/Desktop/Tu67/MARCO_ultra_9.7_final/Survivor_Memory_Unit/runs/Survivor_Memory_Unit_run/final/lib/max_ss_100C_1v60/Survivor_Memory_Unit__max_ss_100C_1v60.lib line 1, library Survivor_Memory_Unit already exists.
[STA-1140] /home/edabk/Desktop/Tu67/MARCO_ultra_9.7_final/Branch_Metrics/runs/Branch_Metrics_run/final/lib/max_ss_100C_1v60/Branch_Metrics__max_ss_100C_1v60.lib line 1, library Branch_Metrics already exists.
[STA-1140] /home/edabk/Desktop/Tu67/MARCO_ultra_9.7_final/Controller/runs/Controller_run/final/lib/max_ss_100C_1v60/Controller__max_ss_100C_1v60.lib line 1, library Controller already exists.
[STA-1140] /home/edabk/Desktop/Tu67/MARCO_ultra_9.7_final/Path_Metric_Unit/runs/Path_Metric_Unit_run/final/lib/max_ss_100C_1v60/Path_Metric_Unit__max_ss_100C_1v60.lib line 1, library Path_Metric_Unit already exists.
[STA-1140] /home/edabk/Desktop/Tu67/MARCO_ultra_9.7_final/Maximum_Path_Memory/runs/Maximum_Path_Memory_run/final/lib/max_ss_100C_1v60/Maximum_Path_Memory__max_ss_100C_1v60.lib line 1, library Maximum_Path_Memory already exists.
[STA-1140] /home/edabk/Desktop/Tu67/MARCO_ultra_9.7_final/Survivor_Memory_Unit/runs/Survivor_Memory_Unit_run/final/lib/max_ss_100C_1v60/Survivor_Memory_Unit__max_ss_100C_1v60.lib line 1, library Survivor_Memory_Unit already exists.
[STA-1140] /home/edabk/Desktop/Tu67/MARCO_ultra_9.7_final/Branch_Metrics/runs/Branch_Metrics_run/final/lib/max_ss_100C_1v60/Branch_Metrics__max_ss_100C_1v60.lib line 1, library Branch_Metrics already exists.
[STA-1140] /home/edabk/Desktop/Tu67/MARCO_ultra_9.7_final/Controller/runs/Controller_run/final/lib/max_ss_100C_1v60/Controller__max_ss_100C_1v60.lib line 1, library Controller already exists.
[STA-1140] /home/edabk/Desktop/Tu67/MARCO_ultra_9.7_final/Path_Metric_Unit/runs/Path_Metric_Unit_run/final/lib/max_ss_100C_1v60/Path_Metric_Unit__max_ss_100C_1v60.lib line 1, library Path_Metric_Unit already exists.
[STA-1140] /home/edabk/Desktop/Tu67/MARCO_ultra_9.7_final/Maximum_Path_Memory/runs/Maximum_Path_Memory_run/final/lib/max_ss_100C_1v60/Maximum_Path_Memory__max_ss_100C_1v60.lib line 1, library Maximum_Path_Memory already exists.
[STA-1140] /home/edabk/Desktop/Tu67/MARCO_ultra_9.7_final/Survivor_Memory_Unit/runs/Survivor_Memory_Unit_run/final/lib/max_ss_100C_1v60/Survivor_Memory_Unit__max_ss_100C_1v60.lib line 1, library Survivor_Memory_Unit already exists.
All instances are FIXED/FIRM.
No need to perform global placement.
Skipping…
[STA-1140] /home/edabk/Desktop/Tu67/MARCO_ultra_9.7_final/Branch_Metrics/runs/Branch_Metrics_run/final/lib/max_ss_100C_1v60/Branch_Metrics__max_ss_100C_1v60.lib line 1, library Branch_Metrics already exists.
[STA-1140] /home/edabk/Desktop/Tu67/MARCO_ultra_9.7_final/Controller/runs/Controller_run/final/lib/max_ss_100C_1v60/Controller__max_ss_100C_1v60.lib line 1, library Controller already exists.
[STA-1140] /home/edabk/Desktop/Tu67/MARCO_ultra_9.7_final/Path_Metric_Unit/runs/Path_Metric_Unit_run/final/lib/max_ss_100C_1v60/Path_Metric_Unit__max_ss_100C_1v60.lib line 1, library Path_Metric_Unit already exists.
[STA-1140] /home/edabk/Desktop/Tu67/MARCO_ultra_9.7_final/Maximum_Path_Memory/runs/Maximum_Path_Memory_run/final/lib/max_ss_100C_1v60/Maximum_Path_Memory__max_ss_100C_1v60.lib line 1, library Maximum_Path_Memory already exists.
[STA-1140] /home/edabk/Desktop/Tu67/MARCO_ultra_9.7_final/Survivor_Memory_Unit/runs/Survivor_Memory_Unit_run/final/lib/max_ss_100C_1v60/Survivor_Memory_Unit__max_ss_100C_1v60.lib line 1, library Survivor_Memory_Unit already exists.
All instances are FIXED/FIRM.
No need to perform global placement.
Skipping…
[STA-1140] /home/edabk/Desktop/Tu67/MARCO_ultra_9.7_final/Branch_Metrics/runs/Branch_Metrics_run/final/lib/max_ss_100C_1v60/Branch_Metrics__max_ss_100C_1v60.lib line 1, library Branch_Metrics already exists.
[STA-1140] /home/edabk/Desktop/Tu67/MARCO_ultra_9.7_final/Controller/runs/Controller_run/final/lib/max_ss_100C_1v60/Controller__max_ss_100C_1v60.lib line 1, library Controller already exists.
[STA-1140] /home/edabk/Desktop/Tu67/MARCO_ultra_9.7_final/Path_Metric_Unit/runs/Path_Metric_Unit_run/final/lib/max_ss_100C_1v60/Path_Metric_Unit__max_ss_100C_1v60.lib line 1, library Path_Metric_Unit already exists.
[STA-1140] /home/edabk/Desktop/Tu67/MARCO_ultra_9.7_final/Maximum_Path_Memory/runs/Maximum_Path_Memory_run/final/lib/max_ss_100C_1v60/Maximum_Path_Memory__max_ss_100C_1v60.lib line 1, library Maximum_Path_Memory already exists.
[STA-1140] /home/edabk/Desktop/Tu67/MARCO_ultra_9.7_final/Survivor_Memory_Unit/runs/Survivor_Memory_Unit_run/final/lib/max_ss_100C_1v60/Survivor_Memory_Unit__max_ss_100C_1v60.lib line 1, library Survivor_Memory_Unit already exists.
[GRT-0097] No global routing found for nets.
[STA-1140] /home/edabk/Desktop/Tu67/MARCO_ultra_9.7_final/Branch_Metrics/runs/Branch_Metrics_run/final/lib/max_ss_100C_1v60/Branch_Metrics__max_ss_100C_1v60.lib line 1, library Branch_Metrics already exists.
[STA-1140] /home/edabk/Desktop/Tu67/MARCO_ultra_9.7_final/Controller/runs/Controller_run/final/lib/max_ss_100C_1v60/Controller__max_ss_100C_1v60.lib line 1, library Controller already exists.
[STA-1140] /home/edabk/Desktop/Tu67/MARCO_ultra_9.7_final/Path_Metric_Unit/runs/Path_Metric_Unit_run/final/lib/max_ss_100C_1v60/Path_Metric_Unit__max_ss_100C_1v60.lib line 1, library Path_Metric_Unit already exists.
[STA-1140] /home/edabk/Desktop/Tu67/MARCO_ultra_9.7_final/Maximum_Path_Memory/runs/Maximum_Path_Memory_run/final/lib/max_ss_100C_1v60/Maximum_Path_Memory__max_ss_100C_1v60.lib line 1, library Maximum_Path_Memory already exists.
[STA-1140] /home/edabk/Desktop/Tu67/MARCO_ultra_9.7_final/Survivor_Memory_Unit/runs/Survivor_Memory_Unit_run/final/lib/max_ss_100C_1v60/Survivor_Memory_Unit__max_ss_100C_1v60.lib line 1, library Survivor_Memory_Unit already exists.
[STA-1140] /home/edabk/Desktop/Tu67/MARCO_ultra_9.7_final/Branch_Metrics/runs/Branch_Metrics_run/final/lib/max_ss_100C_1v60/Branch_Metrics__max_ss_100C_1v60.lib line 1, library Branch_Metrics already exists.
[STA-1140] /home/edabk/Desktop/Tu67/MARCO_ultra_9.7_final/Controller/runs/Controller_run/final/lib/max_ss_100C_1v60/Controller__max_ss_100C_1v60.lib line 1, library Controller already exists.
[STA-1140] /home/edabk/Desktop/Tu67/MARCO_ultra_9.7_final/Path_Metric_Unit/runs/Path_Metric_Unit_run/final/lib/max_ss_100C_1v60/Path_Metric_Unit__max_ss_100C_1v60.lib line 1, library Path_Metric_Unit already exists.
[STA-1140] /home/edabk/Desktop/Tu67/MARCO_ultra_9.7_final/Maximum_Path_Memory/runs/Maximum_Path_Memory_run/final/lib/max_ss_100C_1v60/Maximum_Path_Memory__max_ss_100C_1v60.lib line 1, library Maximum_Path_Memory already exists.
[STA-1140] /home/edabk/Desktop/Tu67/MARCO_ultra_9.7_final/Survivor_Memory_Unit/runs/Survivor_Memory_Unit_run/final/lib/max_ss_100C_1v60/Survivor_Memory_Unit__max_ss_100C_1v60.lib line 1, library Survivor_Memory_Unit already exists.
[STA-1140] /home/edabk/Desktop/Tu67/MARCO_ultra_9.7_final/Branch_Metrics/runs/Branch_Metrics_run/final/lib/max_ss_100C_1v60/Branch_Metrics__max_ss_100C_1v60.lib line 1, library Branch_Metrics already exists.
[STA-1140] /home/edabk/Desktop/Tu67/MARCO_ultra_9.7_final/Controller/runs/Controller_run/final/lib/max_ss_100C_1v60/Controller__max_ss_100C_1v60.lib line 1, library Controller already exists.
[STA-1140] /home/edabk/Desktop/Tu67/MARCO_ultra_9.7_final/Path_Metric_Unit/runs/Path_Metric_Unit_run/final/lib/max_ss_100C_1v60/Path_Metric_Unit__max_ss_100C_1v60.lib line 1, library Path_Metric_Unit already exists.
[STA-1140] /home/edabk/Desktop/Tu67/MARCO_ultra_9.7_final/Maximum_Path_Memory/runs/Maximum_Path_Memory_run/final/lib/max_ss_100C_1v60/Maximum_Path_Memory__max_ss_100C_1v60.lib line 1, library Maximum_Path_Memory already exists.
[STA-1140] /home/edabk/Desktop/Tu67/MARCO_ultra_9.7_final/Survivor_Memory_Unit/runs/Survivor_Memory_Unit_run/final/lib/max_ss_100C_1v60/Survivor_Memory_Unit__max_ss_100C_1v60.lib line 1, library Survivor_Memory_Unit already exists.
[STA-1140] /home/edabk/Desktop/Tu67/MARCO_ultra_9.7_final/Branch_Metrics/runs/Branch_Metrics_run/final/lib/max_ss_100C_1v60/Branch_Metrics__max_ss_100C_1v60.lib line 1, library Branch_Metrics already exists.
[STA-1140] /home/edabk/Desktop/Tu67/MARCO_ultra_9.7_final/Controller/runs/Controller_run/final/lib/max_ss_100C_1v60/Controller__max_ss_100C_1v60.lib line 1, library Controller already exists.
[STA-1140] /home/edabk/Desktop/Tu67/MARCO_ultra_9.7_final/Path_Metric_Unit/runs/Path_Metric_Unit_run/final/lib/max_ss_100C_1v60/Path_Metric_Unit__max_ss_100C_1v60.lib line 1, library Path_Metric_Unit already exists.
[STA-1140] /home/edabk/Desktop/Tu67/MARCO_ultra_9.7_final/Maximum_Path_Memory/runs/Maximum_Path_Memory_run/final/lib/max_ss_100C_1v60/Maximum_Path_Memory__max_ss_100C_1v60.lib line 1, library Maximum_Path_Memory already exists.
[STA-1140] /home/edabk/Desktop/Tu67/MARCO_ultra_9.7_final/Survivor_Memory_Unit/runs/Survivor_Memory_Unit_run/final/lib/max_ss_100C_1v60/Survivor_Memory_Unit__max_ss_100C_1v60.lib line 1, library Survivor_Memory_Unit already exists.
[STA-1140] /home/edabk/Desktop/Tu67/MARCO_ultra_9.7_final/Branch_Metrics/runs/Branch_Metrics_run/final/lib/max_ss_100C_1v60/Branch_Metrics__max_ss_100C_1v60.lib line 1, library Branch_Metrics already exists.
[STA-1140] /home/edabk/Desktop/Tu67/MARCO_ultra_9.7_final/Controller/runs/Controller_run/final/lib/max_ss_100C_1v60/Controller__max_ss_100C_1v60.lib line 1, library Controller already exists.
[STA-1140] /home/edabk/Desktop/Tu67/MARCO_ultra_9.7_final/Path_Metric_Unit/runs/Path_Metric_Unit_run/final/lib/max_ss_100C_1v60/Path_Metric_Unit__max_ss_100C_1v60.lib line 1, library Path_Metric_Unit already exists.
[STA-1140] /home/edabk/Desktop/Tu67/MARCO_ultra_9.7_final/Maximum_Path_Memory/runs/Maximum_Path_Memory_run/final/lib/max_ss_100C_1v60/Maximum_Path_Memory__max_ss_100C_1v60.lib line 1, library Maximum_Path_Memory already exists.
[STA-1140] /home/edabk/Desktop/Tu67/MARCO_ultra_9.7_final/Survivor_Memory_Unit/runs/Survivor_Memory_Unit_run/final/lib/max_ss_100C_1v60/Survivor_Memory_Unit__max_ss_100C_1v60.lib line 1, library Survivor_Memory_Unit already exists.
[STA-1140] /home/edabk/Desktop/Tu67/MARCO_ultra_9.7_final/Branch_Metrics/runs/Branch_Metrics_run/final/lib/max_ss_100C_1v60/Branch_Metrics__max_ss_100C_1v60.lib line 1, library Branch_Metrics already exists.
[STA-1140] /home/edabk/Desktop/Tu67/MARCO_ultra_9.7_final/Controller/runs/Controller_run/final/lib/max_ss_100C_1v60/Controller__max_ss_100C_1v60.lib line 1, library Controller already exists.
[STA-1140] /home/edabk/Desktop/Tu67/MARCO_ultra_9.7_final/Path_Metric_Unit/runs/Path_Metric_Unit_run/final/lib/max_ss_100C_1v60/Path_Metric_Unit__max_ss_100C_1v60.lib line 1, library Path_Metric_Unit already exists.
[STA-1140] /home/edabk/Desktop/Tu67/MARCO_ultra_9.7_final/Maximum_Path_Memory/runs/Maximum_Path_Memory_run/final/lib/max_ss_100C_1v60/Maximum_Path_Memory__max_ss_100C_1v60.lib line 1, library Maximum_Path_Memory already exists.
[STA-1140] /home/edabk/Desktop/Tu67/MARCO_ultra_9.7_final/Survivor_Memory_Unit/runs/Survivor_Memory_Unit_run/final/lib/max_ss_100C_1v60/Survivor_Memory_Unit__max_ss_100C_1v60.lib line 1, library Survivor_Memory_Unit already exists.
[GRT-0097] No global routing found for nets.
[STA-1140] /home/edabk/Desktop/Tu67/MARCO_ultra_9.7_final/Branch_Metrics/runs/Branch_Metrics_run/final/lib/max_ss_100C_1v60/Branch_Metrics__max_ss_100C_1v60.lib line 1, library Branch_Metrics already exists.
[STA-1140] /home/edabk/Desktop/Tu67/MARCO_ultra_9.7_final/Controller/runs/Controller_run/final/lib/max_ss_100C_1v60/Controller__max_ss_100C_1v60.lib line 1, library Controller already exists.
[STA-1140] /home/edabk/Desktop/Tu67/MARCO_ultra_9.7_final/Path_Metric_Unit/runs/Path_Metric_Unit_run/final/lib/max_ss_100C_1v60/Path_Metric_Unit__max_ss_100C_1v60.lib line 1, library Path_Metric_Unit already exists.
[STA-1140] /home/edabk/Desktop/Tu67/MARCO_ultra_9.7_final/Maximum_Path_Memory/runs/Maximum_Path_Memory_run/final/lib/max_ss_100C_1v60/Maximum_Path_Memory__max_ss_100C_1v60.lib line 1, library Maximum_Path_Memory already exists.
[STA-1140] /home/edabk/Desktop/Tu67/MARCO_ultra_9.7_final/Survivor_Memory_Unit/runs/Survivor_Memory_Unit_run/final/lib/max_ss_100C_1v60/Survivor_Memory_Unit__max_ss_100C_1v60.lib line 1, library Survivor_Memory_Unit already exists.
[STA-1140] /home/edabk/Desktop/Tu67/MARCO_ultra_9.7_final/Branch_Metrics/runs/Branch_Metrics_run/final/lib/max_ss_100C_1v60/Branch_Metrics__max_ss_100C_1v60.lib line 1, library Branch_Metrics already exists.
[STA-1140] /home/edabk/Desktop/Tu67/MARCO_ultra_9.7_final/Controller/runs/Controller_run/final/lib/max_ss_100C_1v60/Controller__max_ss_100C_1v60.lib line 1, library Controller already exists.
[STA-1140] /home/edabk/Desktop/Tu67/MARCO_ultra_9.7_final/Path_Metric_Unit/runs/Path_Metric_Unit_run/final/lib/max_ss_100C_1v60/Path_Metric_Unit__max_ss_100C_1v60.lib line 1, library Path_Metric_Unit already exists.
[STA-1140] /home/edabk/Desktop/Tu67/MARCO_ultra_9.7_final/Maximum_Path_Memory/runs/Maximum_Path_Memory_run/final/lib/max_ss_100C_1v60/Maximum_Path_Memory__max_ss_100C_1v60.lib line 1, library Maximum_Path_Memory already exists.
[STA-1140] /home/edabk/Desktop/Tu67/MARCO_ultra_9.7_final/Survivor_Memory_Unit/runs/Survivor_Memory_Unit_run/final/lib/max_ss_100C_1v60/Survivor_Memory_Unit__max_ss_100C_1v60.lib line 1, library Survivor_Memory_Unit already exists.
[STA-1140] /home/edabk/Desktop/Tu67/MARCO_ultra_9.7_final/Branch_Metrics/runs/Branch_Metrics_run/final/lib/max_ss_100C_1v60/Branch_Metrics__max_ss_100C_1v60.lib line 1, library Branch_Metrics already exists.
[STA-1140] /home/edabk/Desktop/Tu67/MARCO_ultra_9.7_final/Controller/runs/Controller_run/final/lib/max_ss_100C_1v60/Controller__max_ss_100C_1v60.lib line 1, library Controller already exists.
[STA-1140] /home/edabk/Desktop/Tu67/MARCO_ultra_9.7_final/Path_Metric_Unit/runs/Path_Metric_Unit_run/final/lib/max_ss_100C_1v60/Path_Metric_Unit__max_ss_100C_1v60.lib line 1, library Path_Metric_Unit already exists.
[STA-1140] /home/edabk/Desktop/Tu67/MARCO_ultra_9.7_final/Maximum_Path_Memory/runs/Maximum_Path_Memory_run/final/lib/max_ss_100C_1v60/Maximum_Path_Memory__max_ss_100C_1v60.lib line 1, library Maximum_Path_Memory already exists.
[STA-1140] /home/edabk/Desktop/Tu67/MARCO_ultra_9.7_final/Survivor_Memory_Unit/runs/Survivor_Memory_Unit_run/final/lib/max_ss_100C_1v60/Survivor_Memory_Unit__max_ss_100C_1v60.lib line 1, library Survivor_Memory_Unit already exists.
[GRT-0097] No global routing found for nets.
[STA-1140] /home/edabk/Desktop/Tu67/MARCO_ultra_9.7_final/Branch_Metrics/runs/Branch_Metrics_run/final/lib/max_ss_100C_1v60/Branch_Metrics__max_ss_100C_1v60.lib line 1, library Branch_Metrics already exists.
[STA-1140] /home/edabk/Desktop/Tu67/MARCO_ultra_9.7_final/Controller/runs/Controller_run/final/lib/max_ss_100C_1v60/Controller__max_ss_100C_1v60.lib line 1, library Controller already exists.
[STA-1140] /home/edabk/Desktop/Tu67/MARCO_ultra_9.7_final/Path_Metric_Unit/runs/Path_Metric_Unit_run/final/lib/max_ss_100C_1v60/Path_Metric_Unit__max_ss_100C_1v60.lib line 1, library Path_Metric_Unit already exists.
[STA-1140] /home/edabk/Desktop/Tu67/MARCO_ultra_9.7_final/Maximum_Path_Memory/runs/Maximum_Path_Memory_run/final/lib/max_ss_100C_1v60/Maximum_Path_Memory__max_ss_100C_1v60.lib line 1, library Maximum_Path_Memory already exists.
[STA-1140] /home/edabk/Desktop/Tu67/MARCO_ultra_9.7_final/Survivor_Memory_Unit/runs/Survivor_Memory_Unit_run/final/lib/max_ss_100C_1v60/Survivor_Memory_Unit__max_ss_100C_1v60.lib line 1, library Survivor_Memory_Unit already exists.
[STA-1140] /home/edabk/Desktop/Tu67/MARCO_ultra_9.7_final/Branch_Metrics/runs/Branch_Metrics_run/final/lib/max_ss_100C_1v60/Branch_Metrics__max_ss_100C_1v60.lib line 1, library Branch_Metrics already exists.
[STA-1140] /home/edabk/Desktop/Tu67/MARCO_ultra_9.7_final/Controller/runs/Controller_run/final/lib/max_ss_100C_1v60/Controller__max_ss_100C_1v60.lib line 1, library Controller already exists.
[STA-1140] /home/edabk/Desktop/Tu67/MARCO_ultra_9.7_final/Path_Metric_Unit/runs/Path_Metric_Unit_run/final/lib/max_ss_100C_1v60/Path_Metric_Unit__max_ss_100C_1v60.lib line 1, library Path_Metric_Unit already exists.
[STA-1140] /home/edabk/Desktop/Tu67/MARCO_ultra_9.7_final/Maximum_Path_Memory/runs/Maximum_Path_Memory_run/final/lib/max_ss_100C_1v60/Maximum_Path_Memory__max_ss_100C_1v60.lib line 1, library Maximum_Path_Memory already exists.
[STA-1140] /home/edabk/Desktop/Tu67/MARCO_ultra_9.7_final/Survivor_Memory_Unit/runs/Survivor_Memory_Unit_run/final/lib/max_ss_100C_1v60/Survivor_Memory_Unit__max_ss_100C_1v60.lib line 1, library Survivor_Memory_Unit already exists.
'GPL_CELL_PADDING' is set to 0. This step may cause overlap failures.
[STA-1140] /home/edabk/Desktop/Tu67/MARCO_ultra_9.7_final/Branch_Metrics/runs/Branch_Metrics_run/final/lib/max_ss_100C_1v60/Branch_Metrics__max_ss_100C_1v60.lib line 1, library Branch_Metrics already exists.
[STA-1140] /home/edabk/Desktop/Tu67/MARCO_ultra_9.7_final/Controller/runs/Controller_run/final/lib/max_ss_100C_1v60/Controller__max_ss_100C_1v60.lib line 1, library Controller already exists.
[STA-1140] /home/edabk/Desktop/Tu67/MARCO_ultra_9.7_final/Path_Metric_Unit/runs/Path_Metric_Unit_run/final/lib/max_ss_100C_1v60/Path_Metric_Unit__max_ss_100C_1v60.lib line 1, library Path_Metric_Unit already exists.
[STA-1140] /home/edabk/Desktop/Tu67/MARCO_ultra_9.7_final/Maximum_Path_Memory/runs/Maximum_Path_Memory_run/final/lib/max_ss_100C_1v60/Maximum_Path_Memory__max_ss_100C_1v60.lib line 1, library Maximum_Path_Memory already exists.
[STA-1140] /home/edabk/Desktop/Tu67/MARCO_ultra_9.7_final/Survivor_Memory_Unit/runs/Survivor_Memory_Unit_run/final/lib/max_ss_100C_1v60/Survivor_Memory_Unit__max_ss_100C_1v60.lib line 1, library Survivor_Memory_Unit already exists.
[STA-1140] /home/edabk/Desktop/Tu67/MARCO_ultra_9.7_final/Branch_Metrics/runs/Branch_Metrics_run/final/lib/max_ss_100C_1v60/Branch_Metrics__max_ss_100C_1v60.lib line 1, library Branch_Metrics already exists.
[STA-1140] /home/edabk/Desktop/Tu67/MARCO_ultra_9.7_final/Controller/runs/Controller_run/final/lib/max_ss_100C_1v60/Controller__max_ss_100C_1v60.lib line 1, library Controller already exists.
[STA-1140] /home/edabk/Desktop/Tu67/MARCO_ultra_9.7_final/Path_Metric_Unit/runs/Path_Metric_Unit_run/final/lib/max_ss_100C_1v60/Path_Metric_Unit__max_ss_100C_1v60.lib line 1, library Path_Metric_Unit already exists.
[STA-1140] /home/edabk/Desktop/Tu67/MARCO_ultra_9.7_final/Maximum_Path_Memory/runs/Maximum_Path_Memory_run/final/lib/max_ss_100C_1v60/Maximum_Path_Memory__max_ss_100C_1v60.lib line 1, library Maximum_Path_Memory already exists.
[STA-1140] /home/edabk/Desktop/Tu67/MARCO_ultra_9.7_final/Survivor_Memory_Unit/runs/Survivor_Memory_Unit_run/final/lib/max_ss_100C_1v60/Survivor_Memory_Unit__max_ss_100C_1v60.lib line 1, library Survivor_Memory_Unit already exists.
'GPL_CELL_PADDING' is set to 0. This step may cause overlap failures.
[STA-1140] /home/edabk/Desktop/Tu67/MARCO_ultra_9.7_final/Branch_Metrics/runs/Branch_Metrics_run/final/lib/max_ss_100C_1v60/Branch_Metrics__max_ss_100C_1v60.lib line 1, library Branch_Metrics already exists.
[STA-1140] /home/edabk/Desktop/Tu67/MARCO_ultra_9.7_final/Controller/runs/Controller_run/final/lib/max_ss_100C_1v60/Controller__max_ss_100C_1v60.lib line 1, library Controller already exists.
[STA-1140] /home/edabk/Desktop/Tu67/MARCO_ultra_9.7_final/Path_Metric_Unit/runs/Path_Metric_Unit_run/final/lib/max_ss_100C_1v60/Path_Metric_Unit__max_ss_100C_1v60.lib line 1, library Path_Metric_Unit already exists.
[STA-1140] /home/edabk/Desktop/Tu67/MARCO_ultra_9.7_final/Maximum_Path_Memory/runs/Maximum_Path_Memory_run/final/lib/max_ss_100C_1v60/Maximum_Path_Memory__max_ss_100C_1v60.lib line 1, library Maximum_Path_Memory already exists.
[STA-1140] /home/edabk/Desktop/Tu67/MARCO_ultra_9.7_final/Survivor_Memory_Unit/runs/Survivor_Memory_Unit_run/final/lib/max_ss_100C_1v60/Survivor_Memory_Unit__max_ss_100C_1v60.lib line 1, library Survivor_Memory_Unit already exists.
[STA-1140] /home/edabk/Desktop/Tu67/MARCO_ultra_9.7_final/Branch_Metrics/runs/Branch_Metrics_run/final/lib/max_ss_100C_1v60/Branch_Metrics__max_ss_100C_1v60.lib line 1, library Branch_Metrics already exists.
[STA-1140] /home/edabk/Desktop/Tu67/MARCO_ultra_9.7_final/Controller/runs/Controller_run/final/lib/max_ss_100C_1v60/Controller__max_ss_100C_1v60.lib line 1, library Controller already exists.
[STA-1140] /home/edabk/Desktop/Tu67/MARCO_ultra_9.7_final/Path_Metric_Unit/runs/Path_Metric_Unit_run/final/lib/max_ss_100C_1v60/Path_Metric_Unit__max_ss_100C_1v60.lib line 1, library Path_Metric_Unit already exists.
[STA-1140] /home/edabk/Desktop/Tu67/MARCO_ultra_9.7_final/Maximum_Path_Memory/runs/Maximum_Path_Memory_run/final/lib/max_ss_100C_1v60/Maximum_Path_Memory__max_ss_100C_1v60.lib line 1, library Maximum_Path_Memory already exists.
[STA-1140] /home/edabk/Desktop/Tu67/MARCO_ultra_9.7_final/Survivor_Memory_Unit/runs/Survivor_Memory_Unit_run/final/lib/max_ss_100C_1v60/Survivor_Memory_Unit__max_ss_100C_1v60.lib line 1, library Survivor_Memory_Unit already exists.
[STA-1140] /home/edabk/Desktop/Tu67/MARCO_ultra_9.7_final/Branch_Metrics/runs/Branch_Metrics_run/final/lib/max_ss_100C_1v60/Branch_Metrics__max_ss_100C_1v60.lib line 1, library Branch_Metrics already exists.
[STA-1140] /home/edabk/Desktop/Tu67/MARCO_ultra_9.7_final/Controller/runs/Controller_run/final/lib/max_ss_100C_1v60/Controller__max_ss_100C_1v60.lib line 1, library Controller already exists.
[STA-1140] /home/edabk/Desktop/Tu67/MARCO_ultra_9.7_final/Path_Metric_Unit/runs/Path_Metric_Unit_run/final/lib/max_ss_100C_1v60/Path_Metric_Unit__max_ss_100C_1v60.lib line 1, library Path_Metric_Unit already exists.
[STA-1140] /home/edabk/Desktop/Tu67/MARCO_ultra_9.7_final/Maximum_Path_Memory/runs/Maximum_Path_Memory_run/final/lib/max_ss_100C_1v60/Maximum_Path_Memory__max_ss_100C_1v60.lib line 1, library Maximum_Path_Memory already exists.
[STA-1140] /home/edabk/Desktop/Tu67/MARCO_ultra_9.7_final/Survivor_Memory_Unit/runs/Survivor_Memory_Unit_run/final/lib/max_ss_100C_1v60/Survivor_Memory_Unit__max_ss_100C_1v60.lib line 1, library Survivor_Memory_Unit already exists.
[STA-1140] /home/edabk/Desktop/Tu67/MARCO_ultra_9.7_final/Branch_Metrics/runs/Branch_Metrics_run/final/lib/max_ss_100C_1v60/Branch_Metrics__max_ss_100C_1v60.lib line 1, library Branch_Metrics already exists.
[STA-1140] /home/edabk/Desktop/Tu67/MARCO_ultra_9.7_final/Controller/runs/Controller_run/final/lib/max_ss_100C_1v60/Controller__max_ss_100C_1v60.lib line 1, library Controller already exists.
[STA-1140] /home/edabk/Desktop/Tu67/MARCO_ultra_9.7_final/Path_Metric_Unit/runs/Path_Metric_Unit_run/final/lib/max_ss_100C_1v60/Path_Metric_Unit__max_ss_100C_1v60.lib line 1, library Path_Metric_Unit already exists.
[STA-1140] /home/edabk/Desktop/Tu67/MARCO_ultra_9.7_final/Maximum_Path_Memory/runs/Maximum_Path_Memory_run/final/lib/max_ss_100C_1v60/Maximum_Path_Memory__max_ss_100C_1v60.lib line 1, library Maximum_Path_Memory already exists.
[STA-1140] /home/edabk/Desktop/Tu67/MARCO_ultra_9.7_final/Survivor_Memory_Unit/runs/Survivor_Memory_Unit_run/final/lib/max_ss_100C_1v60/Survivor_Memory_Unit__max_ss_100C_1v60.lib line 1, library Survivor_Memory_Unit already exists.
[DRT-0349] LEF58_ENCLOSURE with no CUTCLASS is not supported. Skipping for layer mcon
[DRT-0349] LEF58_ENCLOSURE with no CUTCLASS is not supported. Skipping for layer mcon
[DRT-0349] LEF58_ENCLOSURE with no CUTCLASS is not supported. Skipping for layer via
[DRT-0349] LEF58_ENCLOSURE with no CUTCLASS is not supported. Skipping for layer via
[DRT-0349] LEF58_ENCLOSURE with no CUTCLASS is not supported. Skipping for layer via2
[DRT-0349] LEF58_ENCLOSURE with no CUTCLASS is not supported. Skipping for layer via2
[DRT-0349] LEF58_ENCLOSURE with no CUTCLASS is not supported. Skipping for layer via3
[DRT-0349] LEF58_ENCLOSURE with no CUTCLASS is not supported. Skipping for layer via3
[DRT-0349] LEF58_ENCLOSURE with no CUTCLASS is not supported. Skipping for layer via4
[DRT-0349] LEF58_ENCLOSURE with no CUTCLASS is not supported. Skipping for layer via4
[DRT-0419] No routing tracks pass through the center of Term BMU/bm_00_00[0]
[DRT-0419] No routing tracks pass through the center of Term BMU/bm_00_00[1]
[DRT-0419] No routing tracks pass through the center of Term BMU/bm_00_10[0]
[DRT-0419] No routing tracks pass through the center of Term BMU/bm_00_10[1]
[DRT-0419] No routing tracks pass through the center of Term BMU/bm_01_00[0]
[DRT-0419] No routing tracks pass through the center of Term BMU/bm_01_00[1]
[DRT-0419] No routing tracks pass through the center of Term BMU/bm_01_10[0]
[DRT-0419] No routing tracks pass through the center of Term BMU/bm_01_10[1]
[DRT-0419] No routing tracks pass through the center of Term BMU/bm_10_01[0]
[DRT-0419] No routing tracks pass through the center of Term BMU/bm_10_01[1]
[DRT-0419] No routing tracks pass through the center of Term BMU/bm_10_11[0]
[DRT-0419] No routing tracks pass through the center of Term BMU/bm_10_11[1]
[DRT-0419] No routing tracks pass through the center of Term BMU/bm_11_01[0]
[DRT-0419] No routing tracks pass through the center of Term BMU/bm_11_01[1]
[DRT-0419] No routing tracks pass through the center of Term BMU/bm_11_11[0]
[DRT-0419] No routing tracks pass through the center of Term BMU/bm_11_11[1]
[DRT-0419] No routing tracks pass through the center of Term BMU/received[0]
[DRT-0419] No routing tracks pass through the center of Term BMU/received[1]
[DRT-0419] No routing tracks pass through the center of Term CTRL/clk
[DRT-0419] No routing tracks pass through the center of Term CTRL/clr_me
[DRT-0419] No routing tracks pass through the center of Term CTRL/rst_n
[DRT-0419] No routing tracks pass through the center of Term MPM/prev_00[0]
[DRT-0419] No routing tracks pass through the center of Term MPM/prev_00[1]
[DRT-0419] No routing tracks pass through the center of Term MPM/prev_00[2]
[DRT-0419] No routing tracks pass through the center of Term MPM/prev_00[3]
[DRT-0419] No routing tracks pass through the center of Term MPM/prev_01[0]
[DRT-0419] No routing tracks pass through the center of Term MPM/prev_01[1]
[DRT-0419] No routing tracks pass through the center of Term MPM/prev_01[2]
[DRT-0419] No routing tracks pass through the center of Term MPM/prev_01[3]
[DRT-0419] No routing tracks pass through the center of Term MPM/prev_10[0]
[DRT-0419] No routing tracks pass through the center of Term MPM/prev_10[1]
[DRT-0419] No routing tracks pass through the center of Term MPM/prev_10[2]
[DRT-0419] No routing tracks pass through the center of Term MPM/prev_10[3]
[DRT-0419] No routing tracks pass through the center of Term MPM/prev_11[0]
[DRT-0419] No routing tracks pass through the center of Term MPM/prev_11[1]
[DRT-0419] No routing tracks pass through the center of Term MPM/prev_11[2]
[DRT-0419] No routing tracks pass through the center of Term MPM/prev_11[3]
[DRT-0419] No routing tracks pass through the center of Term MPM/winner_state[0]
[DRT-0419] No routing tracks pass through the center of Term MPM/winner_state[1]
[DRT-0419] No routing tracks pass through the center of Term PMU_Top/bm_00_00[0]
[DRT-0419] No routing tracks pass through the center of Term PMU_Top/bm_00_00[1]
[DRT-0419] No routing tracks pass through the center of Term PMU_Top/bm_00_10[0]
[DRT-0419] No routing tracks pass through the center of Term PMU_Top/bm_00_10[1]
[DRT-0419] No routing tracks pass through the center of Term PMU_Top/bm_01_00[0]
[DRT-0419] No routing tracks pass through the center of Term PMU_Top/bm_01_00[1]
[DRT-0419] No routing tracks pass through the center of Term PMU_Top/bm_01_10[0]
[DRT-0419] No routing tracks pass through the center of Term PMU_Top/bm_01_10[1]
[DRT-0419] No routing tracks pass through the center of Term PMU_Top/bm_10_01[0]
[DRT-0419] No routing tracks pass through the center of Term PMU_Top/bm_10_01[1]
[DRT-0419] No routing tracks pass through the center of Term PMU_Top/bm_10_11[0]
[DRT-0419] No routing tracks pass through the center of Term PMU_Top/bm_10_11[1]
[DRT-0419] No routing tracks pass through the center of Term PMU_Top/bm_11_01[0]
[DRT-0419] No routing tracks pass through the center of Term PMU_Top/bm_11_01[1]
[DRT-0419] No routing tracks pass through the center of Term PMU_Top/bm_11_11[0]
[DRT-0419] No routing tracks pass through the center of Term PMU_Top/bm_11_11[1]
[DRT-0419] No routing tracks pass through the center of Term PMU_Top/clk
[DRT-0419] No routing tracks pass through the center of Term PMU_Top/clr_me
[DRT-0419] No routing tracks pass through the center of Term PMU_Top/current_metric_00[0]
[DRT-0419] No routing tracks pass through the center of Term PMU_Top/current_metric_00[1]
[DRT-0419] No routing tracks pass through the center of Term PMU_Top/current_metric_00[2]
[DRT-0419] No routing tracks pass through the center of Term PMU_Top/current_metric_00[3]
[DRT-0419] No routing tracks pass through the center of Term PMU_Top/current_metric_01[0]
[DRT-0419] No routing tracks pass through the center of Term PMU_Top/current_metric_01[1]
[DRT-0419] No routing tracks pass through the center of Term PMU_Top/current_metric_01[2]
[DRT-0419] No routing tracks pass through the center of Term PMU_Top/current_metric_01[3]
[DRT-0419] No routing tracks pass through the center of Term PMU_Top/current_metric_10[0]
[DRT-0419] No routing tracks pass through the center of Term PMU_Top/current_metric_10[1]
[DRT-0419] No routing tracks pass through the center of Term PMU_Top/current_metric_10[2]
[DRT-0419] No routing tracks pass through the center of Term PMU_Top/current_metric_10[3]
[DRT-0419] No routing tracks pass through the center of Term PMU_Top/current_metric_11[0]
[DRT-0419] No routing tracks pass through the center of Term PMU_Top/current_metric_11[1]
[DRT-0419] No routing tracks pass through the center of Term PMU_Top/current_metric_11[2]
[DRT-0419] No routing tracks pass through the center of Term PMU_Top/current_metric_11[3]
[DRT-0419] No routing tracks pass through the center of Term PMU_Top/rst_n
[DRT-0419] No routing tracks pass through the center of Term PMU_Top/servivor_select_00
[DRT-0419] No routing tracks pass through the center of Term PMU_Top/servivor_select_01
[DRT-0419] No routing tracks pass through the center of Term PMU_Top/servivor_select_10
[DRT-0419] No routing tracks pass through the center of Term PMU_Top/servivor_select_11
[DRT-0419] No routing tracks pass through the center of Term SMU_Top/clk
[DRT-0419] No routing tracks pass through the center of Term SMU_Top/decoded_out[0]
[DRT-0419] No routing tracks pass through the center of Term SMU_Top/decoded_out[1]
[DRT-0419] No routing tracks pass through the center of Term SMU_Top/decoded_out[2]
[DRT-0419] No routing tracks pass through the center of Term SMU_Top/decoded_out[3]
[DRT-0419] No routing tracks pass through the center of Term SMU_Top/decoded_out[4]
[DRT-0419] No routing tracks pass through the center of Term SMU_Top/decoded_out[5]
[DRT-0419] No routing tracks pass through the center of Term SMU_Top/decoded_out[6]
[DRT-0419] No routing tracks pass through the center of Term SMU_Top/decoded_out[7]
[DRT-0419] No routing tracks pass through the center of Term SMU_Top/rst_n
[DRT-0419] No routing tracks pass through the center of Term SMU_Top/survivor_select_00
[DRT-0419] No routing tracks pass through the center of Term SMU_Top/survivor_select_01
[DRT-0419] No routing tracks pass through the center of Term SMU_Top/survivor_select_10
[DRT-0419] No routing tracks pass through the center of Term SMU_Top/survivor_select_11
[DRT-0419] No routing tracks pass through the center of Term SMU_Top/winner_state[0]
[DRT-0419] No routing tracks pass through the center of Term SMU_Top/winner_state[1]
[STA-1140] /home/edabk/Desktop/Tu67/MARCO_ultra_9.7_final/Branch_Metrics/runs/Branch_Metrics_run/final/lib/max_ss_100C_1v60/Branch_Metrics__max_ss_100C_1v60.lib line 1, library Branch_Metrics already exists.
[STA-1140] /home/edabk/Desktop/Tu67/MARCO_ultra_9.7_final/Controller/runs/Controller_run/final/lib/max_ss_100C_1v60/Controller__max_ss_100C_1v60.lib line 1, library Controller already exists.
[STA-1140] /home/edabk/Desktop/Tu67/MARCO_ultra_9.7_final/Path_Metric_Unit/runs/Path_Metric_Unit_run/final/lib/max_ss_100C_1v60/Path_Metric_Unit__max_ss_100C_1v60.lib line 1, library Path_Metric_Unit already exists.
[STA-1140] /home/edabk/Desktop/Tu67/MARCO_ultra_9.7_final/Maximum_Path_Memory/runs/Maximum_Path_Memory_run/final/lib/max_ss_100C_1v60/Maximum_Path_Memory__max_ss_100C_1v60.lib line 1, library Maximum_Path_Memory already exists.
[STA-1140] /home/edabk/Desktop/Tu67/MARCO_ultra_9.7_final/Survivor_Memory_Unit/runs/Survivor_Memory_Unit_run/final/lib/max_ss_100C_1v60/Survivor_Memory_Unit__max_ss_100C_1v60.lib line 1, library Survivor_Memory_Unit already exists.
Threshold for Threshold-surpassing long wires is not set. The checker will be skipped.
[STA-1140] /home/edabk/Desktop/Tu67/MARCO_ultra_9.7_final/Branch_Metrics/runs/Branch_Metrics_run/final/lib/max_ss_100C_1v60/Branch_Metrics__max_ss_100C_1v60.lib line 1, library Branch_Metrics already exists.
[STA-1140] /home/edabk/Desktop/Tu67/MARCO_ultra_9.7_final/Controller/runs/Controller_run/final/lib/max_ss_100C_1v60/Controller__max_ss_100C_1v60.lib line 1, library Controller already exists.
[STA-1140] /home/edabk/Desktop/Tu67/MARCO_ultra_9.7_final/Path_Metric_Unit/runs/Path_Metric_Unit_run/final/lib/max_ss_100C_1v60/Path_Metric_Unit__max_ss_100C_1v60.lib line 1, library Path_Metric_Unit already exists.
[STA-1140] /home/edabk/Desktop/Tu67/MARCO_ultra_9.7_final/Maximum_Path_Memory/runs/Maximum_Path_Memory_run/final/lib/max_ss_100C_1v60/Maximum_Path_Memory__max_ss_100C_1v60.lib line 1, library Maximum_Path_Memory already exists.
[STA-1140] /home/edabk/Desktop/Tu67/MARCO_ultra_9.7_final/Survivor_Memory_Unit/runs/Survivor_Memory_Unit_run/final/lib/max_ss_100C_1v60/Survivor_Memory_Unit__max_ss_100C_1v60.lib line 1, library Survivor_Memory_Unit already exists.
