[WARNING ORD-0039] .openroad ignored with -python
                                Cells by Master                                 
┏━━━━━━━━━━━━━━━━━━━━━━━━━━━━━━━━━━━━━━━━━━━━━━━━━━━━━━━━━━━━━━━━┳━━━━━━━━━━━━━┓
┃ Cell                                                           ┃ Count       ┃
┡━━━━━━━━━━━━━━━━━━━━━━━━━━━━━━━━━━━━━━━━━━━━━━━━━━━━━━━━━━━━━━━━╇━━━━━━━━━━━━━┩
│ sky130_ef_sc_hd__decap_12                                      │ 124         │
│ sky130_fd_sc_hd__and2_1                                        │ 1           │
│ sky130_fd_sc_hd__and2b_1                                       │ 2           │
│ sky130_fd_sc_hd__buf_2                                         │ 16          │
│ sky130_fd_sc_hd__clkbuf_1                                      │ 10          │
│ sky130_fd_sc_hd__clkbuf_2                                      │ 2           │
│ sky130_fd_sc_hd__decap_3                                       │ 61          │
│ sky130_fd_sc_hd__decap_4                                       │ 15          │
│ sky130_fd_sc_hd__decap_6                                       │ 3           │
│ sky130_fd_sc_hd__decap_8                                       │ 8           │
│ sky130_fd_sc_hd__fill_1                                        │ 43          │
│ sky130_fd_sc_hd__fill_2                                        │ 11          │
│ sky130_fd_sc_hd__nor2_1                                        │ 1           │
│ sky130_fd_sc_hd__tapvpwrvgnd_1                                 │ 30          │
│ sky130_fd_sc_hd__xnor2_1                                       │ 1           │
│ sky130_fd_sc_hd__xor2_1                                        │ 1           │
└────────────────────────────────────────────────────────────────┴─────────────┘
                               Cells by Function                                
┏━━━━━━━━━━━━━━━━━━━━━━━━━━━━━━━━━━━━━━━━━━━━━━━━━━━━━━━━━━━━━━━┳━━━━━━━━━━━━━━┓
┃ Cell Function                                                 ┃ Count        ┃
┡━━━━━━━━━━━━━━━━━━━━━━━━━━━━━━━━━━━━━━━━━━━━━━━━━━━━━━━━━━━━━━━╇━━━━━━━━━━━━━━┩
│ sky130_ef_sc_hd__decap                                        │ 124          │
│ sky130_fd_sc_hd__and2                                         │ 1            │
│ sky130_fd_sc_hd__and2b                                        │ 2            │
│ sky130_fd_sc_hd__buf                                          │ 16           │
│ sky130_fd_sc_hd__clkbuf                                       │ 12           │
│ sky130_fd_sc_hd__decap                                        │ 87           │
│ sky130_fd_sc_hd__fill                                         │ 54           │
│ sky130_fd_sc_hd__nor2                                         │ 1            │
│ sky130_fd_sc_hd__tapvpwrvgnd                                  │ 30           │
│ sky130_fd_sc_hd__xnor2                                        │ 1            │
│ sky130_fd_sc_hd__xor2                                         │ 1            │
└───────────────────────────────────────────────────────────────┴──────────────┘
                                  Cells by SCL                                  
┏━━━━━━━━━━━━━━━━━━━━━━━━━━━━━━━━━━━━━━━━━━━━━━━━━━━━━━━┳━━━━━━━━━━━━━━━━━━━━━━┓
┃ SCL                                                   ┃ Count                ┃
┡━━━━━━━━━━━━━━━━━━━━━━━━━━━━━━━━━━━━━━━━━━━━━━━━━━━━━━━╇━━━━━━━━━━━━━━━━━━━━━━┩
│ sky130_ef_sc_hd                                       │ 124                  │
│ sky130_fd_sc_hd                                       │ 205                  │
└───────────────────────────────────────────────────────┴──────────────────────┘
                             Buffers by Cell Master                             
┏━━━━━━━━━━━━━━━━━━━━━━━━━━━━━━━━━━━━━━━━━━━━━━━━━━━━━━━━━━━━━━┳━━━━━━━━━━━━━━━┓
┃ Buffer                                                       ┃ Count         ┃
┡━━━━━━━━━━━━━━━━━━━━━━━━━━━━━━━━━━━━━━━━━━━━━━━━━━━━━━━━━━━━━━╇━━━━━━━━━━━━━━━┩
│ sky130_fd_sc_hd__buf_2                                       │ 16            │
│ sky130_fd_sc_hd__clkbuf_1                                    │ 10            │
│ sky130_fd_sc_hd__clkbuf_2                                    │ 2             │
└──────────────────────────────────────────────────────────────┴───────────────┘
