Clock: clk
Sources: clk 
Generated: no
Virtual: yes
Propagated: no
Period: 100.000000

===========================================================================
report_clock_properties
============================================================================
Clock                   Period          Waveform
----------------------------------------------------
clk                 100.000000    0.000000 50.000000

===========================================================================
report_clock_latency
============================================================================
Clock clk
rise -> rise
    min     max
0.000000 0.000000 source latency
0.305608         network latency _303_/CLK
        0.308219 network latency _299_/CLK
---------------
0.305608 0.308219 latency
        0.002611 skew

fall -> fall
    min     max
0.000000 0.000000 source latency
0.302606         network latency _303_/CLK
        0.305079 network latency _299_/CLK
---------------
0.302606 0.305079 latency
        0.002473 skew



===========================================================================
report_clock_min_period
============================================================================
clk period_min = 2.71 fmax = 368.82
