
===========================================================================
report_checks -path_delay max (Setup)
============================================================================
======================= nom_tt_025C_1v80 Corner ===================================

Startpoint: start (input port clocked by clk)
Endpoint: clr_me (output port clocked by clk)
Path Group: clk
Path Type: max

Fanout         Cap        Slew       Delay        Time   Description
---------------------------------------------------------------------------------------------
                                  0.000000    0.000000   clock clk (rise edge)
                                  0.000000    0.000000   clock network delay (propagated)
                                 20.000000   20.000000 v input external delay
     2    0.007674    0.019419    0.012422   20.012423 v start (in)
                                                         start (net)
                      0.019419    0.000000   20.012423 v _29_/A2 (sky130_fd_sc_hd__a211oi_2)
     1    0.034764    0.626422    0.557913   20.570335 ^ _29_/Y (sky130_fd_sc_hd__a211oi_2)
                                                         clr_me (net)
                      0.626422    0.000298   20.570633 ^ clr_me (out)
                                             20.570633   data arrival time

                                100.000000  100.000000   clock clk (rise edge)
                                  0.000000  100.000000   clock network delay (propagated)
                                 -0.250000   99.750000   clock uncertainty
                                  0.000000   99.750000   clock reconvergence pessimism
                                -20.000000   79.750000   output external delay
                                             79.750000   data required time
---------------------------------------------------------------------------------------------
                                             79.750000   data required time
                                            -20.570633   data arrival time
---------------------------------------------------------------------------------------------
                                             59.179367   slack (MET)


Startpoint: _30_ (rising edge-triggered flip-flop clocked by clk)
Endpoint: frame_done (output port clocked by clk)
Path Group: clk
Path Type: max

Fanout         Cap        Slew       Delay        Time   Description
---------------------------------------------------------------------------------------------
                                  0.000000    0.000000   clock clk (rise edge)
                                  0.000000    0.000000   clock source latency
     6    0.015009    0.073440    0.050001    0.050001 ^ clk (in)
                                                         clk (net)
                      0.073441    0.000000    0.050001 ^ _30_/CLK (sky130_fd_sc_hd__dfrtp_2)
     5    0.014108    0.066215    0.431397    0.481397 v _30_/Q (sky130_fd_sc_hd__dfrtp_2)
                                                         state[0] (net)
                      0.066215    0.000031    0.481428 v _28_/A_N (sky130_fd_sc_hd__and2b_2)
     2    0.045453    0.228215    0.360784    0.842213 ^ _28_/X (sky130_fd_sc_hd__and2b_2)
                                                         frame_done (net)
                      0.228216    0.001012    0.843225 ^ frame_done (out)
                                              0.843225   data arrival time

                                100.000000  100.000000   clock clk (rise edge)
                                  0.000000  100.000000   clock network delay (propagated)
                                 -0.250000   99.750000   clock uncertainty
                                  0.000000   99.750000   clock reconvergence pessimism
                                -20.000000   79.750000   output external delay
                                             79.750000   data required time
---------------------------------------------------------------------------------------------
                                             79.750000   data required time
                                             -0.843225   data arrival time
---------------------------------------------------------------------------------------------
                                             78.906776   slack (MET)


Startpoint: start (input port clocked by clk)
Endpoint: _30_ (rising edge-triggered flip-flop clocked by clk)
Path Group: clk
Path Type: max

Fanout         Cap        Slew       Delay        Time   Description
---------------------------------------------------------------------------------------------
                                  0.000000    0.000000   clock clk (rise edge)
                                  0.000000    0.000000   clock network delay (propagated)
                                 20.000000   20.000000 ^ input external delay
     2    0.008211    0.043453    0.028214   20.028214 ^ start (in)
                                                         start (net)
                      0.043453    0.000000   20.028214 ^ _25_/C_N (sky130_fd_sc_hd__or3b_2)
     1    0.004434    0.083816    0.443041   20.471256 v _25_/X (sky130_fd_sc_hd__or3b_2)
                                                         _12_ (net)
                      0.083816    0.000004   20.471258 v _26_/B1 (sky130_fd_sc_hd__o21ai_2)
     1    0.002195    0.078387    0.060618   20.531878 ^ _26_/Y (sky130_fd_sc_hd__o21ai_2)
                                                         next_state[0] (net)
                      0.078387    0.000002   20.531879 ^ _30_/D (sky130_fd_sc_hd__dfrtp_2)
                                             20.531879   data arrival time

                                100.000000  100.000000   clock clk (rise edge)
                                  0.000000  100.000000   clock source latency
     6    0.015009    0.073440    0.050001  100.049995 ^ clk (in)
                                                         clk (net)
                      0.073441    0.000000  100.049995 ^ _30_/CLK (sky130_fd_sc_hd__dfrtp_2)
                                 -0.250000   99.800003   clock uncertainty
                                  0.000000   99.800003   clock reconvergence pessimism
                                 -0.066911   99.733086   library setup time
                                             99.733086   data required time
---------------------------------------------------------------------------------------------
                                             99.733086   data required time
                                            -20.531879   data arrival time
---------------------------------------------------------------------------------------------
                                             79.201210   slack (MET)


Startpoint: rst_n (input port clocked by clk)
Endpoint: _30_ (recovery check against rising-edge clock clk)
Path Group: asynchronous
Path Type: max

Fanout         Cap        Slew       Delay        Time   Description
---------------------------------------------------------------------------------------------
                                  0.000000    0.000000   clock clk (rise edge)
                                  0.000000    0.000000   clock network delay (propagated)
                                 20.000000   20.000000 ^ input external delay
     6    0.027789    0.130445    0.090028   20.090029 ^ rst_n (in)
                                                         rst_n (net)
                      0.130450    0.000000   20.090029 ^ _30_/RESET_B (sky130_fd_sc_hd__dfrtp_2)
                                             20.090029   data arrival time

                                100.000000  100.000000   clock clk (rise edge)
                                  0.000000  100.000000   clock source latency
     6    0.015009    0.073440    0.050001  100.049995 ^ clk (in)
                                                         clk (net)
                      0.073441    0.000000  100.049995 ^ _30_/CLK (sky130_fd_sc_hd__dfrtp_2)
                                 -0.250000   99.800003   clock uncertainty
                                  0.000000   99.800003   clock reconvergence pessimism
                                  0.202539  100.002541   library recovery time
                                            100.002541   data required time
---------------------------------------------------------------------------------------------
                                            100.002541   data required time
                                            -20.090029   data arrival time
---------------------------------------------------------------------------------------------
                                             79.912514   slack (MET)


Startpoint: rst_n (input port clocked by clk)
Endpoint: _31_ (recovery check against rising-edge clock clk)
Path Group: asynchronous
Path Type: max

Fanout         Cap        Slew       Delay        Time   Description
---------------------------------------------------------------------------------------------
                                  0.000000    0.000000   clock clk (rise edge)
                                  0.000000    0.000000   clock network delay (propagated)
                                 20.000000   20.000000 ^ input external delay
     6    0.027789    0.130445    0.090029   20.090031 ^ rst_n (in)
                                                         rst_n (net)
                      0.130450    0.000000   20.090031 ^ _31_/RESET_B (sky130_fd_sc_hd__dfrtp_2)
                                             20.090031   data arrival time

                                100.000000  100.000000   clock clk (rise edge)
                                  0.000000  100.000000   clock source latency
     6    0.015009    0.073440    0.050001  100.049995 ^ clk (in)
                                                         clk (net)
                      0.073441    0.000000  100.049995 ^ _31_/CLK (sky130_fd_sc_hd__dfrtp_2)
                                 -0.250000   99.800003   clock uncertainty
                                  0.000000   99.800003   clock reconvergence pessimism
                                  0.202539  100.002541   library recovery time
                                            100.002541   data required time
---------------------------------------------------------------------------------------------
                                            100.002541   data required time
                                            -20.090031   data arrival time
---------------------------------------------------------------------------------------------
                                             79.912514   slack (MET)


Startpoint: rst_n (input port clocked by clk)
Endpoint: _32_ (recovery check against rising-edge clock clk)
Path Group: asynchronous
Path Type: max

Fanout         Cap        Slew       Delay        Time   Description
---------------------------------------------------------------------------------------------
                                  0.000000    0.000000   clock clk (rise edge)
                                  0.000000    0.000000   clock network delay (propagated)
                                 20.000000   20.000000 ^ input external delay
     6    0.027789    0.130445    0.090006   20.090006 ^ rst_n (in)
                                                         rst_n (net)
                      0.130449    0.000000   20.090006 ^ _32_/RESET_B (sky130_fd_sc_hd__dfrtp_2)
                                             20.090006   data arrival time

                                100.000000  100.000000   clock clk (rise edge)
                                  0.000000  100.000000   clock source latency
     6    0.015009    0.073440    0.049987  100.049980 ^ clk (in)
                                                         clk (net)
                      0.073441    0.000000  100.049980 ^ _32_/CLK (sky130_fd_sc_hd__dfrtp_2)
                                 -0.250000   99.799988   clock uncertainty
                                  0.000000   99.799988   clock reconvergence pessimism
                                  0.202539  100.002525   library recovery time
                                            100.002525   data required time
---------------------------------------------------------------------------------------------
                                            100.002525   data required time
                                            -20.090006   data arrival time
---------------------------------------------------------------------------------------------
                                             79.912521   slack (MET)


Startpoint: rst_n (input port clocked by clk)
Endpoint: _33_ (recovery check against rising-edge clock clk)
Path Group: asynchronous
Path Type: max

Fanout         Cap        Slew       Delay        Time   Description
---------------------------------------------------------------------------------------------
                                  0.000000    0.000000   clock clk (rise edge)
                                  0.000000    0.000000   clock network delay (propagated)
                                 20.000000   20.000000 ^ input external delay
     6    0.027789    0.130445    0.089933   20.089933 ^ rst_n (in)
                                                         rst_n (net)
                      0.130448    0.000000   20.089933 ^ _33_/RESET_B (sky130_fd_sc_hd__dfrtp_2)
                                             20.089933   data arrival time

                                100.000000  100.000000   clock clk (rise edge)
                                  0.000000  100.000000   clock source latency
     6    0.015009    0.073440    0.049951  100.049950 ^ clk (in)
                                                         clk (net)
                      0.073441    0.000000  100.049950 ^ _33_/CLK (sky130_fd_sc_hd__dfrtp_2)
                                 -0.250000   99.799950   clock uncertainty
                                  0.000000   99.799950   clock reconvergence pessimism
                                  0.202540  100.002487   library recovery time
                                            100.002487   data required time
---------------------------------------------------------------------------------------------
                                            100.002487   data required time
                                            -20.089933   data arrival time
---------------------------------------------------------------------------------------------
                                             79.912552   slack (MET)


Startpoint: rst_n (input port clocked by clk)
Endpoint: _34_ (recovery check against rising-edge clock clk)
Path Group: asynchronous
Path Type: max

Fanout         Cap        Slew       Delay        Time   Description
---------------------------------------------------------------------------------------------
                                  0.000000    0.000000   clock clk (rise edge)
                                  0.000000    0.000000   clock network delay (propagated)
                                 20.000000   20.000000 ^ input external delay
     6    0.027789    0.130445    0.089942   20.089943 ^ rst_n (in)
                                                         rst_n (net)
                      0.130449    0.000000   20.089943 ^ _34_/RESET_B (sky130_fd_sc_hd__dfrtp_2)
                                             20.089943   data arrival time

                                100.000000  100.000000   clock clk (rise edge)
                                  0.000000  100.000000   clock source latency
     6    0.015009    0.073440    0.049951  100.049950 ^ clk (in)
                                                         clk (net)
                      0.073441    0.000000  100.049950 ^ _34_/CLK (sky130_fd_sc_hd__dfrtp_2)
                                 -0.250000   99.799950   clock uncertainty
                                  0.000000   99.799950   clock reconvergence pessimism
                                  0.202540  100.002487   library recovery time
                                            100.002487   data required time
---------------------------------------------------------------------------------------------
                                            100.002487   data required time
                                            -20.089943   data arrival time
---------------------------------------------------------------------------------------------
                                             79.912552   slack (MET)


Startpoint: rst_n (input port clocked by clk)
Endpoint: _35_ (recovery check against rising-edge clock clk)
Path Group: asynchronous
Path Type: max

Fanout         Cap        Slew       Delay        Time   Description
---------------------------------------------------------------------------------------------
                                  0.000000    0.000000   clock clk (rise edge)
                                  0.000000    0.000000   clock network delay (propagated)
                                 20.000000   20.000000 ^ input external delay
     6    0.027789    0.130445    0.089999   20.090000 ^ rst_n (in)
                                                         rst_n (net)
                      0.130449    0.000000   20.090000 ^ _35_/RESET_B (sky130_fd_sc_hd__dfrtp_2)
                                             20.090000   data arrival time

                                100.000000  100.000000   clock clk (rise edge)
                                  0.000000  100.000000   clock source latency
     6    0.015009    0.073440    0.049987  100.049980 ^ clk (in)
                                                         clk (net)
                      0.073441    0.000000  100.049980 ^ _35_/CLK (sky130_fd_sc_hd__dfrtp_2)
                                 -0.250000   99.799988   clock uncertainty
                                  0.000000   99.799988   clock reconvergence pessimism
                                  0.202539  100.002525   library recovery time
                                            100.002525   data required time
---------------------------------------------------------------------------------------------
                                            100.002525   data required time
                                            -20.090000   data arrival time
---------------------------------------------------------------------------------------------
                                             79.912529   slack (MET)


Startpoint: _33_ (rising edge-triggered flip-flop clocked by clk)
Endpoint: _33_ (rising edge-triggered flip-flop clocked by clk)
Path Group: clk
Path Type: max

Fanout         Cap        Slew       Delay        Time   Description
---------------------------------------------------------------------------------------------
                                  0.000000    0.000000   clock clk (rise edge)
                                  0.000000    0.000000   clock source latency
     6    0.015009    0.073440    0.049948    0.049948 ^ clk (in)
                                                         clk (net)
                      0.073441    0.000000    0.049948 ^ _33_/CLK (sky130_fd_sc_hd__dfrtp_2)
     5    0.014909    0.067869    0.433331    0.483280 v _33_/Q (sky130_fd_sc_hd__dfrtp_2)
                                                         sym_cnt[1] (net)
                      0.067869    0.000053    0.483332 v _17_/A (sky130_fd_sc_hd__or2_2)
     1    0.001558    0.049769    0.286927    0.770259 v _17_/X (sky130_fd_sc_hd__or2_2)
                                                         _07_ (net)
                      0.049769    0.000000    0.770260 v _19_/B (sky130_fd_sc_hd__and3_2)
     1    0.002050    0.035610    0.185478    0.955738 v _19_/X (sky130_fd_sc_hd__and3_2)
                                                         _01_ (net)
                      0.035610    0.000000    0.955739 v _33_/D (sky130_fd_sc_hd__dfrtp_2)
                                              0.955739   data arrival time

                                100.000000  100.000000   clock clk (rise edge)
                                  0.000000  100.000000   clock source latency
     6    0.015009    0.073440    0.049951  100.049950 ^ clk (in)
                                                         clk (net)
                      0.073441    0.000000  100.049950 ^ _33_/CLK (sky130_fd_sc_hd__dfrtp_2)
                                 -0.250000   99.799950   clock uncertainty
                                  0.000000   99.799950   clock reconvergence pessimism
                                 -0.104802   99.695145   library setup time
                                             99.695145   data required time
---------------------------------------------------------------------------------------------
                                             99.695145   data required time
                                             -0.955739   data arrival time
---------------------------------------------------------------------------------------------
                                             98.739410   slack (MET)


Startpoint: _32_ (rising edge-triggered flip-flop clocked by clk)
Endpoint: _31_ (rising edge-triggered flip-flop clocked by clk)
Path Group: clk
Path Type: max

Fanout         Cap        Slew       Delay        Time   Description
---------------------------------------------------------------------------------------------
                                  0.000000    0.000000   clock clk (rise edge)
                                  0.000000    0.000000   clock source latency
     6    0.015009    0.073440    0.049989    0.049989 ^ clk (in)
                                                         clk (net)
                      0.073441    0.000000    0.049989 ^ _32_/CLK (sky130_fd_sc_hd__dfrtp_2)
     6    0.018968    0.079057    0.443230    0.493218 v _32_/Q (sky130_fd_sc_hd__dfrtp_2)
                                                         sym_cnt[0] (net)
                      0.079057    0.000015    0.493234 v _24_/D (sky130_fd_sc_hd__and4b_2)
     2    0.007244    0.052882    0.263055    0.756289 v _24_/X (sky130_fd_sc_hd__and4b_2)
                                                         _11_ (net)
                      0.052882    0.000043    0.756332 v _27_/B (sky130_fd_sc_hd__and2_2)
     1    0.002052    0.034846    0.182220    0.938552 v _27_/X (sky130_fd_sc_hd__and2_2)
                                                         next_state[1] (net)
                      0.034846    0.000000    0.938553 v _31_/D (sky130_fd_sc_hd__dfrtp_2)
                                              0.938553   data arrival time

                                100.000000  100.000000   clock clk (rise edge)
                                  0.000000  100.000000   clock source latency
     6    0.015009    0.073440    0.050001  100.049995 ^ clk (in)
                                                         clk (net)
                      0.073441    0.000000  100.049995 ^ _31_/CLK (sky130_fd_sc_hd__dfrtp_2)
                                 -0.250000   99.800003   clock uncertainty
                                  0.000000   99.800003   clock reconvergence pessimism
                                 -0.104467   99.695534   library setup time
                                             99.695534   data required time
---------------------------------------------------------------------------------------------
                                             99.695534   data required time
                                             -0.938553   data arrival time
---------------------------------------------------------------------------------------------
                                             98.756981   slack (MET)


Startpoint: _30_ (rising edge-triggered flip-flop clocked by clk)
Endpoint: _35_ (rising edge-triggered flip-flop clocked by clk)
Path Group: clk
Path Type: max

Fanout         Cap        Slew       Delay        Time   Description
---------------------------------------------------------------------------------------------
                                  0.000000    0.000000   clock clk (rise edge)
                                  0.000000    0.000000   clock source latency
     6    0.015009    0.073440    0.050001    0.050001 ^ clk (in)
                                                         clk (net)
                      0.073441    0.000000    0.050001 ^ _30_/CLK (sky130_fd_sc_hd__dfrtp_2)
     5    0.014108    0.066215    0.431397    0.481397 v _30_/Q (sky130_fd_sc_hd__dfrtp_2)
                                                         state[0] (net)
                      0.066215    0.000023    0.481420 v _14_/B (sky130_fd_sc_hd__and2b_2)
     5    0.011818    0.058978    0.225944    0.707364 v _14_/X (sky130_fd_sc_hd__and2b_2)
                                                         _05_ (net)
                      0.058978    0.000018    0.707381 v _23_/B (sky130_fd_sc_hd__and3_2)
     1    0.002574    0.037319    0.192168    0.899549 v _23_/X (sky130_fd_sc_hd__and3_2)
                                                         _03_ (net)
                      0.037319    0.000006    0.899555 v _35_/D (sky130_fd_sc_hd__dfrtp_2)
                                              0.899555   data arrival time

                                100.000000  100.000000   clock clk (rise edge)
                                  0.000000  100.000000   clock source latency
     6    0.015009    0.073440    0.049987  100.049980 ^ clk (in)
                                                         clk (net)
                      0.073441    0.000000  100.049980 ^ _35_/CLK (sky130_fd_sc_hd__dfrtp_2)
                                 -0.250000   99.799988   clock uncertainty
                                  0.000000   99.799988   clock reconvergence pessimism
                                 -0.105551   99.694435   library setup time
                                             99.694435   data required time
---------------------------------------------------------------------------------------------
                                             99.694435   data required time
                                             -0.899555   data arrival time
---------------------------------------------------------------------------------------------
                                             98.794884   slack (MET)


Startpoint: _32_ (rising edge-triggered flip-flop clocked by clk)
Endpoint: _34_ (rising edge-triggered flip-flop clocked by clk)
Path Group: clk
Path Type: max

Fanout         Cap        Slew       Delay        Time   Description
---------------------------------------------------------------------------------------------
                                  0.000000    0.000000   clock clk (rise edge)
                                  0.000000    0.000000   clock source latency
     6    0.015009    0.073440    0.049989    0.049989 ^ clk (in)
                                                         clk (net)
                      0.073441    0.000000    0.049989 ^ _32_/CLK (sky130_fd_sc_hd__dfrtp_2)
     6    0.018968    0.079057    0.443230    0.493218 v _32_/Q (sky130_fd_sc_hd__dfrtp_2)
                                                         sym_cnt[0] (net)
                      0.079057    0.000019    0.493237 v _20_/A2 (sky130_fd_sc_hd__a21o_2)
     1    0.001563    0.030204    0.209881    0.703118 v _20_/X (sky130_fd_sc_hd__a21o_2)
                                                         _09_ (net)
                      0.030204    0.000000    0.703119 v _22_/B (sky130_fd_sc_hd__and3_2)
     1    0.002060    0.035615    0.176898    0.880017 v _22_/X (sky130_fd_sc_hd__and3_2)
                                                         _02_ (net)
                      0.035615    0.000001    0.880018 v _34_/D (sky130_fd_sc_hd__dfrtp_2)
                                              0.880018   data arrival time

                                100.000000  100.000000   clock clk (rise edge)
                                  0.000000  100.000000   clock source latency
     6    0.015009    0.073440    0.049951  100.049950 ^ clk (in)
                                                         clk (net)
                      0.073441    0.000000  100.049950 ^ _34_/CLK (sky130_fd_sc_hd__dfrtp_2)
                                 -0.250000   99.799950   clock uncertainty
                                  0.000000   99.799950   clock reconvergence pessimism
                                 -0.104804   99.695145   library setup time
                                             99.695145   data required time
---------------------------------------------------------------------------------------------
                                             99.695145   data required time
                                             -0.880018   data arrival time
---------------------------------------------------------------------------------------------
                                             98.815125   slack (MET)


Startpoint: _31_ (rising edge-triggered flip-flop clocked by clk)
Endpoint: _32_ (rising edge-triggered flip-flop clocked by clk)
Path Group: clk
Path Type: max

Fanout         Cap        Slew       Delay        Time   Description
---------------------------------------------------------------------------------------------
                                  0.000000    0.000000   clock clk (rise edge)
                                  0.000000    0.000000   clock source latency
     6    0.015009    0.073440    0.050001    0.050001 ^ clk (in)
                                                         clk (net)
                      0.073441    0.000000    0.050001 ^ _31_/CLK (sky130_fd_sc_hd__dfrtp_2)
     4    0.006529    0.050053    0.405138    0.455139 v _31_/Q (sky130_fd_sc_hd__dfrtp_2)
                                                         state[1] (net)
                      0.050053    0.000013    0.455153 v _15_/A_N (sky130_fd_sc_hd__nand2b_2)
     2    0.009494    0.065317    0.193595    0.648748 v _15_/Y (sky130_fd_sc_hd__nand2b_2)
                                                         _06_ (net)
                      0.065317    0.000009    0.648757 v _16_/B (sky130_fd_sc_hd__nor2_2)
     1    0.002060    0.055717    0.071252    0.720009 ^ _16_/Y (sky130_fd_sc_hd__nor2_2)
                                                         _00_ (net)
                      0.055717    0.000000    0.720009 ^ _32_/D (sky130_fd_sc_hd__dfrtp_2)
                                              0.720009   data arrival time

                                100.000000  100.000000   clock clk (rise edge)
                                  0.000000  100.000000   clock source latency
     6    0.015009    0.073440    0.049987  100.049980 ^ clk (in)
                                                         clk (net)
                      0.073441    0.000000  100.049980 ^ _32_/CLK (sky130_fd_sc_hd__dfrtp_2)
                                 -0.250000   99.799988   clock uncertainty
                                  0.000000   99.799988   clock reconvergence pessimism
                                 -0.061647   99.738342   library setup time
                                             99.738342   data required time
---------------------------------------------------------------------------------------------
                                             99.738342   data required time
                                             -0.720009   data arrival time
---------------------------------------------------------------------------------------------
                                             99.018333   slack (MET)



