
===========================================================================
report_checks -path_delay min (Hold)
============================================================================
======================= nom_tt_025C_1v80 Corner ===================================

Startpoint: _32_ (rising edge-triggered flip-flop clocked by clk)
Endpoint: _32_ (rising edge-triggered flip-flop clocked by clk)
Path Group: clk
Path Type: min

Fanout         Cap        Slew       Delay        Time   Description
---------------------------------------------------------------------------------------------
                                  0.000000    0.000000   clock clk (rise edge)
                                  0.000000    0.000000   clock source latency
     6    0.015009    0.073440    0.049989    0.049989 ^ clk (in)
                                                         clk (net)
                      0.073441    0.000000    0.049989 ^ _32_/CLK (sky130_fd_sc_hd__dfrtp_2)
     6    0.020574    0.116171    0.413075    0.463064 ^ _32_/Q (sky130_fd_sc_hd__dfrtp_2)
                                                         sym_cnt[0] (net)
                      0.116171    0.000018    0.463082 ^ _16_/A (sky130_fd_sc_hd__nor2_2)
     1    0.002004    0.020005    0.047909    0.510991 v _16_/Y (sky130_fd_sc_hd__nor2_2)
                                                         _00_ (net)
                      0.020005    0.000000    0.510992 v _32_/D (sky130_fd_sc_hd__dfrtp_2)
                                              0.510992   data arrival time

                                  0.000000    0.000000   clock clk (rise edge)
                                  0.000000    0.000000   clock source latency
     6    0.015009    0.073440    0.049989    0.049989 ^ clk (in)
                                                         clk (net)
                      0.073441    0.000000    0.049989 ^ _32_/CLK (sky130_fd_sc_hd__dfrtp_2)
                                  0.250000    0.299989   clock uncertainty
                                  0.000000    0.299989   clock reconvergence pessimism
                                 -0.025453    0.274535   library hold time
                                              0.274535   data required time
---------------------------------------------------------------------------------------------
                                              0.274535   data required time
                                             -0.510992   data arrival time
---------------------------------------------------------------------------------------------
                                              0.236456   slack (MET)


Startpoint: _35_ (rising edge-triggered flip-flop clocked by clk)
Endpoint: _35_ (rising edge-triggered flip-flop clocked by clk)
Path Group: clk
Path Type: min

Fanout         Cap        Slew       Delay        Time   Description
---------------------------------------------------------------------------------------------
                                  0.000000    0.000000   clock clk (rise edge)
                                  0.000000    0.000000   clock source latency
     6    0.015009    0.073440    0.049985    0.049985 ^ clk (in)
                                                         clk (net)
                      0.073441    0.000000    0.049985 ^ _35_/CLK (sky130_fd_sc_hd__dfrtp_2)
     2    0.003265    0.041501    0.343767    0.393752 ^ _35_/Q (sky130_fd_sc_hd__dfrtp_2)
                                                         sym_cnt[3] (net)
                      0.041501    0.000002    0.393754 ^ _23_/A (sky130_fd_sc_hd__and3_2)
     1    0.002630    0.042258    0.150657    0.544412 ^ _23_/X (sky130_fd_sc_hd__and3_2)
                                                         _03_ (net)
                      0.042258    0.000006    0.544418 ^ _35_/D (sky130_fd_sc_hd__dfrtp_2)
                                              0.544418   data arrival time

                                  0.000000    0.000000   clock clk (rise edge)
                                  0.000000    0.000000   clock source latency
     6    0.015009    0.073440    0.049985    0.049985 ^ clk (in)
                                                         clk (net)
                      0.073441    0.000000    0.049985 ^ _35_/CLK (sky130_fd_sc_hd__dfrtp_2)
                                  0.250000    0.299985   clock uncertainty
                                  0.000000    0.299985   clock reconvergence pessimism
                                 -0.030225    0.269760   library hold time
                                              0.269760   data required time
---------------------------------------------------------------------------------------------
                                              0.269760   data required time
                                             -0.544418   data arrival time
---------------------------------------------------------------------------------------------
                                              0.274658   slack (MET)


Startpoint: _31_ (rising edge-triggered flip-flop clocked by clk)
Endpoint: _30_ (rising edge-triggered flip-flop clocked by clk)
Path Group: clk
Path Type: min

Fanout         Cap        Slew       Delay        Time   Description
---------------------------------------------------------------------------------------------
                                  0.000000    0.000000   clock clk (rise edge)
                                  0.000000    0.000000   clock source latency
     6    0.015009    0.073440    0.050001    0.050001 ^ clk (in)
                                                         clk (net)
                      0.073441    0.000000    0.050001 ^ _31_/CLK (sky130_fd_sc_hd__dfrtp_2)
     4    0.007061    0.058231    0.361773    0.411774 ^ _31_/Q (sky130_fd_sc_hd__dfrtp_2)
                                                         state[1] (net)
                      0.058231    0.000016    0.411790 ^ _25_/A (sky130_fd_sc_hd__or3b_2)
     1    0.004719    0.041826    0.114941    0.526731 ^ _25_/X (sky130_fd_sc_hd__or3b_2)
                                                         _12_ (net)
                      0.041826    0.000004    0.526735 ^ _26_/B1 (sky130_fd_sc_hd__o21ai_2)
     1    0.002139    0.023354    0.040321    0.567056 v _26_/Y (sky130_fd_sc_hd__o21ai_2)
                                                         next_state[0] (net)
                      0.023354    0.000002    0.567058 v _30_/D (sky130_fd_sc_hd__dfrtp_2)
                                              0.567058   data arrival time

                                  0.000000    0.000000   clock clk (rise edge)
                                  0.000000    0.000000   clock source latency
     6    0.015009    0.073440    0.050001    0.050001 ^ clk (in)
                                                         clk (net)
                      0.073441    0.000000    0.050001 ^ _30_/CLK (sky130_fd_sc_hd__dfrtp_2)
                                  0.250000    0.300001   clock uncertainty
                                  0.000000    0.300001   clock reconvergence pessimism
                                 -0.026816    0.273184   library hold time
                                              0.273184   data required time
---------------------------------------------------------------------------------------------
                                              0.273184   data required time
                                             -0.567058   data arrival time
---------------------------------------------------------------------------------------------
                                              0.293874   slack (MET)


Startpoint: _34_ (rising edge-triggered flip-flop clocked by clk)
Endpoint: _34_ (rising edge-triggered flip-flop clocked by clk)
Path Group: clk
Path Type: min

Fanout         Cap        Slew       Delay        Time   Description
---------------------------------------------------------------------------------------------
                                  0.000000    0.000000   clock clk (rise edge)
                                  0.000000    0.000000   clock source latency
     6    0.015009    0.073440    0.049953    0.049953 ^ clk (in)
                                                         clk (net)
                      0.073441    0.000000    0.049953 ^ _34_/CLK (sky130_fd_sc_hd__dfrtp_2)
     3    0.009801    0.069890    0.373563    0.423516 ^ _34_/Q (sky130_fd_sc_hd__dfrtp_2)
                                                         sym_cnt[2] (net)
                      0.069890    0.000029    0.423545 ^ _20_/B1 (sky130_fd_sc_hd__a21o_2)
     1    0.001623    0.021972    0.082432    0.505977 ^ _20_/X (sky130_fd_sc_hd__a21o_2)
                                                         _09_ (net)
                      0.021972    0.000000    0.505978 ^ _22_/B (sky130_fd_sc_hd__and3_2)
     1    0.002116    0.039515    0.148353    0.654331 ^ _22_/X (sky130_fd_sc_hd__and3_2)
                                                         _02_ (net)
                      0.039515    0.000001    0.654333 ^ _34_/D (sky130_fd_sc_hd__dfrtp_2)
                                              0.654333   data arrival time

                                  0.000000    0.000000   clock clk (rise edge)
                                  0.000000    0.000000   clock source latency
     6    0.015009    0.073440    0.049953    0.049953 ^ clk (in)
                                                         clk (net)
                      0.073441    0.000000    0.049953 ^ _34_/CLK (sky130_fd_sc_hd__dfrtp_2)
                                  0.250000    0.299953   clock uncertainty
                                  0.000000    0.299953   clock reconvergence pessimism
                                 -0.029659    0.270295   library hold time
                                              0.270295   data required time
---------------------------------------------------------------------------------------------
                                              0.270295   data required time
                                             -0.654333   data arrival time
---------------------------------------------------------------------------------------------
                                              0.384038   slack (MET)


Startpoint: _33_ (rising edge-triggered flip-flop clocked by clk)
Endpoint: _33_ (rising edge-triggered flip-flop clocked by clk)
Path Group: clk
Path Type: min

Fanout         Cap        Slew       Delay        Time   Description
---------------------------------------------------------------------------------------------
                                  0.000000    0.000000   clock clk (rise edge)
                                  0.000000    0.000000   clock source latency
     6    0.015009    0.073440    0.049948    0.049948 ^ clk (in)
                                                         clk (net)
                      0.073441    0.000000    0.049948 ^ _33_/CLK (sky130_fd_sc_hd__dfrtp_2)
     5    0.015719    0.092213    0.396369    0.446317 ^ _33_/Q (sky130_fd_sc_hd__dfrtp_2)
                                                         sym_cnt[1] (net)
                      0.092213    0.000053    0.446370 ^ _18_/A (sky130_fd_sc_hd__nand2_2)
     1    0.001605    0.027890    0.041093    0.487463 v _18_/Y (sky130_fd_sc_hd__nand2_2)
                                                         _08_ (net)
                      0.027890    0.000001    0.487465 v _19_/C (sky130_fd_sc_hd__and3_2)
     1    0.002050    0.032111    0.189891    0.677355 v _19_/X (sky130_fd_sc_hd__and3_2)
                                                         _01_ (net)
                      0.032111    0.000000    0.677356 v _33_/D (sky130_fd_sc_hd__dfrtp_2)
                                              0.677356   data arrival time

                                  0.000000    0.000000   clock clk (rise edge)
                                  0.000000    0.000000   clock source latency
     6    0.015009    0.073440    0.049948    0.049948 ^ clk (in)
                                                         clk (net)
                      0.073441    0.000000    0.049948 ^ _33_/CLK (sky130_fd_sc_hd__dfrtp_2)
                                  0.250000    0.299948   clock uncertainty
                                  0.000000    0.299948   clock reconvergence pessimism
                                 -0.030380    0.269568   library hold time
                                              0.269568   data required time
---------------------------------------------------------------------------------------------
                                              0.269568   data required time
                                             -0.677356   data arrival time
---------------------------------------------------------------------------------------------
                                              0.407788   slack (MET)


Startpoint: _30_ (rising edge-triggered flip-flop clocked by clk)
Endpoint: _31_ (rising edge-triggered flip-flop clocked by clk)
Path Group: clk
Path Type: min

Fanout         Cap        Slew       Delay        Time   Description
---------------------------------------------------------------------------------------------
                                  0.000000    0.000000   clock clk (rise edge)
                                  0.000000    0.000000   clock source latency
     6    0.015009    0.073440    0.050001    0.050001 ^ clk (in)
                                                         clk (net)
                      0.073441    0.000000    0.050001 ^ _30_/CLK (sky130_fd_sc_hd__dfrtp_2)
     5    0.015304    0.093454    0.394977    0.444977 ^ _30_/Q (sky130_fd_sc_hd__dfrtp_2)
                                                         state[0] (net)
                      0.093454    0.000024    0.445002 ^ _14_/B (sky130_fd_sc_hd__and2b_2)
     5    0.012631    0.079641    0.183778    0.628780 ^ _14_/X (sky130_fd_sc_hd__and2b_2)
                                                         _05_ (net)
                      0.079641    0.000017    0.628797 ^ _27_/A (sky130_fd_sc_hd__and2_2)
     1    0.002108    0.034364    0.131815    0.760612 ^ _27_/X (sky130_fd_sc_hd__and2_2)
                                                         next_state[1] (net)
                      0.034364    0.000001    0.760613 ^ _31_/D (sky130_fd_sc_hd__dfrtp_2)
                                              0.760613   data arrival time

                                  0.000000    0.000000   clock clk (rise edge)
                                  0.000000    0.000000   clock source latency
     6    0.015009    0.073440    0.050001    0.050001 ^ clk (in)
                                                         clk (net)
                      0.073441    0.000000    0.050001 ^ _31_/CLK (sky130_fd_sc_hd__dfrtp_2)
                                  0.250000    0.300001   clock uncertainty
                                  0.000000    0.300001   clock reconvergence pessimism
                                 -0.028596    0.271406   library hold time
                                              0.271406   data required time
---------------------------------------------------------------------------------------------
                                              0.271406   data required time
                                             -0.760613   data arrival time
---------------------------------------------------------------------------------------------
                                              0.489208   slack (MET)


Startpoint: rst_n (input port clocked by clk)
Endpoint: _33_ (removal check against rising-edge clock clk)
Path Group: asynchronous
Path Type: min

Fanout         Cap        Slew       Delay        Time   Description
---------------------------------------------------------------------------------------------
                                  0.000000    0.000000   clock clk (rise edge)
                                  0.000000    0.000000   clock network delay (propagated)
                                 20.000000   20.000000 ^ input external delay
     6    0.027789    0.130445    0.089933   20.089933 ^ rst_n (in)
                                                         rst_n (net)
                      0.130448    0.000000   20.089933 ^ _33_/RESET_B (sky130_fd_sc_hd__dfrtp_2)
                                             20.089933   data arrival time

                                  0.000000    0.000000   clock clk (rise edge)
                                  0.000000    0.000000   clock source latency
     6    0.015009    0.073440    0.049948    0.049948 ^ clk (in)
                                                         clk (net)
                      0.073441    0.000000    0.049948 ^ _33_/CLK (sky130_fd_sc_hd__dfrtp_2)
                                  0.250000    0.299948   clock uncertainty
                                  0.000000    0.299948   clock reconvergence pessimism
                                  0.351356    0.651304   library removal time
                                              0.651304   data required time
---------------------------------------------------------------------------------------------
                                              0.651304   data required time
                                            -20.089933   data arrival time
---------------------------------------------------------------------------------------------
                                             19.438631   slack (MET)


Startpoint: rst_n (input port clocked by clk)
Endpoint: _34_ (removal check against rising-edge clock clk)
Path Group: asynchronous
Path Type: min

Fanout         Cap        Slew       Delay        Time   Description
---------------------------------------------------------------------------------------------
                                  0.000000    0.000000   clock clk (rise edge)
                                  0.000000    0.000000   clock network delay (propagated)
                                 20.000000   20.000000 ^ input external delay
     6    0.027789    0.130445    0.089942   20.089943 ^ rst_n (in)
                                                         rst_n (net)
                      0.130449    0.000000   20.089943 ^ _34_/RESET_B (sky130_fd_sc_hd__dfrtp_2)
                                             20.089943   data arrival time

                                  0.000000    0.000000   clock clk (rise edge)
                                  0.000000    0.000000   clock source latency
     6    0.015009    0.073440    0.049953    0.049953 ^ clk (in)
                                                         clk (net)
                      0.073441    0.000000    0.049953 ^ _34_/CLK (sky130_fd_sc_hd__dfrtp_2)
                                  0.250000    0.299953   clock uncertainty
                                  0.000000    0.299953   clock reconvergence pessimism
                                  0.351356    0.651309   library removal time
                                              0.651309   data required time
---------------------------------------------------------------------------------------------
                                              0.651309   data required time
                                            -20.089943   data arrival time
---------------------------------------------------------------------------------------------
                                             19.438635   slack (MET)


Startpoint: rst_n (input port clocked by clk)
Endpoint: _30_ (removal check against rising-edge clock clk)
Path Group: asynchronous
Path Type: min

Fanout         Cap        Slew       Delay        Time   Description
---------------------------------------------------------------------------------------------
                                  0.000000    0.000000   clock clk (rise edge)
                                  0.000000    0.000000   clock network delay (propagated)
                                 20.000000   20.000000 ^ input external delay
     6    0.027789    0.130445    0.090028   20.090029 ^ rst_n (in)
                                                         rst_n (net)
                      0.130450    0.000000   20.090029 ^ _30_/RESET_B (sky130_fd_sc_hd__dfrtp_2)
                                             20.090029   data arrival time

                                  0.000000    0.000000   clock clk (rise edge)
                                  0.000000    0.000000   clock source latency
     6    0.015009    0.073440    0.050001    0.050001 ^ clk (in)
                                                         clk (net)
                      0.073441    0.000000    0.050001 ^ _30_/CLK (sky130_fd_sc_hd__dfrtp_2)
                                  0.250000    0.300001   clock uncertainty
                                  0.000000    0.300001   clock reconvergence pessimism
                                  0.351356    0.651356   library removal time
                                              0.651356   data required time
---------------------------------------------------------------------------------------------
                                              0.651356   data required time
                                            -20.090029   data arrival time
---------------------------------------------------------------------------------------------
                                             19.438671   slack (MET)


Startpoint: rst_n (input port clocked by clk)
Endpoint: _31_ (removal check against rising-edge clock clk)
Path Group: asynchronous
Path Type: min

Fanout         Cap        Slew       Delay        Time   Description
---------------------------------------------------------------------------------------------
                                  0.000000    0.000000   clock clk (rise edge)
                                  0.000000    0.000000   clock network delay (propagated)
                                 20.000000   20.000000 ^ input external delay
     6    0.027789    0.130445    0.090029   20.090031 ^ rst_n (in)
                                                         rst_n (net)
                      0.130450    0.000000   20.090031 ^ _31_/RESET_B (sky130_fd_sc_hd__dfrtp_2)
                                             20.090031   data arrival time

                                  0.000000    0.000000   clock clk (rise edge)
                                  0.000000    0.000000   clock source latency
     6    0.015009    0.073440    0.050001    0.050001 ^ clk (in)
                                                         clk (net)
                      0.073441    0.000000    0.050001 ^ _31_/CLK (sky130_fd_sc_hd__dfrtp_2)
                                  0.250000    0.300001   clock uncertainty
                                  0.000000    0.300001   clock reconvergence pessimism
                                  0.351356    0.651357   library removal time
                                              0.651357   data required time
---------------------------------------------------------------------------------------------
                                              0.651357   data required time
                                            -20.090031   data arrival time
---------------------------------------------------------------------------------------------
                                             19.438671   slack (MET)


Startpoint: rst_n (input port clocked by clk)
Endpoint: _32_ (removal check against rising-edge clock clk)
Path Group: asynchronous
Path Type: min

Fanout         Cap        Slew       Delay        Time   Description
---------------------------------------------------------------------------------------------
                                  0.000000    0.000000   clock clk (rise edge)
                                  0.000000    0.000000   clock network delay (propagated)
                                 20.000000   20.000000 ^ input external delay
     6    0.027789    0.130445    0.090006   20.090006 ^ rst_n (in)
                                                         rst_n (net)
                      0.130449    0.000000   20.090006 ^ _32_/RESET_B (sky130_fd_sc_hd__dfrtp_2)
                                             20.090006   data arrival time

                                  0.000000    0.000000   clock clk (rise edge)
                                  0.000000    0.000000   clock source latency
     6    0.015009    0.073440    0.049989    0.049989 ^ clk (in)
                                                         clk (net)
                      0.073441    0.000000    0.049989 ^ _32_/CLK (sky130_fd_sc_hd__dfrtp_2)
                                  0.250000    0.299989   clock uncertainty
                                  0.000000    0.299989   clock reconvergence pessimism
                                  0.351356    0.651344   library removal time
                                              0.651344   data required time
---------------------------------------------------------------------------------------------
                                              0.651344   data required time
                                            -20.090006   data arrival time
---------------------------------------------------------------------------------------------
                                             19.438663   slack (MET)


Startpoint: rst_n (input port clocked by clk)
Endpoint: _35_ (removal check against rising-edge clock clk)
Path Group: asynchronous
Path Type: min

Fanout         Cap        Slew       Delay        Time   Description
---------------------------------------------------------------------------------------------
                                  0.000000    0.000000   clock clk (rise edge)
                                  0.000000    0.000000   clock network delay (propagated)
                                 20.000000   20.000000 ^ input external delay
     6    0.027789    0.130445    0.089999   20.090000 ^ rst_n (in)
                                                         rst_n (net)
                      0.130449    0.000000   20.090000 ^ _35_/RESET_B (sky130_fd_sc_hd__dfrtp_2)
                                             20.090000   data arrival time

                                  0.000000    0.000000   clock clk (rise edge)
                                  0.000000    0.000000   clock source latency
     6    0.015009    0.073440    0.049985    0.049985 ^ clk (in)
                                                         clk (net)
                      0.073441    0.000000    0.049985 ^ _35_/CLK (sky130_fd_sc_hd__dfrtp_2)
                                  0.250000    0.299985   clock uncertainty
                                  0.000000    0.299985   clock reconvergence pessimism
                                  0.351356    0.651341   library removal time
                                              0.651341   data required time
---------------------------------------------------------------------------------------------
                                              0.651341   data required time
                                            -20.090000   data arrival time
---------------------------------------------------------------------------------------------
                                             19.438660   slack (MET)


Startpoint: _30_ (rising edge-triggered flip-flop clocked by clk)
Endpoint: clr_me (output port clocked by clk)
Path Group: clk
Path Type: min

Fanout         Cap        Slew       Delay        Time   Description
---------------------------------------------------------------------------------------------
                                  0.000000    0.000000   clock clk (rise edge)
                                  0.000000    0.000000   clock source latency
     6    0.015009    0.073440    0.050001    0.050001 ^ clk (in)
                                                         clk (net)
                      0.073441    0.000000    0.050001 ^ _30_/CLK (sky130_fd_sc_hd__dfrtp_2)
     5    0.014108    0.066215    0.431397    0.481397 v _30_/Q (sky130_fd_sc_hd__dfrtp_2)
                                                         state[0] (net)
                      0.066215    0.000038    0.481436 v _13_/A (sky130_fd_sc_hd__inv_2)
     1    0.004686    0.034040    0.055231    0.536667 ^ _13_/Y (sky130_fd_sc_hd__inv_2)
                                                         _04_ (net)
                      0.034040    0.000004    0.536670 ^ _29_/A1 (sky130_fd_sc_hd__a211oi_2)
     1    0.034764    0.095155    0.143937    0.680607 v _29_/Y (sky130_fd_sc_hd__a211oi_2)
                                                         clr_me (net)
                      0.095157    0.000299    0.680906 v clr_me (out)
                                              0.680906   data arrival time

                                  0.000000    0.000000   clock clk (rise edge)
                                  0.000000    0.000000   clock network delay (propagated)
                                  0.250000    0.250000   clock uncertainty
                                  0.000000    0.250000   clock reconvergence pessimism
                                -20.000000  -19.750002   output external delay
                                            -19.750002   data required time
---------------------------------------------------------------------------------------------
                                            -19.750002   data required time
                                             -0.680906   data arrival time
---------------------------------------------------------------------------------------------
                                             20.430908   slack (MET)


Startpoint: _31_ (rising edge-triggered flip-flop clocked by clk)
Endpoint: frame_done (output port clocked by clk)
Path Group: clk
Path Type: min

Fanout         Cap        Slew       Delay        Time   Description
---------------------------------------------------------------------------------------------
                                  0.000000    0.000000   clock clk (rise edge)
                                  0.000000    0.000000   clock source latency
     6    0.015009    0.073440    0.050001    0.050001 ^ clk (in)
                                                         clk (net)
                      0.073441    0.000000    0.050001 ^ _31_/CLK (sky130_fd_sc_hd__dfrtp_2)
     4    0.007061    0.058231    0.361773    0.411774 ^ _31_/Q (sky130_fd_sc_hd__dfrtp_2)
                                                         state[1] (net)
                      0.058231    0.000015    0.411789 ^ _28_/B (sky130_fd_sc_hd__and2b_2)
     2    0.045453    0.227980    0.285350    0.697139 ^ _28_/X (sky130_fd_sc_hd__and2b_2)
                                                         frame_done (net)
                      0.227981    0.001012    0.698151 ^ frame_done (out)
                                              0.698151   data arrival time

                                  0.000000    0.000000   clock clk (rise edge)
                                  0.000000    0.000000   clock network delay (propagated)
                                  0.250000    0.250000   clock uncertainty
                                  0.000000    0.250000   clock reconvergence pessimism
                                -20.000000  -19.750002   output external delay
                                            -19.750002   data required time
---------------------------------------------------------------------------------------------
                                            -19.750002   data required time
                                             -0.698151   data arrival time
---------------------------------------------------------------------------------------------
                                             20.448153   slack (MET)



