Reading timing models for corner min_ss_100C_1v60…
Reading cell library for the 'min_ss_100C_1v60' corner at '/home/edabk/.volare/volare/sky130/versions/0fe599b2afb6708d281543108caf8310912f54af/sky130A/libs.ref/sky130_fd_sc_hd/lib/sky130_fd_sc_hd__ss_100C_1v60.lib'…
Reading top-level netlist at '/home/edabk/Desktop/Tu67/MARCO_ultra/Maximum_Path_Memory/runs/Maximum_Path_Memory_run/51-openroad-fillinsertion/Maximum_Path_Memory.nl.v'…
Linking design 'Maximum_Path_Memory' from netlist…
Warning: /home/edabk/Desktop/Tu67/MARCO_ultra/Maximum_Path_Memory/runs/Maximum_Path_Memory_run/51-openroad-fillinsertion/Maximum_Path_Memory.nl.v line 244, module sky130_fd_sc_hd__tapvpwrvgnd_1 not found. Creating black box for TAP_TAPCELL_ROW_0_28.
Warning: /home/edabk/Desktop/Tu67/MARCO_ultra/Maximum_Path_Memory/runs/Maximum_Path_Memory_run/51-openroad-fillinsertion/Maximum_Path_Memory.nl.v line 328, module sky130_ef_sc_hd__decap_12 not found. Creating black box for FILLER_0_3.
Warning: /home/edabk/Desktop/Tu67/MARCO_ultra/Maximum_Path_Memory/runs/Maximum_Path_Memory_run/51-openroad-fillinsertion/Maximum_Path_Memory.nl.v line 330, module sky130_fd_sc_hd__fill_1 not found. Creating black box for FILLER_0_27.
Warning: /home/edabk/Desktop/Tu67/MARCO_ultra/Maximum_Path_Memory/runs/Maximum_Path_Memory_run/51-openroad-fillinsertion/Maximum_Path_Memory.nl.v line 565, module sky130_fd_sc_hd__fill_2 not found. Creating black box for FILLER_11_98.
Reading design constraints file at '/nix/store/h0ldzjka94yryiq8yxbxmwargpnmwhx6-python3-3.11.9-env/lib/python3.11/site-packages/openlane/scripts/base.sdc'…
Warning: base.sdc line 15, port '__VIRTUAL_CLK__' not found.
[INFO] Using clock __VIRTUAL_CLK__…
[INFO] Setting output delay to: 2
[INFO] Setting input delay to: 2
Warning: base.sdc line 32, port '__VIRTUAL_CLK__' not found.
[INFO] Setting load to: 0.033442
[INFO] Setting clock uncertainty to: 0.25
[INFO] Setting clock transition to: 0.1499999999999999944488848768742172978818416595458984375
Warning: base.sdc line 69, transition time can not be specified for virtual clocks.
[INFO] Setting timing derate to: 5%
Warning: base.sdc line 79, virtual clock __VIRTUAL_CLK__ can not be propagated.
Reading top-level design parasitics for the 'min_ss_100C_1v60' corner at '/home/edabk/Desktop/Tu67/MARCO_ultra/Maximum_Path_Memory/runs/Maximum_Path_Memory_run/53-openroad-rcx/min/Maximum_Path_Memory.min.spef'…
%OL_CREATE_REPORT min.rpt

===========================================================================
report_checks -path_delay min (Hold)
============================================================================
======================= min_ss_100C_1v60 Corner ===================================

Startpoint: prev_10[3] (input port clocked by __VIRTUAL_CLK__)
Endpoint: winner_state[1] (output port clocked by __VIRTUAL_CLK__)
Path Group: __VIRTUAL_CLK__
Path Type: min

Fanout         Cap        Slew       Delay        Time   Description
---------------------------------------------------------------------------------------------
                      0.000000    0.000000    0.000000   clock __VIRTUAL_CLK__ (rise edge)
                                  0.000000    0.000000   clock network delay (ideal)
                                  2.000000    2.000000 v input external delay
     1    0.003229    0.020111    0.010575    2.010575 v prev_10[3] (in)
                                                         prev_10[3] (net)
                      0.020111    0.000000    2.010575 v input12/A (sky130_fd_sc_hd__buf_1)
     4    0.010361    0.128654    0.202142    2.212717 v input12/X (sky130_fd_sc_hd__buf_1)
                                                         net12 (net)
                      0.128654    0.000084    2.212801 v _59_/A (sky130_fd_sc_hd__nand2_1)
     3    0.009320    0.155977    0.182379    2.395180 ^ _59_/Y (sky130_fd_sc_hd__nand2_1)
                                                         _20_ (net)
                      0.155977    0.000069    2.395249 ^ _77_/B (sky130_fd_sc_hd__nand2b_1)
     1    0.002304    0.076315    0.134077    2.529326 v _77_/Y (sky130_fd_sc_hd__nand2b_1)
                                                         _38_ (net)
                      0.076315    0.000011    2.529337 v _78_/B1 (sky130_fd_sc_hd__o21ai_1)
     2    0.009737    0.276260    0.234168    2.763505 ^ _78_/Y (sky130_fd_sc_hd__o21ai_1)
                                                         net18 (net)
                      0.276260    0.000210    2.763714 ^ output18/A (sky130_fd_sc_hd__buf_2)
     1    0.033873    0.269640    0.434144    3.197858 ^ output18/X (sky130_fd_sc_hd__buf_2)
                                                         winner_state[1] (net)
                      0.269640    0.000172    3.198029 ^ winner_state[1] (out)
                                              3.198029   data arrival time

                      0.000000    0.000000    0.000000   clock __VIRTUAL_CLK__ (rise edge)
                                  0.000000    0.000000   clock network delay (ideal)
                                  0.250000    0.250000   clock uncertainty
                                  0.000000    0.250000   clock reconvergence pessimism
                                 -2.000000   -1.750000   output external delay
                                             -1.750000   data required time
---------------------------------------------------------------------------------------------
                                             -1.750000   data required time
                                             -3.198029   data arrival time
---------------------------------------------------------------------------------------------
                                              4.948029   slack (MET)


Startpoint: prev_10[3] (input port clocked by __VIRTUAL_CLK__)
Endpoint: winner_state[0] (output port clocked by __VIRTUAL_CLK__)
Path Group: __VIRTUAL_CLK__
Path Type: min

Fanout         Cap        Slew       Delay        Time   Description
---------------------------------------------------------------------------------------------
                      0.000000    0.000000    0.000000   clock __VIRTUAL_CLK__ (rise edge)
                                  0.000000    0.000000   clock network delay (ideal)
                                  2.000000    2.000000 v input external delay
     1    0.003229    0.020111    0.010575    2.010575 v prev_10[3] (in)
                                                         prev_10[3] (net)
                      0.020111    0.000000    2.010575 v input12/A (sky130_fd_sc_hd__buf_1)
     4    0.010361    0.128654    0.202142    2.212717 v input12/X (sky130_fd_sc_hd__buf_1)
                                                         net12 (net)
                      0.128654    0.000084    2.212801 v _59_/A (sky130_fd_sc_hd__nand2_1)
     3    0.009320    0.155977    0.182379    2.395180 ^ _59_/Y (sky130_fd_sc_hd__nand2_1)
                                                         _20_ (net)
                      0.155977    0.000069    2.395249 ^ _77_/B (sky130_fd_sc_hd__nand2b_1)
     1    0.002304    0.076315    0.134077    2.529326 v _77_/Y (sky130_fd_sc_hd__nand2b_1)
                                                         _38_ (net)
                      0.076315    0.000011    2.529337 v _78_/B1 (sky130_fd_sc_hd__o21ai_1)
     2    0.009737    0.276260    0.234168    2.763505 ^ _78_/Y (sky130_fd_sc_hd__o21ai_1)
                                                         net18 (net)
                      0.276260    0.000192    2.763696 ^ _79_/S (sky130_fd_sc_hd__mux2_1)
     1    0.004257    0.089703    0.336945    3.100642 ^ _79_/X (sky130_fd_sc_hd__mux2_1)
                                                         net17 (net)
                      0.089703    0.000084    3.100726 ^ output17/A (sky130_fd_sc_hd__buf_2)
     1    0.033846    0.268940    0.350762    3.451488 ^ output17/X (sky130_fd_sc_hd__buf_2)
                                                         winner_state[0] (net)
                      0.268940    0.000163    3.451651 ^ winner_state[0] (out)
                                              3.451651   data arrival time

                      0.000000    0.000000    0.000000   clock __VIRTUAL_CLK__ (rise edge)
                                  0.000000    0.000000   clock network delay (ideal)
                                  0.250000    0.250000   clock uncertainty
                                  0.000000    0.250000   clock reconvergence pessimism
                                 -2.000000   -1.750000   output external delay
                                             -1.750000   data required time
---------------------------------------------------------------------------------------------
                                             -1.750000   data required time
                                             -3.451651   data arrival time
---------------------------------------------------------------------------------------------
                                              5.201651   slack (MET)



%OL_END_REPORT
%OL_CREATE_REPORT max.rpt

===========================================================================
report_checks -path_delay max (Setup)
============================================================================
======================= min_ss_100C_1v60 Corner ===================================

Startpoint: prev_11[3] (input port clocked by __VIRTUAL_CLK__)
Endpoint: winner_state[0] (output port clocked by __VIRTUAL_CLK__)
Path Group: __VIRTUAL_CLK__
Path Type: max

Fanout         Cap        Slew       Delay        Time   Description
---------------------------------------------------------------------------------------------
                      0.000000    0.000000    0.000000   clock __VIRTUAL_CLK__ (rise edge)
                                  0.000000    0.000000   clock network delay (ideal)
                                  2.000000    2.000000 v input external delay
     1    0.002897    0.018831    0.009526    2.009526 v prev_11[3] (in)
                                                         prev_11[3] (net)
                      0.018831    0.000000    2.009526 v input16/A (sky130_fd_sc_hd__buf_1)
     4    0.014546    0.172688    0.235161    2.244687 v input16/X (sky130_fd_sc_hd__buf_1)
                                                         net16 (net)
                      0.172688    0.000190    2.244878 v _60_/B (sky130_fd_sc_hd__or2_1)
     2    0.006201    0.126738    0.538669    2.783546 v _60_/X (sky130_fd_sc_hd__or2_1)
                                                         _21_ (net)
                      0.126738    0.000029    2.783575 v _63_/A2 (sky130_fd_sc_hd__a211o_1)
     1    0.002956    0.089408    0.558562    3.342137 v _63_/X (sky130_fd_sc_hd__a211o_1)
                                                         _24_ (net)
                      0.089408    0.000018    3.342155 v _64_/C1 (sky130_fd_sc_hd__o221a_1)
     4    0.017175    0.210812    0.342582    3.684737 v _64_/X (sky130_fd_sc_hd__o221a_1)
                                                         _25_ (net)
                      0.210812    0.000307    3.685044 v _72_/S (sky130_fd_sc_hd__mux2_1)
     2    0.005633    0.138535    0.786550    4.471594 v _72_/X (sky130_fd_sc_hd__mux2_1)
                                                         _33_ (net)
                      0.138535    0.000052    4.471645 v _76_/A3 (sky130_fd_sc_hd__a311o_1)
     1    0.003327    0.098003    0.673047    5.144692 v _76_/X (sky130_fd_sc_hd__a311o_1)
                                                         _37_ (net)
                      0.098003    0.000036    5.144728 v _78_/A2 (sky130_fd_sc_hd__o21ai_1)
     2    0.009737    0.360331    0.355268    5.499996 ^ _78_/Y (sky130_fd_sc_hd__o21ai_1)
                                                         net18 (net)
                      0.360331    0.000192    5.500188 ^ _79_/S (sky130_fd_sc_hd__mux2_1)
     1    0.004129    0.125015    0.814750    6.314938 v _79_/X (sky130_fd_sc_hd__mux2_1)
                                                         net17 (net)
                      0.125015    0.000080    6.315019 v output17/A (sky130_fd_sc_hd__buf_2)
     1    0.033846    0.164107    0.369873    6.684892 v output17/X (sky130_fd_sc_hd__buf_2)
                                                         winner_state[0] (net)
                      0.164107    0.000163    6.685055 v winner_state[0] (out)
                                              6.685055   data arrival time

                      0.000000   10.000000   10.000000   clock __VIRTUAL_CLK__ (rise edge)
                                  0.000000   10.000000   clock network delay (ideal)
                                 -0.250000    9.750000   clock uncertainty
                                  0.000000    9.750000   clock reconvergence pessimism
                                 -2.000000    7.750000   output external delay
                                              7.750000   data required time
---------------------------------------------------------------------------------------------
                                              7.750000   data required time
                                             -6.685055   data arrival time
---------------------------------------------------------------------------------------------
                                              1.064945   slack (MET)


Startpoint: prev_11[3] (input port clocked by __VIRTUAL_CLK__)
Endpoint: winner_state[1] (output port clocked by __VIRTUAL_CLK__)
Path Group: __VIRTUAL_CLK__
Path Type: max

Fanout         Cap        Slew       Delay        Time   Description
---------------------------------------------------------------------------------------------
                      0.000000    0.000000    0.000000   clock __VIRTUAL_CLK__ (rise edge)
                                  0.000000    0.000000   clock network delay (ideal)
                                  2.000000    2.000000 v input external delay
     1    0.002897    0.018831    0.009526    2.009526 v prev_11[3] (in)
                                                         prev_11[3] (net)
                      0.018831    0.000000    2.009526 v input16/A (sky130_fd_sc_hd__buf_1)
     4    0.014546    0.172688    0.235161    2.244687 v input16/X (sky130_fd_sc_hd__buf_1)
                                                         net16 (net)
                      0.172688    0.000190    2.244878 v _60_/B (sky130_fd_sc_hd__or2_1)
     2    0.006201    0.126738    0.538669    2.783546 v _60_/X (sky130_fd_sc_hd__or2_1)
                                                         _21_ (net)
                      0.126738    0.000029    2.783575 v _63_/A2 (sky130_fd_sc_hd__a211o_1)
     1    0.002956    0.089408    0.558562    3.342137 v _63_/X (sky130_fd_sc_hd__a211o_1)
                                                         _24_ (net)
                      0.089408    0.000018    3.342155 v _64_/C1 (sky130_fd_sc_hd__o221a_1)
     4    0.017175    0.210812    0.342582    3.684737 v _64_/X (sky130_fd_sc_hd__o221a_1)
                                                         _25_ (net)
                      0.210812    0.000307    3.685044 v _72_/S (sky130_fd_sc_hd__mux2_1)
     2    0.005633    0.138535    0.786550    4.471594 v _72_/X (sky130_fd_sc_hd__mux2_1)
                                                         _33_ (net)
                      0.138535    0.000052    4.471645 v _76_/A3 (sky130_fd_sc_hd__a311o_1)
     1    0.003327    0.098003    0.673047    5.144692 v _76_/X (sky130_fd_sc_hd__a311o_1)
                                                         _37_ (net)
                      0.098003    0.000036    5.144728 v _78_/A2 (sky130_fd_sc_hd__o21ai_1)
     2    0.009737    0.360331    0.355268    5.499996 ^ _78_/Y (sky130_fd_sc_hd__o21ai_1)
                                                         net18 (net)
                      0.360331    0.000210    5.500206 ^ output18/A (sky130_fd_sc_hd__buf_2)
     1    0.033873    0.270041    0.466778    5.966983 ^ output18/X (sky130_fd_sc_hd__buf_2)
                                                         winner_state[1] (net)
                      0.270041    0.000172    5.967155 ^ winner_state[1] (out)
                                              5.967155   data arrival time

                      0.000000   10.000000   10.000000   clock __VIRTUAL_CLK__ (rise edge)
                                  0.000000   10.000000   clock network delay (ideal)
                                 -0.250000    9.750000   clock uncertainty
                                  0.000000    9.750000   clock reconvergence pessimism
                                 -2.000000    7.750000   output external delay
                                              7.750000   data required time
---------------------------------------------------------------------------------------------
                                              7.750000   data required time
                                             -5.967155   data arrival time
---------------------------------------------------------------------------------------------
                                              1.782845   slack (MET)



%OL_END_REPORT
%OL_CREATE_REPORT checks.rpt

===========================================================================
report_checks -unconstrained
===========================================================================
======================= min_ss_100C_1v60 Corner ===================================

Startpoint: prev_11[3] (input port clocked by __VIRTUAL_CLK__)
Endpoint: winner_state[0] (output port clocked by __VIRTUAL_CLK__)
Path Group: __VIRTUAL_CLK__
Path Type: max

Fanout         Cap        Slew       Delay        Time   Description
---------------------------------------------------------------------------------------------
                      0.000000    0.000000    0.000000   clock __VIRTUAL_CLK__ (rise edge)
                                  0.000000    0.000000   clock network delay (ideal)
                                  2.000000    2.000000 v input external delay
     1    0.002897    0.018831    0.009526    2.009526 v prev_11[3] (in)
                                                         prev_11[3] (net)
                      0.018831    0.000000    2.009526 v input16/A (sky130_fd_sc_hd__buf_1)
     4    0.014546    0.172688    0.235161    2.244687 v input16/X (sky130_fd_sc_hd__buf_1)
                                                         net16 (net)
                      0.172688    0.000190    2.244878 v _60_/B (sky130_fd_sc_hd__or2_1)
     2    0.006201    0.126738    0.538669    2.783546 v _60_/X (sky130_fd_sc_hd__or2_1)
                                                         _21_ (net)
                      0.126738    0.000029    2.783575 v _63_/A2 (sky130_fd_sc_hd__a211o_1)
     1    0.002956    0.089408    0.558562    3.342137 v _63_/X (sky130_fd_sc_hd__a211o_1)
                                                         _24_ (net)
                      0.089408    0.000018    3.342155 v _64_/C1 (sky130_fd_sc_hd__o221a_1)
     4    0.017175    0.210812    0.342582    3.684737 v _64_/X (sky130_fd_sc_hd__o221a_1)
                                                         _25_ (net)
                      0.210812    0.000307    3.685044 v _72_/S (sky130_fd_sc_hd__mux2_1)
     2    0.005633    0.138535    0.786550    4.471594 v _72_/X (sky130_fd_sc_hd__mux2_1)
                                                         _33_ (net)
                      0.138535    0.000052    4.471645 v _76_/A3 (sky130_fd_sc_hd__a311o_1)
     1    0.003327    0.098003    0.673047    5.144692 v _76_/X (sky130_fd_sc_hd__a311o_1)
                                                         _37_ (net)
                      0.098003    0.000036    5.144728 v _78_/A2 (sky130_fd_sc_hd__o21ai_1)
     2    0.009737    0.360331    0.355268    5.499996 ^ _78_/Y (sky130_fd_sc_hd__o21ai_1)
                                                         net18 (net)
                      0.360331    0.000192    5.500188 ^ _79_/S (sky130_fd_sc_hd__mux2_1)
     1    0.004129    0.125015    0.814750    6.314938 v _79_/X (sky130_fd_sc_hd__mux2_1)
                                                         net17 (net)
                      0.125015    0.000080    6.315019 v output17/A (sky130_fd_sc_hd__buf_2)
     1    0.033846    0.164107    0.369873    6.684892 v output17/X (sky130_fd_sc_hd__buf_2)
                                                         winner_state[0] (net)
                      0.164107    0.000163    6.685055 v winner_state[0] (out)
                                              6.685055   data arrival time

                      0.000000   10.000000   10.000000   clock __VIRTUAL_CLK__ (rise edge)
                                  0.000000   10.000000   clock network delay (ideal)
                                 -0.250000    9.750000   clock uncertainty
                                  0.000000    9.750000   clock reconvergence pessimism
                                 -2.000000    7.750000   output external delay
                                              7.750000   data required time
---------------------------------------------------------------------------------------------
                                              7.750000   data required time
                                             -6.685055   data arrival time
---------------------------------------------------------------------------------------------
                                              1.064945   slack (MET)




===========================================================================
report_checks --slack_max -0.01
============================================================================
======================= min_ss_100C_1v60 Corner ===================================

No paths found.


===========================================================================
 report_check_types -max_slew -max_cap -max_fanout -violators
============================================================================
======================= min_ss_100C_1v60 Corner ===================================



===========================================================================
report_parasitic_annotation -report_unannotated
============================================================================
Found 0 unannotated drivers.
Found 0 partially unannotated drivers.

===========================================================================
max slew violation count 0
%OL_METRIC_I design__max_slew_violation__count__corner:min_ss_100C_1v60 0
max fanout violation count 0
%OL_METRIC_I design__max_fanout_violation__count__corner:min_ss_100C_1v60 0
max cap violation count 0
%OL_METRIC_I design__max_cap_violation__count__corner:min_ss_100C_1v60 0
============================================================================

===========================================================================
check_setup -verbose -unconstrained_endpoints -multiple_clock -no_clock -no_input_delay -loops -generated_clocks
===========================================================================
%OL_END_REPORT
%OL_CREATE_REPORT power.rpt

===========================================================================
 report_power
============================================================================
======================= min_ss_100C_1v60 Corner ===================================

Group                    Internal    Switching      Leakage        Total
                            Power        Power        Power        Power (Watts)
------------------------------------------------------------------------
Sequential           0.000000e+00 0.000000e+00 0.000000e+00 0.000000e+00   0.0%
Combinational        8.241978e-06 1.062762e-05 2.573065e-07 1.912691e-05 100.0%
Clock                0.000000e+00 0.000000e+00 2.693599e-10 2.693599e-10   0.0%
Macro                0.000000e+00 0.000000e+00 0.000000e+00 0.000000e+00   0.0%
Pad                  0.000000e+00 0.000000e+00 0.000000e+00 0.000000e+00   0.0%
------------------------------------------------------------------------
Total                8.241978e-06 1.062762e-05 2.575758e-07 1.912718e-05 100.0%
                            43.1%        55.6%         1.3%
%OL_METRIC_F power__internal__total 8.241978321166243e-6
%OL_METRIC_F power__switching__total 1.062762203218881e-5
%OL_METRIC_F power__leakage__total 2.5757580601748487e-7
%OL_METRIC_F power__total 1.912717561936006e-5

%OL_END_REPORT
%OL_CREATE_REPORT skew.min.rpt

===========================================================================
Clock Skew (Hold)
============================================================================
%OL_METRIC_F clock__skew__worst_hold__corner:min_ss_100C_1v60 0.0
======================= min_ss_100C_1v60 Corner ===================================

Clock __VIRTUAL_CLK__
No launch/capture paths found.

%OL_END_REPORT
%OL_CREATE_REPORT skew.max.rpt

===========================================================================
Clock Skew (Setup)
============================================================================
%OL_METRIC_F clock__skew__worst_setup__corner:min_ss_100C_1v60 0.0
======================= min_ss_100C_1v60 Corner ===================================

Clock __VIRTUAL_CLK__
No launch/capture paths found.

%OL_END_REPORT
%OL_CREATE_REPORT ws.min.rpt

===========================================================================
Worst Slack (Hold)
============================================================================
%OL_METRIC_F timing__hold__ws__corner:min_ss_100C_1v60 4.948029237502136
min_ss_100C_1v60: 4.948029237502136
%OL_END_REPORT
%OL_CREATE_REPORT ws.max.rpt

===========================================================================
Worst Slack (Setup)
============================================================================
%OL_METRIC_F timing__setup__ws__corner:min_ss_100C_1v60 1.0649450511751766
min_ss_100C_1v60: 1.0649450511751766
%OL_END_REPORT
%OL_CREATE_REPORT tns.min.rpt

===========================================================================
Total Negative Slack (Hold)
============================================================================
%OL_METRIC_F timing__hold__tns__corner:min_ss_100C_1v60 0.0
min_ss_100C_1v60: 0.0
%OL_END_REPORT
%OL_CREATE_REPORT tns.max.rpt

===========================================================================
Total Negative Slack (Setup)
============================================================================
%OL_METRIC_F timing__setup__tns__corner:min_ss_100C_1v60 0.0
min_ss_100C_1v60: 0.0
%OL_END_REPORT
%OL_CREATE_REPORT wns.min.rpt

===========================================================================
Worst Negative Slack (Hold)
============================================================================
%OL_METRIC_F timing__hold__wns__corner:min_ss_100C_1v60 0
min_ss_100C_1v60: 0
%OL_END_REPORT
%OL_CREATE_REPORT wns.max.rpt

===========================================================================
Worst Negative Slack (Setup)
============================================================================
%OL_METRIC_F timing__setup__wns__corner:min_ss_100C_1v60 0.0
min_ss_100C_1v60: 0.0
%OL_END_REPORT
%OL_CREATE_REPORT violator_list.rpt

===========================================================================
Violator List
============================================================================
%OL_METRIC_I timing__hold_vio__count__corner:min_ss_100C_1v60 0
%OL_METRIC_F timing__hold_r2r__ws__corner:min_ss_100C_1v60 inf
%OL_METRIC_I timing__hold_r2r_vio__count__corner:min_ss_100C_1v60 0
%OL_METRIC_I timing__setup_vio__count__corner:min_ss_100C_1v60 0
%OL_METRIC_F timing__setup_r2r__ws__corner:min_ss_100C_1v60 inf
%OL_METRIC_I timing__setup_r2r_vio__count__corner:min_ss_100C_1v60 0
%OL_END_REPORT
%OL_CREATE_REPORT unpropagated.rpt
__VIRTUAL_CLK__
%OL_END_REPORT
%OL_CREATE_REPORT clock.rpt
Clock: __VIRTUAL_CLK__
Sources: 
Generated: no
Virtual: yes
Propagated: no
Period: 10.000000

===========================================================================
report_clock_properties
============================================================================
Clock                   Period          Waveform
----------------------------------------------------
__VIRTUAL_CLK__      10.000000    0.000000  5.000000

===========================================================================
report_clock_latency
============================================================================
Clock __VIRTUAL_CLK__


===========================================================================
report_clock_min_period
============================================================================
__VIRTUAL_CLK__ period_min = 0.00 fmax = inf
%OL_END_REPORT
Writing SDF files for all corners…
Removing Clock latencies before writing libs…
Writing timing models for all corners…
Writing timing models for the min_ss_100C_1v60 corner to /home/edabk/Desktop/Tu67/MARCO_ultra/Maximum_Path_Memory/runs/Maximum_Path_Memory_run/54-openroad-stapostpnr/min_ss_100C_1v60/Maximum_Path_Memory__min_ss_100C_1v60.lib…
