
===========================================================================
report_checks -unconstrained
===========================================================================
======================= max_ss_100C_1v60 Corner ===================================

Startpoint: rst_n (input port clocked by clk)
Endpoint: _30_ (recovery check against rising-edge clock clk)
Path Group: asynchronous
Path Type: max

Fanout         Cap        Slew       Delay        Time   Description
---------------------------------------------------------------------------------------------
                                  0.000000    0.000000   clock clk (rise edge)
                                  0.000000    0.000000   clock network delay (propagated)
                                 20.000000   20.000000 ^ input external delay
     1    0.003244    0.035199    0.018183   20.018183 ^ rst_n (in)
                                                         rst_n (net)
                      0.035199    0.000000   20.018183 ^ input1/A (sky130_fd_sc_hd__clkbuf_2)
     6    0.030221    0.262273    0.312872   20.331055 ^ input1/X (sky130_fd_sc_hd__clkbuf_2)
                                                         net1 (net)
                      0.262336    0.003363   20.334417 ^ _30_/RESET_B (sky130_fd_sc_hd__dfrtp_1)
                                             20.334417   data arrival time

                                100.000000  100.000000   clock clk (rise edge)
                                  0.000000  100.000000   clock source latency
     1    0.010826    0.086819    0.056701  100.056702 ^ clk (in)
                                                         clk (net)
                      0.086824    0.000000  100.056702 ^ clkbuf_0_clk/A (sky130_fd_sc_hd__clkbuf_16)
     2    0.019278    0.066535    0.228027  100.284729 ^ clkbuf_0_clk/X (sky130_fd_sc_hd__clkbuf_16)
                                                         clknet_0_clk (net)
                      0.066549    0.000711  100.285439 ^ clkbuf_1_0__f_clk/A (sky130_fd_sc_hd__clkbuf_16)
     3    0.008885    0.053184    0.203826  100.489265 ^ clkbuf_1_0__f_clk/X (sky130_fd_sc_hd__clkbuf_16)
                                                         clknet_1_0__leaf_clk (net)
                      0.053185    0.000490  100.489754 ^ _30_/CLK (sky130_fd_sc_hd__dfrtp_1)
                                 -0.250000  100.239754   clock uncertainty
                                  0.000000  100.239754   clock reconvergence pessimism
                                  0.385654  100.625412   library recovery time
                                            100.625412   data required time
---------------------------------------------------------------------------------------------
                                            100.625412   data required time
                                            -20.334417   data arrival time
---------------------------------------------------------------------------------------------
                                             80.290993   slack (MET)


Startpoint: start (input port clocked by clk)
Endpoint: clr_me (output port clocked by clk)
Path Group: clk
Path Type: max

Fanout         Cap        Slew       Delay        Time   Description
---------------------------------------------------------------------------------------------
                                  0.000000    0.000000   clock clk (rise edge)
                                  0.000000    0.000000   clock network delay (propagated)
                                 20.000000   20.000000 v input external delay
     1    0.002561    0.017552    0.008525   20.008526 v start (in)
                                                         start (net)
                      0.017552    0.000000   20.008526 v input2/A (sky130_fd_sc_hd__clkbuf_1)
     2    0.006497    0.088081    0.168829   20.177353 v input2/X (sky130_fd_sc_hd__clkbuf_1)
                                                         net2 (net)
                      0.088081    0.000393   20.177746 v _29_/A2 (sky130_fd_sc_hd__a211oi_1)
     1    0.002426    0.287043    0.379806   20.557552 ^ _29_/Y (sky130_fd_sc_hd__a211oi_1)
                                                         net3 (net)
                      0.287043    0.000165   20.557718 ^ output3/A (sky130_fd_sc_hd__buf_2)
     1    0.034453    0.274286    0.440394   20.998112 ^ output3/X (sky130_fd_sc_hd__buf_2)
                                                         clr_me (net)
                      0.274291    0.001615   20.999727 ^ clr_me (out)
                                             20.999727   data arrival time

                                100.000000  100.000000   clock clk (rise edge)
                                  0.000000  100.000000   clock network delay (propagated)
                                 -0.250000   99.750000   clock uncertainty
                                  0.000000   99.750000   clock reconvergence pessimism
                                -20.000000   79.750000   output external delay
                                             79.750000   data required time
---------------------------------------------------------------------------------------------
                                             79.750000   data required time
                                            -20.999727   data arrival time
---------------------------------------------------------------------------------------------
                                             58.750267   slack (MET)




===========================================================================
report_checks --slack_max -0.01
============================================================================
======================= max_ss_100C_1v60 Corner ===================================

No paths found.


===========================================================================
 report_check_types -max_slew -max_cap -max_fanout -violators
============================================================================
======================= max_ss_100C_1v60 Corner ===================================



===========================================================================
report_parasitic_annotation -report_unannotated
============================================================================
Found 0 unannotated drivers.
Found 0 partially unannotated drivers.

===========================================================================
max slew violation count 0
max fanout violation count 0
max cap violation count 0
============================================================================

===========================================================================
check_setup -verbose -unconstrained_endpoints -multiple_clock -no_clock -no_input_delay -loops -generated_clocks
===========================================================================
