Reading OpenROAD database at '/home/edabk/Desktop/Tu67/MARCO_ultra/Controller/runs/RUN_2026-01-21_18-57-50/25-odb-customioplacement/Controller.odb'…
Reading library file at '/home/edabk/.volare/volare/sky130/versions/0fe599b2afb6708d281543108caf8310912f54af/sky130A/libs.ref/sky130_fd_sc_hd/lib/sky130_fd_sc_hd__tt_025C_1v80.lib'…
Reading design constraints file at '/nix/store/h0ldzjka94yryiq8yxbxmwargpnmwhx6-python3-3.11.9-env/lib/python3.11/site-packages/openlane/scripts/base.sdc'…
[INFO] Using clock clk…
[INFO] Setting output delay to: 20.0
[INFO] Setting input delay to: 20.0
[INFO] Setting load to: 0.033442
[INFO] Setting clock uncertainty to: 0.25
[INFO] Setting clock transition to: 0.1499999999999999944488848768742172978818416595458984375
[INFO] Setting timing derate to: 5%
[INFO] Setting RC values…
[INFO] Setting signal min routing layer to: met1 and clock min routing layer to met1. 
[INFO] Setting signal max routing layer to: met5 and clock max routing layer to met5. 
+ global_placement -density 0.85 -timing_driven -routability_driven -pad_right 0 -pad_left 0 -init_wirelength_coef 0.25
[INFO GPL-0002] DBU: 1000
[INFO GPL-0003] SiteSize: (  0.460  2.720 ) um
[INFO GPL-0004] CoreBBox: (  5.520 10.880 ) ( 94.300 32.640 ) um
[INFO GPL-0006] NumInstances:                69
[INFO GPL-0007] NumPlaceInstances:           23
[INFO GPL-0008] NumFixedInstances:           46
[INFO GPL-0009] NumDummyInstances:            0
[INFO GPL-0010] NumNets:                     26
[INFO GPL-0011] NumPins:                     90
[INFO GPL-0012] DieBBox:  (  0.000  0.000 ) ( 100.000 45.000 ) um
[INFO GPL-0013] CoreBBox: (  5.520 10.880 ) ( 94.300 32.640 ) um
[INFO GPL-0016] CoreArea:              1931.853 um^2
[INFO GPL-0017] NonPlaceInstsArea:       97.594 um^2
[INFO GPL-0018] PlaceInstsArea:         296.534 um^2
[INFO GPL-0019] Util:                    16.166 %
[INFO GPL-0020] StdInstsArea:           296.534 um^2
[INFO GPL-0021] MacroInstsArea:           0.000 um^2
[InitialPlace]  Iter: 1 CG residual: 0.00000010 HPWL: 611088
[InitialPlace]  Iter: 2 CG residual: 0.00000011 HPWL: 483700
[InitialPlace]  Iter: 3 CG residual: 0.00000011 HPWL: 481827
[InitialPlace]  Iter: 4 CG residual: 0.00000012 HPWL: 481011
[InitialPlace]  Iter: 5 CG residual: 0.00000008 HPWL: 478419
[INFO GPL-0031] FillerInit:NumGCells:       128
[INFO GPL-0032] FillerInit:NumGNets:         26
[INFO GPL-0033] FillerInit:NumGPins:         90
[INFO GPL-0023] TargetDensity:            0.850
[INFO GPL-0024] AvrgPlaceInstArea:       12.893 um^2
[INFO GPL-0025] IdealBinArea:            15.168 um^2
[INFO GPL-0026] IdealBinCnt:                127
[INFO GPL-0027] TotalBinArea:          1931.853 um^2
[INFO GPL-0028] BinCnt:        16      4
[INFO GPL-0029] BinSize: (  5.549  5.440 )
[INFO GPL-0030] NumBins: 64
[NesterovSolve] Iter:    1 overflow: 0.575 HPWL: 311460
[INFO GPL-0100] Timing-driven: executing resizer for reweighting nets.
[INFO GPL-0101] Timing-driven: worst slack 5.93e-08
[INFO GPL-0103] Timing-driven: weighted 2 nets.
[NesterovSolve] Snapshot saved at iter = 0
[INFO GPL-0100] Timing-driven: executing resizer for reweighting nets.
[INFO GPL-0101] Timing-driven: worst slack 5.93e-08
[INFO GPL-0103] Timing-driven: weighted 2 nets.
[NesterovSolve] Iter:   10 overflow: 0.418 HPWL: 352854
[NesterovSolve] Iter:   20 overflow: 0.438 HPWL: 349364
[NesterovSolve] Iter:   30 overflow: 0.456 HPWL: 345666
[NesterovSolve] Iter:   40 overflow: 0.467 HPWL: 347262
[NesterovSolve] Iter:   50 overflow: 0.463 HPWL: 348941
[NesterovSolve] Iter:   60 overflow: 0.469 HPWL: 348836
[NesterovSolve] Iter:   70 overflow: 0.480 HPWL: 347902
[NesterovSolve] Iter:   80 overflow: 0.466 HPWL: 348792
[NesterovSolve] Iter:   90 overflow: 0.470 HPWL: 348686
[NesterovSolve] Iter:  100 overflow: 0.476 HPWL: 348463
[NesterovSolve] Iter:  110 overflow: 0.469 HPWL: 348932
[NesterovSolve] Iter:  120 overflow: 0.470 HPWL: 349028
[NesterovSolve] Iter:  130 overflow: 0.474 HPWL: 349088
[NesterovSolve] Iter:  140 overflow: 0.469 HPWL: 349345
[NesterovSolve] Iter:  150 overflow: 0.469 HPWL: 349366
[NesterovSolve] Iter:  160 overflow: 0.471 HPWL: 349605
[NesterovSolve] Iter:  170 overflow: 0.469 HPWL: 349941
[NesterovSolve] Iter:  180 overflow: 0.467 HPWL: 350377
[NesterovSolve] Iter:  190 overflow: 0.463 HPWL: 351834
[NesterovSolve] Iter:  200 overflow: 0.452 HPWL: 353893
[NesterovSolve] Iter:  210 overflow: 0.438 HPWL: 356067
[NesterovSolve] Iter:  220 overflow: 0.417 HPWL: 358480
[NesterovSolve] Iter:  230 overflow: 0.395 HPWL: 362050
[NesterovSolve] Iter:  240 overflow: 0.365 HPWL: 365147
[NesterovSolve] Iter:  250 overflow: 0.330 HPWL: 367294
[NesterovSolve] Iter:  260 overflow: 0.305 HPWL: 367745
[INFO GPL-0075] Routability numCall: 1 inflationIterCnt: 1 bloatIterCnt: 0
[INFO GPL-0036] TileBBox: (    0    0 ) ( 6900 6900 ) DBU
[INFO GPL-0038] TileCnt:      14    6
[INFO GPL-0040] NumTiles: 84
[INFO GPL-0081] TotalRouteOverflow: 0
[INFO GPL-0082] OverflowTileCnt: 0
[INFO GPL-0083] 0.5%RC: 0.7023817300796509
[INFO GPL-0084] 1.0%RC: 0.7023817300796509
[INFO GPL-0085] 2.0%RC: 0.6788744628429413
[INFO GPL-0086] 5.0%RC: 0.5748941957950592
[INFO GPL-0087] FinalRC: 0.70238173
[INFO GPL-0077] FinalRC lower than targetRC(1.01), routability not needed.
[INFO GPL-0100] Timing-driven: executing resizer for reweighting nets.
[INFO GPL-0101] Timing-driven: worst slack 5.93e-08
[INFO GPL-0103] Timing-driven: weighted 2 nets.
[NesterovSolve] Iter:  270 overflow: 0.275 HPWL: 368629
[NesterovSolve] Iter:  280 overflow: 0.254 HPWL: 368776
[NesterovSolve] Iter:  290 overflow: 0.233 HPWL: 370410
[INFO GPL-0100] Timing-driven: executing resizer for reweighting nets.
[INFO GPL-0101] Timing-driven: worst slack 5.93e-08
[INFO GPL-0103] Timing-driven: weighted 2 nets.
[NesterovSolve] Iter:  300 overflow: 0.195 HPWL: 373458
[NesterovSolve] Iter:  310 overflow: 0.157 HPWL: 376450
[INFO GPL-0100] Timing-driven: executing resizer for reweighting nets.
[INFO GPL-0101] Timing-driven: worst slack 5.93e-08
[INFO GPL-0103] Timing-driven: weighted 2 nets.
[NesterovSolve] Iter:  320 overflow: 0.124 HPWL: 378790
[NesterovSolve] Finished with Overflow: 0.097857
[INFO] Setting RC values…
Setting global connections for newly added cells…
[INFO] Setting global connections...
Updating metrics…
Cell type report:                       Count       Area
  Fill cell                                16      60.06
  Tap cell                                 30      37.54
  Inverter                                  1       3.75
  Sequential cell                           6     157.65
  Multi-Input combinational cell           16     135.13
  Total                                    69     394.13
Writing OpenROAD database to '/home/edabk/Desktop/Tu67/MARCO_ultra/Controller/runs/RUN_2026-01-21_18-57-50/27-openroad-globalplacement/Controller.odb'…
Writing netlist to '/home/edabk/Desktop/Tu67/MARCO_ultra/Controller/runs/RUN_2026-01-21_18-57-50/27-openroad-globalplacement/Controller.nl.v'…
Writing powered netlist to '/home/edabk/Desktop/Tu67/MARCO_ultra/Controller/runs/RUN_2026-01-21_18-57-50/27-openroad-globalplacement/Controller.pnl.v'…
Writing layout to '/home/edabk/Desktop/Tu67/MARCO_ultra/Controller/runs/RUN_2026-01-21_18-57-50/27-openroad-globalplacement/Controller.def'…
Writing timing constraints to '/home/edabk/Desktop/Tu67/MARCO_ultra/Controller/runs/RUN_2026-01-21_18-57-50/27-openroad-globalplacement/Controller.sdc'…
