96. Printing statistics.

=== Path_Metric_Unit ===

   Number of wires:                192
   Number of wire bits:            212
   Number of public wires:          19
   Number of public wire bits:      39
   Number of ports:                 19
   Number of port bits:             39
   Number of memories:               0
   Number of memory bits:            0
   Number of processes:              0
   Number of cells:                193
     $_ANDNOT_                      72
     $_AND_                          8
     $_DFF_PN0_                     16
     $_MUX_                         13
     $_NAND_                        12
     $_NOT_                          4
     $_ORNOT_                       12
     $_OR_                           2
     $_XNOR_                        20
     $_XOR_                         34

   Area for cell type $_NOT_ is unknown!
   Area for cell type $_AND_ is unknown!
   Area for cell type $_NAND_ is unknown!
   Area for cell type $_OR_ is unknown!
   Area for cell type $_XOR_ is unknown!
   Area for cell type $_XNOR_ is unknown!
   Area for cell type $_ANDNOT_ is unknown!
   Area for cell type $_ORNOT_ is unknown!
   Area for cell type $_MUX_ is unknown!
   Area for cell type $_DFF_PN0_ is unknown!

