110. Printing statistics.

=== Path_Metric_Unit ===

   Number of wires:                161
   Number of wire bits:            181
   Number of public wires:          19
   Number of public wire bits:      39
   Number of ports:                 19
   Number of port bits:             39
   Number of memories:               0
   Number of memory bits:            0
   Number of processes:              0
   Number of cells:                162
     sky130_fd_sc_hd__a21bo_2        2
     sky130_fd_sc_hd__a21boi_2       4
     sky130_fd_sc_hd__a21o_2         3
     sky130_fd_sc_hd__a21oi_2        4
     sky130_fd_sc_hd__a22o_2         1
     sky130_fd_sc_hd__a311o_2       12
     sky130_fd_sc_hd__a31o_2         4
     sky130_fd_sc_hd__a31oi_2        4
     sky130_fd_sc_hd__and2_2        10
     sky130_fd_sc_hd__and2b_2        2
     sky130_fd_sc_hd__and3_2         4
     sky130_fd_sc_hd__and3b_2        4
     sky130_fd_sc_hd__dfrtp_2       16
     sky130_fd_sc_hd__inv_2          8
     sky130_fd_sc_hd__nand2_2       14
     sky130_fd_sc_hd__nor2_2         4
     sky130_fd_sc_hd__nor4_2         3
     sky130_fd_sc_hd__o211a_2       16
     sky130_fd_sc_hd__o21ai_2        3
     sky130_fd_sc_hd__o221ai_2       3
     sky130_fd_sc_hd__o22a_2         1
     sky130_fd_sc_hd__o22ai_2        3
     sky130_fd_sc_hd__or2_2          3
     sky130_fd_sc_hd__or3b_2         2
     sky130_fd_sc_hd__or4_2          1
     sky130_fd_sc_hd__xnor2_2       14
     sky130_fd_sc_hd__xor2_2        17

   Chip area for module '\Path_Metric_Unit': 1948.118400
     of which used for sequential elements: 420.403200 (21.58%)

