Reading OpenROAD database at '/home/edabk/Desktop/Tu67/MARCO_ultra_9.7_final/runs/RUN_2026-01-22_15-55-06/34-openroad-globalrouting/Viterbi_Top.odb'…
Reading library file at '/home/edabk/.volare/volare/sky130/versions/0fe599b2afb6708d281543108caf8310912f54af/sky130A/libs.ref/sky130_fd_sc_hd/lib/sky130_fd_sc_hd__tt_025C_1v80.lib'…
Reading library file at '/home/edabk/Desktop/Tu67/MARCO_ultra_9.7_final/Branch_Metrics/runs/Branch_Metrics_run/final/lib/max_ss_100C_1v60/Branch_Metrics__max_ss_100C_1v60.lib'…
Reading library file at '/home/edabk/Desktop/Tu67/MARCO_ultra_9.7_final/Controller/runs/Controller_run/final/lib/max_ss_100C_1v60/Controller__max_ss_100C_1v60.lib'…
Reading library file at '/home/edabk/Desktop/Tu67/MARCO_ultra_9.7_final/Path_Metric_Unit/runs/Path_Metric_Unit_run/final/lib/max_ss_100C_1v60/Path_Metric_Unit__max_ss_100C_1v60.lib'…
Reading library file at '/home/edabk/Desktop/Tu67/MARCO_ultra_9.7_final/Maximum_Path_Memory/runs/Maximum_Path_Memory_run/final/lib/max_ss_100C_1v60/Maximum_Path_Memory__max_ss_100C_1v60.lib'…
Reading library file at '/home/edabk/Desktop/Tu67/MARCO_ultra_9.7_final/Survivor_Memory_Unit/runs/Survivor_Memory_Unit_run/final/lib/max_ss_100C_1v60/Survivor_Memory_Unit__max_ss_100C_1v60.lib'…
Reading macro library file at '/home/edabk/Desktop/Tu67/MARCO_ultra_9.7_final/Branch_Metrics/runs/Branch_Metrics_run/final/lib/max_ss_100C_1v60/Branch_Metrics__max_ss_100C_1v60.lib'…
[WARNING STA-1140] /home/edabk/Desktop/Tu67/MARCO_ultra_9.7_final/Branch_Metrics/runs/Branch_Metrics_run/final/lib/max_ss_100C_1v60/Branch_Metrics__max_ss_100C_1v60.lib line 1, library Branch_Metrics already exists.
Reading macro library file at '/home/edabk/Desktop/Tu67/MARCO_ultra_9.7_final/Controller/runs/Controller_run/final/lib/max_ss_100C_1v60/Controller__max_ss_100C_1v60.lib'…
[WARNING STA-1140] /home/edabk/Desktop/Tu67/MARCO_ultra_9.7_final/Controller/runs/Controller_run/final/lib/max_ss_100C_1v60/Controller__max_ss_100C_1v60.lib line 1, library Controller already exists.
Reading macro library file at '/home/edabk/Desktop/Tu67/MARCO_ultra_9.7_final/Path_Metric_Unit/runs/Path_Metric_Unit_run/final/lib/max_ss_100C_1v60/Path_Metric_Unit__max_ss_100C_1v60.lib'…
[WARNING STA-1140] /home/edabk/Desktop/Tu67/MARCO_ultra_9.7_final/Path_Metric_Unit/runs/Path_Metric_Unit_run/final/lib/max_ss_100C_1v60/Path_Metric_Unit__max_ss_100C_1v60.lib line 1, library Path_Metric_Unit already exists.
Reading macro library file at '/home/edabk/Desktop/Tu67/MARCO_ultra_9.7_final/Maximum_Path_Memory/runs/Maximum_Path_Memory_run/final/lib/max_ss_100C_1v60/Maximum_Path_Memory__max_ss_100C_1v60.lib'…
[WARNING STA-1140] /home/edabk/Desktop/Tu67/MARCO_ultra_9.7_final/Maximum_Path_Memory/runs/Maximum_Path_Memory_run/final/lib/max_ss_100C_1v60/Maximum_Path_Memory__max_ss_100C_1v60.lib line 1, library Maximum_Path_Memory already exists.
Reading macro library file at '/home/edabk/Desktop/Tu67/MARCO_ultra_9.7_final/Survivor_Memory_Unit/runs/Survivor_Memory_Unit_run/final/lib/max_ss_100C_1v60/Survivor_Memory_Unit__max_ss_100C_1v60.lib'…
[WARNING STA-1140] /home/edabk/Desktop/Tu67/MARCO_ultra_9.7_final/Survivor_Memory_Unit/runs/Survivor_Memory_Unit_run/final/lib/max_ss_100C_1v60/Survivor_Memory_Unit__max_ss_100C_1v60.lib line 1, library Survivor_Memory_Unit already exists.
Reading design constraints file at '/nix/store/h0ldzjka94yryiq8yxbxmwargpnmwhx6-python3-3.11.9-env/lib/python3.11/site-packages/openlane/scripts/base.sdc'…
[INFO] Using clock clk…
[INFO] Setting output delay to: 20.0
[INFO] Setting input delay to: 20.0
[INFO] Setting load to: 0.033442
[INFO] Setting clock uncertainty to: 0.25
[INFO] Setting clock transition to: 0.1499999999999999944488848768742172978818416595458984375
[INFO] Setting timing derate to: 5%
%OL_CREATE_REPORT /home/edabk/Desktop/Tu67/MARCO_ultra_9.7_final/runs/RUN_2026-01-22_15-55-06/35-openroad-checkantennas/reports/antenna.rpt
Net: winner_state\[0\]
  Pin:   SMU_Top/winner_state[0] (Survivor_Memory_Unit)
    Layer: met2
      Partial area ratio:   94.46
      Required ratio:    0.00 (Gate area) 
      Cumulative area ratio:   94.46
      Required ratio:    0.00 (Cumulative area) 
      Partial area ratio:  471.99
      Required ratio:  400.00 (Side area) (VIOLATED)
      Cumulative area ratio:  471.99
      Required ratio:    0.00 (Cumulative side area) 

    Layer: via2
      Partial area ratio:    0.20
      Required ratio:    6.00 (Gate area) 
      Cumulative area ratio:    0.20
      Required ratio:    0.00 (Cumulative area) 

    Layer: met3
      Partial area ratio:   90.81
      Required ratio:    0.00 (Gate area) 
      Cumulative area ratio:  185.28
      Required ratio:    0.00 (Cumulative area) 
      Partial area ratio:  486.76
      Required ratio: 2778.20 (Side area) 
      Cumulative area ratio:  958.75
      Required ratio:    0.00 (Cumulative side area) 



Net: winner_state\[1\]
  Pin:   SMU_Top/winner_state[1] (Survivor_Memory_Unit)
    Layer: met2
      Partial area ratio:   61.69
      Required ratio:    0.00 (Gate area) 
      Cumulative area ratio:   61.69
      Required ratio:    0.00 (Cumulative area) 
      Partial area ratio:  308.12
      Required ratio:  400.00 (Side area) 
      Cumulative area ratio:  308.12
      Required ratio:    0.00 (Cumulative side area) 

    Layer: via2
      Partial area ratio:    0.20
      Required ratio:    6.00 (Gate area) 
      Cumulative area ratio:    0.20
      Required ratio:    0.00 (Cumulative area) 

    Layer: met3
      Partial area ratio:  127.57
      Required ratio:    0.00 (Gate area) 
      Cumulative area ratio:  189.26
      Required ratio:    0.00 (Cumulative area) 
      Partial area ratio:  685.19
      Required ratio:  400.00 (Side area) (VIOLATED)
      Cumulative area ratio:  993.32
      Required ratio:    0.00 (Cumulative side area) 



Net: net5
  Pin:   output5/A (sky130_fd_sc_hd__buf_2)
    Layer: mcon
      Partial area ratio:    0.18
      Required ratio:    3.00 (Gate area) 
      Cumulative area ratio:    0.18
      Required ratio:    0.00 (Cumulative area) 

    Layer: met1
      Partial area ratio:   50.78
      Required ratio:    0.00 (Gate area) 
      Cumulative area ratio:   50.78
      Required ratio:    0.00 (Cumulative area) 
      Partial area ratio:  252.74
      Required ratio:  400.00 (Side area) 
      Cumulative area ratio:  252.74
      Required ratio:    0.00 (Cumulative side area) 

    Layer: via
      Partial area ratio:    0.28
      Required ratio:    6.00 (Gate area) 
      Cumulative area ratio:    0.46
      Required ratio:    0.00 (Cumulative area) 

    Layer: met2
      Partial area ratio:  159.36
      Required ratio:    0.00 (Gate area) 
      Cumulative area ratio:  210.14
      Required ratio:    0.00 (Cumulative area) 
      Partial area ratio:  795.64
      Required ratio:  400.00 (Side area) (VIOLATED)
      Cumulative area ratio: 1048.38
      Required ratio:    0.00 (Cumulative side area) 

    Layer: via2
      Partial area ratio:    0.25
      Required ratio:    6.00 (Gate area) 
      Cumulative area ratio:    0.72
      Required ratio:    0.00 (Cumulative area) 

    Layer: met3
      Partial area ratio:    0.68
      Required ratio:    0.00 (Gate area) 
      Cumulative area ratio:  210.82
      Required ratio:    0.00 (Cumulative area) 
      Partial area ratio:    6.64
      Required ratio:  400.00 (Side area) 
      Cumulative area ratio: 1055.02
      Required ratio:    0.00 (Cumulative side area) 



Net: net6
  Pin:   output6/A (sky130_fd_sc_hd__buf_2)
    Layer: mcon
      Partial area ratio:    0.18
      Required ratio:    3.00 (Gate area) 
      Cumulative area ratio:    0.18
      Required ratio:    0.00 (Cumulative area) 

    Layer: met1
      Partial area ratio:    9.98
      Required ratio:    0.00 (Gate area) 
      Cumulative area ratio:    9.98
      Required ratio:    0.00 (Cumulative area) 
      Partial area ratio:   48.71
      Required ratio:  400.00 (Side area) 
      Cumulative area ratio:   48.71
      Required ratio:    0.00 (Cumulative side area) 

    Layer: via
      Partial area ratio:    0.28
      Required ratio:    6.00 (Gate area) 
      Cumulative area ratio:    0.46
      Required ratio:    0.00 (Cumulative area) 

    Layer: met2
      Partial area ratio:  123.67
      Required ratio:    0.00 (Gate area) 
      Cumulative area ratio:  133.64
      Required ratio:    0.00 (Cumulative area) 
      Partial area ratio:  616.46
      Required ratio:  400.00 (Side area) (VIOLATED)
      Cumulative area ratio:  665.18
      Required ratio:    0.00 (Cumulative side area) 

    Layer: via2
      Partial area ratio:    0.25
      Required ratio:    6.00 (Gate area) 
      Cumulative area ratio:    0.72
      Required ratio:    0.00 (Cumulative area) 

    Layer: met3
      Partial area ratio:    0.68
      Required ratio:    0.00 (Gate area) 
      Cumulative area ratio:  134.33
      Required ratio:    0.00 (Cumulative area) 
      Partial area ratio:    6.64
      Required ratio:  400.00 (Side area) 
      Cumulative area ratio:  671.82
      Required ratio:    0.00 (Cumulative side area) 



Net: net7
  Pin:   output7/A (sky130_fd_sc_hd__buf_2)
    Layer: mcon
      Partial area ratio:    0.18
      Required ratio:    3.00 (Gate area) 
      Cumulative area ratio:    0.18
      Required ratio:    0.00 (Cumulative area) 

    Layer: met1
      Partial area ratio:   52.72
      Required ratio:    0.00 (Gate area) 
      Cumulative area ratio:   52.72
      Required ratio:    0.00 (Cumulative area) 
      Partial area ratio:  262.42
      Required ratio:  400.00 (Side area) 
      Cumulative area ratio:  262.42
      Required ratio:    0.00 (Cumulative side area) 

    Layer: via
      Partial area ratio:    0.28
      Required ratio:    6.00 (Gate area) 
      Cumulative area ratio:    0.46
      Required ratio:    0.00 (Cumulative area) 

    Layer: met2
      Partial area ratio:   86.45
      Required ratio:    0.00 (Gate area) 
      Cumulative area ratio:  139.17
      Required ratio:    0.00 (Cumulative area) 
      Partial area ratio:  431.12
      Required ratio:  400.00 (Side area) (VIOLATED)
      Cumulative area ratio:  693.54
      Required ratio:    0.00 (Cumulative side area) 

    Layer: via2
      Partial area ratio:    0.25
      Required ratio:    6.00 (Gate area) 
      Cumulative area ratio:    0.72
      Required ratio:    0.00 (Cumulative area) 

    Layer: met3
      Partial area ratio:    0.68
      Required ratio:    0.00 (Gate area) 
      Cumulative area ratio:  139.85
      Required ratio:    0.00 (Cumulative area) 
      Partial area ratio:    6.64
      Required ratio:  400.00 (Side area) 
      Cumulative area ratio:  700.18
      Required ratio:    0.00 (Cumulative side area) 



Net: net12
  Pin:   output12/A (sky130_fd_sc_hd__buf_2)
    Layer: mcon
      Partial area ratio:    0.18
      Required ratio:    3.00 (Gate area) 
      Cumulative area ratio:    0.18
      Required ratio:    0.00 (Cumulative area) 

    Layer: met1
      Partial area ratio:   52.40
      Required ratio:    0.00 (Gate area) 
      Cumulative area ratio:   52.40
      Required ratio:    0.00 (Cumulative area) 
      Partial area ratio:  260.84
      Required ratio:  400.00 (Side area) 
      Cumulative area ratio:  260.84
      Required ratio:    0.00 (Cumulative side area) 

    Layer: via
      Partial area ratio:    0.28
      Required ratio:    6.00 (Gate area) 
      Cumulative area ratio:    0.46
      Required ratio:    0.00 (Cumulative area) 

    Layer: met2
      Partial area ratio:   98.60
      Required ratio:    0.00 (Gate area) 
      Cumulative area ratio:  151.00
      Required ratio:    0.00 (Cumulative area) 
      Partial area ratio:  491.87
      Required ratio:  400.00 (Side area) (VIOLATED)
      Cumulative area ratio:  752.71
      Required ratio:    0.00 (Cumulative side area) 

    Layer: via2
      Partial area ratio:    0.25
      Required ratio:    6.00 (Gate area) 
      Cumulative area ratio:    0.72
      Required ratio:    0.00 (Cumulative area) 

    Layer: met3
      Partial area ratio:    0.68
      Required ratio:    0.00 (Gate area) 
      Cumulative area ratio:  151.69
      Required ratio:    0.00 (Cumulative area) 
      Partial area ratio:    6.64
      Required ratio:  400.00 (Side area) 
      Cumulative area ratio:  759.35
      Required ratio:    0.00 (Cumulative side area) 



Net: net13
  Pin:   output13/A (sky130_fd_sc_hd__buf_2)
    Layer: mcon
      Partial area ratio:    0.18
      Required ratio:    3.00 (Gate area) 
      Cumulative area ratio:    0.18
      Required ratio:    0.00 (Cumulative area) 

    Layer: met1
      Partial area ratio:   88.71
      Required ratio:    0.00 (Gate area) 
      Cumulative area ratio:   88.71
      Required ratio:    0.00 (Cumulative area) 
      Partial area ratio:  442.40
      Required ratio:  400.00 (Side area) (VIOLATED)
      Cumulative area ratio:  442.40
      Required ratio:    0.00 (Cumulative side area) 

    Layer: via
      Partial area ratio:    0.28
      Required ratio:    6.00 (Gate area) 
      Cumulative area ratio:    0.46
      Required ratio:    0.00 (Cumulative area) 

    Layer: met2
      Partial area ratio:   50.00
      Required ratio:    0.00 (Gate area) 
      Cumulative area ratio:  138.71
      Required ratio:    0.00 (Cumulative area) 
      Partial area ratio:  248.85
      Required ratio:  400.00 (Side area) 
      Cumulative area ratio:  691.25
      Required ratio:    0.00 (Cumulative side area) 

    Layer: via2
      Partial area ratio:    0.25
      Required ratio:   22.04 (Gate area) 
      Cumulative area ratio:    0.72
      Required ratio:    0.00 (Cumulative area) 

    Layer: met3
      Partial area ratio:    0.34
      Required ratio:    0.00 (Gate area) 
      Cumulative area ratio:  139.05
      Required ratio:    0.00 (Cumulative area) 
      Partial area ratio:    4.98
      Required ratio: 2778.20 (Side area) 
      Cumulative area ratio:  696.23
      Required ratio:    0.00 (Cumulative side area) 



[INFO ANT-0002] Found 7 net violations.
[INFO ANT-0001] Found 7 pin violations.
%OL_END_REPORT
