100. Printing statistics.

=== Controller ===

   Number of wires:                 30
   Number of wire bits:             38
   Number of public wires:           8
   Number of public wire bits:      13
   Number of ports:                  5
   Number of port bits:              5
   Number of memories:               0
   Number of memory bits:            0
   Number of processes:              0
   Number of cells:                 35
     $_ANDNOT_                      13
     $_AND_                          1
     $_MUX_                          1
     $_NAND_                         2
     $_NOR_                          1
     $_NOT_                          2
     $_ORNOT_                        2
     $_OR_                           4
     $_XOR_                          3
     sky130_fd_sc_hd__dfrtp_2        6

   Area for cell type $_NOT_ is unknown!
   Area for cell type $_AND_ is unknown!
   Area for cell type $_NAND_ is unknown!
   Area for cell type $_OR_ is unknown!
   Area for cell type $_NOR_ is unknown!
   Area for cell type $_XOR_ is unknown!
   Area for cell type $_ANDNOT_ is unknown!
   Area for cell type $_ORNOT_ is unknown!
   Area for cell type $_MUX_ is unknown!

   Chip area for module '\Controller': 157.651200
     of which used for sequential elements: 157.651200 (100.00%)

