
===========================================================================
report_checks -unconstrained
===========================================================================
======================= nom_tt_025C_1v80 Corner ===================================

Startpoint: received[0] (input port clocked by clk)
Endpoint: SMU_Top (rising edge-triggered flip-flop clocked by clk)
Path Group: clk
Path Type: max

Fanout         Cap        Slew       Delay        Time   Description
---------------------------------------------------------------------------------------------
                                  0.000000    0.000000   clock clk (rise edge)
                                  0.000000    0.000000   clock network delay (propagated)
                                 20.000000   20.000000 ^ input external delay
     2    0.003834    0.024216    0.013934   20.013935 ^ received[0] (in)
                                                         received[0] (net)
                      0.024216    0.000000   20.013935 ^ input1/A (sky130_fd_sc_hd__buf_1)
     3    0.020389    0.242948    0.211433   20.225367 ^ input1/X (sky130_fd_sc_hd__buf_1)
                                                         net1 (net)
                      0.242966    0.001723   20.227091 ^ BMU/received[0] (Branch_Metrics)
     1    0.012407    0.110657    1.515099   21.742189 ^ BMU/bm_10_11[0] (Branch_Metrics)
                                                         bm_10_11[0] (net)
                      0.110657    0.000083   21.742273 ^ PMU_Top/bm_10_11[0] (Path_Metric_Unit)
     1    0.007851    0.079134    3.839519   25.581791 ^ PMU_Top/servivor_select_11 (Path_Metric_Unit)
                                                         servivor_select_11 (net)
                      0.079134    0.000032   25.581823 ^ SMU_Top/survivor_select_11 (Survivor_Memory_Unit)
                                             25.581823   data arrival time

                                100.000000  100.000000   clock clk (rise edge)
                                  0.000000  100.000000   clock source latency
     2    0.028619    0.133780    0.094339  100.094337 ^ clk (in)
                                                         clk (net)
                      0.133941    0.000000  100.094337 ^ clkbuf_0_clk/A (sky130_fd_sc_hd__clkbuf_16)
     2    0.020516    0.042638    0.157726  100.252060 ^ clkbuf_0_clk/X (sky130_fd_sc_hd__clkbuf_16)
                                                         clknet_0_clk (net)
                      0.042653    0.000576  100.252640 ^ clkbuf_1_1__f_clk/A (sky130_fd_sc_hd__clkbuf_16)
     2    0.028872    0.050044    0.132673  100.385307 ^ clkbuf_1_1__f_clk/X (sky130_fd_sc_hd__clkbuf_16)
                                                         clknet_1_1__leaf_clk (net)
                      0.050048    0.000810  100.386124 ^ SMU_Top/clk (Survivor_Memory_Unit)
                                 -0.250000  100.136124   clock uncertainty
                                  0.000000  100.136124   clock reconvergence pessimism
                                 -1.929030   98.207092   library setup time
                                             98.207092   data required time
---------------------------------------------------------------------------------------------
                                             98.207092   data required time
                                            -25.581823   data arrival time
---------------------------------------------------------------------------------------------
                                             72.625275   slack (MET)




===========================================================================
report_checks --slack_max -0.01
============================================================================
======================= nom_tt_025C_1v80 Corner ===================================

No paths found.


===========================================================================
 report_check_types -max_slew -max_cap -max_fanout -violators
============================================================================
======================= nom_tt_025C_1v80 Corner ===================================



===========================================================================
report_parasitic_annotation -report_unannotated
============================================================================
Found 1 unannotated drivers.
 clkload0/Y
Found 0 partially unannotated drivers.

===========================================================================
max slew violation count 0
max fanout violation count 0
max cap violation count 0
============================================================================

===========================================================================
check_setup -verbose -unconstrained_endpoints -multiple_clock -no_clock -no_input_delay -loops -generated_clocks
===========================================================================
