Clock: clk
Sources: clk 
Generated: no
Virtual: yes
Propagated: no
Period: 100.000000

===========================================================================
report_clock_properties
============================================================================
Clock                   Period          Waveform
----------------------------------------------------
clk                 100.000000    0.000000 50.000000

===========================================================================
report_clock_latency
============================================================================
Clock clk
rise -> rise
    min     max
0.000000 0.000000 source latency
0.279950         network latency _30_/CLK
        0.283188 network latency _34_/CLK
---------------
0.279950 0.283188 latency
        0.003238 skew

fall -> fall
    min     max
0.000000 0.000000 source latency
0.285155         network latency _30_/CLK
        0.287915 network latency _34_/CLK
---------------
0.285155 0.287915 latency
        0.002760 skew



===========================================================================
report_clock_min_period
============================================================================
clk period_min = 1.72 fmax = 581.83
