
===========================================================================
report_checks -path_delay min (Hold)
============================================================================
======================= max_tt_025C_1v80 Corner ===================================

Startpoint: _31_ (rising edge-triggered flip-flop clocked by clk)
Endpoint: _32_ (rising edge-triggered flip-flop clocked by clk)
Path Group: clk
Path Type: min

Fanout         Cap        Slew       Delay        Time   Description
---------------------------------------------------------------------------------------------
                                  0.000000    0.000000   clock clk (rise edge)
                                  0.000000    0.000000   clock source latency
     1    0.010826    0.055153    0.036884    0.036884 ^ clk (in)
                                                         clk (net)
                      0.055161    0.000000    0.036884 ^ clkbuf_0_clk/A (sky130_fd_sc_hd__clkbuf_16)
     2    0.019278    0.041226    0.128211    0.165095 ^ clkbuf_0_clk/X (sky130_fd_sc_hd__clkbuf_16)
                                                         clknet_0_clk (net)
                      0.041230    0.000707    0.165803 ^ clkbuf_1_0__f_clk/A (sky130_fd_sc_hd__clkbuf_16)
     3    0.009200    0.032661    0.113642    0.279444 ^ clkbuf_1_0__f_clk/X (sky130_fd_sc_hd__clkbuf_16)
                                                         clknet_1_0__leaf_clk (net)
                      0.032663    0.000587    0.280031 ^ _31_/CLK (sky130_fd_sc_hd__dfrtp_1)
     4    0.009260    0.094373    0.353798    0.633829 ^ _31_/Q (sky130_fd_sc_hd__dfrtp_1)
                                                         state[1] (net)
                      0.094373    0.000260    0.634090 ^ _15_/A_N (sky130_fd_sc_hd__nand2b_1)
     2    0.007597    0.090876    0.142011    0.776101 ^ _15_/Y (sky130_fd_sc_hd__nand2b_1)
                                                         _06_ (net)
                      0.090876    0.000336    0.776437 ^ _16_/B (sky130_fd_sc_hd__nor2_1)
     1    0.003256    0.030895    0.049088    0.825525 v _16_/Y (sky130_fd_sc_hd__nor2_1)
                                                         _00_ (net)
                      0.030896    0.000229    0.825754 v _32_/D (sky130_fd_sc_hd__dfrtp_1)
                                              0.825754   data arrival time

                                  0.000000    0.000000   clock clk (rise edge)
                                  0.000000    0.000000   clock source latency
     1    0.010826    0.055153    0.036884    0.036884 ^ clk (in)
                                                         clk (net)
                      0.055161    0.000000    0.036884 ^ clkbuf_0_clk/A (sky130_fd_sc_hd__clkbuf_16)
     2    0.019278    0.041226    0.128211    0.165095 ^ clkbuf_0_clk/X (sky130_fd_sc_hd__clkbuf_16)
                                                         clknet_0_clk (net)
                      0.041231    0.000796    0.165891 ^ clkbuf_1_1__f_clk/A (sky130_fd_sc_hd__clkbuf_16)
     3    0.012303    0.035315    0.116581    0.282472 ^ clkbuf_1_1__f_clk/X (sky130_fd_sc_hd__clkbuf_16)
                                                         clknet_1_1__leaf_clk (net)
                      0.035316    0.000670    0.283141 ^ _32_/CLK (sky130_fd_sc_hd__dfrtp_1)
                                  0.250000    0.533141   clock uncertainty
                                  0.000000    0.533141   clock reconvergence pessimism
                                 -0.042242    0.490900   library hold time
                                              0.490900   data required time
---------------------------------------------------------------------------------------------
                                              0.490900   data required time
                                             -0.825754   data arrival time
---------------------------------------------------------------------------------------------
                                              0.334854   slack (MET)


Startpoint: _31_ (rising edge-triggered flip-flop clocked by clk)
Endpoint: _30_ (rising edge-triggered flip-flop clocked by clk)
Path Group: clk
Path Type: min

Fanout         Cap        Slew       Delay        Time   Description
---------------------------------------------------------------------------------------------
                                  0.000000    0.000000   clock clk (rise edge)
                                  0.000000    0.000000   clock source latency
     1    0.010826    0.055153    0.036884    0.036884 ^ clk (in)
                                                         clk (net)
                      0.055161    0.000000    0.036884 ^ clkbuf_0_clk/A (sky130_fd_sc_hd__clkbuf_16)
     2    0.019278    0.041226    0.128211    0.165095 ^ clkbuf_0_clk/X (sky130_fd_sc_hd__clkbuf_16)
                                                         clknet_0_clk (net)
                      0.041230    0.000707    0.165803 ^ clkbuf_1_0__f_clk/A (sky130_fd_sc_hd__clkbuf_16)
     3    0.009200    0.032661    0.113642    0.279444 ^ clkbuf_1_0__f_clk/X (sky130_fd_sc_hd__clkbuf_16)
                                                         clknet_1_0__leaf_clk (net)
                      0.032663    0.000587    0.280031 ^ _31_/CLK (sky130_fd_sc_hd__dfrtp_1)
     4    0.009260    0.094373    0.353798    0.633829 ^ _31_/Q (sky130_fd_sc_hd__dfrtp_1)
                                                         state[1] (net)
                      0.094373    0.000260    0.634090 ^ _15_/A_N (sky130_fd_sc_hd__nand2b_1)
     2    0.007597    0.090876    0.142011    0.776101 ^ _15_/Y (sky130_fd_sc_hd__nand2b_1)
                                                         _06_ (net)
                      0.090876    0.000305    0.776406 ^ _26_/A1 (sky130_fd_sc_hd__o21ai_1)
     1    0.003083    0.038769    0.076876    0.853282 v _26_/Y (sky130_fd_sc_hd__o21ai_1)
                                                         next_state[0] (net)
                      0.038769    0.000211    0.853494 v _30_/D (sky130_fd_sc_hd__dfrtp_1)
                                              0.853494   data arrival time

                                  0.000000    0.000000   clock clk (rise edge)
                                  0.000000    0.000000   clock source latency
     1    0.010826    0.055153    0.036884    0.036884 ^ clk (in)
                                                         clk (net)
                      0.055161    0.000000    0.036884 ^ clkbuf_0_clk/A (sky130_fd_sc_hd__clkbuf_16)
     2    0.019278    0.041226    0.128211    0.165095 ^ clkbuf_0_clk/X (sky130_fd_sc_hd__clkbuf_16)
                                                         clknet_0_clk (net)
                      0.041230    0.000707    0.165803 ^ clkbuf_1_0__f_clk/A (sky130_fd_sc_hd__clkbuf_16)
     3    0.009200    0.032661    0.113642    0.279444 ^ clkbuf_1_0__f_clk/X (sky130_fd_sc_hd__clkbuf_16)
                                                         clknet_1_0__leaf_clk (net)
                      0.032663    0.000506    0.279950 ^ _30_/CLK (sky130_fd_sc_hd__dfrtp_1)
                                  0.250000    0.529950   clock uncertainty
                                  0.000000    0.529950   clock reconvergence pessimism
                                 -0.046053    0.483897   library hold time
                                              0.483897   data required time
---------------------------------------------------------------------------------------------
                                              0.483897   data required time
                                             -0.853494   data arrival time
---------------------------------------------------------------------------------------------
                                              0.369596   slack (MET)


Startpoint: _34_ (rising edge-triggered flip-flop clocked by clk)
Endpoint: _34_ (rising edge-triggered flip-flop clocked by clk)
Path Group: clk
Path Type: min

Fanout         Cap        Slew       Delay        Time   Description
---------------------------------------------------------------------------------------------
                                  0.000000    0.000000   clock clk (rise edge)
                                  0.000000    0.000000   clock source latency
     1    0.010826    0.055153    0.036884    0.036884 ^ clk (in)
                                                         clk (net)
                      0.055161    0.000000    0.036884 ^ clkbuf_0_clk/A (sky130_fd_sc_hd__clkbuf_16)
     2    0.019278    0.041226    0.128211    0.165095 ^ clkbuf_0_clk/X (sky130_fd_sc_hd__clkbuf_16)
                                                         clknet_0_clk (net)
                      0.041231    0.000796    0.165891 ^ clkbuf_1_1__f_clk/A (sky130_fd_sc_hd__clkbuf_16)
     3    0.012303    0.035315    0.116581    0.282472 ^ clkbuf_1_1__f_clk/X (sky130_fd_sc_hd__clkbuf_16)
                                                         clknet_1_1__leaf_clk (net)
                      0.035316    0.000716    0.283188 ^ _34_/CLK (sky130_fd_sc_hd__dfrtp_1)
     3    0.008302    0.087844    0.348284    0.631472 ^ _34_/Q (sky130_fd_sc_hd__dfrtp_1)
                                                         sym_cnt[2] (net)
                      0.087845    0.000509    0.631980 ^ _20_/B1 (sky130_fd_sc_hd__a21o_1)
     1    0.003959    0.044251    0.094805    0.726785 ^ _20_/X (sky130_fd_sc_hd__a21o_1)
                                                         _09_ (net)
                      0.044252    0.000277    0.727062 ^ _22_/B (sky130_fd_sc_hd__and3_1)
     1    0.002691    0.048404    0.138987    0.866049 ^ _22_/X (sky130_fd_sc_hd__and3_1)
                                                         _02_ (net)
                      0.048404    0.000200    0.866249 ^ _34_/D (sky130_fd_sc_hd__dfrtp_1)
                                              0.866249   data arrival time

                                  0.000000    0.000000   clock clk (rise edge)
                                  0.000000    0.000000   clock source latency
     1    0.010826    0.055153    0.036884    0.036884 ^ clk (in)
                                                         clk (net)
                      0.055161    0.000000    0.036884 ^ clkbuf_0_clk/A (sky130_fd_sc_hd__clkbuf_16)
     2    0.019278    0.041226    0.128211    0.165095 ^ clkbuf_0_clk/X (sky130_fd_sc_hd__clkbuf_16)
                                                         clknet_0_clk (net)
                      0.041231    0.000796    0.165891 ^ clkbuf_1_1__f_clk/A (sky130_fd_sc_hd__clkbuf_16)
     3    0.012303    0.035315    0.116581    0.282472 ^ clkbuf_1_1__f_clk/X (sky130_fd_sc_hd__clkbuf_16)
                                                         clknet_1_1__leaf_clk (net)
                      0.035316    0.000716    0.283188 ^ _34_/CLK (sky130_fd_sc_hd__dfrtp_1)
                                  0.250000    0.533188   clock uncertainty
                                  0.000000    0.533188   clock reconvergence pessimism
                                 -0.036802    0.496386   library hold time
                                              0.496386   data required time
---------------------------------------------------------------------------------------------
                                              0.496386   data required time
                                             -0.866249   data arrival time
---------------------------------------------------------------------------------------------
                                              0.369863   slack (MET)


Startpoint: _33_ (rising edge-triggered flip-flop clocked by clk)
Endpoint: _33_ (rising edge-triggered flip-flop clocked by clk)
Path Group: clk
Path Type: min

Fanout         Cap        Slew       Delay        Time   Description
---------------------------------------------------------------------------------------------
                                  0.000000    0.000000   clock clk (rise edge)
                                  0.000000    0.000000   clock source latency
     1    0.010826    0.055153    0.036884    0.036884 ^ clk (in)
                                                         clk (net)
                      0.055161    0.000000    0.036884 ^ clkbuf_0_clk/A (sky130_fd_sc_hd__clkbuf_16)
     2    0.019278    0.041226    0.128211    0.165095 ^ clkbuf_0_clk/X (sky130_fd_sc_hd__clkbuf_16)
                                                         clknet_0_clk (net)
                      0.041231    0.000796    0.165891 ^ clkbuf_1_1__f_clk/A (sky130_fd_sc_hd__clkbuf_16)
     3    0.012303    0.035315    0.116581    0.282472 ^ clkbuf_1_1__f_clk/X (sky130_fd_sc_hd__clkbuf_16)
                                                         clknet_1_1__leaf_clk (net)
                      0.035315    0.000406    0.282878 ^ _33_/CLK (sky130_fd_sc_hd__dfrtp_1)
     5    0.014031    0.088483    0.403840    0.686718 v _33_/Q (sky130_fd_sc_hd__dfrtp_1)
                                                         sym_cnt[1] (net)
                      0.088498    0.001165    0.687883 v _18_/A (sky130_fd_sc_hd__nand2_1)
     1    0.002946    0.045117    0.072588    0.760471 ^ _18_/Y (sky130_fd_sc_hd__nand2_1)
                                                         _08_ (net)
                      0.045118    0.000218    0.760688 ^ _19_/C (sky130_fd_sc_hd__and3_1)
     1    0.003407    0.054630    0.151321    0.912009 ^ _19_/X (sky130_fd_sc_hd__and3_1)
                                                         _01_ (net)
                      0.054630    0.000215    0.912224 ^ _33_/D (sky130_fd_sc_hd__dfrtp_1)
                                              0.912224   data arrival time

                                  0.000000    0.000000   clock clk (rise edge)
                                  0.000000    0.000000   clock source latency
     1    0.010826    0.055153    0.036884    0.036884 ^ clk (in)
                                                         clk (net)
                      0.055161    0.000000    0.036884 ^ clkbuf_0_clk/A (sky130_fd_sc_hd__clkbuf_16)
     2    0.019278    0.041226    0.128211    0.165095 ^ clkbuf_0_clk/X (sky130_fd_sc_hd__clkbuf_16)
                                                         clknet_0_clk (net)
                      0.041231    0.000796    0.165891 ^ clkbuf_1_1__f_clk/A (sky130_fd_sc_hd__clkbuf_16)
     3    0.012303    0.035315    0.116581    0.282472 ^ clkbuf_1_1__f_clk/X (sky130_fd_sc_hd__clkbuf_16)
                                                         clknet_1_1__leaf_clk (net)
                      0.035315    0.000406    0.282878 ^ _33_/CLK (sky130_fd_sc_hd__dfrtp_1)
                                  0.250000    0.532878   clock uncertainty
                                  0.000000    0.532878   clock reconvergence pessimism
                                 -0.038109    0.494769   library hold time
                                              0.494769   data required time
---------------------------------------------------------------------------------------------
                                              0.494769   data required time
                                             -0.912224   data arrival time
---------------------------------------------------------------------------------------------
                                              0.417455   slack (MET)


Startpoint: _34_ (rising edge-triggered flip-flop clocked by clk)
Endpoint: _35_ (rising edge-triggered flip-flop clocked by clk)
Path Group: clk
Path Type: min

Fanout         Cap        Slew       Delay        Time   Description
---------------------------------------------------------------------------------------------
                                  0.000000    0.000000   clock clk (rise edge)
                                  0.000000    0.000000   clock source latency
     1    0.010826    0.055153    0.036884    0.036884 ^ clk (in)
                                                         clk (net)
                      0.055161    0.000000    0.036884 ^ clkbuf_0_clk/A (sky130_fd_sc_hd__clkbuf_16)
     2    0.019278    0.041226    0.128211    0.165095 ^ clkbuf_0_clk/X (sky130_fd_sc_hd__clkbuf_16)
                                                         clknet_0_clk (net)
                      0.041231    0.000796    0.165891 ^ clkbuf_1_1__f_clk/A (sky130_fd_sc_hd__clkbuf_16)
     3    0.012303    0.035315    0.116581    0.282472 ^ clkbuf_1_1__f_clk/X (sky130_fd_sc_hd__clkbuf_16)
                                                         clknet_1_1__leaf_clk (net)
                      0.035316    0.000716    0.283188 ^ _34_/CLK (sky130_fd_sc_hd__dfrtp_1)
     3    0.007679    0.062250    0.376280    0.659468 v _34_/Q (sky130_fd_sc_hd__dfrtp_1)
                                                         sym_cnt[2] (net)
                      0.062252    0.000391    0.659859 v _21_/C (sky130_fd_sc_hd__nand3_1)
     2    0.005937    0.077940    0.103618    0.763477 ^ _21_/Y (sky130_fd_sc_hd__nand3_1)
                                                         _10_ (net)
                      0.077941    0.000349    0.763825 ^ _23_/C (sky130_fd_sc_hd__and3_1)
     1    0.003538    0.055647    0.160169    0.923995 ^ _23_/X (sky130_fd_sc_hd__and3_1)
                                                         _03_ (net)
                      0.055647    0.000222    0.924216 ^ _35_/D (sky130_fd_sc_hd__dfrtp_1)
                                              0.924216   data arrival time

                                  0.000000    0.000000   clock clk (rise edge)
                                  0.000000    0.000000   clock source latency
     1    0.010826    0.055153    0.036884    0.036884 ^ clk (in)
                                                         clk (net)
                      0.055161    0.000000    0.036884 ^ clkbuf_0_clk/A (sky130_fd_sc_hd__clkbuf_16)
     2    0.019278    0.041226    0.128211    0.165095 ^ clkbuf_0_clk/X (sky130_fd_sc_hd__clkbuf_16)
                                                         clknet_0_clk (net)
                      0.041230    0.000707    0.165803 ^ clkbuf_1_0__f_clk/A (sky130_fd_sc_hd__clkbuf_16)
     3    0.009200    0.032661    0.113642    0.279444 ^ clkbuf_1_0__f_clk/X (sky130_fd_sc_hd__clkbuf_16)
                                                         clknet_1_0__leaf_clk (net)
                      0.032663    0.000512    0.279957 ^ _35_/CLK (sky130_fd_sc_hd__dfrtp_1)
                                  0.250000    0.529957   clock uncertainty
                                  0.000000    0.529957   clock reconvergence pessimism
                                 -0.038685    0.491272   library hold time
                                              0.491272   data required time
---------------------------------------------------------------------------------------------
                                              0.491272   data required time
                                             -0.924216   data arrival time
---------------------------------------------------------------------------------------------
                                              0.432945   slack (MET)


Startpoint: _35_ (rising edge-triggered flip-flop clocked by clk)
Endpoint: _31_ (rising edge-triggered flip-flop clocked by clk)
Path Group: clk
Path Type: min

Fanout         Cap        Slew       Delay        Time   Description
---------------------------------------------------------------------------------------------
                                  0.000000    0.000000   clock clk (rise edge)
                                  0.000000    0.000000   clock source latency
     1    0.010826    0.055153    0.036884    0.036884 ^ clk (in)
                                                         clk (net)
                      0.055161    0.000000    0.036884 ^ clkbuf_0_clk/A (sky130_fd_sc_hd__clkbuf_16)
     2    0.019278    0.041226    0.128211    0.165095 ^ clkbuf_0_clk/X (sky130_fd_sc_hd__clkbuf_16)
                                                         clknet_0_clk (net)
                      0.041230    0.000707    0.165803 ^ clkbuf_1_0__f_clk/A (sky130_fd_sc_hd__clkbuf_16)
     3    0.009200    0.032661    0.113642    0.279444 ^ clkbuf_1_0__f_clk/X (sky130_fd_sc_hd__clkbuf_16)
                                                         clknet_1_0__leaf_clk (net)
                      0.032663    0.000512    0.279957 ^ _35_/CLK (sky130_fd_sc_hd__dfrtp_1)
     2    0.004789    0.060146    0.323793    0.603750 ^ _35_/Q (sky130_fd_sc_hd__dfrtp_1)
                                                         sym_cnt[3] (net)
                      0.060146    0.000240    0.603990 ^ _24_/A_N (sky130_fd_sc_hd__and4b_1)
     2    0.009126    0.062602    0.218069    0.822059 v _24_/X (sky130_fd_sc_hd__and4b_1)
                                                         _11_ (net)
                      0.062603    0.000402    0.822461 v _27_/B (sky130_fd_sc_hd__and2_1)
     1    0.003361    0.036258    0.161152    0.983613 v _27_/X (sky130_fd_sc_hd__and2_1)
                                                         next_state[1] (net)
                      0.036258    0.000210    0.983823 v _31_/D (sky130_fd_sc_hd__dfrtp_1)
                                              0.983823   data arrival time

                                  0.000000    0.000000   clock clk (rise edge)
                                  0.000000    0.000000   clock source latency
     1    0.010826    0.055153    0.036884    0.036884 ^ clk (in)
                                                         clk (net)
                      0.055161    0.000000    0.036884 ^ clkbuf_0_clk/A (sky130_fd_sc_hd__clkbuf_16)
     2    0.019278    0.041226    0.128211    0.165095 ^ clkbuf_0_clk/X (sky130_fd_sc_hd__clkbuf_16)
                                                         clknet_0_clk (net)
                      0.041230    0.000707    0.165803 ^ clkbuf_1_0__f_clk/A (sky130_fd_sc_hd__clkbuf_16)
     3    0.009200    0.032661    0.113642    0.279444 ^ clkbuf_1_0__f_clk/X (sky130_fd_sc_hd__clkbuf_16)
                                                         clknet_1_0__leaf_clk (net)
                      0.032663    0.000587    0.280031 ^ _31_/CLK (sky130_fd_sc_hd__dfrtp_1)
                                  0.250000    0.530031   clock uncertainty
                                  0.000000    0.530031   clock reconvergence pessimism
                                 -0.045030    0.485001   library hold time
                                              0.485001   data required time
---------------------------------------------------------------------------------------------
                                              0.485001   data required time
                                             -0.983823   data arrival time
---------------------------------------------------------------------------------------------
                                              0.498822   slack (MET)


Startpoint: rst_n (input port clocked by clk)
Endpoint: _34_ (removal check against rising-edge clock clk)
Path Group: asynchronous
Path Type: min

Fanout         Cap        Slew       Delay        Time   Description
---------------------------------------------------------------------------------------------
                                  0.000000    0.000000   clock clk (rise edge)
                                  0.000000    0.000000   clock network delay (propagated)
                                 20.000000   20.000000 ^ input external delay
     1    0.003266    0.021757    0.011996   20.011995 ^ rst_n (in)
                                                         rst_n (net)
                      0.021758    0.000000   20.011995 ^ input1/A (sky130_fd_sc_hd__clkbuf_2)
     6    0.032423    0.179388    0.189935   20.201931 ^ input1/X (sky130_fd_sc_hd__clkbuf_2)
                                                         net1 (net)
                      0.179462    0.003011   20.204943 ^ _34_/RESET_B (sky130_fd_sc_hd__dfrtp_1)
                                             20.204943   data arrival time

                                  0.000000    0.000000   clock clk (rise edge)
                                  0.000000    0.000000   clock source latency
     1    0.010826    0.055153    0.036884    0.036884 ^ clk (in)
                                                         clk (net)
                      0.055161    0.000000    0.036884 ^ clkbuf_0_clk/A (sky130_fd_sc_hd__clkbuf_16)
     2    0.019278    0.041226    0.128211    0.165095 ^ clkbuf_0_clk/X (sky130_fd_sc_hd__clkbuf_16)
                                                         clknet_0_clk (net)
                      0.041231    0.000796    0.165891 ^ clkbuf_1_1__f_clk/A (sky130_fd_sc_hd__clkbuf_16)
     3    0.012303    0.035315    0.116581    0.282472 ^ clkbuf_1_1__f_clk/X (sky130_fd_sc_hd__clkbuf_16)
                                                         clknet_1_1__leaf_clk (net)
                      0.035316    0.000716    0.283188 ^ _34_/CLK (sky130_fd_sc_hd__dfrtp_1)
                                  0.250000    0.533188   clock uncertainty
                                  0.000000    0.533188   clock reconvergence pessimism
                                  0.354609    0.887797   library removal time
                                              0.887797   data required time
---------------------------------------------------------------------------------------------
                                              0.887797   data required time
                                            -20.204943   data arrival time
---------------------------------------------------------------------------------------------
                                             19.317146   slack (MET)


Startpoint: rst_n (input port clocked by clk)
Endpoint: _33_ (removal check against rising-edge clock clk)
Path Group: asynchronous
Path Type: min

Fanout         Cap        Slew       Delay        Time   Description
---------------------------------------------------------------------------------------------
                                  0.000000    0.000000   clock clk (rise edge)
                                  0.000000    0.000000   clock network delay (propagated)
                                 20.000000   20.000000 ^ input external delay
     1    0.003266    0.021757    0.011996   20.011995 ^ rst_n (in)
                                                         rst_n (net)
                      0.021758    0.000000   20.011995 ^ input1/A (sky130_fd_sc_hd__clkbuf_2)
     6    0.032423    0.179388    0.189935   20.201931 ^ input1/X (sky130_fd_sc_hd__clkbuf_2)
                                                         net1 (net)
                      0.179448    0.002718   20.204649 ^ _33_/RESET_B (sky130_fd_sc_hd__dfrtp_1)
                                             20.204649   data arrival time

                                  0.000000    0.000000   clock clk (rise edge)
                                  0.000000    0.000000   clock source latency
     1    0.010826    0.055153    0.036884    0.036884 ^ clk (in)
                                                         clk (net)
                      0.055161    0.000000    0.036884 ^ clkbuf_0_clk/A (sky130_fd_sc_hd__clkbuf_16)
     2    0.019278    0.041226    0.128211    0.165095 ^ clkbuf_0_clk/X (sky130_fd_sc_hd__clkbuf_16)
                                                         clknet_0_clk (net)
                      0.041231    0.000796    0.165891 ^ clkbuf_1_1__f_clk/A (sky130_fd_sc_hd__clkbuf_16)
     3    0.012303    0.035315    0.116581    0.282472 ^ clkbuf_1_1__f_clk/X (sky130_fd_sc_hd__clkbuf_16)
                                                         clknet_1_1__leaf_clk (net)
                      0.035315    0.000406    0.282878 ^ _33_/CLK (sky130_fd_sc_hd__dfrtp_1)
                                  0.250000    0.532878   clock uncertainty
                                  0.000000    0.532878   clock reconvergence pessimism
                                  0.354604    0.887482   library removal time
                                              0.887482   data required time
---------------------------------------------------------------------------------------------
                                              0.887482   data required time
                                            -20.204649   data arrival time
---------------------------------------------------------------------------------------------
                                             19.317167   slack (MET)


Startpoint: rst_n (input port clocked by clk)
Endpoint: _32_ (removal check against rising-edge clock clk)
Path Group: asynchronous
Path Type: min

Fanout         Cap        Slew       Delay        Time   Description
---------------------------------------------------------------------------------------------
                                  0.000000    0.000000   clock clk (rise edge)
                                  0.000000    0.000000   clock network delay (propagated)
                                 20.000000   20.000000 ^ input external delay
     1    0.003266    0.021757    0.011996   20.011995 ^ rst_n (in)
                                                         rst_n (net)
                      0.021758    0.000000   20.011995 ^ input1/A (sky130_fd_sc_hd__clkbuf_2)
     6    0.032423    0.179388    0.189935   20.201931 ^ input1/X (sky130_fd_sc_hd__clkbuf_2)
                                                         net1 (net)
                      0.179487    0.003464   20.205395 ^ _32_/RESET_B (sky130_fd_sc_hd__dfrtp_1)
                                             20.205395   data arrival time

                                  0.000000    0.000000   clock clk (rise edge)
                                  0.000000    0.000000   clock source latency
     1    0.010826    0.055153    0.036884    0.036884 ^ clk (in)
                                                         clk (net)
                      0.055161    0.000000    0.036884 ^ clkbuf_0_clk/A (sky130_fd_sc_hd__clkbuf_16)
     2    0.019278    0.041226    0.128211    0.165095 ^ clkbuf_0_clk/X (sky130_fd_sc_hd__clkbuf_16)
                                                         clknet_0_clk (net)
                      0.041231    0.000796    0.165891 ^ clkbuf_1_1__f_clk/A (sky130_fd_sc_hd__clkbuf_16)
     3    0.012303    0.035315    0.116581    0.282472 ^ clkbuf_1_1__f_clk/X (sky130_fd_sc_hd__clkbuf_16)
                                                         clknet_1_1__leaf_clk (net)
                      0.035316    0.000670    0.283141 ^ _32_/CLK (sky130_fd_sc_hd__dfrtp_1)
                                  0.250000    0.533141   clock uncertainty
                                  0.000000    0.533141   clock reconvergence pessimism
                                  0.354615    0.887757   library removal time
                                              0.887757   data required time
---------------------------------------------------------------------------------------------
                                              0.887757   data required time
                                            -20.205395   data arrival time
---------------------------------------------------------------------------------------------
                                             19.317638   slack (MET)


Startpoint: rst_n (input port clocked by clk)
Endpoint: _35_ (removal check against rising-edge clock clk)
Path Group: asynchronous
Path Type: min

Fanout         Cap        Slew       Delay        Time   Description
---------------------------------------------------------------------------------------------
                                  0.000000    0.000000   clock clk (rise edge)
                                  0.000000    0.000000   clock network delay (propagated)
                                 20.000000   20.000000 ^ input external delay
     1    0.003266    0.021757    0.011996   20.011995 ^ rst_n (in)
                                                         rst_n (net)
                      0.021758    0.000000   20.011995 ^ input1/A (sky130_fd_sc_hd__clkbuf_2)
     6    0.032423    0.179388    0.189935   20.201931 ^ input1/X (sky130_fd_sc_hd__clkbuf_2)
                                                         net1 (net)
                      0.179488    0.003494   20.205425 ^ _35_/RESET_B (sky130_fd_sc_hd__dfrtp_1)
                                             20.205425   data arrival time

                                  0.000000    0.000000   clock clk (rise edge)
                                  0.000000    0.000000   clock source latency
     1    0.010826    0.055153    0.036884    0.036884 ^ clk (in)
                                                         clk (net)
                      0.055161    0.000000    0.036884 ^ clkbuf_0_clk/A (sky130_fd_sc_hd__clkbuf_16)
     2    0.019278    0.041226    0.128211    0.165095 ^ clkbuf_0_clk/X (sky130_fd_sc_hd__clkbuf_16)
                                                         clknet_0_clk (net)
                      0.041230    0.000707    0.165803 ^ clkbuf_1_0__f_clk/A (sky130_fd_sc_hd__clkbuf_16)
     3    0.009200    0.032661    0.113642    0.279444 ^ clkbuf_1_0__f_clk/X (sky130_fd_sc_hd__clkbuf_16)
                                                         clknet_1_0__leaf_clk (net)
                      0.032663    0.000512    0.279957 ^ _35_/CLK (sky130_fd_sc_hd__dfrtp_1)
                                  0.250000    0.529957   clock uncertainty
                                  0.000000    0.529957   clock reconvergence pessimism
                                  0.353894    0.883851   library removal time
                                              0.883851   data required time
---------------------------------------------------------------------------------------------
                                              0.883851   data required time
                                            -20.205425   data arrival time
---------------------------------------------------------------------------------------------
                                             19.321575   slack (MET)


Startpoint: rst_n (input port clocked by clk)
Endpoint: _30_ (removal check against rising-edge clock clk)
Path Group: asynchronous
Path Type: min

Fanout         Cap        Slew       Delay        Time   Description
---------------------------------------------------------------------------------------------
                                  0.000000    0.000000   clock clk (rise edge)
                                  0.000000    0.000000   clock network delay (propagated)
                                 20.000000   20.000000 ^ input external delay
     1    0.003266    0.021757    0.011996   20.011995 ^ rst_n (in)
                                                         rst_n (net)
                      0.021758    0.000000   20.011995 ^ input1/A (sky130_fd_sc_hd__clkbuf_2)
     6    0.032423    0.179388    0.189935   20.201931 ^ input1/X (sky130_fd_sc_hd__clkbuf_2)
                                                         net1 (net)
                      0.179496    0.003622   20.205553 ^ _30_/RESET_B (sky130_fd_sc_hd__dfrtp_1)
                                             20.205553   data arrival time

                                  0.000000    0.000000   clock clk (rise edge)
                                  0.000000    0.000000   clock source latency
     1    0.010826    0.055153    0.036884    0.036884 ^ clk (in)
                                                         clk (net)
                      0.055161    0.000000    0.036884 ^ clkbuf_0_clk/A (sky130_fd_sc_hd__clkbuf_16)
     2    0.019278    0.041226    0.128211    0.165095 ^ clkbuf_0_clk/X (sky130_fd_sc_hd__clkbuf_16)
                                                         clknet_0_clk (net)
                      0.041230    0.000707    0.165803 ^ clkbuf_1_0__f_clk/A (sky130_fd_sc_hd__clkbuf_16)
     3    0.009200    0.032661    0.113642    0.279444 ^ clkbuf_1_0__f_clk/X (sky130_fd_sc_hd__clkbuf_16)
                                                         clknet_1_0__leaf_clk (net)
                      0.032663    0.000506    0.279950 ^ _30_/CLK (sky130_fd_sc_hd__dfrtp_1)
                                  0.250000    0.529950   clock uncertainty
                                  0.000000    0.529950   clock reconvergence pessimism
                                  0.353896    0.883847   library removal time
                                              0.883847   data required time
---------------------------------------------------------------------------------------------
                                              0.883847   data required time
                                            -20.205553   data arrival time
---------------------------------------------------------------------------------------------
                                             19.321707   slack (MET)


Startpoint: rst_n (input port clocked by clk)
Endpoint: _31_ (removal check against rising-edge clock clk)
Path Group: asynchronous
Path Type: min

Fanout         Cap        Slew       Delay        Time   Description
---------------------------------------------------------------------------------------------
                                  0.000000    0.000000   clock clk (rise edge)
                                  0.000000    0.000000   clock network delay (propagated)
                                 20.000000   20.000000 ^ input external delay
     1    0.003266    0.021757    0.011996   20.011995 ^ rst_n (in)
                                                         rst_n (net)
                      0.021758    0.000000   20.011995 ^ input1/A (sky130_fd_sc_hd__clkbuf_2)
     6    0.032423    0.179388    0.189935   20.201931 ^ input1/X (sky130_fd_sc_hd__clkbuf_2)
                                                         net1 (net)
                      0.179504    0.003745   20.205675 ^ _31_/RESET_B (sky130_fd_sc_hd__dfrtp_1)
                                             20.205675   data arrival time

                                  0.000000    0.000000   clock clk (rise edge)
                                  0.000000    0.000000   clock source latency
     1    0.010826    0.055153    0.036884    0.036884 ^ clk (in)
                                                         clk (net)
                      0.055161    0.000000    0.036884 ^ clkbuf_0_clk/A (sky130_fd_sc_hd__clkbuf_16)
     2    0.019278    0.041226    0.128211    0.165095 ^ clkbuf_0_clk/X (sky130_fd_sc_hd__clkbuf_16)
                                                         clknet_0_clk (net)
                      0.041230    0.000707    0.165803 ^ clkbuf_1_0__f_clk/A (sky130_fd_sc_hd__clkbuf_16)
     3    0.009200    0.032661    0.113642    0.279444 ^ clkbuf_1_0__f_clk/X (sky130_fd_sc_hd__clkbuf_16)
                                                         clknet_1_0__leaf_clk (net)
                      0.032663    0.000587    0.280031 ^ _31_/CLK (sky130_fd_sc_hd__dfrtp_1)
                                  0.250000    0.530031   clock uncertainty
                                  0.000000    0.530031   clock reconvergence pessimism
                                  0.353899    0.883929   library removal time
                                              0.883929   data required time
---------------------------------------------------------------------------------------------
                                              0.883929   data required time
                                            -20.205675   data arrival time
---------------------------------------------------------------------------------------------
                                             19.321747   slack (MET)


Startpoint: _30_ (rising edge-triggered flip-flop clocked by clk)
Endpoint: clr_me (output port clocked by clk)
Path Group: clk
Path Type: min

Fanout         Cap        Slew       Delay        Time   Description
---------------------------------------------------------------------------------------------
                                  0.000000    0.000000   clock clk (rise edge)
                                  0.000000    0.000000   clock source latency
     1    0.010826    0.055153    0.036884    0.036884 ^ clk (in)
                                                         clk (net)
                      0.055161    0.000000    0.036884 ^ clkbuf_0_clk/A (sky130_fd_sc_hd__clkbuf_16)
     2    0.019278    0.041226    0.128211    0.165095 ^ clkbuf_0_clk/X (sky130_fd_sc_hd__clkbuf_16)
                                                         clknet_0_clk (net)
                      0.041230    0.000707    0.165803 ^ clkbuf_1_0__f_clk/A (sky130_fd_sc_hd__clkbuf_16)
     3    0.009200    0.032661    0.113642    0.279444 ^ clkbuf_1_0__f_clk/X (sky130_fd_sc_hd__clkbuf_16)
                                                         clknet_1_0__leaf_clk (net)
                      0.032663    0.000506    0.279950 ^ _30_/CLK (sky130_fd_sc_hd__dfrtp_1)
     5    0.016499    0.099515    0.412825    0.692775 v _30_/Q (sky130_fd_sc_hd__dfrtp_1)
                                                         state[0] (net)
                      0.099533    0.001301    0.694076 v _13_/A (sky130_fd_sc_hd__inv_2)
     1    0.002811    0.033395    0.058414    0.752490 ^ _13_/Y (sky130_fd_sc_hd__inv_2)
                                                         _04_ (net)
                      0.033395    0.000129    0.752619 ^ _29_/A1 (sky130_fd_sc_hd__a211oi_1)
     1    0.002320    0.045968    0.051466    0.804085 v _29_/Y (sky130_fd_sc_hd__a211oi_1)
                                                         net3 (net)
                      0.045968    0.000156    0.804242 v output3/A (sky130_fd_sc_hd__buf_2)
     1    0.034453    0.090295    0.180110    0.984351 v output3/X (sky130_fd_sc_hd__buf_2)
                                                         clr_me (net)
                      0.090329    0.001612    0.985964 v clr_me (out)
                                              0.985964   data arrival time

                                  0.000000    0.000000   clock clk (rise edge)
                                  0.000000    0.000000   clock network delay (propagated)
                                  0.250000    0.250000   clock uncertainty
                                  0.000000    0.250000   clock reconvergence pessimism
                                -20.000000  -19.750002   output external delay
                                            -19.750002   data required time
---------------------------------------------------------------------------------------------
                                            -19.750002   data required time
                                             -0.985964   data arrival time
---------------------------------------------------------------------------------------------
                                             20.735964   slack (MET)


Startpoint: _31_ (rising edge-triggered flip-flop clocked by clk)
Endpoint: frame_done (output port clocked by clk)
Path Group: clk
Path Type: min

Fanout         Cap        Slew       Delay        Time   Description
---------------------------------------------------------------------------------------------
                                  0.000000    0.000000   clock clk (rise edge)
                                  0.000000    0.000000   clock source latency
     1    0.010826    0.055153    0.036884    0.036884 ^ clk (in)
                                                         clk (net)
                      0.055161    0.000000    0.036884 ^ clkbuf_0_clk/A (sky130_fd_sc_hd__clkbuf_16)
     2    0.019278    0.041226    0.128211    0.165095 ^ clkbuf_0_clk/X (sky130_fd_sc_hd__clkbuf_16)
                                                         clknet_0_clk (net)
                      0.041230    0.000707    0.165803 ^ clkbuf_1_0__f_clk/A (sky130_fd_sc_hd__clkbuf_16)
     3    0.009200    0.032661    0.113642    0.279444 ^ clkbuf_1_0__f_clk/X (sky130_fd_sc_hd__clkbuf_16)
                                                         clknet_1_0__leaf_clk (net)
                      0.032663    0.000587    0.280031 ^ _31_/CLK (sky130_fd_sc_hd__dfrtp_1)
     4    0.008732    0.066431    0.381005    0.661036 v _31_/Q (sky130_fd_sc_hd__dfrtp_1)
                                                         state[1] (net)
                      0.066432    0.000415    0.661451 v _28_/B (sky130_fd_sc_hd__and2b_1)
     2    0.016305    0.089984    0.216261    0.877712 v _28_/X (sky130_fd_sc_hd__and2b_1)
                                                         net4 (net)
                      0.090003    0.001282    0.878994 v output4/A (sky130_fd_sc_hd__buf_2)
     1    0.033923    0.089138    0.198997    1.077991 v output4/X (sky130_fd_sc_hd__buf_2)
                                                         frame_done (net)
                      0.089171    0.001583    1.079574 v frame_done (out)
                                              1.079574   data arrival time

                                  0.000000    0.000000   clock clk (rise edge)
                                  0.000000    0.000000   clock network delay (propagated)
                                  0.250000    0.250000   clock uncertainty
                                  0.000000    0.250000   clock reconvergence pessimism
                                -20.000000  -19.750002   output external delay
                                            -19.750002   data required time
---------------------------------------------------------------------------------------------
                                            -19.750002   data required time
                                             -1.079574   data arrival time
---------------------------------------------------------------------------------------------
                                             20.829575   slack (MET)



