
===========================================================================
report_checks -path_delay max (Setup)
============================================================================
======================= nom_tt_025C_1v80 Corner ===================================

Startpoint: received[0] (input port clocked by clk)
Endpoint: SMU_Top (rising edge-triggered flip-flop clocked by clk)
Path Group: clk
Path Type: max

Fanout         Cap        Slew       Delay        Time   Description
---------------------------------------------------------------------------------------------
                                  0.000000    0.000000   clock clk (rise edge)
                                  0.000000    0.000000   clock network delay (propagated)
                                 20.000000   20.000000 ^ input external delay
     1    0.015413    0.075272    0.051593   20.051594 ^ received[0] (in)
                                                         received[0] (net)
                      0.075281    0.000000   20.051594 ^ BMU/received[0] (Branch_Metrics)
     1    0.011048    0.101084    1.507379   21.558971 ^ BMU/bm_10_11[0] (Branch_Metrics)
                                                         bm_10_11[0] (net)
                      0.101084    0.000185   21.559156 ^ PMU_Top/bm_10_11[0] (Path_Metric_Unit)
     1    0.007268    0.075180    3.836208   25.395365 ^ PMU_Top/servivor_select_11 (Path_Metric_Unit)
                                                         servivor_select_11 (net)
                      0.075180    0.000078   25.395443 ^ SMU_Top/survivor_select_11 (Survivor_Memory_Unit)
                                             25.395443   data arrival time

                                100.000000  100.000000   clock clk (rise edge)
                                  0.000000  100.000000   clock source latency
     3    0.071154    0.322413    0.225135  100.225136 ^ clk (in)
                                                         clk (net)
                      0.322586    0.000000  100.225136 ^ SMU_Top/clk (Survivor_Memory_Unit)
                                 -0.250000   99.975136   clock uncertainty
                                  0.000000   99.975136   clock reconvergence pessimism
                                 -1.929030   98.046104   library setup time
                                             98.046104   data required time
---------------------------------------------------------------------------------------------
                                             98.046104   data required time
                                            -25.395443   data arrival time
---------------------------------------------------------------------------------------------
                                             72.650658   slack (MET)


Startpoint: received[0] (input port clocked by clk)
Endpoint: SMU_Top (rising edge-triggered flip-flop clocked by clk)
Path Group: clk
Path Type: max

Fanout         Cap        Slew       Delay        Time   Description
---------------------------------------------------------------------------------------------
                                  0.000000    0.000000   clock clk (rise edge)
                                  0.000000    0.000000   clock network delay (propagated)
                                 20.000000   20.000000 ^ input external delay
     1    0.015413    0.075272    0.051593   20.051594 ^ received[0] (in)
                                                         received[0] (net)
                      0.075281    0.000000   20.051594 ^ BMU/received[0] (Branch_Metrics)
     1    0.014388    0.130515    1.457357   21.508949 ^ BMU/bm_00_00[0] (Branch_Metrics)
                                                         bm_00_00[0] (net)
                      0.130515    0.000281   21.509230 ^ PMU_Top/bm_00_00[0] (Path_Metric_Unit)
     1    0.007506    0.076777    3.790587   25.299818 ^ PMU_Top/servivor_select_00 (Path_Metric_Unit)
                                                         servivor_select_00 (net)
                      0.076777    0.000082   25.299900 ^ SMU_Top/survivor_select_00 (Survivor_Memory_Unit)
                                             25.299900   data arrival time

                                100.000000  100.000000   clock clk (rise edge)
                                  0.000000  100.000000   clock source latency
     3    0.071154    0.322413    0.225135  100.225136 ^ clk (in)
                                                         clk (net)
                      0.322586    0.000000  100.225136 ^ SMU_Top/clk (Survivor_Memory_Unit)
                                 -0.250000   99.975136   clock uncertainty
                                  0.000000   99.975136   clock reconvergence pessimism
                                 -1.984410   97.990723   library setup time
                                             97.990723   data required time
---------------------------------------------------------------------------------------------
                                             97.990723   data required time
                                            -25.299900   data arrival time
---------------------------------------------------------------------------------------------
                                             72.690826   slack (MET)


Startpoint: received[0] (input port clocked by clk)
Endpoint: SMU_Top (rising edge-triggered flip-flop clocked by clk)
Path Group: clk
Path Type: max

Fanout         Cap        Slew       Delay        Time   Description
---------------------------------------------------------------------------------------------
                                  0.000000    0.000000   clock clk (rise edge)
                                  0.000000    0.000000   clock network delay (propagated)
                                 20.000000   20.000000 ^ input external delay
     1    0.015413    0.075272    0.051593   20.051594 ^ received[0] (in)
                                                         received[0] (net)
                      0.075281    0.000000   20.051594 ^ BMU/received[0] (Branch_Metrics)
     1    0.010789    0.099287    1.534966   21.586559 ^ BMU/bm_00_10[0] (Branch_Metrics)
                                                         bm_00_10[0] (net)
                      0.099287    0.000190   21.586748 ^ PMU_Top/bm_00_10[0] (Path_Metric_Unit)
     1    0.007468    0.061741    3.539293   25.126043 v PMU_Top/servivor_select_10 (Path_Metric_Unit)
                                                         servivor_select_10 (net)
                      0.061741    0.000078   25.126120 v SMU_Top/survivor_select_10 (Survivor_Memory_Unit)
                                             25.126120   data arrival time

                                100.000000  100.000000   clock clk (rise edge)
                                  0.000000  100.000000   clock source latency
     3    0.071154    0.322413    0.225135  100.225136 ^ clk (in)
                                                         clk (net)
                      0.322586    0.000000  100.225136 ^ SMU_Top/clk (Survivor_Memory_Unit)
                                 -0.250000   99.975136   clock uncertainty
                                  0.000000   99.975136   clock reconvergence pessimism
                                 -1.923550   98.051582   library setup time
                                             98.051582   data required time
---------------------------------------------------------------------------------------------
                                             98.051582   data required time
                                            -25.126120   data arrival time
---------------------------------------------------------------------------------------------
                                             72.925461   slack (MET)


Startpoint: received[1] (input port clocked by clk)
Endpoint: SMU_Top (rising edge-triggered flip-flop clocked by clk)
Path Group: clk
Path Type: max

Fanout         Cap        Slew       Delay        Time   Description
---------------------------------------------------------------------------------------------
                                  0.000000    0.000000   clock clk (rise edge)
                                  0.000000    0.000000   clock network delay (propagated)
                                 20.000000   20.000000 ^ input external delay
     1    0.009911    0.051027    0.033820   20.033821 ^ received[1] (in)
                                                         received[1] (net)
                      0.051029    0.000000   20.033821 ^ BMU/received[1] (Branch_Metrics)
     1    0.011089    0.075230    1.155847   21.189667 v BMU/bm_10_01[1] (Branch_Metrics)
                                                         bm_10_01[1] (net)
                      0.075230    0.000178   21.189846 v PMU_Top/bm_10_01[1] (Path_Metric_Unit)
     1    0.007268    0.078152    4.283646   25.473490 ^ PMU_Top/servivor_select_01 (Path_Metric_Unit)
                                                         servivor_select_01 (net)
                      0.078152    0.000078   25.473568 ^ SMU_Top/survivor_select_01 (Survivor_Memory_Unit)
                                             25.473568   data arrival time

                                100.000000  100.000000   clock clk (rise edge)
                                  0.000000  100.000000   clock source latency
     3    0.071154    0.322413    0.225135  100.225136 ^ clk (in)
                                                         clk (net)
                      0.322586    0.000000  100.225136 ^ SMU_Top/clk (Survivor_Memory_Unit)
                                 -0.250000   99.975136   clock uncertainty
                                  0.000000   99.975136   clock reconvergence pessimism
                                 -0.840410   99.134727   library setup time
                                             99.134727   data required time
---------------------------------------------------------------------------------------------
                                             99.134727   data required time
                                            -25.473568   data arrival time
---------------------------------------------------------------------------------------------
                                             73.661156   slack (MET)


Startpoint: received[1] (input port clocked by clk)
Endpoint: PMU_Top (rising edge-triggered flip-flop clocked by clk)
Path Group: clk
Path Type: max

Fanout         Cap        Slew       Delay        Time   Description
---------------------------------------------------------------------------------------------
                                  0.000000    0.000000   clock clk (rise edge)
                                  0.000000    0.000000   clock network delay (propagated)
                                 20.000000   20.000000 ^ input external delay
     1    0.009911    0.051027    0.033820   20.033821 ^ received[1] (in)
                                                         received[1] (net)
                      0.051029    0.000000   20.033821 ^ BMU/received[1] (Branch_Metrics)
     1    0.011089    0.075230    1.155847   21.189667 v BMU/bm_10_01[1] (Branch_Metrics)
                                                         bm_10_01[1] (net)
                      0.075230    0.000178   21.189846 v PMU_Top/bm_10_01[1] (Path_Metric_Unit)
                                             21.189846   data arrival time

                                100.000000  100.000000   clock clk (rise edge)
                                  0.000000  100.000000   clock source latency
     3    0.071154    0.322413    0.226436  100.226433 ^ clk (in)
                                                         clk (net)
                      0.322667    0.000000  100.226433 ^ PMU_Top/clk (Path_Metric_Unit)
                                 -0.250000   99.976433   clock uncertainty
                                  0.000000   99.976433   clock reconvergence pessimism
                                 -3.921220   96.055214   library setup time
                                             96.055214   data required time
---------------------------------------------------------------------------------------------
                                             96.055214   data required time
                                            -21.189846   data arrival time
---------------------------------------------------------------------------------------------
                                             74.865372   slack (MET)


Startpoint: received[0] (input port clocked by clk)
Endpoint: PMU_Top (rising edge-triggered flip-flop clocked by clk)
Path Group: clk
Path Type: max

Fanout         Cap        Slew       Delay        Time   Description
---------------------------------------------------------------------------------------------
                                  0.000000    0.000000   clock clk (rise edge)
                                  0.000000    0.000000   clock network delay (propagated)
                                 20.000000   20.000000 ^ input external delay
     1    0.015413    0.075272    0.051593   20.051594 ^ received[0] (in)
                                                         received[0] (net)
                      0.075281    0.000000   20.051594 ^ BMU/received[0] (Branch_Metrics)
     1    0.010089    0.094412    1.506708   21.558300 ^ BMU/bm_11_01[0] (Branch_Metrics)
                                                         bm_11_01[0] (net)
                      0.094412    0.000172   21.558474 ^ PMU_Top/bm_11_01[0] (Path_Metric_Unit)
                                             21.558474   data arrival time

                                100.000000  100.000000   clock clk (rise edge)
                                  0.000000  100.000000   clock source latency
     3    0.071154    0.322413    0.226436  100.226433 ^ clk (in)
                                                         clk (net)
                      0.322667    0.000000  100.226433 ^ PMU_Top/clk (Path_Metric_Unit)
                                 -0.250000   99.976433   clock uncertainty
                                  0.000000   99.976433   clock reconvergence pessimism
                                 -3.532640   96.443794   library setup time
                                             96.443794   data required time
---------------------------------------------------------------------------------------------
                                             96.443794   data required time
                                            -21.558474   data arrival time
---------------------------------------------------------------------------------------------
                                             74.885323   slack (MET)


Startpoint: received[0] (input port clocked by clk)
Endpoint: PMU_Top (rising edge-triggered flip-flop clocked by clk)
Path Group: clk
Path Type: max

Fanout         Cap        Slew       Delay        Time   Description
---------------------------------------------------------------------------------------------
                                  0.000000    0.000000   clock clk (rise edge)
                                  0.000000    0.000000   clock network delay (propagated)
                                 20.000000   20.000000 v input external delay
     1    0.015413    0.036195    0.025235   20.025236 v received[0] (in)
                                                         received[0] (net)
                      0.036215    0.000000   20.025236 v BMU/received[0] (Branch_Metrics)
     1    0.010789    0.101001    1.319405   21.344641 ^ BMU/bm_11_01[1] (Branch_Metrics)
                                                         bm_11_01[1] (net)
                      0.101001    0.000187   21.344828 ^ PMU_Top/bm_11_01[1] (Path_Metric_Unit)
                                             21.344828   data arrival time

                                100.000000  100.000000   clock clk (rise edge)
                                  0.000000  100.000000   clock source latency
     3    0.071154    0.322413    0.226436  100.226433 ^ clk (in)
                                                         clk (net)
                      0.322667    0.000000  100.226433 ^ PMU_Top/clk (Path_Metric_Unit)
                                 -0.250000   99.976433   clock uncertainty
                                  0.000000   99.976433   clock reconvergence pessimism
                                 -3.737510   96.238922   library setup time
                                             96.238922   data required time
---------------------------------------------------------------------------------------------
                                             96.238922   data required time
                                            -21.344828   data arrival time
---------------------------------------------------------------------------------------------
                                             74.894096   slack (MET)


Startpoint: received[0] (input port clocked by clk)
Endpoint: PMU_Top (rising edge-triggered flip-flop clocked by clk)
Path Group: clk
Path Type: max

Fanout         Cap        Slew       Delay        Time   Description
---------------------------------------------------------------------------------------------
                                  0.000000    0.000000   clock clk (rise edge)
                                  0.000000    0.000000   clock network delay (propagated)
                                 20.000000   20.000000 ^ input external delay
     1    0.015413    0.075272    0.051593   20.051594 ^ received[0] (in)
                                                         received[0] (net)
                      0.075281    0.000000   20.051594 ^ BMU/received[0] (Branch_Metrics)
     1    0.010189    0.099957    1.408971   21.460564 ^ BMU/bm_10_01[0] (Branch_Metrics)
                                                         bm_10_01[0] (net)
                      0.099957    0.000174   21.460737 ^ PMU_Top/bm_10_01[0] (Path_Metric_Unit)
                                             21.460737   data arrival time

                                100.000000  100.000000   clock clk (rise edge)
                                  0.000000  100.000000   clock source latency
     3    0.071154    0.322413    0.226436  100.226433 ^ clk (in)
                                                         clk (net)
                      0.322667    0.000000  100.226433 ^ PMU_Top/clk (Path_Metric_Unit)
                                 -0.250000   99.976433   clock uncertainty
                                  0.000000   99.976433   clock reconvergence pessimism
                                 -3.488440   96.487999   library setup time
                                             96.487999   data required time
---------------------------------------------------------------------------------------------
                                             96.487999   data required time
                                            -21.460737   data arrival time
---------------------------------------------------------------------------------------------
                                             75.027260   slack (MET)


Startpoint: received[1] (input port clocked by clk)
Endpoint: PMU_Top (rising edge-triggered flip-flop clocked by clk)
Path Group: clk
Path Type: max

Fanout         Cap        Slew       Delay        Time   Description
---------------------------------------------------------------------------------------------
                                  0.000000    0.000000   clock clk (rise edge)
                                  0.000000    0.000000   clock network delay (propagated)
                                 20.000000   20.000000 ^ input external delay
     1    0.009911    0.051027    0.033820   20.033821 ^ received[1] (in)
                                                         received[1] (net)
                      0.051029    0.000000   20.033821 ^ BMU/received[1] (Branch_Metrics)
     1    0.013209    0.083867    1.349859   21.383680 v BMU/bm_11_11[1] (Branch_Metrics)
                                                         bm_11_11[1] (net)
                      0.083867    0.000222   21.383902 v PMU_Top/bm_11_11[1] (Path_Metric_Unit)
                                             21.383902   data arrival time

                                100.000000  100.000000   clock clk (rise edge)
                                  0.000000  100.000000   clock source latency
     3    0.071154    0.322413    0.226436  100.226433 ^ clk (in)
                                                         clk (net)
                      0.322667    0.000000  100.226433 ^ PMU_Top/clk (Path_Metric_Unit)
                                 -0.250000   99.976433   clock uncertainty
                                  0.000000   99.976433   clock reconvergence pessimism
                                 -3.470000   96.506439   library setup time
                                             96.506439   data required time
---------------------------------------------------------------------------------------------
                                             96.506439   data required time
                                            -21.383902   data arrival time
---------------------------------------------------------------------------------------------
                                             75.122528   slack (MET)


Startpoint: received[0] (input port clocked by clk)
Endpoint: PMU_Top (rising edge-triggered flip-flop clocked by clk)
Path Group: clk
Path Type: max

Fanout         Cap        Slew       Delay        Time   Description
---------------------------------------------------------------------------------------------
                                  0.000000    0.000000   clock clk (rise edge)
                                  0.000000    0.000000   clock network delay (propagated)
                                 20.000000   20.000000 ^ input external delay
     1    0.015413    0.075272    0.051593   20.051594 ^ received[0] (in)
                                                         received[0] (net)
                      0.075281    0.000000   20.051594 ^ BMU/received[0] (Branch_Metrics)
     1    0.011048    0.075174    1.271596   21.323189 v BMU/bm_10_11[0] (Branch_Metrics)
                                                         bm_10_11[0] (net)
                      0.075174    0.000185   21.323374 v PMU_Top/bm_10_11[0] (Path_Metric_Unit)
                                             21.323374   data arrival time

                                100.000000  100.000000   clock clk (rise edge)
                                  0.000000  100.000000   clock source latency
     3    0.071154    0.322413    0.226436  100.226433 ^ clk (in)
                                                         clk (net)
                      0.322667    0.000000  100.226433 ^ PMU_Top/clk (Path_Metric_Unit)
                                 -0.250000   99.976433   clock uncertainty
                                  0.000000   99.976433   clock reconvergence pessimism
                                 -3.420080   96.556358   library setup time
                                             96.556358   data required time
---------------------------------------------------------------------------------------------
                                             96.556358   data required time
                                            -21.323374   data arrival time
---------------------------------------------------------------------------------------------
                                             75.232986   slack (MET)


Startpoint: received[0] (input port clocked by clk)
Endpoint: PMU_Top (rising edge-triggered flip-flop clocked by clk)
Path Group: clk
Path Type: max

Fanout         Cap        Slew       Delay        Time   Description
---------------------------------------------------------------------------------------------
                                  0.000000    0.000000   clock clk (rise edge)
                                  0.000000    0.000000   clock network delay (propagated)
                                 20.000000   20.000000 ^ input external delay
     1    0.015413    0.075272    0.051593   20.051594 ^ received[0] (in)
                                                         received[0] (net)
                      0.075281    0.000000   20.051594 ^ BMU/received[0] (Branch_Metrics)
     1    0.010789    0.099287    1.534966   21.586559 ^ BMU/bm_00_10[0] (Branch_Metrics)
                                                         bm_00_10[0] (net)
                      0.099287    0.000190   21.586748 ^ PMU_Top/bm_00_10[0] (Path_Metric_Unit)
                                             21.586748   data arrival time

                                100.000000  100.000000   clock clk (rise edge)
                                  0.000000  100.000000   clock source latency
     3    0.071154    0.322413    0.226436  100.226433 ^ clk (in)
                                                         clk (net)
                      0.322667    0.000000  100.226433 ^ PMU_Top/clk (Path_Metric_Unit)
                                 -0.250000   99.976433   clock uncertainty
                                  0.000000   99.976433   clock reconvergence pessimism
                                 -3.124540   96.851898   library setup time
                                             96.851898   data required time
---------------------------------------------------------------------------------------------
                                             96.851898   data required time
                                            -21.586748   data arrival time
---------------------------------------------------------------------------------------------
                                             75.265144   slack (MET)


Startpoint: received[0] (input port clocked by clk)
Endpoint: PMU_Top (rising edge-triggered flip-flop clocked by clk)
Path Group: clk
Path Type: max

Fanout         Cap        Slew       Delay        Time   Description
---------------------------------------------------------------------------------------------
                                  0.000000    0.000000   clock clk (rise edge)
                                  0.000000    0.000000   clock network delay (propagated)
                                 20.000000   20.000000 ^ input external delay
     1    0.015413    0.075272    0.051593   20.051594 ^ received[0] (in)
                                                         received[0] (net)
                      0.075281    0.000000   20.051594 ^ BMU/received[0] (Branch_Metrics)
     1    0.010189    0.095107    1.256648   21.308241 ^ BMU/bm_01_10[1] (Branch_Metrics)
                                                         bm_01_10[1] (net)
                      0.095107    0.000174   21.308414 ^ PMU_Top/bm_01_10[1] (Path_Metric_Unit)
                                             21.308414   data arrival time

                                100.000000  100.000000   clock clk (rise edge)
                                  0.000000  100.000000   clock source latency
     3    0.071154    0.322413    0.226436  100.226433 ^ clk (in)
                                                         clk (net)
                      0.322667    0.000000  100.226433 ^ PMU_Top/clk (Path_Metric_Unit)
                                 -0.250000   99.976433   clock uncertainty
                                  0.000000   99.976433   clock reconvergence pessimism
                                 -3.398980   96.577454   library setup time
                                             96.577454   data required time
---------------------------------------------------------------------------------------------
                                             96.577454   data required time
                                            -21.308414   data arrival time
---------------------------------------------------------------------------------------------
                                             75.269035   slack (MET)


Startpoint: received[0] (input port clocked by clk)
Endpoint: PMU_Top (rising edge-triggered flip-flop clocked by clk)
Path Group: clk
Path Type: max

Fanout         Cap        Slew       Delay        Time   Description
---------------------------------------------------------------------------------------------
                                  0.000000    0.000000   clock clk (rise edge)
                                  0.000000    0.000000   clock network delay (propagated)
                                 20.000000   20.000000 ^ input external delay
     1    0.015413    0.075272    0.051593   20.051594 ^ received[0] (in)
                                                         received[0] (net)
                      0.075281    0.000000   20.051594 ^ BMU/received[0] (Branch_Metrics)
     1    0.011287    0.102762    1.542539   21.594131 ^ BMU/bm_01_10[0] (Branch_Metrics)
                                                         bm_01_10[0] (net)
                      0.102762    0.000187   21.594318 ^ PMU_Top/bm_01_10[0] (Path_Metric_Unit)
                                             21.594318   data arrival time

                                100.000000  100.000000   clock clk (rise edge)
                                  0.000000  100.000000   clock source latency
     3    0.071154    0.322413    0.226436  100.226433 ^ clk (in)
                                                         clk (net)
                      0.322667    0.000000  100.226433 ^ PMU_Top/clk (Path_Metric_Unit)
                                 -0.250000   99.976433   clock uncertainty
                                  0.000000   99.976433   clock reconvergence pessimism
                                 -3.107280   96.869156   library setup time
                                             96.869156   data required time
---------------------------------------------------------------------------------------------
                                             96.869156   data required time
                                            -21.594318   data arrival time
---------------------------------------------------------------------------------------------
                                             75.274834   slack (MET)


Startpoint: received[0] (input port clocked by clk)
Endpoint: PMU_Top (rising edge-triggered flip-flop clocked by clk)
Path Group: clk
Path Type: max

Fanout         Cap        Slew       Delay        Time   Description
---------------------------------------------------------------------------------------------
                                  0.000000    0.000000   clock clk (rise edge)
                                  0.000000    0.000000   clock network delay (propagated)
                                 20.000000   20.000000 ^ input external delay
     1    0.015413    0.075272    0.051593   20.051594 ^ received[0] (in)
                                                         received[0] (net)
                      0.075281    0.000000   20.051594 ^ BMU/received[0] (Branch_Metrics)
     1    0.014388    0.090625    1.190243   21.241835 v BMU/bm_00_00[0] (Branch_Metrics)
                                                         bm_00_00[0] (net)
                      0.090625    0.000281   21.242117 v PMU_Top/bm_00_00[0] (Path_Metric_Unit)
                                             21.242117   data arrival time

                                100.000000  100.000000   clock clk (rise edge)
                                  0.000000  100.000000   clock source latency
     3    0.071154    0.322413    0.226436  100.226433 ^ clk (in)
                                                         clk (net)
                      0.322667    0.000000  100.226433 ^ PMU_Top/clk (Path_Metric_Unit)
                                 -0.250000   99.976433   clock uncertainty
                                  0.000000   99.976433   clock reconvergence pessimism
                                 -3.400660   96.575775   library setup time
                                             96.575775   data required time
---------------------------------------------------------------------------------------------
                                             96.575775   data required time
                                            -21.242117   data arrival time
---------------------------------------------------------------------------------------------
                                             75.333664   slack (MET)


Startpoint: received[0] (input port clocked by clk)
Endpoint: PMU_Top (rising edge-triggered flip-flop clocked by clk)
Path Group: clk
Path Type: max

Fanout         Cap        Slew       Delay        Time   Description
---------------------------------------------------------------------------------------------
                                  0.000000    0.000000   clock clk (rise edge)
                                  0.000000    0.000000   clock network delay (propagated)
                                 20.000000   20.000000 ^ input external delay
     1    0.015413    0.075272    0.051593   20.051594 ^ received[0] (in)
                                                         received[0] (net)
                      0.075281    0.000000   20.051594 ^ BMU/received[0] (Branch_Metrics)
     1    0.010189    0.071688    1.155227   21.206820 v BMU/bm_10_11[1] (Branch_Metrics)
                                                         bm_10_11[1] (net)
                      0.071688    0.000174   21.206995 v PMU_Top/bm_10_11[1] (Path_Metric_Unit)
                                             21.206995   data arrival time

                                100.000000  100.000000   clock clk (rise edge)
                                  0.000000  100.000000   clock source latency
     3    0.071154    0.322413    0.226436  100.226433 ^ clk (in)
                                                         clk (net)
                      0.322667    0.000000  100.226433 ^ PMU_Top/clk (Path_Metric_Unit)
                                 -0.250000   99.976433   clock uncertainty
                                  0.000000   99.976433   clock reconvergence pessimism
                                 -3.400220   96.576218   library setup time
                                             96.576218   data required time
---------------------------------------------------------------------------------------------
                                             96.576218   data required time
                                            -21.206995   data arrival time
---------------------------------------------------------------------------------------------
                                             75.369225   slack (MET)


Startpoint: received[0] (input port clocked by clk)
Endpoint: PMU_Top (rising edge-triggered flip-flop clocked by clk)
Path Group: clk
Path Type: max

Fanout         Cap        Slew       Delay        Time   Description
---------------------------------------------------------------------------------------------
                                  0.000000    0.000000   clock clk (rise edge)
                                  0.000000    0.000000   clock network delay (propagated)
                                 20.000000   20.000000 v input external delay
     1    0.015413    0.036195    0.025235   20.025236 v received[0] (in)
                                                         received[0] (net)
                      0.036215    0.000000   20.025236 v BMU/received[0] (Branch_Metrics)
     1    0.010489    0.098834    1.176415   21.201651 ^ BMU/bm_01_00[1] (Branch_Metrics)
                                                         bm_01_00[1] (net)
                      0.098834    0.000181   21.201832 ^ PMU_Top/bm_01_00[1] (Path_Metric_Unit)
                                             21.201832   data arrival time

                                100.000000  100.000000   clock clk (rise edge)
                                  0.000000  100.000000   clock source latency
     3    0.071154    0.322413    0.226436  100.226433 ^ clk (in)
                                                         clk (net)
                      0.322667    0.000000  100.226433 ^ PMU_Top/clk (Path_Metric_Unit)
                                 -0.250000   99.976433   clock uncertainty
                                  0.000000   99.976433   clock reconvergence pessimism
                                 -3.365950   96.610489   library setup time
                                             96.610489   data required time
---------------------------------------------------------------------------------------------
                                             96.610489   data required time
                                            -21.201832   data arrival time
---------------------------------------------------------------------------------------------
                                             75.408653   slack (MET)


Startpoint: received[0] (input port clocked by clk)
Endpoint: PMU_Top (rising edge-triggered flip-flop clocked by clk)
Path Group: clk
Path Type: max

Fanout         Cap        Slew       Delay        Time   Description
---------------------------------------------------------------------------------------------
                                  0.000000    0.000000   clock clk (rise edge)
                                  0.000000    0.000000   clock network delay (propagated)
                                 20.000000   20.000000 v input external delay
     1    0.015413    0.036195    0.025235   20.025236 v received[0] (in)
                                                         received[0] (net)
                      0.036215    0.000000   20.025236 v BMU/received[0] (Branch_Metrics)
     1    0.010289    0.097779    1.051266   21.076502 ^ BMU/bm_00_10[1] (Branch_Metrics)
                                                         bm_00_10[1] (net)
                      0.097779    0.000178   21.076679 ^ PMU_Top/bm_00_10[1] (Path_Metric_Unit)
                                             21.076679   data arrival time

                                100.000000  100.000000   clock clk (rise edge)
                                  0.000000  100.000000   clock source latency
     3    0.071154    0.322413    0.226436  100.226433 ^ clk (in)
                                                         clk (net)
                      0.322667    0.000000  100.226433 ^ PMU_Top/clk (Path_Metric_Unit)
                                 -0.250000   99.976433   clock uncertainty
                                  0.000000   99.976433   clock reconvergence pessimism
                                 -3.487380   96.489059   library setup time
                                             96.489059   data required time
---------------------------------------------------------------------------------------------
                                             96.489059   data required time
                                            -21.076679   data arrival time
---------------------------------------------------------------------------------------------
                                             75.412376   slack (MET)


Startpoint: received[1] (input port clocked by clk)
Endpoint: PMU_Top (rising edge-triggered flip-flop clocked by clk)
Path Group: clk
Path Type: max

Fanout         Cap        Slew       Delay        Time   Description
---------------------------------------------------------------------------------------------
                                  0.000000    0.000000   clock clk (rise edge)
                                  0.000000    0.000000   clock network delay (propagated)
                                 20.000000   20.000000 v input external delay
     1    0.009911    0.024320    0.016154   20.016155 v received[1] (in)
                                                         received[1] (net)
                      0.024324    0.000000   20.016155 v BMU/received[1] (Branch_Metrics)
     1    0.013827    0.087982    1.143055   21.159210 v BMU/bm_00_00[1] (Branch_Metrics)
                                                         bm_00_00[1] (net)
                      0.087982    0.000275   21.159485 v PMU_Top/bm_00_00[1] (Path_Metric_Unit)
                                             21.159485   data arrival time

                                100.000000  100.000000   clock clk (rise edge)
                                  0.000000  100.000000   clock source latency
     3    0.071154    0.322413    0.226436  100.226433 ^ clk (in)
                                                         clk (net)
                      0.322667    0.000000  100.226433 ^ PMU_Top/clk (Path_Metric_Unit)
                                 -0.250000   99.976433   clock uncertainty
                                  0.000000   99.976433   clock reconvergence pessimism
                                 -3.386150   96.590286   library setup time
                                             96.590286   data required time
---------------------------------------------------------------------------------------------
                                             96.590286   data required time
                                            -21.159485   data arrival time
---------------------------------------------------------------------------------------------
                                             75.430801   slack (MET)


Startpoint: received[0] (input port clocked by clk)
Endpoint: PMU_Top (rising edge-triggered flip-flop clocked by clk)
Path Group: clk
Path Type: max

Fanout         Cap        Slew       Delay        Time   Description
---------------------------------------------------------------------------------------------
                                  0.000000    0.000000   clock clk (rise edge)
                                  0.000000    0.000000   clock network delay (propagated)
                                 20.000000   20.000000 ^ input external delay
     1    0.015413    0.075272    0.051593   20.051594 ^ received[0] (in)
                                                         received[0] (net)
                      0.075281    0.000000   20.051594 ^ BMU/received[0] (Branch_Metrics)
     1    0.011488    0.076938    1.283469   21.335062 v BMU/bm_11_11[0] (Branch_Metrics)
                                                         bm_11_11[0] (net)
                      0.076938    0.000203   21.335264 v PMU_Top/bm_11_11[0] (Path_Metric_Unit)
                                             21.335264   data arrival time

                                100.000000  100.000000   clock clk (rise edge)
                                  0.000000  100.000000   clock source latency
     3    0.071154    0.322413    0.226436  100.226433 ^ clk (in)
                                                         clk (net)
                      0.322667    0.000000  100.226433 ^ PMU_Top/clk (Path_Metric_Unit)
                                 -0.250000   99.976433   clock uncertainty
                                  0.000000   99.976433   clock reconvergence pessimism
                                 -3.145920   96.830513   library setup time
                                             96.830513   data required time
---------------------------------------------------------------------------------------------
                                             96.830513   data required time
                                            -21.335264   data arrival time
---------------------------------------------------------------------------------------------
                                             75.495255   slack (MET)


Startpoint: received[0] (input port clocked by clk)
Endpoint: PMU_Top (rising edge-triggered flip-flop clocked by clk)
Path Group: clk
Path Type: max

Fanout         Cap        Slew       Delay        Time   Description
---------------------------------------------------------------------------------------------
                                  0.000000    0.000000   clock clk (rise edge)
                                  0.000000    0.000000   clock network delay (propagated)
                                 20.000000   20.000000 ^ input external delay
     1    0.015413    0.075272    0.051593   20.051594 ^ received[0] (in)
                                                         received[0] (net)
                      0.075281    0.000000   20.051594 ^ BMU/received[0] (Branch_Metrics)
     1    0.010089    0.071396    1.310051   21.361643 v BMU/bm_01_00[0] (Branch_Metrics)
                                                         bm_01_00[0] (net)
                      0.071396    0.000172   21.361816 v PMU_Top/bm_01_00[0] (Path_Metric_Unit)
                                             21.361816   data arrival time

                                100.000000  100.000000   clock clk (rise edge)
                                  0.000000  100.000000   clock source latency
     3    0.071154    0.322413    0.226436  100.226433 ^ clk (in)
                                                         clk (net)
                      0.322667    0.000000  100.226433 ^ PMU_Top/clk (Path_Metric_Unit)
                                 -0.250000   99.976433   clock uncertainty
                                  0.000000   99.976433   clock reconvergence pessimism
                                 -3.075470   96.900963   library setup time
                                             96.900963   data required time
---------------------------------------------------------------------------------------------
                                             96.900963   data required time
                                            -21.361816   data arrival time
---------------------------------------------------------------------------------------------
                                             75.539154   slack (MET)


Startpoint: CTRL (rising edge-triggered flip-flop clocked by clk)
Endpoint: frame_done (output port clocked by clk)
Path Group: clk
Path Type: max

Fanout         Cap        Slew       Delay        Time   Description
---------------------------------------------------------------------------------------------
                                  0.000000    0.000000   clock clk (rise edge)
                                  0.000000    0.000000   clock source latency
     3    0.071154    0.322413    0.226947    0.226947 ^ clk (in)
                                                         clk (net)
                      0.322704    0.000000    0.226947 ^ CTRL/clk (Controller)
     1    0.047542    0.370974    2.595588    2.822535 ^ CTRL/frame_done (Controller)
                                                         frame_done (net)
                      0.371571    0.002809    2.825344 ^ frame_done (out)
                                              2.825344   data arrival time

                                100.000000  100.000000   clock clk (rise edge)
                                  0.000000  100.000000   clock network delay (propagated)
                                 -0.250000   99.750000   clock uncertainty
                                  0.000000   99.750000   clock reconvergence pessimism
                                -20.000000   79.750000   output external delay
                                             79.750000   data required time
---------------------------------------------------------------------------------------------
                                             79.750000   data required time
                                             -2.825344   data arrival time
---------------------------------------------------------------------------------------------
                                             76.924652   slack (MET)


Startpoint: SMU_Top (rising edge-triggered flip-flop clocked by clk)
Endpoint: decoded_out[0] (output port clocked by clk)
Path Group: clk
Path Type: max

Fanout         Cap        Slew       Delay        Time   Description
---------------------------------------------------------------------------------------------
                                  0.000000    0.000000   clock clk (rise edge)
                                  0.000000    0.000000   clock source latency
     3    0.071154    0.322413    0.225138    0.225138 ^ clk (in)
                                                         clk (net)
                      0.322586    0.000000    0.225138 ^ SMU_Top/clk (Survivor_Memory_Unit)
     1    0.053344    0.414504    1.869347    2.094486 ^ SMU_Top/decoded_out[0] (Survivor_Memory_Unit)
                                                         decoded_out[0] (net)
                      0.414560    0.004951    2.099437 ^ decoded_out[0] (out)
                                              2.099437   data arrival time

                                100.000000  100.000000   clock clk (rise edge)
                                  0.000000  100.000000   clock network delay (propagated)
                                 -0.250000   99.750000   clock uncertainty
                                  0.000000   99.750000   clock reconvergence pessimism
                                -20.000000   79.750000   output external delay
                                             79.750000   data required time
---------------------------------------------------------------------------------------------
                                             79.750000   data required time
                                             -2.099437   data arrival time
---------------------------------------------------------------------------------------------
                                             77.650566   slack (MET)


Startpoint: SMU_Top (rising edge-triggered flip-flop clocked by clk)
Endpoint: decoded_out[6] (output port clocked by clk)
Path Group: clk
Path Type: max

Fanout         Cap        Slew       Delay        Time   Description
---------------------------------------------------------------------------------------------
                                  0.000000    0.000000   clock clk (rise edge)
                                  0.000000    0.000000   clock source latency
     3    0.071154    0.322413    0.225138    0.225138 ^ clk (in)
                                                         clk (net)
                      0.322586    0.000000    0.225138 ^ SMU_Top/clk (Survivor_Memory_Unit)
     1    0.044638    0.207162    1.868408    2.093546 v SMU_Top/decoded_out[6] (Survivor_Memory_Unit)
                                                         decoded_out[6] (net)
                      0.207162    0.002190    2.095736 v decoded_out[6] (out)
                                              2.095736   data arrival time

                                100.000000  100.000000   clock clk (rise edge)
                                  0.000000  100.000000   clock network delay (propagated)
                                 -0.250000   99.750000   clock uncertainty
                                  0.000000   99.750000   clock reconvergence pessimism
                                -20.000000   79.750000   output external delay
                                             79.750000   data required time
---------------------------------------------------------------------------------------------
                                             79.750000   data required time
                                             -2.095736   data arrival time
---------------------------------------------------------------------------------------------
                                             77.654259   slack (MET)


Startpoint: SMU_Top (rising edge-triggered flip-flop clocked by clk)
Endpoint: decoded_out[2] (output port clocked by clk)
Path Group: clk
Path Type: max

Fanout         Cap        Slew       Delay        Time   Description
---------------------------------------------------------------------------------------------
                                  0.000000    0.000000   clock clk (rise edge)
                                  0.000000    0.000000   clock source latency
     3    0.071154    0.322413    0.225138    0.225138 ^ clk (in)
                                                         clk (net)
                      0.322586    0.000000    0.225138 ^ SMU_Top/clk (Survivor_Memory_Unit)
     1    0.046751    0.215773    1.865670    2.090808 v SMU_Top/decoded_out[2] (Survivor_Memory_Unit)
                                                         decoded_out[2] (net)
                      0.215773    0.002882    2.093691 v decoded_out[2] (out)
                                              2.093691   data arrival time

                                100.000000  100.000000   clock clk (rise edge)
                                  0.000000  100.000000   clock network delay (propagated)
                                 -0.250000   99.750000   clock uncertainty
                                  0.000000   99.750000   clock reconvergence pessimism
                                -20.000000   79.750000   output external delay
                                             79.750000   data required time
---------------------------------------------------------------------------------------------
                                             79.750000   data required time
                                             -2.093691   data arrival time
---------------------------------------------------------------------------------------------
                                             77.656303   slack (MET)


Startpoint: SMU_Top (rising edge-triggered flip-flop clocked by clk)
Endpoint: decoded_out[7] (output port clocked by clk)
Path Group: clk
Path Type: max

Fanout         Cap        Slew       Delay        Time   Description
---------------------------------------------------------------------------------------------
                                  0.000000    0.000000   clock clk (rise edge)
                                  0.000000    0.000000   clock source latency
     3    0.071154    0.322413    0.225138    0.225138 ^ clk (in)
                                                         clk (net)
                      0.322586    0.000000    0.225138 ^ SMU_Top/clk (Survivor_Memory_Unit)
     1    0.048075    0.221123    1.865373    2.090511 v SMU_Top/decoded_out[7] (Survivor_Memory_Unit)
                                                         decoded_out[7] (net)
                      0.221123    0.003138    2.093649 v decoded_out[7] (out)
                                              2.093649   data arrival time

                                100.000000  100.000000   clock clk (rise edge)
                                  0.000000  100.000000   clock network delay (propagated)
                                 -0.250000   99.750000   clock uncertainty
                                  0.000000   99.750000   clock reconvergence pessimism
                                -20.000000   79.750000   output external delay
                                             79.750000   data required time
---------------------------------------------------------------------------------------------
                                             79.750000   data required time
                                             -2.093649   data arrival time
---------------------------------------------------------------------------------------------
                                             77.656349   slack (MET)


Startpoint: SMU_Top (rising edge-triggered flip-flop clocked by clk)
Endpoint: decoded_out[1] (output port clocked by clk)
Path Group: clk
Path Type: max

Fanout         Cap        Slew       Delay        Time   Description
---------------------------------------------------------------------------------------------
                                  0.000000    0.000000   clock clk (rise edge)
                                  0.000000    0.000000   clock source latency
     3    0.071154    0.322413    0.225138    0.225138 ^ clk (in)
                                                         clk (net)
                      0.322586    0.000000    0.225138 ^ SMU_Top/clk (Survivor_Memory_Unit)
     1    0.050008    0.229036    1.858685    2.083823 v SMU_Top/decoded_out[1] (Survivor_Memory_Unit)
                                                         decoded_out[1] (net)
                      0.229036    0.003883    2.087706 v decoded_out[1] (out)
                                              2.087706   data arrival time

                                100.000000  100.000000   clock clk (rise edge)
                                  0.000000  100.000000   clock network delay (propagated)
                                 -0.250000   99.750000   clock uncertainty
                                  0.000000   99.750000   clock reconvergence pessimism
                                -20.000000   79.750000   output external delay
                                             79.750000   data required time
---------------------------------------------------------------------------------------------
                                             79.750000   data required time
                                             -2.087706   data arrival time
---------------------------------------------------------------------------------------------
                                             77.662292   slack (MET)


Startpoint: SMU_Top (rising edge-triggered flip-flop clocked by clk)
Endpoint: decoded_out[5] (output port clocked by clk)
Path Group: clk
Path Type: max

Fanout         Cap        Slew       Delay        Time   Description
---------------------------------------------------------------------------------------------
                                  0.000000    0.000000   clock clk (rise edge)
                                  0.000000    0.000000   clock source latency
     3    0.071154    0.322413    0.225138    0.225138 ^ clk (in)
                                                         clk (net)
                      0.322586    0.000000    0.225138 ^ SMU_Top/clk (Survivor_Memory_Unit)
     1    0.041402    0.194071    1.852176    2.077315 v SMU_Top/decoded_out[5] (Survivor_Memory_Unit)
                                                         decoded_out[5] (net)
                      0.194071    0.001309    2.078624 v decoded_out[5] (out)
                                              2.078624   data arrival time

                                100.000000  100.000000   clock clk (rise edge)
                                  0.000000  100.000000   clock network delay (propagated)
                                 -0.250000   99.750000   clock uncertainty
                                  0.000000   99.750000   clock reconvergence pessimism
                                -20.000000   79.750000   output external delay
                                             79.750000   data required time
---------------------------------------------------------------------------------------------
                                             79.750000   data required time
                                             -2.078624   data arrival time
---------------------------------------------------------------------------------------------
                                             77.671379   slack (MET)


Startpoint: SMU_Top (rising edge-triggered flip-flop clocked by clk)
Endpoint: decoded_out[3] (output port clocked by clk)
Path Group: clk
Path Type: max

Fanout         Cap        Slew       Delay        Time   Description
---------------------------------------------------------------------------------------------
                                  0.000000    0.000000   clock clk (rise edge)
                                  0.000000    0.000000   clock source latency
     3    0.071154    0.322413    0.225138    0.225138 ^ clk (in)
                                                         clk (net)
                      0.322586    0.000000    0.225138 ^ SMU_Top/clk (Survivor_Memory_Unit)
     1    0.043514    0.202678    1.842059    2.067197 v SMU_Top/decoded_out[3] (Survivor_Memory_Unit)
                                                         decoded_out[3] (net)
                      0.202678    0.001952    2.069150 v decoded_out[3] (out)
                                              2.069150   data arrival time

                                100.000000  100.000000   clock clk (rise edge)
                                  0.000000  100.000000   clock network delay (propagated)
                                 -0.250000   99.750000   clock uncertainty
                                  0.000000   99.750000   clock reconvergence pessimism
                                -20.000000   79.750000   output external delay
                                             79.750000   data required time
---------------------------------------------------------------------------------------------
                                             79.750000   data required time
                                             -2.069150   data arrival time
---------------------------------------------------------------------------------------------
                                             77.680847   slack (MET)


Startpoint: SMU_Top (rising edge-triggered flip-flop clocked by clk)
Endpoint: decoded_out[4] (output port clocked by clk)
Path Group: clk
Path Type: max

Fanout         Cap        Slew       Delay        Time   Description
---------------------------------------------------------------------------------------------
                                  0.000000    0.000000   clock clk (rise edge)
                                  0.000000    0.000000   clock source latency
     3    0.071154    0.322413    0.225138    0.225138 ^ clk (in)
                                                         clk (net)
                      0.322586    0.000000    0.225138 ^ SMU_Top/clk (Survivor_Memory_Unit)
     1    0.040577    0.190756    1.841556    2.066694 v SMU_Top/decoded_out[4] (Survivor_Memory_Unit)
                                                         decoded_out[4] (net)
                      0.190756    0.001089    2.067783 v decoded_out[4] (out)
                                              2.067783   data arrival time

                                100.000000  100.000000   clock clk (rise edge)
                                  0.000000  100.000000   clock network delay (propagated)
                                 -0.250000   99.750000   clock uncertainty
                                  0.000000   99.750000   clock reconvergence pessimism
                                -20.000000   79.750000   output external delay
                                             79.750000   data required time
---------------------------------------------------------------------------------------------
                                             79.750000   data required time
                                             -2.067783   data arrival time
---------------------------------------------------------------------------------------------
                                             77.682213   slack (MET)


Startpoint: start (input port clocked by clk)
Endpoint: PMU_Top (rising edge-triggered flip-flop clocked by clk)
Path Group: clk
Path Type: max

Fanout         Cap        Slew       Delay        Time   Description
---------------------------------------------------------------------------------------------
                                  0.000000    0.000000   clock clk (rise edge)
                                  0.000000    0.000000   clock network delay (propagated)
                                 20.000000   20.000000 v input external delay
     1    0.017145    0.039926    0.028001   20.028002 v start (in)
                                                         start (net)
                      0.039946    0.000000   20.028002 v CTRL/start (Controller)
     1    0.008170    0.082672    1.047983   21.075985 ^ CTRL/clr_me (Controller)
                                                         clr_me (net)
                      0.082672    0.000140   21.076124 ^ PMU_Top/clr_me (Path_Metric_Unit)
                                             21.076124   data arrival time

                                100.000000  100.000000   clock clk (rise edge)
                                  0.000000  100.000000   clock source latency
     3    0.071154    0.322413    0.226436  100.226433 ^ clk (in)
                                                         clk (net)
                      0.322667    0.000000  100.226433 ^ PMU_Top/clk (Path_Metric_Unit)
                                 -0.250000   99.976433   clock uncertainty
                                  0.000000   99.976433   clock reconvergence pessimism
                                 -0.687930   99.288506   library setup time
                                             99.288506   data required time
---------------------------------------------------------------------------------------------
                                             99.288506   data required time
                                            -21.076124   data arrival time
---------------------------------------------------------------------------------------------
                                             78.212379   slack (MET)


Startpoint: start (input port clocked by clk)
Endpoint: CTRL (rising edge-triggered flip-flop clocked by clk)
Path Group: clk
Path Type: max

Fanout         Cap        Slew       Delay        Time   Description
---------------------------------------------------------------------------------------------
                                  0.000000    0.000000   clock clk (rise edge)
                                  0.000000    0.000000   clock network delay (propagated)
                                 20.000000   20.000000 ^ input external delay
     1    0.017145    0.082982    0.057018   20.057018 ^ start (in)
                                                         start (net)
                      0.082991    0.000000   20.057018 ^ CTRL/start (Controller)
                                             20.057018   data arrival time

                                100.000000  100.000000   clock clk (rise edge)
                                  0.000000  100.000000   clock source latency
     3    0.071154    0.322413    0.226947  100.226944 ^ clk (in)
                                                         clk (net)
                      0.322704    0.000000  100.226944 ^ CTRL/clk (Controller)
                                 -0.250000   99.976944   clock uncertainty
                                  0.000000   99.976944   clock reconvergence pessimism
                                 -0.871480   99.105469   library setup time
                                             99.105469   data required time
---------------------------------------------------------------------------------------------
                                             99.105469   data required time
                                            -20.057018   data arrival time
---------------------------------------------------------------------------------------------
                                             79.048447   slack (MET)


Startpoint: rst_n (input port clocked by clk)
Endpoint: SMU_Top (rising edge-triggered flip-flop clocked by clk)
Path Group: clk
Path Type: max

Fanout         Cap        Slew       Delay        Time   Description
---------------------------------------------------------------------------------------------
                                  0.000000    0.000000   clock clk (rise edge)
                                  0.000000    0.000000   clock network delay (propagated)
                                 20.000000   20.000000 ^ input external delay
     3    0.030477    0.142580    0.099185   20.099186 ^ rst_n (in)
                                                         rst_n (net)
                      0.142623    0.000000   20.099186 ^ SMU_Top/rst_n (Survivor_Memory_Unit)
                                             20.099186   data arrival time

                                100.000000  100.000000   clock clk (rise edge)
                                  0.000000  100.000000   clock source latency
     3    0.071154    0.322413    0.225135  100.225136 ^ clk (in)
                                                         clk (net)
                      0.322586    0.000000  100.225136 ^ SMU_Top/clk (Survivor_Memory_Unit)
                                 -0.250000   99.975136   clock uncertainty
                                  0.000000   99.975136   clock reconvergence pessimism
                                 -0.255250   99.719887   library setup time
                                             99.719887   data required time
---------------------------------------------------------------------------------------------
                                             99.719887   data required time
                                            -20.099186   data arrival time
---------------------------------------------------------------------------------------------
                                             79.620697   slack (MET)


Startpoint: rst_n (input port clocked by clk)
Endpoint: PMU_Top (rising edge-triggered flip-flop clocked by clk)
Path Group: clk
Path Type: max

Fanout         Cap        Slew       Delay        Time   Description
---------------------------------------------------------------------------------------------
                                  0.000000    0.000000   clock clk (rise edge)
                                  0.000000    0.000000   clock network delay (propagated)
                                 20.000000   20.000000 ^ input external delay
     3    0.030477    0.142580    0.098911   20.098911 ^ rst_n (in)
                                                         rst_n (net)
                      0.142612    0.000000   20.098911 ^ PMU_Top/rst_n (Path_Metric_Unit)
                                             20.098911   data arrival time

                                100.000000  100.000000   clock clk (rise edge)
                                  0.000000  100.000000   clock source latency
     3    0.071154    0.322413    0.226436  100.226433 ^ clk (in)
                                                         clk (net)
                      0.322667    0.000000  100.226433 ^ PMU_Top/clk (Path_Metric_Unit)
                                 -0.250000   99.976433   clock uncertainty
                                  0.000000   99.976433   clock reconvergence pessimism
                                 -0.147130   99.829300   library setup time
                                             99.829300   data required time
---------------------------------------------------------------------------------------------
                                             99.829300   data required time
                                            -20.098911   data arrival time
---------------------------------------------------------------------------------------------
                                             79.730392   slack (MET)


Startpoint: rst_n (input port clocked by clk)
Endpoint: CTRL (rising edge-triggered flip-flop clocked by clk)
Path Group: clk
Path Type: max

Fanout         Cap        Slew       Delay        Time   Description
---------------------------------------------------------------------------------------------
                                  0.000000    0.000000   clock clk (rise edge)
                                  0.000000    0.000000   clock network delay (propagated)
                                 20.000000   20.000000 ^ input external delay
     3    0.030477    0.142580    0.098444   20.098444 ^ rst_n (in)
                                                         rst_n (net)
                      0.142597    0.000000   20.098444 ^ CTRL/rst_n (Controller)
                                             20.098444   data arrival time

                                100.000000  100.000000   clock clk (rise edge)
                                  0.000000  100.000000   clock source latency
     3    0.071154    0.322413    0.226947  100.226944 ^ clk (in)
                                                         clk (net)
                      0.322704    0.000000  100.226944 ^ CTRL/clk (Controller)
                                 -0.250000   99.976944   clock uncertainty
                                  0.000000   99.976944   clock reconvergence pessimism
                                  0.540950  100.517899   library setup time
                                            100.517899   data required time
---------------------------------------------------------------------------------------------
                                            100.517899   data required time
                                            -20.098444   data arrival time
---------------------------------------------------------------------------------------------
                                             80.419456   slack (MET)


Startpoint: PMU_Top (rising edge-triggered flip-flop clocked by clk)
Endpoint: SMU_Top (rising edge-triggered flip-flop clocked by clk)
Path Group: clk
Path Type: max

Fanout         Cap        Slew       Delay        Time   Description
---------------------------------------------------------------------------------------------
                                  0.000000    0.000000   clock clk (rise edge)
                                  0.000000    0.000000   clock source latency
     3    0.071154    0.322413    0.226432    0.226432 ^ clk (in)
                                                         clk (net)
                      0.322667    0.000000    0.226432 ^ PMU_Top/clk (Path_Metric_Unit)
     1    0.011172    0.075643    1.948128    2.174561 v PMU_Top/current_metric_11[3] (Path_Metric_Unit)
                                                         pm_11[3] (net)
                      0.075643    0.000313    2.174874 v MPM/prev_11[3] (Maximum_Path_Memory)
     1    0.018576    0.102431    4.839079    7.013953 v MPM/winner_state[0] (Maximum_Path_Memory)
                                                         winner_state[0] (net)
                      0.102431    0.000941    7.014894 v SMU_Top/winner_state[0] (Survivor_Memory_Unit)
                                              7.014894   data arrival time

                                100.000000  100.000000   clock clk (rise edge)
                                  0.000000  100.000000   clock source latency
     3    0.071154    0.322413    0.225135  100.225136 ^ clk (in)
                                                         clk (net)
                      0.322586    0.000000  100.225136 ^ SMU_Top/clk (Survivor_Memory_Unit)
                                 -0.250000   99.975136   clock uncertainty
                                  0.000000   99.975136   clock reconvergence pessimism
                                 -1.741690   98.233444   library setup time
                                             98.233444   data required time
---------------------------------------------------------------------------------------------
                                             98.233444   data required time
                                             -7.014894   data arrival time
---------------------------------------------------------------------------------------------
                                             91.218552   slack (MET)


Startpoint: PMU_Top (rising edge-triggered flip-flop clocked by clk)
Endpoint: SMU_Top (rising edge-triggered flip-flop clocked by clk)
Path Group: clk
Path Type: max

Fanout         Cap        Slew       Delay        Time   Description
---------------------------------------------------------------------------------------------
                                  0.000000    0.000000   clock clk (rise edge)
                                  0.000000    0.000000   clock source latency
     3    0.071154    0.322413    0.226432    0.226432 ^ clk (in)
                                                         clk (net)
                      0.322667    0.000000    0.226432 ^ PMU_Top/clk (Path_Metric_Unit)
     1    0.011172    0.075643    1.948128    2.174561 v PMU_Top/current_metric_11[3] (Path_Metric_Unit)
                                                         pm_11[3] (net)
                      0.075643    0.000313    2.174874 v MPM/prev_11[3] (Maximum_Path_Memory)
     1    0.018849    0.156205    4.139401    6.314275 ^ MPM/winner_state[1] (Maximum_Path_Memory)
                                                         winner_state[1] (net)
                      0.156205    0.000900    6.315174 ^ SMU_Top/winner_state[1] (Survivor_Memory_Unit)
                                              6.315174   data arrival time

                                100.000000  100.000000   clock clk (rise edge)
                                  0.000000  100.000000   clock source latency
     3    0.071154    0.322413    0.225135  100.225136 ^ clk (in)
                                                         clk (net)
                      0.322586    0.000000  100.225136 ^ SMU_Top/clk (Survivor_Memory_Unit)
                                 -0.250000   99.975136   clock uncertainty
                                  0.000000   99.975136   clock reconvergence pessimism
                                 -1.847940   98.127197   library setup time
                                             98.127197   data required time
---------------------------------------------------------------------------------------------
                                             98.127197   data required time
                                             -6.315174   data arrival time
---------------------------------------------------------------------------------------------
                                             91.812019   slack (MET)



