
===========================================================================
report_checks -path_delay min (Hold)
============================================================================
======================= nom_tt_025C_1v80 Corner ===================================

Startpoint: PMU_Top (rising edge-triggered flip-flop clocked by clk)
Endpoint: SMU_Top (rising edge-triggered flip-flop clocked by clk)
Path Group: clk
Path Type: min

Fanout         Cap        Slew       Delay        Time   Description
---------------------------------------------------------------------------------------------
                                  0.000000    0.000000   clock clk (rise edge)
                                  0.000000    0.000000   clock source latency
     3    0.071154    0.322413    0.226432    0.226432 ^ clk (in)
                                                         clk (net)
                      0.322667    0.000000    0.226432 ^ PMU_Top/clk (Path_Metric_Unit)
     1    0.007468    0.079349    4.470731    4.697164 ^ PMU_Top/servivor_select_10 (Path_Metric_Unit)
                                                         servivor_select_10 (net)
                      0.079349    0.000079    4.697243 ^ SMU_Top/survivor_select_10 (Survivor_Memory_Unit)
                                              4.697243   data arrival time

                                  0.000000    0.000000   clock clk (rise edge)
                                  0.000000    0.000000   clock source latency
     3    0.071154    0.322413    0.225138    0.225138 ^ clk (in)
                                                         clk (net)
                      0.322586    0.000000    0.225138 ^ SMU_Top/clk (Survivor_Memory_Unit)
                                  0.250000    0.475138   clock uncertainty
                                  0.000000    0.475138   clock reconvergence pessimism
                                 -0.136400    0.338738   library hold time
                                              0.338738   data required time
---------------------------------------------------------------------------------------------
                                              0.338738   data required time
                                             -4.697243   data arrival time
---------------------------------------------------------------------------------------------
                                              4.358504   slack (MET)


Startpoint: PMU_Top (rising edge-triggered flip-flop clocked by clk)
Endpoint: SMU_Top (rising edge-triggered flip-flop clocked by clk)
Path Group: clk
Path Type: min

Fanout         Cap        Slew       Delay        Time   Description
---------------------------------------------------------------------------------------------
                                  0.000000    0.000000   clock clk (rise edge)
                                  0.000000    0.000000   clock source latency
     3    0.071154    0.322413    0.226432    0.226432 ^ clk (in)
                                                         clk (net)
                      0.322667    0.000000    0.226432 ^ PMU_Top/clk (Path_Metric_Unit)
     1    0.007268    0.061010    4.410561    4.636993 v PMU_Top/servivor_select_01 (Path_Metric_Unit)
                                                         servivor_select_01 (net)
                      0.061010    0.000077    4.637071 v SMU_Top/survivor_select_01 (Survivor_Memory_Unit)
                                              4.637071   data arrival time

                                  0.000000    0.000000   clock clk (rise edge)
                                  0.000000    0.000000   clock source latency
     3    0.071154    0.322413    0.225138    0.225138 ^ clk (in)
                                                         clk (net)
                      0.322586    0.000000    0.225138 ^ SMU_Top/clk (Survivor_Memory_Unit)
                                  0.250000    0.475138   clock uncertainty
                                  0.000000    0.475138   clock reconvergence pessimism
                                 -0.203400    0.271738   library hold time
                                              0.271738   data required time
---------------------------------------------------------------------------------------------
                                              0.271738   data required time
                                             -4.637071   data arrival time
---------------------------------------------------------------------------------------------
                                              4.365333   slack (MET)


Startpoint: PMU_Top (rising edge-triggered flip-flop clocked by clk)
Endpoint: SMU_Top (rising edge-triggered flip-flop clocked by clk)
Path Group: clk
Path Type: min

Fanout         Cap        Slew       Delay        Time   Description
---------------------------------------------------------------------------------------------
                                  0.000000    0.000000   clock clk (rise edge)
                                  0.000000    0.000000   clock source latency
     3    0.071154    0.322413    0.226432    0.226432 ^ clk (in)
                                                         clk (net)
                      0.322667    0.000000    0.226432 ^ PMU_Top/clk (Path_Metric_Unit)
     1    0.007506    0.061732    4.591589    4.818022 v PMU_Top/servivor_select_00 (Path_Metric_Unit)
                                                         servivor_select_00 (net)
                      0.061732    0.000081    4.818103 v SMU_Top/survivor_select_00 (Survivor_Memory_Unit)
                                              4.818103   data arrival time

                                  0.000000    0.000000   clock clk (rise edge)
                                  0.000000    0.000000   clock source latency
     3    0.071154    0.322413    0.225138    0.225138 ^ clk (in)
                                                         clk (net)
                      0.322586    0.000000    0.225138 ^ SMU_Top/clk (Survivor_Memory_Unit)
                                  0.250000    0.475138   clock uncertainty
                                  0.000000    0.475138   clock reconvergence pessimism
                                 -0.200960    0.274178   library hold time
                                              0.274178   data required time
---------------------------------------------------------------------------------------------
                                              0.274178   data required time
                                             -4.818103   data arrival time
---------------------------------------------------------------------------------------------
                                              4.543924   slack (MET)


Startpoint: PMU_Top (rising edge-triggered flip-flop clocked by clk)
Endpoint: SMU_Top (rising edge-triggered flip-flop clocked by clk)
Path Group: clk
Path Type: min

Fanout         Cap        Slew       Delay        Time   Description
---------------------------------------------------------------------------------------------
                                  0.000000    0.000000   clock clk (rise edge)
                                  0.000000    0.000000   clock source latency
     3    0.071154    0.322413    0.226432    0.226432 ^ clk (in)
                                                         clk (net)
                      0.322667    0.000000    0.226432 ^ PMU_Top/clk (Path_Metric_Unit)
     1    0.012281    0.109860    1.858613    2.085045 ^ PMU_Top/current_metric_00[0] (Path_Metric_Unit)
                                                         pm_00[0] (net)
                      0.109860    0.000333    2.085378 ^ MPM/prev_00[0] (Maximum_Path_Memory)
     1    0.018849    0.156204    3.310481    5.395859 ^ MPM/winner_state[1] (Maximum_Path_Memory)
                                                         winner_state[1] (net)
                      0.156204    0.000900    5.396759 ^ SMU_Top/winner_state[1] (Survivor_Memory_Unit)
                                              5.396759   data arrival time

                                  0.000000    0.000000   clock clk (rise edge)
                                  0.000000    0.000000   clock source latency
     3    0.071154    0.322413    0.225138    0.225138 ^ clk (in)
                                                         clk (net)
                      0.322586    0.000000    0.225138 ^ SMU_Top/clk (Survivor_Memory_Unit)
                                  0.250000    0.475138   clock uncertainty
                                  0.000000    0.475138   clock reconvergence pessimism
                                 -0.333880    0.141258   library hold time
                                              0.141258   data required time
---------------------------------------------------------------------------------------------
                                              0.141258   data required time
                                             -5.396759   data arrival time
---------------------------------------------------------------------------------------------
                                              5.255500   slack (MET)


Startpoint: PMU_Top (rising edge-triggered flip-flop clocked by clk)
Endpoint: SMU_Top (rising edge-triggered flip-flop clocked by clk)
Path Group: clk
Path Type: min

Fanout         Cap        Slew       Delay        Time   Description
---------------------------------------------------------------------------------------------
                                  0.000000    0.000000   clock clk (rise edge)
                                  0.000000    0.000000   clock source latency
     3    0.071154    0.322413    0.226432    0.226432 ^ clk (in)
                                                         clk (net)
                      0.322667    0.000000    0.226432 ^ PMU_Top/clk (Path_Metric_Unit)
     1    0.012281    0.109860    1.858613    2.085045 ^ PMU_Top/current_metric_00[0] (Path_Metric_Unit)
                                                         pm_00[0] (net)
                      0.109860    0.000333    2.085378 ^ MPM/prev_00[0] (Maximum_Path_Memory)
     1    0.018576    0.152770    3.768696    5.854074 ^ MPM/winner_state[0] (Maximum_Path_Memory)
                                                         winner_state[0] (net)
                      0.152770    0.000941    5.855015 ^ SMU_Top/winner_state[0] (Survivor_Memory_Unit)
                                              5.855015   data arrival time

                                  0.000000    0.000000   clock clk (rise edge)
                                  0.000000    0.000000   clock source latency
     3    0.071154    0.322413    0.225138    0.225138 ^ clk (in)
                                                         clk (net)
                      0.322586    0.000000    0.225138 ^ SMU_Top/clk (Survivor_Memory_Unit)
                                  0.250000    0.475138   clock uncertainty
                                  0.000000    0.475138   clock reconvergence pessimism
                                 -0.369560    0.105578   library hold time
                                              0.105578   data required time
---------------------------------------------------------------------------------------------
                                              0.105578   data required time
                                             -5.855015   data arrival time
---------------------------------------------------------------------------------------------
                                              5.749437   slack (MET)


Startpoint: rst_n (input port clocked by clk)
Endpoint: CTRL (rising edge-triggered flip-flop clocked by clk)
Path Group: clk
Path Type: min

Fanout         Cap        Slew       Delay        Time   Description
---------------------------------------------------------------------------------------------
                                  0.000000    0.000000   clock clk (rise edge)
                                  0.000000    0.000000   clock network delay (propagated)
                                 20.000000   20.000000 ^ input external delay
     3    0.030477    0.142580    0.098444   20.098444 ^ rst_n (in)
                                                         rst_n (net)
                      0.142597    0.000000   20.098444 ^ CTRL/rst_n (Controller)
                                             20.098444   data arrival time

                                  0.000000    0.000000   clock clk (rise edge)
                                  0.000000    0.000000   clock source latency
     3    0.071154    0.322413    0.226947    0.226947 ^ clk (in)
                                                         clk (net)
                      0.322704    0.000000    0.226947 ^ CTRL/clk (Controller)
                                  0.250000    0.476947   clock uncertainty
                                  0.000000    0.476947   clock reconvergence pessimism
                                  0.873700    1.350647   library hold time
                                              1.350647   data required time
---------------------------------------------------------------------------------------------
                                              1.350647   data required time
                                            -20.098444   data arrival time
---------------------------------------------------------------------------------------------
                                             18.747797   slack (MET)


Startpoint: rst_n (input port clocked by clk)
Endpoint: PMU_Top (rising edge-triggered flip-flop clocked by clk)
Path Group: clk
Path Type: min

Fanout         Cap        Slew       Delay        Time   Description
---------------------------------------------------------------------------------------------
                                  0.000000    0.000000   clock clk (rise edge)
                                  0.000000    0.000000   clock network delay (propagated)
                                 20.000000   20.000000 ^ input external delay
     3    0.030477    0.142580    0.098911   20.098911 ^ rst_n (in)
                                                         rst_n (net)
                      0.142612    0.000000   20.098911 ^ PMU_Top/rst_n (Path_Metric_Unit)
                                             20.098911   data arrival time

                                  0.000000    0.000000   clock clk (rise edge)
                                  0.000000    0.000000   clock source latency
     3    0.071154    0.322413    0.226432    0.226432 ^ clk (in)
                                                         clk (net)
                      0.322667    0.000000    0.226432 ^ PMU_Top/clk (Path_Metric_Unit)
                                  0.250000    0.476432   clock uncertainty
                                  0.000000    0.476432   clock reconvergence pessimism
                                  0.662210    1.138642   library hold time
                                              1.138642   data required time
---------------------------------------------------------------------------------------------
                                              1.138642   data required time
                                            -20.098911   data arrival time
---------------------------------------------------------------------------------------------
                                             18.960268   slack (MET)


Startpoint: rst_n (input port clocked by clk)
Endpoint: SMU_Top (rising edge-triggered flip-flop clocked by clk)
Path Group: clk
Path Type: min

Fanout         Cap        Slew       Delay        Time   Description
---------------------------------------------------------------------------------------------
                                  0.000000    0.000000   clock clk (rise edge)
                                  0.000000    0.000000   clock network delay (propagated)
                                 20.000000   20.000000 ^ input external delay
     3    0.030477    0.142580    0.099185   20.099186 ^ rst_n (in)
                                                         rst_n (net)
                      0.142623    0.000000   20.099186 ^ SMU_Top/rst_n (Survivor_Memory_Unit)
                                             20.099186   data arrival time

                                  0.000000    0.000000   clock clk (rise edge)
                                  0.000000    0.000000   clock source latency
     3    0.071154    0.322413    0.225138    0.225138 ^ clk (in)
                                                         clk (net)
                      0.322586    0.000000    0.225138 ^ SMU_Top/clk (Survivor_Memory_Unit)
                                  0.250000    0.475138   clock uncertainty
                                  0.000000    0.475138   clock reconvergence pessimism
                                  0.619050    1.094188   library hold time
                                              1.094188   data required time
---------------------------------------------------------------------------------------------
                                              1.094188   data required time
                                            -20.099186   data arrival time
---------------------------------------------------------------------------------------------
                                             19.004997   slack (MET)


Startpoint: start (input port clocked by clk)
Endpoint: CTRL (rising edge-triggered flip-flop clocked by clk)
Path Group: clk
Path Type: min

Fanout         Cap        Slew       Delay        Time   Description
---------------------------------------------------------------------------------------------
                                  0.000000    0.000000   clock clk (rise edge)
                                  0.000000    0.000000   clock network delay (propagated)
                                 20.000000   20.000000 v input external delay
     1    0.017145    0.039926    0.028001   20.028002 v start (in)
                                                         start (net)
                      0.039946    0.000000   20.028002 v CTRL/start (Controller)
                                             20.028002   data arrival time

                                  0.000000    0.000000   clock clk (rise edge)
                                  0.000000    0.000000   clock source latency
     3    0.071154    0.322413    0.226947    0.226947 ^ clk (in)
                                                         clk (net)
                      0.322704    0.000000    0.226947 ^ CTRL/clk (Controller)
                                  0.250000    0.476947   clock uncertainty
                                  0.000000    0.476947   clock reconvergence pessimism
                                 -0.229960    0.246987   library hold time
                                              0.246987   data required time
---------------------------------------------------------------------------------------------
                                              0.246987   data required time
                                            -20.028002   data arrival time
---------------------------------------------------------------------------------------------
                                             19.781015   slack (MET)


Startpoint: start (input port clocked by clk)
Endpoint: PMU_Top (rising edge-triggered flip-flop clocked by clk)
Path Group: clk
Path Type: min

Fanout         Cap        Slew       Delay        Time   Description
---------------------------------------------------------------------------------------------
                                  0.000000    0.000000   clock clk (rise edge)
                                  0.000000    0.000000   clock network delay (propagated)
                                 20.000000   20.000000 ^ input external delay
     1    0.017145    0.082982    0.057018   20.057018 ^ start (in)
                                                         start (net)
                      0.082991    0.000000   20.057018 ^ CTRL/start (Controller)
     1    0.008170    0.064098    0.764617   20.821634 v CTRL/clr_me (Controller)
                                                         clr_me (net)
                      0.064098    0.000140   20.821775 v PMU_Top/clr_me (Path_Metric_Unit)
                                             20.821775   data arrival time

                                  0.000000    0.000000   clock clk (rise edge)
                                  0.000000    0.000000   clock source latency
     3    0.071154    0.322413    0.226432    0.226432 ^ clk (in)
                                                         clk (net)
                      0.322667    0.000000    0.226432 ^ PMU_Top/clk (Path_Metric_Unit)
                                  0.250000    0.476432   clock uncertainty
                                  0.000000    0.476432   clock reconvergence pessimism
                                 -0.490950   -0.014517   library hold time
                                             -0.014517   data required time
---------------------------------------------------------------------------------------------
                                             -0.014517   data required time
                                            -20.821775   data arrival time
---------------------------------------------------------------------------------------------
                                             20.836294   slack (MET)


Startpoint: received[1] (input port clocked by clk)
Endpoint: PMU_Top (rising edge-triggered flip-flop clocked by clk)
Path Group: clk
Path Type: min

Fanout         Cap        Slew       Delay        Time   Description
---------------------------------------------------------------------------------------------
                                  0.000000    0.000000   clock clk (rise edge)
                                  0.000000    0.000000   clock network delay (propagated)
                                 20.000000   20.000000 v input external delay
     1    0.009911    0.024320    0.016154   20.016155 v received[1] (in)
                                                         received[1] (net)
                      0.024324    0.000000   20.016155 v BMU/received[1] (Branch_Metrics)
     1    0.010189    0.071881    1.123215   21.139370 v BMU/bm_10_01[0] (Branch_Metrics)
                                                         bm_10_01[0] (net)
                      0.071881    0.000174   21.139544 v PMU_Top/bm_10_01[0] (Path_Metric_Unit)
                                             21.139544   data arrival time

                                  0.000000    0.000000   clock clk (rise edge)
                                  0.000000    0.000000   clock source latency
     3    0.071154    0.322413    0.226432    0.226432 ^ clk (in)
                                                         clk (net)
                      0.322667    0.000000    0.226432 ^ PMU_Top/clk (Path_Metric_Unit)
                                  0.250000    0.476432   clock uncertainty
                                  0.000000    0.476432   clock reconvergence pessimism
                                 -0.412560    0.063872   library hold time
                                              0.063872   data required time
---------------------------------------------------------------------------------------------
                                              0.063872   data required time
                                            -21.139544   data arrival time
---------------------------------------------------------------------------------------------
                                             21.075672   slack (MET)


Startpoint: received[0] (input port clocked by clk)
Endpoint: PMU_Top (rising edge-triggered flip-flop clocked by clk)
Path Group: clk
Path Type: min

Fanout         Cap        Slew       Delay        Time   Description
---------------------------------------------------------------------------------------------
                                  0.000000    0.000000   clock clk (rise edge)
                                  0.000000    0.000000   clock network delay (propagated)
                                 20.000000   20.000000 ^ input external delay
     1    0.015413    0.075272    0.051593   20.051594 ^ received[0] (in)
                                                         received[0] (net)
                      0.075281    0.000000   20.051594 ^ BMU/received[0] (Branch_Metrics)
     1    0.011089    0.103143    1.038703   21.090296 ^ BMU/bm_10_01[1] (Branch_Metrics)
                                                         bm_10_01[1] (net)
                      0.103143    0.000178   21.090473 ^ PMU_Top/bm_10_01[1] (Path_Metric_Unit)
                                             21.090473   data arrival time

                                  0.000000    0.000000   clock clk (rise edge)
                                  0.000000    0.000000   clock source latency
     3    0.071154    0.322413    0.226432    0.226432 ^ clk (in)
                                                         clk (net)
                      0.322667    0.000000    0.226432 ^ PMU_Top/clk (Path_Metric_Unit)
                                  0.250000    0.476432   clock uncertainty
                                  0.000000    0.476432   clock reconvergence pessimism
                                 -0.609510   -0.133078   library hold time
                                             -0.133078   data required time
---------------------------------------------------------------------------------------------
                                             -0.133078   data required time
                                            -21.090473   data arrival time
---------------------------------------------------------------------------------------------
                                             21.223551   slack (MET)


Startpoint: received[1] (input port clocked by clk)
Endpoint: PMU_Top (rising edge-triggered flip-flop clocked by clk)
Path Group: clk
Path Type: min

Fanout         Cap        Slew       Delay        Time   Description
---------------------------------------------------------------------------------------------
                                  0.000000    0.000000   clock clk (rise edge)
                                  0.000000    0.000000   clock network delay (propagated)
                                 20.000000   20.000000 ^ input external delay
     1    0.009911    0.051027    0.033820   20.033821 ^ received[1] (in)
                                                         received[1] (net)
                      0.051029    0.000000   20.033821 ^ BMU/received[1] (Branch_Metrics)
     1    0.010289    0.073310    0.882288   20.916109 v BMU/bm_00_10[1] (Branch_Metrics)
                                                         bm_00_10[1] (net)
                      0.073310    0.000178   20.916286 v PMU_Top/bm_00_10[1] (Path_Metric_Unit)
                                             20.916286   data arrival time

                                  0.000000    0.000000   clock clk (rise edge)
                                  0.000000    0.000000   clock source latency
     3    0.071154    0.322413    0.226432    0.226432 ^ clk (in)
                                                         clk (net)
                      0.322667    0.000000    0.226432 ^ PMU_Top/clk (Path_Metric_Unit)
                                  0.250000    0.476432   clock uncertainty
                                  0.000000    0.476432   clock reconvergence pessimism
                                 -0.801560   -0.325128   library hold time
                                             -0.325128   data required time
---------------------------------------------------------------------------------------------
                                             -0.325128   data required time
                                            -20.916286   data arrival time
---------------------------------------------------------------------------------------------
                                             21.241415   slack (MET)


Startpoint: received[1] (input port clocked by clk)
Endpoint: PMU_Top (rising edge-triggered flip-flop clocked by clk)
Path Group: clk
Path Type: min

Fanout         Cap        Slew       Delay        Time   Description
---------------------------------------------------------------------------------------------
                                  0.000000    0.000000   clock clk (rise edge)
                                  0.000000    0.000000   clock network delay (propagated)
                                 20.000000   20.000000 v input external delay
     1    0.009911    0.024320    0.016154   20.016155 v received[1] (in)
                                                         received[1] (net)
                      0.024324    0.000000   20.016155 v BMU/received[1] (Branch_Metrics)
     1    0.011488    0.076937    1.273804   21.289959 v BMU/bm_11_11[0] (Branch_Metrics)
                                                         bm_11_11[0] (net)
                      0.076937    0.000203   21.290161 v PMU_Top/bm_11_11[0] (Path_Metric_Unit)
                                             21.290161   data arrival time

                                  0.000000    0.000000   clock clk (rise edge)
                                  0.000000    0.000000   clock source latency
     3    0.071154    0.322413    0.226432    0.226432 ^ clk (in)
                                                         clk (net)
                      0.322667    0.000000    0.226432 ^ PMU_Top/clk (Path_Metric_Unit)
                                  0.250000    0.476432   clock uncertainty
                                  0.000000    0.476432   clock reconvergence pessimism
                                 -0.455470    0.020962   library hold time
                                              0.020962   data required time
---------------------------------------------------------------------------------------------
                                              0.020962   data required time
                                            -21.290161   data arrival time
---------------------------------------------------------------------------------------------
                                             21.269199   slack (MET)


Startpoint: received[1] (input port clocked by clk)
Endpoint: PMU_Top (rising edge-triggered flip-flop clocked by clk)
Path Group: clk
Path Type: min

Fanout         Cap        Slew       Delay        Time   Description
---------------------------------------------------------------------------------------------
                                  0.000000    0.000000   clock clk (rise edge)
                                  0.000000    0.000000   clock network delay (propagated)
                                 20.000000   20.000000 v input external delay
     1    0.009911    0.024320    0.016154   20.016155 v received[1] (in)
                                                         received[1] (net)
                      0.024324    0.000000   20.016155 v BMU/received[1] (Branch_Metrics)
     1    0.010089    0.071396    1.281281   21.297436 v BMU/bm_01_00[0] (Branch_Metrics)
                                                         bm_01_00[0] (net)
                      0.071396    0.000172   21.297607 v PMU_Top/bm_01_00[0] (Path_Metric_Unit)
                                             21.297607   data arrival time

                                  0.000000    0.000000   clock clk (rise edge)
                                  0.000000    0.000000   clock source latency
     3    0.071154    0.322413    0.226432    0.226432 ^ clk (in)
                                                         clk (net)
                      0.322667    0.000000    0.226432 ^ PMU_Top/clk (Path_Metric_Unit)
                                  0.250000    0.476432   clock uncertainty
                                  0.000000    0.476432   clock reconvergence pessimism
                                 -0.452940    0.023492   library hold time
                                              0.023492   data required time
---------------------------------------------------------------------------------------------
                                              0.023492   data required time
                                            -21.297607   data arrival time
---------------------------------------------------------------------------------------------
                                             21.274115   slack (MET)


Startpoint: received[1] (input port clocked by clk)
Endpoint: PMU_Top (rising edge-triggered flip-flop clocked by clk)
Path Group: clk
Path Type: min

Fanout         Cap        Slew       Delay        Time   Description
---------------------------------------------------------------------------------------------
                                  0.000000    0.000000   clock clk (rise edge)
                                  0.000000    0.000000   clock network delay (propagated)
                                 20.000000   20.000000 v input external delay
     1    0.009911    0.024320    0.016154   20.016155 v received[1] (in)
                                                         received[1] (net)
                      0.024324    0.000000   20.016155 v BMU/received[1] (Branch_Metrics)
     1    0.010789    0.074155    1.286706   21.302860 v BMU/bm_00_10[0] (Branch_Metrics)
                                                         bm_00_10[0] (net)
                      0.074155    0.000188   21.303049 v PMU_Top/bm_00_10[0] (Path_Metric_Unit)
                                             21.303049   data arrival time

                                  0.000000    0.000000   clock clk (rise edge)
                                  0.000000    0.000000   clock source latency
     3    0.071154    0.322413    0.226432    0.226432 ^ clk (in)
                                                         clk (net)
                      0.322667    0.000000    0.226432 ^ PMU_Top/clk (Path_Metric_Unit)
                                  0.250000    0.476432   clock uncertainty
                                  0.000000    0.476432   clock reconvergence pessimism
                                 -0.514200   -0.037768   library hold time
                                             -0.037768   data required time
---------------------------------------------------------------------------------------------
                                             -0.037768   data required time
                                            -21.303049   data arrival time
---------------------------------------------------------------------------------------------
                                             21.340816   slack (MET)


Startpoint: received[1] (input port clocked by clk)
Endpoint: PMU_Top (rising edge-triggered flip-flop clocked by clk)
Path Group: clk
Path Type: min

Fanout         Cap        Slew       Delay        Time   Description
---------------------------------------------------------------------------------------------
                                  0.000000    0.000000   clock clk (rise edge)
                                  0.000000    0.000000   clock network delay (propagated)
                                 20.000000   20.000000 ^ input external delay
     1    0.009911    0.051027    0.033820   20.033821 ^ received[1] (in)
                                                         received[1] (net)
                      0.051029    0.000000   20.033821 ^ BMU/received[1] (Branch_Metrics)
     1    0.010489    0.072972    1.018975   21.052795 v BMU/bm_01_00[1] (Branch_Metrics)
                                                         bm_01_00[1] (net)
                      0.072972    0.000181   21.052977 v PMU_Top/bm_01_00[1] (Path_Metric_Unit)
                                             21.052977   data arrival time

                                  0.000000    0.000000   clock clk (rise edge)
                                  0.000000    0.000000   clock source latency
     3    0.071154    0.322413    0.226432    0.226432 ^ clk (in)
                                                         clk (net)
                      0.322667    0.000000    0.226432 ^ PMU_Top/clk (Path_Metric_Unit)
                                  0.250000    0.476432   clock uncertainty
                                  0.000000    0.476432   clock reconvergence pessimism
                                 -0.774660   -0.298228   library hold time
                                             -0.298228   data required time
---------------------------------------------------------------------------------------------
                                             -0.298228   data required time
                                            -21.052977   data arrival time
---------------------------------------------------------------------------------------------
                                             21.351204   slack (MET)


Startpoint: received[1] (input port clocked by clk)
Endpoint: PMU_Top (rising edge-triggered flip-flop clocked by clk)
Path Group: clk
Path Type: min

Fanout         Cap        Slew       Delay        Time   Description
---------------------------------------------------------------------------------------------
                                  0.000000    0.000000   clock clk (rise edge)
                                  0.000000    0.000000   clock network delay (propagated)
                                 20.000000   20.000000 v input external delay
     1    0.009911    0.024320    0.016154   20.016155 v received[1] (in)
                                                         received[1] (net)
                      0.024324    0.000000   20.016155 v BMU/received[1] (Branch_Metrics)
     1    0.014388    0.090625    1.161473   21.177628 v BMU/bm_00_00[0] (Branch_Metrics)
                                                         bm_00_00[0] (net)
                      0.090625    0.000281   21.177908 v PMU_Top/bm_00_00[0] (Path_Metric_Unit)
                                             21.177908   data arrival time

                                  0.000000    0.000000   clock clk (rise edge)
                                  0.000000    0.000000   clock source latency
     3    0.071154    0.322413    0.226432    0.226432 ^ clk (in)
                                                         clk (net)
                      0.322667    0.000000    0.226432 ^ PMU_Top/clk (Path_Metric_Unit)
                                  0.250000    0.476432   clock uncertainty
                                  0.000000    0.476432   clock reconvergence pessimism
                                 -0.666930   -0.190498   library hold time
                                             -0.190498   data required time
---------------------------------------------------------------------------------------------
                                             -0.190498   data required time
                                            -21.177908   data arrival time
---------------------------------------------------------------------------------------------
                                             21.368406   slack (MET)


Startpoint: received[1] (input port clocked by clk)
Endpoint: PMU_Top (rising edge-triggered flip-flop clocked by clk)
Path Group: clk
Path Type: min

Fanout         Cap        Slew       Delay        Time   Description
---------------------------------------------------------------------------------------------
                                  0.000000    0.000000   clock clk (rise edge)
                                  0.000000    0.000000   clock network delay (propagated)
                                 20.000000   20.000000 v input external delay
     1    0.009911    0.024320    0.016154   20.016155 v received[1] (in)
                                                         received[1] (net)
                      0.024324    0.000000   20.016155 v BMU/received[1] (Branch_Metrics)
     1    0.011048    0.075173    1.261936   21.278091 v BMU/bm_10_11[0] (Branch_Metrics)
                                                         bm_10_11[0] (net)
                      0.075173    0.000185   21.278276 v PMU_Top/bm_10_11[0] (Path_Metric_Unit)
                                             21.278276   data arrival time

                                  0.000000    0.000000   clock clk (rise edge)
                                  0.000000    0.000000   clock source latency
     3    0.071154    0.322413    0.226432    0.226432 ^ clk (in)
                                                         clk (net)
                      0.322667    0.000000    0.226432 ^ PMU_Top/clk (Path_Metric_Unit)
                                  0.250000    0.476432   clock uncertainty
                                  0.000000    0.476432   clock reconvergence pessimism
                                 -0.656780   -0.180348   library hold time
                                             -0.180348   data required time
---------------------------------------------------------------------------------------------
                                             -0.180348   data required time
                                            -21.278276   data arrival time
---------------------------------------------------------------------------------------------
                                             21.458624   slack (MET)


Startpoint: received[1] (input port clocked by clk)
Endpoint: PMU_Top (rising edge-triggered flip-flop clocked by clk)
Path Group: clk
Path Type: min

Fanout         Cap        Slew       Delay        Time   Description
---------------------------------------------------------------------------------------------
                                  0.000000    0.000000   clock clk (rise edge)
                                  0.000000    0.000000   clock network delay (propagated)
                                 20.000000   20.000000 ^ input external delay
     1    0.009911    0.051027    0.033820   20.033821 ^ received[1] (in)
                                                         received[1] (net)
                      0.051029    0.000000   20.033821 ^ BMU/received[1] (Branch_Metrics)
     1    0.010189    0.096757    1.037268   21.071089 ^ BMU/bm_10_11[1] (Branch_Metrics)
                                                         bm_10_11[1] (net)
                      0.096757    0.000174   21.071262 ^ PMU_Top/bm_10_11[1] (Path_Metric_Unit)
                                             21.071262   data arrival time

                                  0.000000    0.000000   clock clk (rise edge)
                                  0.000000    0.000000   clock source latency
     3    0.071154    0.322413    0.226432    0.226432 ^ clk (in)
                                                         clk (net)
                      0.322667    0.000000    0.226432 ^ PMU_Top/clk (Path_Metric_Unit)
                                  0.250000    0.476432   clock uncertainty
                                  0.000000    0.476432   clock reconvergence pessimism
                                 -0.880750   -0.404318   library hold time
                                             -0.404318   data required time
---------------------------------------------------------------------------------------------
                                             -0.404318   data required time
                                            -21.071262   data arrival time
---------------------------------------------------------------------------------------------
                                             21.475580   slack (MET)


Startpoint: received[1] (input port clocked by clk)
Endpoint: PMU_Top (rising edge-triggered flip-flop clocked by clk)
Path Group: clk
Path Type: min

Fanout         Cap        Slew       Delay        Time   Description
---------------------------------------------------------------------------------------------
                                  0.000000    0.000000   clock clk (rise edge)
                                  0.000000    0.000000   clock network delay (propagated)
                                 20.000000   20.000000 v input external delay
     1    0.009911    0.024320    0.016154   20.016155 v received[1] (in)
                                                         received[1] (net)
                      0.024324    0.000000   20.016155 v BMU/received[1] (Branch_Metrics)
     1    0.010089    0.071389    1.262963   21.279118 v BMU/bm_11_01[0] (Branch_Metrics)
                                                         bm_11_01[0] (net)
                      0.071389    0.000172   21.279289 v PMU_Top/bm_11_01[0] (Path_Metric_Unit)
                                             21.279289   data arrival time

                                  0.000000    0.000000   clock clk (rise edge)
                                  0.000000    0.000000   clock source latency
     3    0.071154    0.322413    0.226432    0.226432 ^ clk (in)
                                                         clk (net)
                      0.322667    0.000000    0.226432 ^ PMU_Top/clk (Path_Metric_Unit)
                                  0.250000    0.476432   clock uncertainty
                                  0.000000    0.476432   clock reconvergence pessimism
                                 -0.680380   -0.203948   library hold time
                                             -0.203948   data required time
---------------------------------------------------------------------------------------------
                                             -0.203948   data required time
                                            -21.279289   data arrival time
---------------------------------------------------------------------------------------------
                                             21.483236   slack (MET)


Startpoint: received[1] (input port clocked by clk)
Endpoint: PMU_Top (rising edge-triggered flip-flop clocked by clk)
Path Group: clk
Path Type: min

Fanout         Cap        Slew       Delay        Time   Description
---------------------------------------------------------------------------------------------
                                  0.000000    0.000000   clock clk (rise edge)
                                  0.000000    0.000000   clock network delay (propagated)
                                 20.000000   20.000000 v input external delay
     1    0.009911    0.024320    0.016154   20.016155 v received[1] (in)
                                                         received[1] (net)
                      0.024324    0.000000   20.016155 v BMU/received[1] (Branch_Metrics)
     1    0.011287    0.076123    1.289818   21.305973 v BMU/bm_01_10[0] (Branch_Metrics)
                                                         bm_01_10[0] (net)
                      0.076123    0.000187   21.306160 v PMU_Top/bm_01_10[0] (Path_Metric_Unit)
                                             21.306160   data arrival time

                                  0.000000    0.000000   clock clk (rise edge)
                                  0.000000    0.000000   clock source latency
     3    0.071154    0.322413    0.226432    0.226432 ^ clk (in)
                                                         clk (net)
                      0.322667    0.000000    0.226432 ^ PMU_Top/clk (Path_Metric_Unit)
                                  0.250000    0.476432   clock uncertainty
                                  0.000000    0.476432   clock reconvergence pessimism
                                 -0.689930   -0.213498   library hold time
                                             -0.213498   data required time
---------------------------------------------------------------------------------------------
                                             -0.213498   data required time
                                            -21.306160   data arrival time
---------------------------------------------------------------------------------------------
                                             21.519655   slack (MET)


Startpoint: received[1] (input port clocked by clk)
Endpoint: PMU_Top (rising edge-triggered flip-flop clocked by clk)
Path Group: clk
Path Type: min

Fanout         Cap        Slew       Delay        Time   Description
---------------------------------------------------------------------------------------------
                                  0.000000    0.000000   clock clk (rise edge)
                                  0.000000    0.000000   clock network delay (propagated)
                                 20.000000   20.000000 ^ input external delay
     1    0.009911    0.051027    0.033820   20.033821 ^ received[1] (in)
                                                         received[1] (net)
                      0.051029    0.000000   20.033821 ^ BMU/received[1] (Branch_Metrics)
     1    0.013827    0.122807    1.147431   21.181252 ^ BMU/bm_00_00[1] (Branch_Metrics)
                                                         bm_00_00[1] (net)
                      0.122807    0.000275   21.181526 ^ PMU_Top/bm_00_00[1] (Path_Metric_Unit)
                                             21.181526   data arrival time

                                  0.000000    0.000000   clock clk (rise edge)
                                  0.000000    0.000000   clock source latency
     3    0.071154    0.322413    0.226432    0.226432 ^ clk (in)
                                                         clk (net)
                      0.322667    0.000000    0.226432 ^ PMU_Top/clk (Path_Metric_Unit)
                                  0.250000    0.476432   clock uncertainty
                                  0.000000    0.476432   clock reconvergence pessimism
                                 -0.860720   -0.384288   library hold time
                                             -0.384288   data required time
---------------------------------------------------------------------------------------------
                                             -0.384288   data required time
                                            -21.181526   data arrival time
---------------------------------------------------------------------------------------------
                                             21.565815   slack (MET)


Startpoint: received[0] (input port clocked by clk)
Endpoint: PMU_Top (rising edge-triggered flip-flop clocked by clk)
Path Group: clk
Path Type: min

Fanout         Cap        Slew       Delay        Time   Description
---------------------------------------------------------------------------------------------
                                  0.000000    0.000000   clock clk (rise edge)
                                  0.000000    0.000000   clock network delay (propagated)
                                 20.000000   20.000000 v input external delay
     1    0.015413    0.036195    0.025235   20.025236 v received[0] (in)
                                                         received[0] (net)
                      0.036215    0.000000   20.025236 v BMU/received[0] (Branch_Metrics)
     1    0.013209    0.083867    1.269248   21.294483 v BMU/bm_11_11[1] (Branch_Metrics)
                                                         bm_11_11[1] (net)
                      0.083867    0.000222   21.294704 v PMU_Top/bm_11_11[1] (Path_Metric_Unit)
                                             21.294704   data arrival time

                                  0.000000    0.000000   clock clk (rise edge)
                                  0.000000    0.000000   clock source latency
     3    0.071154    0.322413    0.226432    0.226432 ^ clk (in)
                                                         clk (net)
                      0.322667    0.000000    0.226432 ^ PMU_Top/clk (Path_Metric_Unit)
                                  0.250000    0.476432   clock uncertainty
                                  0.000000    0.476432   clock reconvergence pessimism
                                 -0.784660   -0.308228   library hold time
                                             -0.308228   data required time
---------------------------------------------------------------------------------------------
                                             -0.308228   data required time
                                            -21.294704   data arrival time
---------------------------------------------------------------------------------------------
                                             21.602934   slack (MET)


Startpoint: received[1] (input port clocked by clk)
Endpoint: PMU_Top (rising edge-triggered flip-flop clocked by clk)
Path Group: clk
Path Type: min

Fanout         Cap        Slew       Delay        Time   Description
---------------------------------------------------------------------------------------------
                                  0.000000    0.000000   clock clk (rise edge)
                                  0.000000    0.000000   clock network delay (propagated)
                                 20.000000   20.000000 ^ input external delay
     1    0.009911    0.051027    0.033820   20.033821 ^ received[1] (in)
                                                         received[1] (net)
                      0.051029    0.000000   20.033821 ^ BMU/received[1] (Branch_Metrics)
     1    0.010789    0.099312    1.212165   21.245985 ^ BMU/bm_11_01[1] (Branch_Metrics)
                                                         bm_11_01[1] (net)
                      0.099312    0.000187   21.246172 ^ PMU_Top/bm_11_01[1] (Path_Metric_Unit)
                                             21.246172   data arrival time

                                  0.000000    0.000000   clock clk (rise edge)
                                  0.000000    0.000000   clock source latency
     3    0.071154    0.322413    0.226432    0.226432 ^ clk (in)
                                                         clk (net)
                      0.322667    0.000000    0.226432 ^ PMU_Top/clk (Path_Metric_Unit)
                                  0.250000    0.476432   clock uncertainty
                                  0.000000    0.476432   clock reconvergence pessimism
                                 -0.926290   -0.449858   library hold time
                                             -0.449858   data required time
---------------------------------------------------------------------------------------------
                                             -0.449858   data required time
                                            -21.246172   data arrival time
---------------------------------------------------------------------------------------------
                                             21.696028   slack (MET)


Startpoint: received[0] (input port clocked by clk)
Endpoint: PMU_Top (rising edge-triggered flip-flop clocked by clk)
Path Group: clk
Path Type: min

Fanout         Cap        Slew       Delay        Time   Description
---------------------------------------------------------------------------------------------
                                  0.000000    0.000000   clock clk (rise edge)
                                  0.000000    0.000000   clock network delay (propagated)
                                 20.000000   20.000000 v input external delay
     1    0.015413    0.036195    0.025235   20.025236 v received[0] (in)
                                                         received[0] (net)
                      0.036215    0.000000   20.025236 v BMU/received[0] (Branch_Metrics)
     1    0.010189    0.071781    1.226356   21.251591 v BMU/bm_01_10[1] (Branch_Metrics)
                                                         bm_01_10[1] (net)
                      0.071781    0.000174   21.251766 v PMU_Top/bm_01_10[1] (Path_Metric_Unit)
                                             21.251766   data arrival time

                                  0.000000    0.000000   clock clk (rise edge)
                                  0.000000    0.000000   clock source latency
     3    0.071154    0.322413    0.226432    0.226432 ^ clk (in)
                                                         clk (net)
                      0.322667    0.000000    0.226432 ^ PMU_Top/clk (Path_Metric_Unit)
                                  0.250000    0.476432   clock uncertainty
                                  0.000000    0.476432   clock reconvergence pessimism
                                 -0.934690   -0.458258   library hold time
                                             -0.458258   data required time
---------------------------------------------------------------------------------------------
                                             -0.458258   data required time
                                            -21.251766   data arrival time
---------------------------------------------------------------------------------------------
                                             21.710022   slack (MET)


Startpoint: SMU_Top (rising edge-triggered flip-flop clocked by clk)
Endpoint: decoded_out[4] (output port clocked by clk)
Path Group: clk
Path Type: min

Fanout         Cap        Slew       Delay        Time   Description
---------------------------------------------------------------------------------------------
                                  0.000000    0.000000   clock clk (rise edge)
                                  0.000000    0.000000   clock source latency
     3    0.071154    0.322413    0.225138    0.225138 ^ clk (in)
                                                         clk (net)
                      0.322586    0.000000    0.225138 ^ SMU_Top/clk (Survivor_Memory_Unit)
     1    0.040577    0.319083    1.816820    2.041958 ^ SMU_Top/decoded_out[4] (Survivor_Memory_Unit)
                                                         decoded_out[4] (net)
                      0.319083    0.001089    2.043047 ^ decoded_out[4] (out)
                                              2.043047   data arrival time

                                  0.000000    0.000000   clock clk (rise edge)
                                  0.000000    0.000000   clock network delay (propagated)
                                  0.250000    0.250000   clock uncertainty
                                  0.000000    0.250000   clock reconvergence pessimism
                                -20.000000  -19.750002   output external delay
                                            -19.750002   data required time
---------------------------------------------------------------------------------------------
                                            -19.750002   data required time
                                             -2.043047   data arrival time
---------------------------------------------------------------------------------------------
                                             21.793049   slack (MET)


Startpoint: SMU_Top (rising edge-triggered flip-flop clocked by clk)
Endpoint: decoded_out[3] (output port clocked by clk)
Path Group: clk
Path Type: min

Fanout         Cap        Slew       Delay        Time   Description
---------------------------------------------------------------------------------------------
                                  0.000000    0.000000   clock clk (rise edge)
                                  0.000000    0.000000   clock source latency
     3    0.071154    0.322413    0.225138    0.225138 ^ clk (in)
                                                         clk (net)
                      0.322586    0.000000    0.225138 ^ SMU_Top/clk (Survivor_Memory_Unit)
     1    0.043514    0.341041    1.822666    2.047804 ^ SMU_Top/decoded_out[3] (Survivor_Memory_Unit)
                                                         decoded_out[3] (net)
                      0.341047    0.001953    2.049757 ^ decoded_out[3] (out)
                                              2.049757   data arrival time

                                  0.000000    0.000000   clock clk (rise edge)
                                  0.000000    0.000000   clock network delay (propagated)
                                  0.250000    0.250000   clock uncertainty
                                  0.000000    0.250000   clock reconvergence pessimism
                                -20.000000  -19.750002   output external delay
                                            -19.750002   data required time
---------------------------------------------------------------------------------------------
                                            -19.750002   data required time
                                             -2.049757   data arrival time
---------------------------------------------------------------------------------------------
                                             21.799759   slack (MET)


Startpoint: SMU_Top (rising edge-triggered flip-flop clocked by clk)
Endpoint: decoded_out[5] (output port clocked by clk)
Path Group: clk
Path Type: min

Fanout         Cap        Slew       Delay        Time   Description
---------------------------------------------------------------------------------------------
                                  0.000000    0.000000   clock clk (rise edge)
                                  0.000000    0.000000   clock source latency
     3    0.071154    0.322413    0.225138    0.225138 ^ clk (in)
                                                         clk (net)
                      0.322586    0.000000    0.225138 ^ SMU_Top/clk (Survivor_Memory_Unit)
     1    0.041402    0.325256    1.830163    2.055301 ^ SMU_Top/decoded_out[5] (Survivor_Memory_Unit)
                                                         decoded_out[5] (net)
                      0.325257    0.001310    2.056611 ^ decoded_out[5] (out)
                                              2.056611   data arrival time

                                  0.000000    0.000000   clock clk (rise edge)
                                  0.000000    0.000000   clock network delay (propagated)
                                  0.250000    0.250000   clock uncertainty
                                  0.000000    0.250000   clock reconvergence pessimism
                                -20.000000  -19.750002   output external delay
                                            -19.750002   data required time
---------------------------------------------------------------------------------------------
                                            -19.750002   data required time
                                             -2.056611   data arrival time
---------------------------------------------------------------------------------------------
                                             21.806612   slack (MET)


Startpoint: SMU_Top (rising edge-triggered flip-flop clocked by clk)
Endpoint: decoded_out[6] (output port clocked by clk)
Path Group: clk
Path Type: min

Fanout         Cap        Slew       Delay        Time   Description
---------------------------------------------------------------------------------------------
                                  0.000000    0.000000   clock clk (rise edge)
                                  0.000000    0.000000   clock source latency
     3    0.071154    0.322413    0.225138    0.225138 ^ clk (in)
                                                         clk (net)
                      0.322586    0.000000    0.225138 ^ SMU_Top/clk (Survivor_Memory_Unit)
     1    0.044638    0.349460    1.854079    2.079217 ^ SMU_Top/decoded_out[6] (Survivor_Memory_Unit)
                                                         decoded_out[6] (net)
                      0.349468    0.002191    2.081408 ^ decoded_out[6] (out)
                                              2.081408   data arrival time

                                  0.000000    0.000000   clock clk (rise edge)
                                  0.000000    0.000000   clock network delay (propagated)
                                  0.250000    0.250000   clock uncertainty
                                  0.000000    0.250000   clock reconvergence pessimism
                                -20.000000  -19.750002   output external delay
                                            -19.750002   data required time
---------------------------------------------------------------------------------------------
                                            -19.750002   data required time
                                             -2.081408   data arrival time
---------------------------------------------------------------------------------------------
                                             21.831409   slack (MET)


Startpoint: SMU_Top (rising edge-triggered flip-flop clocked by clk)
Endpoint: decoded_out[1] (output port clocked by clk)
Path Group: clk
Path Type: min

Fanout         Cap        Slew       Delay        Time   Description
---------------------------------------------------------------------------------------------
                                  0.000000    0.000000   clock clk (rise edge)
                                  0.000000    0.000000   clock source latency
     3    0.071154    0.322413    0.225138    0.225138 ^ clk (in)
                                                         clk (net)
                      0.322586    0.000000    0.225138 ^ SMU_Top/clk (Survivor_Memory_Unit)
     1    0.050008    0.389570    1.853255    2.078394 ^ SMU_Top/decoded_out[1] (Survivor_Memory_Unit)
                                                         decoded_out[1] (net)
                      0.389604    0.003886    2.082280 ^ decoded_out[1] (out)
                                              2.082280   data arrival time

                                  0.000000    0.000000   clock clk (rise edge)
                                  0.000000    0.000000   clock network delay (propagated)
                                  0.250000    0.250000   clock uncertainty
                                  0.000000    0.250000   clock reconvergence pessimism
                                -20.000000  -19.750002   output external delay
                                            -19.750002   data required time
---------------------------------------------------------------------------------------------
                                            -19.750002   data required time
                                             -2.082280   data arrival time
---------------------------------------------------------------------------------------------
                                             21.832281   slack (MET)


Startpoint: SMU_Top (rising edge-triggered flip-flop clocked by clk)
Endpoint: decoded_out[2] (output port clocked by clk)
Path Group: clk
Path Type: min

Fanout         Cap        Slew       Delay        Time   Description
---------------------------------------------------------------------------------------------
                                  0.000000    0.000000   clock clk (rise edge)
                                  0.000000    0.000000   clock source latency
     3    0.071154    0.322413    0.225138    0.225138 ^ clk (in)
                                                         clk (net)
                      0.322586    0.000000    0.225138 ^ SMU_Top/clk (Survivor_Memory_Unit)
     1    0.046751    0.365255    1.854858    2.079997 ^ SMU_Top/decoded_out[2] (Survivor_Memory_Unit)
                                                         decoded_out[2] (net)
                      0.365272    0.002884    2.082881 ^ decoded_out[2] (out)
                                              2.082881   data arrival time

                                  0.000000    0.000000   clock clk (rise edge)
                                  0.000000    0.000000   clock network delay (propagated)
                                  0.250000    0.250000   clock uncertainty
                                  0.000000    0.250000   clock reconvergence pessimism
                                -20.000000  -19.750002   output external delay
                                            -19.750002   data required time
---------------------------------------------------------------------------------------------
                                            -19.750002   data required time
                                             -2.082881   data arrival time
---------------------------------------------------------------------------------------------
                                             21.832882   slack (MET)


Startpoint: SMU_Top (rising edge-triggered flip-flop clocked by clk)
Endpoint: decoded_out[7] (output port clocked by clk)
Path Group: clk
Path Type: min

Fanout         Cap        Slew       Delay        Time   Description
---------------------------------------------------------------------------------------------
                                  0.000000    0.000000   clock clk (rise edge)
                                  0.000000    0.000000   clock source latency
     3    0.071154    0.322413    0.225138    0.225138 ^ clk (in)
                                                         clk (net)
                      0.322586    0.000000    0.225138 ^ SMU_Top/clk (Survivor_Memory_Unit)
     1    0.048075    0.375118    1.857989    2.083127 ^ SMU_Top/decoded_out[7] (Survivor_Memory_Unit)
                                                         decoded_out[7] (net)
                      0.375139    0.003140    2.086267 ^ decoded_out[7] (out)
                                              2.086267   data arrival time

                                  0.000000    0.000000   clock clk (rise edge)
                                  0.000000    0.000000   clock network delay (propagated)
                                  0.250000    0.250000   clock uncertainty
                                  0.000000    0.250000   clock reconvergence pessimism
                                -20.000000  -19.750002   output external delay
                                            -19.750002   data required time
---------------------------------------------------------------------------------------------
                                            -19.750002   data required time
                                             -2.086267   data arrival time
---------------------------------------------------------------------------------------------
                                             21.836269   slack (MET)


Startpoint: SMU_Top (rising edge-triggered flip-flop clocked by clk)
Endpoint: decoded_out[0] (output port clocked by clk)
Path Group: clk
Path Type: min

Fanout         Cap        Slew       Delay        Time   Description
---------------------------------------------------------------------------------------------
                                  0.000000    0.000000   clock clk (rise edge)
                                  0.000000    0.000000   clock source latency
     3    0.071154    0.322413    0.225138    0.225138 ^ clk (in)
                                                         clk (net)
                      0.322586    0.000000    0.225138 ^ SMU_Top/clk (Survivor_Memory_Unit)
     1    0.053344    0.242592    1.867331    2.092470 v SMU_Top/decoded_out[0] (Survivor_Memory_Unit)
                                                         decoded_out[0] (net)
                      0.242592    0.004945    2.097415 v decoded_out[0] (out)
                                              2.097415   data arrival time

                                  0.000000    0.000000   clock clk (rise edge)
                                  0.000000    0.000000   clock network delay (propagated)
                                  0.250000    0.250000   clock uncertainty
                                  0.000000    0.250000   clock reconvergence pessimism
                                -20.000000  -19.750002   output external delay
                                            -19.750002   data required time
---------------------------------------------------------------------------------------------
                                            -19.750002   data required time
                                             -2.097415   data arrival time
---------------------------------------------------------------------------------------------
                                             21.847418   slack (MET)


Startpoint: CTRL (rising edge-triggered flip-flop clocked by clk)
Endpoint: frame_done (output port clocked by clk)
Path Group: clk
Path Type: min

Fanout         Cap        Slew       Delay        Time   Description
---------------------------------------------------------------------------------------------
                                  0.000000    0.000000   clock clk (rise edge)
                                  0.000000    0.000000   clock source latency
     3    0.071154    0.322413    0.226947    0.226947 ^ clk (in)
                                                         clk (net)
                      0.322704    0.000000    0.226947 ^ CTRL/clk (Controller)
     1    0.047542    0.219036    2.382969    2.609916 v CTRL/frame_done (Controller)
                                                         frame_done (net)
                      0.219036    0.002807    2.612723 v frame_done (out)
                                              2.612723   data arrival time

                                  0.000000    0.000000   clock clk (rise edge)
                                  0.000000    0.000000   clock network delay (propagated)
                                  0.250000    0.250000   clock uncertainty
                                  0.000000    0.250000   clock reconvergence pessimism
                                -20.000000  -19.750002   output external delay
                                            -19.750002   data required time
---------------------------------------------------------------------------------------------
                                            -19.750002   data required time
                                             -2.612723   data arrival time
---------------------------------------------------------------------------------------------
                                             22.362724   slack (MET)


Startpoint: received[1] (input port clocked by clk)
Endpoint: SMU_Top (rising edge-triggered flip-flop clocked by clk)
Path Group: clk
Path Type: min

Fanout         Cap        Slew       Delay        Time   Description
---------------------------------------------------------------------------------------------
                                  0.000000    0.000000   clock clk (rise edge)
                                  0.000000    0.000000   clock network delay (propagated)
                                 20.000000   20.000000 ^ input external delay
     1    0.009911    0.051027    0.033820   20.033821 ^ received[1] (in)
                                                         received[1] (net)
                      0.051029    0.000000   20.033821 ^ BMU/received[1] (Branch_Metrics)
     1    0.010189    0.096757    1.037268   21.071089 ^ BMU/bm_10_11[1] (Branch_Metrics)
                                                         bm_10_11[1] (net)
                      0.096757    0.000174   21.071262 ^ PMU_Top/bm_10_11[1] (Path_Metric_Unit)
     1    0.007268    0.060908    3.025603   24.096865 v PMU_Top/servivor_select_11 (Path_Metric_Unit)
                                                         servivor_select_11 (net)
                      0.060908    0.000078   24.096943 v SMU_Top/survivor_select_11 (Survivor_Memory_Unit)
                                             24.096943   data arrival time

                                  0.000000    0.000000   clock clk (rise edge)
                                  0.000000    0.000000   clock source latency
     3    0.071154    0.322413    0.225138    0.225138 ^ clk (in)
                                                         clk (net)
                      0.322586    0.000000    0.225138 ^ SMU_Top/clk (Survivor_Memory_Unit)
                                  0.250000    0.475138   clock uncertainty
                                  0.000000    0.475138   clock reconvergence pessimism
                                 -0.158820    0.316318   library hold time
                                              0.316318   data required time
---------------------------------------------------------------------------------------------
                                              0.316318   data required time
                                            -24.096943   data arrival time
---------------------------------------------------------------------------------------------
                                             23.780626   slack (MET)



