Clock: clk
Sources: clk 
Generated: no
Virtual: yes
Propagated: no
Period: 100.000000

===========================================================================
report_clock_properties
============================================================================
Clock                   Period          Waveform
----------------------------------------------------
clk                 100.000000    0.000000 50.000000

===========================================================================
report_clock_latency
============================================================================
Clock clk
rise -> rise
    min     max
0.000000 0.000000 source latency
0.264936         network latency CTRL/clk
        0.260740 network latency SMU_Top/clk
---------------
0.264936 0.260740 latency
        -0.004196 skew

fall -> fall
    min     max
0.000000 0.000000 source latency
0.237435         network latency CTRL/clk
        0.233211 network latency SMU_Top/clk
---------------
0.237435 0.233211 latency
        -0.004224 skew



===========================================================================
report_clock_min_period
============================================================================
clk period_min = 8.82 fmax = 113.39
