
===========================================================================
report_checks -path_delay min (Hold)
============================================================================
======================= max_tt_025C_1v80 Corner ===================================

Startpoint: received[1] (input port clocked by __VIRTUAL_CLK__)
Endpoint: bm_00_10[1] (output port clocked by __VIRTUAL_CLK__)
Path Group: __VIRTUAL_CLK__
Path Type: min

Fanout         Cap        Slew       Delay        Time   Description
---------------------------------------------------------------------------------------------
                      0.000000    0.000000    0.000000   clock __VIRTUAL_CLK__ (rise edge)
                                  0.000000    0.000000   clock network delay (ideal)
                                  2.000000    2.000000 ^ input external delay
     1    0.002886    0.020100    0.010664    2.010664 ^ received[1] (in)
                                                         received[1] (net)
                      0.020100    0.000000    2.010664 ^ input2/A (sky130_fd_sc_hd__clkbuf_2)
     6    0.027355    0.153009    0.171171    2.181835 ^ input2/X (sky130_fd_sc_hd__clkbuf_2)
                                                         net2 (net)
                      0.153145    0.003722    2.185557 ^ _01_/B (sky130_fd_sc_hd__nor2_1)
     2    0.006320    0.054519    0.078055    2.263613 v _01_/Y (sky130_fd_sc_hd__nor2_1)
                                                         net6 (net)
                      0.054521    0.000385    2.263997 v output6/A (sky130_fd_sc_hd__buf_2)
     1    0.034000    0.089266    0.182997    2.446994 v output6/X (sky130_fd_sc_hd__buf_2)
                                                         bm_00_10[1] (net)
                      0.089299    0.001590    2.448584 v bm_00_10[1] (out)
                                              2.448584   data arrival time

                      0.000000    0.000000    0.000000   clock __VIRTUAL_CLK__ (rise edge)
                                  0.000000    0.000000   clock network delay (ideal)
                                  0.250000    0.250000   clock uncertainty
                                  0.000000    0.250000   clock reconvergence pessimism
                                 -2.000000   -1.750000   output external delay
                                             -1.750000   data required time
---------------------------------------------------------------------------------------------
                                             -1.750000   data required time
                                             -2.448584   data arrival time
---------------------------------------------------------------------------------------------
                                              4.198584   slack (MET)


Startpoint: received[1] (input port clocked by __VIRTUAL_CLK__)
Endpoint: bm_10_11[1] (output port clocked by __VIRTUAL_CLK__)
Path Group: __VIRTUAL_CLK__
Path Type: min

Fanout         Cap        Slew       Delay        Time   Description
---------------------------------------------------------------------------------------------
                      0.000000    0.000000    0.000000   clock __VIRTUAL_CLK__ (rise edge)
                                  0.000000    0.000000   clock network delay (ideal)
                                  2.000000    2.000000 v input external delay
     1    0.002656    0.008283    0.004230    2.004230 v received[1] (in)
                                                         received[1] (net)
                      0.008289    0.000000    2.004230 v input2/A (sky130_fd_sc_hd__clkbuf_2)
     6    0.026148    0.103637    0.148642    2.152872 v input2/X (sky130_fd_sc_hd__clkbuf_2)
                                                         net2 (net)
                      0.103737    0.002191    2.155063 v _04_/B (sky130_fd_sc_hd__and2b_1)
     2    0.004599    0.040725    0.186121    2.341184 v _04_/X (sky130_fd_sc_hd__and2b_1)
                                                         net14 (net)
                      0.040752    0.000290    2.341475 v output14/A (sky130_fd_sc_hd__buf_2)
     1    0.034015    0.089386    0.177059    2.518533 v output14/X (sky130_fd_sc_hd__buf_2)
                                                         bm_10_11[1] (net)
                      0.089419    0.001591    2.520124 v bm_10_11[1] (out)
                                              2.520124   data arrival time

                      0.000000    0.000000    0.000000   clock __VIRTUAL_CLK__ (rise edge)
                                  0.000000    0.000000   clock network delay (ideal)
                                  0.250000    0.250000   clock uncertainty
                                  0.000000    0.250000   clock reconvergence pessimism
                                 -2.000000   -1.750000   output external delay
                                             -1.750000   data required time
---------------------------------------------------------------------------------------------
                                             -1.750000   data required time
                                             -2.520124   data arrival time
---------------------------------------------------------------------------------------------
                                              4.270124   slack (MET)


Startpoint: received[1] (input port clocked by __VIRTUAL_CLK__)
Endpoint: bm_01_00[1] (output port clocked by __VIRTUAL_CLK__)
Path Group: __VIRTUAL_CLK__
Path Type: min

Fanout         Cap        Slew       Delay        Time   Description
---------------------------------------------------------------------------------------------
                      0.000000    0.000000    0.000000   clock __VIRTUAL_CLK__ (rise edge)
                                  0.000000    0.000000   clock network delay (ideal)
                                  2.000000    2.000000 ^ input external delay
     1    0.002886    0.020100    0.010664    2.010664 ^ received[1] (in)
                                                         received[1] (net)
                      0.020100    0.000000    2.010664 ^ input2/A (sky130_fd_sc_hd__clkbuf_2)
     6    0.027355    0.153009    0.171171    2.181835 ^ input2/X (sky130_fd_sc_hd__clkbuf_2)
                                                         net2 (net)
                      0.153145    0.003722    2.185557 ^ _01_/B (sky130_fd_sc_hd__nor2_1)
     2    0.006320    0.054519    0.078055    2.263613 v _01_/Y (sky130_fd_sc_hd__nor2_1)
                                                         net6 (net)
                      0.054520    0.000338    2.263951 v _08_/A (sky130_fd_sc_hd__clkbuf_1)
     1    0.001802    0.021498    0.086051    2.350002 v _08_/X (sky130_fd_sc_hd__clkbuf_1)
                                                         net8 (net)
                      0.021506    0.000082    2.350084 v output8/A (sky130_fd_sc_hd__buf_2)
     1    0.034146    0.089794    0.169020    2.519103 v output8/X (sky130_fd_sc_hd__buf_2)
                                                         bm_01_00[1] (net)
                      0.089828    0.001631    2.520735 v bm_01_00[1] (out)
                                              2.520735   data arrival time

                      0.000000    0.000000    0.000000   clock __VIRTUAL_CLK__ (rise edge)
                                  0.000000    0.000000   clock network delay (ideal)
                                  0.250000    0.250000   clock uncertainty
                                  0.000000    0.250000   clock reconvergence pessimism
                                 -2.000000   -1.750000   output external delay
                                             -1.750000   data required time
---------------------------------------------------------------------------------------------
                                             -1.750000   data required time
                                             -2.520735   data arrival time
---------------------------------------------------------------------------------------------
                                              4.270735   slack (MET)


Startpoint: received[0] (input port clocked by __VIRTUAL_CLK__)
Endpoint: bm_10_01[1] (output port clocked by __VIRTUAL_CLK__)
Path Group: __VIRTUAL_CLK__
Path Type: min

Fanout         Cap        Slew       Delay        Time   Description
---------------------------------------------------------------------------------------------
                      0.000000    0.000000    0.000000   clock __VIRTUAL_CLK__ (rise edge)
                                  0.000000    0.000000   clock network delay (ideal)
                                  2.000000    2.000000 v input external delay
     1    0.002722    0.008436    0.004343    2.004343 v received[0] (in)
                                                         received[0] (net)
                      0.008442    0.000000    2.004343 v input1/A (sky130_fd_sc_hd__clkbuf_2)
     6    0.025747    0.102182    0.147869    2.152212 v input1/X (sky130_fd_sc_hd__clkbuf_2)
                                                         net1 (net)
                      0.102376    0.003342    2.155555 v _05_/B (sky130_fd_sc_hd__and2b_1)
     2    0.004588    0.040681    0.185459    2.341014 v _05_/X (sky130_fd_sc_hd__and2b_1)
                                                         net12 (net)
                      0.040707    0.000258    2.341272 v output12/A (sky130_fd_sc_hd__buf_2)
     1    0.034804    0.091154    0.178361    2.519633 v output12/X (sky130_fd_sc_hd__buf_2)
                                                         bm_10_01[1] (net)
                      0.091195    0.001773    2.521406 v bm_10_01[1] (out)
                                              2.521406   data arrival time

                      0.000000    0.000000    0.000000   clock __VIRTUAL_CLK__ (rise edge)
                                  0.000000    0.000000   clock network delay (ideal)
                                  0.250000    0.250000   clock uncertainty
                                  0.000000    0.250000   clock reconvergence pessimism
                                 -2.000000   -1.750000   output external delay
                                             -1.750000   data required time
---------------------------------------------------------------------------------------------
                                             -1.750000   data required time
                                             -2.521406   data arrival time
---------------------------------------------------------------------------------------------
                                              4.271406   slack (MET)


Startpoint: received[0] (input port clocked by __VIRTUAL_CLK__)
Endpoint: bm_00_00[0] (output port clocked by __VIRTUAL_CLK__)
Path Group: __VIRTUAL_CLK__
Path Type: min

Fanout         Cap        Slew       Delay        Time   Description
---------------------------------------------------------------------------------------------
                      0.000000    0.000000    0.000000   clock __VIRTUAL_CLK__ (rise edge)
                                  0.000000    0.000000   clock network delay (ideal)
                                  2.000000    2.000000 ^ input external delay
     1    0.002952    0.020385    0.010897    2.010897 ^ received[0] (in)
                                                         received[0] (net)
                      0.020386    0.000000    2.010897 ^ input1/A (sky130_fd_sc_hd__clkbuf_2)
     6    0.026930    0.150760    0.169972    2.180869 ^ input1/X (sky130_fd_sc_hd__clkbuf_2)
                                                         net1 (net)
                      0.150813    0.002342    2.183211 ^ _02_/A (sky130_fd_sc_hd__xor2_1)
     4    0.013300    0.078019    0.141710    2.324920 v _02_/X (sky130_fd_sc_hd__xor2_1)
                                                         net3 (net)
                      0.078029    0.000885    2.325806 v output3/A (sky130_fd_sc_hd__buf_2)
     1    0.034681    0.090863    0.194739    2.520545 v output3/X (sky130_fd_sc_hd__buf_2)
                                                         bm_00_00[0] (net)
                      0.090909    0.001876    2.522420 v bm_00_00[0] (out)
                                              2.522420   data arrival time

                      0.000000    0.000000    0.000000   clock __VIRTUAL_CLK__ (rise edge)
                                  0.000000    0.000000   clock network delay (ideal)
                                  0.250000    0.250000   clock uncertainty
                                  0.000000    0.250000   clock reconvergence pessimism
                                 -2.000000   -1.750000   output external delay
                                             -1.750000   data required time
---------------------------------------------------------------------------------------------
                                             -1.750000   data required time
                                             -2.522420   data arrival time
---------------------------------------------------------------------------------------------
                                              4.272420   slack (MET)


Startpoint: received[1] (input port clocked by __VIRTUAL_CLK__)
Endpoint: bm_10_01[0] (output port clocked by __VIRTUAL_CLK__)
Path Group: __VIRTUAL_CLK__
Path Type: min

Fanout         Cap        Slew       Delay        Time   Description
---------------------------------------------------------------------------------------------
                      0.000000    0.000000    0.000000   clock __VIRTUAL_CLK__ (rise edge)
                                  0.000000    0.000000   clock network delay (ideal)
                                  2.000000    2.000000 ^ input external delay
     1    0.002886    0.020100    0.010664    2.010664 ^ received[1] (in)
                                                         received[1] (net)
                      0.020100    0.000000    2.010664 ^ input2/A (sky130_fd_sc_hd__clkbuf_2)
     6    0.027355    0.153009    0.171171    2.181835 ^ input2/X (sky130_fd_sc_hd__clkbuf_2)
                                                         net2 (net)
                      0.153110    0.003227    2.185062 ^ _03_/B (sky130_fd_sc_hd__xnor2_1)
     4    0.012166    0.099311    0.137555    2.322617 v _03_/Y (sky130_fd_sc_hd__xnor2_1)
                                                         net11 (net)
                      0.099312    0.000557    2.323174 v output11/A (sky130_fd_sc_hd__buf_2)
     1    0.034037    0.089396    0.203437    2.526611 v output11/X (sky130_fd_sc_hd__buf_2)
                                                         bm_10_01[0] (net)
                      0.089429    0.001592    2.528203 v bm_10_01[0] (out)
                                              2.528203   data arrival time

                      0.000000    0.000000    0.000000   clock __VIRTUAL_CLK__ (rise edge)
                                  0.000000    0.000000   clock network delay (ideal)
                                  0.250000    0.250000   clock uncertainty
                                  0.000000    0.250000   clock reconvergence pessimism
                                 -2.000000   -1.750000   output external delay
                                             -1.750000   data required time
---------------------------------------------------------------------------------------------
                                             -1.750000   data required time
                                             -2.528203   data arrival time
---------------------------------------------------------------------------------------------
                                              4.278203   slack (MET)


Startpoint: received[0] (input port clocked by __VIRTUAL_CLK__)
Endpoint: bm_00_00[1] (output port clocked by __VIRTUAL_CLK__)
Path Group: __VIRTUAL_CLK__
Path Type: min

Fanout         Cap        Slew       Delay        Time   Description
---------------------------------------------------------------------------------------------
                      0.000000    0.000000    0.000000   clock __VIRTUAL_CLK__ (rise edge)
                                  0.000000    0.000000   clock network delay (ideal)
                                  2.000000    2.000000 v input external delay
     1    0.002722    0.008436    0.004343    2.004343 v received[0] (in)
                                                         received[0] (net)
                      0.008442    0.000000    2.004343 v input1/A (sky130_fd_sc_hd__clkbuf_2)
     6    0.025747    0.102182    0.147869    2.152212 v input1/X (sky130_fd_sc_hd__clkbuf_2)
                                                         net1 (net)
                      0.102317    0.002670    2.154882 v _00_/A (sky130_fd_sc_hd__and2_1)
     2    0.009196    0.059636    0.186330    2.341213 v _00_/X (sky130_fd_sc_hd__and2_1)
                                                         net4 (net)
                      0.059643    0.000634    2.341846 v output4/A (sky130_fd_sc_hd__buf_2)
     1    0.034389    0.090133    0.186001    2.527847 v output4/X (sky130_fd_sc_hd__buf_2)
                                                         bm_00_00[1] (net)
                      0.090169    0.001661    2.529508 v bm_00_00[1] (out)
                                              2.529508   data arrival time

                      0.000000    0.000000    0.000000   clock __VIRTUAL_CLK__ (rise edge)
                                  0.000000    0.000000   clock network delay (ideal)
                                  0.250000    0.250000   clock uncertainty
                                  0.000000    0.250000   clock reconvergence pessimism
                                 -2.000000   -1.750000   output external delay
                                             -1.750000   data required time
---------------------------------------------------------------------------------------------
                                             -1.750000   data required time
                                             -2.529508   data arrival time
---------------------------------------------------------------------------------------------
                                              4.279509   slack (MET)


Startpoint: received[0] (input port clocked by __VIRTUAL_CLK__)
Endpoint: bm_01_00[0] (output port clocked by __VIRTUAL_CLK__)
Path Group: __VIRTUAL_CLK__
Path Type: min

Fanout         Cap        Slew       Delay        Time   Description
---------------------------------------------------------------------------------------------
                      0.000000    0.000000    0.000000   clock __VIRTUAL_CLK__ (rise edge)
                                  0.000000    0.000000   clock network delay (ideal)
                                  2.000000    2.000000 ^ input external delay
     1    0.002952    0.020385    0.010897    2.010897 ^ received[0] (in)
                                                         received[0] (net)
                      0.020386    0.000000    2.010897 ^ input1/A (sky130_fd_sc_hd__clkbuf_2)
     6    0.026930    0.150760    0.169972    2.180869 ^ input1/X (sky130_fd_sc_hd__clkbuf_2)
                                                         net1 (net)
                      0.150813    0.002342    2.183211 ^ _02_/A (sky130_fd_sc_hd__xor2_1)
     4    0.013300    0.078019    0.141710    2.324920 v _02_/X (sky130_fd_sc_hd__xor2_1)
                                                         net3 (net)
                      0.078024    0.000675    2.325596 v _07_/A (sky130_fd_sc_hd__clkbuf_1)
     1    0.001805    0.021818    0.096368    2.421964 v _07_/X (sky130_fd_sc_hd__clkbuf_1)
                                                         net7 (net)
                      0.021818    0.000082    2.422046 v output7/A (sky130_fd_sc_hd__buf_2)
     1    0.034025    0.089525    0.168943    2.590989 v output7/X (sky130_fd_sc_hd__buf_2)
                                                         bm_01_00[0] (net)
                      0.089559    0.001603    2.592592 v bm_01_00[0] (out)
                                              2.592592   data arrival time

                      0.000000    0.000000    0.000000   clock __VIRTUAL_CLK__ (rise edge)
                                  0.000000    0.000000   clock network delay (ideal)
                                  0.250000    0.250000   clock uncertainty
                                  0.000000    0.250000   clock reconvergence pessimism
                                 -2.000000   -1.750000   output external delay
                                             -1.750000   data required time
---------------------------------------------------------------------------------------------
                                             -1.750000   data required time
                                             -2.592592   data arrival time
---------------------------------------------------------------------------------------------
                                              4.342591   slack (MET)


Startpoint: received[0] (input port clocked by __VIRTUAL_CLK__)
Endpoint: bm_00_10[0] (output port clocked by __VIRTUAL_CLK__)
Path Group: __VIRTUAL_CLK__
Path Type: min

Fanout         Cap        Slew       Delay        Time   Description
---------------------------------------------------------------------------------------------
                      0.000000    0.000000    0.000000   clock __VIRTUAL_CLK__ (rise edge)
                                  0.000000    0.000000   clock network delay (ideal)
                                  2.000000    2.000000 ^ input external delay
     1    0.002952    0.020385    0.010897    2.010897 ^ received[0] (in)
                                                         received[0] (net)
                      0.020386    0.000000    2.010897 ^ input1/A (sky130_fd_sc_hd__clkbuf_2)
     6    0.026930    0.150760    0.169972    2.180869 ^ input1/X (sky130_fd_sc_hd__clkbuf_2)
                                                         net1 (net)
                      0.150813    0.002342    2.183211 ^ _02_/A (sky130_fd_sc_hd__xor2_1)
     4    0.013300    0.078019    0.141710    2.324920 v _02_/X (sky130_fd_sc_hd__xor2_1)
                                                         net3 (net)
                      0.078027    0.000824    2.325744 v _06_/A (sky130_fd_sc_hd__clkbuf_1)
     1    0.002009    0.022813    0.097478    2.423222 v _06_/X (sky130_fd_sc_hd__clkbuf_1)
                                                         net5 (net)
                      0.022814    0.000143    2.423364 v output5/A (sky130_fd_sc_hd__buf_2)
     1    0.034127    0.089761    0.169523    2.592887 v output5/X (sky130_fd_sc_hd__buf_2)
                                                         bm_00_10[0] (net)
                      0.089795    0.001618    2.594505 v bm_00_10[0] (out)
                                              2.594505   data arrival time

                      0.000000    0.000000    0.000000   clock __VIRTUAL_CLK__ (rise edge)
                                  0.000000    0.000000   clock network delay (ideal)
                                  0.250000    0.250000   clock uncertainty
                                  0.000000    0.250000   clock reconvergence pessimism
                                 -2.000000   -1.750000   output external delay
                                             -1.750000   data required time
---------------------------------------------------------------------------------------------
                                             -1.750000   data required time
                                             -2.594505   data arrival time
---------------------------------------------------------------------------------------------
                                              4.344505   slack (MET)


Startpoint: received[0] (input port clocked by __VIRTUAL_CLK__)
Endpoint: bm_01_10[0] (output port clocked by __VIRTUAL_CLK__)
Path Group: __VIRTUAL_CLK__
Path Type: min

Fanout         Cap        Slew       Delay        Time   Description
---------------------------------------------------------------------------------------------
                      0.000000    0.000000    0.000000   clock __VIRTUAL_CLK__ (rise edge)
                                  0.000000    0.000000   clock network delay (ideal)
                                  2.000000    2.000000 ^ input external delay
     1    0.002952    0.020385    0.010897    2.010897 ^ received[0] (in)
                                                         received[0] (net)
                      0.020386    0.000000    2.010897 ^ input1/A (sky130_fd_sc_hd__clkbuf_2)
     6    0.026930    0.150760    0.169972    2.180869 ^ input1/X (sky130_fd_sc_hd__clkbuf_2)
                                                         net1 (net)
                      0.150813    0.002342    2.183211 ^ _02_/A (sky130_fd_sc_hd__xor2_1)
     4    0.013300    0.078019    0.141710    2.324920 v _02_/X (sky130_fd_sc_hd__xor2_1)
                                                         net3 (net)
                      0.078023    0.000629    2.325549 v _09_/A (sky130_fd_sc_hd__clkbuf_1)
     1    0.002369    0.024638    0.099472    2.425021 v _09_/X (sky130_fd_sc_hd__clkbuf_1)
                                                         net9 (net)
                      0.024638    0.000162    2.425183 v output9/A (sky130_fd_sc_hd__buf_2)
     1    0.034857    0.091381    0.171550    2.596733 v output9/X (sky130_fd_sc_hd__buf_2)
                                                         bm_01_10[0] (net)
                      0.091421    0.001754    2.598487 v bm_01_10[0] (out)
                                              2.598487   data arrival time

                      0.000000    0.000000    0.000000   clock __VIRTUAL_CLK__ (rise edge)
                                  0.000000    0.000000   clock network delay (ideal)
                                  0.250000    0.250000   clock uncertainty
                                  0.000000    0.250000   clock reconvergence pessimism
                                 -2.000000   -1.750000   output external delay
                                             -1.750000   data required time
---------------------------------------------------------------------------------------------
                                             -1.750000   data required time
                                             -2.598487   data arrival time
---------------------------------------------------------------------------------------------
                                              4.348486   slack (MET)


Startpoint: received[1] (input port clocked by __VIRTUAL_CLK__)
Endpoint: bm_11_01[0] (output port clocked by __VIRTUAL_CLK__)
Path Group: __VIRTUAL_CLK__
Path Type: min

Fanout         Cap        Slew       Delay        Time   Description
---------------------------------------------------------------------------------------------
                      0.000000    0.000000    0.000000   clock __VIRTUAL_CLK__ (rise edge)
                                  0.000000    0.000000   clock network delay (ideal)
                                  2.000000    2.000000 ^ input external delay
     1    0.002886    0.020100    0.010664    2.010664 ^ received[1] (in)
                                                         received[1] (net)
                      0.020100    0.000000    2.010664 ^ input2/A (sky130_fd_sc_hd__clkbuf_2)
     6    0.027355    0.153009    0.171171    2.181835 ^ input2/X (sky130_fd_sc_hd__clkbuf_2)
                                                         net2 (net)
                      0.153110    0.003227    2.185062 ^ _03_/B (sky130_fd_sc_hd__xnor2_1)
     4    0.012166    0.099311    0.137555    2.322617 v _03_/Y (sky130_fd_sc_hd__xnor2_1)
                                                         net11 (net)
                      0.099315    0.000741    2.323358 v _12_/A (sky130_fd_sc_hd__clkbuf_1)
     1    0.002152    0.023784    0.107614    2.430972 v _12_/X (sky130_fd_sc_hd__clkbuf_1)
                                                         net15 (net)
                      0.023785    0.000145    2.431117 v output15/A (sky130_fd_sc_hd__buf_2)
     1    0.034058    0.089605    0.169817    2.600935 v output15/X (sky130_fd_sc_hd__buf_2)
                                                         bm_11_01[0] (net)
                      0.089639    0.001604    2.602539 v bm_11_01[0] (out)
                                              2.602539   data arrival time

                      0.000000    0.000000    0.000000   clock __VIRTUAL_CLK__ (rise edge)
                                  0.000000    0.000000   clock network delay (ideal)
                                  0.250000    0.250000   clock uncertainty
                                  0.000000    0.250000   clock reconvergence pessimism
                                 -2.000000   -1.750000   output external delay
                                             -1.750000   data required time
---------------------------------------------------------------------------------------------
                                             -1.750000   data required time
                                             -2.602539   data arrival time
---------------------------------------------------------------------------------------------
                                              4.352539   slack (MET)


Startpoint: received[1] (input port clocked by __VIRTUAL_CLK__)
Endpoint: bm_10_11[0] (output port clocked by __VIRTUAL_CLK__)
Path Group: __VIRTUAL_CLK__
Path Type: min

Fanout         Cap        Slew       Delay        Time   Description
---------------------------------------------------------------------------------------------
                      0.000000    0.000000    0.000000   clock __VIRTUAL_CLK__ (rise edge)
                                  0.000000    0.000000   clock network delay (ideal)
                                  2.000000    2.000000 ^ input external delay
     1    0.002886    0.020100    0.010664    2.010664 ^ received[1] (in)
                                                         received[1] (net)
                      0.020100    0.000000    2.010664 ^ input2/A (sky130_fd_sc_hd__clkbuf_2)
     6    0.027355    0.153009    0.171171    2.181835 ^ input2/X (sky130_fd_sc_hd__clkbuf_2)
                                                         net2 (net)
                      0.153110    0.003227    2.185062 ^ _03_/B (sky130_fd_sc_hd__xnor2_1)
     4    0.012166    0.099311    0.137555    2.322617 v _03_/Y (sky130_fd_sc_hd__xnor2_1)
                                                         net11 (net)
                      0.099313    0.000602    2.323219 v _11_/A (sky130_fd_sc_hd__clkbuf_1)
     1    0.002035    0.023196    0.106962    2.430180 v _11_/X (sky130_fd_sc_hd__clkbuf_1)
                                                         net13 (net)
                      0.023196    0.000143    2.430323 v output13/A (sky130_fd_sc_hd__buf_2)
     1    0.034671    0.090944    0.170678    2.601001 v output13/X (sky130_fd_sc_hd__buf_2)
                                                         bm_10_11[0] (net)
                      0.090979    0.001653    2.602655 v bm_10_11[0] (out)
                                              2.602655   data arrival time

                      0.000000    0.000000    0.000000   clock __VIRTUAL_CLK__ (rise edge)
                                  0.000000    0.000000   clock network delay (ideal)
                                  0.250000    0.250000   clock uncertainty
                                  0.000000    0.250000   clock reconvergence pessimism
                                 -2.000000   -1.750000   output external delay
                                             -1.750000   data required time
---------------------------------------------------------------------------------------------
                                             -1.750000   data required time
                                             -2.602655   data arrival time
---------------------------------------------------------------------------------------------
                                              4.352654   slack (MET)


Startpoint: received[0] (input port clocked by __VIRTUAL_CLK__)
Endpoint: bm_01_10[1] (output port clocked by __VIRTUAL_CLK__)
Path Group: __VIRTUAL_CLK__
Path Type: min

Fanout         Cap        Slew       Delay        Time   Description
---------------------------------------------------------------------------------------------
                      0.000000    0.000000    0.000000   clock __VIRTUAL_CLK__ (rise edge)
                                  0.000000    0.000000   clock network delay (ideal)
                                  2.000000    2.000000 v input external delay
     1    0.002722    0.008436    0.004343    2.004343 v received[0] (in)
                                                         received[0] (net)
                      0.008442    0.000000    2.004343 v input1/A (sky130_fd_sc_hd__clkbuf_2)
     6    0.025747    0.102182    0.147869    2.152212 v input1/X (sky130_fd_sc_hd__clkbuf_2)
                                                         net1 (net)
                      0.102317    0.002670    2.154882 v _00_/A (sky130_fd_sc_hd__and2_1)
     2    0.009196    0.059636    0.186330    2.341213 v _00_/X (sky130_fd_sc_hd__and2_1)
                                                         net4 (net)
                      0.059639    0.000456    2.341668 v _10_/A (sky130_fd_sc_hd__clkbuf_1)
     1    0.002116    0.023128    0.090005    2.431674 v _10_/X (sky130_fd_sc_hd__clkbuf_1)
                                                         net10 (net)
                      0.023129    0.000148    2.431822 v output10/A (sky130_fd_sc_hd__buf_2)
     1    0.034013    0.089509    0.169462    2.601284 v output10/X (sky130_fd_sc_hd__buf_2)
                                                         bm_01_10[1] (net)
                      0.089542    0.001591    2.602875 v bm_01_10[1] (out)
                                              2.602875   data arrival time

                      0.000000    0.000000    0.000000   clock __VIRTUAL_CLK__ (rise edge)
                                  0.000000    0.000000   clock network delay (ideal)
                                  0.250000    0.250000   clock uncertainty
                                  0.000000    0.250000   clock reconvergence pessimism
                                 -2.000000   -1.750000   output external delay
                                             -1.750000   data required time
---------------------------------------------------------------------------------------------
                                             -1.750000   data required time
                                             -2.602875   data arrival time
---------------------------------------------------------------------------------------------
                                              4.352875   slack (MET)


Startpoint: received[1] (input port clocked by __VIRTUAL_CLK__)
Endpoint: bm_11_01[1] (output port clocked by __VIRTUAL_CLK__)
Path Group: __VIRTUAL_CLK__
Path Type: min

Fanout         Cap        Slew       Delay        Time   Description
---------------------------------------------------------------------------------------------
                      0.000000    0.000000    0.000000   clock __VIRTUAL_CLK__ (rise edge)
                                  0.000000    0.000000   clock network delay (ideal)
                                  2.000000    2.000000 v input external delay
     1    0.002656    0.008283    0.004230    2.004230 v received[1] (in)
                                                         received[1] (net)
                      0.008289    0.000000    2.004230 v input2/A (sky130_fd_sc_hd__clkbuf_2)
     6    0.026148    0.103637    0.148642    2.152872 v input2/X (sky130_fd_sc_hd__clkbuf_2)
                                                         net2 (net)
                      0.103737    0.002191    2.155063 v _04_/B (sky130_fd_sc_hd__and2b_1)
     2    0.004599    0.040725    0.186121    2.341184 v _04_/X (sky130_fd_sc_hd__and2b_1)
                                                         net14 (net)
                      0.040752    0.000293    2.341477 v _13_/A (sky130_fd_sc_hd__clkbuf_1)
     1    0.003698    0.031173    0.089889    2.431366 v _13_/X (sky130_fd_sc_hd__clkbuf_1)
                                                         net16 (net)
                      0.031175    0.000274    2.431640 v output16/A (sky130_fd_sc_hd__buf_2)
     1    0.034226    0.089931    0.173282    2.604922 v output16/X (sky130_fd_sc_hd__buf_2)
                                                         bm_11_01[1] (net)
                      0.089966    0.001647    2.606569 v bm_11_01[1] (out)
                                              2.606569   data arrival time

                      0.000000    0.000000    0.000000   clock __VIRTUAL_CLK__ (rise edge)
                                  0.000000    0.000000   clock network delay (ideal)
                                  0.250000    0.250000   clock uncertainty
                                  0.000000    0.250000   clock reconvergence pessimism
                                 -2.000000   -1.750000   output external delay
                                             -1.750000   data required time
---------------------------------------------------------------------------------------------
                                             -1.750000   data required time
                                             -2.606569   data arrival time
---------------------------------------------------------------------------------------------
                                              4.356569   slack (MET)


Startpoint: received[1] (input port clocked by __VIRTUAL_CLK__)
Endpoint: bm_11_11[0] (output port clocked by __VIRTUAL_CLK__)
Path Group: __VIRTUAL_CLK__
Path Type: min

Fanout         Cap        Slew       Delay        Time   Description
---------------------------------------------------------------------------------------------
                      0.000000    0.000000    0.000000   clock __VIRTUAL_CLK__ (rise edge)
                                  0.000000    0.000000   clock network delay (ideal)
                                  2.000000    2.000000 ^ input external delay
     1    0.002886    0.020100    0.010664    2.010664 ^ received[1] (in)
                                                         received[1] (net)
                      0.020100    0.000000    2.010664 ^ input2/A (sky130_fd_sc_hd__clkbuf_2)
     6    0.027355    0.153009    0.171171    2.181835 ^ input2/X (sky130_fd_sc_hd__clkbuf_2)
                                                         net2 (net)
                      0.153110    0.003227    2.185062 ^ _03_/B (sky130_fd_sc_hd__xnor2_1)
     4    0.012166    0.099311    0.137555    2.322617 v _03_/Y (sky130_fd_sc_hd__xnor2_1)
                                                         net11 (net)
                      0.099316    0.000823    2.323440 v _14_/A (sky130_fd_sc_hd__clkbuf_1)
     1    0.002654    0.026324    0.110417    2.433856 v _14_/X (sky130_fd_sc_hd__clkbuf_1)
                                                         net17 (net)
                      0.026325    0.000173    2.434029 v output17/A (sky130_fd_sc_hd__buf_2)
     1    0.034487    0.090560    0.171611    2.605640 v output17/X (sky130_fd_sc_hd__buf_2)
                                                         bm_11_11[0] (net)
                      0.090599    0.001726    2.607366 v bm_11_11[0] (out)
                                              2.607366   data arrival time

                      0.000000    0.000000    0.000000   clock __VIRTUAL_CLK__ (rise edge)
                                  0.000000    0.000000   clock network delay (ideal)
                                  0.250000    0.250000   clock uncertainty
                                  0.000000    0.250000   clock reconvergence pessimism
                                 -2.000000   -1.750000   output external delay
                                             -1.750000   data required time
---------------------------------------------------------------------------------------------
                                             -1.750000   data required time
                                             -2.607366   data arrival time
---------------------------------------------------------------------------------------------
                                              4.357365   slack (MET)


Startpoint: received[0] (input port clocked by __VIRTUAL_CLK__)
Endpoint: bm_11_11[1] (output port clocked by __VIRTUAL_CLK__)
Path Group: __VIRTUAL_CLK__
Path Type: min

Fanout         Cap        Slew       Delay        Time   Description
---------------------------------------------------------------------------------------------
                      0.000000    0.000000    0.000000   clock __VIRTUAL_CLK__ (rise edge)
                                  0.000000    0.000000   clock network delay (ideal)
                                  2.000000    2.000000 v input external delay
     1    0.002722    0.008436    0.004343    2.004343 v received[0] (in)
                                                         received[0] (net)
                      0.008442    0.000000    2.004343 v input1/A (sky130_fd_sc_hd__clkbuf_2)
     6    0.025747    0.102182    0.147869    2.152212 v input1/X (sky130_fd_sc_hd__clkbuf_2)
                                                         net1 (net)
                      0.102376    0.003342    2.155555 v _05_/B (sky130_fd_sc_hd__and2b_1)
     2    0.004588    0.040681    0.185459    2.341014 v _05_/X (sky130_fd_sc_hd__and2b_1)
                                                         net12 (net)
                      0.040707    0.000265    2.341279 v _15_/A (sky130_fd_sc_hd__clkbuf_1)
     1    0.005520    0.040866    0.098203    2.439481 v _15_/X (sky130_fd_sc_hd__clkbuf_1)
                                                         net18 (net)
                      0.040870    0.000413    2.439894 v output18/A (sky130_fd_sc_hd__buf_2)
     1    0.035454    0.092623    0.179329    2.619224 v output18/X (sky130_fd_sc_hd__buf_2)
                                                         bm_11_11[1] (net)
                      0.092684    0.002151    2.621374 v bm_11_11[1] (out)
                                              2.621374   data arrival time

                      0.000000    0.000000    0.000000   clock __VIRTUAL_CLK__ (rise edge)
                                  0.000000    0.000000   clock network delay (ideal)
                                  0.250000    0.250000   clock uncertainty
                                  0.000000    0.250000   clock reconvergence pessimism
                                 -2.000000   -1.750000   output external delay
                                             -1.750000   data required time
---------------------------------------------------------------------------------------------
                                             -1.750000   data required time
                                             -2.621374   data arrival time
---------------------------------------------------------------------------------------------
                                              4.371374   slack (MET)



