
===========================================================================
report_checks -path_delay min (Hold)
============================================================================
======================= nom_ff_n40C_1v95 Corner ===================================

Startpoint: received[1] (input port clocked by __VIRTUAL_CLK__)
Endpoint: bm_00_10[1] (output port clocked by __VIRTUAL_CLK__)
Path Group: __VIRTUAL_CLK__
Path Type: min

Fanout         Cap        Slew       Delay        Time   Description
---------------------------------------------------------------------------------------------
                      0.000000    0.000000    0.000000   clock __VIRTUAL_CLK__ (rise edge)
                                  0.000000    0.000000   clock network delay (ideal)
                                  2.000000    2.000000 ^ input external delay
     6    0.026716    0.095469    0.064325    2.064325 ^ received[1] (in)
                                                         received[1] (net)
                      0.095469    0.000000    2.064325 ^ _01_/B (sky130_fd_sc_hd__nor2_2)
     2    0.035161    0.069262    0.072461    2.136786 v _01_/Y (sky130_fd_sc_hd__nor2_2)
                                                         bm_00_10[1] (net)
                      0.069262    0.000000    2.136786 v bm_00_10[1] (out)
                                              2.136786   data arrival time

                      0.000000    0.000000    0.000000   clock __VIRTUAL_CLK__ (rise edge)
                                  0.000000    0.000000   clock network delay (ideal)
                                  0.250000    0.250000   clock uncertainty
                                  0.000000    0.250000   clock reconvergence pessimism
                                 -2.000000   -1.750000   output external delay
                                             -1.750000   data required time
---------------------------------------------------------------------------------------------
                                             -1.750000   data required time
                                             -2.136786   data arrival time
---------------------------------------------------------------------------------------------
                                              3.886786   slack (MET)


Startpoint: received[1] (input port clocked by __VIRTUAL_CLK__)
Endpoint: bm_00_00[0] (output port clocked by __VIRTUAL_CLK__)
Path Group: __VIRTUAL_CLK__
Path Type: min

Fanout         Cap        Slew       Delay        Time   Description
---------------------------------------------------------------------------------------------
                      0.000000    0.000000    0.000000   clock __VIRTUAL_CLK__ (rise edge)
                                  0.000000    0.000000   clock network delay (ideal)
                                  2.000000    2.000000 v input external delay
     6    0.024586    0.038928    0.026062    2.026062 v received[1] (in)
                                                         received[1] (net)
                      0.038928    0.000000    2.026062 v _02_/B (sky130_fd_sc_hd__xor2_2)
     4    0.038599    0.079684    0.145691    2.171753 v _02_/X (sky130_fd_sc_hd__xor2_2)
                                                         bm_00_00[0] (net)
                      0.079684    0.000000    2.171753 v bm_00_00[0] (out)
                                              2.171753   data arrival time

                      0.000000    0.000000    0.000000   clock __VIRTUAL_CLK__ (rise edge)
                                  0.000000    0.000000   clock network delay (ideal)
                                  0.250000    0.250000   clock uncertainty
                                  0.000000    0.250000   clock reconvergence pessimism
                                 -2.000000   -1.750000   output external delay
                                             -1.750000   data required time
---------------------------------------------------------------------------------------------
                                             -1.750000   data required time
                                             -2.171753   data arrival time
---------------------------------------------------------------------------------------------
                                              3.921753   slack (MET)


Startpoint: received[1] (input port clocked by __VIRTUAL_CLK__)
Endpoint: bm_10_01[0] (output port clocked by __VIRTUAL_CLK__)
Path Group: __VIRTUAL_CLK__
Path Type: min

Fanout         Cap        Slew       Delay        Time   Description
---------------------------------------------------------------------------------------------
                      0.000000    0.000000    0.000000   clock __VIRTUAL_CLK__ (rise edge)
                                  0.000000    0.000000   clock network delay (ideal)
                                  2.000000    2.000000 v input external delay
     6    0.024586    0.038928    0.026062    2.026062 v received[1] (in)
                                                         received[1] (net)
                      0.038928    0.000000    2.026062 v _03_/B (sky130_fd_sc_hd__xnor2_2)
     4    0.038599    0.114692    0.152054    2.178116 v _03_/Y (sky130_fd_sc_hd__xnor2_2)
                                                         bm_10_01[0] (net)
                      0.114692    0.000000    2.178116 v bm_10_01[0] (out)
                                              2.178116   data arrival time

                      0.000000    0.000000    0.000000   clock __VIRTUAL_CLK__ (rise edge)
                                  0.000000    0.000000   clock network delay (ideal)
                                  0.250000    0.250000   clock uncertainty
                                  0.000000    0.250000   clock reconvergence pessimism
                                 -2.000000   -1.750000   output external delay
                                             -1.750000   data required time
---------------------------------------------------------------------------------------------
                                             -1.750000   data required time
                                             -2.178116   data arrival time
---------------------------------------------------------------------------------------------
                                              3.928116   slack (MET)


Startpoint: received[0] (input port clocked by __VIRTUAL_CLK__)
Endpoint: bm_00_00[1] (output port clocked by __VIRTUAL_CLK__)
Path Group: __VIRTUAL_CLK__
Path Type: min

Fanout         Cap        Slew       Delay        Time   Description
---------------------------------------------------------------------------------------------
                      0.000000    0.000000    0.000000   clock __VIRTUAL_CLK__ (rise edge)
                                  0.000000    0.000000   clock network delay (ideal)
                                  2.000000    2.000000 v input external delay
     6    0.025755    0.040678    0.027356    2.027356 v received[0] (in)
                                                         received[0] (net)
                      0.040678    0.000000    2.027356 v _00_/A (sky130_fd_sc_hd__and2_2)
     2    0.035161    0.073198    0.160068    2.187424 v _00_/X (sky130_fd_sc_hd__and2_2)
                                                         bm_00_00[1] (net)
                      0.073198    0.000000    2.187424 v bm_00_00[1] (out)
                                              2.187424   data arrival time

                      0.000000    0.000000    0.000000   clock __VIRTUAL_CLK__ (rise edge)
                                  0.000000    0.000000   clock network delay (ideal)
                                  0.250000    0.250000   clock uncertainty
                                  0.000000    0.250000   clock reconvergence pessimism
                                 -2.000000   -1.750000   output external delay
                                             -1.750000   data required time
---------------------------------------------------------------------------------------------
                                             -1.750000   data required time
                                             -2.187424   data arrival time
---------------------------------------------------------------------------------------------
                                              3.937425   slack (MET)


Startpoint: received[1] (input port clocked by __VIRTUAL_CLK__)
Endpoint: bm_10_11[1] (output port clocked by __VIRTUAL_CLK__)
Path Group: __VIRTUAL_CLK__
Path Type: min

Fanout         Cap        Slew       Delay        Time   Description
---------------------------------------------------------------------------------------------
                      0.000000    0.000000    0.000000   clock __VIRTUAL_CLK__ (rise edge)
                                  0.000000    0.000000   clock network delay (ideal)
                                  2.000000    2.000000 v input external delay
     6    0.024586    0.038928    0.026062    2.026062 v received[1] (in)
                                                         received[1] (net)
                      0.038928    0.000000    2.026062 v _04_/B (sky130_fd_sc_hd__and2b_2)
     2    0.035161    0.075173    0.175780    2.201842 v _04_/X (sky130_fd_sc_hd__and2b_2)
                                                         bm_10_11[1] (net)
                      0.075173    0.000000    2.201842 v bm_10_11[1] (out)
                                              2.201842   data arrival time

                      0.000000    0.000000    0.000000   clock __VIRTUAL_CLK__ (rise edge)
                                  0.000000    0.000000   clock network delay (ideal)
                                  0.250000    0.250000   clock uncertainty
                                  0.000000    0.250000   clock reconvergence pessimism
                                 -2.000000   -1.750000   output external delay
                                             -1.750000   data required time
---------------------------------------------------------------------------------------------
                                             -1.750000   data required time
                                             -2.201842   data arrival time
---------------------------------------------------------------------------------------------
                                              3.951842   slack (MET)


Startpoint: received[0] (input port clocked by __VIRTUAL_CLK__)
Endpoint: bm_10_01[1] (output port clocked by __VIRTUAL_CLK__)
Path Group: __VIRTUAL_CLK__
Path Type: min

Fanout         Cap        Slew       Delay        Time   Description
---------------------------------------------------------------------------------------------
                      0.000000    0.000000    0.000000   clock __VIRTUAL_CLK__ (rise edge)
                                  0.000000    0.000000   clock network delay (ideal)
                                  2.000000    2.000000 v input external delay
     6    0.025755    0.040678    0.027356    2.027356 v received[0] (in)
                                                         received[0] (net)
                      0.040678    0.000000    2.027356 v _05_/B (sky130_fd_sc_hd__and2b_2)
     2    0.035161    0.075170    0.176464    2.203820 v _05_/X (sky130_fd_sc_hd__and2b_2)
                                                         bm_10_01[1] (net)
                      0.075170    0.000000    2.203820 v bm_10_01[1] (out)
                                              2.203820   data arrival time

                      0.000000    0.000000    0.000000   clock __VIRTUAL_CLK__ (rise edge)
                                  0.000000    0.000000   clock network delay (ideal)
                                  0.250000    0.250000   clock uncertainty
                                  0.000000    0.250000   clock reconvergence pessimism
                                 -2.000000   -1.750000   output external delay
                                             -1.750000   data required time
---------------------------------------------------------------------------------------------
                                             -1.750000   data required time
                                             -2.203820   data arrival time
---------------------------------------------------------------------------------------------
                                              3.953820   slack (MET)


Startpoint: received[1] (input port clocked by __VIRTUAL_CLK__)
Endpoint: bm_01_00[1] (output port clocked by __VIRTUAL_CLK__)
Path Group: __VIRTUAL_CLK__
Path Type: min

Fanout         Cap        Slew       Delay        Time   Description
---------------------------------------------------------------------------------------------
                      0.000000    0.000000    0.000000   clock __VIRTUAL_CLK__ (rise edge)
                                  0.000000    0.000000   clock network delay (ideal)
                                  2.000000    2.000000 ^ input external delay
     6    0.026716    0.095469    0.064325    2.064325 ^ received[1] (in)
                                                         received[1] (net)
                      0.095469    0.000000    2.064325 ^ _01_/B (sky130_fd_sc_hd__nor2_2)
     2    0.035161    0.069262    0.072461    2.136786 v _01_/Y (sky130_fd_sc_hd__nor2_2)
                                                         bm_00_10[1] (net)
                      0.069262    0.000000    2.136786 v _08_/A (sky130_fd_sc_hd__buf_2)
     1    0.033442    0.061626    0.132482    2.269268 v _08_/X (sky130_fd_sc_hd__buf_2)
                                                         bm_01_00[1] (net)
                      0.061626    0.000000    2.269268 v bm_01_00[1] (out)
                                              2.269268   data arrival time

                      0.000000    0.000000    0.000000   clock __VIRTUAL_CLK__ (rise edge)
                                  0.000000    0.000000   clock network delay (ideal)
                                  0.250000    0.250000   clock uncertainty
                                  0.000000    0.250000   clock reconvergence pessimism
                                 -2.000000   -1.750000   output external delay
                                             -1.750000   data required time
---------------------------------------------------------------------------------------------
                                             -1.750000   data required time
                                             -2.269268   data arrival time
---------------------------------------------------------------------------------------------
                                              4.019268   slack (MET)


Startpoint: received[1] (input port clocked by __VIRTUAL_CLK__)
Endpoint: bm_00_10[0] (output port clocked by __VIRTUAL_CLK__)
Path Group: __VIRTUAL_CLK__
Path Type: min

Fanout         Cap        Slew       Delay        Time   Description
---------------------------------------------------------------------------------------------
                      0.000000    0.000000    0.000000   clock __VIRTUAL_CLK__ (rise edge)
                                  0.000000    0.000000   clock network delay (ideal)
                                  2.000000    2.000000 v input external delay
     6    0.024586    0.038928    0.026062    2.026062 v received[1] (in)
                                                         received[1] (net)
                      0.038928    0.000000    2.026062 v _02_/B (sky130_fd_sc_hd__xor2_2)
     4    0.038599    0.079684    0.145691    2.171753 v _02_/X (sky130_fd_sc_hd__xor2_2)
                                                         bm_00_00[0] (net)
                      0.079684    0.000000    2.171753 v _06_/A (sky130_fd_sc_hd__buf_2)
     1    0.033442    0.061676    0.136715    2.308468 v _06_/X (sky130_fd_sc_hd__buf_2)
                                                         bm_00_10[0] (net)
                      0.061676    0.000000    2.308468 v bm_00_10[0] (out)
                                              2.308468   data arrival time

                      0.000000    0.000000    0.000000   clock __VIRTUAL_CLK__ (rise edge)
                                  0.000000    0.000000   clock network delay (ideal)
                                  0.250000    0.250000   clock uncertainty
                                  0.000000    0.250000   clock reconvergence pessimism
                                 -2.000000   -1.750000   output external delay
                                             -1.750000   data required time
---------------------------------------------------------------------------------------------
                                             -1.750000   data required time
                                             -2.308468   data arrival time
---------------------------------------------------------------------------------------------
                                              4.058468   slack (MET)


Startpoint: received[1] (input port clocked by __VIRTUAL_CLK__)
Endpoint: bm_01_00[0] (output port clocked by __VIRTUAL_CLK__)
Path Group: __VIRTUAL_CLK__
Path Type: min

Fanout         Cap        Slew       Delay        Time   Description
---------------------------------------------------------------------------------------------
                      0.000000    0.000000    0.000000   clock __VIRTUAL_CLK__ (rise edge)
                                  0.000000    0.000000   clock network delay (ideal)
                                  2.000000    2.000000 v input external delay
     6    0.024586    0.038928    0.026062    2.026062 v received[1] (in)
                                                         received[1] (net)
                      0.038928    0.000000    2.026062 v _02_/B (sky130_fd_sc_hd__xor2_2)
     4    0.038599    0.079684    0.145691    2.171753 v _02_/X (sky130_fd_sc_hd__xor2_2)
                                                         bm_00_00[0] (net)
                      0.079684    0.000000    2.171753 v _07_/A (sky130_fd_sc_hd__buf_2)
     1    0.033442    0.061676    0.136715    2.308468 v _07_/X (sky130_fd_sc_hd__buf_2)
                                                         bm_01_00[0] (net)
                      0.061676    0.000000    2.308468 v bm_01_00[0] (out)
                                              2.308468   data arrival time

                      0.000000    0.000000    0.000000   clock __VIRTUAL_CLK__ (rise edge)
                                  0.000000    0.000000   clock network delay (ideal)
                                  0.250000    0.250000   clock uncertainty
                                  0.000000    0.250000   clock reconvergence pessimism
                                 -2.000000   -1.750000   output external delay
                                             -1.750000   data required time
---------------------------------------------------------------------------------------------
                                             -1.750000   data required time
                                             -2.308468   data arrival time
---------------------------------------------------------------------------------------------
                                              4.058468   slack (MET)


Startpoint: received[1] (input port clocked by __VIRTUAL_CLK__)
Endpoint: bm_01_10[0] (output port clocked by __VIRTUAL_CLK__)
Path Group: __VIRTUAL_CLK__
Path Type: min

Fanout         Cap        Slew       Delay        Time   Description
---------------------------------------------------------------------------------------------
                      0.000000    0.000000    0.000000   clock __VIRTUAL_CLK__ (rise edge)
                                  0.000000    0.000000   clock network delay (ideal)
                                  2.000000    2.000000 v input external delay
     6    0.024586    0.038928    0.026062    2.026062 v received[1] (in)
                                                         received[1] (net)
                      0.038928    0.000000    2.026062 v _02_/B (sky130_fd_sc_hd__xor2_2)
     4    0.038599    0.079684    0.145691    2.171753 v _02_/X (sky130_fd_sc_hd__xor2_2)
                                                         bm_00_00[0] (net)
                      0.079684    0.000000    2.171753 v _09_/A (sky130_fd_sc_hd__buf_2)
     1    0.033442    0.061676    0.136715    2.308468 v _09_/X (sky130_fd_sc_hd__buf_2)
                                                         bm_01_10[0] (net)
                      0.061676    0.000000    2.308468 v bm_01_10[0] (out)
                                              2.308468   data arrival time

                      0.000000    0.000000    0.000000   clock __VIRTUAL_CLK__ (rise edge)
                                  0.000000    0.000000   clock network delay (ideal)
                                  0.250000    0.250000   clock uncertainty
                                  0.000000    0.250000   clock reconvergence pessimism
                                 -2.000000   -1.750000   output external delay
                                             -1.750000   data required time
---------------------------------------------------------------------------------------------
                                             -1.750000   data required time
                                             -2.308468   data arrival time
---------------------------------------------------------------------------------------------
                                              4.058468   slack (MET)


Startpoint: received[0] (input port clocked by __VIRTUAL_CLK__)
Endpoint: bm_01_10[1] (output port clocked by __VIRTUAL_CLK__)
Path Group: __VIRTUAL_CLK__
Path Type: min

Fanout         Cap        Slew       Delay        Time   Description
---------------------------------------------------------------------------------------------
                      0.000000    0.000000    0.000000   clock __VIRTUAL_CLK__ (rise edge)
                                  0.000000    0.000000   clock network delay (ideal)
                                  2.000000    2.000000 v input external delay
     6    0.025755    0.040678    0.027356    2.027356 v received[0] (in)
                                                         received[0] (net)
                      0.040678    0.000000    2.027356 v _00_/A (sky130_fd_sc_hd__and2_2)
     2    0.035161    0.073198    0.160068    2.187424 v _00_/X (sky130_fd_sc_hd__and2_2)
                                                         bm_00_00[1] (net)
                      0.073198    0.000000    2.187424 v _10_/A (sky130_fd_sc_hd__buf_2)
     1    0.033442    0.061645    0.134080    2.321505 v _10_/X (sky130_fd_sc_hd__buf_2)
                                                         bm_01_10[1] (net)
                      0.061645    0.000000    2.321505 v bm_01_10[1] (out)
                                              2.321505   data arrival time

                      0.000000    0.000000    0.000000   clock __VIRTUAL_CLK__ (rise edge)
                                  0.000000    0.000000   clock network delay (ideal)
                                  0.250000    0.250000   clock uncertainty
                                  0.000000    0.250000   clock reconvergence pessimism
                                 -2.000000   -1.750000   output external delay
                                             -1.750000   data required time
---------------------------------------------------------------------------------------------
                                             -1.750000   data required time
                                             -2.321505   data arrival time
---------------------------------------------------------------------------------------------
                                              4.071505   slack (MET)


Startpoint: received[1] (input port clocked by __VIRTUAL_CLK__)
Endpoint: bm_10_11[0] (output port clocked by __VIRTUAL_CLK__)
Path Group: __VIRTUAL_CLK__
Path Type: min

Fanout         Cap        Slew       Delay        Time   Description
---------------------------------------------------------------------------------------------
                      0.000000    0.000000    0.000000   clock __VIRTUAL_CLK__ (rise edge)
                                  0.000000    0.000000   clock network delay (ideal)
                                  2.000000    2.000000 v input external delay
     6    0.024586    0.038928    0.026062    2.026062 v received[1] (in)
                                                         received[1] (net)
                      0.038928    0.000000    2.026062 v _03_/B (sky130_fd_sc_hd__xnor2_2)
     4    0.038599    0.114692    0.152054    2.178116 v _03_/Y (sky130_fd_sc_hd__xnor2_2)
                                                         bm_10_01[0] (net)
                      0.114692    0.000000    2.178116 v _11_/A (sky130_fd_sc_hd__buf_2)
     1    0.033442    0.061846    0.150936    2.329051 v _11_/X (sky130_fd_sc_hd__buf_2)
                                                         bm_10_11[0] (net)
                      0.061846    0.000000    2.329051 v bm_10_11[0] (out)
                                              2.329051   data arrival time

                      0.000000    0.000000    0.000000   clock __VIRTUAL_CLK__ (rise edge)
                                  0.000000    0.000000   clock network delay (ideal)
                                  0.250000    0.250000   clock uncertainty
                                  0.000000    0.250000   clock reconvergence pessimism
                                 -2.000000   -1.750000   output external delay
                                             -1.750000   data required time
---------------------------------------------------------------------------------------------
                                             -1.750000   data required time
                                             -2.329051   data arrival time
---------------------------------------------------------------------------------------------
                                              4.079051   slack (MET)


Startpoint: received[1] (input port clocked by __VIRTUAL_CLK__)
Endpoint: bm_11_01[0] (output port clocked by __VIRTUAL_CLK__)
Path Group: __VIRTUAL_CLK__
Path Type: min

Fanout         Cap        Slew       Delay        Time   Description
---------------------------------------------------------------------------------------------
                      0.000000    0.000000    0.000000   clock __VIRTUAL_CLK__ (rise edge)
                                  0.000000    0.000000   clock network delay (ideal)
                                  2.000000    2.000000 v input external delay
     6    0.024586    0.038928    0.026062    2.026062 v received[1] (in)
                                                         received[1] (net)
                      0.038928    0.000000    2.026062 v _03_/B (sky130_fd_sc_hd__xnor2_2)
     4    0.038599    0.114692    0.152054    2.178116 v _03_/Y (sky130_fd_sc_hd__xnor2_2)
                                                         bm_10_01[0] (net)
                      0.114692    0.000000    2.178116 v _12_/A (sky130_fd_sc_hd__buf_2)
     1    0.033442    0.061846    0.150936    2.329051 v _12_/X (sky130_fd_sc_hd__buf_2)
                                                         bm_11_01[0] (net)
                      0.061846    0.000000    2.329051 v bm_11_01[0] (out)
                                              2.329051   data arrival time

                      0.000000    0.000000    0.000000   clock __VIRTUAL_CLK__ (rise edge)
                                  0.000000    0.000000   clock network delay (ideal)
                                  0.250000    0.250000   clock uncertainty
                                  0.000000    0.250000   clock reconvergence pessimism
                                 -2.000000   -1.750000   output external delay
                                             -1.750000   data required time
---------------------------------------------------------------------------------------------
                                             -1.750000   data required time
                                             -2.329051   data arrival time
---------------------------------------------------------------------------------------------
                                              4.079051   slack (MET)


Startpoint: received[1] (input port clocked by __VIRTUAL_CLK__)
Endpoint: bm_11_11[0] (output port clocked by __VIRTUAL_CLK__)
Path Group: __VIRTUAL_CLK__
Path Type: min

Fanout         Cap        Slew       Delay        Time   Description
---------------------------------------------------------------------------------------------
                      0.000000    0.000000    0.000000   clock __VIRTUAL_CLK__ (rise edge)
                                  0.000000    0.000000   clock network delay (ideal)
                                  2.000000    2.000000 v input external delay
     6    0.024586    0.038928    0.026062    2.026062 v received[1] (in)
                                                         received[1] (net)
                      0.038928    0.000000    2.026062 v _03_/B (sky130_fd_sc_hd__xnor2_2)
     4    0.038599    0.114692    0.152054    2.178116 v _03_/Y (sky130_fd_sc_hd__xnor2_2)
                                                         bm_10_01[0] (net)
                      0.114692    0.000000    2.178116 v _14_/A (sky130_fd_sc_hd__buf_2)
     1    0.033442    0.061846    0.150936    2.329051 v _14_/X (sky130_fd_sc_hd__buf_2)
                                                         bm_11_11[0] (net)
                      0.061846    0.000000    2.329051 v bm_11_11[0] (out)
                                              2.329051   data arrival time

                      0.000000    0.000000    0.000000   clock __VIRTUAL_CLK__ (rise edge)
                                  0.000000    0.000000   clock network delay (ideal)
                                  0.250000    0.250000   clock uncertainty
                                  0.000000    0.250000   clock reconvergence pessimism
                                 -2.000000   -1.750000   output external delay
                                             -1.750000   data required time
---------------------------------------------------------------------------------------------
                                             -1.750000   data required time
                                             -2.329051   data arrival time
---------------------------------------------------------------------------------------------
                                              4.079051   slack (MET)


Startpoint: received[1] (input port clocked by __VIRTUAL_CLK__)
Endpoint: bm_11_01[1] (output port clocked by __VIRTUAL_CLK__)
Path Group: __VIRTUAL_CLK__
Path Type: min

Fanout         Cap        Slew       Delay        Time   Description
---------------------------------------------------------------------------------------------
                      0.000000    0.000000    0.000000   clock __VIRTUAL_CLK__ (rise edge)
                                  0.000000    0.000000   clock network delay (ideal)
                                  2.000000    2.000000 v input external delay
     6    0.024586    0.038928    0.026062    2.026062 v received[1] (in)
                                                         received[1] (net)
                      0.038928    0.000000    2.026062 v _04_/B (sky130_fd_sc_hd__and2b_2)
     2    0.035161    0.075173    0.175780    2.201842 v _04_/X (sky130_fd_sc_hd__and2b_2)
                                                         bm_10_11[1] (net)
                      0.075173    0.000000    2.201842 v _13_/A (sky130_fd_sc_hd__buf_2)
     1    0.033442    0.061655    0.134883    2.336725 v _13_/X (sky130_fd_sc_hd__buf_2)
                                                         bm_11_01[1] (net)
                      0.061655    0.000000    2.336725 v bm_11_01[1] (out)
                                              2.336725   data arrival time

                      0.000000    0.000000    0.000000   clock __VIRTUAL_CLK__ (rise edge)
                                  0.000000    0.000000   clock network delay (ideal)
                                  0.250000    0.250000   clock uncertainty
                                  0.000000    0.250000   clock reconvergence pessimism
                                 -2.000000   -1.750000   output external delay
                                             -1.750000   data required time
---------------------------------------------------------------------------------------------
                                             -1.750000   data required time
                                             -2.336725   data arrival time
---------------------------------------------------------------------------------------------
                                              4.086724   slack (MET)


Startpoint: received[0] (input port clocked by __VIRTUAL_CLK__)
Endpoint: bm_11_11[1] (output port clocked by __VIRTUAL_CLK__)
Path Group: __VIRTUAL_CLK__
Path Type: min

Fanout         Cap        Slew       Delay        Time   Description
---------------------------------------------------------------------------------------------
                      0.000000    0.000000    0.000000   clock __VIRTUAL_CLK__ (rise edge)
                                  0.000000    0.000000   clock network delay (ideal)
                                  2.000000    2.000000 v input external delay
     6    0.025755    0.040678    0.027356    2.027356 v received[0] (in)
                                                         received[0] (net)
                      0.040678    0.000000    2.027356 v _05_/B (sky130_fd_sc_hd__and2b_2)
     2    0.035161    0.075170    0.176464    2.203820 v _05_/X (sky130_fd_sc_hd__and2b_2)
                                                         bm_10_01[1] (net)
                      0.075170    0.000000    2.203820 v _15_/A (sky130_fd_sc_hd__buf_2)
     1    0.033442    0.061655    0.134881    2.338701 v _15_/X (sky130_fd_sc_hd__buf_2)
                                                         bm_11_11[1] (net)
                      0.061655    0.000000    2.338701 v bm_11_11[1] (out)
                                              2.338701   data arrival time

                      0.000000    0.000000    0.000000   clock __VIRTUAL_CLK__ (rise edge)
                                  0.000000    0.000000   clock network delay (ideal)
                                  0.250000    0.250000   clock uncertainty
                                  0.000000    0.250000   clock reconvergence pessimism
                                 -2.000000   -1.750000   output external delay
                                             -1.750000   data required time
---------------------------------------------------------------------------------------------
                                             -1.750000   data required time
                                             -2.338701   data arrival time
---------------------------------------------------------------------------------------------
                                              4.088702   slack (MET)



