Clock: clk
Sources: clk 
Generated: no
Virtual: yes
Propagated: no
Period: 100.000000

===========================================================================
report_clock_properties
============================================================================
Clock                   Period          Waveform
----------------------------------------------------
clk                 100.000000    0.000000 50.000000

===========================================================================
report_clock_latency
============================================================================
Clock clk
rise -> rise
    min     max
0.000000 0.000000 source latency
0.368537         network latency CTRL/clk
        0.366397 network latency SMU_Top/clk
---------------
0.368537 0.366397 latency
        -0.002140 skew

fall -> fall
    min     max
0.000000 0.000000 source latency
0.339600         network latency CTRL/clk
        0.337216 network latency SMU_Top/clk
---------------
0.339600 0.337216 latency
        -0.002384 skew



===========================================================================
report_clock_min_period
============================================================================
clk period_min = 8.78 fmax = 113.86
