Clock: clk
Sources: clk 
Generated: no
Virtual: yes
Propagated: no
Period: 100.000000

===========================================================================
report_clock_properties
============================================================================
Clock                   Period          Waveform
----------------------------------------------------
clk                 100.000000    0.000000 50.000000

===========================================================================
report_clock_latency
============================================================================
Clock clk
rise -> rise
    min     max
0.000000 0.000000 source latency
0.211113         network latency _303_/CLK
        0.213268 network latency _299_/CLK
---------------
0.211113 0.213268 latency
        0.002155 skew

fall -> fall
    min     max
0.000000 0.000000 source latency
0.204722         network latency _303_/CLK
        0.206708 network latency _299_/CLK
---------------
0.204722 0.206708 latency
        0.001986 skew



===========================================================================
report_clock_min_period
============================================================================
clk period_min = 1.79 fmax = 559.78
