Clock: clk
Sources: clk 
Generated: no
Virtual: yes
Propagated: no
Period: 100.000000

===========================================================================
report_clock_properties
============================================================================
Clock                   Period          Waveform
----------------------------------------------------
clk                 100.000000    0.000000 50.000000

===========================================================================
report_clock_latency
============================================================================
Clock clk
rise -> rise
    min     max
0.000000 0.000000 source latency
0.383573         network latency CTRL/clk
        0.378037 network latency SMU_Top/clk
---------------
0.383573 0.378037 latency
        -0.005537 skew

fall -> fall
    min     max
0.000000 0.000000 source latency
0.349075         network latency CTRL/clk
        0.343963 network latency SMU_Top/clk
---------------
0.349075 0.343963 latency
        -0.005112 skew



===========================================================================
report_clock_min_period
============================================================================
clk period_min = 8.82 fmax = 113.35
