Clock: clk
Sources: clk 
Generated: no
Virtual: yes
Propagated: no
Period: 100.000000

===========================================================================
report_clock_properties
============================================================================
Clock                   Period          Waveform
----------------------------------------------------
clk                 100.000000    0.000000 50.000000

===========================================================================
report_clock_latency
============================================================================
Clock clk
rise -> rise
    min     max
0.000000 0.000000 source latency
0.257801         network latency _107_/CLK
        0.258892 network latency _109_/CLK
---------------
0.257801 0.258892 latency
        0.001091 skew

fall -> fall
    min     max
0.000000 0.000000 source latency
0.124111         network latency _107_/CLK
        0.125130 network latency _109_/CLK
---------------
0.124111 0.125130 latency
        0.001020 skew



===========================================================================
report_clock_min_period
============================================================================
clk period_min = 1.43 fmax = 697.54
