Clock: clk
Sources: clk 
Generated: no
Virtual: yes
Propagated: no
Period: 100.000000

===========================================================================
report_clock_properties
============================================================================
Clock                   Period          Waveform
----------------------------------------------------
clk                 100.000000    0.000000 50.000000

===========================================================================
report_clock_latency
============================================================================
Clock clk
rise -> rise
    min     max
0.000000 0.000000 source latency
0.334452         network latency _096_/CLK
        0.340434 network latency _101_/CLK
---------------
0.334452 0.340434 latency
        0.005982 skew

fall -> fall
    min     max
0.000000 0.000000 source latency
0.322132         network latency _096_/CLK
        0.327852 network latency _101_/CLK
---------------
0.322132 0.327852 latency
        0.005720 skew



===========================================================================
report_clock_min_period
============================================================================
clk period_min = 2.16 fmax = 462.83
